[2023-12-17T11:18:33.386+0000] {logging_mixin.py:154} INFO - Changing /opt/***/logs/dag_id=air_quality/run_id=scheduled__2023-11-26T04:00:00+00:00/task_id=Create_Table permission to 509
[2023-12-17T11:18:33.389+0000] {logging_mixin.py:154} INFO - Failed to change /opt/***/logs/dag_id=air_quality/run_id=scheduled__2023-11-26T04:00:00+00:00/task_id=Create_Table permission to 509: [Errno 1] Operation not permitted: '/opt/***/logs/dag_id=air_quality/run_id=scheduled__2023-11-26T04:00:00+00:00/task_id=Create_Table'
[2023-12-17T11:18:33.565+0000] {logging_mixin.py:154} INFO - Changing /opt/***/logs/dag_id=air_quality/run_id=scheduled__2023-11-26T04:00:00+00:00/task_id=Create_Table permission to 509
[2023-12-17T11:18:33.574+0000] {logging_mixin.py:154} INFO - Failed to change /opt/***/logs/dag_id=air_quality/run_id=scheduled__2023-11-26T04:00:00+00:00/task_id=Create_Table permission to 509: [Errno 1] Operation not permitted: '/opt/***/logs/dag_id=air_quality/run_id=scheduled__2023-11-26T04:00:00+00:00/task_id=Create_Table'
[2023-12-17T11:18:33.741+0000] {taskinstance.py:1159} INFO - Dependencies all met for dep_context=non-requeueable deps ti=<TaskInstance: air_quality.Create_Table scheduled__2023-11-26T04:00:00+00:00 [queued]>
[2023-12-17T11:18:33.800+0000] {taskinstance.py:1159} INFO - Dependencies all met for dep_context=requeueable deps ti=<TaskInstance: air_quality.Create_Table scheduled__2023-11-26T04:00:00+00:00 [queued]>
[2023-12-17T11:18:33.801+0000] {taskinstance.py:1361} INFO - Starting attempt 1 of 2
[2023-12-17T11:18:33.922+0000] {taskinstance.py:1382} INFO - Executing <Task(PythonOperator): Create_Table> on 2023-11-26 04:00:00+00:00
[2023-12-17T11:18:33.933+0000] {standard_task_runner.py:57} INFO - Started process 2055 to run task
[2023-12-17T11:18:33.983+0000] {standard_task_runner.py:84} INFO - Running: ['***', 'tasks', 'run', 'air_quality', 'Create_Table', 'scheduled__2023-11-26T04:00:00+00:00', '--job-id', '324', '--raw', '--subdir', 'DAGS_FOLDER/airQuality.py', '--cfg-path', '/tmp/tmpwiktjbk1']
[2023-12-17T11:18:33.986+0000] {standard_task_runner.py:85} INFO - Job 324: Subtask Create_Table
[2023-12-17T11:18:34.138+0000] {logging_mixin.py:154} INFO - Changing /opt/***/logs/dag_id=air_quality/run_id=scheduled__2023-11-26T04:00:00+00:00/task_id=Create_Table permission to 509
[2023-12-17T11:18:34.158+0000] {logging_mixin.py:154} INFO - Failed to change /opt/***/logs/dag_id=air_quality/run_id=scheduled__2023-11-26T04:00:00+00:00/task_id=Create_Table permission to 509: [Errno 1] Operation not permitted: '/opt/***/logs/dag_id=air_quality/run_id=scheduled__2023-11-26T04:00:00+00:00/task_id=Create_Table'
[2023-12-17T11:18:34.167+0000] {task_command.py:416} INFO - Running <TaskInstance: air_quality.Create_Table scheduled__2023-11-26T04:00:00+00:00 [running]> on host 1a58977f5573
[2023-12-17T11:18:34.630+0000] {taskinstance.py:1662} INFO - Exporting env vars: AIRFLOW_CTX_DAG_OWNER='ghifari' AIRFLOW_CTX_DAG_ID='air_quality' AIRFLOW_CTX_TASK_ID='Create_Table' AIRFLOW_CTX_EXECUTION_DATE='2023-11-26T04:00:00+00:00' AIRFLOW_CTX_TRY_NUMBER='1' AIRFLOW_CTX_DAG_RUN_ID='scheduled__2023-11-26T04:00:00+00:00'
[2023-12-17T11:18:34.685+0000] {base.py:73} INFO - Using connection ID 'neonServerDB-Postgres' for task execution.
[2023-12-17T11:18:35.643+0000] {airQuality.py:160} INFO - Table air_quality Already Exist
[2023-12-17T11:18:35.699+0000] {python.py:194} INFO - Done. Returned value was: 
        CREATE TABLE air_quality (
            id serial primary key, 
            city varchar(250),
            country varchar(250), 
            unit varchar(20), 
            last_value float8, 
            lat float8,
            lng float8
        )
    
[2023-12-17T11:18:35.752+0000] {taskinstance.py:1400} INFO - Marking task as SUCCESS. dag_id=air_quality, task_id=Create_Table, execution_date=20231126T040000, start_date=20231217T111833, end_date=20231217T111835
[2023-12-17T11:18:36.078+0000] {local_task_job_runner.py:228} INFO - Task exited with return code 0
[2023-12-17T11:18:36.140+0000] {taskinstance.py:2778} INFO - 1 downstream tasks scheduled from follow-on schedule check
[2023-12-28T16:54:14.370+0000] {logging_mixin.py:154} INFO - Changing /opt/***/logs/dag_id=air_quality/run_id=scheduled__2023-11-26T04:00:00+00:00/task_id=Create_Table permission to 509
[2023-12-28T16:54:14.379+0000] {logging_mixin.py:154} INFO - Failed to change /opt/***/logs/dag_id=air_quality/run_id=scheduled__2023-11-26T04:00:00+00:00/task_id=Create_Table permission to 509: [Errno 1] Operation not permitted: '/opt/***/logs/dag_id=air_quality/run_id=scheduled__2023-11-26T04:00:00+00:00/task_id=Create_Table'
[2023-12-28T16:54:14.580+0000] {logging_mixin.py:154} INFO - Changing /opt/***/logs/dag_id=air_quality/run_id=scheduled__2023-11-26T04:00:00+00:00/task_id=Create_Table permission to 509
[2023-12-28T16:54:14.582+0000] {logging_mixin.py:154} INFO - Failed to change /opt/***/logs/dag_id=air_quality/run_id=scheduled__2023-11-26T04:00:00+00:00/task_id=Create_Table permission to 509: [Errno 1] Operation not permitted: '/opt/***/logs/dag_id=air_quality/run_id=scheduled__2023-11-26T04:00:00+00:00/task_id=Create_Table'
[2023-12-28T16:54:14.894+0000] {taskinstance.py:1159} INFO - Dependencies all met for dep_context=non-requeueable deps ti=<TaskInstance: air_quality.Create_Table scheduled__2023-11-26T04:00:00+00:00 [queued]>
[2023-12-28T16:54:14.962+0000] {taskinstance.py:1159} INFO - Dependencies all met for dep_context=requeueable deps ti=<TaskInstance: air_quality.Create_Table scheduled__2023-11-26T04:00:00+00:00 [queued]>
[2023-12-28T16:54:14.964+0000] {taskinstance.py:1361} INFO - Starting attempt 1 of 2
[2023-12-28T16:54:15.117+0000] {taskinstance.py:1382} INFO - Executing <Task(PythonOperator): Create_Table> on 2023-11-26 04:00:00+00:00
[2023-12-28T16:54:15.127+0000] {standard_task_runner.py:57} INFO - Started process 876 to run task
[2023-12-28T16:54:15.154+0000] {standard_task_runner.py:84} INFO - Running: ['***', 'tasks', 'run', 'air_quality', 'Create_Table', 'scheduled__2023-11-26T04:00:00+00:00', '--job-id', '1043', '--raw', '--subdir', 'DAGS_FOLDER/airQuality.py', '--cfg-path', '/tmp/tmpecl4d8i_']
[2023-12-28T16:54:15.169+0000] {standard_task_runner.py:85} INFO - Job 1043: Subtask Create_Table
[2023-12-28T16:54:15.423+0000] {logging_mixin.py:154} INFO - Changing /opt/***/logs/dag_id=air_quality/run_id=scheduled__2023-11-26T04:00:00+00:00/task_id=Create_Table permission to 509
[2023-12-28T16:54:15.440+0000] {logging_mixin.py:154} INFO - Failed to change /opt/***/logs/dag_id=air_quality/run_id=scheduled__2023-11-26T04:00:00+00:00/task_id=Create_Table permission to 509: [Errno 1] Operation not permitted: '/opt/***/logs/dag_id=air_quality/run_id=scheduled__2023-11-26T04:00:00+00:00/task_id=Create_Table'
[2023-12-28T16:54:15.445+0000] {task_command.py:416} INFO - Running <TaskInstance: air_quality.Create_Table scheduled__2023-11-26T04:00:00+00:00 [running]> on host d67dd4682ccf
[2023-12-28T16:54:15.921+0000] {taskinstance.py:1662} INFO - Exporting env vars: AIRFLOW_CTX_DAG_OWNER='ghifari' AIRFLOW_CTX_DAG_ID='air_quality' AIRFLOW_CTX_TASK_ID='Create_Table' AIRFLOW_CTX_EXECUTION_DATE='2023-11-26T04:00:00+00:00' AIRFLOW_CTX_TRY_NUMBER='1' AIRFLOW_CTX_DAG_RUN_ID='scheduled__2023-11-26T04:00:00+00:00'
[2023-12-28T16:54:15.994+0000] {base.py:73} INFO - Using connection ID 'neonServerDB-Postgres' for task execution.
[2023-12-28T16:54:20.263+0000] {airQuality.py:139} INFO - Table air_quality Already Exist
[2023-12-28T16:54:20.333+0000] {python.py:194} INFO - Done. Returned value was: 
        CREATE TABLE air_quality (
            id serial primary key, 
            city varchar(250),
            country varchar(250), 
            unit varchar(20), 
            last_value float8, 
            lat float8,
            lng float8
        )
    
[2023-12-28T16:54:20.450+0000] {taskinstance.py:1400} INFO - Marking task as SUCCESS. dag_id=air_quality, task_id=Create_Table, execution_date=20231126T040000, start_date=20231228T165414, end_date=20231228T165420
[2023-12-28T16:54:20.600+0000] {local_task_job_runner.py:228} INFO - Task exited with return code 0
[2023-12-28T16:54:20.737+0000] {taskinstance.py:2778} INFO - 1 downstream tasks scheduled from follow-on schedule check
