[2023-12-17T11:18:20.022+0000] {logging_mixin.py:154} INFO - Changing /opt/***/logs/dag_id=air_quality/run_id=scheduled__2023-11-28T04:00:00+00:00/task_id=Extract permission to 509
[2023-12-17T11:18:20.027+0000] {logging_mixin.py:154} INFO - Failed to change /opt/***/logs/dag_id=air_quality/run_id=scheduled__2023-11-28T04:00:00+00:00/task_id=Extract permission to 509: [Errno 1] Operation not permitted: '/opt/***/logs/dag_id=air_quality/run_id=scheduled__2023-11-28T04:00:00+00:00/task_id=Extract'
[2023-12-17T11:18:20.154+0000] {logging_mixin.py:154} INFO - Changing /opt/***/logs/dag_id=air_quality/run_id=scheduled__2023-11-28T04:00:00+00:00/task_id=Extract permission to 509
[2023-12-17T11:18:20.155+0000] {logging_mixin.py:154} INFO - Failed to change /opt/***/logs/dag_id=air_quality/run_id=scheduled__2023-11-28T04:00:00+00:00/task_id=Extract permission to 509: [Errno 1] Operation not permitted: '/opt/***/logs/dag_id=air_quality/run_id=scheduled__2023-11-28T04:00:00+00:00/task_id=Extract'
[2023-12-17T11:18:20.240+0000] {taskinstance.py:1159} INFO - Dependencies all met for dep_context=non-requeueable deps ti=<TaskInstance: air_quality.Extract scheduled__2023-11-28T04:00:00+00:00 [queued]>
[2023-12-17T11:18:20.261+0000] {taskinstance.py:1159} INFO - Dependencies all met for dep_context=requeueable deps ti=<TaskInstance: air_quality.Extract scheduled__2023-11-28T04:00:00+00:00 [queued]>
[2023-12-17T11:18:20.265+0000] {taskinstance.py:1361} INFO - Starting attempt 1 of 2
[2023-12-17T11:18:20.325+0000] {taskinstance.py:1382} INFO - Executing <Task(PythonOperator): Extract> on 2023-11-28 04:00:00+00:00
[2023-12-17T11:18:20.338+0000] {standard_task_runner.py:57} INFO - Started process 1973 to run task
[2023-12-17T11:18:20.348+0000] {standard_task_runner.py:84} INFO - Running: ['***', 'tasks', 'run', 'air_quality', 'Extract', 'scheduled__2023-11-28T04:00:00+00:00', '--job-id', '289', '--raw', '--subdir', 'DAGS_FOLDER/airQuality.py', '--cfg-path', '/tmp/tmpz3sw220m']
[2023-12-17T11:18:20.352+0000] {standard_task_runner.py:85} INFO - Job 289: Subtask Extract
[2023-12-17T11:18:20.547+0000] {logging_mixin.py:154} INFO - Changing /opt/***/logs/dag_id=air_quality/run_id=scheduled__2023-11-28T04:00:00+00:00/task_id=Extract permission to 509
[2023-12-17T11:18:20.551+0000] {logging_mixin.py:154} INFO - Failed to change /opt/***/logs/dag_id=air_quality/run_id=scheduled__2023-11-28T04:00:00+00:00/task_id=Extract permission to 509: [Errno 1] Operation not permitted: '/opt/***/logs/dag_id=air_quality/run_id=scheduled__2023-11-28T04:00:00+00:00/task_id=Extract'
[2023-12-17T11:18:20.558+0000] {task_command.py:416} INFO - Running <TaskInstance: air_quality.Extract scheduled__2023-11-28T04:00:00+00:00 [running]> on host 1a58977f5573
[2023-12-17T11:18:20.836+0000] {taskinstance.py:1662} INFO - Exporting env vars: AIRFLOW_CTX_DAG_OWNER='ghifari' AIRFLOW_CTX_DAG_ID='air_quality' AIRFLOW_CTX_TASK_ID='Extract' AIRFLOW_CTX_EXECUTION_DATE='2023-11-28T04:00:00+00:00' AIRFLOW_CTX_TRY_NUMBER='1' AIRFLOW_CTX_DAG_RUN_ID='scheduled__2023-11-28T04:00:00+00:00'
[2023-12-17T11:18:20.974+0000] {python.py:194} INFO - Done. Returned value was: {'city': ['Jakarta'], 'country': ['ID'], 'unit': ['o3'], 'last_value': [-0.999], 'lat': [-6.182536], 'lng': [106.834236]}
[2023-12-17T11:18:21.044+0000] {taskinstance.py:1400} INFO - Marking task as SUCCESS. dag_id=air_quality, task_id=Extract, execution_date=20231128T040000, start_date=20231217T111820, end_date=20231217T111821
[2023-12-17T11:18:21.106+0000] {local_task_job_runner.py:228} INFO - Task exited with return code 0
[2023-12-17T11:18:21.188+0000] {taskinstance.py:2778} INFO - 1 downstream tasks scheduled from follow-on schedule check
[2023-12-28T16:51:28.535+0000] {logging_mixin.py:154} INFO - Changing /opt/***/logs/dag_id=air_quality/run_id=scheduled__2023-11-28T04:00:00+00:00/task_id=Extract permission to 509
[2023-12-28T16:51:28.537+0000] {logging_mixin.py:154} INFO - Failed to change /opt/***/logs/dag_id=air_quality/run_id=scheduled__2023-11-28T04:00:00+00:00/task_id=Extract permission to 509: [Errno 1] Operation not permitted: '/opt/***/logs/dag_id=air_quality/run_id=scheduled__2023-11-28T04:00:00+00:00/task_id=Extract'
[2023-12-28T16:51:28.627+0000] {logging_mixin.py:154} INFO - Changing /opt/***/logs/dag_id=air_quality/run_id=scheduled__2023-11-28T04:00:00+00:00/task_id=Extract permission to 509
[2023-12-28T16:51:28.628+0000] {logging_mixin.py:154} INFO - Failed to change /opt/***/logs/dag_id=air_quality/run_id=scheduled__2023-11-28T04:00:00+00:00/task_id=Extract permission to 509: [Errno 1] Operation not permitted: '/opt/***/logs/dag_id=air_quality/run_id=scheduled__2023-11-28T04:00:00+00:00/task_id=Extract'
[2023-12-28T16:51:28.706+0000] {taskinstance.py:1159} INFO - Dependencies all met for dep_context=non-requeueable deps ti=<TaskInstance: air_quality.Extract scheduled__2023-11-28T04:00:00+00:00 [queued]>
[2023-12-28T16:51:28.725+0000] {taskinstance.py:1159} INFO - Dependencies all met for dep_context=requeueable deps ti=<TaskInstance: air_quality.Extract scheduled__2023-11-28T04:00:00+00:00 [queued]>
[2023-12-28T16:51:28.726+0000] {taskinstance.py:1361} INFO - Starting attempt 1 of 2
[2023-12-28T16:51:28.759+0000] {taskinstance.py:1382} INFO - Executing <Task(PythonOperator): Extract> on 2023-11-28 04:00:00+00:00
[2023-12-28T16:51:28.769+0000] {standard_task_runner.py:57} INFO - Started process 94 to run task
[2023-12-28T16:51:28.782+0000] {standard_task_runner.py:84} INFO - Running: ['***', 'tasks', 'run', 'air_quality', 'Extract', 'scheduled__2023-11-28T04:00:00+00:00', '--job-id', '803', '--raw', '--subdir', 'DAGS_FOLDER/airQuality.py', '--cfg-path', '/tmp/tmpo95_am7k']
[2023-12-28T16:51:28.785+0000] {standard_task_runner.py:85} INFO - Job 803: Subtask Extract
[2023-12-28T16:51:28.977+0000] {logging_mixin.py:154} INFO - Changing /opt/***/logs/dag_id=air_quality/run_id=scheduled__2023-11-28T04:00:00+00:00/task_id=Extract permission to 509
[2023-12-28T16:51:28.978+0000] {logging_mixin.py:154} INFO - Failed to change /opt/***/logs/dag_id=air_quality/run_id=scheduled__2023-11-28T04:00:00+00:00/task_id=Extract permission to 509: [Errno 1] Operation not permitted: '/opt/***/logs/dag_id=air_quality/run_id=scheduled__2023-11-28T04:00:00+00:00/task_id=Extract'
[2023-12-28T16:51:28.981+0000] {task_command.py:416} INFO - Running <TaskInstance: air_quality.Extract scheduled__2023-11-28T04:00:00+00:00 [running]> on host d67dd4682ccf
[2023-12-28T16:51:29.156+0000] {taskinstance.py:1662} INFO - Exporting env vars: AIRFLOW_CTX_DAG_OWNER='ghifari' AIRFLOW_CTX_DAG_ID='air_quality' AIRFLOW_CTX_TASK_ID='Extract' AIRFLOW_CTX_EXECUTION_DATE='2023-11-28T04:00:00+00:00' AIRFLOW_CTX_TRY_NUMBER='1' AIRFLOW_CTX_DAG_RUN_ID='scheduled__2023-11-28T04:00:00+00:00'
[2023-12-28T16:51:29.275+0000] {python.py:194} INFO - Done. Returned value was: {'city': ['Jakarta'], 'country': ['ID'], 'unit': ['o3'], 'last_value': [-0.999], 'lat': [-6.182536], 'lng': [106.834236]}
[2023-12-28T16:51:29.329+0000] {taskinstance.py:1400} INFO - Marking task as SUCCESS. dag_id=air_quality, task_id=Extract, execution_date=20231128T040000, start_date=20231228T165128, end_date=20231228T165129
[2023-12-28T16:51:29.398+0000] {local_task_job_runner.py:228} INFO - Task exited with return code 0
[2023-12-28T16:51:29.457+0000] {taskinstance.py:2778} INFO - 1 downstream tasks scheduled from follow-on schedule check
[2023-12-28T16:54:01.995+0000] {logging_mixin.py:154} INFO - Changing /opt/***/logs/dag_id=air_quality/run_id=scheduled__2023-11-28T04:00:00+00:00/task_id=Extract permission to 509
[2023-12-28T16:54:01.997+0000] {logging_mixin.py:154} INFO - Failed to change /opt/***/logs/dag_id=air_quality/run_id=scheduled__2023-11-28T04:00:00+00:00/task_id=Extract permission to 509: [Errno 1] Operation not permitted: '/opt/***/logs/dag_id=air_quality/run_id=scheduled__2023-11-28T04:00:00+00:00/task_id=Extract'
[2023-12-28T16:54:02.060+0000] {logging_mixin.py:154} INFO - Changing /opt/***/logs/dag_id=air_quality/run_id=scheduled__2023-11-28T04:00:00+00:00/task_id=Extract permission to 509
[2023-12-28T16:54:02.061+0000] {logging_mixin.py:154} INFO - Failed to change /opt/***/logs/dag_id=air_quality/run_id=scheduled__2023-11-28T04:00:00+00:00/task_id=Extract permission to 509: [Errno 1] Operation not permitted: '/opt/***/logs/dag_id=air_quality/run_id=scheduled__2023-11-28T04:00:00+00:00/task_id=Extract'
[2023-12-28T16:54:02.121+0000] {taskinstance.py:1159} INFO - Dependencies all met for dep_context=non-requeueable deps ti=<TaskInstance: air_quality.Extract scheduled__2023-11-28T04:00:00+00:00 [queued]>
[2023-12-28T16:54:02.141+0000] {taskinstance.py:1159} INFO - Dependencies all met for dep_context=requeueable deps ti=<TaskInstance: air_quality.Extract scheduled__2023-11-28T04:00:00+00:00 [queued]>
[2023-12-28T16:54:02.143+0000] {taskinstance.py:1361} INFO - Starting attempt 1 of 2
[2023-12-28T16:54:02.171+0000] {taskinstance.py:1382} INFO - Executing <Task(PythonOperator): Extract> on 2023-11-28 04:00:00+00:00
[2023-12-28T16:54:02.180+0000] {standard_task_runner.py:57} INFO - Started process 786 to run task
[2023-12-28T16:54:02.189+0000] {standard_task_runner.py:84} INFO - Running: ['***', 'tasks', 'run', 'air_quality', 'Extract', 'scheduled__2023-11-28T04:00:00+00:00', '--job-id', '1008', '--raw', '--subdir', 'DAGS_FOLDER/airQuality.py', '--cfg-path', '/tmp/tmp58ar8l84']
[2023-12-28T16:54:02.191+0000] {standard_task_runner.py:85} INFO - Job 1008: Subtask Extract
[2023-12-28T16:54:02.280+0000] {logging_mixin.py:154} INFO - Changing /opt/***/logs/dag_id=air_quality/run_id=scheduled__2023-11-28T04:00:00+00:00/task_id=Extract permission to 509
[2023-12-28T16:54:02.281+0000] {logging_mixin.py:154} INFO - Failed to change /opt/***/logs/dag_id=air_quality/run_id=scheduled__2023-11-28T04:00:00+00:00/task_id=Extract permission to 509: [Errno 1] Operation not permitted: '/opt/***/logs/dag_id=air_quality/run_id=scheduled__2023-11-28T04:00:00+00:00/task_id=Extract'
[2023-12-28T16:54:02.284+0000] {task_command.py:416} INFO - Running <TaskInstance: air_quality.Extract scheduled__2023-11-28T04:00:00+00:00 [running]> on host d67dd4682ccf
[2023-12-28T16:54:02.462+0000] {taskinstance.py:1662} INFO - Exporting env vars: AIRFLOW_CTX_DAG_OWNER='ghifari' AIRFLOW_CTX_DAG_ID='air_quality' AIRFLOW_CTX_TASK_ID='Extract' AIRFLOW_CTX_EXECUTION_DATE='2023-11-28T04:00:00+00:00' AIRFLOW_CTX_TRY_NUMBER='1' AIRFLOW_CTX_DAG_RUN_ID='scheduled__2023-11-28T04:00:00+00:00'
[2023-12-28T16:54:02.574+0000] {python.py:194} INFO - Done. Returned value was: {'city': ['Jakarta'], 'country': ['ID'], 'unit': ['o3'], 'last_value': [-0.999], 'lat': [-6.182536], 'lng': [106.834236]}
[2023-12-28T16:54:02.621+0000] {taskinstance.py:1400} INFO - Marking task as SUCCESS. dag_id=air_quality, task_id=Extract, execution_date=20231128T040000, start_date=20231228T165402, end_date=20231228T165402
[2023-12-28T16:54:02.681+0000] {local_task_job_runner.py:228} INFO - Task exited with return code 0
[2023-12-28T16:54:02.940+0000] {taskinstance.py:2778} INFO - 0 downstream tasks scheduled from follow-on schedule check
