[2023-12-28T16:14:15.317+0000] {logging_mixin.py:154} INFO - Changing /opt/***/logs/dag_id=air_quality/run_id=scheduled__2023-12-19T04:00:00+00:00/task_id=Create_Table permission to 509
[2023-12-28T16:14:15.328+0000] {logging_mixin.py:154} INFO - Failed to change /opt/***/logs/dag_id=air_quality/run_id=scheduled__2023-12-19T04:00:00+00:00/task_id=Create_Table permission to 509: [Errno 1] Operation not permitted: '/opt/***/logs/dag_id=air_quality/run_id=scheduled__2023-12-19T04:00:00+00:00/task_id=Create_Table'
[2023-12-28T16:14:15.455+0000] {logging_mixin.py:154} INFO - Changing /opt/***/logs/dag_id=air_quality/run_id=scheduled__2023-12-19T04:00:00+00:00/task_id=Create_Table permission to 509
[2023-12-28T16:14:15.461+0000] {logging_mixin.py:154} INFO - Failed to change /opt/***/logs/dag_id=air_quality/run_id=scheduled__2023-12-19T04:00:00+00:00/task_id=Create_Table permission to 509: [Errno 1] Operation not permitted: '/opt/***/logs/dag_id=air_quality/run_id=scheduled__2023-12-19T04:00:00+00:00/task_id=Create_Table'
[2023-12-28T16:14:15.679+0000] {taskinstance.py:1159} INFO - Dependencies all met for dep_context=non-requeueable deps ti=<TaskInstance: air_quality.Create_Table scheduled__2023-12-19T04:00:00+00:00 [queued]>
[2023-12-28T16:14:15.720+0000] {taskinstance.py:1159} INFO - Dependencies all met for dep_context=requeueable deps ti=<TaskInstance: air_quality.Create_Table scheduled__2023-12-19T04:00:00+00:00 [queued]>
[2023-12-28T16:14:15.722+0000] {taskinstance.py:1361} INFO - Starting attempt 2 of 2
[2023-12-28T16:14:15.785+0000] {taskinstance.py:1382} INFO - Executing <Task(PythonOperator): Create_Table> on 2023-12-19 04:00:00+00:00
[2023-12-28T16:14:15.799+0000] {standard_task_runner.py:57} INFO - Started process 753 to run task
[2023-12-28T16:14:15.820+0000] {standard_task_runner.py:84} INFO - Running: ['***', 'tasks', 'run', 'air_quality', 'Create_Table', 'scheduled__2023-12-19T04:00:00+00:00', '--job-id', '791', '--raw', '--subdir', 'DAGS_FOLDER/airQuality.py', '--cfg-path', '/tmp/tmp1_k8rp_c']
[2023-12-28T16:14:15.824+0000] {standard_task_runner.py:85} INFO - Job 791: Subtask Create_Table
[2023-12-28T16:14:15.998+0000] {logging_mixin.py:154} INFO - Changing /opt/***/logs/dag_id=air_quality/run_id=scheduled__2023-12-19T04:00:00+00:00/task_id=Create_Table permission to 509
[2023-12-28T16:14:16.002+0000] {logging_mixin.py:154} INFO - Failed to change /opt/***/logs/dag_id=air_quality/run_id=scheduled__2023-12-19T04:00:00+00:00/task_id=Create_Table permission to 509: [Errno 1] Operation not permitted: '/opt/***/logs/dag_id=air_quality/run_id=scheduled__2023-12-19T04:00:00+00:00/task_id=Create_Table'
[2023-12-28T16:14:16.007+0000] {task_command.py:416} INFO - Running <TaskInstance: air_quality.Create_Table scheduled__2023-12-19T04:00:00+00:00 [running]> on host d67dd4682ccf
[2023-12-28T16:14:16.295+0000] {taskinstance.py:1662} INFO - Exporting env vars: AIRFLOW_CTX_DAG_OWNER='ghifari' AIRFLOW_CTX_DAG_ID='air_quality' AIRFLOW_CTX_TASK_ID='Create_Table' AIRFLOW_CTX_EXECUTION_DATE='2023-12-19T04:00:00+00:00' AIRFLOW_CTX_TRY_NUMBER='2' AIRFLOW_CTX_DAG_RUN_ID='scheduled__2023-12-19T04:00:00+00:00'
[2023-12-28T16:14:16.323+0000] {base.py:73} INFO - Using connection ID 'neonServerDB-Postgres' for task execution.
[2023-12-28T16:14:21.536+0000] {taskinstance.py:1937} ERROR - Task failed with exception
Traceback (most recent call last):
  File "/home/airflow/.local/lib/python3.8/site-packages/airflow/operators/python.py", line 192, in execute
    return_value = self.execute_callable()
  File "/home/airflow/.local/lib/python3.8/site-packages/airflow/operators/python.py", line 209, in execute_callable
    return self.python_callable(*self.op_args, **self.op_kwargs)
  File "/opt/airflow/dags/airQuality.py", line 133, in createTableSQL
    cursor.execute(createQuery)
psycopg2.errors.UniqueViolation: duplicate key value violates unique constraint "pg_class_relname_nsp_index"
DETAIL:  Key (relname, relnamespace)=(air_quality_id_seq, 2200) already exists.

[2023-12-28T16:14:21.720+0000] {taskinstance.py:211} INFO - Setting task CheckTable to SKIPPED due to dag's `fail_stop` setting.
[2023-12-28T16:14:21.721+0000] {taskinstance.py:211} INFO - Setting task Insert_Data to SKIPPED due to dag's `fail_stop` setting.
[2023-12-28T16:14:21.723+0000] {taskinstance.py:211} INFO - Setting task Error_Response to SKIPPED due to dag's `fail_stop` setting.
[2023-12-28T16:14:21.724+0000] {taskinstance.py:1400} INFO - Marking task as FAILED. dag_id=air_quality, task_id=Create_Table, execution_date=20231219T040000, start_date=20231228T161415, end_date=20231228T161421
[2023-12-28T16:14:21.785+0000] {standard_task_runner.py:104} ERROR - Failed to execute job 791 for task Create_Table (duplicate key value violates unique constraint "pg_class_relname_nsp_index"
DETAIL:  Key (relname, relnamespace)=(air_quality_id_seq, 2200) already exists.
; 753)
[2023-12-28T16:14:21.811+0000] {local_task_job_runner.py:228} INFO - Task exited with return code 1
[2023-12-28T16:14:21.862+0000] {taskinstance.py:2778} INFO - 0 downstream tasks scheduled from follow-on schedule check
