[2023-12-17T11:18:43.624+0000] {logging_mixin.py:154} INFO - Changing /opt/***/logs/dag_id=air_quality/run_id=scheduled__2023-12-05T04:00:00+00:00/task_id=Create_Table permission to 509
[2023-12-17T11:18:43.635+0000] {logging_mixin.py:154} INFO - Failed to change /opt/***/logs/dag_id=air_quality/run_id=scheduled__2023-12-05T04:00:00+00:00/task_id=Create_Table permission to 509: [Errno 1] Operation not permitted: '/opt/***/logs/dag_id=air_quality/run_id=scheduled__2023-12-05T04:00:00+00:00/task_id=Create_Table'
[2023-12-17T11:18:43.747+0000] {logging_mixin.py:154} INFO - Changing /opt/***/logs/dag_id=air_quality/run_id=scheduled__2023-12-05T04:00:00+00:00/task_id=Create_Table permission to 509
[2023-12-17T11:18:43.749+0000] {logging_mixin.py:154} INFO - Failed to change /opt/***/logs/dag_id=air_quality/run_id=scheduled__2023-12-05T04:00:00+00:00/task_id=Create_Table permission to 509: [Errno 1] Operation not permitted: '/opt/***/logs/dag_id=air_quality/run_id=scheduled__2023-12-05T04:00:00+00:00/task_id=Create_Table'
[2023-12-17T11:18:43.891+0000] {taskinstance.py:1159} INFO - Dependencies all met for dep_context=non-requeueable deps ti=<TaskInstance: air_quality.Create_Table scheduled__2023-12-05T04:00:00+00:00 [queued]>
[2023-12-17T11:18:43.930+0000] {taskinstance.py:1159} INFO - Dependencies all met for dep_context=requeueable deps ti=<TaskInstance: air_quality.Create_Table scheduled__2023-12-05T04:00:00+00:00 [queued]>
[2023-12-17T11:18:43.939+0000] {taskinstance.py:1361} INFO - Starting attempt 1 of 2
[2023-12-17T11:18:43.982+0000] {taskinstance.py:1382} INFO - Executing <Task(PythonOperator): Create_Table> on 2023-12-05 04:00:00+00:00
[2023-12-17T11:18:44.009+0000] {standard_task_runner.py:57} INFO - Started process 2118 to run task
[2023-12-17T11:18:44.028+0000] {standard_task_runner.py:84} INFO - Running: ['***', 'tasks', 'run', 'air_quality', 'Create_Table', 'scheduled__2023-12-05T04:00:00+00:00', '--job-id', '352', '--raw', '--subdir', 'DAGS_FOLDER/airQuality.py', '--cfg-path', '/tmp/tmpix03l92o']
[2023-12-17T11:18:44.031+0000] {standard_task_runner.py:85} INFO - Job 352: Subtask Create_Table
[2023-12-17T11:18:44.260+0000] {logging_mixin.py:154} INFO - Changing /opt/***/logs/dag_id=air_quality/run_id=scheduled__2023-12-05T04:00:00+00:00/task_id=Create_Table permission to 509
[2023-12-17T11:18:44.262+0000] {logging_mixin.py:154} INFO - Failed to change /opt/***/logs/dag_id=air_quality/run_id=scheduled__2023-12-05T04:00:00+00:00/task_id=Create_Table permission to 509: [Errno 1] Operation not permitted: '/opt/***/logs/dag_id=air_quality/run_id=scheduled__2023-12-05T04:00:00+00:00/task_id=Create_Table'
[2023-12-17T11:18:44.265+0000] {task_command.py:416} INFO - Running <TaskInstance: air_quality.Create_Table scheduled__2023-12-05T04:00:00+00:00 [running]> on host 1a58977f5573
[2023-12-17T11:18:44.541+0000] {taskinstance.py:1662} INFO - Exporting env vars: AIRFLOW_CTX_DAG_OWNER='ghifari' AIRFLOW_CTX_DAG_ID='air_quality' AIRFLOW_CTX_TASK_ID='Create_Table' AIRFLOW_CTX_EXECUTION_DATE='2023-12-05T04:00:00+00:00' AIRFLOW_CTX_TRY_NUMBER='1' AIRFLOW_CTX_DAG_RUN_ID='scheduled__2023-12-05T04:00:00+00:00'
[2023-12-17T11:18:44.614+0000] {base.py:73} INFO - Using connection ID 'neonServerDB-Postgres' for task execution.
[2023-12-17T11:18:45.133+0000] {airQuality.py:160} INFO - Table air_quality Already Exist
[2023-12-17T11:18:45.165+0000] {python.py:194} INFO - Done. Returned value was: 
        CREATE TABLE air_quality (
            id serial primary key, 
            city varchar(250),
            country varchar(250), 
            unit varchar(20), 
            last_value float8, 
            lat float8,
            lng float8
        )
    
[2023-12-17T11:18:45.242+0000] {taskinstance.py:1400} INFO - Marking task as SUCCESS. dag_id=air_quality, task_id=Create_Table, execution_date=20231205T040000, start_date=20231217T111843, end_date=20231217T111845
[2023-12-17T11:18:45.313+0000] {local_task_job_runner.py:228} INFO - Task exited with return code 0
[2023-12-17T11:18:45.366+0000] {taskinstance.py:2778} INFO - 1 downstream tasks scheduled from follow-on schedule check
[2023-12-17T12:18:37.670+0000] {logging_mixin.py:154} INFO - Changing /opt/***/logs/dag_id=air_quality/run_id=scheduled__2023-12-05T04:00:00+00:00/task_id=Create_Table permission to 509
[2023-12-17T12:18:37.672+0000] {logging_mixin.py:154} INFO - Failed to change /opt/***/logs/dag_id=air_quality/run_id=scheduled__2023-12-05T04:00:00+00:00/task_id=Create_Table permission to 509: [Errno 1] Operation not permitted: '/opt/***/logs/dag_id=air_quality/run_id=scheduled__2023-12-05T04:00:00+00:00/task_id=Create_Table'
[2023-12-17T12:18:37.747+0000] {logging_mixin.py:154} INFO - Changing /opt/***/logs/dag_id=air_quality/run_id=scheduled__2023-12-05T04:00:00+00:00/task_id=Create_Table permission to 509
[2023-12-17T12:18:37.748+0000] {logging_mixin.py:154} INFO - Failed to change /opt/***/logs/dag_id=air_quality/run_id=scheduled__2023-12-05T04:00:00+00:00/task_id=Create_Table permission to 509: [Errno 1] Operation not permitted: '/opt/***/logs/dag_id=air_quality/run_id=scheduled__2023-12-05T04:00:00+00:00/task_id=Create_Table'
[2023-12-17T12:18:37.821+0000] {taskinstance.py:1159} INFO - Dependencies all met for dep_context=non-requeueable deps ti=<TaskInstance: air_quality.Create_Table scheduled__2023-12-05T04:00:00+00:00 [queued]>
[2023-12-17T12:18:37.844+0000] {taskinstance.py:1159} INFO - Dependencies all met for dep_context=requeueable deps ti=<TaskInstance: air_quality.Create_Table scheduled__2023-12-05T04:00:00+00:00 [queued]>
[2023-12-17T12:18:37.845+0000] {taskinstance.py:1361} INFO - Starting attempt 1 of 2
[2023-12-17T12:18:37.877+0000] {taskinstance.py:1382} INFO - Executing <Task(PythonOperator): Create_Table> on 2023-12-05 04:00:00+00:00
[2023-12-17T12:18:37.885+0000] {standard_task_runner.py:57} INFO - Started process 4361 to run task
[2023-12-17T12:18:37.891+0000] {standard_task_runner.py:84} INFO - Running: ['***', 'tasks', 'run', 'air_quality', 'Create_Table', 'scheduled__2023-12-05T04:00:00+00:00', '--job-id', '659', '--raw', '--subdir', 'DAGS_FOLDER/airQuality.py', '--cfg-path', '/tmp/tmp7ljqqifv']
[2023-12-17T12:18:37.893+0000] {standard_task_runner.py:85} INFO - Job 659: Subtask Create_Table
[2023-12-17T12:18:38.006+0000] {logging_mixin.py:154} INFO - Changing /opt/***/logs/dag_id=air_quality/run_id=scheduled__2023-12-05T04:00:00+00:00/task_id=Create_Table permission to 509
[2023-12-17T12:18:38.008+0000] {logging_mixin.py:154} INFO - Failed to change /opt/***/logs/dag_id=air_quality/run_id=scheduled__2023-12-05T04:00:00+00:00/task_id=Create_Table permission to 509: [Errno 1] Operation not permitted: '/opt/***/logs/dag_id=air_quality/run_id=scheduled__2023-12-05T04:00:00+00:00/task_id=Create_Table'
[2023-12-17T12:18:38.011+0000] {task_command.py:416} INFO - Running <TaskInstance: air_quality.Create_Table scheduled__2023-12-05T04:00:00+00:00 [running]> on host 1a58977f5573
[2023-12-17T12:18:38.187+0000] {taskinstance.py:1662} INFO - Exporting env vars: AIRFLOW_CTX_DAG_OWNER='ghifari' AIRFLOW_CTX_DAG_ID='air_quality' AIRFLOW_CTX_TASK_ID='Create_Table' AIRFLOW_CTX_EXECUTION_DATE='2023-12-05T04:00:00+00:00' AIRFLOW_CTX_TRY_NUMBER='1' AIRFLOW_CTX_DAG_RUN_ID='scheduled__2023-12-05T04:00:00+00:00'
[2023-12-17T12:18:38.209+0000] {base.py:73} INFO - Using connection ID 'neonServerDB-Postgres' for task execution.
[2023-12-17T12:18:38.668+0000] {airQuality.py:161} INFO - Table air_quality Already Exist
[2023-12-17T12:18:38.685+0000] {python.py:194} INFO - Done. Returned value was: 
        CREATE TABLE air_quality (
            id serial primary key, 
            city varchar(250),
            country varchar(250), 
            unit varchar(20), 
            last_value float8, 
            lat float8,
            lng float8
        )
    
[2023-12-17T12:18:38.708+0000] {taskinstance.py:1400} INFO - Marking task as SUCCESS. dag_id=air_quality, task_id=Create_Table, execution_date=20231205T040000, start_date=20231217T121837, end_date=20231217T121838
[2023-12-17T12:18:38.746+0000] {local_task_job_runner.py:228} INFO - Task exited with return code 0
[2023-12-17T12:18:38.779+0000] {taskinstance.py:2778} INFO - 1 downstream tasks scheduled from follow-on schedule check
[2023-12-28T16:54:27.495+0000] {logging_mixin.py:154} INFO - Changing /opt/***/logs/dag_id=air_quality/run_id=scheduled__2023-12-05T04:00:00+00:00/task_id=Create_Table permission to 509
[2023-12-28T16:54:27.508+0000] {logging_mixin.py:154} INFO - Failed to change /opt/***/logs/dag_id=air_quality/run_id=scheduled__2023-12-05T04:00:00+00:00/task_id=Create_Table permission to 509: [Errno 1] Operation not permitted: '/opt/***/logs/dag_id=air_quality/run_id=scheduled__2023-12-05T04:00:00+00:00/task_id=Create_Table'
[2023-12-28T16:54:27.735+0000] {logging_mixin.py:154} INFO - Changing /opt/***/logs/dag_id=air_quality/run_id=scheduled__2023-12-05T04:00:00+00:00/task_id=Create_Table permission to 509
[2023-12-28T16:54:27.736+0000] {logging_mixin.py:154} INFO - Failed to change /opt/***/logs/dag_id=air_quality/run_id=scheduled__2023-12-05T04:00:00+00:00/task_id=Create_Table permission to 509: [Errno 1] Operation not permitted: '/opt/***/logs/dag_id=air_quality/run_id=scheduled__2023-12-05T04:00:00+00:00/task_id=Create_Table'
[2023-12-28T16:54:28.028+0000] {taskinstance.py:1159} INFO - Dependencies all met for dep_context=non-requeueable deps ti=<TaskInstance: air_quality.Create_Table scheduled__2023-12-05T04:00:00+00:00 [queued]>
[2023-12-28T16:54:28.091+0000] {taskinstance.py:1159} INFO - Dependencies all met for dep_context=requeueable deps ti=<TaskInstance: air_quality.Create_Table scheduled__2023-12-05T04:00:00+00:00 [queued]>
[2023-12-28T16:54:28.109+0000] {taskinstance.py:1361} INFO - Starting attempt 1 of 2
[2023-12-28T16:54:28.242+0000] {taskinstance.py:1382} INFO - Executing <Task(PythonOperator): Create_Table> on 2023-12-05 04:00:00+00:00
[2023-12-28T16:54:28.262+0000] {standard_task_runner.py:57} INFO - Started process 937 to run task
[2023-12-28T16:54:28.318+0000] {standard_task_runner.py:84} INFO - Running: ['***', 'tasks', 'run', 'air_quality', 'Create_Table', 'scheduled__2023-12-05T04:00:00+00:00', '--job-id', '1069', '--raw', '--subdir', 'DAGS_FOLDER/airQuality.py', '--cfg-path', '/tmp/tmpetj31wdc']
[2023-12-28T16:54:28.324+0000] {standard_task_runner.py:85} INFO - Job 1069: Subtask Create_Table
[2023-12-28T16:54:29.039+0000] {logging_mixin.py:154} INFO - Changing /opt/***/logs/dag_id=air_quality/run_id=scheduled__2023-12-05T04:00:00+00:00/task_id=Create_Table permission to 509
[2023-12-28T16:54:29.045+0000] {logging_mixin.py:154} INFO - Failed to change /opt/***/logs/dag_id=air_quality/run_id=scheduled__2023-12-05T04:00:00+00:00/task_id=Create_Table permission to 509: [Errno 1] Operation not permitted: '/opt/***/logs/dag_id=air_quality/run_id=scheduled__2023-12-05T04:00:00+00:00/task_id=Create_Table'
[2023-12-28T16:54:29.066+0000] {task_command.py:416} INFO - Running <TaskInstance: air_quality.Create_Table scheduled__2023-12-05T04:00:00+00:00 [running]> on host d67dd4682ccf
[2023-12-28T16:54:29.484+0000] {taskinstance.py:1662} INFO - Exporting env vars: AIRFLOW_CTX_DAG_OWNER='ghifari' AIRFLOW_CTX_DAG_ID='air_quality' AIRFLOW_CTX_TASK_ID='Create_Table' AIRFLOW_CTX_EXECUTION_DATE='2023-12-05T04:00:00+00:00' AIRFLOW_CTX_TRY_NUMBER='1' AIRFLOW_CTX_DAG_RUN_ID='scheduled__2023-12-05T04:00:00+00:00'
[2023-12-28T16:54:29.553+0000] {base.py:73} INFO - Using connection ID 'neonServerDB-Postgres' for task execution.
[2023-12-28T16:54:30.406+0000] {airQuality.py:139} INFO - Table air_quality Already Exist
[2023-12-28T16:54:30.515+0000] {python.py:194} INFO - Done. Returned value was: 
        CREATE TABLE air_quality (
            id serial primary key, 
            city varchar(250),
            country varchar(250), 
            unit varchar(20), 
            last_value float8, 
            lat float8,
            lng float8
        )
    
[2023-12-28T16:54:30.633+0000] {taskinstance.py:1400} INFO - Marking task as SUCCESS. dag_id=air_quality, task_id=Create_Table, execution_date=20231205T040000, start_date=20231228T165428, end_date=20231228T165430
[2023-12-28T16:54:30.820+0000] {local_task_job_runner.py:228} INFO - Task exited with return code 0
[2023-12-28T16:54:30.911+0000] {taskinstance.py:2778} INFO - 1 downstream tasks scheduled from follow-on schedule check
