[2023-12-28T16:08:45.690+0000] {logging_mixin.py:154} INFO - Changing /opt/***/logs/dag_id=air_quality/run_id=scheduled__2023-12-22T04:00:00+00:00/task_id=Extract permission to 509
[2023-12-28T16:08:45.696+0000] {logging_mixin.py:154} INFO - Failed to change /opt/***/logs/dag_id=air_quality/run_id=scheduled__2023-12-22T04:00:00+00:00/task_id=Extract permission to 509: [Errno 1] Operation not permitted: '/opt/***/logs/dag_id=air_quality/run_id=scheduled__2023-12-22T04:00:00+00:00/task_id=Extract'
[2023-12-28T16:08:45.882+0000] {logging_mixin.py:154} INFO - Changing /opt/***/logs/dag_id=air_quality/run_id=scheduled__2023-12-22T04:00:00+00:00/task_id=Extract permission to 509
[2023-12-28T16:08:45.884+0000] {logging_mixin.py:154} INFO - Failed to change /opt/***/logs/dag_id=air_quality/run_id=scheduled__2023-12-22T04:00:00+00:00/task_id=Extract permission to 509: [Errno 1] Operation not permitted: '/opt/***/logs/dag_id=air_quality/run_id=scheduled__2023-12-22T04:00:00+00:00/task_id=Extract'
[2023-12-28T16:08:46.020+0000] {taskinstance.py:1159} INFO - Dependencies all met for dep_context=non-requeueable deps ti=<TaskInstance: air_quality.Extract scheduled__2023-12-22T04:00:00+00:00 [queued]>
[2023-12-28T16:08:46.108+0000] {taskinstance.py:1159} INFO - Dependencies all met for dep_context=requeueable deps ti=<TaskInstance: air_quality.Extract scheduled__2023-12-22T04:00:00+00:00 [queued]>
[2023-12-28T16:08:46.110+0000] {taskinstance.py:1361} INFO - Starting attempt 1 of 2
[2023-12-28T16:08:46.310+0000] {taskinstance.py:1382} INFO - Executing <Task(PythonOperator): Extract> on 2023-12-22 04:00:00+00:00
[2023-12-28T16:08:46.329+0000] {standard_task_runner.py:57} INFO - Started process 492 to run task
[2023-12-28T16:08:46.336+0000] {standard_task_runner.py:84} INFO - Running: ['***', 'tasks', 'run', 'air_quality', 'Extract', 'scheduled__2023-12-22T04:00:00+00:00', '--job-id', '741', '--raw', '--subdir', 'DAGS_FOLDER/airQuality.py', '--cfg-path', '/tmp/tmpvbbybjtb']
[2023-12-28T16:08:46.346+0000] {standard_task_runner.py:85} INFO - Job 741: Subtask Extract
[2023-12-28T16:08:46.610+0000] {logging_mixin.py:154} INFO - Changing /opt/***/logs/dag_id=air_quality/run_id=scheduled__2023-12-22T04:00:00+00:00/task_id=Extract permission to 509
[2023-12-28T16:08:46.612+0000] {logging_mixin.py:154} INFO - Failed to change /opt/***/logs/dag_id=air_quality/run_id=scheduled__2023-12-22T04:00:00+00:00/task_id=Extract permission to 509: [Errno 1] Operation not permitted: '/opt/***/logs/dag_id=air_quality/run_id=scheduled__2023-12-22T04:00:00+00:00/task_id=Extract'
[2023-12-28T16:08:46.619+0000] {task_command.py:416} INFO - Running <TaskInstance: air_quality.Extract scheduled__2023-12-22T04:00:00+00:00 [running]> on host d67dd4682ccf
[2023-12-28T16:08:46.931+0000] {taskinstance.py:1662} INFO - Exporting env vars: AIRFLOW_CTX_DAG_OWNER='ghifari' AIRFLOW_CTX_DAG_ID='air_quality' AIRFLOW_CTX_TASK_ID='Extract' AIRFLOW_CTX_EXECUTION_DATE='2023-12-22T04:00:00+00:00' AIRFLOW_CTX_TRY_NUMBER='1' AIRFLOW_CTX_DAG_RUN_ID='scheduled__2023-12-22T04:00:00+00:00'
[2023-12-28T16:08:47.770+0000] {python.py:194} INFO - Done. Returned value was: {'city': ['Jakarta'], 'country': ['ID'], 'unit': ['pm25'], 'last_value': [-999.0], 'lat': [-6.182536], 'lng': [106.834236]}
[2023-12-28T16:08:47.855+0000] {taskinstance.py:1400} INFO - Marking task as SUCCESS. dag_id=air_quality, task_id=Extract, execution_date=20231222T040000, start_date=20231228T160846, end_date=20231228T160847
[2023-12-28T16:08:47.948+0000] {local_task_job_runner.py:228} INFO - Task exited with return code 0
[2023-12-28T16:08:48.242+0000] {taskinstance.py:2778} INFO - 1 downstream tasks scheduled from follow-on schedule check
[2023-12-28T16:51:58.009+0000] {logging_mixin.py:154} INFO - Changing /opt/***/logs/dag_id=air_quality/run_id=scheduled__2023-12-22T04:00:00+00:00/task_id=Extract permission to 509
[2023-12-28T16:51:58.013+0000] {logging_mixin.py:154} INFO - Failed to change /opt/***/logs/dag_id=air_quality/run_id=scheduled__2023-12-22T04:00:00+00:00/task_id=Extract permission to 509: [Errno 1] Operation not permitted: '/opt/***/logs/dag_id=air_quality/run_id=scheduled__2023-12-22T04:00:00+00:00/task_id=Extract'
[2023-12-28T16:51:58.205+0000] {logging_mixin.py:154} INFO - Changing /opt/***/logs/dag_id=air_quality/run_id=scheduled__2023-12-22T04:00:00+00:00/task_id=Extract permission to 509
[2023-12-28T16:51:58.211+0000] {logging_mixin.py:154} INFO - Failed to change /opt/***/logs/dag_id=air_quality/run_id=scheduled__2023-12-22T04:00:00+00:00/task_id=Extract permission to 509: [Errno 1] Operation not permitted: '/opt/***/logs/dag_id=air_quality/run_id=scheduled__2023-12-22T04:00:00+00:00/task_id=Extract'
[2023-12-28T16:51:58.421+0000] {taskinstance.py:1159} INFO - Dependencies all met for dep_context=non-requeueable deps ti=<TaskInstance: air_quality.Extract scheduled__2023-12-22T04:00:00+00:00 [queued]>
[2023-12-28T16:51:58.494+0000] {taskinstance.py:1159} INFO - Dependencies all met for dep_context=requeueable deps ti=<TaskInstance: air_quality.Extract scheduled__2023-12-22T04:00:00+00:00 [queued]>
[2023-12-28T16:51:58.506+0000] {taskinstance.py:1361} INFO - Starting attempt 1 of 2
[2023-12-28T16:51:58.575+0000] {taskinstance.py:1382} INFO - Executing <Task(PythonOperator): Extract> on 2023-12-22 04:00:00+00:00
[2023-12-28T16:51:58.600+0000] {standard_task_runner.py:57} INFO - Started process 272 to run task
[2023-12-28T16:51:58.616+0000] {standard_task_runner.py:84} INFO - Running: ['***', 'tasks', 'run', 'air_quality', 'Extract', 'scheduled__2023-12-22T04:00:00+00:00', '--job-id', '882', '--raw', '--subdir', 'DAGS_FOLDER/airQuality.py', '--cfg-path', '/tmp/tmpi9dobgmh']
[2023-12-28T16:51:58.619+0000] {standard_task_runner.py:85} INFO - Job 882: Subtask Extract
[2023-12-28T16:51:58.849+0000] {logging_mixin.py:154} INFO - Changing /opt/***/logs/dag_id=air_quality/run_id=scheduled__2023-12-22T04:00:00+00:00/task_id=Extract permission to 509
[2023-12-28T16:51:58.851+0000] {logging_mixin.py:154} INFO - Failed to change /opt/***/logs/dag_id=air_quality/run_id=scheduled__2023-12-22T04:00:00+00:00/task_id=Extract permission to 509: [Errno 1] Operation not permitted: '/opt/***/logs/dag_id=air_quality/run_id=scheduled__2023-12-22T04:00:00+00:00/task_id=Extract'
[2023-12-28T16:51:58.863+0000] {task_command.py:416} INFO - Running <TaskInstance: air_quality.Extract scheduled__2023-12-22T04:00:00+00:00 [running]> on host d67dd4682ccf
[2023-12-28T16:51:59.298+0000] {taskinstance.py:1662} INFO - Exporting env vars: AIRFLOW_CTX_DAG_OWNER='ghifari' AIRFLOW_CTX_DAG_ID='air_quality' AIRFLOW_CTX_TASK_ID='Extract' AIRFLOW_CTX_EXECUTION_DATE='2023-12-22T04:00:00+00:00' AIRFLOW_CTX_TRY_NUMBER='1' AIRFLOW_CTX_DAG_RUN_ID='scheduled__2023-12-22T04:00:00+00:00'
[2023-12-28T16:51:59.598+0000] {python.py:194} INFO - Done. Returned value was: {'city': ['Jakarta'], 'country': ['ID'], 'unit': ['o3'], 'last_value': [-0.999], 'lat': [-6.182536], 'lng': [106.834236]}
[2023-12-28T16:51:59.691+0000] {taskinstance.py:1400} INFO - Marking task as SUCCESS. dag_id=air_quality, task_id=Extract, execution_date=20231222T040000, start_date=20231228T165158, end_date=20231228T165159
[2023-12-28T16:51:59.786+0000] {local_task_job_runner.py:228} INFO - Task exited with return code 0
[2023-12-28T16:51:59.979+0000] {taskinstance.py:2778} INFO - 1 downstream tasks scheduled from follow-on schedule check
[2023-12-28T16:52:31.743+0000] {logging_mixin.py:154} INFO - Changing /opt/***/logs/dag_id=air_quality/run_id=scheduled__2023-12-22T04:00:00+00:00/task_id=Extract permission to 509
[2023-12-28T16:52:31.752+0000] {logging_mixin.py:154} INFO - Failed to change /opt/***/logs/dag_id=air_quality/run_id=scheduled__2023-12-22T04:00:00+00:00/task_id=Extract permission to 509: [Errno 1] Operation not permitted: '/opt/***/logs/dag_id=air_quality/run_id=scheduled__2023-12-22T04:00:00+00:00/task_id=Extract'
[2023-12-28T16:52:32.048+0000] {logging_mixin.py:154} INFO - Changing /opt/***/logs/dag_id=air_quality/run_id=scheduled__2023-12-22T04:00:00+00:00/task_id=Extract permission to 509
[2023-12-28T16:52:32.071+0000] {logging_mixin.py:154} INFO - Failed to change /opt/***/logs/dag_id=air_quality/run_id=scheduled__2023-12-22T04:00:00+00:00/task_id=Extract permission to 509: [Errno 1] Operation not permitted: '/opt/***/logs/dag_id=air_quality/run_id=scheduled__2023-12-22T04:00:00+00:00/task_id=Extract'
[2023-12-28T16:52:32.307+0000] {taskinstance.py:1159} INFO - Dependencies all met for dep_context=non-requeueable deps ti=<TaskInstance: air_quality.Extract scheduled__2023-12-22T04:00:00+00:00 [queued]>
[2023-12-28T16:52:32.362+0000] {taskinstance.py:1159} INFO - Dependencies all met for dep_context=requeueable deps ti=<TaskInstance: air_quality.Extract scheduled__2023-12-22T04:00:00+00:00 [queued]>
[2023-12-28T16:52:32.365+0000] {taskinstance.py:1361} INFO - Starting attempt 1 of 2
[2023-12-28T16:52:32.454+0000] {taskinstance.py:1382} INFO - Executing <Task(PythonOperator): Extract> on 2023-12-22 04:00:00+00:00
[2023-12-28T16:52:32.495+0000] {standard_task_runner.py:57} INFO - Started process 610 to run task
[2023-12-28T16:52:32.530+0000] {standard_task_runner.py:84} INFO - Running: ['***', 'tasks', 'run', 'air_quality', 'Extract', 'scheduled__2023-12-22T04:00:00+00:00', '--job-id', '960', '--raw', '--subdir', 'DAGS_FOLDER/airQuality.py', '--cfg-path', '/tmp/tmpmaxgazsd']
[2023-12-28T16:52:32.547+0000] {standard_task_runner.py:85} INFO - Job 960: Subtask Extract
[2023-12-28T16:52:32.871+0000] {logging_mixin.py:154} INFO - Changing /opt/***/logs/dag_id=air_quality/run_id=scheduled__2023-12-22T04:00:00+00:00/task_id=Extract permission to 509
[2023-12-28T16:52:32.873+0000] {logging_mixin.py:154} INFO - Failed to change /opt/***/logs/dag_id=air_quality/run_id=scheduled__2023-12-22T04:00:00+00:00/task_id=Extract permission to 509: [Errno 1] Operation not permitted: '/opt/***/logs/dag_id=air_quality/run_id=scheduled__2023-12-22T04:00:00+00:00/task_id=Extract'
[2023-12-28T16:52:32.894+0000] {task_command.py:416} INFO - Running <TaskInstance: air_quality.Extract scheduled__2023-12-22T04:00:00+00:00 [running]> on host d67dd4682ccf
[2023-12-28T16:52:33.169+0000] {taskinstance.py:1662} INFO - Exporting env vars: AIRFLOW_CTX_DAG_OWNER='ghifari' AIRFLOW_CTX_DAG_ID='air_quality' AIRFLOW_CTX_TASK_ID='Extract' AIRFLOW_CTX_EXECUTION_DATE='2023-12-22T04:00:00+00:00' AIRFLOW_CTX_TRY_NUMBER='1' AIRFLOW_CTX_DAG_RUN_ID='scheduled__2023-12-22T04:00:00+00:00'
[2023-12-28T16:52:33.558+0000] {python.py:194} INFO - Done. Returned value was: {'city': ['Jakarta'], 'country': ['ID'], 'unit': ['o3'], 'last_value': [-0.999], 'lat': [-6.182536], 'lng': [106.834236]}
[2023-12-28T16:52:33.703+0000] {taskinstance.py:1400} INFO - Marking task as SUCCESS. dag_id=air_quality, task_id=Extract, execution_date=20231222T040000, start_date=20231228T165232, end_date=20231228T165233
[2023-12-28T16:52:33.824+0000] {local_task_job_runner.py:228} INFO - Task exited with return code 0
[2023-12-28T16:52:33.990+0000] {taskinstance.py:2778} INFO - 1 downstream tasks scheduled from follow-on schedule check
[2023-12-28T16:54:58.665+0000] {logging_mixin.py:154} INFO - Changing /opt/***/logs/dag_id=air_quality/run_id=scheduled__2023-12-22T04:00:00+00:00/task_id=Extract permission to 509
[2023-12-28T16:54:58.689+0000] {logging_mixin.py:154} INFO - Failed to change /opt/***/logs/dag_id=air_quality/run_id=scheduled__2023-12-22T04:00:00+00:00/task_id=Extract permission to 509: [Errno 1] Operation not permitted: '/opt/***/logs/dag_id=air_quality/run_id=scheduled__2023-12-22T04:00:00+00:00/task_id=Extract'
[2023-12-28T16:54:59.011+0000] {logging_mixin.py:154} INFO - Changing /opt/***/logs/dag_id=air_quality/run_id=scheduled__2023-12-22T04:00:00+00:00/task_id=Extract permission to 509
[2023-12-28T16:54:59.021+0000] {logging_mixin.py:154} INFO - Failed to change /opt/***/logs/dag_id=air_quality/run_id=scheduled__2023-12-22T04:00:00+00:00/task_id=Extract permission to 509: [Errno 1] Operation not permitted: '/opt/***/logs/dag_id=air_quality/run_id=scheduled__2023-12-22T04:00:00+00:00/task_id=Extract'
[2023-12-28T16:54:59.298+0000] {taskinstance.py:1159} INFO - Dependencies all met for dep_context=non-requeueable deps ti=<TaskInstance: air_quality.Extract scheduled__2023-12-22T04:00:00+00:00 [queued]>
[2023-12-28T16:54:59.347+0000] {taskinstance.py:1159} INFO - Dependencies all met for dep_context=requeueable deps ti=<TaskInstance: air_quality.Extract scheduled__2023-12-22T04:00:00+00:00 [queued]>
[2023-12-28T16:54:59.367+0000] {taskinstance.py:1361} INFO - Starting attempt 1 of 2
[2023-12-28T16:54:59.491+0000] {taskinstance.py:1382} INFO - Executing <Task(PythonOperator): Extract> on 2023-12-22 04:00:00+00:00
[2023-12-28T16:54:59.500+0000] {standard_task_runner.py:57} INFO - Started process 1263 to run task
[2023-12-28T16:54:59.524+0000] {standard_task_runner.py:84} INFO - Running: ['***', 'tasks', 'run', 'air_quality', 'Extract', 'scheduled__2023-12-22T04:00:00+00:00', '--job-id', '1129', '--raw', '--subdir', 'DAGS_FOLDER/airQuality.py', '--cfg-path', '/tmp/tmp14llrn5n']
[2023-12-28T16:54:59.543+0000] {standard_task_runner.py:85} INFO - Job 1129: Subtask Extract
[2023-12-28T16:54:59.898+0000] {logging_mixin.py:154} INFO - Changing /opt/***/logs/dag_id=air_quality/run_id=scheduled__2023-12-22T04:00:00+00:00/task_id=Extract permission to 509
[2023-12-28T16:54:59.900+0000] {logging_mixin.py:154} INFO - Failed to change /opt/***/logs/dag_id=air_quality/run_id=scheduled__2023-12-22T04:00:00+00:00/task_id=Extract permission to 509: [Errno 1] Operation not permitted: '/opt/***/logs/dag_id=air_quality/run_id=scheduled__2023-12-22T04:00:00+00:00/task_id=Extract'
[2023-12-28T16:54:59.906+0000] {task_command.py:416} INFO - Running <TaskInstance: air_quality.Extract scheduled__2023-12-22T04:00:00+00:00 [running]> on host d67dd4682ccf
[2023-12-28T16:55:00.508+0000] {taskinstance.py:1662} INFO - Exporting env vars: AIRFLOW_CTX_DAG_OWNER='ghifari' AIRFLOW_CTX_DAG_ID='air_quality' AIRFLOW_CTX_TASK_ID='Extract' AIRFLOW_CTX_EXECUTION_DATE='2023-12-22T04:00:00+00:00' AIRFLOW_CTX_TRY_NUMBER='1' AIRFLOW_CTX_DAG_RUN_ID='scheduled__2023-12-22T04:00:00+00:00'
[2023-12-28T16:55:00.885+0000] {python.py:194} INFO - Done. Returned value was: {'city': ['Jakarta'], 'country': ['ID'], 'unit': ['o3'], 'last_value': [-0.999], 'lat': [-6.182536], 'lng': [106.834236]}
[2023-12-28T16:55:01.030+0000] {taskinstance.py:1400} INFO - Marking task as SUCCESS. dag_id=air_quality, task_id=Extract, execution_date=20231222T040000, start_date=20231228T165459, end_date=20231228T165501
[2023-12-28T16:55:01.135+0000] {local_task_job_runner.py:228} INFO - Task exited with return code 0
[2023-12-28T16:55:01.364+0000] {taskinstance.py:2778} INFO - 1 downstream tasks scheduled from follow-on schedule check
