[2023-12-17T11:18:28.472+0000] {logging_mixin.py:154} INFO - Changing /opt/***/logs/dag_id=air_quality/run_id=scheduled__2023-11-30T04:00:00+00:00/task_id=Check_Response permission to 509
[2023-12-17T11:18:28.474+0000] {logging_mixin.py:154} INFO - Failed to change /opt/***/logs/dag_id=air_quality/run_id=scheduled__2023-11-30T04:00:00+00:00/task_id=Check_Response permission to 509: [Errno 1] Operation not permitted: '/opt/***/logs/dag_id=air_quality/run_id=scheduled__2023-11-30T04:00:00+00:00/task_id=Check_Response'
[2023-12-17T11:18:28.670+0000] {logging_mixin.py:154} INFO - Changing /opt/***/logs/dag_id=air_quality/run_id=scheduled__2023-11-30T04:00:00+00:00/task_id=Check_Response permission to 509
[2023-12-17T11:18:28.673+0000] {logging_mixin.py:154} INFO - Failed to change /opt/***/logs/dag_id=air_quality/run_id=scheduled__2023-11-30T04:00:00+00:00/task_id=Check_Response permission to 509: [Errno 1] Operation not permitted: '/opt/***/logs/dag_id=air_quality/run_id=scheduled__2023-11-30T04:00:00+00:00/task_id=Check_Response'
[2023-12-17T11:18:28.914+0000] {taskinstance.py:1159} INFO - Dependencies all met for dep_context=non-requeueable deps ti=<TaskInstance: air_quality.Check_Response scheduled__2023-11-30T04:00:00+00:00 [queued]>
[2023-12-17T11:18:28.979+0000] {taskinstance.py:1159} INFO - Dependencies all met for dep_context=requeueable deps ti=<TaskInstance: air_quality.Check_Response scheduled__2023-11-30T04:00:00+00:00 [queued]>
[2023-12-17T11:18:28.981+0000] {taskinstance.py:1361} INFO - Starting attempt 1 of 2
[2023-12-17T11:18:29.027+0000] {taskinstance.py:1382} INFO - Executing <Task(BranchPythonOperator): Check_Response> on 2023-11-30 04:00:00+00:00
[2023-12-17T11:18:29.053+0000] {standard_task_runner.py:57} INFO - Started process 2025 to run task
[2023-12-17T11:18:29.064+0000] {standard_task_runner.py:84} INFO - Running: ['***', 'tasks', 'run', 'air_quality', 'Check_Response', 'scheduled__2023-11-30T04:00:00+00:00', '--job-id', '311', '--raw', '--subdir', 'DAGS_FOLDER/airQuality.py', '--cfg-path', '/tmp/tmpn4s57pgq']
[2023-12-17T11:18:29.069+0000] {standard_task_runner.py:85} INFO - Job 311: Subtask Check_Response
[2023-12-17T11:18:29.231+0000] {logging_mixin.py:154} INFO - Changing /opt/***/logs/dag_id=air_quality/run_id=scheduled__2023-11-30T04:00:00+00:00/task_id=Check_Response permission to 509
[2023-12-17T11:18:29.241+0000] {logging_mixin.py:154} INFO - Failed to change /opt/***/logs/dag_id=air_quality/run_id=scheduled__2023-11-30T04:00:00+00:00/task_id=Check_Response permission to 509: [Errno 1] Operation not permitted: '/opt/***/logs/dag_id=air_quality/run_id=scheduled__2023-11-30T04:00:00+00:00/task_id=Check_Response'
[2023-12-17T11:18:29.258+0000] {task_command.py:416} INFO - Running <TaskInstance: air_quality.Check_Response scheduled__2023-11-30T04:00:00+00:00 [running]> on host 1a58977f5573
[2023-12-17T11:18:29.640+0000] {taskinstance.py:1662} INFO - Exporting env vars: AIRFLOW_CTX_DAG_OWNER='ghifari' AIRFLOW_CTX_DAG_ID='air_quality' AIRFLOW_CTX_TASK_ID='Check_Response' AIRFLOW_CTX_EXECUTION_DATE='2023-11-30T04:00:00+00:00' AIRFLOW_CTX_TRY_NUMBER='1' AIRFLOW_CTX_DAG_RUN_ID='scheduled__2023-11-30T04:00:00+00:00'
[2023-12-17T11:18:29.681+0000] {airQuality.py:112} INFO - Data Found: {'city': ['Jakarta'], 'country': ['ID'], 'unit': ['o3'], 'last_value': [-0.999], 'lat': [-6.182536], 'lng': [106.834236]}
[2023-12-17T11:18:29.684+0000] {python.py:194} INFO - Done. Returned value was: Transform
[2023-12-17T11:18:29.686+0000] {python.py:227} INFO - Branch callable return Transform
[2023-12-17T11:18:29.687+0000] {skipmixin.py:173} INFO - Following branch Transform
[2023-12-17T11:18:29.775+0000] {skipmixin.py:239} INFO - Skipping tasks [('Error_Response', -1)]
[2023-12-17T11:18:30.008+0000] {taskinstance.py:1400} INFO - Marking task as SUCCESS. dag_id=air_quality, task_id=Check_Response, execution_date=20231130T040000, start_date=20231217T111828, end_date=20231217T111830
[2023-12-17T11:18:30.186+0000] {local_task_job_runner.py:228} INFO - Task exited with return code 0
[2023-12-17T11:18:30.784+0000] {taskinstance.py:2778} INFO - 0 downstream tasks scheduled from follow-on schedule check
[2023-12-28T16:51:31.854+0000] {logging_mixin.py:154} INFO - Changing /opt/***/logs/dag_id=air_quality/run_id=scheduled__2023-11-30T04:00:00+00:00/task_id=Check_Response permission to 509
[2023-12-28T16:51:31.864+0000] {logging_mixin.py:154} INFO - Failed to change /opt/***/logs/dag_id=air_quality/run_id=scheduled__2023-11-30T04:00:00+00:00/task_id=Check_Response permission to 509: [Errno 1] Operation not permitted: '/opt/***/logs/dag_id=air_quality/run_id=scheduled__2023-11-30T04:00:00+00:00/task_id=Check_Response'
[2023-12-28T16:51:31.950+0000] {logging_mixin.py:154} INFO - Changing /opt/***/logs/dag_id=air_quality/run_id=scheduled__2023-11-30T04:00:00+00:00/task_id=Check_Response permission to 509
[2023-12-28T16:51:31.953+0000] {logging_mixin.py:154} INFO - Failed to change /opt/***/logs/dag_id=air_quality/run_id=scheduled__2023-11-30T04:00:00+00:00/task_id=Check_Response permission to 509: [Errno 1] Operation not permitted: '/opt/***/logs/dag_id=air_quality/run_id=scheduled__2023-11-30T04:00:00+00:00/task_id=Check_Response'
[2023-12-28T16:51:32.067+0000] {taskinstance.py:1159} INFO - Dependencies all met for dep_context=non-requeueable deps ti=<TaskInstance: air_quality.Check_Response scheduled__2023-11-30T04:00:00+00:00 [queued]>
[2023-12-28T16:51:32.110+0000] {taskinstance.py:1159} INFO - Dependencies all met for dep_context=requeueable deps ti=<TaskInstance: air_quality.Check_Response scheduled__2023-11-30T04:00:00+00:00 [queued]>
[2023-12-28T16:51:32.111+0000] {taskinstance.py:1361} INFO - Starting attempt 1 of 2
[2023-12-28T16:51:32.168+0000] {taskinstance.py:1382} INFO - Executing <Task(BranchPythonOperator): Check_Response> on 2023-11-30 04:00:00+00:00
[2023-12-28T16:51:32.184+0000] {standard_task_runner.py:57} INFO - Started process 126 to run task
[2023-12-28T16:51:32.192+0000] {standard_task_runner.py:84} INFO - Running: ['***', 'tasks', 'run', 'air_quality', 'Check_Response', 'scheduled__2023-11-30T04:00:00+00:00', '--job-id', '820', '--raw', '--subdir', 'DAGS_FOLDER/airQuality.py', '--cfg-path', '/tmp/tmpwnmr0v0_']
[2023-12-28T16:51:32.195+0000] {standard_task_runner.py:85} INFO - Job 820: Subtask Check_Response
[2023-12-28T16:51:32.330+0000] {logging_mixin.py:154} INFO - Changing /opt/***/logs/dag_id=air_quality/run_id=scheduled__2023-11-30T04:00:00+00:00/task_id=Check_Response permission to 509
[2023-12-28T16:51:32.333+0000] {logging_mixin.py:154} INFO - Failed to change /opt/***/logs/dag_id=air_quality/run_id=scheduled__2023-11-30T04:00:00+00:00/task_id=Check_Response permission to 509: [Errno 1] Operation not permitted: '/opt/***/logs/dag_id=air_quality/run_id=scheduled__2023-11-30T04:00:00+00:00/task_id=Check_Response'
[2023-12-28T16:51:32.337+0000] {task_command.py:416} INFO - Running <TaskInstance: air_quality.Check_Response scheduled__2023-11-30T04:00:00+00:00 [running]> on host d67dd4682ccf
[2023-12-28T16:51:32.561+0000] {taskinstance.py:1662} INFO - Exporting env vars: AIRFLOW_CTX_DAG_OWNER='ghifari' AIRFLOW_CTX_DAG_ID='air_quality' AIRFLOW_CTX_TASK_ID='Check_Response' AIRFLOW_CTX_EXECUTION_DATE='2023-11-30T04:00:00+00:00' AIRFLOW_CTX_TRY_NUMBER='1' AIRFLOW_CTX_DAG_RUN_ID='scheduled__2023-11-30T04:00:00+00:00'
[2023-12-28T16:51:32.597+0000] {airQuality.py:90} INFO - Data Found: {'city': ['Jakarta'], 'country': ['ID'], 'unit': ['o3'], 'last_value': [-0.999], 'lat': [-6.182536], 'lng': [106.834236]}
[2023-12-28T16:51:32.600+0000] {python.py:194} INFO - Done. Returned value was: Transform
[2023-12-28T16:51:32.601+0000] {python.py:227} INFO - Branch callable return Transform
[2023-12-28T16:51:32.602+0000] {skipmixin.py:173} INFO - Following branch Transform
[2023-12-28T16:51:32.650+0000] {skipmixin.py:239} INFO - Skipping tasks [('Error_Response', -1)]
[2023-12-28T16:51:32.815+0000] {taskinstance.py:1400} INFO - Marking task as SUCCESS. dag_id=air_quality, task_id=Check_Response, execution_date=20231130T040000, start_date=20231228T165132, end_date=20231228T165132
[2023-12-28T16:51:32.943+0000] {local_task_job_runner.py:228} INFO - Task exited with return code 0
[2023-12-28T16:51:33.019+0000] {taskinstance.py:2778} INFO - 1 downstream tasks scheduled from follow-on schedule check
[2023-12-28T16:54:06.471+0000] {logging_mixin.py:154} INFO - Changing /opt/***/logs/dag_id=air_quality/run_id=scheduled__2023-11-30T04:00:00+00:00/task_id=Check_Response permission to 509
[2023-12-28T16:54:06.475+0000] {logging_mixin.py:154} INFO - Failed to change /opt/***/logs/dag_id=air_quality/run_id=scheduled__2023-11-30T04:00:00+00:00/task_id=Check_Response permission to 509: [Errno 1] Operation not permitted: '/opt/***/logs/dag_id=air_quality/run_id=scheduled__2023-11-30T04:00:00+00:00/task_id=Check_Response'
[2023-12-28T16:54:06.683+0000] {logging_mixin.py:154} INFO - Changing /opt/***/logs/dag_id=air_quality/run_id=scheduled__2023-11-30T04:00:00+00:00/task_id=Check_Response permission to 509
[2023-12-28T16:54:06.691+0000] {logging_mixin.py:154} INFO - Failed to change /opt/***/logs/dag_id=air_quality/run_id=scheduled__2023-11-30T04:00:00+00:00/task_id=Check_Response permission to 509: [Errno 1] Operation not permitted: '/opt/***/logs/dag_id=air_quality/run_id=scheduled__2023-11-30T04:00:00+00:00/task_id=Check_Response'
[2023-12-28T16:54:06.943+0000] {taskinstance.py:1159} INFO - Dependencies all met for dep_context=non-requeueable deps ti=<TaskInstance: air_quality.Check_Response scheduled__2023-11-30T04:00:00+00:00 [queued]>
[2023-12-28T16:54:07.028+0000] {taskinstance.py:1159} INFO - Dependencies all met for dep_context=requeueable deps ti=<TaskInstance: air_quality.Check_Response scheduled__2023-11-30T04:00:00+00:00 [queued]>
[2023-12-28T16:54:07.043+0000] {taskinstance.py:1361} INFO - Starting attempt 1 of 2
[2023-12-28T16:54:07.143+0000] {taskinstance.py:1382} INFO - Executing <Task(BranchPythonOperator): Check_Response> on 2023-11-30 04:00:00+00:00
[2023-12-28T16:54:07.155+0000] {standard_task_runner.py:57} INFO - Started process 822 to run task
[2023-12-28T16:54:07.188+0000] {standard_task_runner.py:84} INFO - Running: ['***', 'tasks', 'run', 'air_quality', 'Check_Response', 'scheduled__2023-11-30T04:00:00+00:00', '--job-id', '1023', '--raw', '--subdir', 'DAGS_FOLDER/airQuality.py', '--cfg-path', '/tmp/tmpkgklm8uv']
[2023-12-28T16:54:07.211+0000] {standard_task_runner.py:85} INFO - Job 1023: Subtask Check_Response
[2023-12-28T16:54:07.408+0000] {logging_mixin.py:154} INFO - Changing /opt/***/logs/dag_id=air_quality/run_id=scheduled__2023-11-30T04:00:00+00:00/task_id=Check_Response permission to 509
[2023-12-28T16:54:07.421+0000] {logging_mixin.py:154} INFO - Failed to change /opt/***/logs/dag_id=air_quality/run_id=scheduled__2023-11-30T04:00:00+00:00/task_id=Check_Response permission to 509: [Errno 1] Operation not permitted: '/opt/***/logs/dag_id=air_quality/run_id=scheduled__2023-11-30T04:00:00+00:00/task_id=Check_Response'
[2023-12-28T16:54:07.433+0000] {task_command.py:416} INFO - Running <TaskInstance: air_quality.Check_Response scheduled__2023-11-30T04:00:00+00:00 [running]> on host d67dd4682ccf
[2023-12-28T16:54:07.852+0000] {taskinstance.py:1662} INFO - Exporting env vars: AIRFLOW_CTX_DAG_OWNER='ghifari' AIRFLOW_CTX_DAG_ID='air_quality' AIRFLOW_CTX_TASK_ID='Check_Response' AIRFLOW_CTX_EXECUTION_DATE='2023-11-30T04:00:00+00:00' AIRFLOW_CTX_TRY_NUMBER='1' AIRFLOW_CTX_DAG_RUN_ID='scheduled__2023-11-30T04:00:00+00:00'
[2023-12-28T16:54:07.927+0000] {airQuality.py:90} INFO - Data Found: {'city': ['Jakarta'], 'country': ['ID'], 'unit': ['o3'], 'last_value': [-0.999], 'lat': [-6.182536], 'lng': [106.834236]}
[2023-12-28T16:54:07.929+0000] {python.py:194} INFO - Done. Returned value was: Transform
[2023-12-28T16:54:07.945+0000] {python.py:227} INFO - Branch callable return Transform
[2023-12-28T16:54:07.947+0000] {skipmixin.py:173} INFO - Following branch Transform
[2023-12-28T16:54:08.063+0000] {skipmixin.py:239} INFO - Skipping tasks [('Error_Response', -1)]
[2023-12-28T16:54:08.314+0000] {taskinstance.py:1400} INFO - Marking task as SUCCESS. dag_id=air_quality, task_id=Check_Response, execution_date=20231130T040000, start_date=20231228T165406, end_date=20231228T165408
[2023-12-28T16:54:08.439+0000] {local_task_job_runner.py:228} INFO - Task exited with return code 0
[2023-12-28T16:54:08.924+0000] {taskinstance.py:2778} INFO - 0 downstream tasks scheduled from follow-on schedule check
