[2023-12-15T16:46:42.525+0000] {logging_mixin.py:154} INFO - Changing /opt/***/logs/dag_id=air_quality/run_id=manual__2023-12-15T16:46:38.924504+00:00/task_id=Check_Response permission to 509
[2023-12-15T16:46:42.527+0000] {logging_mixin.py:154} INFO - Failed to change /opt/***/logs/dag_id=air_quality/run_id=manual__2023-12-15T16:46:38.924504+00:00/task_id=Check_Response permission to 509: [Errno 1] Operation not permitted: '/opt/***/logs/dag_id=air_quality/run_id=manual__2023-12-15T16:46:38.924504+00:00/task_id=Check_Response'
[2023-12-15T16:46:42.563+0000] {logging_mixin.py:154} INFO - Changing /opt/***/logs/dag_id=air_quality/run_id=manual__2023-12-15T16:46:38.924504+00:00/task_id=Check_Response permission to 509
[2023-12-15T16:46:42.564+0000] {logging_mixin.py:154} INFO - Failed to change /opt/***/logs/dag_id=air_quality/run_id=manual__2023-12-15T16:46:38.924504+00:00/task_id=Check_Response permission to 509: [Errno 1] Operation not permitted: '/opt/***/logs/dag_id=air_quality/run_id=manual__2023-12-15T16:46:38.924504+00:00/task_id=Check_Response'
[2023-12-15T16:46:42.598+0000] {taskinstance.py:1159} INFO - Dependencies all met for dep_context=non-requeueable deps ti=<TaskInstance: air_quality.Check_Response manual__2023-12-15T16:46:38.924504+00:00 [queued]>
[2023-12-15T16:46:42.608+0000] {taskinstance.py:1159} INFO - Dependencies all met for dep_context=requeueable deps ti=<TaskInstance: air_quality.Check_Response manual__2023-12-15T16:46:38.924504+00:00 [queued]>
[2023-12-15T16:46:42.610+0000] {taskinstance.py:1361} INFO - Starting attempt 1 of 2
[2023-12-15T16:46:42.627+0000] {taskinstance.py:1382} INFO - Executing <Task(BranchPythonOperator): Check_Response> on 2023-12-15 16:46:38.924504+00:00
[2023-12-15T16:46:42.631+0000] {standard_task_runner.py:57} INFO - Started process 463 to run task
[2023-12-15T16:46:42.633+0000] {standard_task_runner.py:84} INFO - Running: ['***', 'tasks', 'run', 'air_quality', 'Check_Response', 'manual__2023-12-15T16:46:38.924504+00:00', '--job-id', '67', '--raw', '--subdir', 'DAGS_FOLDER/airQuality.py', '--cfg-path', '/tmp/tmpo4uu8xyf']
[2023-12-15T16:46:42.635+0000] {standard_task_runner.py:85} INFO - Job 67: Subtask Check_Response
[2023-12-15T16:46:42.678+0000] {logging_mixin.py:154} INFO - Changing /opt/***/logs/dag_id=air_quality/run_id=manual__2023-12-15T16:46:38.924504+00:00/task_id=Check_Response permission to 509
[2023-12-15T16:46:42.679+0000] {logging_mixin.py:154} INFO - Failed to change /opt/***/logs/dag_id=air_quality/run_id=manual__2023-12-15T16:46:38.924504+00:00/task_id=Check_Response permission to 509: [Errno 1] Operation not permitted: '/opt/***/logs/dag_id=air_quality/run_id=manual__2023-12-15T16:46:38.924504+00:00/task_id=Check_Response'
[2023-12-15T16:46:42.683+0000] {task_command.py:416} INFO - Running <TaskInstance: air_quality.Check_Response manual__2023-12-15T16:46:38.924504+00:00 [running]> on host d739bc9bef06
[2023-12-15T16:46:42.774+0000] {taskinstance.py:1662} INFO - Exporting env vars: AIRFLOW_CTX_DAG_OWNER='ghifari' AIRFLOW_CTX_DAG_ID='air_quality' AIRFLOW_CTX_TASK_ID='Check_Response' AIRFLOW_CTX_EXECUTION_DATE='2023-12-15T16:46:38.924504+00:00' AIRFLOW_CTX_TRY_NUMBER='1' AIRFLOW_CTX_DAG_RUN_ID='manual__2023-12-15T16:46:38.924504+00:00'
[2023-12-15T16:46:42.786+0000] {logging_mixin.py:154} INFO - {'city': ['Jakarta'], 'country': ['ID'], 'unit': ['o3'], 'last_value': [-0.999], 'lat': [-6.182536], 'lng': [106.834236]}
[2023-12-15T16:46:42.787+0000] {python.py:194} INFO - Done. Returned value was: Got To Transform
[2023-12-15T16:46:42.787+0000] {python.py:227} INFO - Branch callable return Got To Transform
[2023-12-15T16:46:42.788+0000] {skipmixin.py:173} INFO - Following branch Got To Transform
[2023-12-15T16:46:42.797+0000] {taskinstance.py:1937} ERROR - Task failed with exception
Traceback (most recent call last):
  File "/home/airflow/.local/lib/python3.8/site-packages/airflow/operators/python.py", line 228, in execute
    self.skip_all_except(context["ti"], branch)
  File "/home/airflow/.local/lib/python3.8/site-packages/airflow/models/skipmixin.py", line 208, in skip_all_except
    raise AirflowException(
airflow.exceptions.AirflowException: 'branch_task_ids' must contain only valid task_ids. Invalid tasks found: {'Got To Transform'}.
[2023-12-15T16:46:42.802+0000] {taskinstance.py:1400} INFO - Marking task as UP_FOR_RETRY. dag_id=air_quality, task_id=Check_Response, execution_date=20231215T164638, start_date=20231215T164642, end_date=20231215T164642
[2023-12-15T16:46:42.816+0000] {standard_task_runner.py:104} ERROR - Failed to execute job 67 for task Check_Response ('branch_task_ids' must contain only valid task_ids. Invalid tasks found: {'Got To Transform'}.; 463)
[2023-12-15T16:46:42.846+0000] {local_task_job_runner.py:228} INFO - Task exited with return code 1
[2023-12-15T16:46:42.896+0000] {taskinstance.py:2778} INFO - 0 downstream tasks scheduled from follow-on schedule check
