[2023-12-17T11:18:50.619+0000] {logging_mixin.py:154} INFO - Changing /opt/***/logs/dag_id=air_quality/run_id=scheduled__2023-11-28T04:00:00+00:00/task_id=Insert_Data permission to 509
[2023-12-17T11:18:50.642+0000] {logging_mixin.py:154} INFO - Failed to change /opt/***/logs/dag_id=air_quality/run_id=scheduled__2023-11-28T04:00:00+00:00/task_id=Insert_Data permission to 509: [Errno 1] Operation not permitted: '/opt/***/logs/dag_id=air_quality/run_id=scheduled__2023-11-28T04:00:00+00:00/task_id=Insert_Data'
[2023-12-17T11:18:50.814+0000] {logging_mixin.py:154} INFO - Changing /opt/***/logs/dag_id=air_quality/run_id=scheduled__2023-11-28T04:00:00+00:00/task_id=Insert_Data permission to 509
[2023-12-17T11:18:50.815+0000] {logging_mixin.py:154} INFO - Failed to change /opt/***/logs/dag_id=air_quality/run_id=scheduled__2023-11-28T04:00:00+00:00/task_id=Insert_Data permission to 509: [Errno 1] Operation not permitted: '/opt/***/logs/dag_id=air_quality/run_id=scheduled__2023-11-28T04:00:00+00:00/task_id=Insert_Data'
[2023-12-17T11:18:50.929+0000] {taskinstance.py:1159} INFO - Dependencies all met for dep_context=non-requeueable deps ti=<TaskInstance: air_quality.Insert_Data scheduled__2023-11-28T04:00:00+00:00 [queued]>
[2023-12-17T11:18:50.961+0000] {taskinstance.py:1159} INFO - Dependencies all met for dep_context=requeueable deps ti=<TaskInstance: air_quality.Insert_Data scheduled__2023-11-28T04:00:00+00:00 [queued]>
[2023-12-17T11:18:50.970+0000] {taskinstance.py:1361} INFO - Starting attempt 1 of 2
[2023-12-17T11:18:51.040+0000] {taskinstance.py:1382} INFO - Executing <Task(PythonOperator): Insert_Data> on 2023-11-28 04:00:00+00:00
[2023-12-17T11:18:51.061+0000] {standard_task_runner.py:57} INFO - Started process 2233 to run task
[2023-12-17T11:18:51.070+0000] {standard_task_runner.py:84} INFO - Running: ['***', 'tasks', 'run', 'air_quality', 'Insert_Data', 'scheduled__2023-11-28T04:00:00+00:00', '--job-id', '371', '--raw', '--subdir', 'DAGS_FOLDER/airQuality.py', '--cfg-path', '/tmp/tmp9yjkpjch']
[2023-12-17T11:18:51.073+0000] {standard_task_runner.py:85} INFO - Job 371: Subtask Insert_Data
[2023-12-17T11:18:51.240+0000] {logging_mixin.py:154} INFO - Changing /opt/***/logs/dag_id=air_quality/run_id=scheduled__2023-11-28T04:00:00+00:00/task_id=Insert_Data permission to 509
[2023-12-17T11:18:51.241+0000] {logging_mixin.py:154} INFO - Failed to change /opt/***/logs/dag_id=air_quality/run_id=scheduled__2023-11-28T04:00:00+00:00/task_id=Insert_Data permission to 509: [Errno 1] Operation not permitted: '/opt/***/logs/dag_id=air_quality/run_id=scheduled__2023-11-28T04:00:00+00:00/task_id=Insert_Data'
[2023-12-17T11:18:51.261+0000] {task_command.py:416} INFO - Running <TaskInstance: air_quality.Insert_Data scheduled__2023-11-28T04:00:00+00:00 [running]> on host 1a58977f5573
[2023-12-17T11:18:51.607+0000] {taskinstance.py:1662} INFO - Exporting env vars: AIRFLOW_CTX_DAG_OWNER='ghifari' AIRFLOW_CTX_DAG_ID='air_quality' AIRFLOW_CTX_TASK_ID='Insert_Data' AIRFLOW_CTX_EXECUTION_DATE='2023-11-28T04:00:00+00:00' AIRFLOW_CTX_TRY_NUMBER='1' AIRFLOW_CTX_DAG_RUN_ID='scheduled__2023-11-28T04:00:00+00:00'
[2023-12-17T11:18:54.588+0000] {logging_mixin.py:154} INFO - city           object
country        object
unit           object
last_value    float64
lat           float64
lng           float64
dtype: object
[2023-12-17T11:18:54.602+0000] {base.py:73} INFO - Using connection ID 'neonServerDB-Postgres' for task execution.
[2023-12-17T11:18:57.053+0000] {python.py:194} INFO - Done. Returned value was: None
[2023-12-17T11:18:57.090+0000] {taskinstance.py:1400} INFO - Marking task as SUCCESS. dag_id=air_quality, task_id=Insert_Data, execution_date=20231128T040000, start_date=20231217T111850, end_date=20231217T111857
[2023-12-17T11:18:57.158+0000] {local_task_job_runner.py:228} INFO - Task exited with return code 0
[2023-12-17T11:18:57.181+0000] {taskinstance.py:2778} INFO - 0 downstream tasks scheduled from follow-on schedule check
[2023-12-28T16:54:31.800+0000] {logging_mixin.py:154} INFO - Changing /opt/***/logs/dag_id=air_quality/run_id=scheduled__2023-11-28T04:00:00+00:00/task_id=Insert_Data permission to 509
[2023-12-28T16:54:31.819+0000] {logging_mixin.py:154} INFO - Failed to change /opt/***/logs/dag_id=air_quality/run_id=scheduled__2023-11-28T04:00:00+00:00/task_id=Insert_Data permission to 509: [Errno 1] Operation not permitted: '/opt/***/logs/dag_id=air_quality/run_id=scheduled__2023-11-28T04:00:00+00:00/task_id=Insert_Data'
[2023-12-28T16:54:31.898+0000] {logging_mixin.py:154} INFO - Changing /opt/***/logs/dag_id=air_quality/run_id=scheduled__2023-11-28T04:00:00+00:00/task_id=Insert_Data permission to 509
[2023-12-28T16:54:31.900+0000] {logging_mixin.py:154} INFO - Failed to change /opt/***/logs/dag_id=air_quality/run_id=scheduled__2023-11-28T04:00:00+00:00/task_id=Insert_Data permission to 509: [Errno 1] Operation not permitted: '/opt/***/logs/dag_id=air_quality/run_id=scheduled__2023-11-28T04:00:00+00:00/task_id=Insert_Data'
[2023-12-28T16:54:32.053+0000] {taskinstance.py:1159} INFO - Dependencies all met for dep_context=non-requeueable deps ti=<TaskInstance: air_quality.Insert_Data scheduled__2023-11-28T04:00:00+00:00 [queued]>
[2023-12-28T16:54:32.085+0000] {taskinstance.py:1159} INFO - Dependencies all met for dep_context=requeueable deps ti=<TaskInstance: air_quality.Insert_Data scheduled__2023-11-28T04:00:00+00:00 [queued]>
[2023-12-28T16:54:32.087+0000] {taskinstance.py:1361} INFO - Starting attempt 1 of 2
[2023-12-28T16:54:32.150+0000] {taskinstance.py:1382} INFO - Executing <Task(PythonOperator): Insert_Data> on 2023-11-28 04:00:00+00:00
[2023-12-28T16:54:32.164+0000] {standard_task_runner.py:57} INFO - Started process 982 to run task
[2023-12-28T16:54:32.179+0000] {standard_task_runner.py:84} INFO - Running: ['***', 'tasks', 'run', 'air_quality', 'Insert_Data', 'scheduled__2023-11-28T04:00:00+00:00', '--job-id', '1081', '--raw', '--subdir', 'DAGS_FOLDER/airQuality.py', '--cfg-path', '/tmp/tmp5txtq5sm']
[2023-12-28T16:54:32.183+0000] {standard_task_runner.py:85} INFO - Job 1081: Subtask Insert_Data
[2023-12-28T16:54:32.369+0000] {logging_mixin.py:154} INFO - Changing /opt/***/logs/dag_id=air_quality/run_id=scheduled__2023-11-28T04:00:00+00:00/task_id=Insert_Data permission to 509
[2023-12-28T16:54:32.371+0000] {logging_mixin.py:154} INFO - Failed to change /opt/***/logs/dag_id=air_quality/run_id=scheduled__2023-11-28T04:00:00+00:00/task_id=Insert_Data permission to 509: [Errno 1] Operation not permitted: '/opt/***/logs/dag_id=air_quality/run_id=scheduled__2023-11-28T04:00:00+00:00/task_id=Insert_Data'
[2023-12-28T16:54:32.375+0000] {task_command.py:416} INFO - Running <TaskInstance: air_quality.Insert_Data scheduled__2023-11-28T04:00:00+00:00 [running]> on host d67dd4682ccf
[2023-12-28T16:54:32.860+0000] {taskinstance.py:1662} INFO - Exporting env vars: AIRFLOW_CTX_DAG_OWNER='ghifari' AIRFLOW_CTX_DAG_ID='air_quality' AIRFLOW_CTX_TASK_ID='Insert_Data' AIRFLOW_CTX_EXECUTION_DATE='2023-11-28T04:00:00+00:00' AIRFLOW_CTX_TRY_NUMBER='1' AIRFLOW_CTX_DAG_RUN_ID='scheduled__2023-11-28T04:00:00+00:00'
[2023-12-28T16:54:35.420+0000] {logging_mixin.py:154} INFO - city           object
country        object
unit           object
last_value    float64
lat           float64
lng           float64
dtype: object
[2023-12-28T16:54:35.501+0000] {base.py:73} INFO - Using connection ID 'neonServerDB-Postgres' for task execution.
[2023-12-28T16:54:35.798+0000] {python.py:194} INFO - Done. Returned value was: None
[2023-12-28T16:54:35.847+0000] {taskinstance.py:1400} INFO - Marking task as SUCCESS. dag_id=air_quality, task_id=Insert_Data, execution_date=20231128T040000, start_date=20231228T165432, end_date=20231228T165435
[2023-12-28T16:54:35.955+0000] {local_task_job_runner.py:228} INFO - Task exited with return code 0
[2023-12-28T16:54:36.008+0000] {taskinstance.py:2778} INFO - 0 downstream tasks scheduled from follow-on schedule check
