[2023-12-28T16:08:50.118+0000] {logging_mixin.py:154} INFO - Changing /opt/***/logs/dag_id=air_quality/run_id=scheduled__2023-12-24T04:00:00+00:00/task_id=Check_Response permission to 509
[2023-12-28T16:08:50.124+0000] {logging_mixin.py:154} INFO - Failed to change /opt/***/logs/dag_id=air_quality/run_id=scheduled__2023-12-24T04:00:00+00:00/task_id=Check_Response permission to 509: [Errno 1] Operation not permitted: '/opt/***/logs/dag_id=air_quality/run_id=scheduled__2023-12-24T04:00:00+00:00/task_id=Check_Response'
[2023-12-28T16:08:50.312+0000] {logging_mixin.py:154} INFO - Changing /opt/***/logs/dag_id=air_quality/run_id=scheduled__2023-12-24T04:00:00+00:00/task_id=Check_Response permission to 509
[2023-12-28T16:08:50.313+0000] {logging_mixin.py:154} INFO - Failed to change /opt/***/logs/dag_id=air_quality/run_id=scheduled__2023-12-24T04:00:00+00:00/task_id=Check_Response permission to 509: [Errno 1] Operation not permitted: '/opt/***/logs/dag_id=air_quality/run_id=scheduled__2023-12-24T04:00:00+00:00/task_id=Check_Response'
[2023-12-28T16:08:50.455+0000] {taskinstance.py:1159} INFO - Dependencies all met for dep_context=non-requeueable deps ti=<TaskInstance: air_quality.Check_Response scheduled__2023-12-24T04:00:00+00:00 [queued]>
[2023-12-28T16:08:50.508+0000] {taskinstance.py:1159} INFO - Dependencies all met for dep_context=requeueable deps ti=<TaskInstance: air_quality.Check_Response scheduled__2023-12-24T04:00:00+00:00 [queued]>
[2023-12-28T16:08:50.511+0000] {taskinstance.py:1361} INFO - Starting attempt 1 of 2
[2023-12-28T16:08:50.622+0000] {taskinstance.py:1382} INFO - Executing <Task(BranchPythonOperator): Check_Response> on 2023-12-24 04:00:00+00:00
[2023-12-28T16:08:50.683+0000] {standard_task_runner.py:57} INFO - Started process 509 to run task
[2023-12-28T16:08:50.722+0000] {standard_task_runner.py:84} INFO - Running: ['***', 'tasks', 'run', 'air_quality', 'Check_Response', 'scheduled__2023-12-24T04:00:00+00:00', '--job-id', '747', '--raw', '--subdir', 'DAGS_FOLDER/airQuality.py', '--cfg-path', '/tmp/tmpwl0omnsf']
[2023-12-28T16:08:50.737+0000] {standard_task_runner.py:85} INFO - Job 747: Subtask Check_Response
[2023-12-28T16:08:50.942+0000] {logging_mixin.py:154} INFO - Changing /opt/***/logs/dag_id=air_quality/run_id=scheduled__2023-12-24T04:00:00+00:00/task_id=Check_Response permission to 509
[2023-12-28T16:08:50.951+0000] {logging_mixin.py:154} INFO - Failed to change /opt/***/logs/dag_id=air_quality/run_id=scheduled__2023-12-24T04:00:00+00:00/task_id=Check_Response permission to 509: [Errno 1] Operation not permitted: '/opt/***/logs/dag_id=air_quality/run_id=scheduled__2023-12-24T04:00:00+00:00/task_id=Check_Response'
[2023-12-28T16:08:50.963+0000] {task_command.py:416} INFO - Running <TaskInstance: air_quality.Check_Response scheduled__2023-12-24T04:00:00+00:00 [running]> on host d67dd4682ccf
[2023-12-28T16:08:51.499+0000] {taskinstance.py:1662} INFO - Exporting env vars: AIRFLOW_CTX_DAG_OWNER='ghifari' AIRFLOW_CTX_DAG_ID='air_quality' AIRFLOW_CTX_TASK_ID='Check_Response' AIRFLOW_CTX_EXECUTION_DATE='2023-12-24T04:00:00+00:00' AIRFLOW_CTX_TRY_NUMBER='1' AIRFLOW_CTX_DAG_RUN_ID='scheduled__2023-12-24T04:00:00+00:00'
[2023-12-28T16:08:51.577+0000] {airQuality.py:90} INFO - Data Found: {'city': ['Jakarta'], 'country': ['ID'], 'unit': ['pm25'], 'last_value': [-999.0], 'lat': [-6.182536], 'lng': [106.834236]}
[2023-12-28T16:08:51.580+0000] {python.py:194} INFO - Done. Returned value was: Transform
[2023-12-28T16:08:51.582+0000] {python.py:227} INFO - Branch callable return Transform
[2023-12-28T16:08:51.583+0000] {skipmixin.py:173} INFO - Following branch Transform
[2023-12-28T16:08:51.645+0000] {skipmixin.py:239} INFO - Skipping tasks [('Error_Response', -1)]
[2023-12-28T16:08:51.938+0000] {taskinstance.py:1400} INFO - Marking task as SUCCESS. dag_id=air_quality, task_id=Check_Response, execution_date=20231224T040000, start_date=20231228T160850, end_date=20231228T160851
[2023-12-28T16:08:52.078+0000] {local_task_job_runner.py:228} INFO - Task exited with return code 0
[2023-12-28T16:08:52.264+0000] {taskinstance.py:2778} INFO - 1 downstream tasks scheduled from follow-on schedule check
[2023-12-28T16:52:04.592+0000] {logging_mixin.py:154} INFO - Changing /opt/***/logs/dag_id=air_quality/run_id=scheduled__2023-12-24T04:00:00+00:00/task_id=Check_Response permission to 509
[2023-12-28T16:52:04.598+0000] {logging_mixin.py:154} INFO - Failed to change /opt/***/logs/dag_id=air_quality/run_id=scheduled__2023-12-24T04:00:00+00:00/task_id=Check_Response permission to 509: [Errno 1] Operation not permitted: '/opt/***/logs/dag_id=air_quality/run_id=scheduled__2023-12-24T04:00:00+00:00/task_id=Check_Response'
[2023-12-28T16:52:04.762+0000] {logging_mixin.py:154} INFO - Changing /opt/***/logs/dag_id=air_quality/run_id=scheduled__2023-12-24T04:00:00+00:00/task_id=Check_Response permission to 509
[2023-12-28T16:52:04.766+0000] {logging_mixin.py:154} INFO - Failed to change /opt/***/logs/dag_id=air_quality/run_id=scheduled__2023-12-24T04:00:00+00:00/task_id=Check_Response permission to 509: [Errno 1] Operation not permitted: '/opt/***/logs/dag_id=air_quality/run_id=scheduled__2023-12-24T04:00:00+00:00/task_id=Check_Response'
[2023-12-28T16:52:04.929+0000] {taskinstance.py:1159} INFO - Dependencies all met for dep_context=non-requeueable deps ti=<TaskInstance: air_quality.Check_Response scheduled__2023-12-24T04:00:00+00:00 [queued]>
[2023-12-28T16:52:04.957+0000] {taskinstance.py:1159} INFO - Dependencies all met for dep_context=requeueable deps ti=<TaskInstance: air_quality.Check_Response scheduled__2023-12-24T04:00:00+00:00 [queued]>
[2023-12-28T16:52:04.959+0000] {taskinstance.py:1361} INFO - Starting attempt 1 of 2
[2023-12-28T16:52:05.020+0000] {taskinstance.py:1382} INFO - Executing <Task(BranchPythonOperator): Check_Response> on 2023-12-24 04:00:00+00:00
[2023-12-28T16:52:05.033+0000] {standard_task_runner.py:57} INFO - Started process 311 to run task
[2023-12-28T16:52:05.082+0000] {standard_task_runner.py:84} INFO - Running: ['***', 'tasks', 'run', 'air_quality', 'Check_Response', 'scheduled__2023-12-24T04:00:00+00:00', '--job-id', '899', '--raw', '--subdir', 'DAGS_FOLDER/airQuality.py', '--cfg-path', '/tmp/tmpnpk9bk8b']
[2023-12-28T16:52:05.086+0000] {standard_task_runner.py:85} INFO - Job 899: Subtask Check_Response
[2023-12-28T16:52:05.402+0000] {logging_mixin.py:154} INFO - Changing /opt/***/logs/dag_id=air_quality/run_id=scheduled__2023-12-24T04:00:00+00:00/task_id=Check_Response permission to 509
[2023-12-28T16:52:05.406+0000] {logging_mixin.py:154} INFO - Failed to change /opt/***/logs/dag_id=air_quality/run_id=scheduled__2023-12-24T04:00:00+00:00/task_id=Check_Response permission to 509: [Errno 1] Operation not permitted: '/opt/***/logs/dag_id=air_quality/run_id=scheduled__2023-12-24T04:00:00+00:00/task_id=Check_Response'
[2023-12-28T16:52:05.444+0000] {task_command.py:416} INFO - Running <TaskInstance: air_quality.Check_Response scheduled__2023-12-24T04:00:00+00:00 [running]> on host d67dd4682ccf
[2023-12-28T16:52:06.029+0000] {taskinstance.py:1662} INFO - Exporting env vars: AIRFLOW_CTX_DAG_OWNER='ghifari' AIRFLOW_CTX_DAG_ID='air_quality' AIRFLOW_CTX_TASK_ID='Check_Response' AIRFLOW_CTX_EXECUTION_DATE='2023-12-24T04:00:00+00:00' AIRFLOW_CTX_TRY_NUMBER='1' AIRFLOW_CTX_DAG_RUN_ID='scheduled__2023-12-24T04:00:00+00:00'
[2023-12-28T16:52:06.106+0000] {airQuality.py:90} INFO - Data Found: {'city': ['Jakarta'], 'country': ['ID'], 'unit': ['o3'], 'last_value': [-0.999], 'lat': [-6.182536], 'lng': [106.834236]}
[2023-12-28T16:52:06.113+0000] {python.py:194} INFO - Done. Returned value was: Transform
[2023-12-28T16:52:06.117+0000] {python.py:227} INFO - Branch callable return Transform
[2023-12-28T16:52:06.118+0000] {skipmixin.py:173} INFO - Following branch Transform
[2023-12-28T16:52:06.198+0000] {skipmixin.py:239} INFO - Skipping tasks [('Error_Response', -1)]
[2023-12-28T16:52:06.486+0000] {taskinstance.py:1400} INFO - Marking task as SUCCESS. dag_id=air_quality, task_id=Check_Response, execution_date=20231224T040000, start_date=20231228T165204, end_date=20231228T165206
[2023-12-28T16:52:06.580+0000] {local_task_job_runner.py:228} INFO - Task exited with return code 0
[2023-12-28T16:52:06.875+0000] {taskinstance.py:2778} INFO - 0 downstream tasks scheduled from follow-on schedule check
[2023-12-28T16:52:36.284+0000] {logging_mixin.py:154} INFO - Changing /opt/***/logs/dag_id=air_quality/run_id=scheduled__2023-12-24T04:00:00+00:00/task_id=Check_Response permission to 509
[2023-12-28T16:52:36.289+0000] {logging_mixin.py:154} INFO - Failed to change /opt/***/logs/dag_id=air_quality/run_id=scheduled__2023-12-24T04:00:00+00:00/task_id=Check_Response permission to 509: [Errno 1] Operation not permitted: '/opt/***/logs/dag_id=air_quality/run_id=scheduled__2023-12-24T04:00:00+00:00/task_id=Check_Response'
[2023-12-28T16:52:36.460+0000] {logging_mixin.py:154} INFO - Changing /opt/***/logs/dag_id=air_quality/run_id=scheduled__2023-12-24T04:00:00+00:00/task_id=Check_Response permission to 509
[2023-12-28T16:52:36.471+0000] {logging_mixin.py:154} INFO - Failed to change /opt/***/logs/dag_id=air_quality/run_id=scheduled__2023-12-24T04:00:00+00:00/task_id=Check_Response permission to 509: [Errno 1] Operation not permitted: '/opt/***/logs/dag_id=air_quality/run_id=scheduled__2023-12-24T04:00:00+00:00/task_id=Check_Response'
[2023-12-28T16:52:36.637+0000] {taskinstance.py:1159} INFO - Dependencies all met for dep_context=non-requeueable deps ti=<TaskInstance: air_quality.Check_Response scheduled__2023-12-24T04:00:00+00:00 [queued]>
[2023-12-28T16:52:36.701+0000] {taskinstance.py:1159} INFO - Dependencies all met for dep_context=requeueable deps ti=<TaskInstance: air_quality.Check_Response scheduled__2023-12-24T04:00:00+00:00 [queued]>
[2023-12-28T16:52:36.703+0000] {taskinstance.py:1361} INFO - Starting attempt 1 of 2
[2023-12-28T16:52:36.766+0000] {taskinstance.py:1382} INFO - Executing <Task(BranchPythonOperator): Check_Response> on 2023-12-24 04:00:00+00:00
[2023-12-28T16:52:36.781+0000] {standard_task_runner.py:57} INFO - Started process 623 to run task
[2023-12-28T16:52:36.797+0000] {standard_task_runner.py:84} INFO - Running: ['***', 'tasks', 'run', 'air_quality', 'Check_Response', 'scheduled__2023-12-24T04:00:00+00:00', '--job-id', '963', '--raw', '--subdir', 'DAGS_FOLDER/airQuality.py', '--cfg-path', '/tmp/tmp3ghn7w44']
[2023-12-28T16:52:36.804+0000] {standard_task_runner.py:85} INFO - Job 963: Subtask Check_Response
[2023-12-28T16:52:37.031+0000] {logging_mixin.py:154} INFO - Changing /opt/***/logs/dag_id=air_quality/run_id=scheduled__2023-12-24T04:00:00+00:00/task_id=Check_Response permission to 509
[2023-12-28T16:52:37.033+0000] {logging_mixin.py:154} INFO - Failed to change /opt/***/logs/dag_id=air_quality/run_id=scheduled__2023-12-24T04:00:00+00:00/task_id=Check_Response permission to 509: [Errno 1] Operation not permitted: '/opt/***/logs/dag_id=air_quality/run_id=scheduled__2023-12-24T04:00:00+00:00/task_id=Check_Response'
[2023-12-28T16:52:37.053+0000] {task_command.py:416} INFO - Running <TaskInstance: air_quality.Check_Response scheduled__2023-12-24T04:00:00+00:00 [running]> on host d67dd4682ccf
[2023-12-28T16:52:37.417+0000] {taskinstance.py:1662} INFO - Exporting env vars: AIRFLOW_CTX_DAG_OWNER='ghifari' AIRFLOW_CTX_DAG_ID='air_quality' AIRFLOW_CTX_TASK_ID='Check_Response' AIRFLOW_CTX_EXECUTION_DATE='2023-12-24T04:00:00+00:00' AIRFLOW_CTX_TRY_NUMBER='1' AIRFLOW_CTX_DAG_RUN_ID='scheduled__2023-12-24T04:00:00+00:00'
[2023-12-28T16:52:37.464+0000] {airQuality.py:90} INFO - Data Found: {'city': ['Jakarta'], 'country': ['ID'], 'unit': ['o3'], 'last_value': [-0.999], 'lat': [-6.182536], 'lng': [106.834236]}
[2023-12-28T16:52:37.467+0000] {python.py:194} INFO - Done. Returned value was: Transform
[2023-12-28T16:52:37.470+0000] {python.py:227} INFO - Branch callable return Transform
[2023-12-28T16:52:37.471+0000] {skipmixin.py:173} INFO - Following branch Transform
[2023-12-28T16:52:37.545+0000] {skipmixin.py:239} INFO - Skipping tasks [('Error_Response', -1)]
[2023-12-28T16:52:37.722+0000] {taskinstance.py:1400} INFO - Marking task as SUCCESS. dag_id=air_quality, task_id=Check_Response, execution_date=20231224T040000, start_date=20231228T165236, end_date=20231228T165237
[2023-12-28T16:52:37.898+0000] {local_task_job_runner.py:228} INFO - Task exited with return code 0
[2023-12-28T16:52:38.080+0000] {taskinstance.py:2778} INFO - 1 downstream tasks scheduled from follow-on schedule check
[2023-12-28T16:55:33.876+0000] {logging_mixin.py:154} INFO - Changing /opt/***/logs/dag_id=air_quality/run_id=scheduled__2023-12-24T04:00:00+00:00/task_id=Check_Response permission to 509
[2023-12-28T16:55:33.879+0000] {logging_mixin.py:154} INFO - Failed to change /opt/***/logs/dag_id=air_quality/run_id=scheduled__2023-12-24T04:00:00+00:00/task_id=Check_Response permission to 509: [Errno 1] Operation not permitted: '/opt/***/logs/dag_id=air_quality/run_id=scheduled__2023-12-24T04:00:00+00:00/task_id=Check_Response'
[2023-12-28T16:55:34.105+0000] {logging_mixin.py:154} INFO - Changing /opt/***/logs/dag_id=air_quality/run_id=scheduled__2023-12-24T04:00:00+00:00/task_id=Check_Response permission to 509
[2023-12-28T16:55:34.110+0000] {logging_mixin.py:154} INFO - Failed to change /opt/***/logs/dag_id=air_quality/run_id=scheduled__2023-12-24T04:00:00+00:00/task_id=Check_Response permission to 509: [Errno 1] Operation not permitted: '/opt/***/logs/dag_id=air_quality/run_id=scheduled__2023-12-24T04:00:00+00:00/task_id=Check_Response'
[2023-12-28T16:55:34.235+0000] {taskinstance.py:1159} INFO - Dependencies all met for dep_context=non-requeueable deps ti=<TaskInstance: air_quality.Check_Response scheduled__2023-12-24T04:00:00+00:00 [queued]>
[2023-12-28T16:55:34.265+0000] {taskinstance.py:1159} INFO - Dependencies all met for dep_context=requeueable deps ti=<TaskInstance: air_quality.Check_Response scheduled__2023-12-24T04:00:00+00:00 [queued]>
[2023-12-28T16:55:34.266+0000] {taskinstance.py:1361} INFO - Starting attempt 1 of 2
[2023-12-28T16:55:34.322+0000] {taskinstance.py:1382} INFO - Executing <Task(BranchPythonOperator): Check_Response> on 2023-12-24 04:00:00+00:00
[2023-12-28T16:55:34.333+0000] {standard_task_runner.py:57} INFO - Started process 1594 to run task
[2023-12-28T16:55:34.347+0000] {standard_task_runner.py:84} INFO - Running: ['***', 'tasks', 'run', 'air_quality', 'Check_Response', 'scheduled__2023-12-24T04:00:00+00:00', '--job-id', '1195', '--raw', '--subdir', 'DAGS_FOLDER/airQuality.py', '--cfg-path', '/tmp/tmp2_sg72jc']
[2023-12-28T16:55:34.354+0000] {standard_task_runner.py:85} INFO - Job 1195: Subtask Check_Response
[2023-12-28T16:55:34.655+0000] {logging_mixin.py:154} INFO - Changing /opt/***/logs/dag_id=air_quality/run_id=scheduled__2023-12-24T04:00:00+00:00/task_id=Check_Response permission to 509
[2023-12-28T16:55:34.657+0000] {logging_mixin.py:154} INFO - Failed to change /opt/***/logs/dag_id=air_quality/run_id=scheduled__2023-12-24T04:00:00+00:00/task_id=Check_Response permission to 509: [Errno 1] Operation not permitted: '/opt/***/logs/dag_id=air_quality/run_id=scheduled__2023-12-24T04:00:00+00:00/task_id=Check_Response'
[2023-12-28T16:55:34.666+0000] {task_command.py:416} INFO - Running <TaskInstance: air_quality.Check_Response scheduled__2023-12-24T04:00:00+00:00 [running]> on host d67dd4682ccf
[2023-12-28T16:55:35.030+0000] {taskinstance.py:1662} INFO - Exporting env vars: AIRFLOW_CTX_DAG_OWNER='ghifari' AIRFLOW_CTX_DAG_ID='air_quality' AIRFLOW_CTX_TASK_ID='Check_Response' AIRFLOW_CTX_EXECUTION_DATE='2023-12-24T04:00:00+00:00' AIRFLOW_CTX_TRY_NUMBER='1' AIRFLOW_CTX_DAG_RUN_ID='scheduled__2023-12-24T04:00:00+00:00'
[2023-12-28T16:55:35.070+0000] {airQuality.py:90} INFO - Data Found: {'city': ['Jakarta'], 'country': ['ID'], 'unit': ['o3'], 'last_value': [-0.999], 'lat': [-6.182536], 'lng': [106.834236]}
[2023-12-28T16:55:35.072+0000] {python.py:194} INFO - Done. Returned value was: Transform
[2023-12-28T16:55:35.076+0000] {python.py:227} INFO - Branch callable return Transform
[2023-12-28T16:55:35.078+0000] {skipmixin.py:173} INFO - Following branch Transform
[2023-12-28T16:55:35.112+0000] {skipmixin.py:239} INFO - Skipping tasks [('Error_Response', -1)]
[2023-12-28T16:55:35.269+0000] {taskinstance.py:1400} INFO - Marking task as SUCCESS. dag_id=air_quality, task_id=Check_Response, execution_date=20231224T040000, start_date=20231228T165534, end_date=20231228T165535
[2023-12-28T16:55:35.392+0000] {local_task_job_runner.py:228} INFO - Task exited with return code 0
[2023-12-28T16:55:35.694+0000] {taskinstance.py:2778} INFO - 0 downstream tasks scheduled from follow-on schedule check
