[2023-12-17T11:19:06.616+0000] {logging_mixin.py:154} INFO - Changing /opt/***/logs/dag_id=air_quality/run_id=scheduled__2023-12-14T04:00:00+00:00/task_id=Transform permission to 509
[2023-12-17T11:19:06.619+0000] {logging_mixin.py:154} INFO - Failed to change /opt/***/logs/dag_id=air_quality/run_id=scheduled__2023-12-14T04:00:00+00:00/task_id=Transform permission to 509: [Errno 1] Operation not permitted: '/opt/***/logs/dag_id=air_quality/run_id=scheduled__2023-12-14T04:00:00+00:00/task_id=Transform'
[2023-12-17T11:19:06.726+0000] {logging_mixin.py:154} INFO - Changing /opt/***/logs/dag_id=air_quality/run_id=scheduled__2023-12-14T04:00:00+00:00/task_id=Transform permission to 509
[2023-12-17T11:19:06.727+0000] {logging_mixin.py:154} INFO - Failed to change /opt/***/logs/dag_id=air_quality/run_id=scheduled__2023-12-14T04:00:00+00:00/task_id=Transform permission to 509: [Errno 1] Operation not permitted: '/opt/***/logs/dag_id=air_quality/run_id=scheduled__2023-12-14T04:00:00+00:00/task_id=Transform'
[2023-12-17T11:19:06.863+0000] {taskinstance.py:1159} INFO - Dependencies all met for dep_context=non-requeueable deps ti=<TaskInstance: air_quality.Transform scheduled__2023-12-14T04:00:00+00:00 [queued]>
[2023-12-17T11:19:06.892+0000] {taskinstance.py:1159} INFO - Dependencies all met for dep_context=requeueable deps ti=<TaskInstance: air_quality.Transform scheduled__2023-12-14T04:00:00+00:00 [queued]>
[2023-12-17T11:19:06.893+0000] {taskinstance.py:1361} INFO - Starting attempt 1 of 2
[2023-12-17T11:19:06.937+0000] {taskinstance.py:1382} INFO - Executing <Task(PythonOperator): Transform> on 2023-12-14 04:00:00+00:00
[2023-12-17T11:19:06.944+0000] {standard_task_runner.py:57} INFO - Started process 2422 to run task
[2023-12-17T11:19:06.951+0000] {standard_task_runner.py:84} INFO - Running: ['***', 'tasks', 'run', 'air_quality', 'Transform', 'scheduled__2023-12-14T04:00:00+00:00', '--job-id', '398', '--raw', '--subdir', 'DAGS_FOLDER/airQuality.py', '--cfg-path', '/tmp/tmph2t5sgqf']
[2023-12-17T11:19:06.955+0000] {standard_task_runner.py:85} INFO - Job 398: Subtask Transform
[2023-12-17T11:19:07.081+0000] {logging_mixin.py:154} INFO - Changing /opt/***/logs/dag_id=air_quality/run_id=scheduled__2023-12-14T04:00:00+00:00/task_id=Transform permission to 509
[2023-12-17T11:19:07.082+0000] {logging_mixin.py:154} INFO - Failed to change /opt/***/logs/dag_id=air_quality/run_id=scheduled__2023-12-14T04:00:00+00:00/task_id=Transform permission to 509: [Errno 1] Operation not permitted: '/opt/***/logs/dag_id=air_quality/run_id=scheduled__2023-12-14T04:00:00+00:00/task_id=Transform'
[2023-12-17T11:19:07.086+0000] {task_command.py:416} INFO - Running <TaskInstance: air_quality.Transform scheduled__2023-12-14T04:00:00+00:00 [running]> on host 1a58977f5573
[2023-12-17T11:19:07.322+0000] {taskinstance.py:1662} INFO - Exporting env vars: AIRFLOW_CTX_DAG_OWNER='ghifari' AIRFLOW_CTX_DAG_ID='air_quality' AIRFLOW_CTX_TASK_ID='Transform' AIRFLOW_CTX_EXECUTION_DATE='2023-12-14T04:00:00+00:00' AIRFLOW_CTX_TRY_NUMBER='1' AIRFLOW_CTX_DAG_RUN_ID='scheduled__2023-12-14T04:00:00+00:00'
[2023-12-17T11:19:08.691+0000] {python.py:194} INFO - Done. Returned value was:       city country unit  last_value       lat         lng
0  Jakarta      ID   o3      -0.999 -6.182536  106.834236
[2023-12-17T11:19:08.803+0000] {taskinstance.py:1400} INFO - Marking task as SUCCESS. dag_id=air_quality, task_id=Transform, execution_date=20231214T040000, start_date=20231217T111906, end_date=20231217T111908
[2023-12-17T11:19:08.917+0000] {local_task_job_runner.py:228} INFO - Task exited with return code 0
[2023-12-17T11:19:09.048+0000] {taskinstance.py:2778} INFO - 1 downstream tasks scheduled from follow-on schedule check
[2023-12-17T12:18:16.824+0000] {logging_mixin.py:154} INFO - Changing /opt/***/logs/dag_id=air_quality/run_id=scheduled__2023-12-14T04:00:00+00:00/task_id=Transform permission to 509
[2023-12-17T12:18:16.831+0000] {logging_mixin.py:154} INFO - Failed to change /opt/***/logs/dag_id=air_quality/run_id=scheduled__2023-12-14T04:00:00+00:00/task_id=Transform permission to 509: [Errno 1] Operation not permitted: '/opt/***/logs/dag_id=air_quality/run_id=scheduled__2023-12-14T04:00:00+00:00/task_id=Transform'
[2023-12-17T12:18:16.934+0000] {logging_mixin.py:154} INFO - Changing /opt/***/logs/dag_id=air_quality/run_id=scheduled__2023-12-14T04:00:00+00:00/task_id=Transform permission to 509
[2023-12-17T12:18:16.936+0000] {logging_mixin.py:154} INFO - Failed to change /opt/***/logs/dag_id=air_quality/run_id=scheduled__2023-12-14T04:00:00+00:00/task_id=Transform permission to 509: [Errno 1] Operation not permitted: '/opt/***/logs/dag_id=air_quality/run_id=scheduled__2023-12-14T04:00:00+00:00/task_id=Transform'
[2023-12-17T12:18:17.039+0000] {taskinstance.py:1159} INFO - Dependencies all met for dep_context=non-requeueable deps ti=<TaskInstance: air_quality.Transform scheduled__2023-12-14T04:00:00+00:00 [queued]>
[2023-12-17T12:18:17.071+0000] {taskinstance.py:1159} INFO - Dependencies all met for dep_context=requeueable deps ti=<TaskInstance: air_quality.Transform scheduled__2023-12-14T04:00:00+00:00 [queued]>
[2023-12-17T12:18:17.073+0000] {taskinstance.py:1361} INFO - Starting attempt 1 of 2
[2023-12-17T12:18:17.116+0000] {taskinstance.py:1382} INFO - Executing <Task(PythonOperator): Transform> on 2023-12-14 04:00:00+00:00
[2023-12-17T12:18:17.133+0000] {standard_task_runner.py:57} INFO - Started process 4130 to run task
[2023-12-17T12:18:17.147+0000] {standard_task_runner.py:84} INFO - Running: ['***', 'tasks', 'run', 'air_quality', 'Transform', 'scheduled__2023-12-14T04:00:00+00:00', '--job-id', '613', '--raw', '--subdir', 'DAGS_FOLDER/airQuality.py', '--cfg-path', '/tmp/tmplyio395m']
[2023-12-17T12:18:17.150+0000] {standard_task_runner.py:85} INFO - Job 613: Subtask Transform
[2023-12-17T12:18:17.281+0000] {logging_mixin.py:154} INFO - Changing /opt/***/logs/dag_id=air_quality/run_id=scheduled__2023-12-14T04:00:00+00:00/task_id=Transform permission to 509
[2023-12-17T12:18:17.282+0000] {logging_mixin.py:154} INFO - Failed to change /opt/***/logs/dag_id=air_quality/run_id=scheduled__2023-12-14T04:00:00+00:00/task_id=Transform permission to 509: [Errno 1] Operation not permitted: '/opt/***/logs/dag_id=air_quality/run_id=scheduled__2023-12-14T04:00:00+00:00/task_id=Transform'
[2023-12-17T12:18:17.291+0000] {task_command.py:416} INFO - Running <TaskInstance: air_quality.Transform scheduled__2023-12-14T04:00:00+00:00 [running]> on host 1a58977f5573
[2023-12-17T12:18:17.496+0000] {taskinstance.py:1662} INFO - Exporting env vars: AIRFLOW_CTX_DAG_OWNER='ghifari' AIRFLOW_CTX_DAG_ID='air_quality' AIRFLOW_CTX_TASK_ID='Transform' AIRFLOW_CTX_EXECUTION_DATE='2023-12-14T04:00:00+00:00' AIRFLOW_CTX_TRY_NUMBER='1' AIRFLOW_CTX_DAG_RUN_ID='scheduled__2023-12-14T04:00:00+00:00'
[2023-12-17T12:18:18.967+0000] {python.py:194} INFO - Done. Returned value was:       city country  unit  last_value       lat         lng
0  Jakarta      ID  pm25      -999.0 -6.182536  106.834236
[2023-12-17T12:18:19.144+0000] {taskinstance.py:1400} INFO - Marking task as SUCCESS. dag_id=air_quality, task_id=Transform, execution_date=20231214T040000, start_date=20231217T121817, end_date=20231217T121819
[2023-12-17T12:18:19.451+0000] {local_task_job_runner.py:228} INFO - Task exited with return code 0
[2023-12-17T12:18:19.535+0000] {taskinstance.py:2778} INFO - 1 downstream tasks scheduled from follow-on schedule check
[2023-12-17T12:19:07.576+0000] {logging_mixin.py:154} INFO - Changing /opt/***/logs/dag_id=air_quality/run_id=scheduled__2023-12-14T04:00:00+00:00/task_id=Transform permission to 509
[2023-12-17T12:19:07.579+0000] {logging_mixin.py:154} INFO - Failed to change /opt/***/logs/dag_id=air_quality/run_id=scheduled__2023-12-14T04:00:00+00:00/task_id=Transform permission to 509: [Errno 1] Operation not permitted: '/opt/***/logs/dag_id=air_quality/run_id=scheduled__2023-12-14T04:00:00+00:00/task_id=Transform'
[2023-12-17T12:19:07.642+0000] {logging_mixin.py:154} INFO - Changing /opt/***/logs/dag_id=air_quality/run_id=scheduled__2023-12-14T04:00:00+00:00/task_id=Transform permission to 509
[2023-12-17T12:19:07.643+0000] {logging_mixin.py:154} INFO - Failed to change /opt/***/logs/dag_id=air_quality/run_id=scheduled__2023-12-14T04:00:00+00:00/task_id=Transform permission to 509: [Errno 1] Operation not permitted: '/opt/***/logs/dag_id=air_quality/run_id=scheduled__2023-12-14T04:00:00+00:00/task_id=Transform'
[2023-12-17T12:19:07.728+0000] {taskinstance.py:1159} INFO - Dependencies all met for dep_context=non-requeueable deps ti=<TaskInstance: air_quality.Transform scheduled__2023-12-14T04:00:00+00:00 [queued]>
[2023-12-17T12:19:07.760+0000] {taskinstance.py:1159} INFO - Dependencies all met for dep_context=requeueable deps ti=<TaskInstance: air_quality.Transform scheduled__2023-12-14T04:00:00+00:00 [queued]>
[2023-12-17T12:19:07.761+0000] {taskinstance.py:1361} INFO - Starting attempt 1 of 2
[2023-12-17T12:19:07.791+0000] {taskinstance.py:1382} INFO - Executing <Task(PythonOperator): Transform> on 2023-12-14 04:00:00+00:00
[2023-12-17T12:19:07.797+0000] {standard_task_runner.py:57} INFO - Started process 4592 to run task
[2023-12-17T12:19:07.802+0000] {standard_task_runner.py:84} INFO - Running: ['***', 'tasks', 'run', 'air_quality', 'Transform', 'scheduled__2023-12-14T04:00:00+00:00', '--job-id', '708', '--raw', '--subdir', 'DAGS_FOLDER/airQuality.py', '--cfg-path', '/tmp/tmpye3oygae']
[2023-12-17T12:19:07.804+0000] {standard_task_runner.py:85} INFO - Job 708: Subtask Transform
[2023-12-17T12:19:07.882+0000] {logging_mixin.py:154} INFO - Changing /opt/***/logs/dag_id=air_quality/run_id=scheduled__2023-12-14T04:00:00+00:00/task_id=Transform permission to 509
[2023-12-17T12:19:07.883+0000] {logging_mixin.py:154} INFO - Failed to change /opt/***/logs/dag_id=air_quality/run_id=scheduled__2023-12-14T04:00:00+00:00/task_id=Transform permission to 509: [Errno 1] Operation not permitted: '/opt/***/logs/dag_id=air_quality/run_id=scheduled__2023-12-14T04:00:00+00:00/task_id=Transform'
[2023-12-17T12:19:07.887+0000] {task_command.py:416} INFO - Running <TaskInstance: air_quality.Transform scheduled__2023-12-14T04:00:00+00:00 [running]> on host 1a58977f5573
[2023-12-17T12:19:08.039+0000] {taskinstance.py:1662} INFO - Exporting env vars: AIRFLOW_CTX_DAG_OWNER='ghifari' AIRFLOW_CTX_DAG_ID='air_quality' AIRFLOW_CTX_TASK_ID='Transform' AIRFLOW_CTX_EXECUTION_DATE='2023-12-14T04:00:00+00:00' AIRFLOW_CTX_TRY_NUMBER='1' AIRFLOW_CTX_DAG_RUN_ID='scheduled__2023-12-14T04:00:00+00:00'
[2023-12-17T12:19:08.874+0000] {python.py:194} INFO - Done. Returned value was:       city country  unit  last_value       lat         lng
0  Jakarta      ID  pm25      -999.0 -6.182536  106.834236
[2023-12-17T12:19:08.926+0000] {taskinstance.py:1400} INFO - Marking task as SUCCESS. dag_id=air_quality, task_id=Transform, execution_date=20231214T040000, start_date=20231217T121907, end_date=20231217T121908
[2023-12-17T12:19:08.978+0000] {local_task_job_runner.py:228} INFO - Task exited with return code 0
[2023-12-17T12:19:09.029+0000] {taskinstance.py:2778} INFO - 1 downstream tasks scheduled from follow-on schedule check
[2023-12-28T16:51:55.273+0000] {logging_mixin.py:154} INFO - Changing /opt/***/logs/dag_id=air_quality/run_id=scheduled__2023-12-14T04:00:00+00:00/task_id=Transform permission to 509
[2023-12-28T16:51:55.295+0000] {logging_mixin.py:154} INFO - Failed to change /opt/***/logs/dag_id=air_quality/run_id=scheduled__2023-12-14T04:00:00+00:00/task_id=Transform permission to 509: [Errno 1] Operation not permitted: '/opt/***/logs/dag_id=air_quality/run_id=scheduled__2023-12-14T04:00:00+00:00/task_id=Transform'
[2023-12-28T16:51:55.495+0000] {logging_mixin.py:154} INFO - Changing /opt/***/logs/dag_id=air_quality/run_id=scheduled__2023-12-14T04:00:00+00:00/task_id=Transform permission to 509
[2023-12-28T16:51:55.512+0000] {logging_mixin.py:154} INFO - Failed to change /opt/***/logs/dag_id=air_quality/run_id=scheduled__2023-12-14T04:00:00+00:00/task_id=Transform permission to 509: [Errno 1] Operation not permitted: '/opt/***/logs/dag_id=air_quality/run_id=scheduled__2023-12-14T04:00:00+00:00/task_id=Transform'
[2023-12-28T16:51:55.752+0000] {taskinstance.py:1159} INFO - Dependencies all met for dep_context=non-requeueable deps ti=<TaskInstance: air_quality.Transform scheduled__2023-12-14T04:00:00+00:00 [queued]>
[2023-12-28T16:51:55.835+0000] {taskinstance.py:1159} INFO - Dependencies all met for dep_context=requeueable deps ti=<TaskInstance: air_quality.Transform scheduled__2023-12-14T04:00:00+00:00 [queued]>
[2023-12-28T16:51:55.842+0000] {taskinstance.py:1361} INFO - Starting attempt 1 of 2
[2023-12-28T16:51:55.960+0000] {taskinstance.py:1382} INFO - Executing <Task(PythonOperator): Transform> on 2023-12-14 04:00:00+00:00
[2023-12-28T16:51:56.027+0000] {standard_task_runner.py:57} INFO - Started process 264 to run task
[2023-12-28T16:51:56.066+0000] {standard_task_runner.py:84} INFO - Running: ['***', 'tasks', 'run', 'air_quality', 'Transform', 'scheduled__2023-12-14T04:00:00+00:00', '--job-id', '878', '--raw', '--subdir', 'DAGS_FOLDER/airQuality.py', '--cfg-path', '/tmp/tmpp0d_cs2_']
[2023-12-28T16:51:56.077+0000] {standard_task_runner.py:85} INFO - Job 878: Subtask Transform
[2023-12-28T16:51:56.599+0000] {logging_mixin.py:154} INFO - Changing /opt/***/logs/dag_id=air_quality/run_id=scheduled__2023-12-14T04:00:00+00:00/task_id=Transform permission to 509
[2023-12-28T16:51:56.601+0000] {logging_mixin.py:154} INFO - Failed to change /opt/***/logs/dag_id=air_quality/run_id=scheduled__2023-12-14T04:00:00+00:00/task_id=Transform permission to 509: [Errno 1] Operation not permitted: '/opt/***/logs/dag_id=air_quality/run_id=scheduled__2023-12-14T04:00:00+00:00/task_id=Transform'
[2023-12-28T16:51:56.611+0000] {task_command.py:416} INFO - Running <TaskInstance: air_quality.Transform scheduled__2023-12-14T04:00:00+00:00 [running]> on host d67dd4682ccf
[2023-12-28T16:51:57.302+0000] {taskinstance.py:1662} INFO - Exporting env vars: AIRFLOW_CTX_DAG_OWNER='ghifari' AIRFLOW_CTX_DAG_ID='air_quality' AIRFLOW_CTX_TASK_ID='Transform' AIRFLOW_CTX_EXECUTION_DATE='2023-12-14T04:00:00+00:00' AIRFLOW_CTX_TRY_NUMBER='1' AIRFLOW_CTX_DAG_RUN_ID='scheduled__2023-12-14T04:00:00+00:00'
[2023-12-28T16:51:59.641+0000] {python.py:194} INFO - Done. Returned value was:       city country unit  last_value       lat         lng
0  Jakarta      ID   o3      -0.999 -6.182536  106.834236
[2023-12-28T16:51:59.842+0000] {taskinstance.py:1400} INFO - Marking task as SUCCESS. dag_id=air_quality, task_id=Transform, execution_date=20231214T040000, start_date=20231228T165155, end_date=20231228T165159
[2023-12-28T16:51:59.984+0000] {local_task_job_runner.py:228} INFO - Task exited with return code 0
[2023-12-28T16:52:00.205+0000] {taskinstance.py:2778} INFO - 1 downstream tasks scheduled from follow-on schedule check
[2023-12-28T16:54:55.157+0000] {logging_mixin.py:154} INFO - Changing /opt/***/logs/dag_id=air_quality/run_id=scheduled__2023-12-14T04:00:00+00:00/task_id=Transform permission to 509
[2023-12-28T16:54:55.166+0000] {logging_mixin.py:154} INFO - Failed to change /opt/***/logs/dag_id=air_quality/run_id=scheduled__2023-12-14T04:00:00+00:00/task_id=Transform permission to 509: [Errno 1] Operation not permitted: '/opt/***/logs/dag_id=air_quality/run_id=scheduled__2023-12-14T04:00:00+00:00/task_id=Transform'
[2023-12-28T16:54:55.416+0000] {logging_mixin.py:154} INFO - Changing /opt/***/logs/dag_id=air_quality/run_id=scheduled__2023-12-14T04:00:00+00:00/task_id=Transform permission to 509
[2023-12-28T16:54:55.428+0000] {logging_mixin.py:154} INFO - Failed to change /opt/***/logs/dag_id=air_quality/run_id=scheduled__2023-12-14T04:00:00+00:00/task_id=Transform permission to 509: [Errno 1] Operation not permitted: '/opt/***/logs/dag_id=air_quality/run_id=scheduled__2023-12-14T04:00:00+00:00/task_id=Transform'
[2023-12-28T16:54:55.694+0000] {taskinstance.py:1159} INFO - Dependencies all met for dep_context=non-requeueable deps ti=<TaskInstance: air_quality.Transform scheduled__2023-12-14T04:00:00+00:00 [queued]>
[2023-12-28T16:54:55.834+0000] {taskinstance.py:1159} INFO - Dependencies all met for dep_context=requeueable deps ti=<TaskInstance: air_quality.Transform scheduled__2023-12-14T04:00:00+00:00 [queued]>
[2023-12-28T16:54:55.850+0000] {taskinstance.py:1361} INFO - Starting attempt 1 of 2
[2023-12-28T16:54:57.220+0000] {taskinstance.py:1382} INFO - Executing <Task(PythonOperator): Transform> on 2023-12-14 04:00:00+00:00
[2023-12-28T16:54:57.279+0000] {standard_task_runner.py:57} INFO - Started process 1250 to run task
[2023-12-28T16:54:57.290+0000] {standard_task_runner.py:84} INFO - Running: ['***', 'tasks', 'run', 'air_quality', 'Transform', 'scheduled__2023-12-14T04:00:00+00:00', '--job-id', '1123', '--raw', '--subdir', 'DAGS_FOLDER/airQuality.py', '--cfg-path', '/tmp/tmpjwvt0d06']
[2023-12-28T16:54:57.360+0000] {standard_task_runner.py:85} INFO - Job 1123: Subtask Transform
[2023-12-28T16:54:57.977+0000] {logging_mixin.py:154} INFO - Changing /opt/***/logs/dag_id=air_quality/run_id=scheduled__2023-12-14T04:00:00+00:00/task_id=Transform permission to 509
[2023-12-28T16:54:57.986+0000] {logging_mixin.py:154} INFO - Failed to change /opt/***/logs/dag_id=air_quality/run_id=scheduled__2023-12-14T04:00:00+00:00/task_id=Transform permission to 509: [Errno 1] Operation not permitted: '/opt/***/logs/dag_id=air_quality/run_id=scheduled__2023-12-14T04:00:00+00:00/task_id=Transform'
[2023-12-28T16:54:57.991+0000] {task_command.py:416} INFO - Running <TaskInstance: air_quality.Transform scheduled__2023-12-14T04:00:00+00:00 [running]> on host d67dd4682ccf
[2023-12-28T16:54:58.503+0000] {taskinstance.py:1662} INFO - Exporting env vars: AIRFLOW_CTX_DAG_OWNER='ghifari' AIRFLOW_CTX_DAG_ID='air_quality' AIRFLOW_CTX_TASK_ID='Transform' AIRFLOW_CTX_EXECUTION_DATE='2023-12-14T04:00:00+00:00' AIRFLOW_CTX_TRY_NUMBER='1' AIRFLOW_CTX_DAG_RUN_ID='scheduled__2023-12-14T04:00:00+00:00'
[2023-12-28T16:55:02.197+0000] {python.py:194} INFO - Done. Returned value was:       city country unit  last_value       lat         lng
0  Jakarta      ID   o3      -0.999 -6.182536  106.834236
[2023-12-28T16:55:02.350+0000] {taskinstance.py:1400} INFO - Marking task as SUCCESS. dag_id=air_quality, task_id=Transform, execution_date=20231214T040000, start_date=20231228T165455, end_date=20231228T165502
[2023-12-28T16:55:02.688+0000] {local_task_job_runner.py:228} INFO - Task exited with return code 0
[2023-12-28T16:55:02.851+0000] {taskinstance.py:2778} INFO - 1 downstream tasks scheduled from follow-on schedule check
