[2023-12-17T11:06:10.607+0000] {logging_mixin.py:154} INFO - Changing /opt/***/logs/dag_id=air_quality/run_id=manual__2023-12-17T11:05:58.310384+00:00/task_id=Insert_Data permission to 509
[2023-12-17T11:06:10.608+0000] {logging_mixin.py:154} INFO - Failed to change /opt/***/logs/dag_id=air_quality/run_id=manual__2023-12-17T11:05:58.310384+00:00/task_id=Insert_Data permission to 509: [Errno 1] Operation not permitted: '/opt/***/logs/dag_id=air_quality/run_id=manual__2023-12-17T11:05:58.310384+00:00/task_id=Insert_Data'
[2023-12-17T11:06:10.639+0000] {logging_mixin.py:154} INFO - Changing /opt/***/logs/dag_id=air_quality/run_id=manual__2023-12-17T11:05:58.310384+00:00/task_id=Insert_Data permission to 509
[2023-12-17T11:06:10.640+0000] {logging_mixin.py:154} INFO - Failed to change /opt/***/logs/dag_id=air_quality/run_id=manual__2023-12-17T11:05:58.310384+00:00/task_id=Insert_Data permission to 509: [Errno 1] Operation not permitted: '/opt/***/logs/dag_id=air_quality/run_id=manual__2023-12-17T11:05:58.310384+00:00/task_id=Insert_Data'
[2023-12-17T11:06:10.679+0000] {taskinstance.py:1159} INFO - Dependencies all met for dep_context=non-requeueable deps ti=<TaskInstance: air_quality.Insert_Data manual__2023-12-17T11:05:58.310384+00:00 [queued]>
[2023-12-17T11:06:10.693+0000] {taskinstance.py:1159} INFO - Dependencies all met for dep_context=requeueable deps ti=<TaskInstance: air_quality.Insert_Data manual__2023-12-17T11:05:58.310384+00:00 [queued]>
[2023-12-17T11:06:10.694+0000] {taskinstance.py:1361} INFO - Starting attempt 1 of 2
[2023-12-17T11:06:10.709+0000] {taskinstance.py:1382} INFO - Executing <Task(PythonOperator): Insert_Data> on 2023-12-17 11:05:58.310384+00:00
[2023-12-17T11:06:10.714+0000] {standard_task_runner.py:57} INFO - Started process 1756 to run task
[2023-12-17T11:06:10.717+0000] {standard_task_runner.py:84} INFO - Running: ['***', 'tasks', 'run', 'air_quality', 'Insert_Data', 'manual__2023-12-17T11:05:58.310384+00:00', '--job-id', '281', '--raw', '--subdir', 'DAGS_FOLDER/airQuality.py', '--cfg-path', '/tmp/tmp7b2066nk']
[2023-12-17T11:06:10.718+0000] {standard_task_runner.py:85} INFO - Job 281: Subtask Insert_Data
[2023-12-17T11:06:10.770+0000] {logging_mixin.py:154} INFO - Changing /opt/***/logs/dag_id=air_quality/run_id=manual__2023-12-17T11:05:58.310384+00:00/task_id=Insert_Data permission to 509
[2023-12-17T11:06:10.770+0000] {logging_mixin.py:154} INFO - Failed to change /opt/***/logs/dag_id=air_quality/run_id=manual__2023-12-17T11:05:58.310384+00:00/task_id=Insert_Data permission to 509: [Errno 1] Operation not permitted: '/opt/***/logs/dag_id=air_quality/run_id=manual__2023-12-17T11:05:58.310384+00:00/task_id=Insert_Data'
[2023-12-17T11:06:10.773+0000] {task_command.py:416} INFO - Running <TaskInstance: air_quality.Insert_Data manual__2023-12-17T11:05:58.310384+00:00 [running]> on host 1a58977f5573
[2023-12-17T11:06:10.877+0000] {taskinstance.py:1662} INFO - Exporting env vars: AIRFLOW_CTX_DAG_OWNER='ghifari' AIRFLOW_CTX_DAG_ID='air_quality' AIRFLOW_CTX_TASK_ID='Insert_Data' AIRFLOW_CTX_EXECUTION_DATE='2023-12-17T11:05:58.310384+00:00' AIRFLOW_CTX_TRY_NUMBER='1' AIRFLOW_CTX_DAG_RUN_ID='manual__2023-12-17T11:05:58.310384+00:00'
[2023-12-17T11:06:11.472+0000] {logging_mixin.py:154} INFO - city           object
country        object
unit           object
last_value    float64
lat           float64
lng           float64
dtype: object
[2023-12-17T11:06:11.488+0000] {base.py:73} INFO - Using connection ID 'neonServerDB-Postgres' for task execution.
[2023-12-17T11:06:13.034+0000] {python.py:194} INFO - Done. Returned value was: None
[2023-12-17T11:06:13.068+0000] {taskinstance.py:1400} INFO - Marking task as SUCCESS. dag_id=air_quality, task_id=Insert_Data, execution_date=20231217T110558, start_date=20231217T110610, end_date=20231217T110613
[2023-12-17T11:06:13.146+0000] {local_task_job_runner.py:228} INFO - Task exited with return code 0
[2023-12-17T11:06:13.196+0000] {taskinstance.py:2778} INFO - 0 downstream tasks scheduled from follow-on schedule check
