[2023-12-17T09:18:39.936+0000] {logging_mixin.py:154} INFO - Changing /opt/***/logs/dag_id=air_quality/run_id=manual__2023-12-17T09:18:31.714120+00:00/task_id=Insert_Data permission to 509
[2023-12-17T09:18:39.938+0000] {logging_mixin.py:154} INFO - Failed to change /opt/***/logs/dag_id=air_quality/run_id=manual__2023-12-17T09:18:31.714120+00:00/task_id=Insert_Data permission to 509: [Errno 1] Operation not permitted: '/opt/***/logs/dag_id=air_quality/run_id=manual__2023-12-17T09:18:31.714120+00:00/task_id=Insert_Data'
[2023-12-17T09:18:39.974+0000] {logging_mixin.py:154} INFO - Changing /opt/***/logs/dag_id=air_quality/run_id=manual__2023-12-17T09:18:31.714120+00:00/task_id=Insert_Data permission to 509
[2023-12-17T09:18:39.975+0000] {logging_mixin.py:154} INFO - Failed to change /opt/***/logs/dag_id=air_quality/run_id=manual__2023-12-17T09:18:31.714120+00:00/task_id=Insert_Data permission to 509: [Errno 1] Operation not permitted: '/opt/***/logs/dag_id=air_quality/run_id=manual__2023-12-17T09:18:31.714120+00:00/task_id=Insert_Data'
[2023-12-17T09:18:40.012+0000] {taskinstance.py:1159} INFO - Dependencies all met for dep_context=non-requeueable deps ti=<TaskInstance: air_quality.Insert_Data manual__2023-12-17T09:18:31.714120+00:00 [queued]>
[2023-12-17T09:18:40.023+0000] {taskinstance.py:1159} INFO - Dependencies all met for dep_context=requeueable deps ti=<TaskInstance: air_quality.Insert_Data manual__2023-12-17T09:18:31.714120+00:00 [queued]>
[2023-12-17T09:18:40.024+0000] {taskinstance.py:1361} INFO - Starting attempt 1 of 2
[2023-12-17T09:18:40.042+0000] {taskinstance.py:1382} INFO - Executing <Task(PythonOperator): Insert_Data> on 2023-12-17 09:18:31.714120+00:00
[2023-12-17T09:18:40.046+0000] {standard_task_runner.py:57} INFO - Started process 83 to run task
[2023-12-17T09:18:40.049+0000] {standard_task_runner.py:84} INFO - Running: ['***', 'tasks', 'run', 'air_quality', 'Insert_Data', 'manual__2023-12-17T09:18:31.714120+00:00', '--job-id', '252', '--raw', '--subdir', 'DAGS_FOLDER/airQuality.py', '--cfg-path', '/tmp/tmpx00a6aua']
[2023-12-17T09:18:40.051+0000] {standard_task_runner.py:85} INFO - Job 252: Subtask Insert_Data
[2023-12-17T09:18:40.107+0000] {logging_mixin.py:154} INFO - Changing /opt/***/logs/dag_id=air_quality/run_id=manual__2023-12-17T09:18:31.714120+00:00/task_id=Insert_Data permission to 509
[2023-12-17T09:18:40.108+0000] {logging_mixin.py:154} INFO - Failed to change /opt/***/logs/dag_id=air_quality/run_id=manual__2023-12-17T09:18:31.714120+00:00/task_id=Insert_Data permission to 509: [Errno 1] Operation not permitted: '/opt/***/logs/dag_id=air_quality/run_id=manual__2023-12-17T09:18:31.714120+00:00/task_id=Insert_Data'
[2023-12-17T09:18:40.110+0000] {task_command.py:416} INFO - Running <TaskInstance: air_quality.Insert_Data manual__2023-12-17T09:18:31.714120+00:00 [running]> on host 1a58977f5573
[2023-12-17T09:18:40.204+0000] {taskinstance.py:1662} INFO - Exporting env vars: AIRFLOW_CTX_DAG_OWNER='ghifari' AIRFLOW_CTX_DAG_ID='air_quality' AIRFLOW_CTX_TASK_ID='Insert_Data' AIRFLOW_CTX_EXECUTION_DATE='2023-12-17T09:18:31.714120+00:00' AIRFLOW_CTX_TRY_NUMBER='1' AIRFLOW_CTX_DAG_RUN_ID='manual__2023-12-17T09:18:31.714120+00:00'
[2023-12-17T09:18:40.702+0000] {logging_mixin.py:154} INFO - city           object
country        object
unit           object
last_value    float64
lat           float64
lng           float64
dtype: object
[2023-12-17T09:18:40.712+0000] {base.py:73} INFO - Using connection ID 'neonServerDB-Postgres' for task execution.
[2023-12-17T09:18:42.401+0000] {python.py:194} INFO - Done. Returned value was: None
[2023-12-17T09:18:42.427+0000] {taskinstance.py:1400} INFO - Marking task as SUCCESS. dag_id=air_quality, task_id=Insert_Data, execution_date=20231217T091831, start_date=20231217T091840, end_date=20231217T091842
[2023-12-17T09:18:42.475+0000] {local_task_job_runner.py:228} INFO - Task exited with return code 0
[2023-12-17T09:18:42.496+0000] {taskinstance.py:2778} INFO - 0 downstream tasks scheduled from follow-on schedule check
