[2023-12-16T11:14:22.890+0000] {logging_mixin.py:154} INFO - Changing /opt/***/logs/dag_id=air_quality/run_id=manual__2023-12-16T11:14:19.104736+00:00/task_id=Check_Response permission to 509
[2023-12-16T11:14:22.891+0000] {logging_mixin.py:154} INFO - Failed to change /opt/***/logs/dag_id=air_quality/run_id=manual__2023-12-16T11:14:19.104736+00:00/task_id=Check_Response permission to 509: [Errno 1] Operation not permitted: '/opt/***/logs/dag_id=air_quality/run_id=manual__2023-12-16T11:14:19.104736+00:00/task_id=Check_Response'
[2023-12-16T11:14:22.917+0000] {logging_mixin.py:154} INFO - Changing /opt/***/logs/dag_id=air_quality/run_id=manual__2023-12-16T11:14:19.104736+00:00/task_id=Check_Response permission to 509
[2023-12-16T11:14:22.918+0000] {logging_mixin.py:154} INFO - Failed to change /opt/***/logs/dag_id=air_quality/run_id=manual__2023-12-16T11:14:19.104736+00:00/task_id=Check_Response permission to 509: [Errno 1] Operation not permitted: '/opt/***/logs/dag_id=air_quality/run_id=manual__2023-12-16T11:14:19.104736+00:00/task_id=Check_Response'
[2023-12-16T11:14:22.961+0000] {taskinstance.py:1159} INFO - Dependencies all met for dep_context=non-requeueable deps ti=<TaskInstance: air_quality.Check_Response manual__2023-12-16T11:14:19.104736+00:00 [queued]>
[2023-12-16T11:14:22.978+0000] {taskinstance.py:1159} INFO - Dependencies all met for dep_context=requeueable deps ti=<TaskInstance: air_quality.Check_Response manual__2023-12-16T11:14:19.104736+00:00 [queued]>
[2023-12-16T11:14:22.979+0000] {taskinstance.py:1361} INFO - Starting attempt 1 of 2
[2023-12-16T11:14:23.006+0000] {taskinstance.py:1382} INFO - Executing <Task(BranchPythonOperator): Check_Response> on 2023-12-16 11:14:19.104736+00:00
[2023-12-16T11:14:23.015+0000] {standard_task_runner.py:57} INFO - Started process 435 to run task
[2023-12-16T11:14:23.019+0000] {standard_task_runner.py:84} INFO - Running: ['***', 'tasks', 'run', 'air_quality', 'Check_Response', 'manual__2023-12-16T11:14:19.104736+00:00', '--job-id', '120', '--raw', '--subdir', 'DAGS_FOLDER/airQuality.py', '--cfg-path', '/tmp/tmpexndyhtj']
[2023-12-16T11:14:23.021+0000] {standard_task_runner.py:85} INFO - Job 120: Subtask Check_Response
[2023-12-16T11:14:23.094+0000] {logging_mixin.py:154} INFO - Changing /opt/***/logs/dag_id=air_quality/run_id=manual__2023-12-16T11:14:19.104736+00:00/task_id=Check_Response permission to 509
[2023-12-16T11:14:23.096+0000] {logging_mixin.py:154} INFO - Failed to change /opt/***/logs/dag_id=air_quality/run_id=manual__2023-12-16T11:14:19.104736+00:00/task_id=Check_Response permission to 509: [Errno 1] Operation not permitted: '/opt/***/logs/dag_id=air_quality/run_id=manual__2023-12-16T11:14:19.104736+00:00/task_id=Check_Response'
[2023-12-16T11:14:23.100+0000] {task_command.py:416} INFO - Running <TaskInstance: air_quality.Check_Response manual__2023-12-16T11:14:19.104736+00:00 [running]> on host d739bc9bef06
[2023-12-16T11:14:23.230+0000] {taskinstance.py:1662} INFO - Exporting env vars: AIRFLOW_CTX_DAG_OWNER='ghifari' AIRFLOW_CTX_DAG_ID='air_quality' AIRFLOW_CTX_TASK_ID='Check_Response' AIRFLOW_CTX_EXECUTION_DATE='2023-12-16T11:14:19.104736+00:00' AIRFLOW_CTX_TRY_NUMBER='1' AIRFLOW_CTX_DAG_RUN_ID='manual__2023-12-16T11:14:19.104736+00:00'
[2023-12-16T11:14:23.252+0000] {airQuality.py:185} INFO - Data Found: {'city': ['Jakarta'], 'country': ['ID'], 'unit': ['pm25'], 'last_value': [-999.0], 'lat': [-6.182536], 'lng': [106.834236]}
[2023-12-16T11:14:23.253+0000] {python.py:194} INFO - Done. Returned value was: Transform
[2023-12-16T11:14:23.254+0000] {python.py:227} INFO - Branch callable return Transform
[2023-12-16T11:14:23.254+0000] {skipmixin.py:173} INFO - Following branch Transform
[2023-12-16T11:14:23.290+0000] {skipmixin.py:239} INFO - Skipping tasks [('Error_Response', -1)]
[2023-12-16T11:14:23.362+0000] {taskinstance.py:1400} INFO - Marking task as SUCCESS. dag_id=air_quality, task_id=Check_Response, execution_date=20231216T111419, start_date=20231216T111422, end_date=20231216T111423
[2023-12-16T11:14:23.394+0000] {local_task_job_runner.py:228} INFO - Task exited with return code 0
[2023-12-16T11:14:23.462+0000] {taskinstance.py:2778} INFO - 1 downstream tasks scheduled from follow-on schedule check
