[2023-12-15T17:25:21.555+0000] {logging_mixin.py:154} INFO - Changing /opt/***/logs/dag_id=air_quality/run_id=manual__2023-12-15T17:25:18.330110+00:00/task_id=Transform permission to 509
[2023-12-15T17:25:21.557+0000] {logging_mixin.py:154} INFO - Failed to change /opt/***/logs/dag_id=air_quality/run_id=manual__2023-12-15T17:25:18.330110+00:00/task_id=Transform permission to 509: [Errno 1] Operation not permitted: '/opt/***/logs/dag_id=air_quality/run_id=manual__2023-12-15T17:25:18.330110+00:00/task_id=Transform'
[2023-12-15T17:25:21.588+0000] {logging_mixin.py:154} INFO - Changing /opt/***/logs/dag_id=air_quality/run_id=manual__2023-12-15T17:25:18.330110+00:00/task_id=Transform permission to 509
[2023-12-15T17:25:21.589+0000] {logging_mixin.py:154} INFO - Failed to change /opt/***/logs/dag_id=air_quality/run_id=manual__2023-12-15T17:25:18.330110+00:00/task_id=Transform permission to 509: [Errno 1] Operation not permitted: '/opt/***/logs/dag_id=air_quality/run_id=manual__2023-12-15T17:25:18.330110+00:00/task_id=Transform'
[2023-12-15T17:25:21.628+0000] {taskinstance.py:1159} INFO - Dependencies all met for dep_context=non-requeueable deps ti=<TaskInstance: air_quality.Transform manual__2023-12-15T17:25:18.330110+00:00 [queued]>
[2023-12-15T17:25:21.647+0000] {taskinstance.py:1159} INFO - Dependencies all met for dep_context=requeueable deps ti=<TaskInstance: air_quality.Transform manual__2023-12-15T17:25:18.330110+00:00 [queued]>
[2023-12-15T17:25:21.648+0000] {taskinstance.py:1361} INFO - Starting attempt 1 of 2
[2023-12-15T17:25:21.672+0000] {taskinstance.py:1382} INFO - Executing <Task(PythonOperator): Transform> on 2023-12-15 17:25:18.330110+00:00
[2023-12-15T17:25:21.678+0000] {standard_task_runner.py:57} INFO - Started process 1064 to run task
[2023-12-15T17:25:21.684+0000] {standard_task_runner.py:84} INFO - Running: ['***', 'tasks', 'run', 'air_quality', 'Transform', 'manual__2023-12-15T17:25:18.330110+00:00', '--job-id', '78', '--raw', '--subdir', 'DAGS_FOLDER/airQuality.py', '--cfg-path', '/tmp/tmpyzo2fw18']
[2023-12-15T17:25:21.686+0000] {standard_task_runner.py:85} INFO - Job 78: Subtask Transform
[2023-12-15T17:25:21.743+0000] {logging_mixin.py:154} INFO - Changing /opt/***/logs/dag_id=air_quality/run_id=manual__2023-12-15T17:25:18.330110+00:00/task_id=Transform permission to 509
[2023-12-15T17:25:21.744+0000] {logging_mixin.py:154} INFO - Failed to change /opt/***/logs/dag_id=air_quality/run_id=manual__2023-12-15T17:25:18.330110+00:00/task_id=Transform permission to 509: [Errno 1] Operation not permitted: '/opt/***/logs/dag_id=air_quality/run_id=manual__2023-12-15T17:25:18.330110+00:00/task_id=Transform'
[2023-12-15T17:25:21.747+0000] {task_command.py:416} INFO - Running <TaskInstance: air_quality.Transform manual__2023-12-15T17:25:18.330110+00:00 [running]> on host d739bc9bef06
[2023-12-15T17:25:21.842+0000] {taskinstance.py:1662} INFO - Exporting env vars: AIRFLOW_CTX_DAG_OWNER='ghifari' AIRFLOW_CTX_DAG_ID='air_quality' AIRFLOW_CTX_TASK_ID='Transform' AIRFLOW_CTX_EXECUTION_DATE='2023-12-15T17:25:18.330110+00:00' AIRFLOW_CTX_TRY_NUMBER='1' AIRFLOW_CTX_DAG_RUN_ID='manual__2023-12-15T17:25:18.330110+00:00'
[2023-12-15T17:25:22.419+0000] {python.py:194} INFO - Done. Returned value was:       city country  unit  last_value       lat         lng
0  Jakarta      ID  pm25      -999.0 -6.182536  106.834236
[2023-12-15T17:25:22.489+0000] {taskinstance.py:1400} INFO - Marking task as SUCCESS. dag_id=air_quality, task_id=Transform, execution_date=20231215T172518, start_date=20231215T172521, end_date=20231215T172522
[2023-12-15T17:25:22.539+0000] {local_task_job_runner.py:228} INFO - Task exited with return code 0
[2023-12-15T17:25:22.577+0000] {taskinstance.py:2778} INFO - 0 downstream tasks scheduled from follow-on schedule check
