[2023-12-17T11:57:08.644+0000] {logging_mixin.py:154} INFO - Changing /opt/***/logs/dag_id=air_quality/run_id=manual__2023-12-17T11:56:54.481153+00:00/task_id=CheckTable permission to 509
[2023-12-17T11:57:08.646+0000] {logging_mixin.py:154} INFO - Failed to change /opt/***/logs/dag_id=air_quality/run_id=manual__2023-12-17T11:56:54.481153+00:00/task_id=CheckTable permission to 509: [Errno 1] Operation not permitted: '/opt/***/logs/dag_id=air_quality/run_id=manual__2023-12-17T11:56:54.481153+00:00/task_id=CheckTable'
[2023-12-17T11:57:08.699+0000] {logging_mixin.py:154} INFO - Changing /opt/***/logs/dag_id=air_quality/run_id=manual__2023-12-17T11:56:54.481153+00:00/task_id=CheckTable permission to 509
[2023-12-17T11:57:08.700+0000] {logging_mixin.py:154} INFO - Failed to change /opt/***/logs/dag_id=air_quality/run_id=manual__2023-12-17T11:56:54.481153+00:00/task_id=CheckTable permission to 509: [Errno 1] Operation not permitted: '/opt/***/logs/dag_id=air_quality/run_id=manual__2023-12-17T11:56:54.481153+00:00/task_id=CheckTable'
[2023-12-17T11:57:08.751+0000] {taskinstance.py:1159} INFO - Dependencies all met for dep_context=non-requeueable deps ti=<TaskInstance: air_quality.CheckTable manual__2023-12-17T11:56:54.481153+00:00 [queued]>
[2023-12-17T11:57:08.769+0000] {taskinstance.py:1159} INFO - Dependencies all met for dep_context=requeueable deps ti=<TaskInstance: air_quality.CheckTable manual__2023-12-17T11:56:54.481153+00:00 [queued]>
[2023-12-17T11:57:08.770+0000] {taskinstance.py:1361} INFO - Starting attempt 1 of 2
[2023-12-17T11:57:08.798+0000] {taskinstance.py:1382} INFO - Executing <Task(BranchPythonOperator): CheckTable> on 2023-12-17 11:56:54.481153+00:00
[2023-12-17T11:57:08.805+0000] {standard_task_runner.py:57} INFO - Started process 3300 to run task
[2023-12-17T11:57:08.810+0000] {standard_task_runner.py:84} INFO - Running: ['***', 'tasks', 'run', 'air_quality', 'CheckTable', 'manual__2023-12-17T11:56:54.481153+00:00', '--job-id', '475', '--raw', '--subdir', 'DAGS_FOLDER/airQuality.py', '--cfg-path', '/tmp/tmpx9aj1nsb']
[2023-12-17T11:57:08.812+0000] {standard_task_runner.py:85} INFO - Job 475: Subtask CheckTable
[2023-12-17T11:57:08.888+0000] {logging_mixin.py:154} INFO - Changing /opt/***/logs/dag_id=air_quality/run_id=manual__2023-12-17T11:56:54.481153+00:00/task_id=CheckTable permission to 509
[2023-12-17T11:57:08.889+0000] {logging_mixin.py:154} INFO - Failed to change /opt/***/logs/dag_id=air_quality/run_id=manual__2023-12-17T11:56:54.481153+00:00/task_id=CheckTable permission to 509: [Errno 1] Operation not permitted: '/opt/***/logs/dag_id=air_quality/run_id=manual__2023-12-17T11:56:54.481153+00:00/task_id=CheckTable'
[2023-12-17T11:57:08.893+0000] {task_command.py:416} INFO - Running <TaskInstance: air_quality.CheckTable manual__2023-12-17T11:56:54.481153+00:00 [running]> on host 1a58977f5573
[2023-12-17T11:57:09.039+0000] {taskinstance.py:1662} INFO - Exporting env vars: AIRFLOW_CTX_DAG_OWNER='ghifari' AIRFLOW_CTX_DAG_ID='air_quality' AIRFLOW_CTX_TASK_ID='CheckTable' AIRFLOW_CTX_EXECUTION_DATE='2023-12-17T11:56:54.481153+00:00' AIRFLOW_CTX_TRY_NUMBER='1' AIRFLOW_CTX_DAG_RUN_ID='manual__2023-12-17T11:56:54.481153+00:00'
[2023-12-17T11:57:09.061+0000] {airQuality.py:205} INFO - Table Created: 
        CREATE TABLE air_quality (
            id serial primary key, 
            city varchar(250),
            country varchar(250), 
            unit varchar(20), 
            last_value float8, 
            lat float8,
            lng float8
        )
    
[2023-12-17T11:57:09.062+0000] {python.py:194} INFO - Done. Returned value was: Insert_Data
[2023-12-17T11:57:09.063+0000] {python.py:227} INFO - Branch callable return Insert_Data
[2023-12-17T11:57:09.063+0000] {skipmixin.py:173} INFO - Following branch Insert_Data
[2023-12-17T11:57:09.078+0000] {skipmixin.py:239} INFO - Skipping tasks []
[2023-12-17T11:57:09.142+0000] {taskinstance.py:1400} INFO - Marking task as SUCCESS. dag_id=air_quality, task_id=CheckTable, execution_date=20231217T115654, start_date=20231217T115708, end_date=20231217T115709
[2023-12-17T11:57:09.184+0000] {local_task_job_runner.py:228} INFO - Task exited with return code 0
[2023-12-17T11:57:09.239+0000] {taskinstance.py:2778} INFO - 1 downstream tasks scheduled from follow-on schedule check
