[2023-12-17T11:19:15.463+0000] {logging_mixin.py:154} INFO - Changing /opt/***/logs/dag_id=air_quality/run_id=scheduled__2023-12-11T04:00:00+00:00/task_id=CheckTable permission to 509
[2023-12-17T11:19:15.466+0000] {logging_mixin.py:154} INFO - Failed to change /opt/***/logs/dag_id=air_quality/run_id=scheduled__2023-12-11T04:00:00+00:00/task_id=CheckTable permission to 509: [Errno 1] Operation not permitted: '/opt/***/logs/dag_id=air_quality/run_id=scheduled__2023-12-11T04:00:00+00:00/task_id=CheckTable'
[2023-12-17T11:19:15.559+0000] {logging_mixin.py:154} INFO - Changing /opt/***/logs/dag_id=air_quality/run_id=scheduled__2023-12-11T04:00:00+00:00/task_id=CheckTable permission to 509
[2023-12-17T11:19:15.561+0000] {logging_mixin.py:154} INFO - Failed to change /opt/***/logs/dag_id=air_quality/run_id=scheduled__2023-12-11T04:00:00+00:00/task_id=CheckTable permission to 509: [Errno 1] Operation not permitted: '/opt/***/logs/dag_id=air_quality/run_id=scheduled__2023-12-11T04:00:00+00:00/task_id=CheckTable'
[2023-12-17T11:19:15.671+0000] {taskinstance.py:1159} INFO - Dependencies all met for dep_context=non-requeueable deps ti=<TaskInstance: air_quality.CheckTable scheduled__2023-12-11T04:00:00+00:00 [queued]>
[2023-12-17T11:19:15.752+0000] {taskinstance.py:1159} INFO - Dependencies all met for dep_context=requeueable deps ti=<TaskInstance: air_quality.CheckTable scheduled__2023-12-11T04:00:00+00:00 [queued]>
[2023-12-17T11:19:15.755+0000] {taskinstance.py:1361} INFO - Starting attempt 1 of 2
[2023-12-17T11:19:15.824+0000] {taskinstance.py:1382} INFO - Executing <Task(BranchPythonOperator): CheckTable> on 2023-12-11 04:00:00+00:00
[2023-12-17T11:19:15.839+0000] {standard_task_runner.py:57} INFO - Started process 2467 to run task
[2023-12-17T11:19:15.853+0000] {standard_task_runner.py:84} INFO - Running: ['***', 'tasks', 'run', 'air_quality', 'CheckTable', 'scheduled__2023-12-11T04:00:00+00:00', '--job-id', '416', '--raw', '--subdir', 'DAGS_FOLDER/airQuality.py', '--cfg-path', '/tmp/tmp8qcey9y_']
[2023-12-17T11:19:15.867+0000] {standard_task_runner.py:85} INFO - Job 416: Subtask CheckTable
[2023-12-17T11:19:16.015+0000] {logging_mixin.py:154} INFO - Changing /opt/***/logs/dag_id=air_quality/run_id=scheduled__2023-12-11T04:00:00+00:00/task_id=CheckTable permission to 509
[2023-12-17T11:19:16.017+0000] {logging_mixin.py:154} INFO - Failed to change /opt/***/logs/dag_id=air_quality/run_id=scheduled__2023-12-11T04:00:00+00:00/task_id=CheckTable permission to 509: [Errno 1] Operation not permitted: '/opt/***/logs/dag_id=air_quality/run_id=scheduled__2023-12-11T04:00:00+00:00/task_id=CheckTable'
[2023-12-17T11:19:16.025+0000] {task_command.py:416} INFO - Running <TaskInstance: air_quality.CheckTable scheduled__2023-12-11T04:00:00+00:00 [running]> on host 1a58977f5573
[2023-12-17T11:19:16.332+0000] {taskinstance.py:1662} INFO - Exporting env vars: AIRFLOW_CTX_DAG_OWNER='ghifari' AIRFLOW_CTX_DAG_ID='air_quality' AIRFLOW_CTX_TASK_ID='CheckTable' AIRFLOW_CTX_EXECUTION_DATE='2023-12-11T04:00:00+00:00' AIRFLOW_CTX_TRY_NUMBER='1' AIRFLOW_CTX_DAG_RUN_ID='scheduled__2023-12-11T04:00:00+00:00'
[2023-12-17T11:19:16.387+0000] {airQuality.py:204} INFO - Table Created: 
        CREATE TABLE air_quality (
            id serial primary key, 
            city varchar(250),
            country varchar(250), 
            unit varchar(20), 
            last_value float8, 
            lat float8,
            lng float8
        )
    
[2023-12-17T11:19:16.391+0000] {python.py:194} INFO - Done. Returned value was: Insert_Data
[2023-12-17T11:19:16.397+0000] {python.py:227} INFO - Branch callable return Insert_Data
[2023-12-17T11:19:16.400+0000] {skipmixin.py:173} INFO - Following branch Insert_Data
[2023-12-17T11:19:16.422+0000] {skipmixin.py:239} INFO - Skipping tasks []
[2023-12-17T11:19:16.587+0000] {taskinstance.py:1400} INFO - Marking task as SUCCESS. dag_id=air_quality, task_id=CheckTable, execution_date=20231211T040000, start_date=20231217T111915, end_date=20231217T111916
[2023-12-17T11:19:16.718+0000] {local_task_job_runner.py:228} INFO - Task exited with return code 0
[2023-12-17T11:19:16.805+0000] {taskinstance.py:2778} INFO - 1 downstream tasks scheduled from follow-on schedule check
[2023-12-17T12:18:23.137+0000] {logging_mixin.py:154} INFO - Changing /opt/***/logs/dag_id=air_quality/run_id=scheduled__2023-12-11T04:00:00+00:00/task_id=CheckTable permission to 509
[2023-12-17T12:18:23.140+0000] {logging_mixin.py:154} INFO - Failed to change /opt/***/logs/dag_id=air_quality/run_id=scheduled__2023-12-11T04:00:00+00:00/task_id=CheckTable permission to 509: [Errno 1] Operation not permitted: '/opt/***/logs/dag_id=air_quality/run_id=scheduled__2023-12-11T04:00:00+00:00/task_id=CheckTable'
[2023-12-17T12:18:23.258+0000] {logging_mixin.py:154} INFO - Changing /opt/***/logs/dag_id=air_quality/run_id=scheduled__2023-12-11T04:00:00+00:00/task_id=CheckTable permission to 509
[2023-12-17T12:18:23.259+0000] {logging_mixin.py:154} INFO - Failed to change /opt/***/logs/dag_id=air_quality/run_id=scheduled__2023-12-11T04:00:00+00:00/task_id=CheckTable permission to 509: [Errno 1] Operation not permitted: '/opt/***/logs/dag_id=air_quality/run_id=scheduled__2023-12-11T04:00:00+00:00/task_id=CheckTable'
[2023-12-17T12:18:23.369+0000] {taskinstance.py:1159} INFO - Dependencies all met for dep_context=non-requeueable deps ti=<TaskInstance: air_quality.CheckTable scheduled__2023-12-11T04:00:00+00:00 [queued]>
[2023-12-17T12:18:23.394+0000] {taskinstance.py:1159} INFO - Dependencies all met for dep_context=requeueable deps ti=<TaskInstance: air_quality.CheckTable scheduled__2023-12-11T04:00:00+00:00 [queued]>
[2023-12-17T12:18:23.396+0000] {taskinstance.py:1361} INFO - Starting attempt 1 of 2
[2023-12-17T12:18:23.440+0000] {taskinstance.py:1382} INFO - Executing <Task(BranchPythonOperator): CheckTable> on 2023-12-11 04:00:00+00:00
[2023-12-17T12:18:23.454+0000] {standard_task_runner.py:57} INFO - Started process 4184 to run task
[2023-12-17T12:18:23.462+0000] {standard_task_runner.py:84} INFO - Running: ['***', 'tasks', 'run', 'air_quality', 'CheckTable', 'scheduled__2023-12-11T04:00:00+00:00', '--job-id', '627', '--raw', '--subdir', 'DAGS_FOLDER/airQuality.py', '--cfg-path', '/tmp/tmpfjy6gpw0']
[2023-12-17T12:18:23.465+0000] {standard_task_runner.py:85} INFO - Job 627: Subtask CheckTable
[2023-12-17T12:18:23.648+0000] {logging_mixin.py:154} INFO - Changing /opt/***/logs/dag_id=air_quality/run_id=scheduled__2023-12-11T04:00:00+00:00/task_id=CheckTable permission to 509
[2023-12-17T12:18:23.649+0000] {logging_mixin.py:154} INFO - Failed to change /opt/***/logs/dag_id=air_quality/run_id=scheduled__2023-12-11T04:00:00+00:00/task_id=CheckTable permission to 509: [Errno 1] Operation not permitted: '/opt/***/logs/dag_id=air_quality/run_id=scheduled__2023-12-11T04:00:00+00:00/task_id=CheckTable'
[2023-12-17T12:18:23.653+0000] {task_command.py:416} INFO - Running <TaskInstance: air_quality.CheckTable scheduled__2023-12-11T04:00:00+00:00 [running]> on host 1a58977f5573
[2023-12-17T12:18:24.058+0000] {taskinstance.py:1662} INFO - Exporting env vars: AIRFLOW_CTX_DAG_OWNER='ghifari' AIRFLOW_CTX_DAG_ID='air_quality' AIRFLOW_CTX_TASK_ID='CheckTable' AIRFLOW_CTX_EXECUTION_DATE='2023-12-11T04:00:00+00:00' AIRFLOW_CTX_TRY_NUMBER='1' AIRFLOW_CTX_DAG_RUN_ID='scheduled__2023-12-11T04:00:00+00:00'
[2023-12-17T12:18:24.130+0000] {airQuality.py:205} INFO - Table Created: 
        CREATE TABLE air_quality (
            id serial primary key, 
            city varchar(250),
            country varchar(250), 
            unit varchar(20), 
            last_value float8, 
            lat float8,
            lng float8
        )
    
[2023-12-17T12:18:24.131+0000] {python.py:194} INFO - Done. Returned value was: Insert_Data
[2023-12-17T12:18:24.132+0000] {python.py:227} INFO - Branch callable return Insert_Data
[2023-12-17T12:18:24.135+0000] {skipmixin.py:173} INFO - Following branch Insert_Data
[2023-12-17T12:18:24.162+0000] {skipmixin.py:239} INFO - Skipping tasks []
[2023-12-17T12:18:24.289+0000] {taskinstance.py:1400} INFO - Marking task as SUCCESS. dag_id=air_quality, task_id=CheckTable, execution_date=20231211T040000, start_date=20231217T121823, end_date=20231217T121824
[2023-12-17T12:18:24.434+0000] {local_task_job_runner.py:228} INFO - Task exited with return code 0
[2023-12-17T12:18:24.641+0000] {taskinstance.py:2778} INFO - 1 downstream tasks scheduled from follow-on schedule check
[2023-12-17T12:18:55.764+0000] {logging_mixin.py:154} INFO - Changing /opt/***/logs/dag_id=air_quality/run_id=scheduled__2023-12-11T04:00:00+00:00/task_id=CheckTable permission to 509
[2023-12-17T12:18:55.767+0000] {logging_mixin.py:154} INFO - Failed to change /opt/***/logs/dag_id=air_quality/run_id=scheduled__2023-12-11T04:00:00+00:00/task_id=CheckTable permission to 509: [Errno 1] Operation not permitted: '/opt/***/logs/dag_id=air_quality/run_id=scheduled__2023-12-11T04:00:00+00:00/task_id=CheckTable'
[2023-12-17T12:18:55.835+0000] {logging_mixin.py:154} INFO - Changing /opt/***/logs/dag_id=air_quality/run_id=scheduled__2023-12-11T04:00:00+00:00/task_id=CheckTable permission to 509
[2023-12-17T12:18:55.836+0000] {logging_mixin.py:154} INFO - Failed to change /opt/***/logs/dag_id=air_quality/run_id=scheduled__2023-12-11T04:00:00+00:00/task_id=CheckTable permission to 509: [Errno 1] Operation not permitted: '/opt/***/logs/dag_id=air_quality/run_id=scheduled__2023-12-11T04:00:00+00:00/task_id=CheckTable'
[2023-12-17T12:18:55.910+0000] {taskinstance.py:1159} INFO - Dependencies all met for dep_context=non-requeueable deps ti=<TaskInstance: air_quality.CheckTable scheduled__2023-12-11T04:00:00+00:00 [queued]>
[2023-12-17T12:18:55.933+0000] {taskinstance.py:1159} INFO - Dependencies all met for dep_context=requeueable deps ti=<TaskInstance: air_quality.CheckTable scheduled__2023-12-11T04:00:00+00:00 [queued]>
[2023-12-17T12:18:55.934+0000] {taskinstance.py:1361} INFO - Starting attempt 1 of 2
[2023-12-17T12:18:55.972+0000] {taskinstance.py:1382} INFO - Executing <Task(BranchPythonOperator): CheckTable> on 2023-12-11 04:00:00+00:00
[2023-12-17T12:18:55.981+0000] {standard_task_runner.py:57} INFO - Started process 4483 to run task
[2023-12-17T12:18:55.988+0000] {standard_task_runner.py:84} INFO - Running: ['***', 'tasks', 'run', 'air_quality', 'CheckTable', 'scheduled__2023-12-11T04:00:00+00:00', '--job-id', '692', '--raw', '--subdir', 'DAGS_FOLDER/airQuality.py', '--cfg-path', '/tmp/tmpb6vr7q7o']
[2023-12-17T12:18:55.992+0000] {standard_task_runner.py:85} INFO - Job 692: Subtask CheckTable
[2023-12-17T12:18:56.091+0000] {logging_mixin.py:154} INFO - Changing /opt/***/logs/dag_id=air_quality/run_id=scheduled__2023-12-11T04:00:00+00:00/task_id=CheckTable permission to 509
[2023-12-17T12:18:56.092+0000] {logging_mixin.py:154} INFO - Failed to change /opt/***/logs/dag_id=air_quality/run_id=scheduled__2023-12-11T04:00:00+00:00/task_id=CheckTable permission to 509: [Errno 1] Operation not permitted: '/opt/***/logs/dag_id=air_quality/run_id=scheduled__2023-12-11T04:00:00+00:00/task_id=CheckTable'
[2023-12-17T12:18:56.095+0000] {task_command.py:416} INFO - Running <TaskInstance: air_quality.CheckTable scheduled__2023-12-11T04:00:00+00:00 [running]> on host 1a58977f5573
[2023-12-17T12:18:56.269+0000] {taskinstance.py:1662} INFO - Exporting env vars: AIRFLOW_CTX_DAG_OWNER='ghifari' AIRFLOW_CTX_DAG_ID='air_quality' AIRFLOW_CTX_TASK_ID='CheckTable' AIRFLOW_CTX_EXECUTION_DATE='2023-12-11T04:00:00+00:00' AIRFLOW_CTX_TRY_NUMBER='1' AIRFLOW_CTX_DAG_RUN_ID='scheduled__2023-12-11T04:00:00+00:00'
[2023-12-17T12:18:56.292+0000] {airQuality.py:205} INFO - Table Created: 
        CREATE TABLE air_quality (
            id serial primary key, 
            city varchar(250),
            country varchar(250), 
            unit varchar(20), 
            last_value float8, 
            lat float8,
            lng float8
        )
    
[2023-12-17T12:18:56.293+0000] {python.py:194} INFO - Done. Returned value was: Insert_Data
[2023-12-17T12:18:56.294+0000] {python.py:227} INFO - Branch callable return Insert_Data
[2023-12-17T12:18:56.294+0000] {skipmixin.py:173} INFO - Following branch Insert_Data
[2023-12-17T12:18:56.308+0000] {skipmixin.py:239} INFO - Skipping tasks []
[2023-12-17T12:18:56.369+0000] {taskinstance.py:1400} INFO - Marking task as SUCCESS. dag_id=air_quality, task_id=CheckTable, execution_date=20231211T040000, start_date=20231217T121855, end_date=20231217T121856
[2023-12-17T12:18:56.404+0000] {local_task_job_runner.py:228} INFO - Task exited with return code 0
[2023-12-17T12:18:56.470+0000] {taskinstance.py:2778} INFO - 0 downstream tasks scheduled from follow-on schedule check
[2023-12-28T16:55:11.811+0000] {logging_mixin.py:154} INFO - Changing /opt/***/logs/dag_id=air_quality/run_id=scheduled__2023-12-11T04:00:00+00:00/task_id=CheckTable permission to 509
[2023-12-28T16:55:11.814+0000] {logging_mixin.py:154} INFO - Failed to change /opt/***/logs/dag_id=air_quality/run_id=scheduled__2023-12-11T04:00:00+00:00/task_id=CheckTable permission to 509: [Errno 1] Operation not permitted: '/opt/***/logs/dag_id=air_quality/run_id=scheduled__2023-12-11T04:00:00+00:00/task_id=CheckTable'
[2023-12-28T16:55:11.964+0000] {logging_mixin.py:154} INFO - Changing /opt/***/logs/dag_id=air_quality/run_id=scheduled__2023-12-11T04:00:00+00:00/task_id=CheckTable permission to 509
[2023-12-28T16:55:11.967+0000] {logging_mixin.py:154} INFO - Failed to change /opt/***/logs/dag_id=air_quality/run_id=scheduled__2023-12-11T04:00:00+00:00/task_id=CheckTable permission to 509: [Errno 1] Operation not permitted: '/opt/***/logs/dag_id=air_quality/run_id=scheduled__2023-12-11T04:00:00+00:00/task_id=CheckTable'
[2023-12-28T16:55:12.137+0000] {taskinstance.py:1159} INFO - Dependencies all met for dep_context=non-requeueable deps ti=<TaskInstance: air_quality.CheckTable scheduled__2023-12-11T04:00:00+00:00 [queued]>
[2023-12-28T16:55:12.178+0000] {taskinstance.py:1159} INFO - Dependencies all met for dep_context=requeueable deps ti=<TaskInstance: air_quality.CheckTable scheduled__2023-12-11T04:00:00+00:00 [queued]>
[2023-12-28T16:55:12.180+0000] {taskinstance.py:1361} INFO - Starting attempt 1 of 2
[2023-12-28T16:55:12.256+0000] {taskinstance.py:1382} INFO - Executing <Task(BranchPythonOperator): CheckTable> on 2023-12-11 04:00:00+00:00
[2023-12-28T16:55:12.270+0000] {standard_task_runner.py:57} INFO - Started process 1320 to run task
[2023-12-28T16:55:12.367+0000] {standard_task_runner.py:84} INFO - Running: ['***', 'tasks', 'run', 'air_quality', 'CheckTable', 'scheduled__2023-12-11T04:00:00+00:00', '--job-id', '1155', '--raw', '--subdir', 'DAGS_FOLDER/airQuality.py', '--cfg-path', '/tmp/tmp_9mpqkb4']
[2023-12-28T16:55:12.370+0000] {standard_task_runner.py:85} INFO - Job 1155: Subtask CheckTable
[2023-12-28T16:55:12.605+0000] {logging_mixin.py:154} INFO - Changing /opt/***/logs/dag_id=air_quality/run_id=scheduled__2023-12-11T04:00:00+00:00/task_id=CheckTable permission to 509
[2023-12-28T16:55:12.607+0000] {logging_mixin.py:154} INFO - Failed to change /opt/***/logs/dag_id=air_quality/run_id=scheduled__2023-12-11T04:00:00+00:00/task_id=CheckTable permission to 509: [Errno 1] Operation not permitted: '/opt/***/logs/dag_id=air_quality/run_id=scheduled__2023-12-11T04:00:00+00:00/task_id=CheckTable'
[2023-12-28T16:55:12.610+0000] {task_command.py:416} INFO - Running <TaskInstance: air_quality.CheckTable scheduled__2023-12-11T04:00:00+00:00 [running]> on host d67dd4682ccf
[2023-12-28T16:55:12.860+0000] {taskinstance.py:1662} INFO - Exporting env vars: AIRFLOW_CTX_DAG_OWNER='ghifari' AIRFLOW_CTX_DAG_ID='air_quality' AIRFLOW_CTX_TASK_ID='CheckTable' AIRFLOW_CTX_EXECUTION_DATE='2023-12-11T04:00:00+00:00' AIRFLOW_CTX_TRY_NUMBER='1' AIRFLOW_CTX_DAG_RUN_ID='scheduled__2023-12-11T04:00:00+00:00'
[2023-12-28T16:55:12.892+0000] {airQuality.py:183} INFO - Table Created: 
        CREATE TABLE air_quality (
            id serial primary key, 
            city varchar(250),
            country varchar(250), 
            unit varchar(20), 
            last_value float8, 
            lat float8,
            lng float8
        )
    
[2023-12-28T16:55:12.908+0000] {python.py:194} INFO - Done. Returned value was: Insert_Data
[2023-12-28T16:55:12.912+0000] {python.py:227} INFO - Branch callable return Insert_Data
[2023-12-28T16:55:12.913+0000] {skipmixin.py:173} INFO - Following branch Insert_Data
[2023-12-28T16:55:12.936+0000] {skipmixin.py:239} INFO - Skipping tasks []
[2023-12-28T16:55:13.102+0000] {taskinstance.py:1400} INFO - Marking task as SUCCESS. dag_id=air_quality, task_id=CheckTable, execution_date=20231211T040000, start_date=20231228T165512, end_date=20231228T165513
[2023-12-28T16:55:13.246+0000] {local_task_job_runner.py:228} INFO - Task exited with return code 0
[2023-12-28T16:55:13.363+0000] {taskinstance.py:2778} INFO - 1 downstream tasks scheduled from follow-on schedule check
