[2023-12-17T11:19:11.223+0000] {logging_mixin.py:154} INFO - Changing /opt/***/logs/dag_id=air_quality/run_id=scheduled__2023-12-13T04:00:00+00:00/task_id=Create_Table permission to 509
[2023-12-17T11:19:11.227+0000] {logging_mixin.py:154} INFO - Failed to change /opt/***/logs/dag_id=air_quality/run_id=scheduled__2023-12-13T04:00:00+00:00/task_id=Create_Table permission to 509: [Errno 1] Operation not permitted: '/opt/***/logs/dag_id=air_quality/run_id=scheduled__2023-12-13T04:00:00+00:00/task_id=Create_Table'
[2023-12-17T11:19:11.374+0000] {logging_mixin.py:154} INFO - Changing /opt/***/logs/dag_id=air_quality/run_id=scheduled__2023-12-13T04:00:00+00:00/task_id=Create_Table permission to 509
[2023-12-17T11:19:11.375+0000] {logging_mixin.py:154} INFO - Failed to change /opt/***/logs/dag_id=air_quality/run_id=scheduled__2023-12-13T04:00:00+00:00/task_id=Create_Table permission to 509: [Errno 1] Operation not permitted: '/opt/***/logs/dag_id=air_quality/run_id=scheduled__2023-12-13T04:00:00+00:00/task_id=Create_Table'
[2023-12-17T11:19:11.441+0000] {taskinstance.py:1159} INFO - Dependencies all met for dep_context=non-requeueable deps ti=<TaskInstance: air_quality.Create_Table scheduled__2023-12-13T04:00:00+00:00 [queued]>
[2023-12-17T11:19:11.458+0000] {taskinstance.py:1159} INFO - Dependencies all met for dep_context=requeueable deps ti=<TaskInstance: air_quality.Create_Table scheduled__2023-12-13T04:00:00+00:00 [queued]>
[2023-12-17T11:19:11.459+0000] {taskinstance.py:1361} INFO - Starting attempt 1 of 2
[2023-12-17T11:19:11.548+0000] {taskinstance.py:1382} INFO - Executing <Task(PythonOperator): Create_Table> on 2023-12-13 04:00:00+00:00
[2023-12-17T11:19:11.557+0000] {standard_task_runner.py:57} INFO - Started process 2448 to run task
[2023-12-17T11:19:11.573+0000] {standard_task_runner.py:84} INFO - Running: ['***', 'tasks', 'run', 'air_quality', 'Create_Table', 'scheduled__2023-12-13T04:00:00+00:00', '--job-id', '411', '--raw', '--subdir', 'DAGS_FOLDER/airQuality.py', '--cfg-path', '/tmp/tmpaqugrbso']
[2023-12-17T11:19:11.577+0000] {standard_task_runner.py:85} INFO - Job 411: Subtask Create_Table
[2023-12-17T11:19:11.728+0000] {logging_mixin.py:154} INFO - Changing /opt/***/logs/dag_id=air_quality/run_id=scheduled__2023-12-13T04:00:00+00:00/task_id=Create_Table permission to 509
[2023-12-17T11:19:11.730+0000] {logging_mixin.py:154} INFO - Failed to change /opt/***/logs/dag_id=air_quality/run_id=scheduled__2023-12-13T04:00:00+00:00/task_id=Create_Table permission to 509: [Errno 1] Operation not permitted: '/opt/***/logs/dag_id=air_quality/run_id=scheduled__2023-12-13T04:00:00+00:00/task_id=Create_Table'
[2023-12-17T11:19:11.740+0000] {task_command.py:416} INFO - Running <TaskInstance: air_quality.Create_Table scheduled__2023-12-13T04:00:00+00:00 [running]> on host 1a58977f5573
[2023-12-17T11:19:12.068+0000] {taskinstance.py:1662} INFO - Exporting env vars: AIRFLOW_CTX_DAG_OWNER='ghifari' AIRFLOW_CTX_DAG_ID='air_quality' AIRFLOW_CTX_TASK_ID='Create_Table' AIRFLOW_CTX_EXECUTION_DATE='2023-12-13T04:00:00+00:00' AIRFLOW_CTX_TRY_NUMBER='1' AIRFLOW_CTX_DAG_RUN_ID='scheduled__2023-12-13T04:00:00+00:00'
[2023-12-17T11:19:12.084+0000] {base.py:73} INFO - Using connection ID 'neonServerDB-Postgres' for task execution.
[2023-12-17T11:19:13.216+0000] {airQuality.py:160} INFO - Table air_quality Already Exist
[2023-12-17T11:19:13.279+0000] {python.py:194} INFO - Done. Returned value was: 
        CREATE TABLE air_quality (
            id serial primary key, 
            city varchar(250),
            country varchar(250), 
            unit varchar(20), 
            last_value float8, 
            lat float8,
            lng float8
        )
    
[2023-12-17T11:19:13.323+0000] {taskinstance.py:1400} INFO - Marking task as SUCCESS. dag_id=air_quality, task_id=Create_Table, execution_date=20231213T040000, start_date=20231217T111911, end_date=20231217T111913
[2023-12-17T11:19:13.385+0000] {local_task_job_runner.py:228} INFO - Task exited with return code 0
[2023-12-17T11:19:13.441+0000] {taskinstance.py:2778} INFO - 1 downstream tasks scheduled from follow-on schedule check
[2023-12-17T12:18:21.075+0000] {logging_mixin.py:154} INFO - Changing /opt/***/logs/dag_id=air_quality/run_id=scheduled__2023-12-13T04:00:00+00:00/task_id=Create_Table permission to 509
[2023-12-17T12:18:21.077+0000] {logging_mixin.py:154} INFO - Failed to change /opt/***/logs/dag_id=air_quality/run_id=scheduled__2023-12-13T04:00:00+00:00/task_id=Create_Table permission to 509: [Errno 1] Operation not permitted: '/opt/***/logs/dag_id=air_quality/run_id=scheduled__2023-12-13T04:00:00+00:00/task_id=Create_Table'
[2023-12-17T12:18:21.178+0000] {logging_mixin.py:154} INFO - Changing /opt/***/logs/dag_id=air_quality/run_id=scheduled__2023-12-13T04:00:00+00:00/task_id=Create_Table permission to 509
[2023-12-17T12:18:21.179+0000] {logging_mixin.py:154} INFO - Failed to change /opt/***/logs/dag_id=air_quality/run_id=scheduled__2023-12-13T04:00:00+00:00/task_id=Create_Table permission to 509: [Errno 1] Operation not permitted: '/opt/***/logs/dag_id=air_quality/run_id=scheduled__2023-12-13T04:00:00+00:00/task_id=Create_Table'
[2023-12-17T12:18:21.276+0000] {taskinstance.py:1159} INFO - Dependencies all met for dep_context=non-requeueable deps ti=<TaskInstance: air_quality.Create_Table scheduled__2023-12-13T04:00:00+00:00 [queued]>
[2023-12-17T12:18:21.302+0000] {taskinstance.py:1159} INFO - Dependencies all met for dep_context=requeueable deps ti=<TaskInstance: air_quality.Create_Table scheduled__2023-12-13T04:00:00+00:00 [queued]>
[2023-12-17T12:18:21.303+0000] {taskinstance.py:1361} INFO - Starting attempt 1 of 2
[2023-12-17T12:18:21.350+0000] {taskinstance.py:1382} INFO - Executing <Task(PythonOperator): Create_Table> on 2023-12-13 04:00:00+00:00
[2023-12-17T12:18:21.362+0000] {standard_task_runner.py:57} INFO - Started process 4164 to run task
[2023-12-17T12:18:21.392+0000] {standard_task_runner.py:84} INFO - Running: ['***', 'tasks', 'run', 'air_quality', 'Create_Table', 'scheduled__2023-12-13T04:00:00+00:00', '--job-id', '623', '--raw', '--subdir', 'DAGS_FOLDER/airQuality.py', '--cfg-path', '/tmp/tmpdppw5sab']
[2023-12-17T12:18:21.408+0000] {standard_task_runner.py:85} INFO - Job 623: Subtask Create_Table
[2023-12-17T12:18:21.578+0000] {logging_mixin.py:154} INFO - Changing /opt/***/logs/dag_id=air_quality/run_id=scheduled__2023-12-13T04:00:00+00:00/task_id=Create_Table permission to 509
[2023-12-17T12:18:21.591+0000] {logging_mixin.py:154} INFO - Failed to change /opt/***/logs/dag_id=air_quality/run_id=scheduled__2023-12-13T04:00:00+00:00/task_id=Create_Table permission to 509: [Errno 1] Operation not permitted: '/opt/***/logs/dag_id=air_quality/run_id=scheduled__2023-12-13T04:00:00+00:00/task_id=Create_Table'
[2023-12-17T12:18:21.608+0000] {task_command.py:416} INFO - Running <TaskInstance: air_quality.Create_Table scheduled__2023-12-13T04:00:00+00:00 [running]> on host 1a58977f5573
[2023-12-17T12:18:21.855+0000] {taskinstance.py:1662} INFO - Exporting env vars: AIRFLOW_CTX_DAG_OWNER='ghifari' AIRFLOW_CTX_DAG_ID='air_quality' AIRFLOW_CTX_TASK_ID='Create_Table' AIRFLOW_CTX_EXECUTION_DATE='2023-12-13T04:00:00+00:00' AIRFLOW_CTX_TRY_NUMBER='1' AIRFLOW_CTX_DAG_RUN_ID='scheduled__2023-12-13T04:00:00+00:00'
[2023-12-17T12:18:21.883+0000] {base.py:73} INFO - Using connection ID 'neonServerDB-Postgres' for task execution.
[2023-12-17T12:18:22.514+0000] {airQuality.py:161} INFO - Table air_quality Already Exist
[2023-12-17T12:18:22.566+0000] {python.py:194} INFO - Done. Returned value was: 
        CREATE TABLE air_quality (
            id serial primary key, 
            city varchar(250),
            country varchar(250), 
            unit varchar(20), 
            last_value float8, 
            lat float8,
            lng float8
        )
    
[2023-12-17T12:18:22.615+0000] {taskinstance.py:1400} INFO - Marking task as SUCCESS. dag_id=air_quality, task_id=Create_Table, execution_date=20231213T040000, start_date=20231217T121821, end_date=20231217T121822
[2023-12-17T12:18:22.714+0000] {local_task_job_runner.py:228} INFO - Task exited with return code 0
[2023-12-17T12:18:22.804+0000] {taskinstance.py:2778} INFO - 1 downstream tasks scheduled from follow-on schedule check
[2023-12-17T12:18:54.342+0000] {logging_mixin.py:154} INFO - Changing /opt/***/logs/dag_id=air_quality/run_id=scheduled__2023-12-13T04:00:00+00:00/task_id=Create_Table permission to 509
[2023-12-17T12:18:54.344+0000] {logging_mixin.py:154} INFO - Failed to change /opt/***/logs/dag_id=air_quality/run_id=scheduled__2023-12-13T04:00:00+00:00/task_id=Create_Table permission to 509: [Errno 1] Operation not permitted: '/opt/***/logs/dag_id=air_quality/run_id=scheduled__2023-12-13T04:00:00+00:00/task_id=Create_Table'
[2023-12-17T12:18:54.386+0000] {logging_mixin.py:154} INFO - Changing /opt/***/logs/dag_id=air_quality/run_id=scheduled__2023-12-13T04:00:00+00:00/task_id=Create_Table permission to 509
[2023-12-17T12:18:54.387+0000] {logging_mixin.py:154} INFO - Failed to change /opt/***/logs/dag_id=air_quality/run_id=scheduled__2023-12-13T04:00:00+00:00/task_id=Create_Table permission to 509: [Errno 1] Operation not permitted: '/opt/***/logs/dag_id=air_quality/run_id=scheduled__2023-12-13T04:00:00+00:00/task_id=Create_Table'
[2023-12-17T12:18:54.431+0000] {taskinstance.py:1159} INFO - Dependencies all met for dep_context=non-requeueable deps ti=<TaskInstance: air_quality.Create_Table scheduled__2023-12-13T04:00:00+00:00 [queued]>
[2023-12-17T12:18:54.445+0000] {taskinstance.py:1159} INFO - Dependencies all met for dep_context=requeueable deps ti=<TaskInstance: air_quality.Create_Table scheduled__2023-12-13T04:00:00+00:00 [queued]>
[2023-12-17T12:18:54.446+0000] {taskinstance.py:1361} INFO - Starting attempt 1 of 2
[2023-12-17T12:18:54.465+0000] {taskinstance.py:1382} INFO - Executing <Task(PythonOperator): Create_Table> on 2023-12-13 04:00:00+00:00
[2023-12-17T12:18:54.470+0000] {standard_task_runner.py:57} INFO - Started process 4475 to run task
[2023-12-17T12:18:54.474+0000] {standard_task_runner.py:84} INFO - Running: ['***', 'tasks', 'run', 'air_quality', 'Create_Table', 'scheduled__2023-12-13T04:00:00+00:00', '--job-id', '688', '--raw', '--subdir', 'DAGS_FOLDER/airQuality.py', '--cfg-path', '/tmp/tmps1fff7xa']
[2023-12-17T12:18:54.476+0000] {standard_task_runner.py:85} INFO - Job 688: Subtask Create_Table
[2023-12-17T12:18:54.536+0000] {logging_mixin.py:154} INFO - Changing /opt/***/logs/dag_id=air_quality/run_id=scheduled__2023-12-13T04:00:00+00:00/task_id=Create_Table permission to 509
[2023-12-17T12:18:54.537+0000] {logging_mixin.py:154} INFO - Failed to change /opt/***/logs/dag_id=air_quality/run_id=scheduled__2023-12-13T04:00:00+00:00/task_id=Create_Table permission to 509: [Errno 1] Operation not permitted: '/opt/***/logs/dag_id=air_quality/run_id=scheduled__2023-12-13T04:00:00+00:00/task_id=Create_Table'
[2023-12-17T12:18:54.540+0000] {task_command.py:416} INFO - Running <TaskInstance: air_quality.Create_Table scheduled__2023-12-13T04:00:00+00:00 [running]> on host 1a58977f5573
[2023-12-17T12:18:54.653+0000] {taskinstance.py:1662} INFO - Exporting env vars: AIRFLOW_CTX_DAG_OWNER='ghifari' AIRFLOW_CTX_DAG_ID='air_quality' AIRFLOW_CTX_TASK_ID='Create_Table' AIRFLOW_CTX_EXECUTION_DATE='2023-12-13T04:00:00+00:00' AIRFLOW_CTX_TRY_NUMBER='1' AIRFLOW_CTX_DAG_RUN_ID='scheduled__2023-12-13T04:00:00+00:00'
[2023-12-17T12:18:54.666+0000] {base.py:73} INFO - Using connection ID 'neonServerDB-Postgres' for task execution.
[2023-12-17T12:18:55.953+0000] {airQuality.py:161} INFO - Table air_quality Already Exist
[2023-12-17T12:18:55.987+0000] {python.py:194} INFO - Done. Returned value was: 
        CREATE TABLE air_quality (
            id serial primary key, 
            city varchar(250),
            country varchar(250), 
            unit varchar(20), 
            last_value float8, 
            lat float8,
            lng float8
        )
    
[2023-12-17T12:18:56.032+0000] {taskinstance.py:1400} INFO - Marking task as SUCCESS. dag_id=air_quality, task_id=Create_Table, execution_date=20231213T040000, start_date=20231217T121854, end_date=20231217T121856
[2023-12-17T12:18:56.093+0000] {local_task_job_runner.py:228} INFO - Task exited with return code 0
[2023-12-17T12:18:56.153+0000] {taskinstance.py:2778} INFO - 1 downstream tasks scheduled from follow-on schedule check
[2023-12-28T16:52:01.917+0000] {logging_mixin.py:154} INFO - Changing /opt/***/logs/dag_id=air_quality/run_id=scheduled__2023-12-13T04:00:00+00:00/task_id=Create_Table permission to 509
[2023-12-28T16:52:01.926+0000] {logging_mixin.py:154} INFO - Failed to change /opt/***/logs/dag_id=air_quality/run_id=scheduled__2023-12-13T04:00:00+00:00/task_id=Create_Table permission to 509: [Errno 1] Operation not permitted: '/opt/***/logs/dag_id=air_quality/run_id=scheduled__2023-12-13T04:00:00+00:00/task_id=Create_Table'
[2023-12-28T16:52:02.080+0000] {logging_mixin.py:154} INFO - Changing /opt/***/logs/dag_id=air_quality/run_id=scheduled__2023-12-13T04:00:00+00:00/task_id=Create_Table permission to 509
[2023-12-28T16:52:02.082+0000] {logging_mixin.py:154} INFO - Failed to change /opt/***/logs/dag_id=air_quality/run_id=scheduled__2023-12-13T04:00:00+00:00/task_id=Create_Table permission to 509: [Errno 1] Operation not permitted: '/opt/***/logs/dag_id=air_quality/run_id=scheduled__2023-12-13T04:00:00+00:00/task_id=Create_Table'
[2023-12-28T16:52:02.244+0000] {taskinstance.py:1159} INFO - Dependencies all met for dep_context=non-requeueable deps ti=<TaskInstance: air_quality.Create_Table scheduled__2023-12-13T04:00:00+00:00 [queued]>
[2023-12-28T16:52:02.305+0000] {taskinstance.py:1159} INFO - Dependencies all met for dep_context=requeueable deps ti=<TaskInstance: air_quality.Create_Table scheduled__2023-12-13T04:00:00+00:00 [queued]>
[2023-12-28T16:52:02.311+0000] {taskinstance.py:1361} INFO - Starting attempt 1 of 2
[2023-12-28T16:52:02.416+0000] {taskinstance.py:1382} INFO - Executing <Task(PythonOperator): Create_Table> on 2023-12-13 04:00:00+00:00
[2023-12-28T16:52:02.427+0000] {standard_task_runner.py:57} INFO - Started process 296 to run task
[2023-12-28T16:52:02.442+0000] {standard_task_runner.py:84} INFO - Running: ['***', 'tasks', 'run', 'air_quality', 'Create_Table', 'scheduled__2023-12-13T04:00:00+00:00', '--job-id', '891', '--raw', '--subdir', 'DAGS_FOLDER/airQuality.py', '--cfg-path', '/tmp/tmp7s0k7dtu']
[2023-12-28T16:52:02.445+0000] {standard_task_runner.py:85} INFO - Job 891: Subtask Create_Table
[2023-12-28T16:52:02.657+0000] {logging_mixin.py:154} INFO - Changing /opt/***/logs/dag_id=air_quality/run_id=scheduled__2023-12-13T04:00:00+00:00/task_id=Create_Table permission to 509
[2023-12-28T16:52:02.660+0000] {logging_mixin.py:154} INFO - Failed to change /opt/***/logs/dag_id=air_quality/run_id=scheduled__2023-12-13T04:00:00+00:00/task_id=Create_Table permission to 509: [Errno 1] Operation not permitted: '/opt/***/logs/dag_id=air_quality/run_id=scheduled__2023-12-13T04:00:00+00:00/task_id=Create_Table'
[2023-12-28T16:52:02.669+0000] {task_command.py:416} INFO - Running <TaskInstance: air_quality.Create_Table scheduled__2023-12-13T04:00:00+00:00 [running]> on host d67dd4682ccf
[2023-12-28T16:52:03.170+0000] {taskinstance.py:1662} INFO - Exporting env vars: AIRFLOW_CTX_DAG_OWNER='ghifari' AIRFLOW_CTX_DAG_ID='air_quality' AIRFLOW_CTX_TASK_ID='Create_Table' AIRFLOW_CTX_EXECUTION_DATE='2023-12-13T04:00:00+00:00' AIRFLOW_CTX_TRY_NUMBER='1' AIRFLOW_CTX_DAG_RUN_ID='scheduled__2023-12-13T04:00:00+00:00'
[2023-12-28T16:52:03.208+0000] {base.py:73} INFO - Using connection ID 'neonServerDB-Postgres' for task execution.
[2023-12-28T16:52:03.746+0000] {airQuality.py:139} INFO - Table air_quality Already Exist
[2023-12-28T16:52:03.851+0000] {python.py:194} INFO - Done. Returned value was: 
        CREATE TABLE air_quality (
            id serial primary key, 
            city varchar(250),
            country varchar(250), 
            unit varchar(20), 
            last_value float8, 
            lat float8,
            lng float8
        )
    
[2023-12-28T16:52:04.000+0000] {taskinstance.py:1400} INFO - Marking task as SUCCESS. dag_id=air_quality, task_id=Create_Table, execution_date=20231213T040000, start_date=20231228T165202, end_date=20231228T165203
[2023-12-28T16:52:04.082+0000] {local_task_job_runner.py:228} INFO - Task exited with return code 0
[2023-12-28T16:52:04.196+0000] {taskinstance.py:2778} INFO - 1 downstream tasks scheduled from follow-on schedule check
[2023-12-28T16:55:01.310+0000] {logging_mixin.py:154} INFO - Changing /opt/***/logs/dag_id=air_quality/run_id=scheduled__2023-12-13T04:00:00+00:00/task_id=Create_Table permission to 509
[2023-12-28T16:55:01.328+0000] {logging_mixin.py:154} INFO - Failed to change /opt/***/logs/dag_id=air_quality/run_id=scheduled__2023-12-13T04:00:00+00:00/task_id=Create_Table permission to 509: [Errno 1] Operation not permitted: '/opt/***/logs/dag_id=air_quality/run_id=scheduled__2023-12-13T04:00:00+00:00/task_id=Create_Table'
[2023-12-28T16:55:01.567+0000] {logging_mixin.py:154} INFO - Changing /opt/***/logs/dag_id=air_quality/run_id=scheduled__2023-12-13T04:00:00+00:00/task_id=Create_Table permission to 509
[2023-12-28T16:55:01.569+0000] {logging_mixin.py:154} INFO - Failed to change /opt/***/logs/dag_id=air_quality/run_id=scheduled__2023-12-13T04:00:00+00:00/task_id=Create_Table permission to 509: [Errno 1] Operation not permitted: '/opt/***/logs/dag_id=air_quality/run_id=scheduled__2023-12-13T04:00:00+00:00/task_id=Create_Table'
[2023-12-28T16:55:01.821+0000] {taskinstance.py:1159} INFO - Dependencies all met for dep_context=non-requeueable deps ti=<TaskInstance: air_quality.Create_Table scheduled__2023-12-13T04:00:00+00:00 [queued]>
[2023-12-28T16:55:01.910+0000] {taskinstance.py:1159} INFO - Dependencies all met for dep_context=requeueable deps ti=<TaskInstance: air_quality.Create_Table scheduled__2023-12-13T04:00:00+00:00 [queued]>
[2023-12-28T16:55:01.912+0000] {taskinstance.py:1361} INFO - Starting attempt 1 of 2
[2023-12-28T16:55:02.605+0000] {taskinstance.py:1382} INFO - Executing <Task(PythonOperator): Create_Table> on 2023-12-13 04:00:00+00:00
[2023-12-28T16:55:02.618+0000] {standard_task_runner.py:57} INFO - Started process 1277 to run task
[2023-12-28T16:55:02.657+0000] {standard_task_runner.py:84} INFO - Running: ['***', 'tasks', 'run', 'air_quality', 'Create_Table', 'scheduled__2023-12-13T04:00:00+00:00', '--job-id', '1134', '--raw', '--subdir', 'DAGS_FOLDER/airQuality.py', '--cfg-path', '/tmp/tmpy570ryt7']
[2023-12-28T16:55:02.662+0000] {standard_task_runner.py:85} INFO - Job 1134: Subtask Create_Table
[2023-12-28T16:55:03.157+0000] {logging_mixin.py:154} INFO - Changing /opt/***/logs/dag_id=air_quality/run_id=scheduled__2023-12-13T04:00:00+00:00/task_id=Create_Table permission to 509
[2023-12-28T16:55:03.166+0000] {logging_mixin.py:154} INFO - Failed to change /opt/***/logs/dag_id=air_quality/run_id=scheduled__2023-12-13T04:00:00+00:00/task_id=Create_Table permission to 509: [Errno 1] Operation not permitted: '/opt/***/logs/dag_id=air_quality/run_id=scheduled__2023-12-13T04:00:00+00:00/task_id=Create_Table'
[2023-12-28T16:55:03.196+0000] {task_command.py:416} INFO - Running <TaskInstance: air_quality.Create_Table scheduled__2023-12-13T04:00:00+00:00 [running]> on host d67dd4682ccf
[2023-12-28T16:55:03.681+0000] {taskinstance.py:1662} INFO - Exporting env vars: AIRFLOW_CTX_DAG_OWNER='ghifari' AIRFLOW_CTX_DAG_ID='air_quality' AIRFLOW_CTX_TASK_ID='Create_Table' AIRFLOW_CTX_EXECUTION_DATE='2023-12-13T04:00:00+00:00' AIRFLOW_CTX_TRY_NUMBER='1' AIRFLOW_CTX_DAG_RUN_ID='scheduled__2023-12-13T04:00:00+00:00'
[2023-12-28T16:55:03.708+0000] {base.py:73} INFO - Using connection ID 'neonServerDB-Postgres' for task execution.
[2023-12-28T16:55:08.023+0000] {airQuality.py:139} INFO - Table air_quality Already Exist
[2023-12-28T16:55:08.111+0000] {python.py:194} INFO - Done. Returned value was: 
        CREATE TABLE air_quality (
            id serial primary key, 
            city varchar(250),
            country varchar(250), 
            unit varchar(20), 
            last_value float8, 
            lat float8,
            lng float8
        )
    
[2023-12-28T16:55:08.260+0000] {taskinstance.py:1400} INFO - Marking task as SUCCESS. dag_id=air_quality, task_id=Create_Table, execution_date=20231213T040000, start_date=20231228T165501, end_date=20231228T165508
[2023-12-28T16:55:08.464+0000] {local_task_job_runner.py:228} INFO - Task exited with return code 0
[2023-12-28T16:55:08.720+0000] {taskinstance.py:2778} INFO - 1 downstream tasks scheduled from follow-on schedule check
