[2023-12-28T16:08:51.389+0000] {logging_mixin.py:154} INFO - Changing /opt/***/logs/dag_id=air_quality/run_id=scheduled__2023-12-22T04:00:00+00:00/task_id=Check_Response permission to 509
[2023-12-28T16:08:51.393+0000] {logging_mixin.py:154} INFO - Failed to change /opt/***/logs/dag_id=air_quality/run_id=scheduled__2023-12-22T04:00:00+00:00/task_id=Check_Response permission to 509: [Errno 1] Operation not permitted: '/opt/***/logs/dag_id=air_quality/run_id=scheduled__2023-12-22T04:00:00+00:00/task_id=Check_Response'
[2023-12-28T16:08:51.497+0000] {logging_mixin.py:154} INFO - Changing /opt/***/logs/dag_id=air_quality/run_id=scheduled__2023-12-22T04:00:00+00:00/task_id=Check_Response permission to 509
[2023-12-28T16:08:51.499+0000] {logging_mixin.py:154} INFO - Failed to change /opt/***/logs/dag_id=air_quality/run_id=scheduled__2023-12-22T04:00:00+00:00/task_id=Check_Response permission to 509: [Errno 1] Operation not permitted: '/opt/***/logs/dag_id=air_quality/run_id=scheduled__2023-12-22T04:00:00+00:00/task_id=Check_Response'
[2023-12-28T16:08:51.618+0000] {taskinstance.py:1159} INFO - Dependencies all met for dep_context=non-requeueable deps ti=<TaskInstance: air_quality.Check_Response scheduled__2023-12-22T04:00:00+00:00 [queued]>
[2023-12-28T16:08:51.658+0000] {taskinstance.py:1159} INFO - Dependencies all met for dep_context=requeueable deps ti=<TaskInstance: air_quality.Check_Response scheduled__2023-12-22T04:00:00+00:00 [queued]>
[2023-12-28T16:08:51.660+0000] {taskinstance.py:1361} INFO - Starting attempt 1 of 2
[2023-12-28T16:08:51.750+0000] {taskinstance.py:1382} INFO - Executing <Task(BranchPythonOperator): Check_Response> on 2023-12-22 04:00:00+00:00
[2023-12-28T16:08:51.782+0000] {standard_task_runner.py:84} INFO - Running: ['***', 'tasks', 'run', 'air_quality', 'Check_Response', 'scheduled__2023-12-22T04:00:00+00:00', '--job-id', '750', '--raw', '--subdir', 'DAGS_FOLDER/airQuality.py', '--cfg-path', '/tmp/tmpfrmtnub4']
[2023-12-28T16:08:51.790+0000] {standard_task_runner.py:85} INFO - Job 750: Subtask Check_Response
[2023-12-28T16:08:51.770+0000] {standard_task_runner.py:57} INFO - Started process 515 to run task
[2023-12-28T16:08:52.150+0000] {logging_mixin.py:154} INFO - Changing /opt/***/logs/dag_id=air_quality/run_id=scheduled__2023-12-22T04:00:00+00:00/task_id=Check_Response permission to 509
[2023-12-28T16:08:52.157+0000] {logging_mixin.py:154} INFO - Failed to change /opt/***/logs/dag_id=air_quality/run_id=scheduled__2023-12-22T04:00:00+00:00/task_id=Check_Response permission to 509: [Errno 1] Operation not permitted: '/opt/***/logs/dag_id=air_quality/run_id=scheduled__2023-12-22T04:00:00+00:00/task_id=Check_Response'
[2023-12-28T16:08:52.163+0000] {task_command.py:416} INFO - Running <TaskInstance: air_quality.Check_Response scheduled__2023-12-22T04:00:00+00:00 [running]> on host d67dd4682ccf
[2023-12-28T16:08:52.493+0000] {taskinstance.py:1662} INFO - Exporting env vars: AIRFLOW_CTX_DAG_OWNER='ghifari' AIRFLOW_CTX_DAG_ID='air_quality' AIRFLOW_CTX_TASK_ID='Check_Response' AIRFLOW_CTX_EXECUTION_DATE='2023-12-22T04:00:00+00:00' AIRFLOW_CTX_TRY_NUMBER='1' AIRFLOW_CTX_DAG_RUN_ID='scheduled__2023-12-22T04:00:00+00:00'
[2023-12-28T16:08:52.561+0000] {airQuality.py:90} INFO - Data Found: {'city': ['Jakarta'], 'country': ['ID'], 'unit': ['pm25'], 'last_value': [-999.0], 'lat': [-6.182536], 'lng': [106.834236]}
[2023-12-28T16:08:52.571+0000] {python.py:194} INFO - Done. Returned value was: Transform
[2023-12-28T16:08:52.572+0000] {python.py:227} INFO - Branch callable return Transform
[2023-12-28T16:08:52.574+0000] {skipmixin.py:173} INFO - Following branch Transform
[2023-12-28T16:08:52.680+0000] {skipmixin.py:239} INFO - Skipping tasks [('Error_Response', -1)]
[2023-12-28T16:08:53.034+0000] {taskinstance.py:1400} INFO - Marking task as SUCCESS. dag_id=air_quality, task_id=Check_Response, execution_date=20231222T040000, start_date=20231228T160851, end_date=20231228T160853
[2023-12-28T16:08:53.190+0000] {local_task_job_runner.py:228} INFO - Task exited with return code 0
[2023-12-28T16:08:53.403+0000] {taskinstance.py:2778} INFO - 1 downstream tasks scheduled from follow-on schedule check
[2023-12-28T16:52:03.427+0000] {logging_mixin.py:154} INFO - Changing /opt/***/logs/dag_id=air_quality/run_id=scheduled__2023-12-22T04:00:00+00:00/task_id=Check_Response permission to 509
[2023-12-28T16:52:03.433+0000] {logging_mixin.py:154} INFO - Failed to change /opt/***/logs/dag_id=air_quality/run_id=scheduled__2023-12-22T04:00:00+00:00/task_id=Check_Response permission to 509: [Errno 1] Operation not permitted: '/opt/***/logs/dag_id=air_quality/run_id=scheduled__2023-12-22T04:00:00+00:00/task_id=Check_Response'
[2023-12-28T16:52:03.583+0000] {logging_mixin.py:154} INFO - Changing /opt/***/logs/dag_id=air_quality/run_id=scheduled__2023-12-22T04:00:00+00:00/task_id=Check_Response permission to 509
[2023-12-28T16:52:03.590+0000] {logging_mixin.py:154} INFO - Failed to change /opt/***/logs/dag_id=air_quality/run_id=scheduled__2023-12-22T04:00:00+00:00/task_id=Check_Response permission to 509: [Errno 1] Operation not permitted: '/opt/***/logs/dag_id=air_quality/run_id=scheduled__2023-12-22T04:00:00+00:00/task_id=Check_Response'
[2023-12-28T16:52:03.804+0000] {taskinstance.py:1159} INFO - Dependencies all met for dep_context=non-requeueable deps ti=<TaskInstance: air_quality.Check_Response scheduled__2023-12-22T04:00:00+00:00 [queued]>
[2023-12-28T16:52:03.843+0000] {taskinstance.py:1159} INFO - Dependencies all met for dep_context=requeueable deps ti=<TaskInstance: air_quality.Check_Response scheduled__2023-12-22T04:00:00+00:00 [queued]>
[2023-12-28T16:52:03.846+0000] {taskinstance.py:1361} INFO - Starting attempt 1 of 2
[2023-12-28T16:52:03.934+0000] {taskinstance.py:1382} INFO - Executing <Task(BranchPythonOperator): Check_Response> on 2023-12-22 04:00:00+00:00
[2023-12-28T16:52:03.942+0000] {standard_task_runner.py:57} INFO - Started process 307 to run task
[2023-12-28T16:52:03.963+0000] {standard_task_runner.py:84} INFO - Running: ['***', 'tasks', 'run', 'air_quality', 'Check_Response', 'scheduled__2023-12-22T04:00:00+00:00', '--job-id', '897', '--raw', '--subdir', 'DAGS_FOLDER/airQuality.py', '--cfg-path', '/tmp/tmpe2vq9mg2']
[2023-12-28T16:52:03.995+0000] {standard_task_runner.py:85} INFO - Job 897: Subtask Check_Response
[2023-12-28T16:52:04.211+0000] {logging_mixin.py:154} INFO - Changing /opt/***/logs/dag_id=air_quality/run_id=scheduled__2023-12-22T04:00:00+00:00/task_id=Check_Response permission to 509
[2023-12-28T16:52:04.214+0000] {logging_mixin.py:154} INFO - Failed to change /opt/***/logs/dag_id=air_quality/run_id=scheduled__2023-12-22T04:00:00+00:00/task_id=Check_Response permission to 509: [Errno 1] Operation not permitted: '/opt/***/logs/dag_id=air_quality/run_id=scheduled__2023-12-22T04:00:00+00:00/task_id=Check_Response'
[2023-12-28T16:52:04.223+0000] {task_command.py:416} INFO - Running <TaskInstance: air_quality.Check_Response scheduled__2023-12-22T04:00:00+00:00 [running]> on host d67dd4682ccf
[2023-12-28T16:52:04.667+0000] {taskinstance.py:1662} INFO - Exporting env vars: AIRFLOW_CTX_DAG_OWNER='ghifari' AIRFLOW_CTX_DAG_ID='air_quality' AIRFLOW_CTX_TASK_ID='Check_Response' AIRFLOW_CTX_EXECUTION_DATE='2023-12-22T04:00:00+00:00' AIRFLOW_CTX_TRY_NUMBER='1' AIRFLOW_CTX_DAG_RUN_ID='scheduled__2023-12-22T04:00:00+00:00'
[2023-12-28T16:52:04.721+0000] {airQuality.py:90} INFO - Data Found: {'city': ['Jakarta'], 'country': ['ID'], 'unit': ['o3'], 'last_value': [-0.999], 'lat': [-6.182536], 'lng': [106.834236]}
[2023-12-28T16:52:04.727+0000] {python.py:194} INFO - Done. Returned value was: Transform
[2023-12-28T16:52:04.733+0000] {python.py:227} INFO - Branch callable return Transform
[2023-12-28T16:52:04.741+0000] {skipmixin.py:173} INFO - Following branch Transform
[2023-12-28T16:52:04.883+0000] {skipmixin.py:239} INFO - Skipping tasks [('Error_Response', -1)]
[2023-12-28T16:52:05.048+0000] {taskinstance.py:1400} INFO - Marking task as SUCCESS. dag_id=air_quality, task_id=Check_Response, execution_date=20231222T040000, start_date=20231228T165203, end_date=20231228T165205
[2023-12-28T16:52:05.158+0000] {local_task_job_runner.py:228} INFO - Task exited with return code 0
[2023-12-28T16:52:05.425+0000] {taskinstance.py:2778} INFO - 1 downstream tasks scheduled from follow-on schedule check
[2023-12-28T16:52:36.557+0000] {logging_mixin.py:154} INFO - Changing /opt/***/logs/dag_id=air_quality/run_id=scheduled__2023-12-22T04:00:00+00:00/task_id=Check_Response permission to 509
[2023-12-28T16:52:36.566+0000] {logging_mixin.py:154} INFO - Failed to change /opt/***/logs/dag_id=air_quality/run_id=scheduled__2023-12-22T04:00:00+00:00/task_id=Check_Response permission to 509: [Errno 1] Operation not permitted: '/opt/***/logs/dag_id=air_quality/run_id=scheduled__2023-12-22T04:00:00+00:00/task_id=Check_Response'
[2023-12-28T16:52:36.715+0000] {logging_mixin.py:154} INFO - Changing /opt/***/logs/dag_id=air_quality/run_id=scheduled__2023-12-22T04:00:00+00:00/task_id=Check_Response permission to 509
[2023-12-28T16:52:36.716+0000] {logging_mixin.py:154} INFO - Failed to change /opt/***/logs/dag_id=air_quality/run_id=scheduled__2023-12-22T04:00:00+00:00/task_id=Check_Response permission to 509: [Errno 1] Operation not permitted: '/opt/***/logs/dag_id=air_quality/run_id=scheduled__2023-12-22T04:00:00+00:00/task_id=Check_Response'
[2023-12-28T16:52:36.875+0000] {taskinstance.py:1159} INFO - Dependencies all met for dep_context=non-requeueable deps ti=<TaskInstance: air_quality.Check_Response scheduled__2023-12-22T04:00:00+00:00 [queued]>
[2023-12-28T16:52:36.917+0000] {taskinstance.py:1159} INFO - Dependencies all met for dep_context=requeueable deps ti=<TaskInstance: air_quality.Check_Response scheduled__2023-12-22T04:00:00+00:00 [queued]>
[2023-12-28T16:52:36.918+0000] {taskinstance.py:1361} INFO - Starting attempt 1 of 2
[2023-12-28T16:52:37.242+0000] {taskinstance.py:1382} INFO - Executing <Task(BranchPythonOperator): Check_Response> on 2023-12-22 04:00:00+00:00
[2023-12-28T16:52:37.259+0000] {standard_task_runner.py:57} INFO - Started process 627 to run task
[2023-12-28T16:52:37.292+0000] {standard_task_runner.py:84} INFO - Running: ['***', 'tasks', 'run', 'air_quality', 'Check_Response', 'scheduled__2023-12-22T04:00:00+00:00', '--job-id', '967', '--raw', '--subdir', 'DAGS_FOLDER/airQuality.py', '--cfg-path', '/tmp/tmpr6ad8x06']
[2023-12-28T16:52:37.301+0000] {standard_task_runner.py:85} INFO - Job 967: Subtask Check_Response
[2023-12-28T16:52:37.484+0000] {logging_mixin.py:154} INFO - Changing /opt/***/logs/dag_id=air_quality/run_id=scheduled__2023-12-22T04:00:00+00:00/task_id=Check_Response permission to 509
[2023-12-28T16:52:37.487+0000] {logging_mixin.py:154} INFO - Failed to change /opt/***/logs/dag_id=air_quality/run_id=scheduled__2023-12-22T04:00:00+00:00/task_id=Check_Response permission to 509: [Errno 1] Operation not permitted: '/opt/***/logs/dag_id=air_quality/run_id=scheduled__2023-12-22T04:00:00+00:00/task_id=Check_Response'
[2023-12-28T16:52:37.505+0000] {task_command.py:416} INFO - Running <TaskInstance: air_quality.Check_Response scheduled__2023-12-22T04:00:00+00:00 [running]> on host d67dd4682ccf
[2023-12-28T16:52:37.825+0000] {taskinstance.py:1662} INFO - Exporting env vars: AIRFLOW_CTX_DAG_OWNER='ghifari' AIRFLOW_CTX_DAG_ID='air_quality' AIRFLOW_CTX_TASK_ID='Check_Response' AIRFLOW_CTX_EXECUTION_DATE='2023-12-22T04:00:00+00:00' AIRFLOW_CTX_TRY_NUMBER='1' AIRFLOW_CTX_DAG_RUN_ID='scheduled__2023-12-22T04:00:00+00:00'
[2023-12-28T16:52:37.884+0000] {airQuality.py:90} INFO - Data Found: {'city': ['Jakarta'], 'country': ['ID'], 'unit': ['o3'], 'last_value': [-0.999], 'lat': [-6.182536], 'lng': [106.834236]}
[2023-12-28T16:52:37.885+0000] {python.py:194} INFO - Done. Returned value was: Transform
[2023-12-28T16:52:37.886+0000] {python.py:227} INFO - Branch callable return Transform
[2023-12-28T16:52:37.889+0000] {skipmixin.py:173} INFO - Following branch Transform
[2023-12-28T16:52:37.994+0000] {skipmixin.py:239} INFO - Skipping tasks [('Error_Response', -1)]
[2023-12-28T16:52:38.185+0000] {taskinstance.py:1400} INFO - Marking task as SUCCESS. dag_id=air_quality, task_id=Check_Response, execution_date=20231222T040000, start_date=20231228T165236, end_date=20231228T165238
[2023-12-28T16:52:38.244+0000] {local_task_job_runner.py:228} INFO - Task exited with return code 0
[2023-12-28T16:52:38.516+0000] {taskinstance.py:2778} INFO - 0 downstream tasks scheduled from follow-on schedule check
[2023-12-28T16:55:03.750+0000] {logging_mixin.py:154} INFO - Changing /opt/***/logs/dag_id=air_quality/run_id=scheduled__2023-12-22T04:00:00+00:00/task_id=Check_Response permission to 509
[2023-12-28T16:55:03.756+0000] {logging_mixin.py:154} INFO - Failed to change /opt/***/logs/dag_id=air_quality/run_id=scheduled__2023-12-22T04:00:00+00:00/task_id=Check_Response permission to 509: [Errno 1] Operation not permitted: '/opt/***/logs/dag_id=air_quality/run_id=scheduled__2023-12-22T04:00:00+00:00/task_id=Check_Response'
[2023-12-28T16:55:03.885+0000] {logging_mixin.py:154} INFO - Changing /opt/***/logs/dag_id=air_quality/run_id=scheduled__2023-12-22T04:00:00+00:00/task_id=Check_Response permission to 509
[2023-12-28T16:55:03.887+0000] {logging_mixin.py:154} INFO - Failed to change /opt/***/logs/dag_id=air_quality/run_id=scheduled__2023-12-22T04:00:00+00:00/task_id=Check_Response permission to 509: [Errno 1] Operation not permitted: '/opt/***/logs/dag_id=air_quality/run_id=scheduled__2023-12-22T04:00:00+00:00/task_id=Check_Response'
[2023-12-28T16:55:04.058+0000] {taskinstance.py:1159} INFO - Dependencies all met for dep_context=non-requeueable deps ti=<TaskInstance: air_quality.Check_Response scheduled__2023-12-22T04:00:00+00:00 [queued]>
[2023-12-28T16:55:04.092+0000] {taskinstance.py:1159} INFO - Dependencies all met for dep_context=requeueable deps ti=<TaskInstance: air_quality.Check_Response scheduled__2023-12-22T04:00:00+00:00 [queued]>
[2023-12-28T16:55:04.094+0000] {taskinstance.py:1361} INFO - Starting attempt 1 of 2
[2023-12-28T16:55:04.617+0000] {taskinstance.py:1382} INFO - Executing <Task(BranchPythonOperator): Check_Response> on 2023-12-22 04:00:00+00:00
[2023-12-28T16:55:04.642+0000] {standard_task_runner.py:57} INFO - Started process 1285 to run task
[2023-12-28T16:55:04.688+0000] {standard_task_runner.py:84} INFO - Running: ['***', 'tasks', 'run', 'air_quality', 'Check_Response', 'scheduled__2023-12-22T04:00:00+00:00', '--job-id', '1141', '--raw', '--subdir', 'DAGS_FOLDER/airQuality.py', '--cfg-path', '/tmp/tmphi4rlpji']
[2023-12-28T16:55:04.696+0000] {standard_task_runner.py:85} INFO - Job 1141: Subtask Check_Response
[2023-12-28T16:55:04.978+0000] {logging_mixin.py:154} INFO - Changing /opt/***/logs/dag_id=air_quality/run_id=scheduled__2023-12-22T04:00:00+00:00/task_id=Check_Response permission to 509
[2023-12-28T16:55:04.980+0000] {logging_mixin.py:154} INFO - Failed to change /opt/***/logs/dag_id=air_quality/run_id=scheduled__2023-12-22T04:00:00+00:00/task_id=Check_Response permission to 509: [Errno 1] Operation not permitted: '/opt/***/logs/dag_id=air_quality/run_id=scheduled__2023-12-22T04:00:00+00:00/task_id=Check_Response'
[2023-12-28T16:55:04.988+0000] {task_command.py:416} INFO - Running <TaskInstance: air_quality.Check_Response scheduled__2023-12-22T04:00:00+00:00 [running]> on host d67dd4682ccf
[2023-12-28T16:55:05.368+0000] {taskinstance.py:1662} INFO - Exporting env vars: AIRFLOW_CTX_DAG_OWNER='ghifari' AIRFLOW_CTX_DAG_ID='air_quality' AIRFLOW_CTX_TASK_ID='Check_Response' AIRFLOW_CTX_EXECUTION_DATE='2023-12-22T04:00:00+00:00' AIRFLOW_CTX_TRY_NUMBER='1' AIRFLOW_CTX_DAG_RUN_ID='scheduled__2023-12-22T04:00:00+00:00'
[2023-12-28T16:55:05.454+0000] {airQuality.py:90} INFO - Data Found: {'city': ['Jakarta'], 'country': ['ID'], 'unit': ['o3'], 'last_value': [-0.999], 'lat': [-6.182536], 'lng': [106.834236]}
[2023-12-28T16:55:05.462+0000] {python.py:194} INFO - Done. Returned value was: Transform
[2023-12-28T16:55:05.465+0000] {python.py:227} INFO - Branch callable return Transform
[2023-12-28T16:55:05.466+0000] {skipmixin.py:173} INFO - Following branch Transform
[2023-12-28T16:55:05.539+0000] {skipmixin.py:239} INFO - Skipping tasks [('Error_Response', -1)]
[2023-12-28T16:55:05.767+0000] {taskinstance.py:1400} INFO - Marking task as SUCCESS. dag_id=air_quality, task_id=Check_Response, execution_date=20231222T040000, start_date=20231228T165504, end_date=20231228T165505
[2023-12-28T16:55:05.912+0000] {local_task_job_runner.py:228} INFO - Task exited with return code 0
[2023-12-28T16:55:06.063+0000] {taskinstance.py:2778} INFO - 1 downstream tasks scheduled from follow-on schedule check
