[2023-12-17T11:36:48.141+0000] {logging_mixin.py:154} INFO - Changing /opt/***/logs/dag_id=air_quality/run_id=manual__2023-12-17T11:34:11.195928+00:00/task_id=CheckTable permission to 509
[2023-12-17T11:36:48.143+0000] {logging_mixin.py:154} INFO - Failed to change /opt/***/logs/dag_id=air_quality/run_id=manual__2023-12-17T11:34:11.195928+00:00/task_id=CheckTable permission to 509: [Errno 1] Operation not permitted: '/opt/***/logs/dag_id=air_quality/run_id=manual__2023-12-17T11:34:11.195928+00:00/task_id=CheckTable'
[2023-12-17T11:36:48.184+0000] {logging_mixin.py:154} INFO - Changing /opt/***/logs/dag_id=air_quality/run_id=manual__2023-12-17T11:34:11.195928+00:00/task_id=CheckTable permission to 509
[2023-12-17T11:36:48.184+0000] {logging_mixin.py:154} INFO - Failed to change /opt/***/logs/dag_id=air_quality/run_id=manual__2023-12-17T11:34:11.195928+00:00/task_id=CheckTable permission to 509: [Errno 1] Operation not permitted: '/opt/***/logs/dag_id=air_quality/run_id=manual__2023-12-17T11:34:11.195928+00:00/task_id=CheckTable'
[2023-12-17T11:36:48.219+0000] {taskinstance.py:1159} INFO - Dependencies all met for dep_context=non-requeueable deps ti=<TaskInstance: air_quality.CheckTable manual__2023-12-17T11:34:11.195928+00:00 [queued]>
[2023-12-17T11:36:48.229+0000] {taskinstance.py:1159} INFO - Dependencies all met for dep_context=requeueable deps ti=<TaskInstance: air_quality.CheckTable manual__2023-12-17T11:34:11.195928+00:00 [queued]>
[2023-12-17T11:36:48.230+0000] {taskinstance.py:1361} INFO - Starting attempt 1 of 2
[2023-12-17T11:36:48.245+0000] {taskinstance.py:1382} INFO - Executing <Task(BranchPythonOperator): CheckTable> on 2023-12-17 11:34:11.195928+00:00
[2023-12-17T11:36:48.248+0000] {standard_task_runner.py:57} INFO - Started process 2887 to run task
[2023-12-17T11:36:48.252+0000] {standard_task_runner.py:84} INFO - Running: ['***', 'tasks', 'run', 'air_quality', 'CheckTable', 'manual__2023-12-17T11:34:11.195928+00:00', '--job-id', '439', '--raw', '--subdir', 'DAGS_FOLDER/airQuality.py', '--cfg-path', '/tmp/tmpnlzwkcp_']
[2023-12-17T11:36:48.253+0000] {standard_task_runner.py:85} INFO - Job 439: Subtask CheckTable
[2023-12-17T11:36:48.297+0000] {logging_mixin.py:154} INFO - Changing /opt/***/logs/dag_id=air_quality/run_id=manual__2023-12-17T11:34:11.195928+00:00/task_id=CheckTable permission to 509
[2023-12-17T11:36:48.297+0000] {logging_mixin.py:154} INFO - Failed to change /opt/***/logs/dag_id=air_quality/run_id=manual__2023-12-17T11:34:11.195928+00:00/task_id=CheckTable permission to 509: [Errno 1] Operation not permitted: '/opt/***/logs/dag_id=air_quality/run_id=manual__2023-12-17T11:34:11.195928+00:00/task_id=CheckTable'
[2023-12-17T11:36:48.299+0000] {task_command.py:416} INFO - Running <TaskInstance: air_quality.CheckTable manual__2023-12-17T11:34:11.195928+00:00 [running]> on host 1a58977f5573
[2023-12-17T11:36:48.401+0000] {taskinstance.py:1662} INFO - Exporting env vars: AIRFLOW_CTX_DAG_OWNER='ghifari' AIRFLOW_CTX_DAG_ID='air_quality' AIRFLOW_CTX_TASK_ID='CheckTable' AIRFLOW_CTX_EXECUTION_DATE='2023-12-17T11:34:11.195928+00:00' AIRFLOW_CTX_TRY_NUMBER='1' AIRFLOW_CTX_DAG_RUN_ID='manual__2023-12-17T11:34:11.195928+00:00'
[2023-12-17T11:36:48.414+0000] {python.py:194} INFO - Done. Returned value was: Insert_Data
[2023-12-17T11:36:48.414+0000] {python.py:227} INFO - Branch callable return Insert_Data
[2023-12-17T11:36:48.415+0000] {skipmixin.py:173} INFO - Following branch Insert_Data
[2023-12-17T11:36:48.424+0000] {skipmixin.py:239} INFO - Skipping tasks []
[2023-12-17T11:36:48.459+0000] {taskinstance.py:1400} INFO - Marking task as SUCCESS. dag_id=air_quality, task_id=CheckTable, execution_date=20231217T113411, start_date=20231217T113648, end_date=20231217T113648
[2023-12-17T11:36:48.504+0000] {local_task_job_runner.py:228} INFO - Task exited with return code 0
[2023-12-17T11:36:48.535+0000] {taskinstance.py:2778} INFO - 1 downstream tasks scheduled from follow-on schedule check
