[2023-12-17T11:53:18.386+0000] {logging_mixin.py:154} INFO - Changing /opt/***/logs/dag_id=air_quality/run_id=manual__2023-12-17T11:53:04.813388+00:00/task_id=CheckTable permission to 509
[2023-12-17T11:53:18.390+0000] {logging_mixin.py:154} INFO - Failed to change /opt/***/logs/dag_id=air_quality/run_id=manual__2023-12-17T11:53:04.813388+00:00/task_id=CheckTable permission to 509: [Errno 1] Operation not permitted: '/opt/***/logs/dag_id=air_quality/run_id=manual__2023-12-17T11:53:04.813388+00:00/task_id=CheckTable'
[2023-12-17T11:53:18.488+0000] {logging_mixin.py:154} INFO - Changing /opt/***/logs/dag_id=air_quality/run_id=manual__2023-12-17T11:53:04.813388+00:00/task_id=CheckTable permission to 509
[2023-12-17T11:53:18.490+0000] {logging_mixin.py:154} INFO - Failed to change /opt/***/logs/dag_id=air_quality/run_id=manual__2023-12-17T11:53:04.813388+00:00/task_id=CheckTable permission to 509: [Errno 1] Operation not permitted: '/opt/***/logs/dag_id=air_quality/run_id=manual__2023-12-17T11:53:04.813388+00:00/task_id=CheckTable'
[2023-12-17T11:53:18.613+0000] {taskinstance.py:1159} INFO - Dependencies all met for dep_context=non-requeueable deps ti=<TaskInstance: air_quality.CheckTable manual__2023-12-17T11:53:04.813388+00:00 [queued]>
[2023-12-17T11:53:18.653+0000] {taskinstance.py:1159} INFO - Dependencies all met for dep_context=requeueable deps ti=<TaskInstance: air_quality.CheckTable manual__2023-12-17T11:53:04.813388+00:00 [queued]>
[2023-12-17T11:53:18.655+0000] {taskinstance.py:1361} INFO - Starting attempt 1 of 2
[2023-12-17T11:53:18.713+0000] {taskinstance.py:1382} INFO - Executing <Task(BranchPythonOperator): CheckTable> on 2023-12-17 11:53:04.813388+00:00
[2023-12-17T11:53:18.727+0000] {standard_task_runner.py:57} INFO - Started process 3217 to run task
[2023-12-17T11:53:18.737+0000] {standard_task_runner.py:84} INFO - Running: ['***', 'tasks', 'run', 'air_quality', 'CheckTable', 'manual__2023-12-17T11:53:04.813388+00:00', '--job-id', '468', '--raw', '--subdir', 'DAGS_FOLDER/airQuality.py', '--cfg-path', '/tmp/tmp548q38zo']
[2023-12-17T11:53:18.743+0000] {standard_task_runner.py:85} INFO - Job 468: Subtask CheckTable
[2023-12-17T11:53:18.898+0000] {logging_mixin.py:154} INFO - Changing /opt/***/logs/dag_id=air_quality/run_id=manual__2023-12-17T11:53:04.813388+00:00/task_id=CheckTable permission to 509
[2023-12-17T11:53:18.900+0000] {logging_mixin.py:154} INFO - Failed to change /opt/***/logs/dag_id=air_quality/run_id=manual__2023-12-17T11:53:04.813388+00:00/task_id=CheckTable permission to 509: [Errno 1] Operation not permitted: '/opt/***/logs/dag_id=air_quality/run_id=manual__2023-12-17T11:53:04.813388+00:00/task_id=CheckTable'
[2023-12-17T11:53:18.908+0000] {task_command.py:416} INFO - Running <TaskInstance: air_quality.CheckTable manual__2023-12-17T11:53:04.813388+00:00 [running]> on host 1a58977f5573
[2023-12-17T11:53:19.169+0000] {taskinstance.py:1662} INFO - Exporting env vars: AIRFLOW_CTX_DAG_OWNER='ghifari' AIRFLOW_CTX_DAG_ID='air_quality' AIRFLOW_CTX_TASK_ID='CheckTable' AIRFLOW_CTX_EXECUTION_DATE='2023-12-17T11:53:04.813388+00:00' AIRFLOW_CTX_TRY_NUMBER='1' AIRFLOW_CTX_DAG_RUN_ID='manual__2023-12-17T11:53:04.813388+00:00'
[2023-12-17T11:53:19.212+0000] {airQuality.py:205} INFO - Table Created: 
        CREATE TABLE air_quality (
            id serial primary key, 
            city varchar(250),
            country varchar(250), 
            unit varchar(20), 
            last_value float8, 
            lat float8,
            lng float8
        )
    
[2023-12-17T11:53:19.214+0000] {python.py:194} INFO - Done. Returned value was: Insert_Data
[2023-12-17T11:53:19.217+0000] {python.py:227} INFO - Branch callable return Insert_Data
[2023-12-17T11:53:19.219+0000] {skipmixin.py:173} INFO - Following branch Insert_Data
[2023-12-17T11:53:19.246+0000] {skipmixin.py:239} INFO - Skipping tasks []
[2023-12-17T11:53:19.363+0000] {taskinstance.py:1400} INFO - Marking task as SUCCESS. dag_id=air_quality, task_id=CheckTable, execution_date=20231217T115304, start_date=20231217T115318, end_date=20231217T115319
[2023-12-17T11:53:19.435+0000] {local_task_job_runner.py:228} INFO - Task exited with return code 0
[2023-12-17T11:53:19.537+0000] {taskinstance.py:2778} INFO - 1 downstream tasks scheduled from follow-on schedule check
