[2023-12-28T16:52:16.067+0000] {logging_mixin.py:154} INFO - Changing /opt/***/logs/dag_id=air_quality/run_id=scheduled__2023-12-18T04:00:00+00:00/task_id=CheckTable permission to 509
[2023-12-28T16:52:16.070+0000] {logging_mixin.py:154} INFO - Failed to change /opt/***/logs/dag_id=air_quality/run_id=scheduled__2023-12-18T04:00:00+00:00/task_id=CheckTable permission to 509: [Errno 1] Operation not permitted: '/opt/***/logs/dag_id=air_quality/run_id=scheduled__2023-12-18T04:00:00+00:00/task_id=CheckTable'
[2023-12-28T16:52:16.267+0000] {logging_mixin.py:154} INFO - Changing /opt/***/logs/dag_id=air_quality/run_id=scheduled__2023-12-18T04:00:00+00:00/task_id=CheckTable permission to 509
[2023-12-28T16:52:16.270+0000] {logging_mixin.py:154} INFO - Failed to change /opt/***/logs/dag_id=air_quality/run_id=scheduled__2023-12-18T04:00:00+00:00/task_id=CheckTable permission to 509: [Errno 1] Operation not permitted: '/opt/***/logs/dag_id=air_quality/run_id=scheduled__2023-12-18T04:00:00+00:00/task_id=CheckTable'
[2023-12-28T16:52:16.441+0000] {taskinstance.py:1159} INFO - Dependencies all met for dep_context=non-requeueable deps ti=<TaskInstance: air_quality.CheckTable scheduled__2023-12-18T04:00:00+00:00 [queued]>
[2023-12-28T16:52:16.544+0000] {taskinstance.py:1159} INFO - Dependencies all met for dep_context=requeueable deps ti=<TaskInstance: air_quality.CheckTable scheduled__2023-12-18T04:00:00+00:00 [queued]>
[2023-12-28T16:52:16.546+0000] {taskinstance.py:1361} INFO - Starting attempt 1 of 2
[2023-12-28T16:52:16.654+0000] {taskinstance.py:1382} INFO - Executing <Task(BranchPythonOperator): CheckTable> on 2023-12-18 04:00:00+00:00
[2023-12-28T16:52:16.668+0000] {standard_task_runner.py:57} INFO - Started process 416 to run task
[2023-12-28T16:52:16.695+0000] {standard_task_runner.py:84} INFO - Running: ['***', 'tasks', 'run', 'air_quality', 'CheckTable', 'scheduled__2023-12-18T04:00:00+00:00', '--job-id', '926', '--raw', '--subdir', 'DAGS_FOLDER/airQuality.py', '--cfg-path', '/tmp/tmpr7ghjubh']
[2023-12-28T16:52:16.702+0000] {standard_task_runner.py:85} INFO - Job 926: Subtask CheckTable
[2023-12-28T16:52:17.028+0000] {logging_mixin.py:154} INFO - Changing /opt/***/logs/dag_id=air_quality/run_id=scheduled__2023-12-18T04:00:00+00:00/task_id=CheckTable permission to 509
[2023-12-28T16:52:17.057+0000] {logging_mixin.py:154} INFO - Failed to change /opt/***/logs/dag_id=air_quality/run_id=scheduled__2023-12-18T04:00:00+00:00/task_id=CheckTable permission to 509: [Errno 1] Operation not permitted: '/opt/***/logs/dag_id=air_quality/run_id=scheduled__2023-12-18T04:00:00+00:00/task_id=CheckTable'
[2023-12-28T16:52:17.075+0000] {task_command.py:416} INFO - Running <TaskInstance: air_quality.CheckTable scheduled__2023-12-18T04:00:00+00:00 [running]> on host d67dd4682ccf
[2023-12-28T16:52:17.632+0000] {taskinstance.py:1662} INFO - Exporting env vars: AIRFLOW_CTX_DAG_OWNER='ghifari' AIRFLOW_CTX_DAG_ID='air_quality' AIRFLOW_CTX_TASK_ID='CheckTable' AIRFLOW_CTX_EXECUTION_DATE='2023-12-18T04:00:00+00:00' AIRFLOW_CTX_TRY_NUMBER='1' AIRFLOW_CTX_DAG_RUN_ID='scheduled__2023-12-18T04:00:00+00:00'
[2023-12-28T16:52:17.733+0000] {airQuality.py:183} INFO - Table Created: 
        CREATE TABLE air_quality (
            id serial primary key, 
            city varchar(250),
            country varchar(250), 
            unit varchar(20), 
            last_value float8, 
            lat float8,
            lng float8
        )
    
[2023-12-28T16:52:17.734+0000] {python.py:194} INFO - Done. Returned value was: Insert_Data
[2023-12-28T16:52:17.739+0000] {python.py:227} INFO - Branch callable return Insert_Data
[2023-12-28T16:52:17.747+0000] {skipmixin.py:173} INFO - Following branch Insert_Data
[2023-12-28T16:52:17.823+0000] {skipmixin.py:239} INFO - Skipping tasks []
[2023-12-28T16:52:17.982+0000] {taskinstance.py:1400} INFO - Marking task as SUCCESS. dag_id=air_quality, task_id=CheckTable, execution_date=20231218T040000, start_date=20231228T165216, end_date=20231228T165217
[2023-12-28T16:52:18.109+0000] {local_task_job_runner.py:228} INFO - Task exited with return code 0
[2023-12-28T16:52:18.191+0000] {taskinstance.py:2778} INFO - 1 downstream tasks scheduled from follow-on schedule check
[2023-12-28T16:55:16.375+0000] {logging_mixin.py:154} INFO - Changing /opt/***/logs/dag_id=air_quality/run_id=scheduled__2023-12-18T04:00:00+00:00/task_id=CheckTable permission to 509
[2023-12-28T16:55:16.387+0000] {logging_mixin.py:154} INFO - Failed to change /opt/***/logs/dag_id=air_quality/run_id=scheduled__2023-12-18T04:00:00+00:00/task_id=CheckTable permission to 509: [Errno 1] Operation not permitted: '/opt/***/logs/dag_id=air_quality/run_id=scheduled__2023-12-18T04:00:00+00:00/task_id=CheckTable'
[2023-12-28T16:55:16.674+0000] {logging_mixin.py:154} INFO - Changing /opt/***/logs/dag_id=air_quality/run_id=scheduled__2023-12-18T04:00:00+00:00/task_id=CheckTable permission to 509
[2023-12-28T16:55:16.676+0000] {logging_mixin.py:154} INFO - Failed to change /opt/***/logs/dag_id=air_quality/run_id=scheduled__2023-12-18T04:00:00+00:00/task_id=CheckTable permission to 509: [Errno 1] Operation not permitted: '/opt/***/logs/dag_id=air_quality/run_id=scheduled__2023-12-18T04:00:00+00:00/task_id=CheckTable'
[2023-12-28T16:55:17.029+0000] {taskinstance.py:1159} INFO - Dependencies all met for dep_context=non-requeueable deps ti=<TaskInstance: air_quality.CheckTable scheduled__2023-12-18T04:00:00+00:00 [queued]>
[2023-12-28T16:55:17.139+0000] {taskinstance.py:1159} INFO - Dependencies all met for dep_context=requeueable deps ti=<TaskInstance: air_quality.CheckTable scheduled__2023-12-18T04:00:00+00:00 [queued]>
[2023-12-28T16:55:17.167+0000] {taskinstance.py:1361} INFO - Starting attempt 1 of 2
[2023-12-28T16:55:17.513+0000] {taskinstance.py:1382} INFO - Executing <Task(BranchPythonOperator): CheckTable> on 2023-12-18 04:00:00+00:00
[2023-12-28T16:55:17.535+0000] {standard_task_runner.py:57} INFO - Started process 1374 to run task
[2023-12-28T16:55:17.548+0000] {standard_task_runner.py:84} INFO - Running: ['***', 'tasks', 'run', 'air_quality', 'CheckTable', 'scheduled__2023-12-18T04:00:00+00:00', '--job-id', '1168', '--raw', '--subdir', 'DAGS_FOLDER/airQuality.py', '--cfg-path', '/tmp/tmp5o_cs37r']
[2023-12-28T16:55:17.575+0000] {standard_task_runner.py:85} INFO - Job 1168: Subtask CheckTable
[2023-12-28T16:55:17.885+0000] {logging_mixin.py:154} INFO - Changing /opt/***/logs/dag_id=air_quality/run_id=scheduled__2023-12-18T04:00:00+00:00/task_id=CheckTable permission to 509
[2023-12-28T16:55:17.888+0000] {logging_mixin.py:154} INFO - Failed to change /opt/***/logs/dag_id=air_quality/run_id=scheduled__2023-12-18T04:00:00+00:00/task_id=CheckTable permission to 509: [Errno 1] Operation not permitted: '/opt/***/logs/dag_id=air_quality/run_id=scheduled__2023-12-18T04:00:00+00:00/task_id=CheckTable'
[2023-12-28T16:55:17.906+0000] {task_command.py:416} INFO - Running <TaskInstance: air_quality.CheckTable scheduled__2023-12-18T04:00:00+00:00 [running]> on host d67dd4682ccf
[2023-12-28T16:55:18.471+0000] {taskinstance.py:1662} INFO - Exporting env vars: AIRFLOW_CTX_DAG_OWNER='ghifari' AIRFLOW_CTX_DAG_ID='air_quality' AIRFLOW_CTX_TASK_ID='CheckTable' AIRFLOW_CTX_EXECUTION_DATE='2023-12-18T04:00:00+00:00' AIRFLOW_CTX_TRY_NUMBER='1' AIRFLOW_CTX_DAG_RUN_ID='scheduled__2023-12-18T04:00:00+00:00'
[2023-12-28T16:55:18.555+0000] {airQuality.py:183} INFO - Table Created: 
        CREATE TABLE air_quality (
            id serial primary key, 
            city varchar(250),
            country varchar(250), 
            unit varchar(20), 
            last_value float8, 
            lat float8,
            lng float8
        )
    
[2023-12-28T16:55:18.562+0000] {python.py:194} INFO - Done. Returned value was: Insert_Data
[2023-12-28T16:55:18.577+0000] {python.py:227} INFO - Branch callable return Insert_Data
[2023-12-28T16:55:18.581+0000] {skipmixin.py:173} INFO - Following branch Insert_Data
[2023-12-28T16:55:18.635+0000] {skipmixin.py:239} INFO - Skipping tasks []
[2023-12-28T16:55:18.834+0000] {taskinstance.py:1400} INFO - Marking task as SUCCESS. dag_id=air_quality, task_id=CheckTable, execution_date=20231218T040000, start_date=20231228T165517, end_date=20231228T165518
[2023-12-28T16:55:19.031+0000] {local_task_job_runner.py:228} INFO - Task exited with return code 0
[2023-12-28T16:55:19.202+0000] {taskinstance.py:2778} INFO - 1 downstream tasks scheduled from follow-on schedule check
