[2023-12-17T11:19:15.498+0000] {logging_mixin.py:154} INFO - Changing /opt/***/logs/dag_id=air_quality/run_id=scheduled__2023-12-10T04:00:00+00:00/task_id=CheckTable permission to 509
[2023-12-17T11:19:15.500+0000] {logging_mixin.py:154} INFO - Failed to change /opt/***/logs/dag_id=air_quality/run_id=scheduled__2023-12-10T04:00:00+00:00/task_id=CheckTable permission to 509: [Errno 1] Operation not permitted: '/opt/***/logs/dag_id=air_quality/run_id=scheduled__2023-12-10T04:00:00+00:00/task_id=CheckTable'
[2023-12-17T11:19:15.614+0000] {logging_mixin.py:154} INFO - Changing /opt/***/logs/dag_id=air_quality/run_id=scheduled__2023-12-10T04:00:00+00:00/task_id=CheckTable permission to 509
[2023-12-17T11:19:15.615+0000] {logging_mixin.py:154} INFO - Failed to change /opt/***/logs/dag_id=air_quality/run_id=scheduled__2023-12-10T04:00:00+00:00/task_id=CheckTable permission to 509: [Errno 1] Operation not permitted: '/opt/***/logs/dag_id=air_quality/run_id=scheduled__2023-12-10T04:00:00+00:00/task_id=CheckTable'
[2023-12-17T11:19:15.755+0000] {taskinstance.py:1159} INFO - Dependencies all met for dep_context=non-requeueable deps ti=<TaskInstance: air_quality.CheckTable scheduled__2023-12-10T04:00:00+00:00 [queued]>
[2023-12-17T11:19:15.784+0000] {taskinstance.py:1159} INFO - Dependencies all met for dep_context=requeueable deps ti=<TaskInstance: air_quality.CheckTable scheduled__2023-12-10T04:00:00+00:00 [queued]>
[2023-12-17T11:19:15.785+0000] {taskinstance.py:1361} INFO - Starting attempt 1 of 2
[2023-12-17T11:19:15.832+0000] {taskinstance.py:1382} INFO - Executing <Task(BranchPythonOperator): CheckTable> on 2023-12-10 04:00:00+00:00
[2023-12-17T11:19:15.848+0000] {standard_task_runner.py:57} INFO - Started process 2470 to run task
[2023-12-17T11:19:15.865+0000] {standard_task_runner.py:84} INFO - Running: ['***', 'tasks', 'run', 'air_quality', 'CheckTable', 'scheduled__2023-12-10T04:00:00+00:00', '--job-id', '418', '--raw', '--subdir', 'DAGS_FOLDER/airQuality.py', '--cfg-path', '/tmp/tmpnwjtrwa1']
[2023-12-17T11:19:15.873+0000] {standard_task_runner.py:85} INFO - Job 418: Subtask CheckTable
[2023-12-17T11:19:16.079+0000] {logging_mixin.py:154} INFO - Changing /opt/***/logs/dag_id=air_quality/run_id=scheduled__2023-12-10T04:00:00+00:00/task_id=CheckTable permission to 509
[2023-12-17T11:19:16.081+0000] {logging_mixin.py:154} INFO - Failed to change /opt/***/logs/dag_id=air_quality/run_id=scheduled__2023-12-10T04:00:00+00:00/task_id=CheckTable permission to 509: [Errno 1] Operation not permitted: '/opt/***/logs/dag_id=air_quality/run_id=scheduled__2023-12-10T04:00:00+00:00/task_id=CheckTable'
[2023-12-17T11:19:16.091+0000] {task_command.py:416} INFO - Running <TaskInstance: air_quality.CheckTable scheduled__2023-12-10T04:00:00+00:00 [running]> on host 1a58977f5573
[2023-12-17T11:19:16.402+0000] {taskinstance.py:1662} INFO - Exporting env vars: AIRFLOW_CTX_DAG_OWNER='ghifari' AIRFLOW_CTX_DAG_ID='air_quality' AIRFLOW_CTX_TASK_ID='CheckTable' AIRFLOW_CTX_EXECUTION_DATE='2023-12-10T04:00:00+00:00' AIRFLOW_CTX_TRY_NUMBER='1' AIRFLOW_CTX_DAG_RUN_ID='scheduled__2023-12-10T04:00:00+00:00'
[2023-12-17T11:19:16.443+0000] {airQuality.py:204} INFO - Table Created: 
        CREATE TABLE air_quality (
            id serial primary key, 
            city varchar(250),
            country varchar(250), 
            unit varchar(20), 
            last_value float8, 
            lat float8,
            lng float8
        )
    
[2023-12-17T11:19:16.447+0000] {python.py:194} INFO - Done. Returned value was: Insert_Data
[2023-12-17T11:19:16.448+0000] {python.py:227} INFO - Branch callable return Insert_Data
[2023-12-17T11:19:16.450+0000] {skipmixin.py:173} INFO - Following branch Insert_Data
[2023-12-17T11:19:16.485+0000] {skipmixin.py:239} INFO - Skipping tasks []
[2023-12-17T11:19:16.694+0000] {taskinstance.py:1400} INFO - Marking task as SUCCESS. dag_id=air_quality, task_id=CheckTable, execution_date=20231210T040000, start_date=20231217T111915, end_date=20231217T111916
[2023-12-17T11:19:16.783+0000] {local_task_job_runner.py:228} INFO - Task exited with return code 0
[2023-12-17T11:19:16.901+0000] {taskinstance.py:2778} INFO - 0 downstream tasks scheduled from follow-on schedule check
[2023-12-17T12:18:24.489+0000] {logging_mixin.py:154} INFO - Changing /opt/***/logs/dag_id=air_quality/run_id=scheduled__2023-12-10T04:00:00+00:00/task_id=CheckTable permission to 509
[2023-12-17T12:18:24.530+0000] {logging_mixin.py:154} INFO - Failed to change /opt/***/logs/dag_id=air_quality/run_id=scheduled__2023-12-10T04:00:00+00:00/task_id=CheckTable permission to 509: [Errno 1] Operation not permitted: '/opt/***/logs/dag_id=air_quality/run_id=scheduled__2023-12-10T04:00:00+00:00/task_id=CheckTable'
[2023-12-17T12:18:24.701+0000] {logging_mixin.py:154} INFO - Changing /opt/***/logs/dag_id=air_quality/run_id=scheduled__2023-12-10T04:00:00+00:00/task_id=CheckTable permission to 509
[2023-12-17T12:18:24.703+0000] {logging_mixin.py:154} INFO - Failed to change /opt/***/logs/dag_id=air_quality/run_id=scheduled__2023-12-10T04:00:00+00:00/task_id=CheckTable permission to 509: [Errno 1] Operation not permitted: '/opt/***/logs/dag_id=air_quality/run_id=scheduled__2023-12-10T04:00:00+00:00/task_id=CheckTable'
[2023-12-17T12:18:24.876+0000] {taskinstance.py:1159} INFO - Dependencies all met for dep_context=non-requeueable deps ti=<TaskInstance: air_quality.CheckTable scheduled__2023-12-10T04:00:00+00:00 [queued]>
[2023-12-17T12:18:24.901+0000] {taskinstance.py:1159} INFO - Dependencies all met for dep_context=requeueable deps ti=<TaskInstance: air_quality.CheckTable scheduled__2023-12-10T04:00:00+00:00 [queued]>
[2023-12-17T12:18:24.902+0000] {taskinstance.py:1361} INFO - Starting attempt 1 of 2
[2023-12-17T12:18:24.977+0000] {taskinstance.py:1382} INFO - Executing <Task(BranchPythonOperator): CheckTable> on 2023-12-10 04:00:00+00:00
[2023-12-17T12:18:24.988+0000] {standard_task_runner.py:57} INFO - Started process 4189 to run task
[2023-12-17T12:18:25.015+0000] {standard_task_runner.py:84} INFO - Running: ['***', 'tasks', 'run', 'air_quality', 'CheckTable', 'scheduled__2023-12-10T04:00:00+00:00', '--job-id', '632', '--raw', '--subdir', 'DAGS_FOLDER/airQuality.py', '--cfg-path', '/tmp/tmpjj9afo5b']
[2023-12-17T12:18:25.017+0000] {standard_task_runner.py:85} INFO - Job 632: Subtask CheckTable
[2023-12-17T12:18:25.290+0000] {logging_mixin.py:154} INFO - Changing /opt/***/logs/dag_id=air_quality/run_id=scheduled__2023-12-10T04:00:00+00:00/task_id=CheckTable permission to 509
[2023-12-17T12:18:25.294+0000] {logging_mixin.py:154} INFO - Failed to change /opt/***/logs/dag_id=air_quality/run_id=scheduled__2023-12-10T04:00:00+00:00/task_id=CheckTable permission to 509: [Errno 1] Operation not permitted: '/opt/***/logs/dag_id=air_quality/run_id=scheduled__2023-12-10T04:00:00+00:00/task_id=CheckTable'
[2023-12-17T12:18:25.330+0000] {task_command.py:416} INFO - Running <TaskInstance: air_quality.CheckTable scheduled__2023-12-10T04:00:00+00:00 [running]> on host 1a58977f5573
[2023-12-17T12:18:25.601+0000] {taskinstance.py:1662} INFO - Exporting env vars: AIRFLOW_CTX_DAG_OWNER='ghifari' AIRFLOW_CTX_DAG_ID='air_quality' AIRFLOW_CTX_TASK_ID='CheckTable' AIRFLOW_CTX_EXECUTION_DATE='2023-12-10T04:00:00+00:00' AIRFLOW_CTX_TRY_NUMBER='1' AIRFLOW_CTX_DAG_RUN_ID='scheduled__2023-12-10T04:00:00+00:00'
[2023-12-17T12:18:25.649+0000] {airQuality.py:205} INFO - Table Created: 
        CREATE TABLE air_quality (
            id serial primary key, 
            city varchar(250),
            country varchar(250), 
            unit varchar(20), 
            last_value float8, 
            lat float8,
            lng float8
        )
    
[2023-12-17T12:18:25.665+0000] {python.py:194} INFO - Done. Returned value was: Insert_Data
[2023-12-17T12:18:25.675+0000] {python.py:227} INFO - Branch callable return Insert_Data
[2023-12-17T12:18:25.677+0000] {skipmixin.py:173} INFO - Following branch Insert_Data
[2023-12-17T12:18:25.705+0000] {skipmixin.py:239} INFO - Skipping tasks []
[2023-12-17T12:18:25.903+0000] {taskinstance.py:1400} INFO - Marking task as SUCCESS. dag_id=air_quality, task_id=CheckTable, execution_date=20231210T040000, start_date=20231217T121824, end_date=20231217T121825
[2023-12-17T12:18:26.024+0000] {local_task_job_runner.py:228} INFO - Task exited with return code 0
[2023-12-17T12:18:26.202+0000] {taskinstance.py:2778} INFO - 1 downstream tasks scheduled from follow-on schedule check
[2023-12-17T12:18:55.737+0000] {logging_mixin.py:154} INFO - Changing /opt/***/logs/dag_id=air_quality/run_id=scheduled__2023-12-10T04:00:00+00:00/task_id=CheckTable permission to 509
[2023-12-17T12:18:55.739+0000] {logging_mixin.py:154} INFO - Failed to change /opt/***/logs/dag_id=air_quality/run_id=scheduled__2023-12-10T04:00:00+00:00/task_id=CheckTable permission to 509: [Errno 1] Operation not permitted: '/opt/***/logs/dag_id=air_quality/run_id=scheduled__2023-12-10T04:00:00+00:00/task_id=CheckTable'
[2023-12-17T12:18:55.812+0000] {logging_mixin.py:154} INFO - Changing /opt/***/logs/dag_id=air_quality/run_id=scheduled__2023-12-10T04:00:00+00:00/task_id=CheckTable permission to 509
[2023-12-17T12:18:55.813+0000] {logging_mixin.py:154} INFO - Failed to change /opt/***/logs/dag_id=air_quality/run_id=scheduled__2023-12-10T04:00:00+00:00/task_id=CheckTable permission to 509: [Errno 1] Operation not permitted: '/opt/***/logs/dag_id=air_quality/run_id=scheduled__2023-12-10T04:00:00+00:00/task_id=CheckTable'
[2023-12-17T12:18:55.890+0000] {taskinstance.py:1159} INFO - Dependencies all met for dep_context=non-requeueable deps ti=<TaskInstance: air_quality.CheckTable scheduled__2023-12-10T04:00:00+00:00 [queued]>
[2023-12-17T12:18:55.914+0000] {taskinstance.py:1159} INFO - Dependencies all met for dep_context=requeueable deps ti=<TaskInstance: air_quality.CheckTable scheduled__2023-12-10T04:00:00+00:00 [queued]>
[2023-12-17T12:18:55.915+0000] {taskinstance.py:1361} INFO - Starting attempt 1 of 2
[2023-12-17T12:18:55.946+0000] {taskinstance.py:1382} INFO - Executing <Task(BranchPythonOperator): CheckTable> on 2023-12-10 04:00:00+00:00
[2023-12-17T12:18:55.955+0000] {standard_task_runner.py:57} INFO - Started process 4481 to run task
[2023-12-17T12:18:55.963+0000] {standard_task_runner.py:84} INFO - Running: ['***', 'tasks', 'run', 'air_quality', 'CheckTable', 'scheduled__2023-12-10T04:00:00+00:00', '--job-id', '690', '--raw', '--subdir', 'DAGS_FOLDER/airQuality.py', '--cfg-path', '/tmp/tmprwlplhdz']
[2023-12-17T12:18:55.967+0000] {standard_task_runner.py:85} INFO - Job 690: Subtask CheckTable
[2023-12-17T12:18:56.084+0000] {logging_mixin.py:154} INFO - Changing /opt/***/logs/dag_id=air_quality/run_id=scheduled__2023-12-10T04:00:00+00:00/task_id=CheckTable permission to 509
[2023-12-17T12:18:56.085+0000] {logging_mixin.py:154} INFO - Failed to change /opt/***/logs/dag_id=air_quality/run_id=scheduled__2023-12-10T04:00:00+00:00/task_id=CheckTable permission to 509: [Errno 1] Operation not permitted: '/opt/***/logs/dag_id=air_quality/run_id=scheduled__2023-12-10T04:00:00+00:00/task_id=CheckTable'
[2023-12-17T12:18:56.089+0000] {task_command.py:416} INFO - Running <TaskInstance: air_quality.CheckTable scheduled__2023-12-10T04:00:00+00:00 [running]> on host 1a58977f5573
[2023-12-17T12:18:56.258+0000] {taskinstance.py:1662} INFO - Exporting env vars: AIRFLOW_CTX_DAG_OWNER='ghifari' AIRFLOW_CTX_DAG_ID='air_quality' AIRFLOW_CTX_TASK_ID='CheckTable' AIRFLOW_CTX_EXECUTION_DATE='2023-12-10T04:00:00+00:00' AIRFLOW_CTX_TRY_NUMBER='1' AIRFLOW_CTX_DAG_RUN_ID='scheduled__2023-12-10T04:00:00+00:00'
[2023-12-17T12:18:56.281+0000] {airQuality.py:205} INFO - Table Created: 
        CREATE TABLE air_quality (
            id serial primary key, 
            city varchar(250),
            country varchar(250), 
            unit varchar(20), 
            last_value float8, 
            lat float8,
            lng float8
        )
    
[2023-12-17T12:18:56.282+0000] {python.py:194} INFO - Done. Returned value was: Insert_Data
[2023-12-17T12:18:56.283+0000] {python.py:227} INFO - Branch callable return Insert_Data
[2023-12-17T12:18:56.284+0000] {skipmixin.py:173} INFO - Following branch Insert_Data
[2023-12-17T12:18:56.299+0000] {skipmixin.py:239} INFO - Skipping tasks []
[2023-12-17T12:18:56.357+0000] {taskinstance.py:1400} INFO - Marking task as SUCCESS. dag_id=air_quality, task_id=CheckTable, execution_date=20231210T040000, start_date=20231217T121855, end_date=20231217T121856
[2023-12-17T12:18:56.417+0000] {local_task_job_runner.py:228} INFO - Task exited with return code 0
[2023-12-17T12:18:56.464+0000] {taskinstance.py:2778} INFO - 0 downstream tasks scheduled from follow-on schedule check
[2023-12-28T16:55:10.671+0000] {logging_mixin.py:154} INFO - Changing /opt/***/logs/dag_id=air_quality/run_id=scheduled__2023-12-10T04:00:00+00:00/task_id=CheckTable permission to 509
[2023-12-28T16:55:10.674+0000] {logging_mixin.py:154} INFO - Failed to change /opt/***/logs/dag_id=air_quality/run_id=scheduled__2023-12-10T04:00:00+00:00/task_id=CheckTable permission to 509: [Errno 1] Operation not permitted: '/opt/***/logs/dag_id=air_quality/run_id=scheduled__2023-12-10T04:00:00+00:00/task_id=CheckTable'
[2023-12-28T16:55:10.851+0000] {logging_mixin.py:154} INFO - Changing /opt/***/logs/dag_id=air_quality/run_id=scheduled__2023-12-10T04:00:00+00:00/task_id=CheckTable permission to 509
[2023-12-28T16:55:10.877+0000] {logging_mixin.py:154} INFO - Failed to change /opt/***/logs/dag_id=air_quality/run_id=scheduled__2023-12-10T04:00:00+00:00/task_id=CheckTable permission to 509: [Errno 1] Operation not permitted: '/opt/***/logs/dag_id=air_quality/run_id=scheduled__2023-12-10T04:00:00+00:00/task_id=CheckTable'
[2023-12-28T16:55:11.002+0000] {taskinstance.py:1159} INFO - Dependencies all met for dep_context=non-requeueable deps ti=<TaskInstance: air_quality.CheckTable scheduled__2023-12-10T04:00:00+00:00 [queued]>
[2023-12-28T16:55:11.034+0000] {taskinstance.py:1159} INFO - Dependencies all met for dep_context=requeueable deps ti=<TaskInstance: air_quality.CheckTable scheduled__2023-12-10T04:00:00+00:00 [queued]>
[2023-12-28T16:55:11.036+0000] {taskinstance.py:1361} INFO - Starting attempt 1 of 2
[2023-12-28T16:55:11.078+0000] {taskinstance.py:1382} INFO - Executing <Task(BranchPythonOperator): CheckTable> on 2023-12-10 04:00:00+00:00
[2023-12-28T16:55:11.104+0000] {standard_task_runner.py:84} INFO - Running: ['***', 'tasks', 'run', 'air_quality', 'CheckTable', 'scheduled__2023-12-10T04:00:00+00:00', '--job-id', '1153', '--raw', '--subdir', 'DAGS_FOLDER/airQuality.py', '--cfg-path', '/tmp/tmpu42n2257']
[2023-12-28T16:55:11.107+0000] {standard_task_runner.py:85} INFO - Job 1153: Subtask CheckTable
[2023-12-28T16:55:11.095+0000] {standard_task_runner.py:57} INFO - Started process 1315 to run task
[2023-12-28T16:55:11.276+0000] {logging_mixin.py:154} INFO - Changing /opt/***/logs/dag_id=air_quality/run_id=scheduled__2023-12-10T04:00:00+00:00/task_id=CheckTable permission to 509
[2023-12-28T16:55:11.289+0000] {logging_mixin.py:154} INFO - Failed to change /opt/***/logs/dag_id=air_quality/run_id=scheduled__2023-12-10T04:00:00+00:00/task_id=CheckTable permission to 509: [Errno 1] Operation not permitted: '/opt/***/logs/dag_id=air_quality/run_id=scheduled__2023-12-10T04:00:00+00:00/task_id=CheckTable'
[2023-12-28T16:55:11.307+0000] {task_command.py:416} INFO - Running <TaskInstance: air_quality.CheckTable scheduled__2023-12-10T04:00:00+00:00 [running]> on host d67dd4682ccf
[2023-12-28T16:55:11.793+0000] {taskinstance.py:1662} INFO - Exporting env vars: AIRFLOW_CTX_DAG_OWNER='ghifari' AIRFLOW_CTX_DAG_ID='air_quality' AIRFLOW_CTX_TASK_ID='CheckTable' AIRFLOW_CTX_EXECUTION_DATE='2023-12-10T04:00:00+00:00' AIRFLOW_CTX_TRY_NUMBER='1' AIRFLOW_CTX_DAG_RUN_ID='scheduled__2023-12-10T04:00:00+00:00'
[2023-12-28T16:55:11.850+0000] {airQuality.py:183} INFO - Table Created: 
        CREATE TABLE air_quality (
            id serial primary key, 
            city varchar(250),
            country varchar(250), 
            unit varchar(20), 
            last_value float8, 
            lat float8,
            lng float8
        )
    
[2023-12-28T16:55:11.852+0000] {python.py:194} INFO - Done. Returned value was: Insert_Data
[2023-12-28T16:55:11.856+0000] {python.py:227} INFO - Branch callable return Insert_Data
[2023-12-28T16:55:11.861+0000] {skipmixin.py:173} INFO - Following branch Insert_Data
[2023-12-28T16:55:11.959+0000] {skipmixin.py:239} INFO - Skipping tasks []
[2023-12-28T16:55:12.073+0000] {taskinstance.py:1400} INFO - Marking task as SUCCESS. dag_id=air_quality, task_id=CheckTable, execution_date=20231210T040000, start_date=20231228T165511, end_date=20231228T165512
[2023-12-28T16:55:12.174+0000] {local_task_job_runner.py:228} INFO - Task exited with return code 0
[2023-12-28T16:55:12.478+0000] {taskinstance.py:2778} INFO - 1 downstream tasks scheduled from follow-on schedule check
