[2023-12-17T10:37:05.149+0000] {logging_mixin.py:154} INFO - Changing /opt/***/logs/dag_id=air_quality/run_id=manual__2023-12-17T10:36:55.488887+00:00/task_id=CheckTable permission to 509
[2023-12-17T10:37:05.150+0000] {logging_mixin.py:154} INFO - Failed to change /opt/***/logs/dag_id=air_quality/run_id=manual__2023-12-17T10:36:55.488887+00:00/task_id=CheckTable permission to 509: [Errno 1] Operation not permitted: '/opt/***/logs/dag_id=air_quality/run_id=manual__2023-12-17T10:36:55.488887+00:00/task_id=CheckTable'
[2023-12-17T10:37:05.181+0000] {logging_mixin.py:154} INFO - Changing /opt/***/logs/dag_id=air_quality/run_id=manual__2023-12-17T10:36:55.488887+00:00/task_id=CheckTable permission to 509
[2023-12-17T10:37:05.182+0000] {logging_mixin.py:154} INFO - Failed to change /opt/***/logs/dag_id=air_quality/run_id=manual__2023-12-17T10:36:55.488887+00:00/task_id=CheckTable permission to 509: [Errno 1] Operation not permitted: '/opt/***/logs/dag_id=air_quality/run_id=manual__2023-12-17T10:36:55.488887+00:00/task_id=CheckTable'
[2023-12-17T10:37:05.213+0000] {taskinstance.py:1159} INFO - Dependencies all met for dep_context=non-requeueable deps ti=<TaskInstance: air_quality.CheckTable manual__2023-12-17T10:36:55.488887+00:00 [queued]>
[2023-12-17T10:37:05.225+0000] {taskinstance.py:1159} INFO - Dependencies all met for dep_context=requeueable deps ti=<TaskInstance: air_quality.CheckTable manual__2023-12-17T10:36:55.488887+00:00 [queued]>
[2023-12-17T10:37:05.226+0000] {taskinstance.py:1361} INFO - Starting attempt 1 of 2
[2023-12-17T10:37:05.241+0000] {taskinstance.py:1382} INFO - Executing <Task(BranchPythonOperator): CheckTable> on 2023-12-17 10:36:55.488887+00:00
[2023-12-17T10:37:05.245+0000] {standard_task_runner.py:57} INFO - Started process 1310 to run task
[2023-12-17T10:37:05.248+0000] {standard_task_runner.py:84} INFO - Running: ['***', 'tasks', 'run', 'air_quality', 'CheckTable', 'manual__2023-12-17T10:36:55.488887+00:00', '--job-id', '275', '--raw', '--subdir', 'DAGS_FOLDER/airQuality.py', '--cfg-path', '/tmp/tmpei2mdazc']
[2023-12-17T10:37:05.249+0000] {standard_task_runner.py:85} INFO - Job 275: Subtask CheckTable
[2023-12-17T10:37:05.308+0000] {logging_mixin.py:154} INFO - Changing /opt/***/logs/dag_id=air_quality/run_id=manual__2023-12-17T10:36:55.488887+00:00/task_id=CheckTable permission to 509
[2023-12-17T10:37:05.309+0000] {logging_mixin.py:154} INFO - Failed to change /opt/***/logs/dag_id=air_quality/run_id=manual__2023-12-17T10:36:55.488887+00:00/task_id=CheckTable permission to 509: [Errno 1] Operation not permitted: '/opt/***/logs/dag_id=air_quality/run_id=manual__2023-12-17T10:36:55.488887+00:00/task_id=CheckTable'
[2023-12-17T10:37:05.312+0000] {task_command.py:416} INFO - Running <TaskInstance: air_quality.CheckTable manual__2023-12-17T10:36:55.488887+00:00 [running]> on host 1a58977f5573
[2023-12-17T10:37:05.421+0000] {taskinstance.py:1662} INFO - Exporting env vars: AIRFLOW_CTX_DAG_OWNER='ghifari' AIRFLOW_CTX_DAG_ID='air_quality' AIRFLOW_CTX_TASK_ID='CheckTable' AIRFLOW_CTX_EXECUTION_DATE='2023-12-17T10:36:55.488887+00:00' AIRFLOW_CTX_TRY_NUMBER='1' AIRFLOW_CTX_DAG_RUN_ID='manual__2023-12-17T10:36:55.488887+00:00'
[2023-12-17T10:37:05.436+0000] {python.py:194} INFO - Done. Returned value was: None
[2023-12-17T10:37:05.437+0000] {python.py:227} INFO - Branch callable return None
[2023-12-17T10:37:05.438+0000] {skipmixin.py:173} INFO - Following branch None
[2023-12-17T10:37:05.446+0000] {skipmixin.py:239} INFO - Skipping tasks [('Insert_Data', -1)]
[2023-12-17T10:37:05.483+0000] {taskinstance.py:1400} INFO - Marking task as SUCCESS. dag_id=air_quality, task_id=CheckTable, execution_date=20231217T103655, start_date=20231217T103705, end_date=20231217T103705
[2023-12-17T10:37:05.501+0000] {local_task_job_runner.py:228} INFO - Task exited with return code 0
[2023-12-17T10:37:05.519+0000] {taskinstance.py:2778} INFO - 0 downstream tasks scheduled from follow-on schedule check
