[2023-12-28T16:08:44.771+0000] {logging_mixin.py:154} INFO - Changing /opt/***/logs/dag_id=air_quality/run_id=scheduled__2023-12-23T04:00:00+00:00/task_id=Extract permission to 509
[2023-12-28T16:08:44.773+0000] {logging_mixin.py:154} INFO - Failed to change /opt/***/logs/dag_id=air_quality/run_id=scheduled__2023-12-23T04:00:00+00:00/task_id=Extract permission to 509: [Errno 1] Operation not permitted: '/opt/***/logs/dag_id=air_quality/run_id=scheduled__2023-12-23T04:00:00+00:00/task_id=Extract'
[2023-12-28T16:08:44.883+0000] {logging_mixin.py:154} INFO - Changing /opt/***/logs/dag_id=air_quality/run_id=scheduled__2023-12-23T04:00:00+00:00/task_id=Extract permission to 509
[2023-12-28T16:08:44.886+0000] {logging_mixin.py:154} INFO - Failed to change /opt/***/logs/dag_id=air_quality/run_id=scheduled__2023-12-23T04:00:00+00:00/task_id=Extract permission to 509: [Errno 1] Operation not permitted: '/opt/***/logs/dag_id=air_quality/run_id=scheduled__2023-12-23T04:00:00+00:00/task_id=Extract'
[2023-12-28T16:08:45.036+0000] {taskinstance.py:1159} INFO - Dependencies all met for dep_context=non-requeueable deps ti=<TaskInstance: air_quality.Extract scheduled__2023-12-23T04:00:00+00:00 [queued]>
[2023-12-28T16:08:45.089+0000] {taskinstance.py:1159} INFO - Dependencies all met for dep_context=requeueable deps ti=<TaskInstance: air_quality.Extract scheduled__2023-12-23T04:00:00+00:00 [queued]>
[2023-12-28T16:08:45.101+0000] {taskinstance.py:1361} INFO - Starting attempt 1 of 2
[2023-12-28T16:08:45.517+0000] {taskinstance.py:1382} INFO - Executing <Task(PythonOperator): Extract> on 2023-12-23 04:00:00+00:00
[2023-12-28T16:08:45.524+0000] {standard_task_runner.py:57} INFO - Started process 481 to run task
[2023-12-28T16:08:45.540+0000] {standard_task_runner.py:84} INFO - Running: ['***', 'tasks', 'run', 'air_quality', 'Extract', 'scheduled__2023-12-23T04:00:00+00:00', '--job-id', '736', '--raw', '--subdir', 'DAGS_FOLDER/airQuality.py', '--cfg-path', '/tmp/tmp1bi2wqwd']
[2023-12-28T16:08:45.548+0000] {standard_task_runner.py:85} INFO - Job 736: Subtask Extract
[2023-12-28T16:08:45.765+0000] {logging_mixin.py:154} INFO - Changing /opt/***/logs/dag_id=air_quality/run_id=scheduled__2023-12-23T04:00:00+00:00/task_id=Extract permission to 509
[2023-12-28T16:08:45.771+0000] {logging_mixin.py:154} INFO - Failed to change /opt/***/logs/dag_id=air_quality/run_id=scheduled__2023-12-23T04:00:00+00:00/task_id=Extract permission to 509: [Errno 1] Operation not permitted: '/opt/***/logs/dag_id=air_quality/run_id=scheduled__2023-12-23T04:00:00+00:00/task_id=Extract'
[2023-12-28T16:08:45.783+0000] {task_command.py:416} INFO - Running <TaskInstance: air_quality.Extract scheduled__2023-12-23T04:00:00+00:00 [running]> on host d67dd4682ccf
[2023-12-28T16:08:46.033+0000] {taskinstance.py:1662} INFO - Exporting env vars: AIRFLOW_CTX_DAG_OWNER='ghifari' AIRFLOW_CTX_DAG_ID='air_quality' AIRFLOW_CTX_TASK_ID='Extract' AIRFLOW_CTX_EXECUTION_DATE='2023-12-23T04:00:00+00:00' AIRFLOW_CTX_TRY_NUMBER='1' AIRFLOW_CTX_DAG_RUN_ID='scheduled__2023-12-23T04:00:00+00:00'
[2023-12-28T16:08:46.185+0000] {python.py:194} INFO - Done. Returned value was: {'city': ['Jakarta'], 'country': ['ID'], 'unit': ['pm25'], 'last_value': [-999.0], 'lat': [-6.182536], 'lng': [106.834236]}
[2023-12-28T16:08:46.258+0000] {taskinstance.py:1400} INFO - Marking task as SUCCESS. dag_id=air_quality, task_id=Extract, execution_date=20231223T040000, start_date=20231228T160845, end_date=20231228T160846
[2023-12-28T16:08:46.365+0000] {local_task_job_runner.py:228} INFO - Task exited with return code 0
[2023-12-28T16:08:46.468+0000] {taskinstance.py:2778} INFO - 1 downstream tasks scheduled from follow-on schedule check
[2023-12-28T16:51:58.706+0000] {logging_mixin.py:154} INFO - Changing /opt/***/logs/dag_id=air_quality/run_id=scheduled__2023-12-23T04:00:00+00:00/task_id=Extract permission to 509
[2023-12-28T16:51:58.710+0000] {logging_mixin.py:154} INFO - Failed to change /opt/***/logs/dag_id=air_quality/run_id=scheduled__2023-12-23T04:00:00+00:00/task_id=Extract permission to 509: [Errno 1] Operation not permitted: '/opt/***/logs/dag_id=air_quality/run_id=scheduled__2023-12-23T04:00:00+00:00/task_id=Extract'
[2023-12-28T16:51:58.849+0000] {logging_mixin.py:154} INFO - Changing /opt/***/logs/dag_id=air_quality/run_id=scheduled__2023-12-23T04:00:00+00:00/task_id=Extract permission to 509
[2023-12-28T16:51:58.852+0000] {logging_mixin.py:154} INFO - Failed to change /opt/***/logs/dag_id=air_quality/run_id=scheduled__2023-12-23T04:00:00+00:00/task_id=Extract permission to 509: [Errno 1] Operation not permitted: '/opt/***/logs/dag_id=air_quality/run_id=scheduled__2023-12-23T04:00:00+00:00/task_id=Extract'
[2023-12-28T16:51:59.032+0000] {taskinstance.py:1159} INFO - Dependencies all met for dep_context=non-requeueable deps ti=<TaskInstance: air_quality.Extract scheduled__2023-12-23T04:00:00+00:00 [queued]>
[2023-12-28T16:51:59.078+0000] {taskinstance.py:1159} INFO - Dependencies all met for dep_context=requeueable deps ti=<TaskInstance: air_quality.Extract scheduled__2023-12-23T04:00:00+00:00 [queued]>
[2023-12-28T16:51:59.093+0000] {taskinstance.py:1361} INFO - Starting attempt 1 of 2
[2023-12-28T16:51:59.191+0000] {taskinstance.py:1382} INFO - Executing <Task(PythonOperator): Extract> on 2023-12-23 04:00:00+00:00
[2023-12-28T16:51:59.206+0000] {standard_task_runner.py:57} INFO - Started process 277 to run task
[2023-12-28T16:51:59.220+0000] {standard_task_runner.py:84} INFO - Running: ['***', 'tasks', 'run', 'air_quality', 'Extract', 'scheduled__2023-12-23T04:00:00+00:00', '--job-id', '884', '--raw', '--subdir', 'DAGS_FOLDER/airQuality.py', '--cfg-path', '/tmp/tmp0tsewlc9']
[2023-12-28T16:51:59.225+0000] {standard_task_runner.py:85} INFO - Job 884: Subtask Extract
[2023-12-28T16:51:59.586+0000] {logging_mixin.py:154} INFO - Changing /opt/***/logs/dag_id=air_quality/run_id=scheduled__2023-12-23T04:00:00+00:00/task_id=Extract permission to 509
[2023-12-28T16:51:59.588+0000] {logging_mixin.py:154} INFO - Failed to change /opt/***/logs/dag_id=air_quality/run_id=scheduled__2023-12-23T04:00:00+00:00/task_id=Extract permission to 509: [Errno 1] Operation not permitted: '/opt/***/logs/dag_id=air_quality/run_id=scheduled__2023-12-23T04:00:00+00:00/task_id=Extract'
[2023-12-28T16:51:59.592+0000] {task_command.py:416} INFO - Running <TaskInstance: air_quality.Extract scheduled__2023-12-23T04:00:00+00:00 [running]> on host d67dd4682ccf
[2023-12-28T16:51:59.873+0000] {taskinstance.py:1662} INFO - Exporting env vars: AIRFLOW_CTX_DAG_OWNER='ghifari' AIRFLOW_CTX_DAG_ID='air_quality' AIRFLOW_CTX_TASK_ID='Extract' AIRFLOW_CTX_EXECUTION_DATE='2023-12-23T04:00:00+00:00' AIRFLOW_CTX_TRY_NUMBER='1' AIRFLOW_CTX_DAG_RUN_ID='scheduled__2023-12-23T04:00:00+00:00'
[2023-12-28T16:52:00.246+0000] {python.py:194} INFO - Done. Returned value was: {'city': ['Jakarta'], 'country': ['ID'], 'unit': ['o3'], 'last_value': [-0.999], 'lat': [-6.182536], 'lng': [106.834236]}
[2023-12-28T16:52:00.349+0000] {taskinstance.py:1400} INFO - Marking task as SUCCESS. dag_id=air_quality, task_id=Extract, execution_date=20231223T040000, start_date=20231228T165159, end_date=20231228T165200
[2023-12-28T16:52:00.479+0000] {local_task_job_runner.py:228} INFO - Task exited with return code 0
[2023-12-28T16:52:00.601+0000] {taskinstance.py:2778} INFO - 1 downstream tasks scheduled from follow-on schedule check
[2023-12-28T16:52:31.639+0000] {logging_mixin.py:154} INFO - Changing /opt/***/logs/dag_id=air_quality/run_id=scheduled__2023-12-23T04:00:00+00:00/task_id=Extract permission to 509
[2023-12-28T16:52:31.644+0000] {logging_mixin.py:154} INFO - Failed to change /opt/***/logs/dag_id=air_quality/run_id=scheduled__2023-12-23T04:00:00+00:00/task_id=Extract permission to 509: [Errno 1] Operation not permitted: '/opt/***/logs/dag_id=air_quality/run_id=scheduled__2023-12-23T04:00:00+00:00/task_id=Extract'
[2023-12-28T16:52:31.776+0000] {logging_mixin.py:154} INFO - Changing /opt/***/logs/dag_id=air_quality/run_id=scheduled__2023-12-23T04:00:00+00:00/task_id=Extract permission to 509
[2023-12-28T16:52:31.777+0000] {logging_mixin.py:154} INFO - Failed to change /opt/***/logs/dag_id=air_quality/run_id=scheduled__2023-12-23T04:00:00+00:00/task_id=Extract permission to 509: [Errno 1] Operation not permitted: '/opt/***/logs/dag_id=air_quality/run_id=scheduled__2023-12-23T04:00:00+00:00/task_id=Extract'
[2023-12-28T16:52:32.038+0000] {taskinstance.py:1159} INFO - Dependencies all met for dep_context=non-requeueable deps ti=<TaskInstance: air_quality.Extract scheduled__2023-12-23T04:00:00+00:00 [queued]>
[2023-12-28T16:52:32.108+0000] {taskinstance.py:1159} INFO - Dependencies all met for dep_context=requeueable deps ti=<TaskInstance: air_quality.Extract scheduled__2023-12-23T04:00:00+00:00 [queued]>
[2023-12-28T16:52:32.113+0000] {taskinstance.py:1361} INFO - Starting attempt 1 of 2
[2023-12-28T16:52:32.197+0000] {taskinstance.py:1382} INFO - Executing <Task(PythonOperator): Extract> on 2023-12-23 04:00:00+00:00
[2023-12-28T16:52:32.253+0000] {standard_task_runner.py:57} INFO - Started process 608 to run task
[2023-12-28T16:52:32.280+0000] {standard_task_runner.py:84} INFO - Running: ['***', 'tasks', 'run', 'air_quality', 'Extract', 'scheduled__2023-12-23T04:00:00+00:00', '--job-id', '958', '--raw', '--subdir', 'DAGS_FOLDER/airQuality.py', '--cfg-path', '/tmp/tmp5ck7zv_f']
[2023-12-28T16:52:32.317+0000] {standard_task_runner.py:85} INFO - Job 958: Subtask Extract
[2023-12-28T16:52:32.742+0000] {logging_mixin.py:154} INFO - Changing /opt/***/logs/dag_id=air_quality/run_id=scheduled__2023-12-23T04:00:00+00:00/task_id=Extract permission to 509
[2023-12-28T16:52:32.747+0000] {logging_mixin.py:154} INFO - Failed to change /opt/***/logs/dag_id=air_quality/run_id=scheduled__2023-12-23T04:00:00+00:00/task_id=Extract permission to 509: [Errno 1] Operation not permitted: '/opt/***/logs/dag_id=air_quality/run_id=scheduled__2023-12-23T04:00:00+00:00/task_id=Extract'
[2023-12-28T16:52:32.752+0000] {task_command.py:416} INFO - Running <TaskInstance: air_quality.Extract scheduled__2023-12-23T04:00:00+00:00 [running]> on host d67dd4682ccf
[2023-12-28T16:52:33.133+0000] {taskinstance.py:1662} INFO - Exporting env vars: AIRFLOW_CTX_DAG_OWNER='ghifari' AIRFLOW_CTX_DAG_ID='air_quality' AIRFLOW_CTX_TASK_ID='Extract' AIRFLOW_CTX_EXECUTION_DATE='2023-12-23T04:00:00+00:00' AIRFLOW_CTX_TRY_NUMBER='1' AIRFLOW_CTX_DAG_RUN_ID='scheduled__2023-12-23T04:00:00+00:00'
[2023-12-28T16:52:33.506+0000] {python.py:194} INFO - Done. Returned value was: {'city': ['Jakarta'], 'country': ['ID'], 'unit': ['o3'], 'last_value': [-0.999], 'lat': [-6.182536], 'lng': [106.834236]}
[2023-12-28T16:52:33.667+0000] {taskinstance.py:1400} INFO - Marking task as SUCCESS. dag_id=air_quality, task_id=Extract, execution_date=20231223T040000, start_date=20231228T165232, end_date=20231228T165233
[2023-12-28T16:52:33.788+0000] {local_task_job_runner.py:228} INFO - Task exited with return code 0
[2023-12-28T16:52:33.981+0000] {taskinstance.py:2778} INFO - 1 downstream tasks scheduled from follow-on schedule check
[2023-12-28T16:55:29.072+0000] {logging_mixin.py:154} INFO - Changing /opt/***/logs/dag_id=air_quality/run_id=scheduled__2023-12-23T04:00:00+00:00/task_id=Extract permission to 509
[2023-12-28T16:55:29.073+0000] {logging_mixin.py:154} INFO - Failed to change /opt/***/logs/dag_id=air_quality/run_id=scheduled__2023-12-23T04:00:00+00:00/task_id=Extract permission to 509: [Errno 1] Operation not permitted: '/opt/***/logs/dag_id=air_quality/run_id=scheduled__2023-12-23T04:00:00+00:00/task_id=Extract'
[2023-12-28T16:55:29.104+0000] {logging_mixin.py:154} INFO - Changing /opt/***/logs/dag_id=air_quality/run_id=scheduled__2023-12-23T04:00:00+00:00/task_id=Extract permission to 509
[2023-12-28T16:55:29.104+0000] {logging_mixin.py:154} INFO - Failed to change /opt/***/logs/dag_id=air_quality/run_id=scheduled__2023-12-23T04:00:00+00:00/task_id=Extract permission to 509: [Errno 1] Operation not permitted: '/opt/***/logs/dag_id=air_quality/run_id=scheduled__2023-12-23T04:00:00+00:00/task_id=Extract'
[2023-12-28T16:55:29.133+0000] {taskinstance.py:1159} INFO - Dependencies all met for dep_context=non-requeueable deps ti=<TaskInstance: air_quality.Extract scheduled__2023-12-23T04:00:00+00:00 [queued]>
[2023-12-28T16:55:29.144+0000] {taskinstance.py:1159} INFO - Dependencies all met for dep_context=requeueable deps ti=<TaskInstance: air_quality.Extract scheduled__2023-12-23T04:00:00+00:00 [queued]>
[2023-12-28T16:55:29.145+0000] {taskinstance.py:1361} INFO - Starting attempt 1 of 2
[2023-12-28T16:55:29.160+0000] {taskinstance.py:1382} INFO - Executing <Task(PythonOperator): Extract> on 2023-12-23 04:00:00+00:00
[2023-12-28T16:55:29.165+0000] {standard_task_runner.py:57} INFO - Started process 1567 to run task
[2023-12-28T16:55:29.168+0000] {standard_task_runner.py:84} INFO - Running: ['***', 'tasks', 'run', 'air_quality', 'Extract', 'scheduled__2023-12-23T04:00:00+00:00', '--job-id', '1185', '--raw', '--subdir', 'DAGS_FOLDER/airQuality.py', '--cfg-path', '/tmp/tmpfrvyanxi']
[2023-12-28T16:55:29.169+0000] {standard_task_runner.py:85} INFO - Job 1185: Subtask Extract
[2023-12-28T16:55:29.219+0000] {logging_mixin.py:154} INFO - Changing /opt/***/logs/dag_id=air_quality/run_id=scheduled__2023-12-23T04:00:00+00:00/task_id=Extract permission to 509
[2023-12-28T16:55:29.219+0000] {logging_mixin.py:154} INFO - Failed to change /opt/***/logs/dag_id=air_quality/run_id=scheduled__2023-12-23T04:00:00+00:00/task_id=Extract permission to 509: [Errno 1] Operation not permitted: '/opt/***/logs/dag_id=air_quality/run_id=scheduled__2023-12-23T04:00:00+00:00/task_id=Extract'
[2023-12-28T16:55:29.222+0000] {task_command.py:416} INFO - Running <TaskInstance: air_quality.Extract scheduled__2023-12-23T04:00:00+00:00 [running]> on host d67dd4682ccf
[2023-12-28T16:55:29.314+0000] {taskinstance.py:1662} INFO - Exporting env vars: AIRFLOW_CTX_DAG_OWNER='ghifari' AIRFLOW_CTX_DAG_ID='air_quality' AIRFLOW_CTX_TASK_ID='Extract' AIRFLOW_CTX_EXECUTION_DATE='2023-12-23T04:00:00+00:00' AIRFLOW_CTX_TRY_NUMBER='1' AIRFLOW_CTX_DAG_RUN_ID='scheduled__2023-12-23T04:00:00+00:00'
[2023-12-28T16:55:29.389+0000] {python.py:194} INFO - Done. Returned value was: {'city': ['Jakarta'], 'country': ['ID'], 'unit': ['o3'], 'last_value': [-0.999], 'lat': [-6.182536], 'lng': [106.834236]}
[2023-12-28T16:55:29.414+0000] {taskinstance.py:1400} INFO - Marking task as SUCCESS. dag_id=air_quality, task_id=Extract, execution_date=20231223T040000, start_date=20231228T165529, end_date=20231228T165529
[2023-12-28T16:55:29.461+0000] {local_task_job_runner.py:228} INFO - Task exited with return code 0
[2023-12-28T16:55:29.502+0000] {taskinstance.py:2778} INFO - 1 downstream tasks scheduled from follow-on schedule check
