[2023-12-15T18:46:20.599+0000] {logging_mixin.py:154} INFO - Changing /opt/***/logs/dag_id=air_quality/run_id=manual__2023-12-15T18:46:15.548910+00:00/task_id=Insert_Data permission to 509
[2023-12-15T18:46:20.600+0000] {logging_mixin.py:154} INFO - Failed to change /opt/***/logs/dag_id=air_quality/run_id=manual__2023-12-15T18:46:15.548910+00:00/task_id=Insert_Data permission to 509: [Errno 1] Operation not permitted: '/opt/***/logs/dag_id=air_quality/run_id=manual__2023-12-15T18:46:15.548910+00:00/task_id=Insert_Data'
[2023-12-15T18:46:20.624+0000] {logging_mixin.py:154} INFO - Changing /opt/***/logs/dag_id=air_quality/run_id=manual__2023-12-15T18:46:15.548910+00:00/task_id=Insert_Data permission to 509
[2023-12-15T18:46:20.624+0000] {logging_mixin.py:154} INFO - Failed to change /opt/***/logs/dag_id=air_quality/run_id=manual__2023-12-15T18:46:15.548910+00:00/task_id=Insert_Data permission to 509: [Errno 1] Operation not permitted: '/opt/***/logs/dag_id=air_quality/run_id=manual__2023-12-15T18:46:15.548910+00:00/task_id=Insert_Data'
[2023-12-15T18:46:20.652+0000] {taskinstance.py:1159} INFO - Dependencies all met for dep_context=non-requeueable deps ti=<TaskInstance: air_quality.Insert_Data manual__2023-12-15T18:46:15.548910+00:00 [queued]>
[2023-12-15T18:46:20.663+0000] {taskinstance.py:1159} INFO - Dependencies all met for dep_context=requeueable deps ti=<TaskInstance: air_quality.Insert_Data manual__2023-12-15T18:46:15.548910+00:00 [queued]>
[2023-12-15T18:46:20.663+0000] {taskinstance.py:1361} INFO - Starting attempt 1 of 2
[2023-12-15T18:46:20.679+0000] {taskinstance.py:1382} INFO - Executing <Task(PythonOperator): Insert_Data> on 2023-12-15 18:46:15.548910+00:00
[2023-12-15T18:46:20.683+0000] {standard_task_runner.py:57} INFO - Started process 2373 to run task
[2023-12-15T18:46:20.685+0000] {standard_task_runner.py:84} INFO - Running: ['***', 'tasks', 'run', 'air_quality', 'Insert_Data', 'manual__2023-12-15T18:46:15.548910+00:00', '--job-id', '110', '--raw', '--subdir', 'DAGS_FOLDER/airQuality.py', '--cfg-path', '/tmp/tmppai2fk8b']
[2023-12-15T18:46:20.686+0000] {standard_task_runner.py:85} INFO - Job 110: Subtask Insert_Data
[2023-12-15T18:46:20.729+0000] {logging_mixin.py:154} INFO - Changing /opt/***/logs/dag_id=air_quality/run_id=manual__2023-12-15T18:46:15.548910+00:00/task_id=Insert_Data permission to 509
[2023-12-15T18:46:20.729+0000] {logging_mixin.py:154} INFO - Failed to change /opt/***/logs/dag_id=air_quality/run_id=manual__2023-12-15T18:46:15.548910+00:00/task_id=Insert_Data permission to 509: [Errno 1] Operation not permitted: '/opt/***/logs/dag_id=air_quality/run_id=manual__2023-12-15T18:46:15.548910+00:00/task_id=Insert_Data'
[2023-12-15T18:46:20.731+0000] {task_command.py:416} INFO - Running <TaskInstance: air_quality.Insert_Data manual__2023-12-15T18:46:15.548910+00:00 [running]> on host d739bc9bef06
[2023-12-15T18:46:20.796+0000] {taskinstance.py:1662} INFO - Exporting env vars: AIRFLOW_CTX_DAG_OWNER='ghifari' AIRFLOW_CTX_DAG_ID='air_quality' AIRFLOW_CTX_TASK_ID='Insert_Data' AIRFLOW_CTX_EXECUTION_DATE='2023-12-15T18:46:15.548910+00:00' AIRFLOW_CTX_TRY_NUMBER='1' AIRFLOW_CTX_DAG_RUN_ID='manual__2023-12-15T18:46:15.548910+00:00'
[2023-12-15T18:46:21.220+0000] {logging_mixin.py:154} INFO - city           object
country        object
unit           object
last_value    float64
lat           float64
lng           float64
dtype: object
[2023-12-15T18:46:21.232+0000] {base.py:73} INFO - Using connection ID 'neonServerDB-Postgres' for task execution.
[2023-12-15T18:46:26.041+0000] {taskinstance.py:1937} ERROR - Task failed with exception
Traceback (most recent call last):
  File "/home/airflow/.local/lib/python3.8/site-packages/airflow/operators/python.py", line 192, in execute
    return_value = self.execute_callable()
  File "/home/airflow/.local/lib/python3.8/site-packages/airflow/operators/python.py", line 209, in execute_callable
    return self.python_callable(*self.op_args, **self.op_kwargs)
  File "/opt/airflow/dags/airQuality.py", line 148, in insertValues
    connDB.insert_rows(
  File "/home/airflow/.local/lib/python3.8/site-packages/airflow/providers/common/sql/hooks/sql.py", line 509, in insert_rows
    cur.execute(sql, values)
psycopg2.errors.InvalidTextRepresentation: invalid input syntax for type double precision: "last_value"
LINE 1: ..._value, lat, lng) VALUES ('city','country','unit','last_valu...
                                                             ^

[2023-12-15T18:46:26.056+0000] {taskinstance.py:1400} INFO - Marking task as UP_FOR_RETRY. dag_id=air_quality, task_id=Insert_Data, execution_date=20231215T184615, start_date=20231215T184620, end_date=20231215T184626
[2023-12-15T18:46:26.071+0000] {standard_task_runner.py:104} ERROR - Failed to execute job 110 for task Insert_Data (invalid input syntax for type double precision: "last_value"
LINE 1: ..._value, lat, lng) VALUES ('city','country','unit','last_valu...
                                                             ^
; 2373)
[2023-12-15T18:46:26.122+0000] {local_task_job_runner.py:228} INFO - Task exited with return code 1
[2023-12-15T18:46:26.144+0000] {taskinstance.py:2778} INFO - 0 downstream tasks scheduled from follow-on schedule check
