[2023-12-17T12:00:05.349+0000] {logging_mixin.py:154} INFO - Changing /opt/***/logs/dag_id=air_quality/run_id=manual__2023-12-17T11:59:53.704605+00:00/task_id=Create_Table permission to 509
[2023-12-17T12:00:05.352+0000] {logging_mixin.py:154} INFO - Failed to change /opt/***/logs/dag_id=air_quality/run_id=manual__2023-12-17T11:59:53.704605+00:00/task_id=Create_Table permission to 509: [Errno 1] Operation not permitted: '/opt/***/logs/dag_id=air_quality/run_id=manual__2023-12-17T11:59:53.704605+00:00/task_id=Create_Table'
[2023-12-17T12:00:05.401+0000] {logging_mixin.py:154} INFO - Changing /opt/***/logs/dag_id=air_quality/run_id=manual__2023-12-17T11:59:53.704605+00:00/task_id=Create_Table permission to 509
[2023-12-17T12:00:05.402+0000] {logging_mixin.py:154} INFO - Failed to change /opt/***/logs/dag_id=air_quality/run_id=manual__2023-12-17T11:59:53.704605+00:00/task_id=Create_Table permission to 509: [Errno 1] Operation not permitted: '/opt/***/logs/dag_id=air_quality/run_id=manual__2023-12-17T11:59:53.704605+00:00/task_id=Create_Table'
[2023-12-17T12:00:05.466+0000] {taskinstance.py:1159} INFO - Dependencies all met for dep_context=non-requeueable deps ti=<TaskInstance: air_quality.Create_Table manual__2023-12-17T11:59:53.704605+00:00 [queued]>
[2023-12-17T12:00:05.487+0000] {taskinstance.py:1159} INFO - Dependencies all met for dep_context=requeueable deps ti=<TaskInstance: air_quality.Create_Table manual__2023-12-17T11:59:53.704605+00:00 [queued]>
[2023-12-17T12:00:05.488+0000] {taskinstance.py:1361} INFO - Starting attempt 1 of 2
[2023-12-17T12:00:05.511+0000] {taskinstance.py:1382} INFO - Executing <Task(PythonOperator): Create_Table> on 2023-12-17 11:59:53.704605+00:00
[2023-12-17T12:00:05.517+0000] {standard_task_runner.py:57} INFO - Started process 3364 to run task
[2023-12-17T12:00:05.522+0000] {standard_task_runner.py:84} INFO - Running: ['***', 'tasks', 'run', 'air_quality', 'Create_Table', 'manual__2023-12-17T11:59:53.704605+00:00', '--job-id', '480', '--raw', '--subdir', 'DAGS_FOLDER/airQuality.py', '--cfg-path', '/tmp/tmp7oef8b4i']
[2023-12-17T12:00:05.524+0000] {standard_task_runner.py:85} INFO - Job 480: Subtask Create_Table
[2023-12-17T12:00:05.602+0000] {logging_mixin.py:154} INFO - Changing /opt/***/logs/dag_id=air_quality/run_id=manual__2023-12-17T11:59:53.704605+00:00/task_id=Create_Table permission to 509
[2023-12-17T12:00:05.603+0000] {logging_mixin.py:154} INFO - Failed to change /opt/***/logs/dag_id=air_quality/run_id=manual__2023-12-17T11:59:53.704605+00:00/task_id=Create_Table permission to 509: [Errno 1] Operation not permitted: '/opt/***/logs/dag_id=air_quality/run_id=manual__2023-12-17T11:59:53.704605+00:00/task_id=Create_Table'
[2023-12-17T12:00:05.606+0000] {task_command.py:416} INFO - Running <TaskInstance: air_quality.Create_Table manual__2023-12-17T11:59:53.704605+00:00 [running]> on host 1a58977f5573
[2023-12-17T12:00:05.761+0000] {taskinstance.py:1662} INFO - Exporting env vars: AIRFLOW_CTX_DAG_OWNER='ghifari' AIRFLOW_CTX_DAG_ID='air_quality' AIRFLOW_CTX_TASK_ID='Create_Table' AIRFLOW_CTX_EXECUTION_DATE='2023-12-17T11:59:53.704605+00:00' AIRFLOW_CTX_TRY_NUMBER='1' AIRFLOW_CTX_DAG_RUN_ID='manual__2023-12-17T11:59:53.704605+00:00'
[2023-12-17T12:00:05.780+0000] {base.py:73} INFO - Using connection ID 'neonServerDB-Postgres' for task execution.
[2023-12-17T12:00:06.535+0000] {airQuality.py:161} INFO - Table air_quality Already Exist
[2023-12-17T12:00:06.569+0000] {python.py:194} INFO - Done. Returned value was: 
        CREATE TABLE air_quality (
            id serial primary key, 
            city varchar(250),
            country varchar(250), 
            unit varchar(20), 
            last_value float8, 
            lat float8,
            lng float8
        )
    
[2023-12-17T12:00:06.601+0000] {taskinstance.py:1400} INFO - Marking task as SUCCESS. dag_id=air_quality, task_id=Create_Table, execution_date=20231217T115953, start_date=20231217T120005, end_date=20231217T120006
[2023-12-17T12:00:06.660+0000] {local_task_job_runner.py:228} INFO - Task exited with return code 0
[2023-12-17T12:00:06.711+0000] {taskinstance.py:2778} INFO - 1 downstream tasks scheduled from follow-on schedule check
