[2023-12-28T16:08:45.128+0000] {logging_mixin.py:154} INFO - Changing /opt/***/logs/dag_id=air_quality/run_id=scheduled__2023-12-21T04:00:00+00:00/task_id=Extract permission to 509
[2023-12-28T16:08:45.214+0000] {logging_mixin.py:154} INFO - Failed to change /opt/***/logs/dag_id=air_quality/run_id=scheduled__2023-12-21T04:00:00+00:00/task_id=Extract permission to 509: [Errno 1] Operation not permitted: '/opt/***/logs/dag_id=air_quality/run_id=scheduled__2023-12-21T04:00:00+00:00/task_id=Extract'
[2023-12-28T16:08:45.403+0000] {logging_mixin.py:154} INFO - Changing /opt/***/logs/dag_id=air_quality/run_id=scheduled__2023-12-21T04:00:00+00:00/task_id=Extract permission to 509
[2023-12-28T16:08:45.404+0000] {logging_mixin.py:154} INFO - Failed to change /opt/***/logs/dag_id=air_quality/run_id=scheduled__2023-12-21T04:00:00+00:00/task_id=Extract permission to 509: [Errno 1] Operation not permitted: '/opt/***/logs/dag_id=air_quality/run_id=scheduled__2023-12-21T04:00:00+00:00/task_id=Extract'
[2023-12-28T16:08:46.185+0000] {taskinstance.py:1159} INFO - Dependencies all met for dep_context=non-requeueable deps ti=<TaskInstance: air_quality.Extract scheduled__2023-12-21T04:00:00+00:00 [queued]>
[2023-12-28T16:08:46.355+0000] {taskinstance.py:1159} INFO - Dependencies all met for dep_context=requeueable deps ti=<TaskInstance: air_quality.Extract scheduled__2023-12-21T04:00:00+00:00 [queued]>
[2023-12-28T16:08:46.356+0000] {taskinstance.py:1361} INFO - Starting attempt 1 of 2
[2023-12-28T16:08:46.511+0000] {taskinstance.py:1382} INFO - Executing <Task(PythonOperator): Extract> on 2023-12-21 04:00:00+00:00
[2023-12-28T16:08:46.524+0000] {standard_task_runner.py:57} INFO - Started process 493 to run task
[2023-12-28T16:08:46.539+0000] {standard_task_runner.py:84} INFO - Running: ['***', 'tasks', 'run', 'air_quality', 'Extract', 'scheduled__2023-12-21T04:00:00+00:00', '--job-id', '738', '--raw', '--subdir', 'DAGS_FOLDER/airQuality.py', '--cfg-path', '/tmp/tmp63l51oke']
[2023-12-28T16:08:46.544+0000] {standard_task_runner.py:85} INFO - Job 738: Subtask Extract
[2023-12-28T16:08:46.711+0000] {logging_mixin.py:154} INFO - Changing /opt/***/logs/dag_id=air_quality/run_id=scheduled__2023-12-21T04:00:00+00:00/task_id=Extract permission to 509
[2023-12-28T16:08:46.714+0000] {logging_mixin.py:154} INFO - Failed to change /opt/***/logs/dag_id=air_quality/run_id=scheduled__2023-12-21T04:00:00+00:00/task_id=Extract permission to 509: [Errno 1] Operation not permitted: '/opt/***/logs/dag_id=air_quality/run_id=scheduled__2023-12-21T04:00:00+00:00/task_id=Extract'
[2023-12-28T16:08:46.721+0000] {task_command.py:416} INFO - Running <TaskInstance: air_quality.Extract scheduled__2023-12-21T04:00:00+00:00 [running]> on host d67dd4682ccf
[2023-12-28T16:08:47.631+0000] {taskinstance.py:1662} INFO - Exporting env vars: AIRFLOW_CTX_DAG_OWNER='ghifari' AIRFLOW_CTX_DAG_ID='air_quality' AIRFLOW_CTX_TASK_ID='Extract' AIRFLOW_CTX_EXECUTION_DATE='2023-12-21T04:00:00+00:00' AIRFLOW_CTX_TRY_NUMBER='1' AIRFLOW_CTX_DAG_RUN_ID='scheduled__2023-12-21T04:00:00+00:00'
[2023-12-28T16:08:49.516+0000] {python.py:194} INFO - Done. Returned value was: {'city': ['Jakarta'], 'country': ['ID'], 'unit': ['pm25'], 'last_value': [-999.0], 'lat': [-6.182536], 'lng': [106.834236]}
[2023-12-28T16:08:49.758+0000] {taskinstance.py:1400} INFO - Marking task as SUCCESS. dag_id=air_quality, task_id=Extract, execution_date=20231221T040000, start_date=20231228T160846, end_date=20231228T160849
[2023-12-28T16:08:50.004+0000] {local_task_job_runner.py:228} INFO - Task exited with return code 0
[2023-12-28T16:08:50.118+0000] {taskinstance.py:2778} INFO - 1 downstream tasks scheduled from follow-on schedule check
[2023-12-28T16:51:55.521+0000] {logging_mixin.py:154} INFO - Changing /opt/***/logs/dag_id=air_quality/run_id=scheduled__2023-12-21T04:00:00+00:00/task_id=Extract permission to 509
[2023-12-28T16:51:55.539+0000] {logging_mixin.py:154} INFO - Failed to change /opt/***/logs/dag_id=air_quality/run_id=scheduled__2023-12-21T04:00:00+00:00/task_id=Extract permission to 509: [Errno 1] Operation not permitted: '/opt/***/logs/dag_id=air_quality/run_id=scheduled__2023-12-21T04:00:00+00:00/task_id=Extract'
[2023-12-28T16:51:55.716+0000] {logging_mixin.py:154} INFO - Changing /opt/***/logs/dag_id=air_quality/run_id=scheduled__2023-12-21T04:00:00+00:00/task_id=Extract permission to 509
[2023-12-28T16:51:55.717+0000] {logging_mixin.py:154} INFO - Failed to change /opt/***/logs/dag_id=air_quality/run_id=scheduled__2023-12-21T04:00:00+00:00/task_id=Extract permission to 509: [Errno 1] Operation not permitted: '/opt/***/logs/dag_id=air_quality/run_id=scheduled__2023-12-21T04:00:00+00:00/task_id=Extract'
[2023-12-28T16:51:55.875+0000] {taskinstance.py:1159} INFO - Dependencies all met for dep_context=non-requeueable deps ti=<TaskInstance: air_quality.Extract scheduled__2023-12-21T04:00:00+00:00 [queued]>
[2023-12-28T16:51:55.956+0000] {taskinstance.py:1159} INFO - Dependencies all met for dep_context=requeueable deps ti=<TaskInstance: air_quality.Extract scheduled__2023-12-21T04:00:00+00:00 [queued]>
[2023-12-28T16:51:55.961+0000] {taskinstance.py:1361} INFO - Starting attempt 1 of 2
[2023-12-28T16:51:56.086+0000] {taskinstance.py:1382} INFO - Executing <Task(PythonOperator): Extract> on 2023-12-21 04:00:00+00:00
[2023-12-28T16:51:56.106+0000] {standard_task_runner.py:57} INFO - Started process 265 to run task
[2023-12-28T16:51:56.158+0000] {standard_task_runner.py:84} INFO - Running: ['***', 'tasks', 'run', 'air_quality', 'Extract', 'scheduled__2023-12-21T04:00:00+00:00', '--job-id', '879', '--raw', '--subdir', 'DAGS_FOLDER/airQuality.py', '--cfg-path', '/tmp/tmpgrvnsdpr']
[2023-12-28T16:51:56.174+0000] {standard_task_runner.py:85} INFO - Job 879: Subtask Extract
[2023-12-28T16:51:56.737+0000] {logging_mixin.py:154} INFO - Changing /opt/***/logs/dag_id=air_quality/run_id=scheduled__2023-12-21T04:00:00+00:00/task_id=Extract permission to 509
[2023-12-28T16:51:56.740+0000] {logging_mixin.py:154} INFO - Failed to change /opt/***/logs/dag_id=air_quality/run_id=scheduled__2023-12-21T04:00:00+00:00/task_id=Extract permission to 509: [Errno 1] Operation not permitted: '/opt/***/logs/dag_id=air_quality/run_id=scheduled__2023-12-21T04:00:00+00:00/task_id=Extract'
[2023-12-28T16:51:56.749+0000] {task_command.py:416} INFO - Running <TaskInstance: air_quality.Extract scheduled__2023-12-21T04:00:00+00:00 [running]> on host d67dd4682ccf
[2023-12-28T16:51:57.647+0000] {taskinstance.py:1662} INFO - Exporting env vars: AIRFLOW_CTX_DAG_OWNER='ghifari' AIRFLOW_CTX_DAG_ID='air_quality' AIRFLOW_CTX_TASK_ID='Extract' AIRFLOW_CTX_EXECUTION_DATE='2023-12-21T04:00:00+00:00' AIRFLOW_CTX_TRY_NUMBER='1' AIRFLOW_CTX_DAG_RUN_ID='scheduled__2023-12-21T04:00:00+00:00'
[2023-12-28T16:51:57.924+0000] {python.py:194} INFO - Done. Returned value was: {'city': ['Jakarta'], 'country': ['ID'], 'unit': ['o3'], 'last_value': [-0.999], 'lat': [-6.182536], 'lng': [106.834236]}
[2023-12-28T16:51:58.062+0000] {taskinstance.py:1400} INFO - Marking task as SUCCESS. dag_id=air_quality, task_id=Extract, execution_date=20231221T040000, start_date=20231228T165155, end_date=20231228T165158
[2023-12-28T16:51:58.173+0000] {local_task_job_runner.py:228} INFO - Task exited with return code 0
[2023-12-28T16:51:58.423+0000] {taskinstance.py:2778} INFO - 1 downstream tasks scheduled from follow-on schedule check
[2023-12-28T16:52:33.109+0000] {logging_mixin.py:154} INFO - Changing /opt/***/logs/dag_id=air_quality/run_id=scheduled__2023-12-21T04:00:00+00:00/task_id=Extract permission to 509
[2023-12-28T16:52:33.111+0000] {logging_mixin.py:154} INFO - Failed to change /opt/***/logs/dag_id=air_quality/run_id=scheduled__2023-12-21T04:00:00+00:00/task_id=Extract permission to 509: [Errno 1] Operation not permitted: '/opt/***/logs/dag_id=air_quality/run_id=scheduled__2023-12-21T04:00:00+00:00/task_id=Extract'
[2023-12-28T16:52:33.181+0000] {logging_mixin.py:154} INFO - Changing /opt/***/logs/dag_id=air_quality/run_id=scheduled__2023-12-21T04:00:00+00:00/task_id=Extract permission to 509
[2023-12-28T16:52:33.183+0000] {logging_mixin.py:154} INFO - Failed to change /opt/***/logs/dag_id=air_quality/run_id=scheduled__2023-12-21T04:00:00+00:00/task_id=Extract permission to 509: [Errno 1] Operation not permitted: '/opt/***/logs/dag_id=air_quality/run_id=scheduled__2023-12-21T04:00:00+00:00/task_id=Extract'
[2023-12-28T16:52:33.258+0000] {taskinstance.py:1159} INFO - Dependencies all met for dep_context=non-requeueable deps ti=<TaskInstance: air_quality.Extract scheduled__2023-12-21T04:00:00+00:00 [queued]>
[2023-12-28T16:52:33.286+0000] {taskinstance.py:1159} INFO - Dependencies all met for dep_context=requeueable deps ti=<TaskInstance: air_quality.Extract scheduled__2023-12-21T04:00:00+00:00 [queued]>
[2023-12-28T16:52:33.289+0000] {taskinstance.py:1361} INFO - Starting attempt 1 of 2
[2023-12-28T16:52:33.335+0000] {taskinstance.py:1382} INFO - Executing <Task(PythonOperator): Extract> on 2023-12-21 04:00:00+00:00
[2023-12-28T16:52:33.357+0000] {standard_task_runner.py:57} INFO - Started process 612 to run task
[2023-12-28T16:52:33.367+0000] {standard_task_runner.py:84} INFO - Running: ['***', 'tasks', 'run', 'air_quality', 'Extract', 'scheduled__2023-12-21T04:00:00+00:00', '--job-id', '962', '--raw', '--subdir', 'DAGS_FOLDER/airQuality.py', '--cfg-path', '/tmp/tmp64p9i_zq']
[2023-12-28T16:52:33.370+0000] {standard_task_runner.py:85} INFO - Job 962: Subtask Extract
[2023-12-28T16:52:33.569+0000] {logging_mixin.py:154} INFO - Changing /opt/***/logs/dag_id=air_quality/run_id=scheduled__2023-12-21T04:00:00+00:00/task_id=Extract permission to 509
[2023-12-28T16:52:33.570+0000] {logging_mixin.py:154} INFO - Failed to change /opt/***/logs/dag_id=air_quality/run_id=scheduled__2023-12-21T04:00:00+00:00/task_id=Extract permission to 509: [Errno 1] Operation not permitted: '/opt/***/logs/dag_id=air_quality/run_id=scheduled__2023-12-21T04:00:00+00:00/task_id=Extract'
[2023-12-28T16:52:33.577+0000] {task_command.py:416} INFO - Running <TaskInstance: air_quality.Extract scheduled__2023-12-21T04:00:00+00:00 [running]> on host d67dd4682ccf
[2023-12-28T16:52:34.075+0000] {taskinstance.py:1662} INFO - Exporting env vars: AIRFLOW_CTX_DAG_OWNER='ghifari' AIRFLOW_CTX_DAG_ID='air_quality' AIRFLOW_CTX_TASK_ID='Extract' AIRFLOW_CTX_EXECUTION_DATE='2023-12-21T04:00:00+00:00' AIRFLOW_CTX_TRY_NUMBER='1' AIRFLOW_CTX_DAG_RUN_ID='scheduled__2023-12-21T04:00:00+00:00'
[2023-12-28T16:52:34.260+0000] {python.py:194} INFO - Done. Returned value was: {'city': ['Jakarta'], 'country': ['ID'], 'unit': ['o3'], 'last_value': [-0.999], 'lat': [-6.182536], 'lng': [106.834236]}
[2023-12-28T16:52:34.422+0000] {taskinstance.py:1400} INFO - Marking task as SUCCESS. dag_id=air_quality, task_id=Extract, execution_date=20231221T040000, start_date=20231228T165233, end_date=20231228T165234
[2023-12-28T16:52:34.575+0000] {local_task_job_runner.py:228} INFO - Task exited with return code 0
[2023-12-28T16:52:34.818+0000] {taskinstance.py:2778} INFO - 1 downstream tasks scheduled from follow-on schedule check
[2023-12-28T16:54:56.206+0000] {logging_mixin.py:154} INFO - Changing /opt/***/logs/dag_id=air_quality/run_id=scheduled__2023-12-21T04:00:00+00:00/task_id=Extract permission to 509
[2023-12-28T16:54:56.212+0000] {logging_mixin.py:154} INFO - Failed to change /opt/***/logs/dag_id=air_quality/run_id=scheduled__2023-12-21T04:00:00+00:00/task_id=Extract permission to 509: [Errno 1] Operation not permitted: '/opt/***/logs/dag_id=air_quality/run_id=scheduled__2023-12-21T04:00:00+00:00/task_id=Extract'
[2023-12-28T16:54:56.550+0000] {logging_mixin.py:154} INFO - Changing /opt/***/logs/dag_id=air_quality/run_id=scheduled__2023-12-21T04:00:00+00:00/task_id=Extract permission to 509
[2023-12-28T16:54:56.554+0000] {logging_mixin.py:154} INFO - Failed to change /opt/***/logs/dag_id=air_quality/run_id=scheduled__2023-12-21T04:00:00+00:00/task_id=Extract permission to 509: [Errno 1] Operation not permitted: '/opt/***/logs/dag_id=air_quality/run_id=scheduled__2023-12-21T04:00:00+00:00/task_id=Extract'
[2023-12-28T16:54:56.870+0000] {taskinstance.py:1159} INFO - Dependencies all met for dep_context=non-requeueable deps ti=<TaskInstance: air_quality.Extract scheduled__2023-12-21T04:00:00+00:00 [queued]>
[2023-12-28T16:54:56.977+0000] {taskinstance.py:1159} INFO - Dependencies all met for dep_context=requeueable deps ti=<TaskInstance: air_quality.Extract scheduled__2023-12-21T04:00:00+00:00 [queued]>
[2023-12-28T16:54:56.981+0000] {taskinstance.py:1361} INFO - Starting attempt 1 of 2
[2023-12-28T16:54:57.192+0000] {taskinstance.py:1382} INFO - Executing <Task(PythonOperator): Extract> on 2023-12-21 04:00:00+00:00
[2023-12-28T16:54:57.213+0000] {standard_task_runner.py:57} INFO - Started process 1249 to run task
[2023-12-28T16:54:57.274+0000] {standard_task_runner.py:84} INFO - Running: ['***', 'tasks', 'run', 'air_quality', 'Extract', 'scheduled__2023-12-21T04:00:00+00:00', '--job-id', '1125', '--raw', '--subdir', 'DAGS_FOLDER/airQuality.py', '--cfg-path', '/tmp/tmp7mzf67dq']
[2023-12-28T16:54:57.340+0000] {standard_task_runner.py:85} INFO - Job 1125: Subtask Extract
[2023-12-28T16:54:57.769+0000] {logging_mixin.py:154} INFO - Changing /opt/***/logs/dag_id=air_quality/run_id=scheduled__2023-12-21T04:00:00+00:00/task_id=Extract permission to 509
[2023-12-28T16:54:57.784+0000] {logging_mixin.py:154} INFO - Failed to change /opt/***/logs/dag_id=air_quality/run_id=scheduled__2023-12-21T04:00:00+00:00/task_id=Extract permission to 509: [Errno 1] Operation not permitted: '/opt/***/logs/dag_id=air_quality/run_id=scheduled__2023-12-21T04:00:00+00:00/task_id=Extract'
[2023-12-28T16:54:57.792+0000] {task_command.py:416} INFO - Running <TaskInstance: air_quality.Extract scheduled__2023-12-21T04:00:00+00:00 [running]> on host d67dd4682ccf
[2023-12-28T16:54:58.343+0000] {taskinstance.py:1662} INFO - Exporting env vars: AIRFLOW_CTX_DAG_OWNER='ghifari' AIRFLOW_CTX_DAG_ID='air_quality' AIRFLOW_CTX_TASK_ID='Extract' AIRFLOW_CTX_EXECUTION_DATE='2023-12-21T04:00:00+00:00' AIRFLOW_CTX_TRY_NUMBER='1' AIRFLOW_CTX_DAG_RUN_ID='scheduled__2023-12-21T04:00:00+00:00'
[2023-12-28T16:54:58.659+0000] {python.py:194} INFO - Done. Returned value was: {'city': ['Jakarta'], 'country': ['ID'], 'unit': ['o3'], 'last_value': [-0.999], 'lat': [-6.182536], 'lng': [106.834236]}
[2023-12-28T16:54:58.839+0000] {taskinstance.py:1400} INFO - Marking task as SUCCESS. dag_id=air_quality, task_id=Extract, execution_date=20231221T040000, start_date=20231228T165456, end_date=20231228T165458
[2023-12-28T16:54:59.016+0000] {local_task_job_runner.py:228} INFO - Task exited with return code 0
[2023-12-28T16:54:59.264+0000] {taskinstance.py:2778} INFO - 1 downstream tasks scheduled from follow-on schedule check
