[2023-12-28T16:08:45.576+0000] {logging_mixin.py:154} INFO - Changing /opt/***/logs/dag_id=air_quality/run_id=scheduled__2023-12-24T04:00:00+00:00/task_id=Extract permission to 509
[2023-12-28T16:08:45.585+0000] {logging_mixin.py:154} INFO - Failed to change /opt/***/logs/dag_id=air_quality/run_id=scheduled__2023-12-24T04:00:00+00:00/task_id=Extract permission to 509: [Errno 1] Operation not permitted: '/opt/***/logs/dag_id=air_quality/run_id=scheduled__2023-12-24T04:00:00+00:00/task_id=Extract'
[2023-12-28T16:08:45.731+0000] {logging_mixin.py:154} INFO - Changing /opt/***/logs/dag_id=air_quality/run_id=scheduled__2023-12-24T04:00:00+00:00/task_id=Extract permission to 509
[2023-12-28T16:08:45.745+0000] {logging_mixin.py:154} INFO - Failed to change /opt/***/logs/dag_id=air_quality/run_id=scheduled__2023-12-24T04:00:00+00:00/task_id=Extract permission to 509: [Errno 1] Operation not permitted: '/opt/***/logs/dag_id=air_quality/run_id=scheduled__2023-12-24T04:00:00+00:00/task_id=Extract'
[2023-12-28T16:08:45.822+0000] {taskinstance.py:1159} INFO - Dependencies all met for dep_context=non-requeueable deps ti=<TaskInstance: air_quality.Extract scheduled__2023-12-24T04:00:00+00:00 [queued]>
[2023-12-28T16:08:45.843+0000] {taskinstance.py:1159} INFO - Dependencies all met for dep_context=requeueable deps ti=<TaskInstance: air_quality.Extract scheduled__2023-12-24T04:00:00+00:00 [queued]>
[2023-12-28T16:08:45.848+0000] {taskinstance.py:1361} INFO - Starting attempt 1 of 2
[2023-12-28T16:08:46.312+0000] {taskinstance.py:1382} INFO - Executing <Task(PythonOperator): Extract> on 2023-12-24 04:00:00+00:00
[2023-12-28T16:08:46.328+0000] {standard_task_runner.py:57} INFO - Started process 491 to run task
[2023-12-28T16:08:46.334+0000] {standard_task_runner.py:84} INFO - Running: ['***', 'tasks', 'run', 'air_quality', 'Extract', 'scheduled__2023-12-24T04:00:00+00:00', '--job-id', '740', '--raw', '--subdir', 'DAGS_FOLDER/airQuality.py', '--cfg-path', '/tmp/tmpr3rmmqh8']
[2023-12-28T16:08:46.341+0000] {standard_task_runner.py:85} INFO - Job 740: Subtask Extract
[2023-12-28T16:08:46.593+0000] {logging_mixin.py:154} INFO - Changing /opt/***/logs/dag_id=air_quality/run_id=scheduled__2023-12-24T04:00:00+00:00/task_id=Extract permission to 509
[2023-12-28T16:08:46.595+0000] {logging_mixin.py:154} INFO - Failed to change /opt/***/logs/dag_id=air_quality/run_id=scheduled__2023-12-24T04:00:00+00:00/task_id=Extract permission to 509: [Errno 1] Operation not permitted: '/opt/***/logs/dag_id=air_quality/run_id=scheduled__2023-12-24T04:00:00+00:00/task_id=Extract'
[2023-12-28T16:08:46.602+0000] {task_command.py:416} INFO - Running <TaskInstance: air_quality.Extract scheduled__2023-12-24T04:00:00+00:00 [running]> on host d67dd4682ccf
[2023-12-28T16:08:46.856+0000] {taskinstance.py:1662} INFO - Exporting env vars: AIRFLOW_CTX_DAG_OWNER='ghifari' AIRFLOW_CTX_DAG_ID='air_quality' AIRFLOW_CTX_TASK_ID='Extract' AIRFLOW_CTX_EXECUTION_DATE='2023-12-24T04:00:00+00:00' AIRFLOW_CTX_TRY_NUMBER='1' AIRFLOW_CTX_DAG_RUN_ID='scheduled__2023-12-24T04:00:00+00:00'
[2023-12-28T16:08:47.216+0000] {python.py:194} INFO - Done. Returned value was: {'city': ['Jakarta'], 'country': ['ID'], 'unit': ['pm25'], 'last_value': [-999.0], 'lat': [-6.182536], 'lng': [106.834236]}
[2023-12-28T16:08:47.331+0000] {taskinstance.py:1400} INFO - Marking task as SUCCESS. dag_id=air_quality, task_id=Extract, execution_date=20231224T040000, start_date=20231228T160845, end_date=20231228T160847
[2023-12-28T16:08:47.433+0000] {local_task_job_runner.py:228} INFO - Task exited with return code 0
[2023-12-28T16:08:47.528+0000] {taskinstance.py:2778} INFO - 1 downstream tasks scheduled from follow-on schedule check
[2023-12-28T16:52:00.135+0000] {logging_mixin.py:154} INFO - Changing /opt/***/logs/dag_id=air_quality/run_id=scheduled__2023-12-24T04:00:00+00:00/task_id=Extract permission to 509
[2023-12-28T16:52:00.138+0000] {logging_mixin.py:154} INFO - Failed to change /opt/***/logs/dag_id=air_quality/run_id=scheduled__2023-12-24T04:00:00+00:00/task_id=Extract permission to 509: [Errno 1] Operation not permitted: '/opt/***/logs/dag_id=air_quality/run_id=scheduled__2023-12-24T04:00:00+00:00/task_id=Extract'
[2023-12-28T16:52:00.295+0000] {logging_mixin.py:154} INFO - Changing /opt/***/logs/dag_id=air_quality/run_id=scheduled__2023-12-24T04:00:00+00:00/task_id=Extract permission to 509
[2023-12-28T16:52:00.303+0000] {logging_mixin.py:154} INFO - Failed to change /opt/***/logs/dag_id=air_quality/run_id=scheduled__2023-12-24T04:00:00+00:00/task_id=Extract permission to 509: [Errno 1] Operation not permitted: '/opt/***/logs/dag_id=air_quality/run_id=scheduled__2023-12-24T04:00:00+00:00/task_id=Extract'
[2023-12-28T16:52:00.505+0000] {taskinstance.py:1159} INFO - Dependencies all met for dep_context=non-requeueable deps ti=<TaskInstance: air_quality.Extract scheduled__2023-12-24T04:00:00+00:00 [queued]>
[2023-12-28T16:52:00.540+0000] {taskinstance.py:1159} INFO - Dependencies all met for dep_context=requeueable deps ti=<TaskInstance: air_quality.Extract scheduled__2023-12-24T04:00:00+00:00 [queued]>
[2023-12-28T16:52:00.547+0000] {taskinstance.py:1361} INFO - Starting attempt 1 of 2
[2023-12-28T16:52:00.637+0000] {taskinstance.py:1382} INFO - Executing <Task(PythonOperator): Extract> on 2023-12-24 04:00:00+00:00
[2023-12-28T16:52:00.647+0000] {standard_task_runner.py:57} INFO - Started process 284 to run task
[2023-12-28T16:52:00.681+0000] {standard_task_runner.py:84} INFO - Running: ['***', 'tasks', 'run', 'air_quality', 'Extract', 'scheduled__2023-12-24T04:00:00+00:00', '--job-id', '886', '--raw', '--subdir', 'DAGS_FOLDER/airQuality.py', '--cfg-path', '/tmp/tmp9jg1ijrt']
[2023-12-28T16:52:00.686+0000] {standard_task_runner.py:85} INFO - Job 886: Subtask Extract
[2023-12-28T16:52:00.906+0000] {logging_mixin.py:154} INFO - Changing /opt/***/logs/dag_id=air_quality/run_id=scheduled__2023-12-24T04:00:00+00:00/task_id=Extract permission to 509
[2023-12-28T16:52:00.907+0000] {logging_mixin.py:154} INFO - Failed to change /opt/***/logs/dag_id=air_quality/run_id=scheduled__2023-12-24T04:00:00+00:00/task_id=Extract permission to 509: [Errno 1] Operation not permitted: '/opt/***/logs/dag_id=air_quality/run_id=scheduled__2023-12-24T04:00:00+00:00/task_id=Extract'
[2023-12-28T16:52:00.913+0000] {task_command.py:416} INFO - Running <TaskInstance: air_quality.Extract scheduled__2023-12-24T04:00:00+00:00 [running]> on host d67dd4682ccf
[2023-12-28T16:52:01.219+0000] {taskinstance.py:1662} INFO - Exporting env vars: AIRFLOW_CTX_DAG_OWNER='ghifari' AIRFLOW_CTX_DAG_ID='air_quality' AIRFLOW_CTX_TASK_ID='Extract' AIRFLOW_CTX_EXECUTION_DATE='2023-12-24T04:00:00+00:00' AIRFLOW_CTX_TRY_NUMBER='1' AIRFLOW_CTX_DAG_RUN_ID='scheduled__2023-12-24T04:00:00+00:00'
[2023-12-28T16:52:01.455+0000] {python.py:194} INFO - Done. Returned value was: {'city': ['Jakarta'], 'country': ['ID'], 'unit': ['o3'], 'last_value': [-0.999], 'lat': [-6.182536], 'lng': [106.834236]}
[2023-12-28T16:52:01.605+0000] {taskinstance.py:1400} INFO - Marking task as SUCCESS. dag_id=air_quality, task_id=Extract, execution_date=20231224T040000, start_date=20231228T165200, end_date=20231228T165201
[2023-12-28T16:52:01.706+0000] {local_task_job_runner.py:228} INFO - Task exited with return code 0
[2023-12-28T16:52:01.815+0000] {taskinstance.py:2778} INFO - 1 downstream tasks scheduled from follow-on schedule check
[2023-12-28T16:52:31.533+0000] {logging_mixin.py:154} INFO - Changing /opt/***/logs/dag_id=air_quality/run_id=scheduled__2023-12-24T04:00:00+00:00/task_id=Extract permission to 509
[2023-12-28T16:52:31.535+0000] {logging_mixin.py:154} INFO - Failed to change /opt/***/logs/dag_id=air_quality/run_id=scheduled__2023-12-24T04:00:00+00:00/task_id=Extract permission to 509: [Errno 1] Operation not permitted: '/opt/***/logs/dag_id=air_quality/run_id=scheduled__2023-12-24T04:00:00+00:00/task_id=Extract'
[2023-12-28T16:52:31.706+0000] {logging_mixin.py:154} INFO - Changing /opt/***/logs/dag_id=air_quality/run_id=scheduled__2023-12-24T04:00:00+00:00/task_id=Extract permission to 509
[2023-12-28T16:52:31.709+0000] {logging_mixin.py:154} INFO - Failed to change /opt/***/logs/dag_id=air_quality/run_id=scheduled__2023-12-24T04:00:00+00:00/task_id=Extract permission to 509: [Errno 1] Operation not permitted: '/opt/***/logs/dag_id=air_quality/run_id=scheduled__2023-12-24T04:00:00+00:00/task_id=Extract'
[2023-12-28T16:52:31.876+0000] {taskinstance.py:1159} INFO - Dependencies all met for dep_context=non-requeueable deps ti=<TaskInstance: air_quality.Extract scheduled__2023-12-24T04:00:00+00:00 [queued]>
[2023-12-28T16:52:31.978+0000] {taskinstance.py:1159} INFO - Dependencies all met for dep_context=requeueable deps ti=<TaskInstance: air_quality.Extract scheduled__2023-12-24T04:00:00+00:00 [queued]>
[2023-12-28T16:52:31.985+0000] {taskinstance.py:1361} INFO - Starting attempt 1 of 2
[2023-12-28T16:52:32.124+0000] {taskinstance.py:1382} INFO - Executing <Task(PythonOperator): Extract> on 2023-12-24 04:00:00+00:00
[2023-12-28T16:52:32.138+0000] {standard_task_runner.py:57} INFO - Started process 607 to run task
[2023-12-28T16:52:32.165+0000] {standard_task_runner.py:84} INFO - Running: ['***', 'tasks', 'run', 'air_quality', 'Extract', 'scheduled__2023-12-24T04:00:00+00:00', '--job-id', '956', '--raw', '--subdir', 'DAGS_FOLDER/airQuality.py', '--cfg-path', '/tmp/tmpzxjegd82']
[2023-12-28T16:52:32.180+0000] {standard_task_runner.py:85} INFO - Job 956: Subtask Extract
[2023-12-28T16:52:32.617+0000] {logging_mixin.py:154} INFO - Changing /opt/***/logs/dag_id=air_quality/run_id=scheduled__2023-12-24T04:00:00+00:00/task_id=Extract permission to 509
[2023-12-28T16:52:32.623+0000] {logging_mixin.py:154} INFO - Failed to change /opt/***/logs/dag_id=air_quality/run_id=scheduled__2023-12-24T04:00:00+00:00/task_id=Extract permission to 509: [Errno 1] Operation not permitted: '/opt/***/logs/dag_id=air_quality/run_id=scheduled__2023-12-24T04:00:00+00:00/task_id=Extract'
[2023-12-28T16:52:32.641+0000] {task_command.py:416} INFO - Running <TaskInstance: air_quality.Extract scheduled__2023-12-24T04:00:00+00:00 [running]> on host d67dd4682ccf
[2023-12-28T16:52:33.040+0000] {taskinstance.py:1662} INFO - Exporting env vars: AIRFLOW_CTX_DAG_OWNER='ghifari' AIRFLOW_CTX_DAG_ID='air_quality' AIRFLOW_CTX_TASK_ID='Extract' AIRFLOW_CTX_EXECUTION_DATE='2023-12-24T04:00:00+00:00' AIRFLOW_CTX_TRY_NUMBER='1' AIRFLOW_CTX_DAG_RUN_ID='scheduled__2023-12-24T04:00:00+00:00'
[2023-12-28T16:52:33.503+0000] {python.py:194} INFO - Done. Returned value was: {'city': ['Jakarta'], 'country': ['ID'], 'unit': ['o3'], 'last_value': [-0.999], 'lat': [-6.182536], 'lng': [106.834236]}
[2023-12-28T16:52:33.628+0000] {taskinstance.py:1400} INFO - Marking task as SUCCESS. dag_id=air_quality, task_id=Extract, execution_date=20231224T040000, start_date=20231228T165231, end_date=20231228T165233
[2023-12-28T16:52:33.768+0000] {local_task_job_runner.py:228} INFO - Task exited with return code 0
[2023-12-28T16:52:33.930+0000] {taskinstance.py:2778} INFO - 1 downstream tasks scheduled from follow-on schedule check
[2023-12-28T16:55:30.423+0000] {logging_mixin.py:154} INFO - Changing /opt/***/logs/dag_id=air_quality/run_id=scheduled__2023-12-24T04:00:00+00:00/task_id=Extract permission to 509
[2023-12-28T16:55:30.425+0000] {logging_mixin.py:154} INFO - Failed to change /opt/***/logs/dag_id=air_quality/run_id=scheduled__2023-12-24T04:00:00+00:00/task_id=Extract permission to 509: [Errno 1] Operation not permitted: '/opt/***/logs/dag_id=air_quality/run_id=scheduled__2023-12-24T04:00:00+00:00/task_id=Extract'
[2023-12-28T16:55:30.478+0000] {logging_mixin.py:154} INFO - Changing /opt/***/logs/dag_id=air_quality/run_id=scheduled__2023-12-24T04:00:00+00:00/task_id=Extract permission to 509
[2023-12-28T16:55:30.479+0000] {logging_mixin.py:154} INFO - Failed to change /opt/***/logs/dag_id=air_quality/run_id=scheduled__2023-12-24T04:00:00+00:00/task_id=Extract permission to 509: [Errno 1] Operation not permitted: '/opt/***/logs/dag_id=air_quality/run_id=scheduled__2023-12-24T04:00:00+00:00/task_id=Extract'
[2023-12-28T16:55:30.571+0000] {taskinstance.py:1159} INFO - Dependencies all met for dep_context=non-requeueable deps ti=<TaskInstance: air_quality.Extract scheduled__2023-12-24T04:00:00+00:00 [queued]>
[2023-12-28T16:55:30.597+0000] {taskinstance.py:1159} INFO - Dependencies all met for dep_context=requeueable deps ti=<TaskInstance: air_quality.Extract scheduled__2023-12-24T04:00:00+00:00 [queued]>
[2023-12-28T16:55:30.598+0000] {taskinstance.py:1361} INFO - Starting attempt 1 of 2
[2023-12-28T16:55:30.777+0000] {taskinstance.py:1382} INFO - Executing <Task(PythonOperator): Extract> on 2023-12-24 04:00:00+00:00
[2023-12-28T16:55:30.784+0000] {standard_task_runner.py:57} INFO - Started process 1572 to run task
[2023-12-28T16:55:30.793+0000] {standard_task_runner.py:84} INFO - Running: ['***', 'tasks', 'run', 'air_quality', 'Extract', 'scheduled__2023-12-24T04:00:00+00:00', '--job-id', '1186', '--raw', '--subdir', 'DAGS_FOLDER/airQuality.py', '--cfg-path', '/tmp/tmprkslbchc']
[2023-12-28T16:55:30.795+0000] {standard_task_runner.py:85} INFO - Job 1186: Subtask Extract
[2023-12-28T16:55:30.940+0000] {logging_mixin.py:154} INFO - Changing /opt/***/logs/dag_id=air_quality/run_id=scheduled__2023-12-24T04:00:00+00:00/task_id=Extract permission to 509
[2023-12-28T16:55:30.942+0000] {logging_mixin.py:154} INFO - Failed to change /opt/***/logs/dag_id=air_quality/run_id=scheduled__2023-12-24T04:00:00+00:00/task_id=Extract permission to 509: [Errno 1] Operation not permitted: '/opt/***/logs/dag_id=air_quality/run_id=scheduled__2023-12-24T04:00:00+00:00/task_id=Extract'
[2023-12-28T16:55:30.947+0000] {task_command.py:416} INFO - Running <TaskInstance: air_quality.Extract scheduled__2023-12-24T04:00:00+00:00 [running]> on host d67dd4682ccf
[2023-12-28T16:55:31.288+0000] {taskinstance.py:1662} INFO - Exporting env vars: AIRFLOW_CTX_DAG_OWNER='ghifari' AIRFLOW_CTX_DAG_ID='air_quality' AIRFLOW_CTX_TASK_ID='Extract' AIRFLOW_CTX_EXECUTION_DATE='2023-12-24T04:00:00+00:00' AIRFLOW_CTX_TRY_NUMBER='1' AIRFLOW_CTX_DAG_RUN_ID='scheduled__2023-12-24T04:00:00+00:00'
[2023-12-28T16:55:31.467+0000] {python.py:194} INFO - Done. Returned value was: {'city': ['Jakarta'], 'country': ['ID'], 'unit': ['o3'], 'last_value': [-0.999], 'lat': [-6.182536], 'lng': [106.834236]}
[2023-12-28T16:55:31.521+0000] {taskinstance.py:1400} INFO - Marking task as SUCCESS. dag_id=air_quality, task_id=Extract, execution_date=20231224T040000, start_date=20231228T165530, end_date=20231228T165531
[2023-12-28T16:55:31.624+0000] {local_task_job_runner.py:228} INFO - Task exited with return code 0
[2023-12-28T16:55:31.692+0000] {taskinstance.py:2778} INFO - 1 downstream tasks scheduled from follow-on schedule check
