[2023-12-17T11:19:02.798+0000] {logging_mixin.py:154} INFO - Changing /opt/***/logs/dag_id=air_quality/run_id=scheduled__2023-12-15T04:00:00+00:00/task_id=Extract permission to 509
[2023-12-17T11:19:02.800+0000] {logging_mixin.py:154} INFO - Failed to change /opt/***/logs/dag_id=air_quality/run_id=scheduled__2023-12-15T04:00:00+00:00/task_id=Extract permission to 509: [Errno 1] Operation not permitted: '/opt/***/logs/dag_id=air_quality/run_id=scheduled__2023-12-15T04:00:00+00:00/task_id=Extract'
[2023-12-17T11:19:02.877+0000] {logging_mixin.py:154} INFO - Changing /opt/***/logs/dag_id=air_quality/run_id=scheduled__2023-12-15T04:00:00+00:00/task_id=Extract permission to 509
[2023-12-17T11:19:02.878+0000] {logging_mixin.py:154} INFO - Failed to change /opt/***/logs/dag_id=air_quality/run_id=scheduled__2023-12-15T04:00:00+00:00/task_id=Extract permission to 509: [Errno 1] Operation not permitted: '/opt/***/logs/dag_id=air_quality/run_id=scheduled__2023-12-15T04:00:00+00:00/task_id=Extract'
[2023-12-17T11:19:02.990+0000] {taskinstance.py:1159} INFO - Dependencies all met for dep_context=non-requeueable deps ti=<TaskInstance: air_quality.Extract scheduled__2023-12-15T04:00:00+00:00 [queued]>
[2023-12-17T11:19:03.064+0000] {taskinstance.py:1159} INFO - Dependencies all met for dep_context=requeueable deps ti=<TaskInstance: air_quality.Extract scheduled__2023-12-15T04:00:00+00:00 [queued]>
[2023-12-17T11:19:03.067+0000] {taskinstance.py:1361} INFO - Starting attempt 1 of 2
[2023-12-17T11:19:03.126+0000] {taskinstance.py:1382} INFO - Executing <Task(PythonOperator): Extract> on 2023-12-15 04:00:00+00:00
[2023-12-17T11:19:03.138+0000] {standard_task_runner.py:57} INFO - Started process 2398 to run task
[2023-12-17T11:19:03.146+0000] {standard_task_runner.py:84} INFO - Running: ['***', 'tasks', 'run', 'air_quality', 'Extract', 'scheduled__2023-12-15T04:00:00+00:00', '--job-id', '385', '--raw', '--subdir', 'DAGS_FOLDER/airQuality.py', '--cfg-path', '/tmp/tmp1nvwmb1p']
[2023-12-17T11:19:03.151+0000] {standard_task_runner.py:85} INFO - Job 385: Subtask Extract
[2023-12-17T11:19:03.308+0000] {logging_mixin.py:154} INFO - Changing /opt/***/logs/dag_id=air_quality/run_id=scheduled__2023-12-15T04:00:00+00:00/task_id=Extract permission to 509
[2023-12-17T11:19:03.309+0000] {logging_mixin.py:154} INFO - Failed to change /opt/***/logs/dag_id=air_quality/run_id=scheduled__2023-12-15T04:00:00+00:00/task_id=Extract permission to 509: [Errno 1] Operation not permitted: '/opt/***/logs/dag_id=air_quality/run_id=scheduled__2023-12-15T04:00:00+00:00/task_id=Extract'
[2023-12-17T11:19:03.319+0000] {task_command.py:416} INFO - Running <TaskInstance: air_quality.Extract scheduled__2023-12-15T04:00:00+00:00 [running]> on host 1a58977f5573
[2023-12-17T11:19:03.745+0000] {taskinstance.py:1662} INFO - Exporting env vars: AIRFLOW_CTX_DAG_OWNER='ghifari' AIRFLOW_CTX_DAG_ID='air_quality' AIRFLOW_CTX_TASK_ID='Extract' AIRFLOW_CTX_EXECUTION_DATE='2023-12-15T04:00:00+00:00' AIRFLOW_CTX_TRY_NUMBER='1' AIRFLOW_CTX_DAG_RUN_ID='scheduled__2023-12-15T04:00:00+00:00'
[2023-12-17T11:19:03.990+0000] {python.py:194} INFO - Done. Returned value was: {'city': ['Jakarta'], 'country': ['ID'], 'unit': ['o3'], 'last_value': [-0.999], 'lat': [-6.182536], 'lng': [106.834236]}
[2023-12-17T11:19:04.060+0000] {taskinstance.py:1400} INFO - Marking task as SUCCESS. dag_id=air_quality, task_id=Extract, execution_date=20231215T040000, start_date=20231217T111902, end_date=20231217T111904
[2023-12-17T11:19:04.276+0000] {local_task_job_runner.py:228} INFO - Task exited with return code 0
[2023-12-17T11:19:04.371+0000] {taskinstance.py:2778} INFO - 1 downstream tasks scheduled from follow-on schedule check
[2023-12-17T12:18:11.315+0000] {logging_mixin.py:154} INFO - Changing /opt/***/logs/dag_id=air_quality/run_id=scheduled__2023-12-15T04:00:00+00:00/task_id=Extract permission to 509
[2023-12-17T12:18:11.320+0000] {logging_mixin.py:154} INFO - Failed to change /opt/***/logs/dag_id=air_quality/run_id=scheduled__2023-12-15T04:00:00+00:00/task_id=Extract permission to 509: [Errno 1] Operation not permitted: '/opt/***/logs/dag_id=air_quality/run_id=scheduled__2023-12-15T04:00:00+00:00/task_id=Extract'
[2023-12-17T12:18:11.420+0000] {logging_mixin.py:154} INFO - Changing /opt/***/logs/dag_id=air_quality/run_id=scheduled__2023-12-15T04:00:00+00:00/task_id=Extract permission to 509
[2023-12-17T12:18:11.421+0000] {logging_mixin.py:154} INFO - Failed to change /opt/***/logs/dag_id=air_quality/run_id=scheduled__2023-12-15T04:00:00+00:00/task_id=Extract permission to 509: [Errno 1] Operation not permitted: '/opt/***/logs/dag_id=air_quality/run_id=scheduled__2023-12-15T04:00:00+00:00/task_id=Extract'
[2023-12-17T12:18:11.500+0000] {taskinstance.py:1159} INFO - Dependencies all met for dep_context=non-requeueable deps ti=<TaskInstance: air_quality.Extract scheduled__2023-12-15T04:00:00+00:00 [queued]>
[2023-12-17T12:18:11.524+0000] {taskinstance.py:1159} INFO - Dependencies all met for dep_context=requeueable deps ti=<TaskInstance: air_quality.Extract scheduled__2023-12-15T04:00:00+00:00 [queued]>
[2023-12-17T12:18:11.525+0000] {taskinstance.py:1361} INFO - Starting attempt 1 of 2
[2023-12-17T12:18:11.562+0000] {taskinstance.py:1382} INFO - Executing <Task(PythonOperator): Extract> on 2023-12-15 04:00:00+00:00
[2023-12-17T12:18:11.570+0000] {standard_task_runner.py:57} INFO - Started process 4095 to run task
[2023-12-17T12:18:11.592+0000] {standard_task_runner.py:84} INFO - Running: ['***', 'tasks', 'run', 'air_quality', 'Extract', 'scheduled__2023-12-15T04:00:00+00:00', '--job-id', '597', '--raw', '--subdir', 'DAGS_FOLDER/airQuality.py', '--cfg-path', '/tmp/tmp71jo68tz']
[2023-12-17T12:18:11.595+0000] {standard_task_runner.py:85} INFO - Job 597: Subtask Extract
[2023-12-17T12:18:11.815+0000] {logging_mixin.py:154} INFO - Changing /opt/***/logs/dag_id=air_quality/run_id=scheduled__2023-12-15T04:00:00+00:00/task_id=Extract permission to 509
[2023-12-17T12:18:11.817+0000] {logging_mixin.py:154} INFO - Failed to change /opt/***/logs/dag_id=air_quality/run_id=scheduled__2023-12-15T04:00:00+00:00/task_id=Extract permission to 509: [Errno 1] Operation not permitted: '/opt/***/logs/dag_id=air_quality/run_id=scheduled__2023-12-15T04:00:00+00:00/task_id=Extract'
[2023-12-17T12:18:11.823+0000] {task_command.py:416} INFO - Running <TaskInstance: air_quality.Extract scheduled__2023-12-15T04:00:00+00:00 [running]> on host 1a58977f5573
[2023-12-17T12:18:12.352+0000] {taskinstance.py:1662} INFO - Exporting env vars: AIRFLOW_CTX_DAG_OWNER='ghifari' AIRFLOW_CTX_DAG_ID='air_quality' AIRFLOW_CTX_TASK_ID='Extract' AIRFLOW_CTX_EXECUTION_DATE='2023-12-15T04:00:00+00:00' AIRFLOW_CTX_TRY_NUMBER='1' AIRFLOW_CTX_DAG_RUN_ID='scheduled__2023-12-15T04:00:00+00:00'
[2023-12-17T12:18:12.600+0000] {python.py:194} INFO - Done. Returned value was: {'city': ['Jakarta'], 'country': ['ID'], 'unit': ['pm25'], 'last_value': [-999.0], 'lat': [-6.182536], 'lng': [106.834236]}
[2023-12-17T12:18:12.728+0000] {taskinstance.py:1400} INFO - Marking task as SUCCESS. dag_id=air_quality, task_id=Extract, execution_date=20231215T040000, start_date=20231217T121811, end_date=20231217T121812
[2023-12-17T12:18:12.820+0000] {local_task_job_runner.py:228} INFO - Task exited with return code 0
[2023-12-17T12:18:13.255+0000] {taskinstance.py:2778} INFO - 0 downstream tasks scheduled from follow-on schedule check
[2023-12-17T12:19:04.494+0000] {logging_mixin.py:154} INFO - Changing /opt/***/logs/dag_id=air_quality/run_id=scheduled__2023-12-15T04:00:00+00:00/task_id=Extract permission to 509
[2023-12-17T12:19:04.496+0000] {logging_mixin.py:154} INFO - Failed to change /opt/***/logs/dag_id=air_quality/run_id=scheduled__2023-12-15T04:00:00+00:00/task_id=Extract permission to 509: [Errno 1] Operation not permitted: '/opt/***/logs/dag_id=air_quality/run_id=scheduled__2023-12-15T04:00:00+00:00/task_id=Extract'
[2023-12-17T12:19:04.555+0000] {logging_mixin.py:154} INFO - Changing /opt/***/logs/dag_id=air_quality/run_id=scheduled__2023-12-15T04:00:00+00:00/task_id=Extract permission to 509
[2023-12-17T12:19:04.556+0000] {logging_mixin.py:154} INFO - Failed to change /opt/***/logs/dag_id=air_quality/run_id=scheduled__2023-12-15T04:00:00+00:00/task_id=Extract permission to 509: [Errno 1] Operation not permitted: '/opt/***/logs/dag_id=air_quality/run_id=scheduled__2023-12-15T04:00:00+00:00/task_id=Extract'
[2023-12-17T12:19:04.622+0000] {taskinstance.py:1159} INFO - Dependencies all met for dep_context=non-requeueable deps ti=<TaskInstance: air_quality.Extract scheduled__2023-12-15T04:00:00+00:00 [queued]>
[2023-12-17T12:19:04.646+0000] {taskinstance.py:1159} INFO - Dependencies all met for dep_context=requeueable deps ti=<TaskInstance: air_quality.Extract scheduled__2023-12-15T04:00:00+00:00 [queued]>
[2023-12-17T12:19:04.647+0000] {taskinstance.py:1361} INFO - Starting attempt 1 of 2
[2023-12-17T12:19:04.678+0000] {taskinstance.py:1382} INFO - Executing <Task(PythonOperator): Extract> on 2023-12-15 04:00:00+00:00
[2023-12-17T12:19:04.684+0000] {standard_task_runner.py:57} INFO - Started process 4577 to run task
[2023-12-17T12:19:04.690+0000] {standard_task_runner.py:84} INFO - Running: ['***', 'tasks', 'run', 'air_quality', 'Extract', 'scheduled__2023-12-15T04:00:00+00:00', '--job-id', '702', '--raw', '--subdir', 'DAGS_FOLDER/airQuality.py', '--cfg-path', '/tmp/tmpsgavdl6o']
[2023-12-17T12:19:04.692+0000] {standard_task_runner.py:85} INFO - Job 702: Subtask Extract
[2023-12-17T12:19:04.786+0000] {logging_mixin.py:154} INFO - Changing /opt/***/logs/dag_id=air_quality/run_id=scheduled__2023-12-15T04:00:00+00:00/task_id=Extract permission to 509
[2023-12-17T12:19:04.788+0000] {logging_mixin.py:154} INFO - Failed to change /opt/***/logs/dag_id=air_quality/run_id=scheduled__2023-12-15T04:00:00+00:00/task_id=Extract permission to 509: [Errno 1] Operation not permitted: '/opt/***/logs/dag_id=air_quality/run_id=scheduled__2023-12-15T04:00:00+00:00/task_id=Extract'
[2023-12-17T12:19:04.791+0000] {task_command.py:416} INFO - Running <TaskInstance: air_quality.Extract scheduled__2023-12-15T04:00:00+00:00 [running]> on host 1a58977f5573
[2023-12-17T12:19:04.931+0000] {taskinstance.py:1662} INFO - Exporting env vars: AIRFLOW_CTX_DAG_OWNER='ghifari' AIRFLOW_CTX_DAG_ID='air_quality' AIRFLOW_CTX_TASK_ID='Extract' AIRFLOW_CTX_EXECUTION_DATE='2023-12-15T04:00:00+00:00' AIRFLOW_CTX_TRY_NUMBER='1' AIRFLOW_CTX_DAG_RUN_ID='scheduled__2023-12-15T04:00:00+00:00'
[2023-12-17T12:19:05.042+0000] {python.py:194} INFO - Done. Returned value was: {'city': ['Jakarta'], 'country': ['ID'], 'unit': ['pm25'], 'last_value': [-999.0], 'lat': [-6.182536], 'lng': [106.834236]}
[2023-12-17T12:19:05.069+0000] {taskinstance.py:1400} INFO - Marking task as SUCCESS. dag_id=air_quality, task_id=Extract, execution_date=20231215T040000, start_date=20231217T121904, end_date=20231217T121905
[2023-12-17T12:19:05.103+0000] {local_task_job_runner.py:228} INFO - Task exited with return code 0
[2023-12-17T12:19:05.143+0000] {taskinstance.py:2778} INFO - 1 downstream tasks scheduled from follow-on schedule check
[2023-12-28T16:51:46.677+0000] {logging_mixin.py:154} INFO - Changing /opt/***/logs/dag_id=air_quality/run_id=scheduled__2023-12-15T04:00:00+00:00/task_id=Extract permission to 509
[2023-12-28T16:51:46.682+0000] {logging_mixin.py:154} INFO - Failed to change /opt/***/logs/dag_id=air_quality/run_id=scheduled__2023-12-15T04:00:00+00:00/task_id=Extract permission to 509: [Errno 1] Operation not permitted: '/opt/***/logs/dag_id=air_quality/run_id=scheduled__2023-12-15T04:00:00+00:00/task_id=Extract'
[2023-12-28T16:51:46.843+0000] {logging_mixin.py:154} INFO - Changing /opt/***/logs/dag_id=air_quality/run_id=scheduled__2023-12-15T04:00:00+00:00/task_id=Extract permission to 509
[2023-12-28T16:51:46.846+0000] {logging_mixin.py:154} INFO - Failed to change /opt/***/logs/dag_id=air_quality/run_id=scheduled__2023-12-15T04:00:00+00:00/task_id=Extract permission to 509: [Errno 1] Operation not permitted: '/opt/***/logs/dag_id=air_quality/run_id=scheduled__2023-12-15T04:00:00+00:00/task_id=Extract'
[2023-12-28T16:51:47.030+0000] {taskinstance.py:1159} INFO - Dependencies all met for dep_context=non-requeueable deps ti=<TaskInstance: air_quality.Extract scheduled__2023-12-15T04:00:00+00:00 [queued]>
[2023-12-28T16:51:47.086+0000] {taskinstance.py:1159} INFO - Dependencies all met for dep_context=requeueable deps ti=<TaskInstance: air_quality.Extract scheduled__2023-12-15T04:00:00+00:00 [queued]>
[2023-12-28T16:51:47.088+0000] {taskinstance.py:1361} INFO - Starting attempt 1 of 2
[2023-12-28T16:51:47.181+0000] {taskinstance.py:1382} INFO - Executing <Task(PythonOperator): Extract> on 2023-12-15 04:00:00+00:00
[2023-12-28T16:51:47.193+0000] {standard_task_runner.py:57} INFO - Started process 220 to run task
[2023-12-28T16:51:47.210+0000] {standard_task_runner.py:84} INFO - Running: ['***', 'tasks', 'run', 'air_quality', 'Extract', 'scheduled__2023-12-15T04:00:00+00:00', '--job-id', '858', '--raw', '--subdir', 'DAGS_FOLDER/airQuality.py', '--cfg-path', '/tmp/tmpl3v7sd14']
[2023-12-28T16:51:47.213+0000] {standard_task_runner.py:85} INFO - Job 858: Subtask Extract
[2023-12-28T16:51:47.469+0000] {logging_mixin.py:154} INFO - Changing /opt/***/logs/dag_id=air_quality/run_id=scheduled__2023-12-15T04:00:00+00:00/task_id=Extract permission to 509
[2023-12-28T16:51:47.491+0000] {logging_mixin.py:154} INFO - Failed to change /opt/***/logs/dag_id=air_quality/run_id=scheduled__2023-12-15T04:00:00+00:00/task_id=Extract permission to 509: [Errno 1] Operation not permitted: '/opt/***/logs/dag_id=air_quality/run_id=scheduled__2023-12-15T04:00:00+00:00/task_id=Extract'
[2023-12-28T16:51:47.511+0000] {task_command.py:416} INFO - Running <TaskInstance: air_quality.Extract scheduled__2023-12-15T04:00:00+00:00 [running]> on host d67dd4682ccf
[2023-12-28T16:51:47.936+0000] {taskinstance.py:1662} INFO - Exporting env vars: AIRFLOW_CTX_DAG_OWNER='ghifari' AIRFLOW_CTX_DAG_ID='air_quality' AIRFLOW_CTX_TASK_ID='Extract' AIRFLOW_CTX_EXECUTION_DATE='2023-12-15T04:00:00+00:00' AIRFLOW_CTX_TRY_NUMBER='1' AIRFLOW_CTX_DAG_RUN_ID='scheduled__2023-12-15T04:00:00+00:00'
[2023-12-28T16:51:48.364+0000] {python.py:194} INFO - Done. Returned value was: {'city': ['Jakarta'], 'country': ['ID'], 'unit': ['o3'], 'last_value': [-0.999], 'lat': [-6.182536], 'lng': [106.834236]}
[2023-12-28T16:51:48.477+0000] {taskinstance.py:1400} INFO - Marking task as SUCCESS. dag_id=air_quality, task_id=Extract, execution_date=20231215T040000, start_date=20231228T165147, end_date=20231228T165148
[2023-12-28T16:51:48.628+0000] {local_task_job_runner.py:228} INFO - Task exited with return code 0
[2023-12-28T16:51:48.857+0000] {taskinstance.py:2778} INFO - 1 downstream tasks scheduled from follow-on schedule check
[2023-12-28T16:54:47.272+0000] {logging_mixin.py:154} INFO - Changing /opt/***/logs/dag_id=air_quality/run_id=scheduled__2023-12-15T04:00:00+00:00/task_id=Extract permission to 509
[2023-12-28T16:54:47.275+0000] {logging_mixin.py:154} INFO - Failed to change /opt/***/logs/dag_id=air_quality/run_id=scheduled__2023-12-15T04:00:00+00:00/task_id=Extract permission to 509: [Errno 1] Operation not permitted: '/opt/***/logs/dag_id=air_quality/run_id=scheduled__2023-12-15T04:00:00+00:00/task_id=Extract'
[2023-12-28T16:54:47.415+0000] {logging_mixin.py:154} INFO - Changing /opt/***/logs/dag_id=air_quality/run_id=scheduled__2023-12-15T04:00:00+00:00/task_id=Extract permission to 509
[2023-12-28T16:54:47.418+0000] {logging_mixin.py:154} INFO - Failed to change /opt/***/logs/dag_id=air_quality/run_id=scheduled__2023-12-15T04:00:00+00:00/task_id=Extract permission to 509: [Errno 1] Operation not permitted: '/opt/***/logs/dag_id=air_quality/run_id=scheduled__2023-12-15T04:00:00+00:00/task_id=Extract'
[2023-12-28T16:54:47.507+0000] {taskinstance.py:1159} INFO - Dependencies all met for dep_context=non-requeueable deps ti=<TaskInstance: air_quality.Extract scheduled__2023-12-15T04:00:00+00:00 [queued]>
[2023-12-28T16:54:47.534+0000] {taskinstance.py:1159} INFO - Dependencies all met for dep_context=requeueable deps ti=<TaskInstance: air_quality.Extract scheduled__2023-12-15T04:00:00+00:00 [queued]>
[2023-12-28T16:54:47.536+0000] {taskinstance.py:1361} INFO - Starting attempt 1 of 2
[2023-12-28T16:54:47.620+0000] {taskinstance.py:1382} INFO - Executing <Task(PythonOperator): Extract> on 2023-12-15 04:00:00+00:00
[2023-12-28T16:54:47.640+0000] {standard_task_runner.py:57} INFO - Started process 1196 to run task
[2023-12-28T16:54:47.650+0000] {standard_task_runner.py:84} INFO - Running: ['***', 'tasks', 'run', 'air_quality', 'Extract', 'scheduled__2023-12-15T04:00:00+00:00', '--job-id', '1105', '--raw', '--subdir', 'DAGS_FOLDER/airQuality.py', '--cfg-path', '/tmp/tmpxec51bnm']
[2023-12-28T16:54:47.654+0000] {standard_task_runner.py:85} INFO - Job 1105: Subtask Extract
[2023-12-28T16:54:47.813+0000] {logging_mixin.py:154} INFO - Changing /opt/***/logs/dag_id=air_quality/run_id=scheduled__2023-12-15T04:00:00+00:00/task_id=Extract permission to 509
[2023-12-28T16:54:47.815+0000] {logging_mixin.py:154} INFO - Failed to change /opt/***/logs/dag_id=air_quality/run_id=scheduled__2023-12-15T04:00:00+00:00/task_id=Extract permission to 509: [Errno 1] Operation not permitted: '/opt/***/logs/dag_id=air_quality/run_id=scheduled__2023-12-15T04:00:00+00:00/task_id=Extract'
[2023-12-28T16:54:47.819+0000] {task_command.py:416} INFO - Running <TaskInstance: air_quality.Extract scheduled__2023-12-15T04:00:00+00:00 [running]> on host d67dd4682ccf
[2023-12-28T16:54:48.064+0000] {taskinstance.py:1662} INFO - Exporting env vars: AIRFLOW_CTX_DAG_OWNER='ghifari' AIRFLOW_CTX_DAG_ID='air_quality' AIRFLOW_CTX_TASK_ID='Extract' AIRFLOW_CTX_EXECUTION_DATE='2023-12-15T04:00:00+00:00' AIRFLOW_CTX_TRY_NUMBER='1' AIRFLOW_CTX_DAG_RUN_ID='scheduled__2023-12-15T04:00:00+00:00'
[2023-12-28T16:54:48.251+0000] {python.py:194} INFO - Done. Returned value was: {'city': ['Jakarta'], 'country': ['ID'], 'unit': ['o3'], 'last_value': [-0.999], 'lat': [-6.182536], 'lng': [106.834236]}
[2023-12-28T16:54:48.351+0000] {taskinstance.py:1400} INFO - Marking task as SUCCESS. dag_id=air_quality, task_id=Extract, execution_date=20231215T040000, start_date=20231228T165447, end_date=20231228T165448
[2023-12-28T16:54:48.441+0000] {local_task_job_runner.py:228} INFO - Task exited with return code 0
[2023-12-28T16:54:48.563+0000] {taskinstance.py:2778} INFO - 1 downstream tasks scheduled from follow-on schedule check
