[2023-12-28T16:09:06.934+0000] {logging_mixin.py:154} INFO - Changing /opt/***/logs/dag_id=air_quality/run_id=scheduled__2023-12-20T04:00:00+00:00/task_id=Create_Table permission to 509
[2023-12-28T16:09:06.937+0000] {logging_mixin.py:154} INFO - Failed to change /opt/***/logs/dag_id=air_quality/run_id=scheduled__2023-12-20T04:00:00+00:00/task_id=Create_Table permission to 509: [Errno 1] Operation not permitted: '/opt/***/logs/dag_id=air_quality/run_id=scheduled__2023-12-20T04:00:00+00:00/task_id=Create_Table'
[2023-12-28T16:09:07.218+0000] {logging_mixin.py:154} INFO - Changing /opt/***/logs/dag_id=air_quality/run_id=scheduled__2023-12-20T04:00:00+00:00/task_id=Create_Table permission to 509
[2023-12-28T16:09:07.241+0000] {logging_mixin.py:154} INFO - Failed to change /opt/***/logs/dag_id=air_quality/run_id=scheduled__2023-12-20T04:00:00+00:00/task_id=Create_Table permission to 509: [Errno 1] Operation not permitted: '/opt/***/logs/dag_id=air_quality/run_id=scheduled__2023-12-20T04:00:00+00:00/task_id=Create_Table'
[2023-12-28T16:09:07.487+0000] {taskinstance.py:1159} INFO - Dependencies all met for dep_context=non-requeueable deps ti=<TaskInstance: air_quality.Create_Table scheduled__2023-12-20T04:00:00+00:00 [queued]>
[2023-12-28T16:09:07.515+0000] {taskinstance.py:1159} INFO - Dependencies all met for dep_context=requeueable deps ti=<TaskInstance: air_quality.Create_Table scheduled__2023-12-20T04:00:00+00:00 [queued]>
[2023-12-28T16:09:07.517+0000] {taskinstance.py:1361} INFO - Starting attempt 1 of 2
[2023-12-28T16:09:07.714+0000] {taskinstance.py:1382} INFO - Executing <Task(PythonOperator): Create_Table> on 2023-12-20 04:00:00+00:00
[2023-12-28T16:09:07.729+0000] {standard_task_runner.py:57} INFO - Started process 563 to run task
[2023-12-28T16:09:07.738+0000] {standard_task_runner.py:84} INFO - Running: ['***', 'tasks', 'run', 'air_quality', 'Create_Table', 'scheduled__2023-12-20T04:00:00+00:00', '--job-id', '766', '--raw', '--subdir', 'DAGS_FOLDER/airQuality.py', '--cfg-path', '/tmp/tmpm2xzcvwa']
[2023-12-28T16:09:07.746+0000] {standard_task_runner.py:85} INFO - Job 766: Subtask Create_Table
[2023-12-28T16:09:07.998+0000] {logging_mixin.py:154} INFO - Changing /opt/***/logs/dag_id=air_quality/run_id=scheduled__2023-12-20T04:00:00+00:00/task_id=Create_Table permission to 509
[2023-12-28T16:09:08.000+0000] {logging_mixin.py:154} INFO - Failed to change /opt/***/logs/dag_id=air_quality/run_id=scheduled__2023-12-20T04:00:00+00:00/task_id=Create_Table permission to 509: [Errno 1] Operation not permitted: '/opt/***/logs/dag_id=air_quality/run_id=scheduled__2023-12-20T04:00:00+00:00/task_id=Create_Table'
[2023-12-28T16:09:08.006+0000] {task_command.py:416} INFO - Running <TaskInstance: air_quality.Create_Table scheduled__2023-12-20T04:00:00+00:00 [running]> on host d67dd4682ccf
[2023-12-28T16:09:08.377+0000] {taskinstance.py:1662} INFO - Exporting env vars: AIRFLOW_CTX_DAG_OWNER='ghifari' AIRFLOW_CTX_DAG_ID='air_quality' AIRFLOW_CTX_TASK_ID='Create_Table' AIRFLOW_CTX_EXECUTION_DATE='2023-12-20T04:00:00+00:00' AIRFLOW_CTX_TRY_NUMBER='1' AIRFLOW_CTX_DAG_RUN_ID='scheduled__2023-12-20T04:00:00+00:00'
[2023-12-28T16:09:08.414+0000] {base.py:73} INFO - Using connection ID 'neonServerDB-Postgres' for task execution.
[2023-12-28T16:09:12.861+0000] {python.py:194} INFO - Done. Returned value was: 
        CREATE TABLE air_quality (
            id serial primary key, 
            city varchar(250),
            country varchar(250), 
            unit varchar(20), 
            last_value float8, 
            lat float8,
            lng float8
        )
    
[2023-12-28T16:09:12.911+0000] {taskinstance.py:1400} INFO - Marking task as SUCCESS. dag_id=air_quality, task_id=Create_Table, execution_date=20231220T040000, start_date=20231228T160907, end_date=20231228T160912
[2023-12-28T16:09:12.954+0000] {local_task_job_runner.py:228} INFO - Task exited with return code 0
[2023-12-28T16:09:13.034+0000] {taskinstance.py:2778} INFO - 1 downstream tasks scheduled from follow-on schedule check
[2023-12-28T16:52:12.878+0000] {logging_mixin.py:154} INFO - Changing /opt/***/logs/dag_id=air_quality/run_id=scheduled__2023-12-20T04:00:00+00:00/task_id=Create_Table permission to 509
[2023-12-28T16:52:12.882+0000] {logging_mixin.py:154} INFO - Failed to change /opt/***/logs/dag_id=air_quality/run_id=scheduled__2023-12-20T04:00:00+00:00/task_id=Create_Table permission to 509: [Errno 1] Operation not permitted: '/opt/***/logs/dag_id=air_quality/run_id=scheduled__2023-12-20T04:00:00+00:00/task_id=Create_Table'
[2023-12-28T16:52:13.024+0000] {logging_mixin.py:154} INFO - Changing /opt/***/logs/dag_id=air_quality/run_id=scheduled__2023-12-20T04:00:00+00:00/task_id=Create_Table permission to 509
[2023-12-28T16:52:13.025+0000] {logging_mixin.py:154} INFO - Failed to change /opt/***/logs/dag_id=air_quality/run_id=scheduled__2023-12-20T04:00:00+00:00/task_id=Create_Table permission to 509: [Errno 1] Operation not permitted: '/opt/***/logs/dag_id=air_quality/run_id=scheduled__2023-12-20T04:00:00+00:00/task_id=Create_Table'
[2023-12-28T16:52:13.187+0000] {taskinstance.py:1159} INFO - Dependencies all met for dep_context=non-requeueable deps ti=<TaskInstance: air_quality.Create_Table scheduled__2023-12-20T04:00:00+00:00 [queued]>
[2023-12-28T16:52:13.274+0000] {taskinstance.py:1159} INFO - Dependencies all met for dep_context=requeueable deps ti=<TaskInstance: air_quality.Create_Table scheduled__2023-12-20T04:00:00+00:00 [queued]>
[2023-12-28T16:52:13.275+0000] {taskinstance.py:1361} INFO - Starting attempt 1 of 2
[2023-12-28T16:52:13.373+0000] {taskinstance.py:1382} INFO - Executing <Task(PythonOperator): Create_Table> on 2023-12-20 04:00:00+00:00
[2023-12-28T16:52:13.388+0000] {standard_task_runner.py:57} INFO - Started process 363 to run task
[2023-12-28T16:52:13.399+0000] {standard_task_runner.py:84} INFO - Running: ['***', 'tasks', 'run', 'air_quality', 'Create_Table', 'scheduled__2023-12-20T04:00:00+00:00', '--job-id', '923', '--raw', '--subdir', 'DAGS_FOLDER/airQuality.py', '--cfg-path', '/tmp/tmpytsikj6z']
[2023-12-28T16:52:13.403+0000] {standard_task_runner.py:85} INFO - Job 923: Subtask Create_Table
[2023-12-28T16:52:13.720+0000] {logging_mixin.py:154} INFO - Changing /opt/***/logs/dag_id=air_quality/run_id=scheduled__2023-12-20T04:00:00+00:00/task_id=Create_Table permission to 509
[2023-12-28T16:52:13.722+0000] {logging_mixin.py:154} INFO - Failed to change /opt/***/logs/dag_id=air_quality/run_id=scheduled__2023-12-20T04:00:00+00:00/task_id=Create_Table permission to 509: [Errno 1] Operation not permitted: '/opt/***/logs/dag_id=air_quality/run_id=scheduled__2023-12-20T04:00:00+00:00/task_id=Create_Table'
[2023-12-28T16:52:13.730+0000] {task_command.py:416} INFO - Running <TaskInstance: air_quality.Create_Table scheduled__2023-12-20T04:00:00+00:00 [running]> on host d67dd4682ccf
[2023-12-28T16:52:14.130+0000] {taskinstance.py:1662} INFO - Exporting env vars: AIRFLOW_CTX_DAG_OWNER='ghifari' AIRFLOW_CTX_DAG_ID='air_quality' AIRFLOW_CTX_TASK_ID='Create_Table' AIRFLOW_CTX_EXECUTION_DATE='2023-12-20T04:00:00+00:00' AIRFLOW_CTX_TRY_NUMBER='1' AIRFLOW_CTX_DAG_RUN_ID='scheduled__2023-12-20T04:00:00+00:00'
[2023-12-28T16:52:14.154+0000] {base.py:73} INFO - Using connection ID 'neonServerDB-Postgres' for task execution.
[2023-12-28T16:52:14.436+0000] {airQuality.py:139} INFO - Table air_quality Already Exist
[2023-12-28T16:52:14.524+0000] {python.py:194} INFO - Done. Returned value was: 
        CREATE TABLE air_quality (
            id serial primary key, 
            city varchar(250),
            country varchar(250), 
            unit varchar(20), 
            last_value float8, 
            lat float8,
            lng float8
        )
    
[2023-12-28T16:52:14.600+0000] {taskinstance.py:1400} INFO - Marking task as SUCCESS. dag_id=air_quality, task_id=Create_Table, execution_date=20231220T040000, start_date=20231228T165213, end_date=20231228T165214
[2023-12-28T16:52:14.719+0000] {local_task_job_runner.py:228} INFO - Task exited with return code 0
[2023-12-28T16:52:14.797+0000] {taskinstance.py:2778} INFO - 1 downstream tasks scheduled from follow-on schedule check
[2023-12-28T16:52:45.901+0000] {logging_mixin.py:154} INFO - Changing /opt/***/logs/dag_id=air_quality/run_id=scheduled__2023-12-20T04:00:00+00:00/task_id=Create_Table permission to 509
[2023-12-28T16:52:45.904+0000] {logging_mixin.py:154} INFO - Failed to change /opt/***/logs/dag_id=air_quality/run_id=scheduled__2023-12-20T04:00:00+00:00/task_id=Create_Table permission to 509: [Errno 1] Operation not permitted: '/opt/***/logs/dag_id=air_quality/run_id=scheduled__2023-12-20T04:00:00+00:00/task_id=Create_Table'
[2023-12-28T16:52:46.029+0000] {logging_mixin.py:154} INFO - Changing /opt/***/logs/dag_id=air_quality/run_id=scheduled__2023-12-20T04:00:00+00:00/task_id=Create_Table permission to 509
[2023-12-28T16:52:46.031+0000] {logging_mixin.py:154} INFO - Failed to change /opt/***/logs/dag_id=air_quality/run_id=scheduled__2023-12-20T04:00:00+00:00/task_id=Create_Table permission to 509: [Errno 1] Operation not permitted: '/opt/***/logs/dag_id=air_quality/run_id=scheduled__2023-12-20T04:00:00+00:00/task_id=Create_Table'
[2023-12-28T16:52:46.174+0000] {taskinstance.py:1159} INFO - Dependencies all met for dep_context=non-requeueable deps ti=<TaskInstance: air_quality.Create_Table scheduled__2023-12-20T04:00:00+00:00 [queued]>
[2023-12-28T16:52:46.203+0000] {taskinstance.py:1159} INFO - Dependencies all met for dep_context=requeueable deps ti=<TaskInstance: air_quality.Create_Table scheduled__2023-12-20T04:00:00+00:00 [queued]>
[2023-12-28T16:52:46.205+0000] {taskinstance.py:1361} INFO - Starting attempt 1 of 2
[2023-12-28T16:52:46.249+0000] {taskinstance.py:1382} INFO - Executing <Task(PythonOperator): Create_Table> on 2023-12-20 04:00:00+00:00
[2023-12-28T16:52:46.258+0000] {standard_task_runner.py:57} INFO - Started process 663 to run task
[2023-12-28T16:52:46.287+0000] {standard_task_runner.py:84} INFO - Running: ['***', 'tasks', 'run', 'air_quality', 'Create_Table', 'scheduled__2023-12-20T04:00:00+00:00', '--job-id', '980', '--raw', '--subdir', 'DAGS_FOLDER/airQuality.py', '--cfg-path', '/tmp/tmp4aawv08g']
[2023-12-28T16:52:46.289+0000] {standard_task_runner.py:85} INFO - Job 980: Subtask Create_Table
[2023-12-28T16:52:46.480+0000] {logging_mixin.py:154} INFO - Changing /opt/***/logs/dag_id=air_quality/run_id=scheduled__2023-12-20T04:00:00+00:00/task_id=Create_Table permission to 509
[2023-12-28T16:52:46.481+0000] {logging_mixin.py:154} INFO - Failed to change /opt/***/logs/dag_id=air_quality/run_id=scheduled__2023-12-20T04:00:00+00:00/task_id=Create_Table permission to 509: [Errno 1] Operation not permitted: '/opt/***/logs/dag_id=air_quality/run_id=scheduled__2023-12-20T04:00:00+00:00/task_id=Create_Table'
[2023-12-28T16:52:46.490+0000] {task_command.py:416} INFO - Running <TaskInstance: air_quality.Create_Table scheduled__2023-12-20T04:00:00+00:00 [running]> on host d67dd4682ccf
[2023-12-28T16:52:46.809+0000] {taskinstance.py:1662} INFO - Exporting env vars: AIRFLOW_CTX_DAG_OWNER='ghifari' AIRFLOW_CTX_DAG_ID='air_quality' AIRFLOW_CTX_TASK_ID='Create_Table' AIRFLOW_CTX_EXECUTION_DATE='2023-12-20T04:00:00+00:00' AIRFLOW_CTX_TRY_NUMBER='1' AIRFLOW_CTX_DAG_RUN_ID='scheduled__2023-12-20T04:00:00+00:00'
[2023-12-28T16:52:46.852+0000] {base.py:73} INFO - Using connection ID 'neonServerDB-Postgres' for task execution.
[2023-12-28T16:52:51.057+0000] {airQuality.py:139} INFO - Table air_quality Already Exist
[2023-12-28T16:52:51.082+0000] {python.py:194} INFO - Done. Returned value was: 
        CREATE TABLE air_quality (
            id serial primary key, 
            city varchar(250),
            country varchar(250), 
            unit varchar(20), 
            last_value float8, 
            lat float8,
            lng float8
        )
    
[2023-12-28T16:52:51.112+0000] {taskinstance.py:1400} INFO - Marking task as SUCCESS. dag_id=air_quality, task_id=Create_Table, execution_date=20231220T040000, start_date=20231228T165246, end_date=20231228T165251
[2023-12-28T16:52:51.165+0000] {local_task_job_runner.py:228} INFO - Task exited with return code 0
[2023-12-28T16:52:51.219+0000] {taskinstance.py:2778} INFO - 1 downstream tasks scheduled from follow-on schedule check
[2023-12-28T16:55:12.918+0000] {logging_mixin.py:154} INFO - Changing /opt/***/logs/dag_id=air_quality/run_id=scheduled__2023-12-20T04:00:00+00:00/task_id=Create_Table permission to 509
[2023-12-28T16:55:12.922+0000] {logging_mixin.py:154} INFO - Failed to change /opt/***/logs/dag_id=air_quality/run_id=scheduled__2023-12-20T04:00:00+00:00/task_id=Create_Table permission to 509: [Errno 1] Operation not permitted: '/opt/***/logs/dag_id=air_quality/run_id=scheduled__2023-12-20T04:00:00+00:00/task_id=Create_Table'
[2023-12-28T16:55:13.067+0000] {logging_mixin.py:154} INFO - Changing /opt/***/logs/dag_id=air_quality/run_id=scheduled__2023-12-20T04:00:00+00:00/task_id=Create_Table permission to 509
[2023-12-28T16:55:13.073+0000] {logging_mixin.py:154} INFO - Failed to change /opt/***/logs/dag_id=air_quality/run_id=scheduled__2023-12-20T04:00:00+00:00/task_id=Create_Table permission to 509: [Errno 1] Operation not permitted: '/opt/***/logs/dag_id=air_quality/run_id=scheduled__2023-12-20T04:00:00+00:00/task_id=Create_Table'
[2023-12-28T16:55:13.329+0000] {taskinstance.py:1159} INFO - Dependencies all met for dep_context=non-requeueable deps ti=<TaskInstance: air_quality.Create_Table scheduled__2023-12-20T04:00:00+00:00 [queued]>
[2023-12-28T16:55:13.389+0000] {taskinstance.py:1159} INFO - Dependencies all met for dep_context=requeueable deps ti=<TaskInstance: air_quality.Create_Table scheduled__2023-12-20T04:00:00+00:00 [queued]>
[2023-12-28T16:55:13.391+0000] {taskinstance.py:1361} INFO - Starting attempt 1 of 2
[2023-12-28T16:55:13.443+0000] {taskinstance.py:1382} INFO - Executing <Task(PythonOperator): Create_Table> on 2023-12-20 04:00:00+00:00
[2023-12-28T16:55:13.474+0000] {standard_task_runner.py:57} INFO - Started process 1328 to run task
[2023-12-28T16:55:13.484+0000] {standard_task_runner.py:84} INFO - Running: ['***', 'tasks', 'run', 'air_quality', 'Create_Table', 'scheduled__2023-12-20T04:00:00+00:00', '--job-id', '1159', '--raw', '--subdir', 'DAGS_FOLDER/airQuality.py', '--cfg-path', '/tmp/tmpnm49jng3']
[2023-12-28T16:55:13.495+0000] {standard_task_runner.py:85} INFO - Job 1159: Subtask Create_Table
[2023-12-28T16:55:13.697+0000] {logging_mixin.py:154} INFO - Changing /opt/***/logs/dag_id=air_quality/run_id=scheduled__2023-12-20T04:00:00+00:00/task_id=Create_Table permission to 509
[2023-12-28T16:55:13.700+0000] {logging_mixin.py:154} INFO - Failed to change /opt/***/logs/dag_id=air_quality/run_id=scheduled__2023-12-20T04:00:00+00:00/task_id=Create_Table permission to 509: [Errno 1] Operation not permitted: '/opt/***/logs/dag_id=air_quality/run_id=scheduled__2023-12-20T04:00:00+00:00/task_id=Create_Table'
[2023-12-28T16:55:13.707+0000] {task_command.py:416} INFO - Running <TaskInstance: air_quality.Create_Table scheduled__2023-12-20T04:00:00+00:00 [running]> on host d67dd4682ccf
[2023-12-28T16:55:14.134+0000] {taskinstance.py:1662} INFO - Exporting env vars: AIRFLOW_CTX_DAG_OWNER='ghifari' AIRFLOW_CTX_DAG_ID='air_quality' AIRFLOW_CTX_TASK_ID='Create_Table' AIRFLOW_CTX_EXECUTION_DATE='2023-12-20T04:00:00+00:00' AIRFLOW_CTX_TRY_NUMBER='1' AIRFLOW_CTX_DAG_RUN_ID='scheduled__2023-12-20T04:00:00+00:00'
[2023-12-28T16:55:14.170+0000] {base.py:73} INFO - Using connection ID 'neonServerDB-Postgres' for task execution.
[2023-12-28T16:55:14.460+0000] {airQuality.py:139} INFO - Table air_quality Already Exist
[2023-12-28T16:55:14.552+0000] {python.py:194} INFO - Done. Returned value was: 
        CREATE TABLE air_quality (
            id serial primary key, 
            city varchar(250),
            country varchar(250), 
            unit varchar(20), 
            last_value float8, 
            lat float8,
            lng float8
        )
    
[2023-12-28T16:55:14.739+0000] {taskinstance.py:1400} INFO - Marking task as SUCCESS. dag_id=air_quality, task_id=Create_Table, execution_date=20231220T040000, start_date=20231228T165513, end_date=20231228T165514
[2023-12-28T16:55:14.854+0000] {local_task_job_runner.py:228} INFO - Task exited with return code 0
[2023-12-28T16:55:15.034+0000] {taskinstance.py:2778} INFO - 1 downstream tasks scheduled from follow-on schedule check
