[2023-12-17T11:19:03.238+0000] {logging_mixin.py:154} INFO - Changing /opt/***/logs/dag_id=air_quality/run_id=scheduled__2023-12-09T04:00:00+00:00/task_id=Check_Response permission to 509
[2023-12-17T11:19:03.240+0000] {logging_mixin.py:154} INFO - Failed to change /opt/***/logs/dag_id=air_quality/run_id=scheduled__2023-12-09T04:00:00+00:00/task_id=Check_Response permission to 509: [Errno 1] Operation not permitted: '/opt/***/logs/dag_id=air_quality/run_id=scheduled__2023-12-09T04:00:00+00:00/task_id=Check_Response'
[2023-12-17T11:19:03.341+0000] {logging_mixin.py:154} INFO - Changing /opt/***/logs/dag_id=air_quality/run_id=scheduled__2023-12-09T04:00:00+00:00/task_id=Check_Response permission to 509
[2023-12-17T11:19:03.342+0000] {logging_mixin.py:154} INFO - Failed to change /opt/***/logs/dag_id=air_quality/run_id=scheduled__2023-12-09T04:00:00+00:00/task_id=Check_Response permission to 509: [Errno 1] Operation not permitted: '/opt/***/logs/dag_id=air_quality/run_id=scheduled__2023-12-09T04:00:00+00:00/task_id=Check_Response'
[2023-12-17T11:19:03.445+0000] {taskinstance.py:1159} INFO - Dependencies all met for dep_context=non-requeueable deps ti=<TaskInstance: air_quality.Check_Response scheduled__2023-12-09T04:00:00+00:00 [queued]>
[2023-12-17T11:19:03.475+0000] {taskinstance.py:1159} INFO - Dependencies all met for dep_context=requeueable deps ti=<TaskInstance: air_quality.Check_Response scheduled__2023-12-09T04:00:00+00:00 [queued]>
[2023-12-17T11:19:03.477+0000] {taskinstance.py:1361} INFO - Starting attempt 1 of 2
[2023-12-17T11:19:03.514+0000] {taskinstance.py:1382} INFO - Executing <Task(BranchPythonOperator): Check_Response> on 2023-12-09 04:00:00+00:00
[2023-12-17T11:19:03.521+0000] {standard_task_runner.py:57} INFO - Started process 2399 to run task
[2023-12-17T11:19:03.534+0000] {standard_task_runner.py:84} INFO - Running: ['***', 'tasks', 'run', 'air_quality', 'Check_Response', 'scheduled__2023-12-09T04:00:00+00:00', '--job-id', '387', '--raw', '--subdir', 'DAGS_FOLDER/airQuality.py', '--cfg-path', '/tmp/tmpi89idv52']
[2023-12-17T11:19:03.537+0000] {standard_task_runner.py:85} INFO - Job 387: Subtask Check_Response
[2023-12-17T11:19:03.768+0000] {logging_mixin.py:154} INFO - Changing /opt/***/logs/dag_id=air_quality/run_id=scheduled__2023-12-09T04:00:00+00:00/task_id=Check_Response permission to 509
[2023-12-17T11:19:03.769+0000] {logging_mixin.py:154} INFO - Failed to change /opt/***/logs/dag_id=air_quality/run_id=scheduled__2023-12-09T04:00:00+00:00/task_id=Check_Response permission to 509: [Errno 1] Operation not permitted: '/opt/***/logs/dag_id=air_quality/run_id=scheduled__2023-12-09T04:00:00+00:00/task_id=Check_Response'
[2023-12-17T11:19:03.773+0000] {task_command.py:416} INFO - Running <TaskInstance: air_quality.Check_Response scheduled__2023-12-09T04:00:00+00:00 [running]> on host 1a58977f5573
[2023-12-17T11:19:04.019+0000] {taskinstance.py:1662} INFO - Exporting env vars: AIRFLOW_CTX_DAG_OWNER='ghifari' AIRFLOW_CTX_DAG_ID='air_quality' AIRFLOW_CTX_TASK_ID='Check_Response' AIRFLOW_CTX_EXECUTION_DATE='2023-12-09T04:00:00+00:00' AIRFLOW_CTX_TRY_NUMBER='1' AIRFLOW_CTX_DAG_RUN_ID='scheduled__2023-12-09T04:00:00+00:00'
[2023-12-17T11:19:04.070+0000] {airQuality.py:112} INFO - Data Found: {'city': ['Jakarta'], 'country': ['ID'], 'unit': ['o3'], 'last_value': [-0.999], 'lat': [-6.182536], 'lng': [106.834236]}
[2023-12-17T11:19:04.077+0000] {python.py:194} INFO - Done. Returned value was: Transform
[2023-12-17T11:19:04.081+0000] {python.py:227} INFO - Branch callable return Transform
[2023-12-17T11:19:04.082+0000] {skipmixin.py:173} INFO - Following branch Transform
[2023-12-17T11:19:04.124+0000] {skipmixin.py:239} INFO - Skipping tasks [('Error_Response', -1)]
[2023-12-17T11:19:04.286+0000] {taskinstance.py:1400} INFO - Marking task as SUCCESS. dag_id=air_quality, task_id=Check_Response, execution_date=20231209T040000, start_date=20231217T111903, end_date=20231217T111904
[2023-12-17T11:19:04.326+0000] {local_task_job_runner.py:228} INFO - Task exited with return code 0
[2023-12-17T11:19:04.426+0000] {taskinstance.py:2778} INFO - 1 downstream tasks scheduled from follow-on schedule check
[2023-12-17T12:18:11.233+0000] {logging_mixin.py:154} INFO - Changing /opt/***/logs/dag_id=air_quality/run_id=scheduled__2023-12-09T04:00:00+00:00/task_id=Check_Response permission to 509
[2023-12-17T12:18:11.244+0000] {logging_mixin.py:154} INFO - Failed to change /opt/***/logs/dag_id=air_quality/run_id=scheduled__2023-12-09T04:00:00+00:00/task_id=Check_Response permission to 509: [Errno 1] Operation not permitted: '/opt/***/logs/dag_id=air_quality/run_id=scheduled__2023-12-09T04:00:00+00:00/task_id=Check_Response'
[2023-12-17T12:18:11.368+0000] {logging_mixin.py:154} INFO - Changing /opt/***/logs/dag_id=air_quality/run_id=scheduled__2023-12-09T04:00:00+00:00/task_id=Check_Response permission to 509
[2023-12-17T12:18:11.369+0000] {logging_mixin.py:154} INFO - Failed to change /opt/***/logs/dag_id=air_quality/run_id=scheduled__2023-12-09T04:00:00+00:00/task_id=Check_Response permission to 509: [Errno 1] Operation not permitted: '/opt/***/logs/dag_id=air_quality/run_id=scheduled__2023-12-09T04:00:00+00:00/task_id=Check_Response'
[2023-12-17T12:18:11.477+0000] {taskinstance.py:1159} INFO - Dependencies all met for dep_context=non-requeueable deps ti=<TaskInstance: air_quality.Check_Response scheduled__2023-12-09T04:00:00+00:00 [queued]>
[2023-12-17T12:18:11.536+0000] {taskinstance.py:1159} INFO - Dependencies all met for dep_context=requeueable deps ti=<TaskInstance: air_quality.Check_Response scheduled__2023-12-09T04:00:00+00:00 [queued]>
[2023-12-17T12:18:11.538+0000] {taskinstance.py:1361} INFO - Starting attempt 1 of 2
[2023-12-17T12:18:11.577+0000] {taskinstance.py:1382} INFO - Executing <Task(BranchPythonOperator): Check_Response> on 2023-12-09 04:00:00+00:00
[2023-12-17T12:18:11.584+0000] {standard_task_runner.py:57} INFO - Started process 4096 to run task
[2023-12-17T12:18:11.604+0000] {standard_task_runner.py:84} INFO - Running: ['***', 'tasks', 'run', 'air_quality', 'Check_Response', 'scheduled__2023-12-09T04:00:00+00:00', '--job-id', '596', '--raw', '--subdir', 'DAGS_FOLDER/airQuality.py', '--cfg-path', '/tmp/tmpkzc___gc']
[2023-12-17T12:18:11.606+0000] {standard_task_runner.py:85} INFO - Job 596: Subtask Check_Response
[2023-12-17T12:18:11.813+0000] {logging_mixin.py:154} INFO - Changing /opt/***/logs/dag_id=air_quality/run_id=scheduled__2023-12-09T04:00:00+00:00/task_id=Check_Response permission to 509
[2023-12-17T12:18:11.818+0000] {logging_mixin.py:154} INFO - Failed to change /opt/***/logs/dag_id=air_quality/run_id=scheduled__2023-12-09T04:00:00+00:00/task_id=Check_Response permission to 509: [Errno 1] Operation not permitted: '/opt/***/logs/dag_id=air_quality/run_id=scheduled__2023-12-09T04:00:00+00:00/task_id=Check_Response'
[2023-12-17T12:18:11.857+0000] {task_command.py:416} INFO - Running <TaskInstance: air_quality.Check_Response scheduled__2023-12-09T04:00:00+00:00 [running]> on host 1a58977f5573
[2023-12-17T12:18:12.301+0000] {taskinstance.py:1662} INFO - Exporting env vars: AIRFLOW_CTX_DAG_OWNER='ghifari' AIRFLOW_CTX_DAG_ID='air_quality' AIRFLOW_CTX_TASK_ID='Check_Response' AIRFLOW_CTX_EXECUTION_DATE='2023-12-09T04:00:00+00:00' AIRFLOW_CTX_TRY_NUMBER='1' AIRFLOW_CTX_DAG_RUN_ID='scheduled__2023-12-09T04:00:00+00:00'
[2023-12-17T12:18:12.384+0000] {airQuality.py:112} INFO - Data Found: {'city': ['Jakarta'], 'country': ['ID'], 'unit': ['pm25'], 'last_value': [-999.0], 'lat': [-6.182536], 'lng': [106.834236]}
[2023-12-17T12:18:12.392+0000] {python.py:194} INFO - Done. Returned value was: Transform
[2023-12-17T12:18:12.399+0000] {python.py:227} INFO - Branch callable return Transform
[2023-12-17T12:18:12.401+0000] {skipmixin.py:173} INFO - Following branch Transform
[2023-12-17T12:18:12.559+0000] {skipmixin.py:239} INFO - Skipping tasks [('Error_Response', -1)]
[2023-12-17T12:18:12.861+0000] {taskinstance.py:1400} INFO - Marking task as SUCCESS. dag_id=air_quality, task_id=Check_Response, execution_date=20231209T040000, start_date=20231217T121811, end_date=20231217T121812
[2023-12-17T12:18:13.262+0000] {local_task_job_runner.py:228} INFO - Task exited with return code 0
[2023-12-17T12:18:13.410+0000] {taskinstance.py:2778} INFO - 1 downstream tasks scheduled from follow-on schedule check
[2023-12-17T12:18:48.144+0000] {logging_mixin.py:154} INFO - Changing /opt/***/logs/dag_id=air_quality/run_id=scheduled__2023-12-09T04:00:00+00:00/task_id=Check_Response permission to 509
[2023-12-17T12:18:48.146+0000] {logging_mixin.py:154} INFO - Failed to change /opt/***/logs/dag_id=air_quality/run_id=scheduled__2023-12-09T04:00:00+00:00/task_id=Check_Response permission to 509: [Errno 1] Operation not permitted: '/opt/***/logs/dag_id=air_quality/run_id=scheduled__2023-12-09T04:00:00+00:00/task_id=Check_Response'
[2023-12-17T12:18:48.196+0000] {logging_mixin.py:154} INFO - Changing /opt/***/logs/dag_id=air_quality/run_id=scheduled__2023-12-09T04:00:00+00:00/task_id=Check_Response permission to 509
[2023-12-17T12:18:48.197+0000] {logging_mixin.py:154} INFO - Failed to change /opt/***/logs/dag_id=air_quality/run_id=scheduled__2023-12-09T04:00:00+00:00/task_id=Check_Response permission to 509: [Errno 1] Operation not permitted: '/opt/***/logs/dag_id=air_quality/run_id=scheduled__2023-12-09T04:00:00+00:00/task_id=Check_Response'
[2023-12-17T12:18:48.254+0000] {taskinstance.py:1159} INFO - Dependencies all met for dep_context=non-requeueable deps ti=<TaskInstance: air_quality.Check_Response scheduled__2023-12-09T04:00:00+00:00 [queued]>
[2023-12-17T12:18:48.276+0000] {taskinstance.py:1159} INFO - Dependencies all met for dep_context=requeueable deps ti=<TaskInstance: air_quality.Check_Response scheduled__2023-12-09T04:00:00+00:00 [queued]>
[2023-12-17T12:18:48.277+0000] {taskinstance.py:1361} INFO - Starting attempt 1 of 2
[2023-12-17T12:18:48.303+0000] {taskinstance.py:1382} INFO - Executing <Task(BranchPythonOperator): Check_Response> on 2023-12-09 04:00:00+00:00
[2023-12-17T12:18:48.309+0000] {standard_task_runner.py:57} INFO - Started process 4444 to run task
[2023-12-17T12:18:48.314+0000] {standard_task_runner.py:84} INFO - Running: ['***', 'tasks', 'run', 'air_quality', 'Check_Response', 'scheduled__2023-12-09T04:00:00+00:00', '--job-id', '673', '--raw', '--subdir', 'DAGS_FOLDER/airQuality.py', '--cfg-path', '/tmp/tmpbb9j3dyt']
[2023-12-17T12:18:48.316+0000] {standard_task_runner.py:85} INFO - Job 673: Subtask Check_Response
[2023-12-17T12:18:48.404+0000] {logging_mixin.py:154} INFO - Changing /opt/***/logs/dag_id=air_quality/run_id=scheduled__2023-12-09T04:00:00+00:00/task_id=Check_Response permission to 509
[2023-12-17T12:18:48.408+0000] {logging_mixin.py:154} INFO - Failed to change /opt/***/logs/dag_id=air_quality/run_id=scheduled__2023-12-09T04:00:00+00:00/task_id=Check_Response permission to 509: [Errno 1] Operation not permitted: '/opt/***/logs/dag_id=air_quality/run_id=scheduled__2023-12-09T04:00:00+00:00/task_id=Check_Response'
[2023-12-17T12:18:48.411+0000] {task_command.py:416} INFO - Running <TaskInstance: air_quality.Check_Response scheduled__2023-12-09T04:00:00+00:00 [running]> on host 1a58977f5573
[2023-12-17T12:18:48.576+0000] {taskinstance.py:1662} INFO - Exporting env vars: AIRFLOW_CTX_DAG_OWNER='ghifari' AIRFLOW_CTX_DAG_ID='air_quality' AIRFLOW_CTX_TASK_ID='Check_Response' AIRFLOW_CTX_EXECUTION_DATE='2023-12-09T04:00:00+00:00' AIRFLOW_CTX_TRY_NUMBER='1' AIRFLOW_CTX_DAG_RUN_ID='scheduled__2023-12-09T04:00:00+00:00'
[2023-12-17T12:18:48.600+0000] {airQuality.py:112} INFO - Data Found: {'city': ['Jakarta'], 'country': ['ID'], 'unit': ['pm25'], 'last_value': [-999.0], 'lat': [-6.182536], 'lng': [106.834236]}
[2023-12-17T12:18:48.601+0000] {python.py:194} INFO - Done. Returned value was: Transform
[2023-12-17T12:18:48.602+0000] {python.py:227} INFO - Branch callable return Transform
[2023-12-17T12:18:48.602+0000] {skipmixin.py:173} INFO - Following branch Transform
[2023-12-17T12:18:48.634+0000] {skipmixin.py:239} INFO - Skipping tasks [('Error_Response', -1)]
[2023-12-17T12:18:48.725+0000] {taskinstance.py:1400} INFO - Marking task as SUCCESS. dag_id=air_quality, task_id=Check_Response, execution_date=20231209T040000, start_date=20231217T121848, end_date=20231217T121848
[2023-12-17T12:18:48.769+0000] {local_task_job_runner.py:228} INFO - Task exited with return code 0
[2023-12-17T12:18:48.832+0000] {taskinstance.py:2778} INFO - 1 downstream tasks scheduled from follow-on schedule check
[2023-12-28T16:51:43.553+0000] {logging_mixin.py:154} INFO - Changing /opt/***/logs/dag_id=air_quality/run_id=scheduled__2023-12-09T04:00:00+00:00/task_id=Check_Response permission to 509
[2023-12-28T16:51:43.557+0000] {logging_mixin.py:154} INFO - Failed to change /opt/***/logs/dag_id=air_quality/run_id=scheduled__2023-12-09T04:00:00+00:00/task_id=Check_Response permission to 509: [Errno 1] Operation not permitted: '/opt/***/logs/dag_id=air_quality/run_id=scheduled__2023-12-09T04:00:00+00:00/task_id=Check_Response'
[2023-12-28T16:51:43.636+0000] {logging_mixin.py:154} INFO - Changing /opt/***/logs/dag_id=air_quality/run_id=scheduled__2023-12-09T04:00:00+00:00/task_id=Check_Response permission to 509
[2023-12-28T16:51:43.638+0000] {logging_mixin.py:154} INFO - Failed to change /opt/***/logs/dag_id=air_quality/run_id=scheduled__2023-12-09T04:00:00+00:00/task_id=Check_Response permission to 509: [Errno 1] Operation not permitted: '/opt/***/logs/dag_id=air_quality/run_id=scheduled__2023-12-09T04:00:00+00:00/task_id=Check_Response'
[2023-12-28T16:51:43.755+0000] {taskinstance.py:1159} INFO - Dependencies all met for dep_context=non-requeueable deps ti=<TaskInstance: air_quality.Check_Response scheduled__2023-12-09T04:00:00+00:00 [queued]>
[2023-12-28T16:51:43.782+0000] {taskinstance.py:1159} INFO - Dependencies all met for dep_context=requeueable deps ti=<TaskInstance: air_quality.Check_Response scheduled__2023-12-09T04:00:00+00:00 [queued]>
[2023-12-28T16:51:43.785+0000] {taskinstance.py:1361} INFO - Starting attempt 1 of 2
[2023-12-28T16:51:43.824+0000] {taskinstance.py:1382} INFO - Executing <Task(BranchPythonOperator): Check_Response> on 2023-12-09 04:00:00+00:00
[2023-12-28T16:51:43.837+0000] {standard_task_runner.py:57} INFO - Started process 192 to run task
[2023-12-28T16:51:43.849+0000] {standard_task_runner.py:84} INFO - Running: ['***', 'tasks', 'run', 'air_quality', 'Check_Response', 'scheduled__2023-12-09T04:00:00+00:00', '--job-id', '848', '--raw', '--subdir', 'DAGS_FOLDER/airQuality.py', '--cfg-path', '/tmp/tmpztki9um1']
[2023-12-28T16:51:43.852+0000] {standard_task_runner.py:85} INFO - Job 848: Subtask Check_Response
[2023-12-28T16:51:44.000+0000] {logging_mixin.py:154} INFO - Changing /opt/***/logs/dag_id=air_quality/run_id=scheduled__2023-12-09T04:00:00+00:00/task_id=Check_Response permission to 509
[2023-12-28T16:51:44.004+0000] {logging_mixin.py:154} INFO - Failed to change /opt/***/logs/dag_id=air_quality/run_id=scheduled__2023-12-09T04:00:00+00:00/task_id=Check_Response permission to 509: [Errno 1] Operation not permitted: '/opt/***/logs/dag_id=air_quality/run_id=scheduled__2023-12-09T04:00:00+00:00/task_id=Check_Response'
[2023-12-28T16:51:44.009+0000] {task_command.py:416} INFO - Running <TaskInstance: air_quality.Check_Response scheduled__2023-12-09T04:00:00+00:00 [running]> on host d67dd4682ccf
[2023-12-28T16:51:44.337+0000] {taskinstance.py:1662} INFO - Exporting env vars: AIRFLOW_CTX_DAG_OWNER='ghifari' AIRFLOW_CTX_DAG_ID='air_quality' AIRFLOW_CTX_TASK_ID='Check_Response' AIRFLOW_CTX_EXECUTION_DATE='2023-12-09T04:00:00+00:00' AIRFLOW_CTX_TRY_NUMBER='1' AIRFLOW_CTX_DAG_RUN_ID='scheduled__2023-12-09T04:00:00+00:00'
[2023-12-28T16:51:44.366+0000] {airQuality.py:90} INFO - Data Found: {'city': ['Jakarta'], 'country': ['ID'], 'unit': ['o3'], 'last_value': [-0.999], 'lat': [-6.182536], 'lng': [106.834236]}
[2023-12-28T16:51:44.368+0000] {python.py:194} INFO - Done. Returned value was: Transform
[2023-12-28T16:51:44.369+0000] {python.py:227} INFO - Branch callable return Transform
[2023-12-28T16:51:44.371+0000] {skipmixin.py:173} INFO - Following branch Transform
[2023-12-28T16:51:44.429+0000] {skipmixin.py:239} INFO - Skipping tasks [('Error_Response', -1)]
[2023-12-28T16:51:44.561+0000] {taskinstance.py:1400} INFO - Marking task as SUCCESS. dag_id=air_quality, task_id=Check_Response, execution_date=20231209T040000, start_date=20231228T165143, end_date=20231228T165144
[2023-12-28T16:51:44.642+0000] {local_task_job_runner.py:228} INFO - Task exited with return code 0
[2023-12-28T16:51:44.846+0000] {taskinstance.py:2778} INFO - 1 downstream tasks scheduled from follow-on schedule check
[2023-12-28T16:54:46.124+0000] {logging_mixin.py:154} INFO - Changing /opt/***/logs/dag_id=air_quality/run_id=scheduled__2023-12-09T04:00:00+00:00/task_id=Check_Response permission to 509
[2023-12-28T16:54:46.127+0000] {logging_mixin.py:154} INFO - Failed to change /opt/***/logs/dag_id=air_quality/run_id=scheduled__2023-12-09T04:00:00+00:00/task_id=Check_Response permission to 509: [Errno 1] Operation not permitted: '/opt/***/logs/dag_id=air_quality/run_id=scheduled__2023-12-09T04:00:00+00:00/task_id=Check_Response'
[2023-12-28T16:54:46.309+0000] {logging_mixin.py:154} INFO - Changing /opt/***/logs/dag_id=air_quality/run_id=scheduled__2023-12-09T04:00:00+00:00/task_id=Check_Response permission to 509
[2023-12-28T16:54:46.312+0000] {logging_mixin.py:154} INFO - Failed to change /opt/***/logs/dag_id=air_quality/run_id=scheduled__2023-12-09T04:00:00+00:00/task_id=Check_Response permission to 509: [Errno 1] Operation not permitted: '/opt/***/logs/dag_id=air_quality/run_id=scheduled__2023-12-09T04:00:00+00:00/task_id=Check_Response'
[2023-12-28T16:54:46.533+0000] {taskinstance.py:1159} INFO - Dependencies all met for dep_context=non-requeueable deps ti=<TaskInstance: air_quality.Check_Response scheduled__2023-12-09T04:00:00+00:00 [queued]>
[2023-12-28T16:54:46.650+0000] {taskinstance.py:1159} INFO - Dependencies all met for dep_context=requeueable deps ti=<TaskInstance: air_quality.Check_Response scheduled__2023-12-09T04:00:00+00:00 [queued]>
[2023-12-28T16:54:46.654+0000] {taskinstance.py:1361} INFO - Starting attempt 1 of 2
[2023-12-28T16:54:46.735+0000] {taskinstance.py:1382} INFO - Executing <Task(BranchPythonOperator): Check_Response> on 2023-12-09 04:00:00+00:00
[2023-12-28T16:54:46.752+0000] {standard_task_runner.py:57} INFO - Started process 1191 to run task
[2023-12-28T16:54:46.761+0000] {standard_task_runner.py:84} INFO - Running: ['***', 'tasks', 'run', 'air_quality', 'Check_Response', 'scheduled__2023-12-09T04:00:00+00:00', '--job-id', '1102', '--raw', '--subdir', 'DAGS_FOLDER/airQuality.py', '--cfg-path', '/tmp/tmpc73f2wn5']
[2023-12-28T16:54:46.765+0000] {standard_task_runner.py:85} INFO - Job 1102: Subtask Check_Response
[2023-12-28T16:54:46.991+0000] {logging_mixin.py:154} INFO - Changing /opt/***/logs/dag_id=air_quality/run_id=scheduled__2023-12-09T04:00:00+00:00/task_id=Check_Response permission to 509
[2023-12-28T16:54:46.993+0000] {logging_mixin.py:154} INFO - Failed to change /opt/***/logs/dag_id=air_quality/run_id=scheduled__2023-12-09T04:00:00+00:00/task_id=Check_Response permission to 509: [Errno 1] Operation not permitted: '/opt/***/logs/dag_id=air_quality/run_id=scheduled__2023-12-09T04:00:00+00:00/task_id=Check_Response'
[2023-12-28T16:54:47.014+0000] {task_command.py:416} INFO - Running <TaskInstance: air_quality.Check_Response scheduled__2023-12-09T04:00:00+00:00 [running]> on host d67dd4682ccf
[2023-12-28T16:54:47.419+0000] {taskinstance.py:1662} INFO - Exporting env vars: AIRFLOW_CTX_DAG_OWNER='ghifari' AIRFLOW_CTX_DAG_ID='air_quality' AIRFLOW_CTX_TASK_ID='Check_Response' AIRFLOW_CTX_EXECUTION_DATE='2023-12-09T04:00:00+00:00' AIRFLOW_CTX_TRY_NUMBER='1' AIRFLOW_CTX_DAG_RUN_ID='scheduled__2023-12-09T04:00:00+00:00'
[2023-12-28T16:54:47.460+0000] {airQuality.py:90} INFO - Data Found: {'city': ['Jakarta'], 'country': ['ID'], 'unit': ['o3'], 'last_value': [-0.999], 'lat': [-6.182536], 'lng': [106.834236]}
[2023-12-28T16:54:47.461+0000] {python.py:194} INFO - Done. Returned value was: Transform
[2023-12-28T16:54:47.463+0000] {python.py:227} INFO - Branch callable return Transform
[2023-12-28T16:54:47.464+0000] {skipmixin.py:173} INFO - Following branch Transform
[2023-12-28T16:54:47.513+0000] {skipmixin.py:239} INFO - Skipping tasks [('Error_Response', -1)]
[2023-12-28T16:54:47.726+0000] {taskinstance.py:1400} INFO - Marking task as SUCCESS. dag_id=air_quality, task_id=Check_Response, execution_date=20231209T040000, start_date=20231228T165446, end_date=20231228T165447
[2023-12-28T16:54:47.819+0000] {local_task_job_runner.py:228} INFO - Task exited with return code 0
[2023-12-28T16:54:48.012+0000] {taskinstance.py:2778} INFO - 0 downstream tasks scheduled from follow-on schedule check
