[2023-12-15T17:27:20.594+0000] {logging_mixin.py:154} INFO - Changing /opt/***/logs/dag_id=air_quality/run_id=manual__2023-12-15T17:27:16.622649+00:00/task_id=Transform permission to 509
[2023-12-15T17:27:20.597+0000] {logging_mixin.py:154} INFO - Failed to change /opt/***/logs/dag_id=air_quality/run_id=manual__2023-12-15T17:27:16.622649+00:00/task_id=Transform permission to 509: [Errno 1] Operation not permitted: '/opt/***/logs/dag_id=air_quality/run_id=manual__2023-12-15T17:27:16.622649+00:00/task_id=Transform'
[2023-12-15T17:27:20.648+0000] {logging_mixin.py:154} INFO - Changing /opt/***/logs/dag_id=air_quality/run_id=manual__2023-12-15T17:27:16.622649+00:00/task_id=Transform permission to 509
[2023-12-15T17:27:20.649+0000] {logging_mixin.py:154} INFO - Failed to change /opt/***/logs/dag_id=air_quality/run_id=manual__2023-12-15T17:27:16.622649+00:00/task_id=Transform permission to 509: [Errno 1] Operation not permitted: '/opt/***/logs/dag_id=air_quality/run_id=manual__2023-12-15T17:27:16.622649+00:00/task_id=Transform'
[2023-12-15T17:27:20.698+0000] {taskinstance.py:1159} INFO - Dependencies all met for dep_context=non-requeueable deps ti=<TaskInstance: air_quality.Transform manual__2023-12-15T17:27:16.622649+00:00 [queued]>
[2023-12-15T17:27:20.713+0000] {taskinstance.py:1159} INFO - Dependencies all met for dep_context=requeueable deps ti=<TaskInstance: air_quality.Transform manual__2023-12-15T17:27:16.622649+00:00 [queued]>
[2023-12-15T17:27:20.714+0000] {taskinstance.py:1361} INFO - Starting attempt 1 of 2
[2023-12-15T17:27:20.731+0000] {taskinstance.py:1382} INFO - Executing <Task(PythonOperator): Transform> on 2023-12-15 17:27:16.622649+00:00
[2023-12-15T17:27:20.736+0000] {standard_task_runner.py:57} INFO - Started process 1103 to run task
[2023-12-15T17:27:20.739+0000] {standard_task_runner.py:84} INFO - Running: ['***', 'tasks', 'run', 'air_quality', 'Transform', 'manual__2023-12-15T17:27:16.622649+00:00', '--job-id', '81', '--raw', '--subdir', 'DAGS_FOLDER/airQuality.py', '--cfg-path', '/tmp/tmp1v7cv5pq']
[2023-12-15T17:27:20.740+0000] {standard_task_runner.py:85} INFO - Job 81: Subtask Transform
[2023-12-15T17:27:20.794+0000] {logging_mixin.py:154} INFO - Changing /opt/***/logs/dag_id=air_quality/run_id=manual__2023-12-15T17:27:16.622649+00:00/task_id=Transform permission to 509
[2023-12-15T17:27:20.795+0000] {logging_mixin.py:154} INFO - Failed to change /opt/***/logs/dag_id=air_quality/run_id=manual__2023-12-15T17:27:16.622649+00:00/task_id=Transform permission to 509: [Errno 1] Operation not permitted: '/opt/***/logs/dag_id=air_quality/run_id=manual__2023-12-15T17:27:16.622649+00:00/task_id=Transform'
[2023-12-15T17:27:20.797+0000] {task_command.py:416} INFO - Running <TaskInstance: air_quality.Transform manual__2023-12-15T17:27:16.622649+00:00 [running]> on host d739bc9bef06
[2023-12-15T17:27:20.912+0000] {taskinstance.py:1662} INFO - Exporting env vars: AIRFLOW_CTX_DAG_OWNER='ghifari' AIRFLOW_CTX_DAG_ID='air_quality' AIRFLOW_CTX_TASK_ID='Transform' AIRFLOW_CTX_EXECUTION_DATE='2023-12-15T17:27:16.622649+00:00' AIRFLOW_CTX_TRY_NUMBER='1' AIRFLOW_CTX_DAG_RUN_ID='manual__2023-12-15T17:27:16.622649+00:00'
[2023-12-15T17:27:21.444+0000] {python.py:194} INFO - Done. Returned value was:       city country  unit  last_value       lat         lng
0  Jakarta      ID  pm25      -999.0 -6.182536  106.834236
[2023-12-15T17:27:21.482+0000] {taskinstance.py:1400} INFO - Marking task as SUCCESS. dag_id=air_quality, task_id=Transform, execution_date=20231215T172716, start_date=20231215T172720, end_date=20231215T172721
[2023-12-15T17:27:21.514+0000] {local_task_job_runner.py:228} INFO - Task exited with return code 0
[2023-12-15T17:27:21.540+0000] {taskinstance.py:2778} INFO - 0 downstream tasks scheduled from follow-on schedule check
