[2023-12-28T16:08:41.763+0000] {logging_mixin.py:154} INFO - Changing /opt/***/logs/dag_id=air_quality/run_id=scheduled__2023-12-17T04:00:00+00:00/task_id=Extract permission to 509
[2023-12-28T16:08:41.765+0000] {logging_mixin.py:154} INFO - Failed to change /opt/***/logs/dag_id=air_quality/run_id=scheduled__2023-12-17T04:00:00+00:00/task_id=Extract permission to 509: [Errno 1] Operation not permitted: '/opt/***/logs/dag_id=air_quality/run_id=scheduled__2023-12-17T04:00:00+00:00/task_id=Extract'
[2023-12-28T16:08:41.830+0000] {logging_mixin.py:154} INFO - Changing /opt/***/logs/dag_id=air_quality/run_id=scheduled__2023-12-17T04:00:00+00:00/task_id=Extract permission to 509
[2023-12-28T16:08:41.831+0000] {logging_mixin.py:154} INFO - Failed to change /opt/***/logs/dag_id=air_quality/run_id=scheduled__2023-12-17T04:00:00+00:00/task_id=Extract permission to 509: [Errno 1] Operation not permitted: '/opt/***/logs/dag_id=air_quality/run_id=scheduled__2023-12-17T04:00:00+00:00/task_id=Extract'
[2023-12-28T16:08:41.891+0000] {taskinstance.py:1159} INFO - Dependencies all met for dep_context=non-requeueable deps ti=<TaskInstance: air_quality.Extract scheduled__2023-12-17T04:00:00+00:00 [queued]>
[2023-12-28T16:08:41.905+0000] {taskinstance.py:1159} INFO - Dependencies all met for dep_context=requeueable deps ti=<TaskInstance: air_quality.Extract scheduled__2023-12-17T04:00:00+00:00 [queued]>
[2023-12-28T16:08:41.906+0000] {taskinstance.py:1361} INFO - Starting attempt 1 of 2
[2023-12-28T16:08:41.926+0000] {taskinstance.py:1382} INFO - Executing <Task(PythonOperator): Extract> on 2023-12-17 04:00:00+00:00
[2023-12-28T16:08:41.932+0000] {standard_task_runner.py:57} INFO - Started process 467 to run task
[2023-12-28T16:08:41.936+0000] {standard_task_runner.py:84} INFO - Running: ['***', 'tasks', 'run', 'air_quality', 'Extract', 'scheduled__2023-12-17T04:00:00+00:00', '--job-id', '733', '--raw', '--subdir', 'DAGS_FOLDER/airQuality.py', '--cfg-path', '/tmp/tmp_7_dadi3']
[2023-12-28T16:08:41.938+0000] {standard_task_runner.py:85} INFO - Job 733: Subtask Extract
[2023-12-28T16:08:42.007+0000] {logging_mixin.py:154} INFO - Changing /opt/***/logs/dag_id=air_quality/run_id=scheduled__2023-12-17T04:00:00+00:00/task_id=Extract permission to 509
[2023-12-28T16:08:42.008+0000] {logging_mixin.py:154} INFO - Failed to change /opt/***/logs/dag_id=air_quality/run_id=scheduled__2023-12-17T04:00:00+00:00/task_id=Extract permission to 509: [Errno 1] Operation not permitted: '/opt/***/logs/dag_id=air_quality/run_id=scheduled__2023-12-17T04:00:00+00:00/task_id=Extract'
[2023-12-28T16:08:42.010+0000] {task_command.py:416} INFO - Running <TaskInstance: air_quality.Extract scheduled__2023-12-17T04:00:00+00:00 [running]> on host d67dd4682ccf
[2023-12-28T16:08:42.147+0000] {taskinstance.py:1662} INFO - Exporting env vars: AIRFLOW_CTX_DAG_OWNER='ghifari' AIRFLOW_CTX_DAG_ID='air_quality' AIRFLOW_CTX_TASK_ID='Extract' AIRFLOW_CTX_EXECUTION_DATE='2023-12-17T04:00:00+00:00' AIRFLOW_CTX_TRY_NUMBER='1' AIRFLOW_CTX_DAG_RUN_ID='scheduled__2023-12-17T04:00:00+00:00'
[2023-12-28T16:08:43.226+0000] {python.py:194} INFO - Done. Returned value was: {'city': ['Jakarta'], 'country': ['ID'], 'unit': ['pm25'], 'last_value': [-999.0], 'lat': [-6.182536], 'lng': [106.834236]}
[2023-12-28T16:08:43.286+0000] {taskinstance.py:1400} INFO - Marking task as SUCCESS. dag_id=air_quality, task_id=Extract, execution_date=20231217T040000, start_date=20231228T160841, end_date=20231228T160843
[2023-12-28T16:08:43.358+0000] {local_task_job_runner.py:228} INFO - Task exited with return code 0
[2023-12-28T16:08:43.466+0000] {taskinstance.py:2778} INFO - 1 downstream tasks scheduled from follow-on schedule check
[2023-12-28T16:51:49.037+0000] {logging_mixin.py:154} INFO - Changing /opt/***/logs/dag_id=air_quality/run_id=scheduled__2023-12-17T04:00:00+00:00/task_id=Extract permission to 509
[2023-12-28T16:51:49.040+0000] {logging_mixin.py:154} INFO - Failed to change /opt/***/logs/dag_id=air_quality/run_id=scheduled__2023-12-17T04:00:00+00:00/task_id=Extract permission to 509: [Errno 1] Operation not permitted: '/opt/***/logs/dag_id=air_quality/run_id=scheduled__2023-12-17T04:00:00+00:00/task_id=Extract'
[2023-12-28T16:51:49.181+0000] {logging_mixin.py:154} INFO - Changing /opt/***/logs/dag_id=air_quality/run_id=scheduled__2023-12-17T04:00:00+00:00/task_id=Extract permission to 509
[2023-12-28T16:51:49.184+0000] {logging_mixin.py:154} INFO - Failed to change /opt/***/logs/dag_id=air_quality/run_id=scheduled__2023-12-17T04:00:00+00:00/task_id=Extract permission to 509: [Errno 1] Operation not permitted: '/opt/***/logs/dag_id=air_quality/run_id=scheduled__2023-12-17T04:00:00+00:00/task_id=Extract'
[2023-12-28T16:51:49.291+0000] {taskinstance.py:1159} INFO - Dependencies all met for dep_context=non-requeueable deps ti=<TaskInstance: air_quality.Extract scheduled__2023-12-17T04:00:00+00:00 [queued]>
[2023-12-28T16:51:49.366+0000] {taskinstance.py:1159} INFO - Dependencies all met for dep_context=requeueable deps ti=<TaskInstance: air_quality.Extract scheduled__2023-12-17T04:00:00+00:00 [queued]>
[2023-12-28T16:51:49.368+0000] {taskinstance.py:1361} INFO - Starting attempt 1 of 2
[2023-12-28T16:51:49.478+0000] {taskinstance.py:1382} INFO - Executing <Task(PythonOperator): Extract> on 2023-12-17 04:00:00+00:00
[2023-12-28T16:51:49.507+0000] {standard_task_runner.py:57} INFO - Started process 232 to run task
[2023-12-28T16:51:49.507+0000] {standard_task_runner.py:84} INFO - Running: ['***', 'tasks', 'run', 'air_quality', 'Extract', 'scheduled__2023-12-17T04:00:00+00:00', '--job-id', '862', '--raw', '--subdir', 'DAGS_FOLDER/airQuality.py', '--cfg-path', '/tmp/tmp9wpceegd']
[2023-12-28T16:51:49.518+0000] {standard_task_runner.py:85} INFO - Job 862: Subtask Extract
[2023-12-28T16:51:49.831+0000] {logging_mixin.py:154} INFO - Changing /opt/***/logs/dag_id=air_quality/run_id=scheduled__2023-12-17T04:00:00+00:00/task_id=Extract permission to 509
[2023-12-28T16:51:49.833+0000] {logging_mixin.py:154} INFO - Failed to change /opt/***/logs/dag_id=air_quality/run_id=scheduled__2023-12-17T04:00:00+00:00/task_id=Extract permission to 509: [Errno 1] Operation not permitted: '/opt/***/logs/dag_id=air_quality/run_id=scheduled__2023-12-17T04:00:00+00:00/task_id=Extract'
[2023-12-28T16:51:49.837+0000] {task_command.py:416} INFO - Running <TaskInstance: air_quality.Extract scheduled__2023-12-17T04:00:00+00:00 [running]> on host d67dd4682ccf
[2023-12-28T16:51:50.278+0000] {taskinstance.py:1662} INFO - Exporting env vars: AIRFLOW_CTX_DAG_OWNER='ghifari' AIRFLOW_CTX_DAG_ID='air_quality' AIRFLOW_CTX_TASK_ID='Extract' AIRFLOW_CTX_EXECUTION_DATE='2023-12-17T04:00:00+00:00' AIRFLOW_CTX_TRY_NUMBER='1' AIRFLOW_CTX_DAG_RUN_ID='scheduled__2023-12-17T04:00:00+00:00'
[2023-12-28T16:51:50.651+0000] {python.py:194} INFO - Done. Returned value was: {'city': ['Jakarta'], 'country': ['ID'], 'unit': ['o3'], 'last_value': [-0.999], 'lat': [-6.182536], 'lng': [106.834236]}
[2023-12-28T16:51:50.914+0000] {taskinstance.py:1400} INFO - Marking task as SUCCESS. dag_id=air_quality, task_id=Extract, execution_date=20231217T040000, start_date=20231228T165149, end_date=20231228T165150
[2023-12-28T16:51:51.173+0000] {local_task_job_runner.py:228} INFO - Task exited with return code 0
[2023-12-28T16:51:51.697+0000] {taskinstance.py:2778} INFO - 0 downstream tasks scheduled from follow-on schedule check
[2023-12-28T16:52:22.941+0000] {logging_mixin.py:154} INFO - Changing /opt/***/logs/dag_id=air_quality/run_id=scheduled__2023-12-17T04:00:00+00:00/task_id=Extract permission to 509
[2023-12-28T16:52:22.947+0000] {logging_mixin.py:154} INFO - Failed to change /opt/***/logs/dag_id=air_quality/run_id=scheduled__2023-12-17T04:00:00+00:00/task_id=Extract permission to 509: [Errno 1] Operation not permitted: '/opt/***/logs/dag_id=air_quality/run_id=scheduled__2023-12-17T04:00:00+00:00/task_id=Extract'
[2023-12-28T16:52:23.039+0000] {logging_mixin.py:154} INFO - Changing /opt/***/logs/dag_id=air_quality/run_id=scheduled__2023-12-17T04:00:00+00:00/task_id=Extract permission to 509
[2023-12-28T16:52:23.041+0000] {logging_mixin.py:154} INFO - Failed to change /opt/***/logs/dag_id=air_quality/run_id=scheduled__2023-12-17T04:00:00+00:00/task_id=Extract permission to 509: [Errno 1] Operation not permitted: '/opt/***/logs/dag_id=air_quality/run_id=scheduled__2023-12-17T04:00:00+00:00/task_id=Extract'
[2023-12-28T16:52:23.146+0000] {taskinstance.py:1159} INFO - Dependencies all met for dep_context=non-requeueable deps ti=<TaskInstance: air_quality.Extract scheduled__2023-12-17T04:00:00+00:00 [queued]>
[2023-12-28T16:52:23.184+0000] {taskinstance.py:1159} INFO - Dependencies all met for dep_context=requeueable deps ti=<TaskInstance: air_quality.Extract scheduled__2023-12-17T04:00:00+00:00 [queued]>
[2023-12-28T16:52:23.186+0000] {taskinstance.py:1361} INFO - Starting attempt 1 of 2
[2023-12-28T16:52:23.386+0000] {taskinstance.py:1382} INFO - Executing <Task(PythonOperator): Extract> on 2023-12-17 04:00:00+00:00
[2023-12-28T16:52:23.398+0000] {standard_task_runner.py:57} INFO - Started process 494 to run task
[2023-12-28T16:52:23.405+0000] {standard_task_runner.py:84} INFO - Running: ['***', 'tasks', 'run', 'air_quality', 'Extract', 'scheduled__2023-12-17T04:00:00+00:00', '--job-id', '944', '--raw', '--subdir', 'DAGS_FOLDER/airQuality.py', '--cfg-path', '/tmp/tmporq6x8iq']
[2023-12-28T16:52:23.408+0000] {standard_task_runner.py:85} INFO - Job 944: Subtask Extract
[2023-12-28T16:52:23.532+0000] {logging_mixin.py:154} INFO - Changing /opt/***/logs/dag_id=air_quality/run_id=scheduled__2023-12-17T04:00:00+00:00/task_id=Extract permission to 509
[2023-12-28T16:52:23.533+0000] {logging_mixin.py:154} INFO - Failed to change /opt/***/logs/dag_id=air_quality/run_id=scheduled__2023-12-17T04:00:00+00:00/task_id=Extract permission to 509: [Errno 1] Operation not permitted: '/opt/***/logs/dag_id=air_quality/run_id=scheduled__2023-12-17T04:00:00+00:00/task_id=Extract'
[2023-12-28T16:52:23.537+0000] {task_command.py:416} INFO - Running <TaskInstance: air_quality.Extract scheduled__2023-12-17T04:00:00+00:00 [running]> on host d67dd4682ccf
[2023-12-28T16:52:23.887+0000] {taskinstance.py:1662} INFO - Exporting env vars: AIRFLOW_CTX_DAG_OWNER='ghifari' AIRFLOW_CTX_DAG_ID='air_quality' AIRFLOW_CTX_TASK_ID='Extract' AIRFLOW_CTX_EXECUTION_DATE='2023-12-17T04:00:00+00:00' AIRFLOW_CTX_TRY_NUMBER='1' AIRFLOW_CTX_DAG_RUN_ID='scheduled__2023-12-17T04:00:00+00:00'
[2023-12-28T16:52:24.056+0000] {python.py:194} INFO - Done. Returned value was: {'city': ['Jakarta'], 'country': ['ID'], 'unit': ['o3'], 'last_value': [-0.999], 'lat': [-6.182536], 'lng': [106.834236]}
[2023-12-28T16:52:24.140+0000] {taskinstance.py:1400} INFO - Marking task as SUCCESS. dag_id=air_quality, task_id=Extract, execution_date=20231217T040000, start_date=20231228T165223, end_date=20231228T165224
[2023-12-28T16:52:24.209+0000] {local_task_job_runner.py:228} INFO - Task exited with return code 0
[2023-12-28T16:52:24.458+0000] {taskinstance.py:2778} INFO - 0 downstream tasks scheduled from follow-on schedule check
[2023-12-28T16:54:49.594+0000] {logging_mixin.py:154} INFO - Changing /opt/***/logs/dag_id=air_quality/run_id=scheduled__2023-12-17T04:00:00+00:00/task_id=Extract permission to 509
[2023-12-28T16:54:49.624+0000] {logging_mixin.py:154} INFO - Failed to change /opt/***/logs/dag_id=air_quality/run_id=scheduled__2023-12-17T04:00:00+00:00/task_id=Extract permission to 509: [Errno 1] Operation not permitted: '/opt/***/logs/dag_id=air_quality/run_id=scheduled__2023-12-17T04:00:00+00:00/task_id=Extract'
[2023-12-28T16:54:50.013+0000] {logging_mixin.py:154} INFO - Changing /opt/***/logs/dag_id=air_quality/run_id=scheduled__2023-12-17T04:00:00+00:00/task_id=Extract permission to 509
[2023-12-28T16:54:50.036+0000] {logging_mixin.py:154} INFO - Failed to change /opt/***/logs/dag_id=air_quality/run_id=scheduled__2023-12-17T04:00:00+00:00/task_id=Extract permission to 509: [Errno 1] Operation not permitted: '/opt/***/logs/dag_id=air_quality/run_id=scheduled__2023-12-17T04:00:00+00:00/task_id=Extract'
[2023-12-28T16:54:50.280+0000] {taskinstance.py:1159} INFO - Dependencies all met for dep_context=non-requeueable deps ti=<TaskInstance: air_quality.Extract scheduled__2023-12-17T04:00:00+00:00 [queued]>
[2023-12-28T16:54:50.407+0000] {taskinstance.py:1159} INFO - Dependencies all met for dep_context=requeueable deps ti=<TaskInstance: air_quality.Extract scheduled__2023-12-17T04:00:00+00:00 [queued]>
[2023-12-28T16:54:50.411+0000] {taskinstance.py:1361} INFO - Starting attempt 1 of 2
[2023-12-28T16:54:50.895+0000] {taskinstance.py:1382} INFO - Executing <Task(PythonOperator): Extract> on 2023-12-17 04:00:00+00:00
[2023-12-28T16:54:50.909+0000] {standard_task_runner.py:57} INFO - Started process 1210 to run task
[2023-12-28T16:54:50.925+0000] {standard_task_runner.py:84} INFO - Running: ['***', 'tasks', 'run', 'air_quality', 'Extract', 'scheduled__2023-12-17T04:00:00+00:00', '--job-id', '1112', '--raw', '--subdir', 'DAGS_FOLDER/airQuality.py', '--cfg-path', '/tmp/tmpvqdwnqvm']
[2023-12-28T16:54:50.929+0000] {standard_task_runner.py:85} INFO - Job 1112: Subtask Extract
[2023-12-28T16:54:51.152+0000] {logging_mixin.py:154} INFO - Changing /opt/***/logs/dag_id=air_quality/run_id=scheduled__2023-12-17T04:00:00+00:00/task_id=Extract permission to 509
[2023-12-28T16:54:51.159+0000] {logging_mixin.py:154} INFO - Failed to change /opt/***/logs/dag_id=air_quality/run_id=scheduled__2023-12-17T04:00:00+00:00/task_id=Extract permission to 509: [Errno 1] Operation not permitted: '/opt/***/logs/dag_id=air_quality/run_id=scheduled__2023-12-17T04:00:00+00:00/task_id=Extract'
[2023-12-28T16:54:51.164+0000] {task_command.py:416} INFO - Running <TaskInstance: air_quality.Extract scheduled__2023-12-17T04:00:00+00:00 [running]> on host d67dd4682ccf
[2023-12-28T16:54:51.604+0000] {taskinstance.py:1662} INFO - Exporting env vars: AIRFLOW_CTX_DAG_OWNER='ghifari' AIRFLOW_CTX_DAG_ID='air_quality' AIRFLOW_CTX_TASK_ID='Extract' AIRFLOW_CTX_EXECUTION_DATE='2023-12-17T04:00:00+00:00' AIRFLOW_CTX_TRY_NUMBER='1' AIRFLOW_CTX_DAG_RUN_ID='scheduled__2023-12-17T04:00:00+00:00'
[2023-12-28T16:54:51.805+0000] {python.py:194} INFO - Done. Returned value was: {'city': ['Jakarta'], 'country': ['ID'], 'unit': ['o3'], 'last_value': [-0.999], 'lat': [-6.182536], 'lng': [106.834236]}
[2023-12-28T16:54:51.898+0000] {taskinstance.py:1400} INFO - Marking task as SUCCESS. dag_id=air_quality, task_id=Extract, execution_date=20231217T040000, start_date=20231228T165450, end_date=20231228T165451
[2023-12-28T16:54:51.998+0000] {local_task_job_runner.py:228} INFO - Task exited with return code 0
[2023-12-28T16:54:52.461+0000] {taskinstance.py:2778} INFO - 1 downstream tasks scheduled from follow-on schedule check
