[2023-12-17T11:53:15.813+0000] {logging_mixin.py:154} INFO - Changing /opt/***/logs/dag_id=air_quality/run_id=manual__2023-12-17T11:53:04.813388+00:00/task_id=Create_Table permission to 509
[2023-12-17T11:53:15.816+0000] {logging_mixin.py:154} INFO - Failed to change /opt/***/logs/dag_id=air_quality/run_id=manual__2023-12-17T11:53:04.813388+00:00/task_id=Create_Table permission to 509: [Errno 1] Operation not permitted: '/opt/***/logs/dag_id=air_quality/run_id=manual__2023-12-17T11:53:04.813388+00:00/task_id=Create_Table'
[2023-12-17T11:53:15.873+0000] {logging_mixin.py:154} INFO - Changing /opt/***/logs/dag_id=air_quality/run_id=manual__2023-12-17T11:53:04.813388+00:00/task_id=Create_Table permission to 509
[2023-12-17T11:53:15.875+0000] {logging_mixin.py:154} INFO - Failed to change /opt/***/logs/dag_id=air_quality/run_id=manual__2023-12-17T11:53:04.813388+00:00/task_id=Create_Table permission to 509: [Errno 1] Operation not permitted: '/opt/***/logs/dag_id=air_quality/run_id=manual__2023-12-17T11:53:04.813388+00:00/task_id=Create_Table'
[2023-12-17T11:53:15.940+0000] {taskinstance.py:1159} INFO - Dependencies all met for dep_context=non-requeueable deps ti=<TaskInstance: air_quality.Create_Table manual__2023-12-17T11:53:04.813388+00:00 [queued]>
[2023-12-17T11:53:15.963+0000] {taskinstance.py:1159} INFO - Dependencies all met for dep_context=requeueable deps ti=<TaskInstance: air_quality.Create_Table manual__2023-12-17T11:53:04.813388+00:00 [queued]>
[2023-12-17T11:53:15.964+0000] {taskinstance.py:1361} INFO - Starting attempt 1 of 2
[2023-12-17T11:53:15.996+0000] {taskinstance.py:1382} INFO - Executing <Task(PythonOperator): Create_Table> on 2023-12-17 11:53:04.813388+00:00
[2023-12-17T11:53:16.004+0000] {standard_task_runner.py:57} INFO - Started process 3215 to run task
[2023-12-17T11:53:16.011+0000] {standard_task_runner.py:84} INFO - Running: ['***', 'tasks', 'run', 'air_quality', 'Create_Table', 'manual__2023-12-17T11:53:04.813388+00:00', '--job-id', '467', '--raw', '--subdir', 'DAGS_FOLDER/airQuality.py', '--cfg-path', '/tmp/tmp4vurbgpe']
[2023-12-17T11:53:16.013+0000] {standard_task_runner.py:85} INFO - Job 467: Subtask Create_Table
[2023-12-17T11:53:16.107+0000] {logging_mixin.py:154} INFO - Changing /opt/***/logs/dag_id=air_quality/run_id=manual__2023-12-17T11:53:04.813388+00:00/task_id=Create_Table permission to 509
[2023-12-17T11:53:16.108+0000] {logging_mixin.py:154} INFO - Failed to change /opt/***/logs/dag_id=air_quality/run_id=manual__2023-12-17T11:53:04.813388+00:00/task_id=Create_Table permission to 509: [Errno 1] Operation not permitted: '/opt/***/logs/dag_id=air_quality/run_id=manual__2023-12-17T11:53:04.813388+00:00/task_id=Create_Table'
[2023-12-17T11:53:16.114+0000] {task_command.py:416} INFO - Running <TaskInstance: air_quality.Create_Table manual__2023-12-17T11:53:04.813388+00:00 [running]> on host 1a58977f5573
[2023-12-17T11:53:16.293+0000] {taskinstance.py:1662} INFO - Exporting env vars: AIRFLOW_CTX_DAG_OWNER='ghifari' AIRFLOW_CTX_DAG_ID='air_quality' AIRFLOW_CTX_TASK_ID='Create_Table' AIRFLOW_CTX_EXECUTION_DATE='2023-12-17T11:53:04.813388+00:00' AIRFLOW_CTX_TRY_NUMBER='1' AIRFLOW_CTX_DAG_RUN_ID='manual__2023-12-17T11:53:04.813388+00:00'
[2023-12-17T11:53:16.314+0000] {base.py:73} INFO - Using connection ID 'neonServerDB-Postgres' for task execution.
[2023-12-17T11:53:17.048+0000] {python.py:194} INFO - Done. Returned value was: 
        CREATE TABLE air_quality (
            id serial primary key, 
            city varchar(250),
            country varchar(250), 
            unit varchar(20), 
            last_value float8, 
            lat float8,
            lng float8
        )
    
[2023-12-17T11:53:17.126+0000] {taskinstance.py:1400} INFO - Marking task as SUCCESS. dag_id=air_quality, task_id=Create_Table, execution_date=20231217T115304, start_date=20231217T115315, end_date=20231217T115317
[2023-12-17T11:53:17.194+0000] {local_task_job_runner.py:228} INFO - Task exited with return code 0
[2023-12-17T11:53:17.308+0000] {taskinstance.py:2778} INFO - 1 downstream tasks scheduled from follow-on schedule check
