[2023-12-17T11:19:04.120+0000] {logging_mixin.py:154} INFO - Changing /opt/***/logs/dag_id=air_quality/run_id=scheduled__2023-12-12T04:00:00+00:00/task_id=Check_Response permission to 509
[2023-12-17T11:19:04.122+0000] {logging_mixin.py:154} INFO - Failed to change /opt/***/logs/dag_id=air_quality/run_id=scheduled__2023-12-12T04:00:00+00:00/task_id=Check_Response permission to 509: [Errno 1] Operation not permitted: '/opt/***/logs/dag_id=air_quality/run_id=scheduled__2023-12-12T04:00:00+00:00/task_id=Check_Response'
[2023-12-17T11:19:04.201+0000] {logging_mixin.py:154} INFO - Changing /opt/***/logs/dag_id=air_quality/run_id=scheduled__2023-12-12T04:00:00+00:00/task_id=Check_Response permission to 509
[2023-12-17T11:19:04.202+0000] {logging_mixin.py:154} INFO - Failed to change /opt/***/logs/dag_id=air_quality/run_id=scheduled__2023-12-12T04:00:00+00:00/task_id=Check_Response permission to 509: [Errno 1] Operation not permitted: '/opt/***/logs/dag_id=air_quality/run_id=scheduled__2023-12-12T04:00:00+00:00/task_id=Check_Response'
[2023-12-17T11:19:04.278+0000] {taskinstance.py:1159} INFO - Dependencies all met for dep_context=non-requeueable deps ti=<TaskInstance: air_quality.Check_Response scheduled__2023-12-12T04:00:00+00:00 [queued]>
[2023-12-17T11:19:04.298+0000] {taskinstance.py:1159} INFO - Dependencies all met for dep_context=requeueable deps ti=<TaskInstance: air_quality.Check_Response scheduled__2023-12-12T04:00:00+00:00 [queued]>
[2023-12-17T11:19:04.299+0000] {taskinstance.py:1361} INFO - Starting attempt 1 of 2
[2023-12-17T11:19:04.344+0000] {taskinstance.py:1382} INFO - Executing <Task(BranchPythonOperator): Check_Response> on 2023-12-12 04:00:00+00:00
[2023-12-17T11:19:04.351+0000] {standard_task_runner.py:57} INFO - Started process 2405 to run task
[2023-12-17T11:19:04.363+0000] {standard_task_runner.py:84} INFO - Running: ['***', 'tasks', 'run', 'air_quality', 'Check_Response', 'scheduled__2023-12-12T04:00:00+00:00', '--job-id', '391', '--raw', '--subdir', 'DAGS_FOLDER/airQuality.py', '--cfg-path', '/tmp/tmp2sawwkg7']
[2023-12-17T11:19:04.370+0000] {standard_task_runner.py:85} INFO - Job 391: Subtask Check_Response
[2023-12-17T11:19:04.497+0000] {logging_mixin.py:154} INFO - Changing /opt/***/logs/dag_id=air_quality/run_id=scheduled__2023-12-12T04:00:00+00:00/task_id=Check_Response permission to 509
[2023-12-17T11:19:04.498+0000] {logging_mixin.py:154} INFO - Failed to change /opt/***/logs/dag_id=air_quality/run_id=scheduled__2023-12-12T04:00:00+00:00/task_id=Check_Response permission to 509: [Errno 1] Operation not permitted: '/opt/***/logs/dag_id=air_quality/run_id=scheduled__2023-12-12T04:00:00+00:00/task_id=Check_Response'
[2023-12-17T11:19:04.501+0000] {task_command.py:416} INFO - Running <TaskInstance: air_quality.Check_Response scheduled__2023-12-12T04:00:00+00:00 [running]> on host 1a58977f5573
[2023-12-17T11:19:04.669+0000] {taskinstance.py:1662} INFO - Exporting env vars: AIRFLOW_CTX_DAG_OWNER='ghifari' AIRFLOW_CTX_DAG_ID='air_quality' AIRFLOW_CTX_TASK_ID='Check_Response' AIRFLOW_CTX_EXECUTION_DATE='2023-12-12T04:00:00+00:00' AIRFLOW_CTX_TRY_NUMBER='1' AIRFLOW_CTX_DAG_RUN_ID='scheduled__2023-12-12T04:00:00+00:00'
[2023-12-17T11:19:04.690+0000] {airQuality.py:112} INFO - Data Found: {'city': ['Jakarta'], 'country': ['ID'], 'unit': ['o3'], 'last_value': [-0.999], 'lat': [-6.182536], 'lng': [106.834236]}
[2023-12-17T11:19:04.691+0000] {python.py:194} INFO - Done. Returned value was: Transform
[2023-12-17T11:19:04.693+0000] {python.py:227} INFO - Branch callable return Transform
[2023-12-17T11:19:04.694+0000] {skipmixin.py:173} INFO - Following branch Transform
[2023-12-17T11:19:04.723+0000] {skipmixin.py:239} INFO - Skipping tasks [('Error_Response', -1)]
[2023-12-17T11:19:04.806+0000] {taskinstance.py:1400} INFO - Marking task as SUCCESS. dag_id=air_quality, task_id=Check_Response, execution_date=20231212T040000, start_date=20231217T111904, end_date=20231217T111904
[2023-12-17T11:19:04.870+0000] {local_task_job_runner.py:228} INFO - Task exited with return code 0
[2023-12-17T11:19:04.935+0000] {taskinstance.py:2778} INFO - 1 downstream tasks scheduled from follow-on schedule check
[2023-12-17T12:18:12.132+0000] {logging_mixin.py:154} INFO - Changing /opt/***/logs/dag_id=air_quality/run_id=scheduled__2023-12-12T04:00:00+00:00/task_id=Check_Response permission to 509
[2023-12-17T12:18:12.141+0000] {logging_mixin.py:154} INFO - Failed to change /opt/***/logs/dag_id=air_quality/run_id=scheduled__2023-12-12T04:00:00+00:00/task_id=Check_Response permission to 509: [Errno 1] Operation not permitted: '/opt/***/logs/dag_id=air_quality/run_id=scheduled__2023-12-12T04:00:00+00:00/task_id=Check_Response'
[2023-12-17T12:18:12.260+0000] {logging_mixin.py:154} INFO - Changing /opt/***/logs/dag_id=air_quality/run_id=scheduled__2023-12-12T04:00:00+00:00/task_id=Check_Response permission to 509
[2023-12-17T12:18:12.264+0000] {logging_mixin.py:154} INFO - Failed to change /opt/***/logs/dag_id=air_quality/run_id=scheduled__2023-12-12T04:00:00+00:00/task_id=Check_Response permission to 509: [Errno 1] Operation not permitted: '/opt/***/logs/dag_id=air_quality/run_id=scheduled__2023-12-12T04:00:00+00:00/task_id=Check_Response'
[2023-12-17T12:18:12.381+0000] {taskinstance.py:1159} INFO - Dependencies all met for dep_context=non-requeueable deps ti=<TaskInstance: air_quality.Check_Response scheduled__2023-12-12T04:00:00+00:00 [queued]>
[2023-12-17T12:18:12.418+0000] {taskinstance.py:1159} INFO - Dependencies all met for dep_context=requeueable deps ti=<TaskInstance: air_quality.Check_Response scheduled__2023-12-12T04:00:00+00:00 [queued]>
[2023-12-17T12:18:12.421+0000] {taskinstance.py:1361} INFO - Starting attempt 1 of 2
[2023-12-17T12:18:12.515+0000] {taskinstance.py:1382} INFO - Executing <Task(BranchPythonOperator): Check_Response> on 2023-12-12 04:00:00+00:00
[2023-12-17T12:18:12.541+0000] {standard_task_runner.py:57} INFO - Started process 4099 to run task
[2023-12-17T12:18:12.569+0000] {standard_task_runner.py:84} INFO - Running: ['***', 'tasks', 'run', 'air_quality', 'Check_Response', 'scheduled__2023-12-12T04:00:00+00:00', '--job-id', '599', '--raw', '--subdir', 'DAGS_FOLDER/airQuality.py', '--cfg-path', '/tmp/tmpuowfudu1']
[2023-12-17T12:18:12.575+0000] {standard_task_runner.py:85} INFO - Job 599: Subtask Check_Response
[2023-12-17T12:18:12.917+0000] {logging_mixin.py:154} INFO - Changing /opt/***/logs/dag_id=air_quality/run_id=scheduled__2023-12-12T04:00:00+00:00/task_id=Check_Response permission to 509
[2023-12-17T12:18:12.928+0000] {logging_mixin.py:154} INFO - Failed to change /opt/***/logs/dag_id=air_quality/run_id=scheduled__2023-12-12T04:00:00+00:00/task_id=Check_Response permission to 509: [Errno 1] Operation not permitted: '/opt/***/logs/dag_id=air_quality/run_id=scheduled__2023-12-12T04:00:00+00:00/task_id=Check_Response'
[2023-12-17T12:18:12.937+0000] {task_command.py:416} INFO - Running <TaskInstance: air_quality.Check_Response scheduled__2023-12-12T04:00:00+00:00 [running]> on host 1a58977f5573
[2023-12-17T12:18:13.286+0000] {taskinstance.py:1662} INFO - Exporting env vars: AIRFLOW_CTX_DAG_OWNER='ghifari' AIRFLOW_CTX_DAG_ID='air_quality' AIRFLOW_CTX_TASK_ID='Check_Response' AIRFLOW_CTX_EXECUTION_DATE='2023-12-12T04:00:00+00:00' AIRFLOW_CTX_TRY_NUMBER='1' AIRFLOW_CTX_DAG_RUN_ID='scheduled__2023-12-12T04:00:00+00:00'
[2023-12-17T12:18:13.365+0000] {airQuality.py:112} INFO - Data Found: {'city': ['Jakarta'], 'country': ['ID'], 'unit': ['pm25'], 'last_value': [-999.0], 'lat': [-6.182536], 'lng': [106.834236]}
[2023-12-17T12:18:13.366+0000] {python.py:194} INFO - Done. Returned value was: Transform
[2023-12-17T12:18:13.379+0000] {python.py:227} INFO - Branch callable return Transform
[2023-12-17T12:18:13.383+0000] {skipmixin.py:173} INFO - Following branch Transform
[2023-12-17T12:18:13.426+0000] {skipmixin.py:239} INFO - Skipping tasks [('Error_Response', -1)]
[2023-12-17T12:18:13.646+0000] {taskinstance.py:1400} INFO - Marking task as SUCCESS. dag_id=air_quality, task_id=Check_Response, execution_date=20231212T040000, start_date=20231217T121812, end_date=20231217T121813
[2023-12-17T12:18:13.985+0000] {local_task_job_runner.py:228} INFO - Task exited with return code 0
[2023-12-17T12:18:14.098+0000] {taskinstance.py:2778} INFO - 1 downstream tasks scheduled from follow-on schedule check
[2023-12-17T12:19:04.131+0000] {logging_mixin.py:154} INFO - Changing /opt/***/logs/dag_id=air_quality/run_id=scheduled__2023-12-12T04:00:00+00:00/task_id=Check_Response permission to 509
[2023-12-17T12:19:04.134+0000] {logging_mixin.py:154} INFO - Failed to change /opt/***/logs/dag_id=air_quality/run_id=scheduled__2023-12-12T04:00:00+00:00/task_id=Check_Response permission to 509: [Errno 1] Operation not permitted: '/opt/***/logs/dag_id=air_quality/run_id=scheduled__2023-12-12T04:00:00+00:00/task_id=Check_Response'
[2023-12-17T12:19:04.186+0000] {logging_mixin.py:154} INFO - Changing /opt/***/logs/dag_id=air_quality/run_id=scheduled__2023-12-12T04:00:00+00:00/task_id=Check_Response permission to 509
[2023-12-17T12:19:04.187+0000] {logging_mixin.py:154} INFO - Failed to change /opt/***/logs/dag_id=air_quality/run_id=scheduled__2023-12-12T04:00:00+00:00/task_id=Check_Response permission to 509: [Errno 1] Operation not permitted: '/opt/***/logs/dag_id=air_quality/run_id=scheduled__2023-12-12T04:00:00+00:00/task_id=Check_Response'
[2023-12-17T12:19:04.247+0000] {taskinstance.py:1159} INFO - Dependencies all met for dep_context=non-requeueable deps ti=<TaskInstance: air_quality.Check_Response scheduled__2023-12-12T04:00:00+00:00 [queued]>
[2023-12-17T12:19:04.269+0000] {taskinstance.py:1159} INFO - Dependencies all met for dep_context=requeueable deps ti=<TaskInstance: air_quality.Check_Response scheduled__2023-12-12T04:00:00+00:00 [queued]>
[2023-12-17T12:19:04.270+0000] {taskinstance.py:1361} INFO - Starting attempt 1 of 2
[2023-12-17T12:19:04.302+0000] {taskinstance.py:1382} INFO - Executing <Task(BranchPythonOperator): Check_Response> on 2023-12-12 04:00:00+00:00
[2023-12-17T12:19:04.311+0000] {standard_task_runner.py:57} INFO - Started process 4575 to run task
[2023-12-17T12:19:04.316+0000] {standard_task_runner.py:84} INFO - Running: ['***', 'tasks', 'run', 'air_quality', 'Check_Response', 'scheduled__2023-12-12T04:00:00+00:00', '--job-id', '700', '--raw', '--subdir', 'DAGS_FOLDER/airQuality.py', '--cfg-path', '/tmp/tmp2m_a6ykd']
[2023-12-17T12:19:04.320+0000] {standard_task_runner.py:85} INFO - Job 700: Subtask Check_Response
[2023-12-17T12:19:04.406+0000] {logging_mixin.py:154} INFO - Changing /opt/***/logs/dag_id=air_quality/run_id=scheduled__2023-12-12T04:00:00+00:00/task_id=Check_Response permission to 509
[2023-12-17T12:19:04.407+0000] {logging_mixin.py:154} INFO - Failed to change /opt/***/logs/dag_id=air_quality/run_id=scheduled__2023-12-12T04:00:00+00:00/task_id=Check_Response permission to 509: [Errno 1] Operation not permitted: '/opt/***/logs/dag_id=air_quality/run_id=scheduled__2023-12-12T04:00:00+00:00/task_id=Check_Response'
[2023-12-17T12:19:04.410+0000] {task_command.py:416} INFO - Running <TaskInstance: air_quality.Check_Response scheduled__2023-12-12T04:00:00+00:00 [running]> on host 1a58977f5573
[2023-12-17T12:19:04.577+0000] {taskinstance.py:1662} INFO - Exporting env vars: AIRFLOW_CTX_DAG_OWNER='ghifari' AIRFLOW_CTX_DAG_ID='air_quality' AIRFLOW_CTX_TASK_ID='Check_Response' AIRFLOW_CTX_EXECUTION_DATE='2023-12-12T04:00:00+00:00' AIRFLOW_CTX_TRY_NUMBER='1' AIRFLOW_CTX_DAG_RUN_ID='scheduled__2023-12-12T04:00:00+00:00'
[2023-12-17T12:19:04.598+0000] {airQuality.py:112} INFO - Data Found: {'city': ['Jakarta'], 'country': ['ID'], 'unit': ['pm25'], 'last_value': [-999.0], 'lat': [-6.182536], 'lng': [106.834236]}
[2023-12-17T12:19:04.599+0000] {python.py:194} INFO - Done. Returned value was: Transform
[2023-12-17T12:19:04.600+0000] {python.py:227} INFO - Branch callable return Transform
[2023-12-17T12:19:04.603+0000] {skipmixin.py:173} INFO - Following branch Transform
[2023-12-17T12:19:04.630+0000] {skipmixin.py:239} INFO - Skipping tasks [('Error_Response', -1)]
[2023-12-17T12:19:04.714+0000] {taskinstance.py:1400} INFO - Marking task as SUCCESS. dag_id=air_quality, task_id=Check_Response, execution_date=20231212T040000, start_date=20231217T121904, end_date=20231217T121904
[2023-12-17T12:19:04.771+0000] {local_task_job_runner.py:228} INFO - Task exited with return code 0
[2023-12-17T12:19:04.834+0000] {taskinstance.py:2778} INFO - 1 downstream tasks scheduled from follow-on schedule check
[2023-12-28T16:51:46.446+0000] {logging_mixin.py:154} INFO - Changing /opt/***/logs/dag_id=air_quality/run_id=scheduled__2023-12-12T04:00:00+00:00/task_id=Check_Response permission to 509
[2023-12-28T16:51:46.463+0000] {logging_mixin.py:154} INFO - Failed to change /opt/***/logs/dag_id=air_quality/run_id=scheduled__2023-12-12T04:00:00+00:00/task_id=Check_Response permission to 509: [Errno 1] Operation not permitted: '/opt/***/logs/dag_id=air_quality/run_id=scheduled__2023-12-12T04:00:00+00:00/task_id=Check_Response'
[2023-12-28T16:51:46.679+0000] {logging_mixin.py:154} INFO - Changing /opt/***/logs/dag_id=air_quality/run_id=scheduled__2023-12-12T04:00:00+00:00/task_id=Check_Response permission to 509
[2023-12-28T16:51:46.685+0000] {logging_mixin.py:154} INFO - Failed to change /opt/***/logs/dag_id=air_quality/run_id=scheduled__2023-12-12T04:00:00+00:00/task_id=Check_Response permission to 509: [Errno 1] Operation not permitted: '/opt/***/logs/dag_id=air_quality/run_id=scheduled__2023-12-12T04:00:00+00:00/task_id=Check_Response'
[2023-12-28T16:51:46.883+0000] {taskinstance.py:1159} INFO - Dependencies all met for dep_context=non-requeueable deps ti=<TaskInstance: air_quality.Check_Response scheduled__2023-12-12T04:00:00+00:00 [queued]>
[2023-12-28T16:51:46.922+0000] {taskinstance.py:1159} INFO - Dependencies all met for dep_context=requeueable deps ti=<TaskInstance: air_quality.Check_Response scheduled__2023-12-12T04:00:00+00:00 [queued]>
[2023-12-28T16:51:46.923+0000] {taskinstance.py:1361} INFO - Starting attempt 1 of 2
[2023-12-28T16:51:46.990+0000] {taskinstance.py:1382} INFO - Executing <Task(BranchPythonOperator): Check_Response> on 2023-12-12 04:00:00+00:00
[2023-12-28T16:51:47.014+0000] {standard_task_runner.py:84} INFO - Running: ['***', 'tasks', 'run', 'air_quality', 'Check_Response', 'scheduled__2023-12-12T04:00:00+00:00', '--job-id', '856', '--raw', '--subdir', 'DAGS_FOLDER/airQuality.py', '--cfg-path', '/tmp/tmp1xffb7vy']
[2023-12-28T16:51:47.019+0000] {standard_task_runner.py:85} INFO - Job 856: Subtask Check_Response
[2023-12-28T16:51:47.004+0000] {standard_task_runner.py:57} INFO - Started process 212 to run task
[2023-12-28T16:51:47.239+0000] {logging_mixin.py:154} INFO - Changing /opt/***/logs/dag_id=air_quality/run_id=scheduled__2023-12-12T04:00:00+00:00/task_id=Check_Response permission to 509
[2023-12-28T16:51:47.243+0000] {logging_mixin.py:154} INFO - Failed to change /opt/***/logs/dag_id=air_quality/run_id=scheduled__2023-12-12T04:00:00+00:00/task_id=Check_Response permission to 509: [Errno 1] Operation not permitted: '/opt/***/logs/dag_id=air_quality/run_id=scheduled__2023-12-12T04:00:00+00:00/task_id=Check_Response'
[2023-12-28T16:51:47.247+0000] {task_command.py:416} INFO - Running <TaskInstance: air_quality.Check_Response scheduled__2023-12-12T04:00:00+00:00 [running]> on host d67dd4682ccf
[2023-12-28T16:51:47.627+0000] {taskinstance.py:1662} INFO - Exporting env vars: AIRFLOW_CTX_DAG_OWNER='ghifari' AIRFLOW_CTX_DAG_ID='air_quality' AIRFLOW_CTX_TASK_ID='Check_Response' AIRFLOW_CTX_EXECUTION_DATE='2023-12-12T04:00:00+00:00' AIRFLOW_CTX_TRY_NUMBER='1' AIRFLOW_CTX_DAG_RUN_ID='scheduled__2023-12-12T04:00:00+00:00'
[2023-12-28T16:51:47.690+0000] {airQuality.py:90} INFO - Data Found: {'city': ['Jakarta'], 'country': ['ID'], 'unit': ['o3'], 'last_value': [-0.999], 'lat': [-6.182536], 'lng': [106.834236]}
[2023-12-28T16:51:47.695+0000] {python.py:194} INFO - Done. Returned value was: Transform
[2023-12-28T16:51:47.713+0000] {python.py:227} INFO - Branch callable return Transform
[2023-12-28T16:51:47.715+0000] {skipmixin.py:173} INFO - Following branch Transform
[2023-12-28T16:51:47.802+0000] {skipmixin.py:239} INFO - Skipping tasks [('Error_Response', -1)]
[2023-12-28T16:51:48.142+0000] {taskinstance.py:1400} INFO - Marking task as SUCCESS. dag_id=air_quality, task_id=Check_Response, execution_date=20231212T040000, start_date=20231228T165146, end_date=20231228T165148
[2023-12-28T16:51:48.276+0000] {local_task_job_runner.py:228} INFO - Task exited with return code 0
[2023-12-28T16:51:48.623+0000] {taskinstance.py:2778} INFO - 1 downstream tasks scheduled from follow-on schedule check
[2023-12-28T16:54:48.455+0000] {logging_mixin.py:154} INFO - Changing /opt/***/logs/dag_id=air_quality/run_id=scheduled__2023-12-12T04:00:00+00:00/task_id=Check_Response permission to 509
[2023-12-28T16:54:48.471+0000] {logging_mixin.py:154} INFO - Failed to change /opt/***/logs/dag_id=air_quality/run_id=scheduled__2023-12-12T04:00:00+00:00/task_id=Check_Response permission to 509: [Errno 1] Operation not permitted: '/opt/***/logs/dag_id=air_quality/run_id=scheduled__2023-12-12T04:00:00+00:00/task_id=Check_Response'
[2023-12-28T16:54:48.691+0000] {logging_mixin.py:154} INFO - Changing /opt/***/logs/dag_id=air_quality/run_id=scheduled__2023-12-12T04:00:00+00:00/task_id=Check_Response permission to 509
[2023-12-28T16:54:48.693+0000] {logging_mixin.py:154} INFO - Failed to change /opt/***/logs/dag_id=air_quality/run_id=scheduled__2023-12-12T04:00:00+00:00/task_id=Check_Response permission to 509: [Errno 1] Operation not permitted: '/opt/***/logs/dag_id=air_quality/run_id=scheduled__2023-12-12T04:00:00+00:00/task_id=Check_Response'
[2023-12-28T16:54:48.847+0000] {taskinstance.py:1159} INFO - Dependencies all met for dep_context=non-requeueable deps ti=<TaskInstance: air_quality.Check_Response scheduled__2023-12-12T04:00:00+00:00 [queued]>
[2023-12-28T16:54:48.897+0000] {taskinstance.py:1159} INFO - Dependencies all met for dep_context=requeueable deps ti=<TaskInstance: air_quality.Check_Response scheduled__2023-12-12T04:00:00+00:00 [queued]>
[2023-12-28T16:54:48.898+0000] {taskinstance.py:1361} INFO - Starting attempt 1 of 2
[2023-12-28T16:54:48.949+0000] {taskinstance.py:1382} INFO - Executing <Task(BranchPythonOperator): Check_Response> on 2023-12-12 04:00:00+00:00
[2023-12-28T16:54:48.975+0000] {standard_task_runner.py:57} INFO - Started process 1204 to run task
[2023-12-28T16:54:48.993+0000] {standard_task_runner.py:84} INFO - Running: ['***', 'tasks', 'run', 'air_quality', 'Check_Response', 'scheduled__2023-12-12T04:00:00+00:00', '--job-id', '1108', '--raw', '--subdir', 'DAGS_FOLDER/airQuality.py', '--cfg-path', '/tmp/tmpprx3haz4']
[2023-12-28T16:54:48.995+0000] {standard_task_runner.py:85} INFO - Job 1108: Subtask Check_Response
[2023-12-28T16:54:49.131+0000] {logging_mixin.py:154} INFO - Changing /opt/***/logs/dag_id=air_quality/run_id=scheduled__2023-12-12T04:00:00+00:00/task_id=Check_Response permission to 509
[2023-12-28T16:54:49.146+0000] {logging_mixin.py:154} INFO - Failed to change /opt/***/logs/dag_id=air_quality/run_id=scheduled__2023-12-12T04:00:00+00:00/task_id=Check_Response permission to 509: [Errno 1] Operation not permitted: '/opt/***/logs/dag_id=air_quality/run_id=scheduled__2023-12-12T04:00:00+00:00/task_id=Check_Response'
[2023-12-28T16:54:49.155+0000] {task_command.py:416} INFO - Running <TaskInstance: air_quality.Check_Response scheduled__2023-12-12T04:00:00+00:00 [running]> on host d67dd4682ccf
[2023-12-28T16:54:49.598+0000] {taskinstance.py:1662} INFO - Exporting env vars: AIRFLOW_CTX_DAG_OWNER='ghifari' AIRFLOW_CTX_DAG_ID='air_quality' AIRFLOW_CTX_TASK_ID='Check_Response' AIRFLOW_CTX_EXECUTION_DATE='2023-12-12T04:00:00+00:00' AIRFLOW_CTX_TRY_NUMBER='1' AIRFLOW_CTX_DAG_RUN_ID='scheduled__2023-12-12T04:00:00+00:00'
[2023-12-28T16:54:49.717+0000] {airQuality.py:90} INFO - Data Found: {'city': ['Jakarta'], 'country': ['ID'], 'unit': ['o3'], 'last_value': [-0.999], 'lat': [-6.182536], 'lng': [106.834236]}
[2023-12-28T16:54:49.726+0000] {python.py:194} INFO - Done. Returned value was: Transform
[2023-12-28T16:54:49.734+0000] {python.py:227} INFO - Branch callable return Transform
[2023-12-28T16:54:49.741+0000] {skipmixin.py:173} INFO - Following branch Transform
[2023-12-28T16:54:49.881+0000] {skipmixin.py:239} INFO - Skipping tasks [('Error_Response', -1)]
[2023-12-28T16:54:50.138+0000] {taskinstance.py:1400} INFO - Marking task as SUCCESS. dag_id=air_quality, task_id=Check_Response, execution_date=20231212T040000, start_date=20231228T165448, end_date=20231228T165450
[2023-12-28T16:54:50.334+0000] {local_task_job_runner.py:228} INFO - Task exited with return code 0
[2023-12-28T16:54:50.481+0000] {taskinstance.py:2778} INFO - 1 downstream tasks scheduled from follow-on schedule check
