[2023-12-17T11:19:18.427+0000] {logging_mixin.py:154} INFO - Changing /opt/***/logs/dag_id=air_quality/run_id=scheduled__2023-12-12T04:00:00+00:00/task_id=Insert_Data permission to 509
[2023-12-17T11:19:18.430+0000] {logging_mixin.py:154} INFO - Failed to change /opt/***/logs/dag_id=air_quality/run_id=scheduled__2023-12-12T04:00:00+00:00/task_id=Insert_Data permission to 509: [Errno 1] Operation not permitted: '/opt/***/logs/dag_id=air_quality/run_id=scheduled__2023-12-12T04:00:00+00:00/task_id=Insert_Data'
[2023-12-17T11:19:18.742+0000] {logging_mixin.py:154} INFO - Changing /opt/***/logs/dag_id=air_quality/run_id=scheduled__2023-12-12T04:00:00+00:00/task_id=Insert_Data permission to 509
[2023-12-17T11:19:18.743+0000] {logging_mixin.py:154} INFO - Failed to change /opt/***/logs/dag_id=air_quality/run_id=scheduled__2023-12-12T04:00:00+00:00/task_id=Insert_Data permission to 509: [Errno 1] Operation not permitted: '/opt/***/logs/dag_id=air_quality/run_id=scheduled__2023-12-12T04:00:00+00:00/task_id=Insert_Data'
[2023-12-17T11:19:18.874+0000] {taskinstance.py:1159} INFO - Dependencies all met for dep_context=non-requeueable deps ti=<TaskInstance: air_quality.Insert_Data scheduled__2023-12-12T04:00:00+00:00 [queued]>
[2023-12-17T11:19:18.981+0000] {taskinstance.py:1159} INFO - Dependencies all met for dep_context=requeueable deps ti=<TaskInstance: air_quality.Insert_Data scheduled__2023-12-12T04:00:00+00:00 [queued]>
[2023-12-17T11:19:18.985+0000] {taskinstance.py:1361} INFO - Starting attempt 1 of 2
[2023-12-17T11:19:19.088+0000] {taskinstance.py:1382} INFO - Executing <Task(PythonOperator): Insert_Data> on 2023-12-12 04:00:00+00:00
[2023-12-17T11:19:19.105+0000] {standard_task_runner.py:57} INFO - Started process 2486 to run task
[2023-12-17T11:19:19.146+0000] {standard_task_runner.py:84} INFO - Running: ['***', 'tasks', 'run', 'air_quality', 'Insert_Data', 'scheduled__2023-12-12T04:00:00+00:00', '--job-id', '429', '--raw', '--subdir', 'DAGS_FOLDER/airQuality.py', '--cfg-path', '/tmp/tmpw8xe9ilo']
[2023-12-17T11:19:19.151+0000] {standard_task_runner.py:85} INFO - Job 429: Subtask Insert_Data
[2023-12-17T11:19:19.428+0000] {logging_mixin.py:154} INFO - Changing /opt/***/logs/dag_id=air_quality/run_id=scheduled__2023-12-12T04:00:00+00:00/task_id=Insert_Data permission to 509
[2023-12-17T11:19:19.429+0000] {logging_mixin.py:154} INFO - Failed to change /opt/***/logs/dag_id=air_quality/run_id=scheduled__2023-12-12T04:00:00+00:00/task_id=Insert_Data permission to 509: [Errno 1] Operation not permitted: '/opt/***/logs/dag_id=air_quality/run_id=scheduled__2023-12-12T04:00:00+00:00/task_id=Insert_Data'
[2023-12-17T11:19:19.433+0000] {task_command.py:416} INFO - Running <TaskInstance: air_quality.Insert_Data scheduled__2023-12-12T04:00:00+00:00 [running]> on host 1a58977f5573
[2023-12-17T11:19:19.798+0000] {taskinstance.py:1662} INFO - Exporting env vars: AIRFLOW_CTX_DAG_OWNER='ghifari' AIRFLOW_CTX_DAG_ID='air_quality' AIRFLOW_CTX_TASK_ID='Insert_Data' AIRFLOW_CTX_EXECUTION_DATE='2023-12-12T04:00:00+00:00' AIRFLOW_CTX_TRY_NUMBER='1' AIRFLOW_CTX_DAG_RUN_ID='scheduled__2023-12-12T04:00:00+00:00'
[2023-12-17T11:19:22.147+0000] {logging_mixin.py:154} INFO - city           object
country        object
unit           object
last_value    float64
lat           float64
lng           float64
dtype: object
[2023-12-17T11:19:22.183+0000] {base.py:73} INFO - Using connection ID 'neonServerDB-Postgres' for task execution.
[2023-12-17T11:19:23.557+0000] {python.py:194} INFO - Done. Returned value was: None
[2023-12-17T11:19:23.599+0000] {taskinstance.py:1400} INFO - Marking task as SUCCESS. dag_id=air_quality, task_id=Insert_Data, execution_date=20231212T040000, start_date=20231217T111918, end_date=20231217T111923
[2023-12-17T11:19:23.778+0000] {local_task_job_runner.py:228} INFO - Task exited with return code 0
[2023-12-17T11:19:23.825+0000] {taskinstance.py:2778} INFO - 0 downstream tasks scheduled from follow-on schedule check
[2023-12-17T12:18:29.301+0000] {logging_mixin.py:154} INFO - Changing /opt/***/logs/dag_id=air_quality/run_id=scheduled__2023-12-12T04:00:00+00:00/task_id=Insert_Data permission to 509
[2023-12-17T12:18:29.321+0000] {logging_mixin.py:154} INFO - Failed to change /opt/***/logs/dag_id=air_quality/run_id=scheduled__2023-12-12T04:00:00+00:00/task_id=Insert_Data permission to 509: [Errno 1] Operation not permitted: '/opt/***/logs/dag_id=air_quality/run_id=scheduled__2023-12-12T04:00:00+00:00/task_id=Insert_Data'
[2023-12-17T12:18:29.536+0000] {logging_mixin.py:154} INFO - Changing /opt/***/logs/dag_id=air_quality/run_id=scheduled__2023-12-12T04:00:00+00:00/task_id=Insert_Data permission to 509
[2023-12-17T12:18:29.538+0000] {logging_mixin.py:154} INFO - Failed to change /opt/***/logs/dag_id=air_quality/run_id=scheduled__2023-12-12T04:00:00+00:00/task_id=Insert_Data permission to 509: [Errno 1] Operation not permitted: '/opt/***/logs/dag_id=air_quality/run_id=scheduled__2023-12-12T04:00:00+00:00/task_id=Insert_Data'
[2023-12-17T12:18:29.705+0000] {taskinstance.py:1159} INFO - Dependencies all met for dep_context=non-requeueable deps ti=<TaskInstance: air_quality.Insert_Data scheduled__2023-12-12T04:00:00+00:00 [queued]>
[2023-12-17T12:18:29.760+0000] {taskinstance.py:1159} INFO - Dependencies all met for dep_context=requeueable deps ti=<TaskInstance: air_quality.Insert_Data scheduled__2023-12-12T04:00:00+00:00 [queued]>
[2023-12-17T12:18:29.764+0000] {taskinstance.py:1361} INFO - Starting attempt 1 of 2
[2023-12-17T12:18:30.070+0000] {taskinstance.py:1382} INFO - Executing <Task(PythonOperator): Insert_Data> on 2023-12-12 04:00:00+00:00
[2023-12-17T12:18:30.077+0000] {standard_task_runner.py:57} INFO - Started process 4256 to run task
[2023-12-17T12:18:30.101+0000] {standard_task_runner.py:84} INFO - Running: ['***', 'tasks', 'run', 'air_quality', 'Insert_Data', 'scheduled__2023-12-12T04:00:00+00:00', '--job-id', '646', '--raw', '--subdir', 'DAGS_FOLDER/airQuality.py', '--cfg-path', '/tmp/tmptfy1iemg']
[2023-12-17T12:18:30.103+0000] {standard_task_runner.py:85} INFO - Job 646: Subtask Insert_Data
[2023-12-17T12:18:30.323+0000] {logging_mixin.py:154} INFO - Changing /opt/***/logs/dag_id=air_quality/run_id=scheduled__2023-12-12T04:00:00+00:00/task_id=Insert_Data permission to 509
[2023-12-17T12:18:30.324+0000] {logging_mixin.py:154} INFO - Failed to change /opt/***/logs/dag_id=air_quality/run_id=scheduled__2023-12-12T04:00:00+00:00/task_id=Insert_Data permission to 509: [Errno 1] Operation not permitted: '/opt/***/logs/dag_id=air_quality/run_id=scheduled__2023-12-12T04:00:00+00:00/task_id=Insert_Data'
[2023-12-17T12:18:30.328+0000] {task_command.py:416} INFO - Running <TaskInstance: air_quality.Insert_Data scheduled__2023-12-12T04:00:00+00:00 [running]> on host 1a58977f5573
[2023-12-17T12:18:30.652+0000] {taskinstance.py:1662} INFO - Exporting env vars: AIRFLOW_CTX_DAG_OWNER='ghifari' AIRFLOW_CTX_DAG_ID='air_quality' AIRFLOW_CTX_TASK_ID='Insert_Data' AIRFLOW_CTX_EXECUTION_DATE='2023-12-12T04:00:00+00:00' AIRFLOW_CTX_TRY_NUMBER='1' AIRFLOW_CTX_DAG_RUN_ID='scheduled__2023-12-12T04:00:00+00:00'
[2023-12-17T12:18:32.269+0000] {logging_mixin.py:154} INFO - city           object
country        object
unit           object
last_value    float64
lat           float64
lng           float64
dtype: object
[2023-12-17T12:18:32.293+0000] {base.py:73} INFO - Using connection ID 'neonServerDB-Postgres' for task execution.
[2023-12-17T12:18:32.904+0000] {python.py:194} INFO - Done. Returned value was: None
[2023-12-17T12:18:32.936+0000] {taskinstance.py:1400} INFO - Marking task as SUCCESS. dag_id=air_quality, task_id=Insert_Data, execution_date=20231212T040000, start_date=20231217T121829, end_date=20231217T121832
[2023-12-17T12:18:33.064+0000] {local_task_job_runner.py:228} INFO - Task exited with return code 0
[2023-12-17T12:18:33.140+0000] {taskinstance.py:2778} INFO - 0 downstream tasks scheduled from follow-on schedule check
[2023-12-17T12:19:12.306+0000] {logging_mixin.py:154} INFO - Changing /opt/***/logs/dag_id=air_quality/run_id=scheduled__2023-12-12T04:00:00+00:00/task_id=Insert_Data permission to 509
[2023-12-17T12:19:12.309+0000] {logging_mixin.py:154} INFO - Failed to change /opt/***/logs/dag_id=air_quality/run_id=scheduled__2023-12-12T04:00:00+00:00/task_id=Insert_Data permission to 509: [Errno 1] Operation not permitted: '/opt/***/logs/dag_id=air_quality/run_id=scheduled__2023-12-12T04:00:00+00:00/task_id=Insert_Data'
[2023-12-17T12:19:12.359+0000] {logging_mixin.py:154} INFO - Changing /opt/***/logs/dag_id=air_quality/run_id=scheduled__2023-12-12T04:00:00+00:00/task_id=Insert_Data permission to 509
[2023-12-17T12:19:12.360+0000] {logging_mixin.py:154} INFO - Failed to change /opt/***/logs/dag_id=air_quality/run_id=scheduled__2023-12-12T04:00:00+00:00/task_id=Insert_Data permission to 509: [Errno 1] Operation not permitted: '/opt/***/logs/dag_id=air_quality/run_id=scheduled__2023-12-12T04:00:00+00:00/task_id=Insert_Data'
[2023-12-17T12:19:12.429+0000] {taskinstance.py:1159} INFO - Dependencies all met for dep_context=non-requeueable deps ti=<TaskInstance: air_quality.Insert_Data scheduled__2023-12-12T04:00:00+00:00 [queued]>
[2023-12-17T12:19:12.459+0000] {taskinstance.py:1159} INFO - Dependencies all met for dep_context=requeueable deps ti=<TaskInstance: air_quality.Insert_Data scheduled__2023-12-12T04:00:00+00:00 [queued]>
[2023-12-17T12:19:12.460+0000] {taskinstance.py:1361} INFO - Starting attempt 1 of 2
[2023-12-17T12:19:12.486+0000] {taskinstance.py:1382} INFO - Executing <Task(PythonOperator): Insert_Data> on 2023-12-12 04:00:00+00:00
[2023-12-17T12:19:12.492+0000] {standard_task_runner.py:57} INFO - Started process 4608 to run task
[2023-12-17T12:19:12.496+0000] {standard_task_runner.py:84} INFO - Running: ['***', 'tasks', 'run', 'air_quality', 'Insert_Data', 'scheduled__2023-12-12T04:00:00+00:00', '--job-id', '716', '--raw', '--subdir', 'DAGS_FOLDER/airQuality.py', '--cfg-path', '/tmp/tmplxscslfh']
[2023-12-17T12:19:12.498+0000] {standard_task_runner.py:85} INFO - Job 716: Subtask Insert_Data
[2023-12-17T12:19:12.566+0000] {logging_mixin.py:154} INFO - Changing /opt/***/logs/dag_id=air_quality/run_id=scheduled__2023-12-12T04:00:00+00:00/task_id=Insert_Data permission to 509
[2023-12-17T12:19:12.567+0000] {logging_mixin.py:154} INFO - Failed to change /opt/***/logs/dag_id=air_quality/run_id=scheduled__2023-12-12T04:00:00+00:00/task_id=Insert_Data permission to 509: [Errno 1] Operation not permitted: '/opt/***/logs/dag_id=air_quality/run_id=scheduled__2023-12-12T04:00:00+00:00/task_id=Insert_Data'
[2023-12-17T12:19:12.570+0000] {task_command.py:416} INFO - Running <TaskInstance: air_quality.Insert_Data scheduled__2023-12-12T04:00:00+00:00 [running]> on host 1a58977f5573
[2023-12-17T12:19:12.689+0000] {taskinstance.py:1662} INFO - Exporting env vars: AIRFLOW_CTX_DAG_OWNER='ghifari' AIRFLOW_CTX_DAG_ID='air_quality' AIRFLOW_CTX_TASK_ID='Insert_Data' AIRFLOW_CTX_EXECUTION_DATE='2023-12-12T04:00:00+00:00' AIRFLOW_CTX_TRY_NUMBER='1' AIRFLOW_CTX_DAG_RUN_ID='scheduled__2023-12-12T04:00:00+00:00'
[2023-12-17T12:19:13.777+0000] {logging_mixin.py:154} INFO - city           object
country        object
unit           object
last_value    float64
lat           float64
lng           float64
dtype: object
[2023-12-17T12:19:13.800+0000] {base.py:73} INFO - Using connection ID 'neonServerDB-Postgres' for task execution.
[2023-12-17T12:19:14.482+0000] {python.py:194} INFO - Done. Returned value was: None
[2023-12-17T12:19:14.497+0000] {taskinstance.py:1400} INFO - Marking task as SUCCESS. dag_id=air_quality, task_id=Insert_Data, execution_date=20231212T040000, start_date=20231217T121912, end_date=20231217T121914
[2023-12-17T12:19:14.559+0000] {local_task_job_runner.py:228} INFO - Task exited with return code 0
[2023-12-17T12:19:14.592+0000] {taskinstance.py:2778} INFO - 0 downstream tasks scheduled from follow-on schedule check
[2023-12-28T16:52:12.882+0000] {logging_mixin.py:154} INFO - Changing /opt/***/logs/dag_id=air_quality/run_id=scheduled__2023-12-12T04:00:00+00:00/task_id=Insert_Data permission to 509
[2023-12-28T16:52:12.888+0000] {logging_mixin.py:154} INFO - Failed to change /opt/***/logs/dag_id=air_quality/run_id=scheduled__2023-12-12T04:00:00+00:00/task_id=Insert_Data permission to 509: [Errno 1] Operation not permitted: '/opt/***/logs/dag_id=air_quality/run_id=scheduled__2023-12-12T04:00:00+00:00/task_id=Insert_Data'
[2023-12-28T16:52:13.046+0000] {logging_mixin.py:154} INFO - Changing /opt/***/logs/dag_id=air_quality/run_id=scheduled__2023-12-12T04:00:00+00:00/task_id=Insert_Data permission to 509
[2023-12-28T16:52:13.049+0000] {logging_mixin.py:154} INFO - Failed to change /opt/***/logs/dag_id=air_quality/run_id=scheduled__2023-12-12T04:00:00+00:00/task_id=Insert_Data permission to 509: [Errno 1] Operation not permitted: '/opt/***/logs/dag_id=air_quality/run_id=scheduled__2023-12-12T04:00:00+00:00/task_id=Insert_Data'
[2023-12-28T16:52:13.325+0000] {taskinstance.py:1159} INFO - Dependencies all met for dep_context=non-requeueable deps ti=<TaskInstance: air_quality.Insert_Data scheduled__2023-12-12T04:00:00+00:00 [queued]>
[2023-12-28T16:52:13.411+0000] {taskinstance.py:1159} INFO - Dependencies all met for dep_context=requeueable deps ti=<TaskInstance: air_quality.Insert_Data scheduled__2023-12-12T04:00:00+00:00 [queued]>
[2023-12-28T16:52:13.414+0000] {taskinstance.py:1361} INFO - Starting attempt 1 of 2
[2023-12-28T16:52:13.509+0000] {taskinstance.py:1382} INFO - Executing <Task(PythonOperator): Insert_Data> on 2023-12-12 04:00:00+00:00
[2023-12-28T16:52:13.548+0000] {standard_task_runner.py:57} INFO - Started process 364 to run task
[2023-12-28T16:52:13.608+0000] {standard_task_runner.py:84} INFO - Running: ['***', 'tasks', 'run', 'air_quality', 'Insert_Data', 'scheduled__2023-12-12T04:00:00+00:00', '--job-id', '922', '--raw', '--subdir', 'DAGS_FOLDER/airQuality.py', '--cfg-path', '/tmp/tmpmjmgbxw2']
[2023-12-28T16:52:13.650+0000] {standard_task_runner.py:85} INFO - Job 922: Subtask Insert_Data
[2023-12-28T16:52:13.939+0000] {logging_mixin.py:154} INFO - Changing /opt/***/logs/dag_id=air_quality/run_id=scheduled__2023-12-12T04:00:00+00:00/task_id=Insert_Data permission to 509
[2023-12-28T16:52:13.946+0000] {logging_mixin.py:154} INFO - Failed to change /opt/***/logs/dag_id=air_quality/run_id=scheduled__2023-12-12T04:00:00+00:00/task_id=Insert_Data permission to 509: [Errno 1] Operation not permitted: '/opt/***/logs/dag_id=air_quality/run_id=scheduled__2023-12-12T04:00:00+00:00/task_id=Insert_Data'
[2023-12-28T16:52:13.977+0000] {task_command.py:416} INFO - Running <TaskInstance: air_quality.Insert_Data scheduled__2023-12-12T04:00:00+00:00 [running]> on host d67dd4682ccf
[2023-12-28T16:52:14.295+0000] {taskinstance.py:1662} INFO - Exporting env vars: AIRFLOW_CTX_DAG_OWNER='ghifari' AIRFLOW_CTX_DAG_ID='air_quality' AIRFLOW_CTX_TASK_ID='Insert_Data' AIRFLOW_CTX_EXECUTION_DATE='2023-12-12T04:00:00+00:00' AIRFLOW_CTX_TRY_NUMBER='1' AIRFLOW_CTX_DAG_RUN_ID='scheduled__2023-12-12T04:00:00+00:00'
[2023-12-28T16:52:17.252+0000] {logging_mixin.py:154} INFO - city           object
country        object
unit           object
last_value    float64
lat           float64
lng           float64
dtype: object
[2023-12-28T16:52:17.315+0000] {base.py:73} INFO - Using connection ID 'neonServerDB-Postgres' for task execution.
[2023-12-28T16:52:17.671+0000] {python.py:194} INFO - Done. Returned value was: None
[2023-12-28T16:52:17.763+0000] {taskinstance.py:1400} INFO - Marking task as SUCCESS. dag_id=air_quality, task_id=Insert_Data, execution_date=20231212T040000, start_date=20231228T165213, end_date=20231228T165217
[2023-12-28T16:52:18.040+0000] {local_task_job_runner.py:228} INFO - Task exited with return code 0
[2023-12-28T16:52:18.115+0000] {taskinstance.py:2778} INFO - 0 downstream tasks scheduled from follow-on schedule check
[2023-12-28T16:55:18.265+0000] {logging_mixin.py:154} INFO - Changing /opt/***/logs/dag_id=air_quality/run_id=scheduled__2023-12-12T04:00:00+00:00/task_id=Insert_Data permission to 509
[2023-12-28T16:55:18.279+0000] {logging_mixin.py:154} INFO - Failed to change /opt/***/logs/dag_id=air_quality/run_id=scheduled__2023-12-12T04:00:00+00:00/task_id=Insert_Data permission to 509: [Errno 1] Operation not permitted: '/opt/***/logs/dag_id=air_quality/run_id=scheduled__2023-12-12T04:00:00+00:00/task_id=Insert_Data'
[2023-12-28T16:55:18.459+0000] {logging_mixin.py:154} INFO - Changing /opt/***/logs/dag_id=air_quality/run_id=scheduled__2023-12-12T04:00:00+00:00/task_id=Insert_Data permission to 509
[2023-12-28T16:55:18.463+0000] {logging_mixin.py:154} INFO - Failed to change /opt/***/logs/dag_id=air_quality/run_id=scheduled__2023-12-12T04:00:00+00:00/task_id=Insert_Data permission to 509: [Errno 1] Operation not permitted: '/opt/***/logs/dag_id=air_quality/run_id=scheduled__2023-12-12T04:00:00+00:00/task_id=Insert_Data'
[2023-12-28T16:55:18.749+0000] {taskinstance.py:1159} INFO - Dependencies all met for dep_context=non-requeueable deps ti=<TaskInstance: air_quality.Insert_Data scheduled__2023-12-12T04:00:00+00:00 [queued]>
[2023-12-28T16:55:18.826+0000] {taskinstance.py:1159} INFO - Dependencies all met for dep_context=requeueable deps ti=<TaskInstance: air_quality.Insert_Data scheduled__2023-12-12T04:00:00+00:00 [queued]>
[2023-12-28T16:55:18.827+0000] {taskinstance.py:1361} INFO - Starting attempt 1 of 2
[2023-12-28T16:55:18.941+0000] {taskinstance.py:1382} INFO - Executing <Task(PythonOperator): Insert_Data> on 2023-12-12 04:00:00+00:00
[2023-12-28T16:55:18.998+0000] {standard_task_runner.py:57} INFO - Started process 1379 to run task
[2023-12-28T16:55:19.030+0000] {standard_task_runner.py:84} INFO - Running: ['***', 'tasks', 'run', 'air_quality', 'Insert_Data', 'scheduled__2023-12-12T04:00:00+00:00', '--job-id', '1171', '--raw', '--subdir', 'DAGS_FOLDER/airQuality.py', '--cfg-path', '/tmp/tmpgmwdvxsa']
[2023-12-28T16:55:19.037+0000] {standard_task_runner.py:85} INFO - Job 1171: Subtask Insert_Data
[2023-12-28T16:55:19.369+0000] {logging_mixin.py:154} INFO - Changing /opt/***/logs/dag_id=air_quality/run_id=scheduled__2023-12-12T04:00:00+00:00/task_id=Insert_Data permission to 509
[2023-12-28T16:55:19.409+0000] {logging_mixin.py:154} INFO - Failed to change /opt/***/logs/dag_id=air_quality/run_id=scheduled__2023-12-12T04:00:00+00:00/task_id=Insert_Data permission to 509: [Errno 1] Operation not permitted: '/opt/***/logs/dag_id=air_quality/run_id=scheduled__2023-12-12T04:00:00+00:00/task_id=Insert_Data'
[2023-12-28T16:55:19.418+0000] {task_command.py:416} INFO - Running <TaskInstance: air_quality.Insert_Data scheduled__2023-12-12T04:00:00+00:00 [running]> on host d67dd4682ccf
[2023-12-28T16:55:19.784+0000] {taskinstance.py:1662} INFO - Exporting env vars: AIRFLOW_CTX_DAG_OWNER='ghifari' AIRFLOW_CTX_DAG_ID='air_quality' AIRFLOW_CTX_TASK_ID='Insert_Data' AIRFLOW_CTX_EXECUTION_DATE='2023-12-12T04:00:00+00:00' AIRFLOW_CTX_TRY_NUMBER='1' AIRFLOW_CTX_DAG_RUN_ID='scheduled__2023-12-12T04:00:00+00:00'
[2023-12-28T16:55:23.098+0000] {logging_mixin.py:154} INFO - city           object
country        object
unit           object
last_value    float64
lat           float64
lng           float64
dtype: object
[2023-12-28T16:55:23.184+0000] {base.py:73} INFO - Using connection ID 'neonServerDB-Postgres' for task execution.
[2023-12-28T16:55:23.484+0000] {python.py:194} INFO - Done. Returned value was: None
[2023-12-28T16:55:23.527+0000] {taskinstance.py:1400} INFO - Marking task as SUCCESS. dag_id=air_quality, task_id=Insert_Data, execution_date=20231212T040000, start_date=20231228T165518, end_date=20231228T165523
[2023-12-28T16:55:23.702+0000] {local_task_job_runner.py:228} INFO - Task exited with return code 0
[2023-12-28T16:55:23.761+0000] {taskinstance.py:2778} INFO - 0 downstream tasks scheduled from follow-on schedule check
