[2023-12-17T12:17:45.117+0000] {logging_mixin.py:154} INFO - Changing /opt/***/logs/dag_id=air_quality/run_id=scheduled__2023-12-02T04:00:00+00:00/task_id=Create_Table permission to 509
[2023-12-17T12:17:45.133+0000] {logging_mixin.py:154} INFO - Failed to change /opt/***/logs/dag_id=air_quality/run_id=scheduled__2023-12-02T04:00:00+00:00/task_id=Create_Table permission to 509: [Errno 1] Operation not permitted: '/opt/***/logs/dag_id=air_quality/run_id=scheduled__2023-12-02T04:00:00+00:00/task_id=Create_Table'
[2023-12-17T12:17:45.367+0000] {logging_mixin.py:154} INFO - Changing /opt/***/logs/dag_id=air_quality/run_id=scheduled__2023-12-02T04:00:00+00:00/task_id=Create_Table permission to 509
[2023-12-17T12:17:45.370+0000] {logging_mixin.py:154} INFO - Failed to change /opt/***/logs/dag_id=air_quality/run_id=scheduled__2023-12-02T04:00:00+00:00/task_id=Create_Table permission to 509: [Errno 1] Operation not permitted: '/opt/***/logs/dag_id=air_quality/run_id=scheduled__2023-12-02T04:00:00+00:00/task_id=Create_Table'
[2023-12-17T12:17:45.717+0000] {taskinstance.py:1159} INFO - Dependencies all met for dep_context=non-requeueable deps ti=<TaskInstance: air_quality.Create_Table scheduled__2023-12-02T04:00:00+00:00 [queued]>
[2023-12-17T12:17:45.788+0000] {taskinstance.py:1159} INFO - Dependencies all met for dep_context=requeueable deps ti=<TaskInstance: air_quality.Create_Table scheduled__2023-12-02T04:00:00+00:00 [queued]>
[2023-12-17T12:17:45.789+0000] {taskinstance.py:1361} INFO - Starting attempt 2 of 3
[2023-12-17T12:17:45.880+0000] {taskinstance.py:1382} INFO - Executing <Task(PythonOperator): Create_Table> on 2023-12-02 04:00:00+00:00
[2023-12-17T12:17:45.898+0000] {standard_task_runner.py:57} INFO - Started process 3788 to run task
[2023-12-17T12:17:45.934+0000] {standard_task_runner.py:84} INFO - Running: ['***', 'tasks', 'run', 'air_quality', 'Create_Table', 'scheduled__2023-12-02T04:00:00+00:00', '--job-id', '545', '--raw', '--subdir', 'DAGS_FOLDER/airQuality.py', '--cfg-path', '/tmp/tmpjcq0bb0i']
[2023-12-17T12:17:45.939+0000] {standard_task_runner.py:85} INFO - Job 545: Subtask Create_Table
[2023-12-17T12:17:46.254+0000] {logging_mixin.py:154} INFO - Changing /opt/***/logs/dag_id=air_quality/run_id=scheduled__2023-12-02T04:00:00+00:00/task_id=Create_Table permission to 509
[2023-12-17T12:17:46.260+0000] {logging_mixin.py:154} INFO - Failed to change /opt/***/logs/dag_id=air_quality/run_id=scheduled__2023-12-02T04:00:00+00:00/task_id=Create_Table permission to 509: [Errno 1] Operation not permitted: '/opt/***/logs/dag_id=air_quality/run_id=scheduled__2023-12-02T04:00:00+00:00/task_id=Create_Table'
[2023-12-17T12:17:46.264+0000] {task_command.py:416} INFO - Running <TaskInstance: air_quality.Create_Table scheduled__2023-12-02T04:00:00+00:00 [running]> on host 1a58977f5573
[2023-12-17T12:17:47.020+0000] {taskinstance.py:1662} INFO - Exporting env vars: AIRFLOW_CTX_DAG_OWNER='ghifari' AIRFLOW_CTX_DAG_ID='air_quality' AIRFLOW_CTX_TASK_ID='Create_Table' AIRFLOW_CTX_EXECUTION_DATE='2023-12-02T04:00:00+00:00' AIRFLOW_CTX_TRY_NUMBER='2' AIRFLOW_CTX_DAG_RUN_ID='scheduled__2023-12-02T04:00:00+00:00'
[2023-12-17T12:17:47.110+0000] {base.py:73} INFO - Using connection ID 'neonServerDB-Postgres' for task execution.
[2023-12-17T12:17:47.952+0000] {airQuality.py:161} INFO - Table air_quality Already Exist
[2023-12-17T12:17:47.979+0000] {python.py:194} INFO - Done. Returned value was: 
        CREATE TABLE air_quality (
            id serial primary key, 
            city varchar(250),
            country varchar(250), 
            unit varchar(20), 
            last_value float8, 
            lat float8,
            lng float8
        )
    
[2023-12-17T12:17:48.013+0000] {taskinstance.py:1400} INFO - Marking task as SUCCESS. dag_id=air_quality, task_id=Create_Table, execution_date=20231202T040000, start_date=20231217T121745, end_date=20231217T121748
[2023-12-17T12:17:48.080+0000] {local_task_job_runner.py:228} INFO - Task exited with return code 0
[2023-12-17T12:17:48.126+0000] {taskinstance.py:2778} INFO - 1 downstream tasks scheduled from follow-on schedule check
