[2023-12-14T14:19:09.205+0000] {logging_mixin.py:154} INFO - Changing /opt/***/logs/dag_id=air_quality/run_id=manual__2023-12-14T14:14:06.892243+00:00/task_id=ETL permission to 509
[2023-12-14T14:19:09.207+0000] {logging_mixin.py:154} INFO - Failed to change /opt/***/logs/dag_id=air_quality/run_id=manual__2023-12-14T14:14:06.892243+00:00/task_id=ETL permission to 509: [Errno 1] Operation not permitted: '/opt/***/logs/dag_id=air_quality/run_id=manual__2023-12-14T14:14:06.892243+00:00/task_id=ETL'
[2023-12-14T14:19:09.237+0000] {logging_mixin.py:154} INFO - Changing /opt/***/logs/dag_id=air_quality/run_id=manual__2023-12-14T14:14:06.892243+00:00/task_id=ETL permission to 509
[2023-12-14T14:19:09.238+0000] {logging_mixin.py:154} INFO - Failed to change /opt/***/logs/dag_id=air_quality/run_id=manual__2023-12-14T14:14:06.892243+00:00/task_id=ETL permission to 509: [Errno 1] Operation not permitted: '/opt/***/logs/dag_id=air_quality/run_id=manual__2023-12-14T14:14:06.892243+00:00/task_id=ETL'
[2023-12-14T14:19:09.276+0000] {taskinstance.py:1159} INFO - Dependencies all met for dep_context=non-requeueable deps ti=<TaskInstance: air_quality.ETL manual__2023-12-14T14:14:06.892243+00:00 [queued]>
[2023-12-14T14:19:09.287+0000] {taskinstance.py:1159} INFO - Dependencies all met for dep_context=requeueable deps ti=<TaskInstance: air_quality.ETL manual__2023-12-14T14:14:06.892243+00:00 [queued]>
[2023-12-14T14:19:09.288+0000] {taskinstance.py:1361} INFO - Starting attempt 2 of 2
[2023-12-14T14:19:09.308+0000] {taskinstance.py:1382} INFO - Executing <Task(PythonOperator): ETL> on 2023-12-14 14:14:06.892243+00:00
[2023-12-14T14:19:09.312+0000] {standard_task_runner.py:57} INFO - Started process 2478 to run task
[2023-12-14T14:19:09.316+0000] {standard_task_runner.py:84} INFO - Running: ['***', 'tasks', 'run', 'air_quality', 'ETL', 'manual__2023-12-14T14:14:06.892243+00:00', '--job-id', '44', '--raw', '--subdir', 'DAGS_FOLDER/airQuality.py', '--cfg-path', '/tmp/tmpkqsgjhow']
[2023-12-14T14:19:09.318+0000] {standard_task_runner.py:85} INFO - Job 44: Subtask ETL
[2023-12-14T14:19:09.370+0000] {logging_mixin.py:154} INFO - Changing /opt/***/logs/dag_id=air_quality/run_id=manual__2023-12-14T14:14:06.892243+00:00/task_id=ETL permission to 509
[2023-12-14T14:19:09.371+0000] {logging_mixin.py:154} INFO - Failed to change /opt/***/logs/dag_id=air_quality/run_id=manual__2023-12-14T14:14:06.892243+00:00/task_id=ETL permission to 509: [Errno 1] Operation not permitted: '/opt/***/logs/dag_id=air_quality/run_id=manual__2023-12-14T14:14:06.892243+00:00/task_id=ETL'
[2023-12-14T14:19:09.373+0000] {task_command.py:416} INFO - Running <TaskInstance: air_quality.ETL manual__2023-12-14T14:14:06.892243+00:00 [running]> on host d739bc9bef06
[2023-12-14T14:19:09.453+0000] {taskinstance.py:1662} INFO - Exporting env vars: AIRFLOW_CTX_DAG_OWNER='ghifari' AIRFLOW_CTX_DAG_ID='air_quality' AIRFLOW_CTX_TASK_ID='ETL' AIRFLOW_CTX_EXECUTION_DATE='2023-12-14T14:14:06.892243+00:00' AIRFLOW_CTX_TRY_NUMBER='2' AIRFLOW_CTX_DAG_RUN_ID='manual__2023-12-14T14:14:06.892243+00:00'
[2023-12-14T14:19:09.456+0000] {taskinstance.py:1937} ERROR - Task failed with exception
Traceback (most recent call last):
  File "/home/airflow/.local/lib/python3.8/site-packages/airflow/operators/python.py", line 192, in execute
    return_value = self.execute_callable()
  File "/home/airflow/.local/lib/python3.8/site-packages/airflow/operators/python.py", line 209, in execute_callable
    return self.python_callable(*self.op_args, **self.op_kwargs)
  File "/opt/airflow/dags/airQuality.py", line 28, in ETL_airQuality
    response = requests.get(url=url, headers=headers)
  File "/home/airflow/.local/lib/python3.8/site-packages/requests/api.py", line 73, in get
    return request("get", url, params=params, **kwargs)
  File "/home/airflow/.local/lib/python3.8/site-packages/requests/api.py", line 59, in request
    return session.request(method=method, url=url, **kwargs)
  File "/home/airflow/.local/lib/python3.8/site-packages/requests/sessions.py", line 575, in request
    prep = self.prepare_request(req)
  File "/home/airflow/.local/lib/python3.8/site-packages/requests/sessions.py", line 486, in prepare_request
    p.prepare(
  File "/home/airflow/.local/lib/python3.8/site-packages/requests/models.py", line 369, in prepare
    self.prepare_headers(headers)
  File "/home/airflow/.local/lib/python3.8/site-packages/requests/models.py", line 489, in prepare_headers
    for header in headers.items():
AttributeError: 'str' object has no attribute 'items'
[2023-12-14T14:19:09.474+0000] {taskinstance.py:1400} INFO - Marking task as FAILED. dag_id=air_quality, task_id=ETL, execution_date=20231214T141406, start_date=20231214T141909, end_date=20231214T141909
[2023-12-14T14:19:09.489+0000] {standard_task_runner.py:104} ERROR - Failed to execute job 44 for task ETL ('str' object has no attribute 'items'; 2478)
[2023-12-14T14:19:09.530+0000] {local_task_job_runner.py:228} INFO - Task exited with return code 1
[2023-12-14T14:19:09.548+0000] {taskinstance.py:2778} INFO - 0 downstream tasks scheduled from follow-on schedule check
