[2023-12-17T11:19:18.406+0000] {logging_mixin.py:154} INFO - Changing /opt/***/logs/dag_id=air_quality/run_id=scheduled__2023-12-13T04:00:00+00:00/task_id=Insert_Data permission to 509
[2023-12-17T11:19:18.409+0000] {logging_mixin.py:154} INFO - Failed to change /opt/***/logs/dag_id=air_quality/run_id=scheduled__2023-12-13T04:00:00+00:00/task_id=Insert_Data permission to 509: [Errno 1] Operation not permitted: '/opt/***/logs/dag_id=air_quality/run_id=scheduled__2023-12-13T04:00:00+00:00/task_id=Insert_Data'
[2023-12-17T11:19:18.679+0000] {logging_mixin.py:154} INFO - Changing /opt/***/logs/dag_id=air_quality/run_id=scheduled__2023-12-13T04:00:00+00:00/task_id=Insert_Data permission to 509
[2023-12-17T11:19:18.684+0000] {logging_mixin.py:154} INFO - Failed to change /opt/***/logs/dag_id=air_quality/run_id=scheduled__2023-12-13T04:00:00+00:00/task_id=Insert_Data permission to 509: [Errno 1] Operation not permitted: '/opt/***/logs/dag_id=air_quality/run_id=scheduled__2023-12-13T04:00:00+00:00/task_id=Insert_Data'
[2023-12-17T11:19:19.004+0000] {taskinstance.py:1159} INFO - Dependencies all met for dep_context=non-requeueable deps ti=<TaskInstance: air_quality.Insert_Data scheduled__2023-12-13T04:00:00+00:00 [queued]>
[2023-12-17T11:19:19.084+0000] {taskinstance.py:1159} INFO - Dependencies all met for dep_context=requeueable deps ti=<TaskInstance: air_quality.Insert_Data scheduled__2023-12-13T04:00:00+00:00 [queued]>
[2023-12-17T11:19:19.099+0000] {taskinstance.py:1361} INFO - Starting attempt 1 of 2
[2023-12-17T11:19:19.209+0000] {taskinstance.py:1382} INFO - Executing <Task(PythonOperator): Insert_Data> on 2023-12-13 04:00:00+00:00
[2023-12-17T11:19:19.224+0000] {standard_task_runner.py:57} INFO - Started process 2490 to run task
[2023-12-17T11:19:19.264+0000] {standard_task_runner.py:84} INFO - Running: ['***', 'tasks', 'run', 'air_quality', 'Insert_Data', 'scheduled__2023-12-13T04:00:00+00:00', '--job-id', '425', '--raw', '--subdir', 'DAGS_FOLDER/airQuality.py', '--cfg-path', '/tmp/tmpz3rwefk2']
[2023-12-17T11:19:19.282+0000] {standard_task_runner.py:85} INFO - Job 425: Subtask Insert_Data
[2023-12-17T11:19:19.484+0000] {logging_mixin.py:154} INFO - Changing /opt/***/logs/dag_id=air_quality/run_id=scheduled__2023-12-13T04:00:00+00:00/task_id=Insert_Data permission to 509
[2023-12-17T11:19:19.488+0000] {logging_mixin.py:154} INFO - Failed to change /opt/***/logs/dag_id=air_quality/run_id=scheduled__2023-12-13T04:00:00+00:00/task_id=Insert_Data permission to 509: [Errno 1] Operation not permitted: '/opt/***/logs/dag_id=air_quality/run_id=scheduled__2023-12-13T04:00:00+00:00/task_id=Insert_Data'
[2023-12-17T11:19:19.504+0000] {task_command.py:416} INFO - Running <TaskInstance: air_quality.Insert_Data scheduled__2023-12-13T04:00:00+00:00 [running]> on host 1a58977f5573
[2023-12-17T11:19:20.045+0000] {taskinstance.py:1662} INFO - Exporting env vars: AIRFLOW_CTX_DAG_OWNER='ghifari' AIRFLOW_CTX_DAG_ID='air_quality' AIRFLOW_CTX_TASK_ID='Insert_Data' AIRFLOW_CTX_EXECUTION_DATE='2023-12-13T04:00:00+00:00' AIRFLOW_CTX_TRY_NUMBER='1' AIRFLOW_CTX_DAG_RUN_ID='scheduled__2023-12-13T04:00:00+00:00'
[2023-12-17T11:19:22.303+0000] {logging_mixin.py:154} INFO - city           object
country        object
unit           object
last_value    float64
lat           float64
lng           float64
dtype: object
[2023-12-17T11:19:22.324+0000] {base.py:73} INFO - Using connection ID 'neonServerDB-Postgres' for task execution.
[2023-12-17T11:19:23.555+0000] {python.py:194} INFO - Done. Returned value was: None
[2023-12-17T11:19:23.582+0000] {taskinstance.py:1400} INFO - Marking task as SUCCESS. dag_id=air_quality, task_id=Insert_Data, execution_date=20231213T040000, start_date=20231217T111919, end_date=20231217T111923
[2023-12-17T11:19:23.739+0000] {local_task_job_runner.py:228} INFO - Task exited with return code 0
[2023-12-17T11:19:23.788+0000] {taskinstance.py:2778} INFO - 0 downstream tasks scheduled from follow-on schedule check
[2023-12-17T12:18:28.359+0000] {logging_mixin.py:154} INFO - Changing /opt/***/logs/dag_id=air_quality/run_id=scheduled__2023-12-13T04:00:00+00:00/task_id=Insert_Data permission to 509
[2023-12-17T12:18:28.370+0000] {logging_mixin.py:154} INFO - Failed to change /opt/***/logs/dag_id=air_quality/run_id=scheduled__2023-12-13T04:00:00+00:00/task_id=Insert_Data permission to 509: [Errno 1] Operation not permitted: '/opt/***/logs/dag_id=air_quality/run_id=scheduled__2023-12-13T04:00:00+00:00/task_id=Insert_Data'
[2023-12-17T12:18:28.482+0000] {logging_mixin.py:154} INFO - Changing /opt/***/logs/dag_id=air_quality/run_id=scheduled__2023-12-13T04:00:00+00:00/task_id=Insert_Data permission to 509
[2023-12-17T12:18:28.493+0000] {logging_mixin.py:154} INFO - Failed to change /opt/***/logs/dag_id=air_quality/run_id=scheduled__2023-12-13T04:00:00+00:00/task_id=Insert_Data permission to 509: [Errno 1] Operation not permitted: '/opt/***/logs/dag_id=air_quality/run_id=scheduled__2023-12-13T04:00:00+00:00/task_id=Insert_Data'
[2023-12-17T12:18:28.627+0000] {taskinstance.py:1159} INFO - Dependencies all met for dep_context=non-requeueable deps ti=<TaskInstance: air_quality.Insert_Data scheduled__2023-12-13T04:00:00+00:00 [queued]>
[2023-12-17T12:18:28.687+0000] {taskinstance.py:1159} INFO - Dependencies all met for dep_context=requeueable deps ti=<TaskInstance: air_quality.Insert_Data scheduled__2023-12-13T04:00:00+00:00 [queued]>
[2023-12-17T12:18:28.696+0000] {taskinstance.py:1361} INFO - Starting attempt 1 of 2
[2023-12-17T12:18:28.784+0000] {taskinstance.py:1382} INFO - Executing <Task(PythonOperator): Insert_Data> on 2023-12-13 04:00:00+00:00
[2023-12-17T12:18:28.795+0000] {standard_task_runner.py:57} INFO - Started process 4227 to run task
[2023-12-17T12:18:28.802+0000] {standard_task_runner.py:84} INFO - Running: ['***', 'tasks', 'run', 'air_quality', 'Insert_Data', 'scheduled__2023-12-13T04:00:00+00:00', '--job-id', '643', '--raw', '--subdir', 'DAGS_FOLDER/airQuality.py', '--cfg-path', '/tmp/tmp8mzvj6cx']
[2023-12-17T12:18:28.804+0000] {standard_task_runner.py:85} INFO - Job 643: Subtask Insert_Data
[2023-12-17T12:18:28.976+0000] {logging_mixin.py:154} INFO - Changing /opt/***/logs/dag_id=air_quality/run_id=scheduled__2023-12-13T04:00:00+00:00/task_id=Insert_Data permission to 509
[2023-12-17T12:18:28.988+0000] {logging_mixin.py:154} INFO - Failed to change /opt/***/logs/dag_id=air_quality/run_id=scheduled__2023-12-13T04:00:00+00:00/task_id=Insert_Data permission to 509: [Errno 1] Operation not permitted: '/opt/***/logs/dag_id=air_quality/run_id=scheduled__2023-12-13T04:00:00+00:00/task_id=Insert_Data'
[2023-12-17T12:18:28.995+0000] {task_command.py:416} INFO - Running <TaskInstance: air_quality.Insert_Data scheduled__2023-12-13T04:00:00+00:00 [running]> on host 1a58977f5573
[2023-12-17T12:18:29.301+0000] {taskinstance.py:1662} INFO - Exporting env vars: AIRFLOW_CTX_DAG_OWNER='ghifari' AIRFLOW_CTX_DAG_ID='air_quality' AIRFLOW_CTX_TASK_ID='Insert_Data' AIRFLOW_CTX_EXECUTION_DATE='2023-12-13T04:00:00+00:00' AIRFLOW_CTX_TRY_NUMBER='1' AIRFLOW_CTX_DAG_RUN_ID='scheduled__2023-12-13T04:00:00+00:00'
[2023-12-17T12:18:30.810+0000] {logging_mixin.py:154} INFO - city           object
country        object
unit           object
last_value    float64
lat           float64
lng           float64
dtype: object
[2023-12-17T12:18:30.836+0000] {base.py:73} INFO - Using connection ID 'neonServerDB-Postgres' for task execution.
[2023-12-17T12:18:31.763+0000] {python.py:194} INFO - Done. Returned value was: None
[2023-12-17T12:18:31.796+0000] {taskinstance.py:1400} INFO - Marking task as SUCCESS. dag_id=air_quality, task_id=Insert_Data, execution_date=20231213T040000, start_date=20231217T121828, end_date=20231217T121831
[2023-12-17T12:18:31.881+0000] {local_task_job_runner.py:228} INFO - Task exited with return code 0
[2023-12-17T12:18:31.944+0000] {taskinstance.py:2778} INFO - 0 downstream tasks scheduled from follow-on schedule check
[2023-12-17T12:19:00.319+0000] {logging_mixin.py:154} INFO - Changing /opt/***/logs/dag_id=air_quality/run_id=scheduled__2023-12-13T04:00:00+00:00/task_id=Insert_Data permission to 509
[2023-12-17T12:19:00.322+0000] {logging_mixin.py:154} INFO - Failed to change /opt/***/logs/dag_id=air_quality/run_id=scheduled__2023-12-13T04:00:00+00:00/task_id=Insert_Data permission to 509: [Errno 1] Operation not permitted: '/opt/***/logs/dag_id=air_quality/run_id=scheduled__2023-12-13T04:00:00+00:00/task_id=Insert_Data'
[2023-12-17T12:19:00.366+0000] {logging_mixin.py:154} INFO - Changing /opt/***/logs/dag_id=air_quality/run_id=scheduled__2023-12-13T04:00:00+00:00/task_id=Insert_Data permission to 509
[2023-12-17T12:19:00.367+0000] {logging_mixin.py:154} INFO - Failed to change /opt/***/logs/dag_id=air_quality/run_id=scheduled__2023-12-13T04:00:00+00:00/task_id=Insert_Data permission to 509: [Errno 1] Operation not permitted: '/opt/***/logs/dag_id=air_quality/run_id=scheduled__2023-12-13T04:00:00+00:00/task_id=Insert_Data'
[2023-12-17T12:19:00.425+0000] {taskinstance.py:1159} INFO - Dependencies all met for dep_context=non-requeueable deps ti=<TaskInstance: air_quality.Insert_Data scheduled__2023-12-13T04:00:00+00:00 [queued]>
[2023-12-17T12:19:00.440+0000] {taskinstance.py:1159} INFO - Dependencies all met for dep_context=requeueable deps ti=<TaskInstance: air_quality.Insert_Data scheduled__2023-12-13T04:00:00+00:00 [queued]>
[2023-12-17T12:19:00.441+0000] {taskinstance.py:1361} INFO - Starting attempt 1 of 2
[2023-12-17T12:19:00.463+0000] {taskinstance.py:1382} INFO - Executing <Task(PythonOperator): Insert_Data> on 2023-12-13 04:00:00+00:00
[2023-12-17T12:19:00.467+0000] {standard_task_runner.py:57} INFO - Started process 4555 to run task
[2023-12-17T12:19:00.471+0000] {standard_task_runner.py:84} INFO - Running: ['***', 'tasks', 'run', 'air_quality', 'Insert_Data', 'scheduled__2023-12-13T04:00:00+00:00', '--job-id', '698', '--raw', '--subdir', 'DAGS_FOLDER/airQuality.py', '--cfg-path', '/tmp/tmprdw6wr50']
[2023-12-17T12:19:00.473+0000] {standard_task_runner.py:85} INFO - Job 698: Subtask Insert_Data
[2023-12-17T12:19:00.549+0000] {logging_mixin.py:154} INFO - Changing /opt/***/logs/dag_id=air_quality/run_id=scheduled__2023-12-13T04:00:00+00:00/task_id=Insert_Data permission to 509
[2023-12-17T12:19:00.550+0000] {logging_mixin.py:154} INFO - Failed to change /opt/***/logs/dag_id=air_quality/run_id=scheduled__2023-12-13T04:00:00+00:00/task_id=Insert_Data permission to 509: [Errno 1] Operation not permitted: '/opt/***/logs/dag_id=air_quality/run_id=scheduled__2023-12-13T04:00:00+00:00/task_id=Insert_Data'
[2023-12-17T12:19:00.552+0000] {task_command.py:416} INFO - Running <TaskInstance: air_quality.Insert_Data scheduled__2023-12-13T04:00:00+00:00 [running]> on host 1a58977f5573
[2023-12-17T12:19:00.676+0000] {taskinstance.py:1662} INFO - Exporting env vars: AIRFLOW_CTX_DAG_OWNER='ghifari' AIRFLOW_CTX_DAG_ID='air_quality' AIRFLOW_CTX_TASK_ID='Insert_Data' AIRFLOW_CTX_EXECUTION_DATE='2023-12-13T04:00:00+00:00' AIRFLOW_CTX_TRY_NUMBER='1' AIRFLOW_CTX_DAG_RUN_ID='scheduled__2023-12-13T04:00:00+00:00'
[2023-12-17T12:19:01.652+0000] {logging_mixin.py:154} INFO - city           object
country        object
unit           object
last_value    float64
lat           float64
lng           float64
dtype: object
[2023-12-17T12:19:01.669+0000] {base.py:73} INFO - Using connection ID 'neonServerDB-Postgres' for task execution.
[2023-12-17T12:19:02.211+0000] {python.py:194} INFO - Done. Returned value was: None
[2023-12-17T12:19:02.228+0000] {taskinstance.py:1400} INFO - Marking task as SUCCESS. dag_id=air_quality, task_id=Insert_Data, execution_date=20231213T040000, start_date=20231217T121900, end_date=20231217T121902
[2023-12-17T12:19:02.300+0000] {local_task_job_runner.py:228} INFO - Task exited with return code 0
[2023-12-17T12:19:02.329+0000] {taskinstance.py:2778} INFO - 0 downstream tasks scheduled from follow-on schedule check
[2023-12-28T16:52:12.810+0000] {logging_mixin.py:154} INFO - Changing /opt/***/logs/dag_id=air_quality/run_id=scheduled__2023-12-13T04:00:00+00:00/task_id=Insert_Data permission to 509
[2023-12-28T16:52:12.819+0000] {logging_mixin.py:154} INFO - Failed to change /opt/***/logs/dag_id=air_quality/run_id=scheduled__2023-12-13T04:00:00+00:00/task_id=Insert_Data permission to 509: [Errno 1] Operation not permitted: '/opt/***/logs/dag_id=air_quality/run_id=scheduled__2023-12-13T04:00:00+00:00/task_id=Insert_Data'
[2023-12-28T16:52:12.950+0000] {logging_mixin.py:154} INFO - Changing /opt/***/logs/dag_id=air_quality/run_id=scheduled__2023-12-13T04:00:00+00:00/task_id=Insert_Data permission to 509
[2023-12-28T16:52:12.951+0000] {logging_mixin.py:154} INFO - Failed to change /opt/***/logs/dag_id=air_quality/run_id=scheduled__2023-12-13T04:00:00+00:00/task_id=Insert_Data permission to 509: [Errno 1] Operation not permitted: '/opt/***/logs/dag_id=air_quality/run_id=scheduled__2023-12-13T04:00:00+00:00/task_id=Insert_Data'
[2023-12-28T16:52:13.136+0000] {taskinstance.py:1159} INFO - Dependencies all met for dep_context=non-requeueable deps ti=<TaskInstance: air_quality.Insert_Data scheduled__2023-12-13T04:00:00+00:00 [queued]>
[2023-12-28T16:52:13.220+0000] {taskinstance.py:1159} INFO - Dependencies all met for dep_context=requeueable deps ti=<TaskInstance: air_quality.Insert_Data scheduled__2023-12-13T04:00:00+00:00 [queued]>
[2023-12-28T16:52:13.221+0000] {taskinstance.py:1361} INFO - Starting attempt 1 of 2
[2023-12-28T16:52:13.332+0000] {taskinstance.py:1382} INFO - Executing <Task(PythonOperator): Insert_Data> on 2023-12-13 04:00:00+00:00
[2023-12-28T16:52:13.350+0000] {standard_task_runner.py:57} INFO - Started process 362 to run task
[2023-12-28T16:52:13.372+0000] {standard_task_runner.py:84} INFO - Running: ['***', 'tasks', 'run', 'air_quality', 'Insert_Data', 'scheduled__2023-12-13T04:00:00+00:00', '--job-id', '921', '--raw', '--subdir', 'DAGS_FOLDER/airQuality.py', '--cfg-path', '/tmp/tmp9kxgsc8_']
[2023-12-28T16:52:13.388+0000] {standard_task_runner.py:85} INFO - Job 921: Subtask Insert_Data
[2023-12-28T16:52:13.605+0000] {logging_mixin.py:154} INFO - Changing /opt/***/logs/dag_id=air_quality/run_id=scheduled__2023-12-13T04:00:00+00:00/task_id=Insert_Data permission to 509
[2023-12-28T16:52:13.610+0000] {logging_mixin.py:154} INFO - Failed to change /opt/***/logs/dag_id=air_quality/run_id=scheduled__2023-12-13T04:00:00+00:00/task_id=Insert_Data permission to 509: [Errno 1] Operation not permitted: '/opt/***/logs/dag_id=air_quality/run_id=scheduled__2023-12-13T04:00:00+00:00/task_id=Insert_Data'
[2023-12-28T16:52:13.614+0000] {task_command.py:416} INFO - Running <TaskInstance: air_quality.Insert_Data scheduled__2023-12-13T04:00:00+00:00 [running]> on host d67dd4682ccf
[2023-12-28T16:52:14.015+0000] {taskinstance.py:1662} INFO - Exporting env vars: AIRFLOW_CTX_DAG_OWNER='ghifari' AIRFLOW_CTX_DAG_ID='air_quality' AIRFLOW_CTX_TASK_ID='Insert_Data' AIRFLOW_CTX_EXECUTION_DATE='2023-12-13T04:00:00+00:00' AIRFLOW_CTX_TRY_NUMBER='1' AIRFLOW_CTX_DAG_RUN_ID='scheduled__2023-12-13T04:00:00+00:00'
[2023-12-28T16:52:16.240+0000] {logging_mixin.py:154} INFO - city           object
country        object
unit           object
last_value    float64
lat           float64
lng           float64
dtype: object
[2023-12-28T16:52:16.328+0000] {base.py:73} INFO - Using connection ID 'neonServerDB-Postgres' for task execution.
[2023-12-28T16:52:16.647+0000] {python.py:194} INFO - Done. Returned value was: None
[2023-12-28T16:52:16.684+0000] {taskinstance.py:1400} INFO - Marking task as SUCCESS. dag_id=air_quality, task_id=Insert_Data, execution_date=20231213T040000, start_date=20231228T165213, end_date=20231228T165216
[2023-12-28T16:52:16.869+0000] {local_task_job_runner.py:228} INFO - Task exited with return code 0
[2023-12-28T16:52:16.952+0000] {taskinstance.py:2778} INFO - 0 downstream tasks scheduled from follow-on schedule check
[2023-12-28T16:55:18.620+0000] {logging_mixin.py:154} INFO - Changing /opt/***/logs/dag_id=air_quality/run_id=scheduled__2023-12-13T04:00:00+00:00/task_id=Insert_Data permission to 509
[2023-12-28T16:55:18.633+0000] {logging_mixin.py:154} INFO - Failed to change /opt/***/logs/dag_id=air_quality/run_id=scheduled__2023-12-13T04:00:00+00:00/task_id=Insert_Data permission to 509: [Errno 1] Operation not permitted: '/opt/***/logs/dag_id=air_quality/run_id=scheduled__2023-12-13T04:00:00+00:00/task_id=Insert_Data'
[2023-12-28T16:55:18.909+0000] {logging_mixin.py:154} INFO - Changing /opt/***/logs/dag_id=air_quality/run_id=scheduled__2023-12-13T04:00:00+00:00/task_id=Insert_Data permission to 509
[2023-12-28T16:55:18.910+0000] {logging_mixin.py:154} INFO - Failed to change /opt/***/logs/dag_id=air_quality/run_id=scheduled__2023-12-13T04:00:00+00:00/task_id=Insert_Data permission to 509: [Errno 1] Operation not permitted: '/opt/***/logs/dag_id=air_quality/run_id=scheduled__2023-12-13T04:00:00+00:00/task_id=Insert_Data'
[2023-12-28T16:55:19.076+0000] {taskinstance.py:1159} INFO - Dependencies all met for dep_context=non-requeueable deps ti=<TaskInstance: air_quality.Insert_Data scheduled__2023-12-13T04:00:00+00:00 [queued]>
[2023-12-28T16:55:19.141+0000] {taskinstance.py:1159} INFO - Dependencies all met for dep_context=requeueable deps ti=<TaskInstance: air_quality.Insert_Data scheduled__2023-12-13T04:00:00+00:00 [queued]>
[2023-12-28T16:55:19.144+0000] {taskinstance.py:1361} INFO - Starting attempt 1 of 2
[2023-12-28T16:55:19.254+0000] {taskinstance.py:1382} INFO - Executing <Task(PythonOperator): Insert_Data> on 2023-12-13 04:00:00+00:00
[2023-12-28T16:55:19.266+0000] {standard_task_runner.py:57} INFO - Started process 1395 to run task
[2023-12-28T16:55:19.276+0000] {standard_task_runner.py:84} INFO - Running: ['***', 'tasks', 'run', 'air_quality', 'Insert_Data', 'scheduled__2023-12-13T04:00:00+00:00', '--job-id', '1174', '--raw', '--subdir', 'DAGS_FOLDER/airQuality.py', '--cfg-path', '/tmp/tmpdi01muuk']
[2023-12-28T16:55:19.290+0000] {standard_task_runner.py:85} INFO - Job 1174: Subtask Insert_Data
[2023-12-28T16:55:19.629+0000] {logging_mixin.py:154} INFO - Changing /opt/***/logs/dag_id=air_quality/run_id=scheduled__2023-12-13T04:00:00+00:00/task_id=Insert_Data permission to 509
[2023-12-28T16:55:19.630+0000] {logging_mixin.py:154} INFO - Failed to change /opt/***/logs/dag_id=air_quality/run_id=scheduled__2023-12-13T04:00:00+00:00/task_id=Insert_Data permission to 509: [Errno 1] Operation not permitted: '/opt/***/logs/dag_id=air_quality/run_id=scheduled__2023-12-13T04:00:00+00:00/task_id=Insert_Data'
[2023-12-28T16:55:19.636+0000] {task_command.py:416} INFO - Running <TaskInstance: air_quality.Insert_Data scheduled__2023-12-13T04:00:00+00:00 [running]> on host d67dd4682ccf
[2023-12-28T16:55:20.197+0000] {taskinstance.py:1662} INFO - Exporting env vars: AIRFLOW_CTX_DAG_OWNER='ghifari' AIRFLOW_CTX_DAG_ID='air_quality' AIRFLOW_CTX_TASK_ID='Insert_Data' AIRFLOW_CTX_EXECUTION_DATE='2023-12-13T04:00:00+00:00' AIRFLOW_CTX_TRY_NUMBER='1' AIRFLOW_CTX_DAG_RUN_ID='scheduled__2023-12-13T04:00:00+00:00'
[2023-12-28T16:55:23.448+0000] {logging_mixin.py:154} INFO - city           object
country        object
unit           object
last_value    float64
lat           float64
lng           float64
dtype: object
[2023-12-28T16:55:23.487+0000] {base.py:73} INFO - Using connection ID 'neonServerDB-Postgres' for task execution.
[2023-12-28T16:55:23.749+0000] {python.py:194} INFO - Done. Returned value was: None
[2023-12-28T16:55:23.793+0000] {taskinstance.py:1400} INFO - Marking task as SUCCESS. dag_id=air_quality, task_id=Insert_Data, execution_date=20231213T040000, start_date=20231228T165519, end_date=20231228T165523
[2023-12-28T16:55:23.913+0000] {local_task_job_runner.py:228} INFO - Task exited with return code 0
[2023-12-28T16:55:23.969+0000] {taskinstance.py:2778} INFO - 0 downstream tasks scheduled from follow-on schedule check
