[2023-12-17T11:18:47.006+0000] {logging_mixin.py:154} INFO - Changing /opt/***/logs/dag_id=air_quality/run_id=scheduled__2023-12-01T04:00:00+00:00/task_id=CheckTable permission to 509
[2023-12-17T11:18:47.008+0000] {logging_mixin.py:154} INFO - Failed to change /opt/***/logs/dag_id=air_quality/run_id=scheduled__2023-12-01T04:00:00+00:00/task_id=CheckTable permission to 509: [Errno 1] Operation not permitted: '/opt/***/logs/dag_id=air_quality/run_id=scheduled__2023-12-01T04:00:00+00:00/task_id=CheckTable'
[2023-12-17T11:18:47.142+0000] {logging_mixin.py:154} INFO - Changing /opt/***/logs/dag_id=air_quality/run_id=scheduled__2023-12-01T04:00:00+00:00/task_id=CheckTable permission to 509
[2023-12-17T11:18:47.143+0000] {logging_mixin.py:154} INFO - Failed to change /opt/***/logs/dag_id=air_quality/run_id=scheduled__2023-12-01T04:00:00+00:00/task_id=CheckTable permission to 509: [Errno 1] Operation not permitted: '/opt/***/logs/dag_id=air_quality/run_id=scheduled__2023-12-01T04:00:00+00:00/task_id=CheckTable'
[2023-12-17T11:18:47.294+0000] {taskinstance.py:1159} INFO - Dependencies all met for dep_context=non-requeueable deps ti=<TaskInstance: air_quality.CheckTable scheduled__2023-12-01T04:00:00+00:00 [queued]>
[2023-12-17T11:18:47.367+0000] {taskinstance.py:1159} INFO - Dependencies all met for dep_context=requeueable deps ti=<TaskInstance: air_quality.CheckTable scheduled__2023-12-01T04:00:00+00:00 [queued]>
[2023-12-17T11:18:47.368+0000] {taskinstance.py:1361} INFO - Starting attempt 1 of 2
[2023-12-17T11:18:47.777+0000] {taskinstance.py:1382} INFO - Executing <Task(BranchPythonOperator): CheckTable> on 2023-12-01 04:00:00+00:00
[2023-12-17T11:18:47.792+0000] {standard_task_runner.py:57} INFO - Started process 2203 to run task
[2023-12-17T11:18:47.806+0000] {standard_task_runner.py:84} INFO - Running: ['***', 'tasks', 'run', 'air_quality', 'CheckTable', 'scheduled__2023-12-01T04:00:00+00:00', '--job-id', '362', '--raw', '--subdir', 'DAGS_FOLDER/airQuality.py', '--cfg-path', '/tmp/tmpqnvi0ynb']
[2023-12-17T11:18:47.810+0000] {standard_task_runner.py:85} INFO - Job 362: Subtask CheckTable
[2023-12-17T11:18:48.084+0000] {logging_mixin.py:154} INFO - Changing /opt/***/logs/dag_id=air_quality/run_id=scheduled__2023-12-01T04:00:00+00:00/task_id=CheckTable permission to 509
[2023-12-17T11:18:48.086+0000] {logging_mixin.py:154} INFO - Failed to change /opt/***/logs/dag_id=air_quality/run_id=scheduled__2023-12-01T04:00:00+00:00/task_id=CheckTable permission to 509: [Errno 1] Operation not permitted: '/opt/***/logs/dag_id=air_quality/run_id=scheduled__2023-12-01T04:00:00+00:00/task_id=CheckTable'
[2023-12-17T11:18:48.092+0000] {task_command.py:416} INFO - Running <TaskInstance: air_quality.CheckTable scheduled__2023-12-01T04:00:00+00:00 [running]> on host 1a58977f5573
[2023-12-17T11:18:48.401+0000] {taskinstance.py:1662} INFO - Exporting env vars: AIRFLOW_CTX_DAG_OWNER='ghifari' AIRFLOW_CTX_DAG_ID='air_quality' AIRFLOW_CTX_TASK_ID='CheckTable' AIRFLOW_CTX_EXECUTION_DATE='2023-12-01T04:00:00+00:00' AIRFLOW_CTX_TRY_NUMBER='1' AIRFLOW_CTX_DAG_RUN_ID='scheduled__2023-12-01T04:00:00+00:00'
[2023-12-17T11:18:48.445+0000] {airQuality.py:204} INFO - Table Created: 
        CREATE TABLE air_quality (
            id serial primary key, 
            city varchar(250),
            country varchar(250), 
            unit varchar(20), 
            last_value float8, 
            lat float8,
            lng float8
        )
    
[2023-12-17T11:18:48.449+0000] {python.py:194} INFO - Done. Returned value was: Insert_Data
[2023-12-17T11:18:48.462+0000] {python.py:227} INFO - Branch callable return Insert_Data
[2023-12-17T11:18:48.464+0000] {skipmixin.py:173} INFO - Following branch Insert_Data
[2023-12-17T11:18:48.484+0000] {skipmixin.py:239} INFO - Skipping tasks []
[2023-12-17T11:18:48.686+0000] {taskinstance.py:1400} INFO - Marking task as SUCCESS. dag_id=air_quality, task_id=CheckTable, execution_date=20231201T040000, start_date=20231217T111847, end_date=20231217T111848
[2023-12-17T11:18:48.802+0000] {local_task_job_runner.py:228} INFO - Task exited with return code 0
[2023-12-17T11:18:48.902+0000] {taskinstance.py:2778} INFO - 1 downstream tasks scheduled from follow-on schedule check
[2023-12-28T16:54:29.283+0000] {logging_mixin.py:154} INFO - Changing /opt/***/logs/dag_id=air_quality/run_id=scheduled__2023-12-01T04:00:00+00:00/task_id=CheckTable permission to 509
[2023-12-28T16:54:29.300+0000] {logging_mixin.py:154} INFO - Failed to change /opt/***/logs/dag_id=air_quality/run_id=scheduled__2023-12-01T04:00:00+00:00/task_id=CheckTable permission to 509: [Errno 1] Operation not permitted: '/opt/***/logs/dag_id=air_quality/run_id=scheduled__2023-12-01T04:00:00+00:00/task_id=CheckTable'
[2023-12-28T16:54:29.476+0000] {logging_mixin.py:154} INFO - Changing /opt/***/logs/dag_id=air_quality/run_id=scheduled__2023-12-01T04:00:00+00:00/task_id=CheckTable permission to 509
[2023-12-28T16:54:29.478+0000] {logging_mixin.py:154} INFO - Failed to change /opt/***/logs/dag_id=air_quality/run_id=scheduled__2023-12-01T04:00:00+00:00/task_id=CheckTable permission to 509: [Errno 1] Operation not permitted: '/opt/***/logs/dag_id=air_quality/run_id=scheduled__2023-12-01T04:00:00+00:00/task_id=CheckTable'
[2023-12-28T16:54:29.705+0000] {taskinstance.py:1159} INFO - Dependencies all met for dep_context=non-requeueable deps ti=<TaskInstance: air_quality.CheckTable scheduled__2023-12-01T04:00:00+00:00 [queued]>
[2023-12-28T16:54:29.801+0000] {taskinstance.py:1159} INFO - Dependencies all met for dep_context=requeueable deps ti=<TaskInstance: air_quality.CheckTable scheduled__2023-12-01T04:00:00+00:00 [queued]>
[2023-12-28T16:54:29.802+0000] {taskinstance.py:1361} INFO - Starting attempt 1 of 2
[2023-12-28T16:54:29.907+0000] {taskinstance.py:1382} INFO - Executing <Task(BranchPythonOperator): CheckTable> on 2023-12-01 04:00:00+00:00
[2023-12-28T16:54:29.918+0000] {standard_task_runner.py:57} INFO - Started process 956 to run task
[2023-12-28T16:54:29.933+0000] {standard_task_runner.py:84} INFO - Running: ['***', 'tasks', 'run', 'air_quality', 'CheckTable', 'scheduled__2023-12-01T04:00:00+00:00', '--job-id', '1073', '--raw', '--subdir', 'DAGS_FOLDER/airQuality.py', '--cfg-path', '/tmp/tmp07sytboz']
[2023-12-28T16:54:29.937+0000] {standard_task_runner.py:85} INFO - Job 1073: Subtask CheckTable
[2023-12-28T16:54:30.135+0000] {logging_mixin.py:154} INFO - Changing /opt/***/logs/dag_id=air_quality/run_id=scheduled__2023-12-01T04:00:00+00:00/task_id=CheckTable permission to 509
[2023-12-28T16:54:30.138+0000] {logging_mixin.py:154} INFO - Failed to change /opt/***/logs/dag_id=air_quality/run_id=scheduled__2023-12-01T04:00:00+00:00/task_id=CheckTable permission to 509: [Errno 1] Operation not permitted: '/opt/***/logs/dag_id=air_quality/run_id=scheduled__2023-12-01T04:00:00+00:00/task_id=CheckTable'
[2023-12-28T16:54:30.149+0000] {task_command.py:416} INFO - Running <TaskInstance: air_quality.CheckTable scheduled__2023-12-01T04:00:00+00:00 [running]> on host d67dd4682ccf
[2023-12-28T16:54:30.567+0000] {taskinstance.py:1662} INFO - Exporting env vars: AIRFLOW_CTX_DAG_OWNER='ghifari' AIRFLOW_CTX_DAG_ID='air_quality' AIRFLOW_CTX_TASK_ID='CheckTable' AIRFLOW_CTX_EXECUTION_DATE='2023-12-01T04:00:00+00:00' AIRFLOW_CTX_TRY_NUMBER='1' AIRFLOW_CTX_DAG_RUN_ID='scheduled__2023-12-01T04:00:00+00:00'
[2023-12-28T16:54:30.649+0000] {airQuality.py:183} INFO - Table Created: 
        CREATE TABLE air_quality (
            id serial primary key, 
            city varchar(250),
            country varchar(250), 
            unit varchar(20), 
            last_value float8, 
            lat float8,
            lng float8
        )
    
[2023-12-28T16:54:30.662+0000] {python.py:194} INFO - Done. Returned value was: Insert_Data
[2023-12-28T16:54:30.664+0000] {python.py:227} INFO - Branch callable return Insert_Data
[2023-12-28T16:54:30.673+0000] {skipmixin.py:173} INFO - Following branch Insert_Data
[2023-12-28T16:54:30.722+0000] {skipmixin.py:239} INFO - Skipping tasks []
[2023-12-28T16:54:30.914+0000] {taskinstance.py:1400} INFO - Marking task as SUCCESS. dag_id=air_quality, task_id=CheckTable, execution_date=20231201T040000, start_date=20231228T165429, end_date=20231228T165430
[2023-12-28T16:54:31.023+0000] {local_task_job_runner.py:228} INFO - Task exited with return code 0
[2023-12-28T16:54:31.209+0000] {taskinstance.py:2778} INFO - 1 downstream tasks scheduled from follow-on schedule check
