[2023-12-17T11:19:11.188+0000] {logging_mixin.py:154} INFO - Changing /opt/***/logs/dag_id=air_quality/run_id=scheduled__2023-12-09T04:00:00+00:00/task_id=Create_Table permission to 509
[2023-12-17T11:19:11.191+0000] {logging_mixin.py:154} INFO - Failed to change /opt/***/logs/dag_id=air_quality/run_id=scheduled__2023-12-09T04:00:00+00:00/task_id=Create_Table permission to 509: [Errno 1] Operation not permitted: '/opt/***/logs/dag_id=air_quality/run_id=scheduled__2023-12-09T04:00:00+00:00/task_id=Create_Table'
[2023-12-17T11:19:11.277+0000] {logging_mixin.py:154} INFO - Changing /opt/***/logs/dag_id=air_quality/run_id=scheduled__2023-12-09T04:00:00+00:00/task_id=Create_Table permission to 509
[2023-12-17T11:19:11.278+0000] {logging_mixin.py:154} INFO - Failed to change /opt/***/logs/dag_id=air_quality/run_id=scheduled__2023-12-09T04:00:00+00:00/task_id=Create_Table permission to 509: [Errno 1] Operation not permitted: '/opt/***/logs/dag_id=air_quality/run_id=scheduled__2023-12-09T04:00:00+00:00/task_id=Create_Table'
[2023-12-17T11:19:11.354+0000] {taskinstance.py:1159} INFO - Dependencies all met for dep_context=non-requeueable deps ti=<TaskInstance: air_quality.Create_Table scheduled__2023-12-09T04:00:00+00:00 [queued]>
[2023-12-17T11:19:11.388+0000] {taskinstance.py:1159} INFO - Dependencies all met for dep_context=requeueable deps ti=<TaskInstance: air_quality.Create_Table scheduled__2023-12-09T04:00:00+00:00 [queued]>
[2023-12-17T11:19:11.391+0000] {taskinstance.py:1361} INFO - Starting attempt 1 of 2
[2023-12-17T11:19:11.594+0000] {taskinstance.py:1382} INFO - Executing <Task(PythonOperator): Create_Table> on 2023-12-09 04:00:00+00:00
[2023-12-17T11:19:11.603+0000] {standard_task_runner.py:57} INFO - Started process 2452 to run task
[2023-12-17T11:19:11.610+0000] {standard_task_runner.py:84} INFO - Running: ['***', 'tasks', 'run', 'air_quality', 'Create_Table', 'scheduled__2023-12-09T04:00:00+00:00', '--job-id', '409', '--raw', '--subdir', 'DAGS_FOLDER/airQuality.py', '--cfg-path', '/tmp/tmpf9z9w_t4']
[2023-12-17T11:19:11.615+0000] {standard_task_runner.py:85} INFO - Job 409: Subtask Create_Table
[2023-12-17T11:19:11.773+0000] {logging_mixin.py:154} INFO - Changing /opt/***/logs/dag_id=air_quality/run_id=scheduled__2023-12-09T04:00:00+00:00/task_id=Create_Table permission to 509
[2023-12-17T11:19:11.776+0000] {logging_mixin.py:154} INFO - Failed to change /opt/***/logs/dag_id=air_quality/run_id=scheduled__2023-12-09T04:00:00+00:00/task_id=Create_Table permission to 509: [Errno 1] Operation not permitted: '/opt/***/logs/dag_id=air_quality/run_id=scheduled__2023-12-09T04:00:00+00:00/task_id=Create_Table'
[2023-12-17T11:19:11.785+0000] {task_command.py:416} INFO - Running <TaskInstance: air_quality.Create_Table scheduled__2023-12-09T04:00:00+00:00 [running]> on host 1a58977f5573
[2023-12-17T11:19:12.016+0000] {taskinstance.py:1662} INFO - Exporting env vars: AIRFLOW_CTX_DAG_OWNER='ghifari' AIRFLOW_CTX_DAG_ID='air_quality' AIRFLOW_CTX_TASK_ID='Create_Table' AIRFLOW_CTX_EXECUTION_DATE='2023-12-09T04:00:00+00:00' AIRFLOW_CTX_TRY_NUMBER='1' AIRFLOW_CTX_DAG_RUN_ID='scheduled__2023-12-09T04:00:00+00:00'
[2023-12-17T11:19:12.052+0000] {base.py:73} INFO - Using connection ID 'neonServerDB-Postgres' for task execution.
[2023-12-17T11:19:13.201+0000] {airQuality.py:160} INFO - Table air_quality Already Exist
[2023-12-17T11:19:13.271+0000] {python.py:194} INFO - Done. Returned value was: 
        CREATE TABLE air_quality (
            id serial primary key, 
            city varchar(250),
            country varchar(250), 
            unit varchar(20), 
            last_value float8, 
            lat float8,
            lng float8
        )
    
[2023-12-17T11:19:13.311+0000] {taskinstance.py:1400} INFO - Marking task as SUCCESS. dag_id=air_quality, task_id=Create_Table, execution_date=20231209T040000, start_date=20231217T111911, end_date=20231217T111913
[2023-12-17T11:19:13.385+0000] {local_task_job_runner.py:228} INFO - Task exited with return code 0
[2023-12-17T11:19:13.444+0000] {taskinstance.py:2778} INFO - 1 downstream tasks scheduled from follow-on schedule check
[2023-12-17T12:18:19.065+0000] {logging_mixin.py:154} INFO - Changing /opt/***/logs/dag_id=air_quality/run_id=scheduled__2023-12-09T04:00:00+00:00/task_id=Create_Table permission to 509
[2023-12-17T12:18:19.069+0000] {logging_mixin.py:154} INFO - Failed to change /opt/***/logs/dag_id=air_quality/run_id=scheduled__2023-12-09T04:00:00+00:00/task_id=Create_Table permission to 509: [Errno 1] Operation not permitted: '/opt/***/logs/dag_id=air_quality/run_id=scheduled__2023-12-09T04:00:00+00:00/task_id=Create_Table'
[2023-12-17T12:18:19.220+0000] {logging_mixin.py:154} INFO - Changing /opt/***/logs/dag_id=air_quality/run_id=scheduled__2023-12-09T04:00:00+00:00/task_id=Create_Table permission to 509
[2023-12-17T12:18:19.228+0000] {logging_mixin.py:154} INFO - Failed to change /opt/***/logs/dag_id=air_quality/run_id=scheduled__2023-12-09T04:00:00+00:00/task_id=Create_Table permission to 509: [Errno 1] Operation not permitted: '/opt/***/logs/dag_id=air_quality/run_id=scheduled__2023-12-09T04:00:00+00:00/task_id=Create_Table'
[2023-12-17T12:18:19.321+0000] {taskinstance.py:1159} INFO - Dependencies all met for dep_context=non-requeueable deps ti=<TaskInstance: air_quality.Create_Table scheduled__2023-12-09T04:00:00+00:00 [queued]>
[2023-12-17T12:18:19.347+0000] {taskinstance.py:1159} INFO - Dependencies all met for dep_context=requeueable deps ti=<TaskInstance: air_quality.Create_Table scheduled__2023-12-09T04:00:00+00:00 [queued]>
[2023-12-17T12:18:19.348+0000] {taskinstance.py:1361} INFO - Starting attempt 1 of 2
[2023-12-17T12:18:19.394+0000] {taskinstance.py:1382} INFO - Executing <Task(PythonOperator): Create_Table> on 2023-12-09 04:00:00+00:00
[2023-12-17T12:18:19.407+0000] {standard_task_runner.py:57} INFO - Started process 4148 to run task
[2023-12-17T12:18:19.425+0000] {standard_task_runner.py:84} INFO - Running: ['***', 'tasks', 'run', 'air_quality', 'Create_Table', 'scheduled__2023-12-09T04:00:00+00:00', '--job-id', '616', '--raw', '--subdir', 'DAGS_FOLDER/airQuality.py', '--cfg-path', '/tmp/tmp_zydi04n']
[2023-12-17T12:18:19.428+0000] {standard_task_runner.py:85} INFO - Job 616: Subtask Create_Table
[2023-12-17T12:18:19.655+0000] {logging_mixin.py:154} INFO - Changing /opt/***/logs/dag_id=air_quality/run_id=scheduled__2023-12-09T04:00:00+00:00/task_id=Create_Table permission to 509
[2023-12-17T12:18:19.658+0000] {logging_mixin.py:154} INFO - Failed to change /opt/***/logs/dag_id=air_quality/run_id=scheduled__2023-12-09T04:00:00+00:00/task_id=Create_Table permission to 509: [Errno 1] Operation not permitted: '/opt/***/logs/dag_id=air_quality/run_id=scheduled__2023-12-09T04:00:00+00:00/task_id=Create_Table'
[2023-12-17T12:18:19.661+0000] {task_command.py:416} INFO - Running <TaskInstance: air_quality.Create_Table scheduled__2023-12-09T04:00:00+00:00 [running]> on host 1a58977f5573
[2023-12-17T12:18:19.996+0000] {taskinstance.py:1662} INFO - Exporting env vars: AIRFLOW_CTX_DAG_OWNER='ghifari' AIRFLOW_CTX_DAG_ID='air_quality' AIRFLOW_CTX_TASK_ID='Create_Table' AIRFLOW_CTX_EXECUTION_DATE='2023-12-09T04:00:00+00:00' AIRFLOW_CTX_TRY_NUMBER='1' AIRFLOW_CTX_DAG_RUN_ID='scheduled__2023-12-09T04:00:00+00:00'
[2023-12-17T12:18:20.032+0000] {base.py:73} INFO - Using connection ID 'neonServerDB-Postgres' for task execution.
[2023-12-17T12:18:20.590+0000] {airQuality.py:161} INFO - Table air_quality Already Exist
[2023-12-17T12:18:20.629+0000] {python.py:194} INFO - Done. Returned value was: 
        CREATE TABLE air_quality (
            id serial primary key, 
            city varchar(250),
            country varchar(250), 
            unit varchar(20), 
            last_value float8, 
            lat float8,
            lng float8
        )
    
[2023-12-17T12:18:20.743+0000] {taskinstance.py:1400} INFO - Marking task as SUCCESS. dag_id=air_quality, task_id=Create_Table, execution_date=20231209T040000, start_date=20231217T121819, end_date=20231217T121820
[2023-12-17T12:18:20.822+0000] {local_task_job_runner.py:228} INFO - Task exited with return code 0
[2023-12-17T12:18:21.144+0000] {taskinstance.py:2778} INFO - 0 downstream tasks scheduled from follow-on schedule check
[2023-12-17T12:18:53.553+0000] {logging_mixin.py:154} INFO - Changing /opt/***/logs/dag_id=air_quality/run_id=scheduled__2023-12-09T04:00:00+00:00/task_id=Create_Table permission to 509
[2023-12-17T12:18:53.555+0000] {logging_mixin.py:154} INFO - Failed to change /opt/***/logs/dag_id=air_quality/run_id=scheduled__2023-12-09T04:00:00+00:00/task_id=Create_Table permission to 509: [Errno 1] Operation not permitted: '/opt/***/logs/dag_id=air_quality/run_id=scheduled__2023-12-09T04:00:00+00:00/task_id=Create_Table'
[2023-12-17T12:18:53.616+0000] {logging_mixin.py:154} INFO - Changing /opt/***/logs/dag_id=air_quality/run_id=scheduled__2023-12-09T04:00:00+00:00/task_id=Create_Table permission to 509
[2023-12-17T12:18:53.617+0000] {logging_mixin.py:154} INFO - Failed to change /opt/***/logs/dag_id=air_quality/run_id=scheduled__2023-12-09T04:00:00+00:00/task_id=Create_Table permission to 509: [Errno 1] Operation not permitted: '/opt/***/logs/dag_id=air_quality/run_id=scheduled__2023-12-09T04:00:00+00:00/task_id=Create_Table'
[2023-12-17T12:18:53.694+0000] {taskinstance.py:1159} INFO - Dependencies all met for dep_context=non-requeueable deps ti=<TaskInstance: air_quality.Create_Table scheduled__2023-12-09T04:00:00+00:00 [queued]>
[2023-12-17T12:18:53.722+0000] {taskinstance.py:1159} INFO - Dependencies all met for dep_context=requeueable deps ti=<TaskInstance: air_quality.Create_Table scheduled__2023-12-09T04:00:00+00:00 [queued]>
[2023-12-17T12:18:53.723+0000] {taskinstance.py:1361} INFO - Starting attempt 1 of 2
[2023-12-17T12:18:53.759+0000] {taskinstance.py:1382} INFO - Executing <Task(PythonOperator): Create_Table> on 2023-12-09 04:00:00+00:00
[2023-12-17T12:18:53.769+0000] {standard_task_runner.py:57} INFO - Started process 4471 to run task
[2023-12-17T12:18:53.775+0000] {standard_task_runner.py:84} INFO - Running: ['***', 'tasks', 'run', 'air_quality', 'Create_Table', 'scheduled__2023-12-09T04:00:00+00:00', '--job-id', '684', '--raw', '--subdir', 'DAGS_FOLDER/airQuality.py', '--cfg-path', '/tmp/tmpv6so_710']
[2023-12-17T12:18:53.781+0000] {standard_task_runner.py:85} INFO - Job 684: Subtask Create_Table
[2023-12-17T12:18:53.888+0000] {logging_mixin.py:154} INFO - Changing /opt/***/logs/dag_id=air_quality/run_id=scheduled__2023-12-09T04:00:00+00:00/task_id=Create_Table permission to 509
[2023-12-17T12:18:53.889+0000] {logging_mixin.py:154} INFO - Failed to change /opt/***/logs/dag_id=air_quality/run_id=scheduled__2023-12-09T04:00:00+00:00/task_id=Create_Table permission to 509: [Errno 1] Operation not permitted: '/opt/***/logs/dag_id=air_quality/run_id=scheduled__2023-12-09T04:00:00+00:00/task_id=Create_Table'
[2023-12-17T12:18:53.893+0000] {task_command.py:416} INFO - Running <TaskInstance: air_quality.Create_Table scheduled__2023-12-09T04:00:00+00:00 [running]> on host 1a58977f5573
[2023-12-17T12:18:54.075+0000] {taskinstance.py:1662} INFO - Exporting env vars: AIRFLOW_CTX_DAG_OWNER='ghifari' AIRFLOW_CTX_DAG_ID='air_quality' AIRFLOW_CTX_TASK_ID='Create_Table' AIRFLOW_CTX_EXECUTION_DATE='2023-12-09T04:00:00+00:00' AIRFLOW_CTX_TRY_NUMBER='1' AIRFLOW_CTX_DAG_RUN_ID='scheduled__2023-12-09T04:00:00+00:00'
[2023-12-17T12:18:54.098+0000] {base.py:73} INFO - Using connection ID 'neonServerDB-Postgres' for task execution.
[2023-12-17T12:18:54.680+0000] {airQuality.py:161} INFO - Table air_quality Already Exist
[2023-12-17T12:18:54.700+0000] {python.py:194} INFO - Done. Returned value was: 
        CREATE TABLE air_quality (
            id serial primary key, 
            city varchar(250),
            country varchar(250), 
            unit varchar(20), 
            last_value float8, 
            lat float8,
            lng float8
        )
    
[2023-12-17T12:18:54.733+0000] {taskinstance.py:1400} INFO - Marking task as SUCCESS. dag_id=air_quality, task_id=Create_Table, execution_date=20231209T040000, start_date=20231217T121853, end_date=20231217T121854
[2023-12-17T12:18:54.798+0000] {local_task_job_runner.py:228} INFO - Task exited with return code 0
[2023-12-17T12:18:54.849+0000] {taskinstance.py:2778} INFO - 1 downstream tasks scheduled from follow-on schedule check
[2023-12-28T16:51:55.159+0000] {logging_mixin.py:154} INFO - Changing /opt/***/logs/dag_id=air_quality/run_id=scheduled__2023-12-09T04:00:00+00:00/task_id=Create_Table permission to 509
[2023-12-28T16:51:55.162+0000] {logging_mixin.py:154} INFO - Failed to change /opt/***/logs/dag_id=air_quality/run_id=scheduled__2023-12-09T04:00:00+00:00/task_id=Create_Table permission to 509: [Errno 1] Operation not permitted: '/opt/***/logs/dag_id=air_quality/run_id=scheduled__2023-12-09T04:00:00+00:00/task_id=Create_Table'
[2023-12-28T16:51:55.381+0000] {logging_mixin.py:154} INFO - Changing /opt/***/logs/dag_id=air_quality/run_id=scheduled__2023-12-09T04:00:00+00:00/task_id=Create_Table permission to 509
[2023-12-28T16:51:55.382+0000] {logging_mixin.py:154} INFO - Failed to change /opt/***/logs/dag_id=air_quality/run_id=scheduled__2023-12-09T04:00:00+00:00/task_id=Create_Table permission to 509: [Errno 1] Operation not permitted: '/opt/***/logs/dag_id=air_quality/run_id=scheduled__2023-12-09T04:00:00+00:00/task_id=Create_Table'
[2023-12-28T16:51:55.668+0000] {taskinstance.py:1159} INFO - Dependencies all met for dep_context=non-requeueable deps ti=<TaskInstance: air_quality.Create_Table scheduled__2023-12-09T04:00:00+00:00 [queued]>
[2023-12-28T16:51:55.786+0000] {taskinstance.py:1159} INFO - Dependencies all met for dep_context=requeueable deps ti=<TaskInstance: air_quality.Create_Table scheduled__2023-12-09T04:00:00+00:00 [queued]>
[2023-12-28T16:51:55.788+0000] {taskinstance.py:1361} INFO - Starting attempt 1 of 2
[2023-12-28T16:51:55.876+0000] {taskinstance.py:1382} INFO - Executing <Task(PythonOperator): Create_Table> on 2023-12-09 04:00:00+00:00
[2023-12-28T16:51:55.906+0000] {standard_task_runner.py:57} INFO - Started process 262 to run task
[2023-12-28T16:51:55.969+0000] {standard_task_runner.py:84} INFO - Running: ['***', 'tasks', 'run', 'air_quality', 'Create_Table', 'scheduled__2023-12-09T04:00:00+00:00', '--job-id', '877', '--raw', '--subdir', 'DAGS_FOLDER/airQuality.py', '--cfg-path', '/tmp/tmpig264gdf']
[2023-12-28T16:51:55.994+0000] {standard_task_runner.py:85} INFO - Job 877: Subtask Create_Table
[2023-12-28T16:51:56.353+0000] {logging_mixin.py:154} INFO - Changing /opt/***/logs/dag_id=air_quality/run_id=scheduled__2023-12-09T04:00:00+00:00/task_id=Create_Table permission to 509
[2023-12-28T16:51:56.356+0000] {logging_mixin.py:154} INFO - Failed to change /opt/***/logs/dag_id=air_quality/run_id=scheduled__2023-12-09T04:00:00+00:00/task_id=Create_Table permission to 509: [Errno 1] Operation not permitted: '/opt/***/logs/dag_id=air_quality/run_id=scheduled__2023-12-09T04:00:00+00:00/task_id=Create_Table'
[2023-12-28T16:51:56.362+0000] {task_command.py:416} INFO - Running <TaskInstance: air_quality.Create_Table scheduled__2023-12-09T04:00:00+00:00 [running]> on host d67dd4682ccf
[2023-12-28T16:51:57.253+0000] {taskinstance.py:1662} INFO - Exporting env vars: AIRFLOW_CTX_DAG_OWNER='ghifari' AIRFLOW_CTX_DAG_ID='air_quality' AIRFLOW_CTX_TASK_ID='Create_Table' AIRFLOW_CTX_EXECUTION_DATE='2023-12-09T04:00:00+00:00' AIRFLOW_CTX_TRY_NUMBER='1' AIRFLOW_CTX_DAG_RUN_ID='scheduled__2023-12-09T04:00:00+00:00'
[2023-12-28T16:51:57.326+0000] {base.py:73} INFO - Using connection ID 'neonServerDB-Postgres' for task execution.
[2023-12-28T16:52:01.578+0000] {airQuality.py:139} INFO - Table air_quality Already Exist
[2023-12-28T16:52:01.663+0000] {python.py:194} INFO - Done. Returned value was: 
        CREATE TABLE air_quality (
            id serial primary key, 
            city varchar(250),
            country varchar(250), 
            unit varchar(20), 
            last_value float8, 
            lat float8,
            lng float8
        )
    
[2023-12-28T16:52:01.796+0000] {taskinstance.py:1400} INFO - Marking task as SUCCESS. dag_id=air_quality, task_id=Create_Table, execution_date=20231209T040000, start_date=20231228T165155, end_date=20231228T165201
[2023-12-28T16:52:01.922+0000] {local_task_job_runner.py:228} INFO - Task exited with return code 0
[2023-12-28T16:52:02.035+0000] {taskinstance.py:2778} INFO - 1 downstream tasks scheduled from follow-on schedule check
[2023-12-28T16:55:00.122+0000] {logging_mixin.py:154} INFO - Changing /opt/***/logs/dag_id=air_quality/run_id=scheduled__2023-12-09T04:00:00+00:00/task_id=Create_Table permission to 509
[2023-12-28T16:55:00.136+0000] {logging_mixin.py:154} INFO - Failed to change /opt/***/logs/dag_id=air_quality/run_id=scheduled__2023-12-09T04:00:00+00:00/task_id=Create_Table permission to 509: [Errno 1] Operation not permitted: '/opt/***/logs/dag_id=air_quality/run_id=scheduled__2023-12-09T04:00:00+00:00/task_id=Create_Table'
[2023-12-28T16:55:00.336+0000] {logging_mixin.py:154} INFO - Changing /opt/***/logs/dag_id=air_quality/run_id=scheduled__2023-12-09T04:00:00+00:00/task_id=Create_Table permission to 509
[2023-12-28T16:55:00.337+0000] {logging_mixin.py:154} INFO - Failed to change /opt/***/logs/dag_id=air_quality/run_id=scheduled__2023-12-09T04:00:00+00:00/task_id=Create_Table permission to 509: [Errno 1] Operation not permitted: '/opt/***/logs/dag_id=air_quality/run_id=scheduled__2023-12-09T04:00:00+00:00/task_id=Create_Table'
[2023-12-28T16:55:00.564+0000] {taskinstance.py:1159} INFO - Dependencies all met for dep_context=non-requeueable deps ti=<TaskInstance: air_quality.Create_Table scheduled__2023-12-09T04:00:00+00:00 [queued]>
[2023-12-28T16:55:00.631+0000] {taskinstance.py:1159} INFO - Dependencies all met for dep_context=requeueable deps ti=<TaskInstance: air_quality.Create_Table scheduled__2023-12-09T04:00:00+00:00 [queued]>
[2023-12-28T16:55:00.633+0000] {taskinstance.py:1361} INFO - Starting attempt 1 of 2
[2023-12-28T16:55:00.740+0000] {taskinstance.py:1382} INFO - Executing <Task(PythonOperator): Create_Table> on 2023-12-09 04:00:00+00:00
[2023-12-28T16:55:00.763+0000] {standard_task_runner.py:57} INFO - Started process 1270 to run task
[2023-12-28T16:55:00.805+0000] {standard_task_runner.py:84} INFO - Running: ['***', 'tasks', 'run', 'air_quality', 'Create_Table', 'scheduled__2023-12-09T04:00:00+00:00', '--job-id', '1132', '--raw', '--subdir', 'DAGS_FOLDER/airQuality.py', '--cfg-path', '/tmp/tmpllszbby1']
[2023-12-28T16:55:00.809+0000] {standard_task_runner.py:85} INFO - Job 1132: Subtask Create_Table
[2023-12-28T16:55:01.136+0000] {logging_mixin.py:154} INFO - Changing /opt/***/logs/dag_id=air_quality/run_id=scheduled__2023-12-09T04:00:00+00:00/task_id=Create_Table permission to 509
[2023-12-28T16:55:01.143+0000] {logging_mixin.py:154} INFO - Failed to change /opt/***/logs/dag_id=air_quality/run_id=scheduled__2023-12-09T04:00:00+00:00/task_id=Create_Table permission to 509: [Errno 1] Operation not permitted: '/opt/***/logs/dag_id=air_quality/run_id=scheduled__2023-12-09T04:00:00+00:00/task_id=Create_Table'
[2023-12-28T16:55:01.166+0000] {task_command.py:416} INFO - Running <TaskInstance: air_quality.Create_Table scheduled__2023-12-09T04:00:00+00:00 [running]> on host d67dd4682ccf
[2023-12-28T16:55:01.692+0000] {taskinstance.py:1662} INFO - Exporting env vars: AIRFLOW_CTX_DAG_OWNER='ghifari' AIRFLOW_CTX_DAG_ID='air_quality' AIRFLOW_CTX_TASK_ID='Create_Table' AIRFLOW_CTX_EXECUTION_DATE='2023-12-09T04:00:00+00:00' AIRFLOW_CTX_TRY_NUMBER='1' AIRFLOW_CTX_DAG_RUN_ID='scheduled__2023-12-09T04:00:00+00:00'
[2023-12-28T16:55:01.753+0000] {base.py:73} INFO - Using connection ID 'neonServerDB-Postgres' for task execution.
[2023-12-28T16:55:06.025+0000] {airQuality.py:139} INFO - Table air_quality Already Exist
[2023-12-28T16:55:06.063+0000] {python.py:194} INFO - Done. Returned value was: 
        CREATE TABLE air_quality (
            id serial primary key, 
            city varchar(250),
            country varchar(250), 
            unit varchar(20), 
            last_value float8, 
            lat float8,
            lng float8
        )
    
[2023-12-28T16:55:06.178+0000] {taskinstance.py:1400} INFO - Marking task as SUCCESS. dag_id=air_quality, task_id=Create_Table, execution_date=20231209T040000, start_date=20231228T165500, end_date=20231228T165506
[2023-12-28T16:55:06.332+0000] {local_task_job_runner.py:228} INFO - Task exited with return code 0
[2023-12-28T16:55:06.424+0000] {taskinstance.py:2778} INFO - 1 downstream tasks scheduled from follow-on schedule check
