[2023-12-17T11:18:46.918+0000] {logging_mixin.py:154} INFO - Changing /opt/***/logs/dag_id=air_quality/run_id=scheduled__2023-12-03T04:00:00+00:00/task_id=CheckTable permission to 509
[2023-12-17T11:18:46.921+0000] {logging_mixin.py:154} INFO - Failed to change /opt/***/logs/dag_id=air_quality/run_id=scheduled__2023-12-03T04:00:00+00:00/task_id=CheckTable permission to 509: [Errno 1] Operation not permitted: '/opt/***/logs/dag_id=air_quality/run_id=scheduled__2023-12-03T04:00:00+00:00/task_id=CheckTable'
[2023-12-17T11:18:47.175+0000] {logging_mixin.py:154} INFO - Changing /opt/***/logs/dag_id=air_quality/run_id=scheduled__2023-12-03T04:00:00+00:00/task_id=CheckTable permission to 509
[2023-12-17T11:18:47.179+0000] {logging_mixin.py:154} INFO - Failed to change /opt/***/logs/dag_id=air_quality/run_id=scheduled__2023-12-03T04:00:00+00:00/task_id=CheckTable permission to 509: [Errno 1] Operation not permitted: '/opt/***/logs/dag_id=air_quality/run_id=scheduled__2023-12-03T04:00:00+00:00/task_id=CheckTable'
[2023-12-17T11:18:47.322+0000] {taskinstance.py:1159} INFO - Dependencies all met for dep_context=non-requeueable deps ti=<TaskInstance: air_quality.CheckTable scheduled__2023-12-03T04:00:00+00:00 [queued]>
[2023-12-17T11:18:47.389+0000] {taskinstance.py:1159} INFO - Dependencies all met for dep_context=requeueable deps ti=<TaskInstance: air_quality.CheckTable scheduled__2023-12-03T04:00:00+00:00 [queued]>
[2023-12-17T11:18:47.390+0000] {taskinstance.py:1361} INFO - Starting attempt 1 of 2
[2023-12-17T11:18:47.762+0000] {taskinstance.py:1382} INFO - Executing <Task(BranchPythonOperator): CheckTable> on 2023-12-03 04:00:00+00:00
[2023-12-17T11:18:47.785+0000] {standard_task_runner.py:84} INFO - Running: ['***', 'tasks', 'run', 'air_quality', 'CheckTable', 'scheduled__2023-12-03T04:00:00+00:00', '--job-id', '360', '--raw', '--subdir', 'DAGS_FOLDER/airQuality.py', '--cfg-path', '/tmp/tmp7llw9njf']
[2023-12-17T11:18:47.789+0000] {standard_task_runner.py:85} INFO - Job 360: Subtask CheckTable
[2023-12-17T11:18:47.778+0000] {standard_task_runner.py:57} INFO - Started process 2201 to run task
[2023-12-17T11:18:48.045+0000] {logging_mixin.py:154} INFO - Changing /opt/***/logs/dag_id=air_quality/run_id=scheduled__2023-12-03T04:00:00+00:00/task_id=CheckTable permission to 509
[2023-12-17T11:18:48.047+0000] {logging_mixin.py:154} INFO - Failed to change /opt/***/logs/dag_id=air_quality/run_id=scheduled__2023-12-03T04:00:00+00:00/task_id=CheckTable permission to 509: [Errno 1] Operation not permitted: '/opt/***/logs/dag_id=air_quality/run_id=scheduled__2023-12-03T04:00:00+00:00/task_id=CheckTable'
[2023-12-17T11:18:48.075+0000] {task_command.py:416} INFO - Running <TaskInstance: air_quality.CheckTable scheduled__2023-12-03T04:00:00+00:00 [running]> on host 1a58977f5573
[2023-12-17T11:18:48.458+0000] {taskinstance.py:1662} INFO - Exporting env vars: AIRFLOW_CTX_DAG_OWNER='ghifari' AIRFLOW_CTX_DAG_ID='air_quality' AIRFLOW_CTX_TASK_ID='CheckTable' AIRFLOW_CTX_EXECUTION_DATE='2023-12-03T04:00:00+00:00' AIRFLOW_CTX_TRY_NUMBER='1' AIRFLOW_CTX_DAG_RUN_ID='scheduled__2023-12-03T04:00:00+00:00'
[2023-12-17T11:18:48.521+0000] {airQuality.py:204} INFO - Table Created: 
        CREATE TABLE air_quality (
            id serial primary key, 
            city varchar(250),
            country varchar(250), 
            unit varchar(20), 
            last_value float8, 
            lat float8,
            lng float8
        )
    
[2023-12-17T11:18:48.526+0000] {python.py:194} INFO - Done. Returned value was: Insert_Data
[2023-12-17T11:18:48.528+0000] {python.py:227} INFO - Branch callable return Insert_Data
[2023-12-17T11:18:48.543+0000] {skipmixin.py:173} INFO - Following branch Insert_Data
[2023-12-17T11:18:48.639+0000] {skipmixin.py:239} INFO - Skipping tasks []
[2023-12-17T11:18:48.866+0000] {taskinstance.py:1400} INFO - Marking task as SUCCESS. dag_id=air_quality, task_id=CheckTable, execution_date=20231203T040000, start_date=20231217T111847, end_date=20231217T111848
[2023-12-17T11:18:49.174+0000] {local_task_job_runner.py:228} INFO - Task exited with return code 0
[2023-12-17T11:18:49.270+0000] {taskinstance.py:2778} INFO - 1 downstream tasks scheduled from follow-on schedule check
[2023-12-17T12:18:16.735+0000] {logging_mixin.py:154} INFO - Changing /opt/***/logs/dag_id=air_quality/run_id=scheduled__2023-12-03T04:00:00+00:00/task_id=CheckTable permission to 509
[2023-12-17T12:18:16.743+0000] {logging_mixin.py:154} INFO - Failed to change /opt/***/logs/dag_id=air_quality/run_id=scheduled__2023-12-03T04:00:00+00:00/task_id=CheckTable permission to 509: [Errno 1] Operation not permitted: '/opt/***/logs/dag_id=air_quality/run_id=scheduled__2023-12-03T04:00:00+00:00/task_id=CheckTable'
[2023-12-17T12:18:16.851+0000] {logging_mixin.py:154} INFO - Changing /opt/***/logs/dag_id=air_quality/run_id=scheduled__2023-12-03T04:00:00+00:00/task_id=CheckTable permission to 509
[2023-12-17T12:18:16.856+0000] {logging_mixin.py:154} INFO - Failed to change /opt/***/logs/dag_id=air_quality/run_id=scheduled__2023-12-03T04:00:00+00:00/task_id=CheckTable permission to 509: [Errno 1] Operation not permitted: '/opt/***/logs/dag_id=air_quality/run_id=scheduled__2023-12-03T04:00:00+00:00/task_id=CheckTable'
[2023-12-17T12:18:16.953+0000] {taskinstance.py:1159} INFO - Dependencies all met for dep_context=non-requeueable deps ti=<TaskInstance: air_quality.CheckTable scheduled__2023-12-03T04:00:00+00:00 [queued]>
[2023-12-17T12:18:16.999+0000] {taskinstance.py:1159} INFO - Dependencies all met for dep_context=requeueable deps ti=<TaskInstance: air_quality.CheckTable scheduled__2023-12-03T04:00:00+00:00 [queued]>
[2023-12-17T12:18:17.012+0000] {taskinstance.py:1361} INFO - Starting attempt 1 of 2
[2023-12-17T12:18:17.076+0000] {taskinstance.py:1382} INFO - Executing <Task(BranchPythonOperator): CheckTable> on 2023-12-03 04:00:00+00:00
[2023-12-17T12:18:17.095+0000] {standard_task_runner.py:57} INFO - Started process 4129 to run task
[2023-12-17T12:18:17.119+0000] {standard_task_runner.py:84} INFO - Running: ['***', 'tasks', 'run', 'air_quality', 'CheckTable', 'scheduled__2023-12-03T04:00:00+00:00', '--job-id', '612', '--raw', '--subdir', 'DAGS_FOLDER/airQuality.py', '--cfg-path', '/tmp/tmplvt12_7a']
[2023-12-17T12:18:17.127+0000] {standard_task_runner.py:85} INFO - Job 612: Subtask CheckTable
[2023-12-17T12:18:17.293+0000] {logging_mixin.py:154} INFO - Changing /opt/***/logs/dag_id=air_quality/run_id=scheduled__2023-12-03T04:00:00+00:00/task_id=CheckTable permission to 509
[2023-12-17T12:18:17.294+0000] {logging_mixin.py:154} INFO - Failed to change /opt/***/logs/dag_id=air_quality/run_id=scheduled__2023-12-03T04:00:00+00:00/task_id=CheckTable permission to 509: [Errno 1] Operation not permitted: '/opt/***/logs/dag_id=air_quality/run_id=scheduled__2023-12-03T04:00:00+00:00/task_id=CheckTable'
[2023-12-17T12:18:17.319+0000] {task_command.py:416} INFO - Running <TaskInstance: air_quality.CheckTable scheduled__2023-12-03T04:00:00+00:00 [running]> on host 1a58977f5573
[2023-12-17T12:18:17.549+0000] {taskinstance.py:1662} INFO - Exporting env vars: AIRFLOW_CTX_DAG_OWNER='ghifari' AIRFLOW_CTX_DAG_ID='air_quality' AIRFLOW_CTX_TASK_ID='CheckTable' AIRFLOW_CTX_EXECUTION_DATE='2023-12-03T04:00:00+00:00' AIRFLOW_CTX_TRY_NUMBER='1' AIRFLOW_CTX_DAG_RUN_ID='scheduled__2023-12-03T04:00:00+00:00'
[2023-12-17T12:18:17.603+0000] {airQuality.py:205} INFO - Table Created: 
        CREATE TABLE air_quality (
            id serial primary key, 
            city varchar(250),
            country varchar(250), 
            unit varchar(20), 
            last_value float8, 
            lat float8,
            lng float8
        )
    
[2023-12-17T12:18:17.604+0000] {python.py:194} INFO - Done. Returned value was: Insert_Data
[2023-12-17T12:18:17.605+0000] {python.py:227} INFO - Branch callable return Insert_Data
[2023-12-17T12:18:17.606+0000] {skipmixin.py:173} INFO - Following branch Insert_Data
[2023-12-17T12:18:17.624+0000] {skipmixin.py:239} INFO - Skipping tasks []
[2023-12-17T12:18:17.717+0000] {taskinstance.py:1400} INFO - Marking task as SUCCESS. dag_id=air_quality, task_id=CheckTable, execution_date=20231203T040000, start_date=20231217T121816, end_date=20231217T121817
[2023-12-17T12:18:17.795+0000] {local_task_job_runner.py:228} INFO - Task exited with return code 0
[2023-12-17T12:18:17.905+0000] {taskinstance.py:2778} INFO - 1 downstream tasks scheduled from follow-on schedule check
[2023-12-28T16:54:29.743+0000] {logging_mixin.py:154} INFO - Changing /opt/***/logs/dag_id=air_quality/run_id=scheduled__2023-12-03T04:00:00+00:00/task_id=CheckTable permission to 509
[2023-12-28T16:54:29.746+0000] {logging_mixin.py:154} INFO - Failed to change /opt/***/logs/dag_id=air_quality/run_id=scheduled__2023-12-03T04:00:00+00:00/task_id=CheckTable permission to 509: [Errno 1] Operation not permitted: '/opt/***/logs/dag_id=air_quality/run_id=scheduled__2023-12-03T04:00:00+00:00/task_id=CheckTable'
[2023-12-28T16:54:29.886+0000] {logging_mixin.py:154} INFO - Changing /opt/***/logs/dag_id=air_quality/run_id=scheduled__2023-12-03T04:00:00+00:00/task_id=CheckTable permission to 509
[2023-12-28T16:54:29.903+0000] {logging_mixin.py:154} INFO - Failed to change /opt/***/logs/dag_id=air_quality/run_id=scheduled__2023-12-03T04:00:00+00:00/task_id=CheckTable permission to 509: [Errno 1] Operation not permitted: '/opt/***/logs/dag_id=air_quality/run_id=scheduled__2023-12-03T04:00:00+00:00/task_id=CheckTable'
[2023-12-28T16:54:30.101+0000] {taskinstance.py:1159} INFO - Dependencies all met for dep_context=non-requeueable deps ti=<TaskInstance: air_quality.CheckTable scheduled__2023-12-03T04:00:00+00:00 [queued]>
[2023-12-28T16:54:30.172+0000] {taskinstance.py:1159} INFO - Dependencies all met for dep_context=requeueable deps ti=<TaskInstance: air_quality.CheckTable scheduled__2023-12-03T04:00:00+00:00 [queued]>
[2023-12-28T16:54:30.175+0000] {taskinstance.py:1361} INFO - Starting attempt 1 of 2
[2023-12-28T16:54:30.227+0000] {taskinstance.py:1382} INFO - Executing <Task(BranchPythonOperator): CheckTable> on 2023-12-03 04:00:00+00:00
[2023-12-28T16:54:30.255+0000] {standard_task_runner.py:57} INFO - Started process 959 to run task
[2023-12-28T16:54:30.286+0000] {standard_task_runner.py:84} INFO - Running: ['***', 'tasks', 'run', 'air_quality', 'CheckTable', 'scheduled__2023-12-03T04:00:00+00:00', '--job-id', '1075', '--raw', '--subdir', 'DAGS_FOLDER/airQuality.py', '--cfg-path', '/tmp/tmpuw6wyo1r']
[2023-12-28T16:54:30.289+0000] {standard_task_runner.py:85} INFO - Job 1075: Subtask CheckTable
[2023-12-28T16:54:30.601+0000] {logging_mixin.py:154} INFO - Changing /opt/***/logs/dag_id=air_quality/run_id=scheduled__2023-12-03T04:00:00+00:00/task_id=CheckTable permission to 509
[2023-12-28T16:54:30.603+0000] {logging_mixin.py:154} INFO - Failed to change /opt/***/logs/dag_id=air_quality/run_id=scheduled__2023-12-03T04:00:00+00:00/task_id=CheckTable permission to 509: [Errno 1] Operation not permitted: '/opt/***/logs/dag_id=air_quality/run_id=scheduled__2023-12-03T04:00:00+00:00/task_id=CheckTable'
[2023-12-28T16:54:30.623+0000] {task_command.py:416} INFO - Running <TaskInstance: air_quality.CheckTable scheduled__2023-12-03T04:00:00+00:00 [running]> on host d67dd4682ccf
[2023-12-28T16:54:31.019+0000] {taskinstance.py:1662} INFO - Exporting env vars: AIRFLOW_CTX_DAG_OWNER='ghifari' AIRFLOW_CTX_DAG_ID='air_quality' AIRFLOW_CTX_TASK_ID='CheckTable' AIRFLOW_CTX_EXECUTION_DATE='2023-12-03T04:00:00+00:00' AIRFLOW_CTX_TRY_NUMBER='1' AIRFLOW_CTX_DAG_RUN_ID='scheduled__2023-12-03T04:00:00+00:00'
[2023-12-28T16:54:31.076+0000] {airQuality.py:183} INFO - Table Created: 
        CREATE TABLE air_quality (
            id serial primary key, 
            city varchar(250),
            country varchar(250), 
            unit varchar(20), 
            last_value float8, 
            lat float8,
            lng float8
        )
    
[2023-12-28T16:54:31.081+0000] {python.py:194} INFO - Done. Returned value was: Insert_Data
[2023-12-28T16:54:31.082+0000] {python.py:227} INFO - Branch callable return Insert_Data
[2023-12-28T16:54:31.084+0000] {skipmixin.py:173} INFO - Following branch Insert_Data
[2023-12-28T16:54:31.119+0000] {skipmixin.py:239} INFO - Skipping tasks []
[2023-12-28T16:54:31.263+0000] {taskinstance.py:1400} INFO - Marking task as SUCCESS. dag_id=air_quality, task_id=CheckTable, execution_date=20231203T040000, start_date=20231228T165430, end_date=20231228T165431
[2023-12-28T16:54:31.392+0000] {local_task_job_runner.py:228} INFO - Task exited with return code 0
[2023-12-28T16:54:31.528+0000] {taskinstance.py:2778} INFO - 1 downstream tasks scheduled from follow-on schedule check
