[2023-12-17T11:19:03.273+0000] {logging_mixin.py:154} INFO - Changing /opt/***/logs/dag_id=air_quality/run_id=scheduled__2023-12-11T04:00:00+00:00/task_id=Check_Response permission to 509
[2023-12-17T11:19:03.275+0000] {logging_mixin.py:154} INFO - Failed to change /opt/***/logs/dag_id=air_quality/run_id=scheduled__2023-12-11T04:00:00+00:00/task_id=Check_Response permission to 509: [Errno 1] Operation not permitted: '/opt/***/logs/dag_id=air_quality/run_id=scheduled__2023-12-11T04:00:00+00:00/task_id=Check_Response'
[2023-12-17T11:19:03.402+0000] {logging_mixin.py:154} INFO - Changing /opt/***/logs/dag_id=air_quality/run_id=scheduled__2023-12-11T04:00:00+00:00/task_id=Check_Response permission to 509
[2023-12-17T11:19:03.403+0000] {logging_mixin.py:154} INFO - Failed to change /opt/***/logs/dag_id=air_quality/run_id=scheduled__2023-12-11T04:00:00+00:00/task_id=Check_Response permission to 509: [Errno 1] Operation not permitted: '/opt/***/logs/dag_id=air_quality/run_id=scheduled__2023-12-11T04:00:00+00:00/task_id=Check_Response'
[2023-12-17T11:19:03.468+0000] {taskinstance.py:1159} INFO - Dependencies all met for dep_context=non-requeueable deps ti=<TaskInstance: air_quality.Check_Response scheduled__2023-12-11T04:00:00+00:00 [queued]>
[2023-12-17T11:19:03.499+0000] {taskinstance.py:1159} INFO - Dependencies all met for dep_context=requeueable deps ti=<TaskInstance: air_quality.Check_Response scheduled__2023-12-11T04:00:00+00:00 [queued]>
[2023-12-17T11:19:03.500+0000] {taskinstance.py:1361} INFO - Starting attempt 1 of 2
[2023-12-17T11:19:03.548+0000] {taskinstance.py:1382} INFO - Executing <Task(BranchPythonOperator): Check_Response> on 2023-12-11 04:00:00+00:00
[2023-12-17T11:19:03.560+0000] {standard_task_runner.py:57} INFO - Started process 2401 to run task
[2023-12-17T11:19:03.569+0000] {standard_task_runner.py:84} INFO - Running: ['***', 'tasks', 'run', 'air_quality', 'Check_Response', 'scheduled__2023-12-11T04:00:00+00:00', '--job-id', '388', '--raw', '--subdir', 'DAGS_FOLDER/airQuality.py', '--cfg-path', '/tmp/tmpu6ld57_z']
[2023-12-17T11:19:03.580+0000] {standard_task_runner.py:85} INFO - Job 388: Subtask Check_Response
[2023-12-17T11:19:03.844+0000] {logging_mixin.py:154} INFO - Changing /opt/***/logs/dag_id=air_quality/run_id=scheduled__2023-12-11T04:00:00+00:00/task_id=Check_Response permission to 509
[2023-12-17T11:19:03.846+0000] {logging_mixin.py:154} INFO - Failed to change /opt/***/logs/dag_id=air_quality/run_id=scheduled__2023-12-11T04:00:00+00:00/task_id=Check_Response permission to 509: [Errno 1] Operation not permitted: '/opt/***/logs/dag_id=air_quality/run_id=scheduled__2023-12-11T04:00:00+00:00/task_id=Check_Response'
[2023-12-17T11:19:03.850+0000] {task_command.py:416} INFO - Running <TaskInstance: air_quality.Check_Response scheduled__2023-12-11T04:00:00+00:00 [running]> on host 1a58977f5573
[2023-12-17T11:19:04.078+0000] {taskinstance.py:1662} INFO - Exporting env vars: AIRFLOW_CTX_DAG_OWNER='ghifari' AIRFLOW_CTX_DAG_ID='air_quality' AIRFLOW_CTX_TASK_ID='Check_Response' AIRFLOW_CTX_EXECUTION_DATE='2023-12-11T04:00:00+00:00' AIRFLOW_CTX_TRY_NUMBER='1' AIRFLOW_CTX_DAG_RUN_ID='scheduled__2023-12-11T04:00:00+00:00'
[2023-12-17T11:19:04.101+0000] {airQuality.py:112} INFO - Data Found: {'city': ['Jakarta'], 'country': ['ID'], 'unit': ['o3'], 'last_value': [-0.999], 'lat': [-6.182536], 'lng': [106.834236]}
[2023-12-17T11:19:04.105+0000] {python.py:194} INFO - Done. Returned value was: Transform
[2023-12-17T11:19:04.106+0000] {python.py:227} INFO - Branch callable return Transform
[2023-12-17T11:19:04.107+0000] {skipmixin.py:173} INFO - Following branch Transform
[2023-12-17T11:19:04.166+0000] {skipmixin.py:239} INFO - Skipping tasks [('Error_Response', -1)]
[2023-12-17T11:19:04.284+0000] {taskinstance.py:1400} INFO - Marking task as SUCCESS. dag_id=air_quality, task_id=Check_Response, execution_date=20231211T040000, start_date=20231217T111903, end_date=20231217T111904
[2023-12-17T11:19:04.365+0000] {local_task_job_runner.py:228} INFO - Task exited with return code 0
[2023-12-17T11:19:04.454+0000] {taskinstance.py:2778} INFO - 1 downstream tasks scheduled from follow-on schedule check
[2023-12-17T12:18:12.964+0000] {logging_mixin.py:154} INFO - Changing /opt/***/logs/dag_id=air_quality/run_id=scheduled__2023-12-11T04:00:00+00:00/task_id=Check_Response permission to 509
[2023-12-17T12:18:12.986+0000] {logging_mixin.py:154} INFO - Failed to change /opt/***/logs/dag_id=air_quality/run_id=scheduled__2023-12-11T04:00:00+00:00/task_id=Check_Response permission to 509: [Errno 1] Operation not permitted: '/opt/***/logs/dag_id=air_quality/run_id=scheduled__2023-12-11T04:00:00+00:00/task_id=Check_Response'
[2023-12-17T12:18:13.098+0000] {logging_mixin.py:154} INFO - Changing /opt/***/logs/dag_id=air_quality/run_id=scheduled__2023-12-11T04:00:00+00:00/task_id=Check_Response permission to 509
[2023-12-17T12:18:13.108+0000] {logging_mixin.py:154} INFO - Failed to change /opt/***/logs/dag_id=air_quality/run_id=scheduled__2023-12-11T04:00:00+00:00/task_id=Check_Response permission to 509: [Errno 1] Operation not permitted: '/opt/***/logs/dag_id=air_quality/run_id=scheduled__2023-12-11T04:00:00+00:00/task_id=Check_Response'
[2023-12-17T12:18:13.220+0000] {taskinstance.py:1159} INFO - Dependencies all met for dep_context=non-requeueable deps ti=<TaskInstance: air_quality.Check_Response scheduled__2023-12-11T04:00:00+00:00 [queued]>
[2023-12-17T12:18:13.262+0000] {taskinstance.py:1159} INFO - Dependencies all met for dep_context=requeueable deps ti=<TaskInstance: air_quality.Check_Response scheduled__2023-12-11T04:00:00+00:00 [queued]>
[2023-12-17T12:18:13.267+0000] {taskinstance.py:1361} INFO - Starting attempt 1 of 2
[2023-12-17T12:18:13.336+0000] {taskinstance.py:1382} INFO - Executing <Task(BranchPythonOperator): Check_Response> on 2023-12-11 04:00:00+00:00
[2023-12-17T12:18:13.355+0000] {standard_task_runner.py:57} INFO - Started process 4103 to run task
[2023-12-17T12:18:13.362+0000] {standard_task_runner.py:84} INFO - Running: ['***', 'tasks', 'run', 'air_quality', 'Check_Response', 'scheduled__2023-12-11T04:00:00+00:00', '--job-id', '602', '--raw', '--subdir', 'DAGS_FOLDER/airQuality.py', '--cfg-path', '/tmp/tmpvt0l9k9n']
[2023-12-17T12:18:13.367+0000] {standard_task_runner.py:85} INFO - Job 602: Subtask Check_Response
[2023-12-17T12:18:13.585+0000] {logging_mixin.py:154} INFO - Changing /opt/***/logs/dag_id=air_quality/run_id=scheduled__2023-12-11T04:00:00+00:00/task_id=Check_Response permission to 509
[2023-12-17T12:18:13.591+0000] {logging_mixin.py:154} INFO - Failed to change /opt/***/logs/dag_id=air_quality/run_id=scheduled__2023-12-11T04:00:00+00:00/task_id=Check_Response permission to 509: [Errno 1] Operation not permitted: '/opt/***/logs/dag_id=air_quality/run_id=scheduled__2023-12-11T04:00:00+00:00/task_id=Check_Response'
[2023-12-17T12:18:13.606+0000] {task_command.py:416} INFO - Running <TaskInstance: air_quality.Check_Response scheduled__2023-12-11T04:00:00+00:00 [running]> on host 1a58977f5573
[2023-12-17T12:18:13.845+0000] {taskinstance.py:1662} INFO - Exporting env vars: AIRFLOW_CTX_DAG_OWNER='ghifari' AIRFLOW_CTX_DAG_ID='air_quality' AIRFLOW_CTX_TASK_ID='Check_Response' AIRFLOW_CTX_EXECUTION_DATE='2023-12-11T04:00:00+00:00' AIRFLOW_CTX_TRY_NUMBER='1' AIRFLOW_CTX_DAG_RUN_ID='scheduled__2023-12-11T04:00:00+00:00'
[2023-12-17T12:18:13.869+0000] {airQuality.py:112} INFO - Data Found: {'city': ['Jakarta'], 'country': ['ID'], 'unit': ['pm25'], 'last_value': [-999.0], 'lat': [-6.182536], 'lng': [106.834236]}
[2023-12-17T12:18:13.870+0000] {python.py:194} INFO - Done. Returned value was: Transform
[2023-12-17T12:18:13.871+0000] {python.py:227} INFO - Branch callable return Transform
[2023-12-17T12:18:13.872+0000] {skipmixin.py:173} INFO - Following branch Transform
[2023-12-17T12:18:13.906+0000] {skipmixin.py:239} INFO - Skipping tasks [('Error_Response', -1)]
[2023-12-17T12:18:14.063+0000] {taskinstance.py:1400} INFO - Marking task as SUCCESS. dag_id=air_quality, task_id=Check_Response, execution_date=20231211T040000, start_date=20231217T121813, end_date=20231217T121814
[2023-12-17T12:18:14.124+0000] {local_task_job_runner.py:228} INFO - Task exited with return code 0
[2023-12-17T12:18:14.228+0000] {taskinstance.py:2778} INFO - 1 downstream tasks scheduled from follow-on schedule check
[2023-12-17T12:18:48.203+0000] {logging_mixin.py:154} INFO - Changing /opt/***/logs/dag_id=air_quality/run_id=scheduled__2023-12-11T04:00:00+00:00/task_id=Check_Response permission to 509
[2023-12-17T12:18:48.205+0000] {logging_mixin.py:154} INFO - Failed to change /opt/***/logs/dag_id=air_quality/run_id=scheduled__2023-12-11T04:00:00+00:00/task_id=Check_Response permission to 509: [Errno 1] Operation not permitted: '/opt/***/logs/dag_id=air_quality/run_id=scheduled__2023-12-11T04:00:00+00:00/task_id=Check_Response'
[2023-12-17T12:18:48.260+0000] {logging_mixin.py:154} INFO - Changing /opt/***/logs/dag_id=air_quality/run_id=scheduled__2023-12-11T04:00:00+00:00/task_id=Check_Response permission to 509
[2023-12-17T12:18:48.262+0000] {logging_mixin.py:154} INFO - Failed to change /opt/***/logs/dag_id=air_quality/run_id=scheduled__2023-12-11T04:00:00+00:00/task_id=Check_Response permission to 509: [Errno 1] Operation not permitted: '/opt/***/logs/dag_id=air_quality/run_id=scheduled__2023-12-11T04:00:00+00:00/task_id=Check_Response'
[2023-12-17T12:18:48.318+0000] {taskinstance.py:1159} INFO - Dependencies all met for dep_context=non-requeueable deps ti=<TaskInstance: air_quality.Check_Response scheduled__2023-12-11T04:00:00+00:00 [queued]>
[2023-12-17T12:18:48.345+0000] {taskinstance.py:1159} INFO - Dependencies all met for dep_context=requeueable deps ti=<TaskInstance: air_quality.Check_Response scheduled__2023-12-11T04:00:00+00:00 [queued]>
[2023-12-17T12:18:48.346+0000] {taskinstance.py:1361} INFO - Starting attempt 1 of 2
[2023-12-17T12:18:48.372+0000] {taskinstance.py:1382} INFO - Executing <Task(BranchPythonOperator): Check_Response> on 2023-12-11 04:00:00+00:00
[2023-12-17T12:18:48.380+0000] {standard_task_runner.py:57} INFO - Started process 4448 to run task
[2023-12-17T12:18:48.385+0000] {standard_task_runner.py:84} INFO - Running: ['***', 'tasks', 'run', 'air_quality', 'Check_Response', 'scheduled__2023-12-11T04:00:00+00:00', '--job-id', '676', '--raw', '--subdir', 'DAGS_FOLDER/airQuality.py', '--cfg-path', '/tmp/tmpiojpk58t']
[2023-12-17T12:18:48.388+0000] {standard_task_runner.py:85} INFO - Job 676: Subtask Check_Response
[2023-12-17T12:18:48.475+0000] {logging_mixin.py:154} INFO - Changing /opt/***/logs/dag_id=air_quality/run_id=scheduled__2023-12-11T04:00:00+00:00/task_id=Check_Response permission to 509
[2023-12-17T12:18:48.477+0000] {logging_mixin.py:154} INFO - Failed to change /opt/***/logs/dag_id=air_quality/run_id=scheduled__2023-12-11T04:00:00+00:00/task_id=Check_Response permission to 509: [Errno 1] Operation not permitted: '/opt/***/logs/dag_id=air_quality/run_id=scheduled__2023-12-11T04:00:00+00:00/task_id=Check_Response'
[2023-12-17T12:18:48.479+0000] {task_command.py:416} INFO - Running <TaskInstance: air_quality.Check_Response scheduled__2023-12-11T04:00:00+00:00 [running]> on host 1a58977f5573
[2023-12-17T12:18:48.646+0000] {taskinstance.py:1662} INFO - Exporting env vars: AIRFLOW_CTX_DAG_OWNER='ghifari' AIRFLOW_CTX_DAG_ID='air_quality' AIRFLOW_CTX_TASK_ID='Check_Response' AIRFLOW_CTX_EXECUTION_DATE='2023-12-11T04:00:00+00:00' AIRFLOW_CTX_TRY_NUMBER='1' AIRFLOW_CTX_DAG_RUN_ID='scheduled__2023-12-11T04:00:00+00:00'
[2023-12-17T12:18:48.670+0000] {airQuality.py:112} INFO - Data Found: {'city': ['Jakarta'], 'country': ['ID'], 'unit': ['pm25'], 'last_value': [-999.0], 'lat': [-6.182536], 'lng': [106.834236]}
[2023-12-17T12:18:48.671+0000] {python.py:194} INFO - Done. Returned value was: Transform
[2023-12-17T12:18:48.672+0000] {python.py:227} INFO - Branch callable return Transform
[2023-12-17T12:18:48.674+0000] {skipmixin.py:173} INFO - Following branch Transform
[2023-12-17T12:18:48.702+0000] {skipmixin.py:239} INFO - Skipping tasks [('Error_Response', -1)]
[2023-12-17T12:18:48.779+0000] {taskinstance.py:1400} INFO - Marking task as SUCCESS. dag_id=air_quality, task_id=Check_Response, execution_date=20231211T040000, start_date=20231217T121848, end_date=20231217T121848
[2023-12-17T12:18:48.840+0000] {local_task_job_runner.py:228} INFO - Task exited with return code 0
[2023-12-17T12:18:48.904+0000] {taskinstance.py:2778} INFO - 1 downstream tasks scheduled from follow-on schedule check
[2023-12-28T16:51:46.494+0000] {logging_mixin.py:154} INFO - Changing /opt/***/logs/dag_id=air_quality/run_id=scheduled__2023-12-11T04:00:00+00:00/task_id=Check_Response permission to 509
[2023-12-28T16:51:46.500+0000] {logging_mixin.py:154} INFO - Failed to change /opt/***/logs/dag_id=air_quality/run_id=scheduled__2023-12-11T04:00:00+00:00/task_id=Check_Response permission to 509: [Errno 1] Operation not permitted: '/opt/***/logs/dag_id=air_quality/run_id=scheduled__2023-12-11T04:00:00+00:00/task_id=Check_Response'
[2023-12-28T16:51:46.632+0000] {logging_mixin.py:154} INFO - Changing /opt/***/logs/dag_id=air_quality/run_id=scheduled__2023-12-11T04:00:00+00:00/task_id=Check_Response permission to 509
[2023-12-28T16:51:46.637+0000] {logging_mixin.py:154} INFO - Failed to change /opt/***/logs/dag_id=air_quality/run_id=scheduled__2023-12-11T04:00:00+00:00/task_id=Check_Response permission to 509: [Errno 1] Operation not permitted: '/opt/***/logs/dag_id=air_quality/run_id=scheduled__2023-12-11T04:00:00+00:00/task_id=Check_Response'
[2023-12-28T16:51:46.799+0000] {taskinstance.py:1159} INFO - Dependencies all met for dep_context=non-requeueable deps ti=<TaskInstance: air_quality.Check_Response scheduled__2023-12-11T04:00:00+00:00 [queued]>
[2023-12-28T16:51:46.834+0000] {taskinstance.py:1159} INFO - Dependencies all met for dep_context=requeueable deps ti=<TaskInstance: air_quality.Check_Response scheduled__2023-12-11T04:00:00+00:00 [queued]>
[2023-12-28T16:51:46.837+0000] {taskinstance.py:1361} INFO - Starting attempt 1 of 2
[2023-12-28T16:51:46.904+0000] {taskinstance.py:1382} INFO - Executing <Task(BranchPythonOperator): Check_Response> on 2023-12-11 04:00:00+00:00
[2023-12-28T16:51:46.913+0000] {standard_task_runner.py:57} INFO - Started process 210 to run task
[2023-12-28T16:51:46.937+0000] {standard_task_runner.py:84} INFO - Running: ['***', 'tasks', 'run', 'air_quality', 'Check_Response', 'scheduled__2023-12-11T04:00:00+00:00', '--job-id', '857', '--raw', '--subdir', 'DAGS_FOLDER/airQuality.py', '--cfg-path', '/tmp/tmpt3_qkf_7']
[2023-12-28T16:51:46.952+0000] {standard_task_runner.py:85} INFO - Job 857: Subtask Check_Response
[2023-12-28T16:51:47.210+0000] {logging_mixin.py:154} INFO - Changing /opt/***/logs/dag_id=air_quality/run_id=scheduled__2023-12-11T04:00:00+00:00/task_id=Check_Response permission to 509
[2023-12-28T16:51:47.218+0000] {logging_mixin.py:154} INFO - Failed to change /opt/***/logs/dag_id=air_quality/run_id=scheduled__2023-12-11T04:00:00+00:00/task_id=Check_Response permission to 509: [Errno 1] Operation not permitted: '/opt/***/logs/dag_id=air_quality/run_id=scheduled__2023-12-11T04:00:00+00:00/task_id=Check_Response'
[2023-12-28T16:51:47.231+0000] {task_command.py:416} INFO - Running <TaskInstance: air_quality.Check_Response scheduled__2023-12-11T04:00:00+00:00 [running]> on host d67dd4682ccf
[2023-12-28T16:51:47.535+0000] {taskinstance.py:1662} INFO - Exporting env vars: AIRFLOW_CTX_DAG_OWNER='ghifari' AIRFLOW_CTX_DAG_ID='air_quality' AIRFLOW_CTX_TASK_ID='Check_Response' AIRFLOW_CTX_EXECUTION_DATE='2023-12-11T04:00:00+00:00' AIRFLOW_CTX_TRY_NUMBER='1' AIRFLOW_CTX_DAG_RUN_ID='scheduled__2023-12-11T04:00:00+00:00'
[2023-12-28T16:51:47.599+0000] {airQuality.py:90} INFO - Data Found: {'city': ['Jakarta'], 'country': ['ID'], 'unit': ['o3'], 'last_value': [-0.999], 'lat': [-6.182536], 'lng': [106.834236]}
[2023-12-28T16:51:47.607+0000] {python.py:194} INFO - Done. Returned value was: Transform
[2023-12-28T16:51:47.611+0000] {python.py:227} INFO - Branch callable return Transform
[2023-12-28T16:51:47.615+0000] {skipmixin.py:173} INFO - Following branch Transform
[2023-12-28T16:51:47.759+0000] {skipmixin.py:239} INFO - Skipping tasks [('Error_Response', -1)]
[2023-12-28T16:51:47.982+0000] {taskinstance.py:1400} INFO - Marking task as SUCCESS. dag_id=air_quality, task_id=Check_Response, execution_date=20231211T040000, start_date=20231228T165146, end_date=20231228T165147
[2023-12-28T16:51:48.066+0000] {local_task_job_runner.py:228} INFO - Task exited with return code 0
[2023-12-28T16:51:48.602+0000] {taskinstance.py:2778} INFO - 1 downstream tasks scheduled from follow-on schedule check
[2023-12-28T16:54:47.213+0000] {logging_mixin.py:154} INFO - Changing /opt/***/logs/dag_id=air_quality/run_id=scheduled__2023-12-11T04:00:00+00:00/task_id=Check_Response permission to 509
[2023-12-28T16:54:47.218+0000] {logging_mixin.py:154} INFO - Failed to change /opt/***/logs/dag_id=air_quality/run_id=scheduled__2023-12-11T04:00:00+00:00/task_id=Check_Response permission to 509: [Errno 1] Operation not permitted: '/opt/***/logs/dag_id=air_quality/run_id=scheduled__2023-12-11T04:00:00+00:00/task_id=Check_Response'
[2023-12-28T16:54:47.323+0000] {logging_mixin.py:154} INFO - Changing /opt/***/logs/dag_id=air_quality/run_id=scheduled__2023-12-11T04:00:00+00:00/task_id=Check_Response permission to 509
[2023-12-28T16:54:47.326+0000] {logging_mixin.py:154} INFO - Failed to change /opt/***/logs/dag_id=air_quality/run_id=scheduled__2023-12-11T04:00:00+00:00/task_id=Check_Response permission to 509: [Errno 1] Operation not permitted: '/opt/***/logs/dag_id=air_quality/run_id=scheduled__2023-12-11T04:00:00+00:00/task_id=Check_Response'
[2023-12-28T16:54:47.444+0000] {taskinstance.py:1159} INFO - Dependencies all met for dep_context=non-requeueable deps ti=<TaskInstance: air_quality.Check_Response scheduled__2023-12-11T04:00:00+00:00 [queued]>
[2023-12-28T16:54:47.471+0000] {taskinstance.py:1159} INFO - Dependencies all met for dep_context=requeueable deps ti=<TaskInstance: air_quality.Check_Response scheduled__2023-12-11T04:00:00+00:00 [queued]>
[2023-12-28T16:54:47.473+0000] {taskinstance.py:1361} INFO - Starting attempt 1 of 2
[2023-12-28T16:54:47.520+0000] {taskinstance.py:1382} INFO - Executing <Task(BranchPythonOperator): Check_Response> on 2023-12-11 04:00:00+00:00
[2023-12-28T16:54:47.530+0000] {standard_task_runner.py:57} INFO - Started process 1195 to run task
[2023-12-28T16:54:47.547+0000] {standard_task_runner.py:84} INFO - Running: ['***', 'tasks', 'run', 'air_quality', 'Check_Response', 'scheduled__2023-12-11T04:00:00+00:00', '--job-id', '1104', '--raw', '--subdir', 'DAGS_FOLDER/airQuality.py', '--cfg-path', '/tmp/tmpwwh04kay']
[2023-12-28T16:54:47.555+0000] {standard_task_runner.py:85} INFO - Job 1104: Subtask Check_Response
[2023-12-28T16:54:47.748+0000] {logging_mixin.py:154} INFO - Changing /opt/***/logs/dag_id=air_quality/run_id=scheduled__2023-12-11T04:00:00+00:00/task_id=Check_Response permission to 509
[2023-12-28T16:54:47.749+0000] {logging_mixin.py:154} INFO - Failed to change /opt/***/logs/dag_id=air_quality/run_id=scheduled__2023-12-11T04:00:00+00:00/task_id=Check_Response permission to 509: [Errno 1] Operation not permitted: '/opt/***/logs/dag_id=air_quality/run_id=scheduled__2023-12-11T04:00:00+00:00/task_id=Check_Response'
[2023-12-28T16:54:47.754+0000] {task_command.py:416} INFO - Running <TaskInstance: air_quality.Check_Response scheduled__2023-12-11T04:00:00+00:00 [running]> on host d67dd4682ccf
[2023-12-28T16:54:47.981+0000] {taskinstance.py:1662} INFO - Exporting env vars: AIRFLOW_CTX_DAG_OWNER='ghifari' AIRFLOW_CTX_DAG_ID='air_quality' AIRFLOW_CTX_TASK_ID='Check_Response' AIRFLOW_CTX_EXECUTION_DATE='2023-12-11T04:00:00+00:00' AIRFLOW_CTX_TRY_NUMBER='1' AIRFLOW_CTX_DAG_RUN_ID='scheduled__2023-12-11T04:00:00+00:00'
[2023-12-28T16:54:48.038+0000] {airQuality.py:90} INFO - Data Found: {'city': ['Jakarta'], 'country': ['ID'], 'unit': ['o3'], 'last_value': [-0.999], 'lat': [-6.182536], 'lng': [106.834236]}
[2023-12-28T16:54:48.040+0000] {python.py:194} INFO - Done. Returned value was: Transform
[2023-12-28T16:54:48.049+0000] {python.py:227} INFO - Branch callable return Transform
[2023-12-28T16:54:48.050+0000] {skipmixin.py:173} INFO - Following branch Transform
[2023-12-28T16:54:48.100+0000] {skipmixin.py:239} INFO - Skipping tasks [('Error_Response', -1)]
[2023-12-28T16:54:48.322+0000] {taskinstance.py:1400} INFO - Marking task as SUCCESS. dag_id=air_quality, task_id=Check_Response, execution_date=20231211T040000, start_date=20231228T165447, end_date=20231228T165448
[2023-12-28T16:54:48.446+0000] {local_task_job_runner.py:228} INFO - Task exited with return code 0
[2023-12-28T16:54:48.677+0000] {taskinstance.py:2778} INFO - 1 downstream tasks scheduled from follow-on schedule check
