[2023-12-28T16:55:23.922+0000] {logging_mixin.py:154} INFO - Changing /opt/***/logs/dag_id=air_quality/run_id=scheduled__2023-12-19T04:00:00+00:00/task_id=Insert_Data permission to 509
[2023-12-28T16:55:23.924+0000] {logging_mixin.py:154} INFO - Failed to change /opt/***/logs/dag_id=air_quality/run_id=scheduled__2023-12-19T04:00:00+00:00/task_id=Insert_Data permission to 509: [Errno 1] Operation not permitted: '/opt/***/logs/dag_id=air_quality/run_id=scheduled__2023-12-19T04:00:00+00:00/task_id=Insert_Data'
[2023-12-28T16:55:24.036+0000] {logging_mixin.py:154} INFO - Changing /opt/***/logs/dag_id=air_quality/run_id=scheduled__2023-12-19T04:00:00+00:00/task_id=Insert_Data permission to 509
[2023-12-28T16:55:24.037+0000] {logging_mixin.py:154} INFO - Failed to change /opt/***/logs/dag_id=air_quality/run_id=scheduled__2023-12-19T04:00:00+00:00/task_id=Insert_Data permission to 509: [Errno 1] Operation not permitted: '/opt/***/logs/dag_id=air_quality/run_id=scheduled__2023-12-19T04:00:00+00:00/task_id=Insert_Data'
[2023-12-28T16:55:24.124+0000] {taskinstance.py:1159} INFO - Dependencies all met for dep_context=non-requeueable deps ti=<TaskInstance: air_quality.Insert_Data scheduled__2023-12-19T04:00:00+00:00 [queued]>
[2023-12-28T16:55:24.154+0000] {taskinstance.py:1159} INFO - Dependencies all met for dep_context=requeueable deps ti=<TaskInstance: air_quality.Insert_Data scheduled__2023-12-19T04:00:00+00:00 [queued]>
[2023-12-28T16:55:24.156+0000] {taskinstance.py:1361} INFO - Starting attempt 1 of 2
[2023-12-28T16:55:24.196+0000] {taskinstance.py:1382} INFO - Executing <Task(PythonOperator): Insert_Data> on 2023-12-19 04:00:00+00:00
[2023-12-28T16:55:24.204+0000] {standard_task_runner.py:57} INFO - Started process 1475 to run task
[2023-12-28T16:55:24.211+0000] {standard_task_runner.py:84} INFO - Running: ['***', 'tasks', 'run', 'air_quality', 'Insert_Data', 'scheduled__2023-12-19T04:00:00+00:00', '--job-id', '1182', '--raw', '--subdir', 'DAGS_FOLDER/airQuality.py', '--cfg-path', '/tmp/tmp3zryo5lc']
[2023-12-28T16:55:24.220+0000] {standard_task_runner.py:85} INFO - Job 1182: Subtask Insert_Data
[2023-12-28T16:55:24.342+0000] {logging_mixin.py:154} INFO - Changing /opt/***/logs/dag_id=air_quality/run_id=scheduled__2023-12-19T04:00:00+00:00/task_id=Insert_Data permission to 509
[2023-12-28T16:55:24.344+0000] {logging_mixin.py:154} INFO - Failed to change /opt/***/logs/dag_id=air_quality/run_id=scheduled__2023-12-19T04:00:00+00:00/task_id=Insert_Data permission to 509: [Errno 1] Operation not permitted: '/opt/***/logs/dag_id=air_quality/run_id=scheduled__2023-12-19T04:00:00+00:00/task_id=Insert_Data'
[2023-12-28T16:55:24.347+0000] {task_command.py:416} INFO - Running <TaskInstance: air_quality.Insert_Data scheduled__2023-12-19T04:00:00+00:00 [running]> on host d67dd4682ccf
[2023-12-28T16:55:24.586+0000] {taskinstance.py:1662} INFO - Exporting env vars: AIRFLOW_CTX_DAG_OWNER='ghifari' AIRFLOW_CTX_DAG_ID='air_quality' AIRFLOW_CTX_TASK_ID='Insert_Data' AIRFLOW_CTX_EXECUTION_DATE='2023-12-19T04:00:00+00:00' AIRFLOW_CTX_TRY_NUMBER='1' AIRFLOW_CTX_DAG_RUN_ID='scheduled__2023-12-19T04:00:00+00:00'
[2023-12-28T16:55:25.866+0000] {logging_mixin.py:154} INFO - city           object
country        object
unit           object
last_value    float64
lat           float64
lng           float64
dtype: object
[2023-12-28T16:55:25.883+0000] {base.py:73} INFO - Using connection ID 'neonServerDB-Postgres' for task execution.
[2023-12-28T16:55:26.121+0000] {python.py:194} INFO - Done. Returned value was: None
[2023-12-28T16:55:26.137+0000] {taskinstance.py:1400} INFO - Marking task as SUCCESS. dag_id=air_quality, task_id=Insert_Data, execution_date=20231219T040000, start_date=20231228T165524, end_date=20231228T165526
[2023-12-28T16:55:26.200+0000] {local_task_job_runner.py:228} INFO - Task exited with return code 0
[2023-12-28T16:55:26.226+0000] {taskinstance.py:2778} INFO - 0 downstream tasks scheduled from follow-on schedule check
