[2023-12-28T16:08:56.281+0000] {logging_mixin.py:154} INFO - Changing /opt/***/logs/dag_id=air_quality/run_id=scheduled__2023-12-22T04:00:00+00:00/task_id=Transform permission to 509
[2023-12-28T16:08:56.288+0000] {logging_mixin.py:154} INFO - Failed to change /opt/***/logs/dag_id=air_quality/run_id=scheduled__2023-12-22T04:00:00+00:00/task_id=Transform permission to 509: [Errno 1] Operation not permitted: '/opt/***/logs/dag_id=air_quality/run_id=scheduled__2023-12-22T04:00:00+00:00/task_id=Transform'
[2023-12-28T16:08:56.567+0000] {logging_mixin.py:154} INFO - Changing /opt/***/logs/dag_id=air_quality/run_id=scheduled__2023-12-22T04:00:00+00:00/task_id=Transform permission to 509
[2023-12-28T16:08:56.571+0000] {logging_mixin.py:154} INFO - Failed to change /opt/***/logs/dag_id=air_quality/run_id=scheduled__2023-12-22T04:00:00+00:00/task_id=Transform permission to 509: [Errno 1] Operation not permitted: '/opt/***/logs/dag_id=air_quality/run_id=scheduled__2023-12-22T04:00:00+00:00/task_id=Transform'
[2023-12-28T16:08:56.837+0000] {taskinstance.py:1159} INFO - Dependencies all met for dep_context=non-requeueable deps ti=<TaskInstance: air_quality.Transform scheduled__2023-12-22T04:00:00+00:00 [queued]>
[2023-12-28T16:08:57.033+0000] {taskinstance.py:1159} INFO - Dependencies all met for dep_context=requeueable deps ti=<TaskInstance: air_quality.Transform scheduled__2023-12-22T04:00:00+00:00 [queued]>
[2023-12-28T16:08:57.035+0000] {taskinstance.py:1361} INFO - Starting attempt 1 of 2
[2023-12-28T16:08:57.342+0000] {taskinstance.py:1382} INFO - Executing <Task(PythonOperator): Transform> on 2023-12-22 04:00:00+00:00
[2023-12-28T16:08:57.361+0000] {standard_task_runner.py:57} INFO - Started process 535 to run task
[2023-12-28T16:08:57.413+0000] {standard_task_runner.py:84} INFO - Running: ['***', 'tasks', 'run', 'air_quality', 'Transform', 'scheduled__2023-12-22T04:00:00+00:00', '--job-id', '759', '--raw', '--subdir', 'DAGS_FOLDER/airQuality.py', '--cfg-path', '/tmp/tmp0yyzxfkg']
[2023-12-28T16:08:57.424+0000] {standard_task_runner.py:85} INFO - Job 759: Subtask Transform
[2023-12-28T16:08:57.916+0000] {logging_mixin.py:154} INFO - Changing /opt/***/logs/dag_id=air_quality/run_id=scheduled__2023-12-22T04:00:00+00:00/task_id=Transform permission to 509
[2023-12-28T16:08:57.924+0000] {logging_mixin.py:154} INFO - Failed to change /opt/***/logs/dag_id=air_quality/run_id=scheduled__2023-12-22T04:00:00+00:00/task_id=Transform permission to 509: [Errno 1] Operation not permitted: '/opt/***/logs/dag_id=air_quality/run_id=scheduled__2023-12-22T04:00:00+00:00/task_id=Transform'
[2023-12-28T16:08:57.930+0000] {task_command.py:416} INFO - Running <TaskInstance: air_quality.Transform scheduled__2023-12-22T04:00:00+00:00 [running]> on host d67dd4682ccf
[2023-12-28T16:08:58.559+0000] {taskinstance.py:1662} INFO - Exporting env vars: AIRFLOW_CTX_DAG_OWNER='ghifari' AIRFLOW_CTX_DAG_ID='air_quality' AIRFLOW_CTX_TASK_ID='Transform' AIRFLOW_CTX_EXECUTION_DATE='2023-12-22T04:00:00+00:00' AIRFLOW_CTX_TRY_NUMBER='1' AIRFLOW_CTX_DAG_RUN_ID='scheduled__2023-12-22T04:00:00+00:00'
[2023-12-28T16:09:09.171+0000] {python.py:194} INFO - Done. Returned value was:       city country  unit  last_value       lat         lng
0  Jakarta      ID  pm25      -999.0 -6.182536  106.834236
[2023-12-28T16:09:09.246+0000] {taskinstance.py:1400} INFO - Marking task as SUCCESS. dag_id=air_quality, task_id=Transform, execution_date=20231222T040000, start_date=20231228T160856, end_date=20231228T160909
[2023-12-28T16:09:09.529+0000] {local_task_job_runner.py:228} INFO - Task exited with return code 0
[2023-12-28T16:09:09.574+0000] {taskinstance.py:2778} INFO - 1 downstream tasks scheduled from follow-on schedule check
[2023-12-28T16:52:09.440+0000] {logging_mixin.py:154} INFO - Changing /opt/***/logs/dag_id=air_quality/run_id=scheduled__2023-12-22T04:00:00+00:00/task_id=Transform permission to 509
[2023-12-28T16:52:09.500+0000] {logging_mixin.py:154} INFO - Failed to change /opt/***/logs/dag_id=air_quality/run_id=scheduled__2023-12-22T04:00:00+00:00/task_id=Transform permission to 509: [Errno 1] Operation not permitted: '/opt/***/logs/dag_id=air_quality/run_id=scheduled__2023-12-22T04:00:00+00:00/task_id=Transform'
[2023-12-28T16:52:09.783+0000] {logging_mixin.py:154} INFO - Changing /opt/***/logs/dag_id=air_quality/run_id=scheduled__2023-12-22T04:00:00+00:00/task_id=Transform permission to 509
[2023-12-28T16:52:09.785+0000] {logging_mixin.py:154} INFO - Failed to change /opt/***/logs/dag_id=air_quality/run_id=scheduled__2023-12-22T04:00:00+00:00/task_id=Transform permission to 509: [Errno 1] Operation not permitted: '/opt/***/logs/dag_id=air_quality/run_id=scheduled__2023-12-22T04:00:00+00:00/task_id=Transform'
[2023-12-28T16:52:10.075+0000] {taskinstance.py:1159} INFO - Dependencies all met for dep_context=non-requeueable deps ti=<TaskInstance: air_quality.Transform scheduled__2023-12-22T04:00:00+00:00 [queued]>
[2023-12-28T16:52:10.142+0000] {taskinstance.py:1159} INFO - Dependencies all met for dep_context=requeueable deps ti=<TaskInstance: air_quality.Transform scheduled__2023-12-22T04:00:00+00:00 [queued]>
[2023-12-28T16:52:10.144+0000] {taskinstance.py:1361} INFO - Starting attempt 1 of 2
[2023-12-28T16:52:10.227+0000] {taskinstance.py:1382} INFO - Executing <Task(PythonOperator): Transform> on 2023-12-22 04:00:00+00:00
[2023-12-28T16:52:10.241+0000] {standard_task_runner.py:57} INFO - Started process 344 to run task
[2023-12-28T16:52:10.262+0000] {standard_task_runner.py:84} INFO - Running: ['***', 'tasks', 'run', 'air_quality', 'Transform', 'scheduled__2023-12-22T04:00:00+00:00', '--job-id', '914', '--raw', '--subdir', 'DAGS_FOLDER/airQuality.py', '--cfg-path', '/tmp/tmpw969n4kk']
[2023-12-28T16:52:10.278+0000] {standard_task_runner.py:85} INFO - Job 914: Subtask Transform
[2023-12-28T16:52:10.538+0000] {logging_mixin.py:154} INFO - Changing /opt/***/logs/dag_id=air_quality/run_id=scheduled__2023-12-22T04:00:00+00:00/task_id=Transform permission to 509
[2023-12-28T16:52:10.540+0000] {logging_mixin.py:154} INFO - Failed to change /opt/***/logs/dag_id=air_quality/run_id=scheduled__2023-12-22T04:00:00+00:00/task_id=Transform permission to 509: [Errno 1] Operation not permitted: '/opt/***/logs/dag_id=air_quality/run_id=scheduled__2023-12-22T04:00:00+00:00/task_id=Transform'
[2023-12-28T16:52:10.565+0000] {task_command.py:416} INFO - Running <TaskInstance: air_quality.Transform scheduled__2023-12-22T04:00:00+00:00 [running]> on host d67dd4682ccf
[2023-12-28T16:52:11.102+0000] {taskinstance.py:1662} INFO - Exporting env vars: AIRFLOW_CTX_DAG_OWNER='ghifari' AIRFLOW_CTX_DAG_ID='air_quality' AIRFLOW_CTX_TASK_ID='Transform' AIRFLOW_CTX_EXECUTION_DATE='2023-12-22T04:00:00+00:00' AIRFLOW_CTX_TRY_NUMBER='1' AIRFLOW_CTX_DAG_RUN_ID='scheduled__2023-12-22T04:00:00+00:00'
[2023-12-28T16:52:14.102+0000] {python.py:194} INFO - Done. Returned value was:       city country unit  last_value       lat         lng
0  Jakarta      ID   o3      -0.999 -6.182536  106.834236
[2023-12-28T16:52:14.255+0000] {taskinstance.py:1400} INFO - Marking task as SUCCESS. dag_id=air_quality, task_id=Transform, execution_date=20231222T040000, start_date=20231228T165210, end_date=20231228T165214
[2023-12-28T16:52:14.383+0000] {local_task_job_runner.py:228} INFO - Task exited with return code 0
[2023-12-28T16:52:14.514+0000] {taskinstance.py:2778} INFO - 1 downstream tasks scheduled from follow-on schedule check
[2023-12-28T16:52:39.597+0000] {logging_mixin.py:154} INFO - Changing /opt/***/logs/dag_id=air_quality/run_id=scheduled__2023-12-22T04:00:00+00:00/task_id=Transform permission to 509
[2023-12-28T16:52:39.600+0000] {logging_mixin.py:154} INFO - Failed to change /opt/***/logs/dag_id=air_quality/run_id=scheduled__2023-12-22T04:00:00+00:00/task_id=Transform permission to 509: [Errno 1] Operation not permitted: '/opt/***/logs/dag_id=air_quality/run_id=scheduled__2023-12-22T04:00:00+00:00/task_id=Transform'
[2023-12-28T16:52:39.683+0000] {logging_mixin.py:154} INFO - Changing /opt/***/logs/dag_id=air_quality/run_id=scheduled__2023-12-22T04:00:00+00:00/task_id=Transform permission to 509
[2023-12-28T16:52:39.684+0000] {logging_mixin.py:154} INFO - Failed to change /opt/***/logs/dag_id=air_quality/run_id=scheduled__2023-12-22T04:00:00+00:00/task_id=Transform permission to 509: [Errno 1] Operation not permitted: '/opt/***/logs/dag_id=air_quality/run_id=scheduled__2023-12-22T04:00:00+00:00/task_id=Transform'
[2023-12-28T16:52:39.839+0000] {taskinstance.py:1159} INFO - Dependencies all met for dep_context=non-requeueable deps ti=<TaskInstance: air_quality.Transform scheduled__2023-12-22T04:00:00+00:00 [queued]>
[2023-12-28T16:52:39.869+0000] {taskinstance.py:1159} INFO - Dependencies all met for dep_context=requeueable deps ti=<TaskInstance: air_quality.Transform scheduled__2023-12-22T04:00:00+00:00 [queued]>
[2023-12-28T16:52:39.871+0000] {taskinstance.py:1361} INFO - Starting attempt 1 of 2
[2023-12-28T16:52:39.917+0000] {taskinstance.py:1382} INFO - Executing <Task(PythonOperator): Transform> on 2023-12-22 04:00:00+00:00
[2023-12-28T16:52:39.932+0000] {standard_task_runner.py:57} INFO - Started process 639 to run task
[2023-12-28T16:52:39.949+0000] {standard_task_runner.py:84} INFO - Running: ['***', 'tasks', 'run', 'air_quality', 'Transform', 'scheduled__2023-12-22T04:00:00+00:00', '--job-id', '971', '--raw', '--subdir', 'DAGS_FOLDER/airQuality.py', '--cfg-path', '/tmp/tmpsffv6q2g']
[2023-12-28T16:52:39.953+0000] {standard_task_runner.py:85} INFO - Job 971: Subtask Transform
[2023-12-28T16:52:40.203+0000] {logging_mixin.py:154} INFO - Changing /opt/***/logs/dag_id=air_quality/run_id=scheduled__2023-12-22T04:00:00+00:00/task_id=Transform permission to 509
[2023-12-28T16:52:40.213+0000] {logging_mixin.py:154} INFO - Failed to change /opt/***/logs/dag_id=air_quality/run_id=scheduled__2023-12-22T04:00:00+00:00/task_id=Transform permission to 509: [Errno 1] Operation not permitted: '/opt/***/logs/dag_id=air_quality/run_id=scheduled__2023-12-22T04:00:00+00:00/task_id=Transform'
[2023-12-28T16:52:40.252+0000] {task_command.py:416} INFO - Running <TaskInstance: air_quality.Transform scheduled__2023-12-22T04:00:00+00:00 [running]> on host d67dd4682ccf
[2023-12-28T16:52:40.569+0000] {taskinstance.py:1662} INFO - Exporting env vars: AIRFLOW_CTX_DAG_OWNER='ghifari' AIRFLOW_CTX_DAG_ID='air_quality' AIRFLOW_CTX_TASK_ID='Transform' AIRFLOW_CTX_EXECUTION_DATE='2023-12-22T04:00:00+00:00' AIRFLOW_CTX_TRY_NUMBER='1' AIRFLOW_CTX_DAG_RUN_ID='scheduled__2023-12-22T04:00:00+00:00'
[2023-12-28T16:52:42.915+0000] {python.py:194} INFO - Done. Returned value was:       city country unit  last_value       lat         lng
0  Jakarta      ID   o3      -0.999 -6.182536  106.834236
[2023-12-28T16:52:43.048+0000] {taskinstance.py:1400} INFO - Marking task as SUCCESS. dag_id=air_quality, task_id=Transform, execution_date=20231222T040000, start_date=20231228T165239, end_date=20231228T165243
[2023-12-28T16:52:43.145+0000] {local_task_job_runner.py:228} INFO - Task exited with return code 0
[2023-12-28T16:52:43.217+0000] {taskinstance.py:2778} INFO - 1 downstream tasks scheduled from follow-on schedule check
[2023-12-28T16:55:09.497+0000] {logging_mixin.py:154} INFO - Changing /opt/***/logs/dag_id=air_quality/run_id=scheduled__2023-12-22T04:00:00+00:00/task_id=Transform permission to 509
[2023-12-28T16:55:09.501+0000] {logging_mixin.py:154} INFO - Failed to change /opt/***/logs/dag_id=air_quality/run_id=scheduled__2023-12-22T04:00:00+00:00/task_id=Transform permission to 509: [Errno 1] Operation not permitted: '/opt/***/logs/dag_id=air_quality/run_id=scheduled__2023-12-22T04:00:00+00:00/task_id=Transform'
[2023-12-28T16:55:09.633+0000] {logging_mixin.py:154} INFO - Changing /opt/***/logs/dag_id=air_quality/run_id=scheduled__2023-12-22T04:00:00+00:00/task_id=Transform permission to 509
[2023-12-28T16:55:09.634+0000] {logging_mixin.py:154} INFO - Failed to change /opt/***/logs/dag_id=air_quality/run_id=scheduled__2023-12-22T04:00:00+00:00/task_id=Transform permission to 509: [Errno 1] Operation not permitted: '/opt/***/logs/dag_id=air_quality/run_id=scheduled__2023-12-22T04:00:00+00:00/task_id=Transform'
[2023-12-28T16:55:09.857+0000] {taskinstance.py:1159} INFO - Dependencies all met for dep_context=non-requeueable deps ti=<TaskInstance: air_quality.Transform scheduled__2023-12-22T04:00:00+00:00 [queued]>
[2023-12-28T16:55:09.911+0000] {taskinstance.py:1159} INFO - Dependencies all met for dep_context=requeueable deps ti=<TaskInstance: air_quality.Transform scheduled__2023-12-22T04:00:00+00:00 [queued]>
[2023-12-28T16:55:09.916+0000] {taskinstance.py:1361} INFO - Starting attempt 1 of 2
[2023-12-28T16:55:10.034+0000] {taskinstance.py:1382} INFO - Executing <Task(PythonOperator): Transform> on 2023-12-22 04:00:00+00:00
[2023-12-28T16:55:10.045+0000] {standard_task_runner.py:57} INFO - Started process 1308 to run task
[2023-12-28T16:55:10.071+0000] {standard_task_runner.py:84} INFO - Running: ['***', 'tasks', 'run', 'air_quality', 'Transform', 'scheduled__2023-12-22T04:00:00+00:00', '--job-id', '1151', '--raw', '--subdir', 'DAGS_FOLDER/airQuality.py', '--cfg-path', '/tmp/tmpe5p84gw9']
[2023-12-28T16:55:10.084+0000] {standard_task_runner.py:85} INFO - Job 1151: Subtask Transform
[2023-12-28T16:55:10.305+0000] {logging_mixin.py:154} INFO - Changing /opt/***/logs/dag_id=air_quality/run_id=scheduled__2023-12-22T04:00:00+00:00/task_id=Transform permission to 509
[2023-12-28T16:55:10.307+0000] {logging_mixin.py:154} INFO - Failed to change /opt/***/logs/dag_id=air_quality/run_id=scheduled__2023-12-22T04:00:00+00:00/task_id=Transform permission to 509: [Errno 1] Operation not permitted: '/opt/***/logs/dag_id=air_quality/run_id=scheduled__2023-12-22T04:00:00+00:00/task_id=Transform'
[2023-12-28T16:55:10.315+0000] {task_command.py:416} INFO - Running <TaskInstance: air_quality.Transform scheduled__2023-12-22T04:00:00+00:00 [running]> on host d67dd4682ccf
[2023-12-28T16:55:10.912+0000] {taskinstance.py:1662} INFO - Exporting env vars: AIRFLOW_CTX_DAG_OWNER='ghifari' AIRFLOW_CTX_DAG_ID='air_quality' AIRFLOW_CTX_TASK_ID='Transform' AIRFLOW_CTX_EXECUTION_DATE='2023-12-22T04:00:00+00:00' AIRFLOW_CTX_TRY_NUMBER='1' AIRFLOW_CTX_DAG_RUN_ID='scheduled__2023-12-22T04:00:00+00:00'
[2023-12-28T16:55:13.046+0000] {python.py:194} INFO - Done. Returned value was:       city country unit  last_value       lat         lng
0  Jakarta      ID   o3      -0.999 -6.182536  106.834236
[2023-12-28T16:55:13.323+0000] {taskinstance.py:1400} INFO - Marking task as SUCCESS. dag_id=air_quality, task_id=Transform, execution_date=20231222T040000, start_date=20231228T165509, end_date=20231228T165513
[2023-12-28T16:55:13.481+0000] {local_task_job_runner.py:228} INFO - Task exited with return code 0
[2023-12-28T16:55:14.065+0000] {taskinstance.py:2778} INFO - 0 downstream tasks scheduled from follow-on schedule check
