[2023-12-17T11:18:46.892+0000] {logging_mixin.py:154} INFO - Changing /opt/***/logs/dag_id=air_quality/run_id=scheduled__2023-12-02T04:00:00+00:00/task_id=CheckTable permission to 509
[2023-12-17T11:18:46.896+0000] {logging_mixin.py:154} INFO - Failed to change /opt/***/logs/dag_id=air_quality/run_id=scheduled__2023-12-02T04:00:00+00:00/task_id=CheckTable permission to 509: [Errno 1] Operation not permitted: '/opt/***/logs/dag_id=air_quality/run_id=scheduled__2023-12-02T04:00:00+00:00/task_id=CheckTable'
[2023-12-17T11:18:47.046+0000] {logging_mixin.py:154} INFO - Changing /opt/***/logs/dag_id=air_quality/run_id=scheduled__2023-12-02T04:00:00+00:00/task_id=CheckTable permission to 509
[2023-12-17T11:18:47.048+0000] {logging_mixin.py:154} INFO - Failed to change /opt/***/logs/dag_id=air_quality/run_id=scheduled__2023-12-02T04:00:00+00:00/task_id=CheckTable permission to 509: [Errno 1] Operation not permitted: '/opt/***/logs/dag_id=air_quality/run_id=scheduled__2023-12-02T04:00:00+00:00/task_id=CheckTable'
[2023-12-17T11:18:47.139+0000] {taskinstance.py:1159} INFO - Dependencies all met for dep_context=non-requeueable deps ti=<TaskInstance: air_quality.CheckTable scheduled__2023-12-02T04:00:00+00:00 [queued]>
[2023-12-17T11:18:47.198+0000] {taskinstance.py:1159} INFO - Dependencies all met for dep_context=requeueable deps ti=<TaskInstance: air_quality.CheckTable scheduled__2023-12-02T04:00:00+00:00 [queued]>
[2023-12-17T11:18:47.207+0000] {taskinstance.py:1361} INFO - Starting attempt 1 of 2
[2023-12-17T11:18:47.382+0000] {taskinstance.py:1382} INFO - Executing <Task(BranchPythonOperator): CheckTable> on 2023-12-02 04:00:00+00:00
[2023-12-17T11:18:47.394+0000] {standard_task_runner.py:57} INFO - Started process 2185 to run task
[2023-12-17T11:18:47.413+0000] {standard_task_runner.py:84} INFO - Running: ['***', 'tasks', 'run', 'air_quality', 'CheckTable', 'scheduled__2023-12-02T04:00:00+00:00', '--job-id', '359', '--raw', '--subdir', 'DAGS_FOLDER/airQuality.py', '--cfg-path', '/tmp/tmpap86i27f']
[2023-12-17T11:18:47.422+0000] {standard_task_runner.py:85} INFO - Job 359: Subtask CheckTable
[2023-12-17T11:18:47.564+0000] {logging_mixin.py:154} INFO - Changing /opt/***/logs/dag_id=air_quality/run_id=scheduled__2023-12-02T04:00:00+00:00/task_id=CheckTable permission to 509
[2023-12-17T11:18:47.566+0000] {logging_mixin.py:154} INFO - Failed to change /opt/***/logs/dag_id=air_quality/run_id=scheduled__2023-12-02T04:00:00+00:00/task_id=CheckTable permission to 509: [Errno 1] Operation not permitted: '/opt/***/logs/dag_id=air_quality/run_id=scheduled__2023-12-02T04:00:00+00:00/task_id=CheckTable'
[2023-12-17T11:18:47.574+0000] {task_command.py:416} INFO - Running <TaskInstance: air_quality.CheckTable scheduled__2023-12-02T04:00:00+00:00 [running]> on host 1a58977f5573
[2023-12-17T11:18:47.850+0000] {taskinstance.py:1662} INFO - Exporting env vars: AIRFLOW_CTX_DAG_OWNER='ghifari' AIRFLOW_CTX_DAG_ID='air_quality' AIRFLOW_CTX_TASK_ID='CheckTable' AIRFLOW_CTX_EXECUTION_DATE='2023-12-02T04:00:00+00:00' AIRFLOW_CTX_TRY_NUMBER='1' AIRFLOW_CTX_DAG_RUN_ID='scheduled__2023-12-02T04:00:00+00:00'
[2023-12-17T11:18:47.889+0000] {airQuality.py:204} INFO - Table Created: 
        CREATE TABLE air_quality (
            id serial primary key, 
            city varchar(250),
            country varchar(250), 
            unit varchar(20), 
            last_value float8, 
            lat float8,
            lng float8
        )
    
[2023-12-17T11:18:47.895+0000] {python.py:194} INFO - Done. Returned value was: Insert_Data
[2023-12-17T11:18:47.898+0000] {python.py:227} INFO - Branch callable return Insert_Data
[2023-12-17T11:18:47.900+0000] {skipmixin.py:173} INFO - Following branch Insert_Data
[2023-12-17T11:18:47.933+0000] {skipmixin.py:239} INFO - Skipping tasks []
[2023-12-17T11:18:48.071+0000] {taskinstance.py:1400} INFO - Marking task as SUCCESS. dag_id=air_quality, task_id=CheckTable, execution_date=20231202T040000, start_date=20231217T111847, end_date=20231217T111848
[2023-12-17T11:18:48.171+0000] {local_task_job_runner.py:228} INFO - Task exited with return code 0
[2023-12-17T11:18:48.494+0000] {taskinstance.py:2778} INFO - 0 downstream tasks scheduled from follow-on schedule check
[2023-12-28T16:54:29.742+0000] {logging_mixin.py:154} INFO - Changing /opt/***/logs/dag_id=air_quality/run_id=scheduled__2023-12-02T04:00:00+00:00/task_id=CheckTable permission to 509
[2023-12-28T16:54:29.749+0000] {logging_mixin.py:154} INFO - Failed to change /opt/***/logs/dag_id=air_quality/run_id=scheduled__2023-12-02T04:00:00+00:00/task_id=CheckTable permission to 509: [Errno 1] Operation not permitted: '/opt/***/logs/dag_id=air_quality/run_id=scheduled__2023-12-02T04:00:00+00:00/task_id=CheckTable'
[2023-12-28T16:54:29.856+0000] {logging_mixin.py:154} INFO - Changing /opt/***/logs/dag_id=air_quality/run_id=scheduled__2023-12-02T04:00:00+00:00/task_id=CheckTable permission to 509
[2023-12-28T16:54:29.860+0000] {logging_mixin.py:154} INFO - Failed to change /opt/***/logs/dag_id=air_quality/run_id=scheduled__2023-12-02T04:00:00+00:00/task_id=CheckTable permission to 509: [Errno 1] Operation not permitted: '/opt/***/logs/dag_id=air_quality/run_id=scheduled__2023-12-02T04:00:00+00:00/task_id=CheckTable'
[2023-12-28T16:54:29.980+0000] {taskinstance.py:1159} INFO - Dependencies all met for dep_context=non-requeueable deps ti=<TaskInstance: air_quality.CheckTable scheduled__2023-12-02T04:00:00+00:00 [queued]>
[2023-12-28T16:54:30.033+0000] {taskinstance.py:1159} INFO - Dependencies all met for dep_context=requeueable deps ti=<TaskInstance: air_quality.CheckTable scheduled__2023-12-02T04:00:00+00:00 [queued]>
[2023-12-28T16:54:30.036+0000] {taskinstance.py:1361} INFO - Starting attempt 1 of 2
[2023-12-28T16:54:30.104+0000] {taskinstance.py:1382} INFO - Executing <Task(BranchPythonOperator): CheckTable> on 2023-12-02 04:00:00+00:00
[2023-12-28T16:54:30.127+0000] {standard_task_runner.py:57} INFO - Started process 958 to run task
[2023-12-28T16:54:30.149+0000] {standard_task_runner.py:84} INFO - Running: ['***', 'tasks', 'run', 'air_quality', 'CheckTable', 'scheduled__2023-12-02T04:00:00+00:00', '--job-id', '1076', '--raw', '--subdir', 'DAGS_FOLDER/airQuality.py', '--cfg-path', '/tmp/tmp72lkgxp4']
[2023-12-28T16:54:30.166+0000] {standard_task_runner.py:85} INFO - Job 1076: Subtask CheckTable
[2023-12-28T16:54:30.373+0000] {logging_mixin.py:154} INFO - Changing /opt/***/logs/dag_id=air_quality/run_id=scheduled__2023-12-02T04:00:00+00:00/task_id=CheckTable permission to 509
[2023-12-28T16:54:30.381+0000] {logging_mixin.py:154} INFO - Failed to change /opt/***/logs/dag_id=air_quality/run_id=scheduled__2023-12-02T04:00:00+00:00/task_id=CheckTable permission to 509: [Errno 1] Operation not permitted: '/opt/***/logs/dag_id=air_quality/run_id=scheduled__2023-12-02T04:00:00+00:00/task_id=CheckTable'
[2023-12-28T16:54:30.390+0000] {task_command.py:416} INFO - Running <TaskInstance: air_quality.CheckTable scheduled__2023-12-02T04:00:00+00:00 [running]> on host d67dd4682ccf
[2023-12-28T16:54:30.796+0000] {taskinstance.py:1662} INFO - Exporting env vars: AIRFLOW_CTX_DAG_OWNER='ghifari' AIRFLOW_CTX_DAG_ID='air_quality' AIRFLOW_CTX_TASK_ID='CheckTable' AIRFLOW_CTX_EXECUTION_DATE='2023-12-02T04:00:00+00:00' AIRFLOW_CTX_TRY_NUMBER='1' AIRFLOW_CTX_DAG_RUN_ID='scheduled__2023-12-02T04:00:00+00:00'
[2023-12-28T16:54:30.885+0000] {airQuality.py:183} INFO - Table Created: 
        CREATE TABLE air_quality (
            id serial primary key, 
            city varchar(250),
            country varchar(250), 
            unit varchar(20), 
            last_value float8, 
            lat float8,
            lng float8
        )
    
[2023-12-28T16:54:30.886+0000] {python.py:194} INFO - Done. Returned value was: Insert_Data
[2023-12-28T16:54:30.887+0000] {python.py:227} INFO - Branch callable return Insert_Data
[2023-12-28T16:54:30.888+0000] {skipmixin.py:173} INFO - Following branch Insert_Data
[2023-12-28T16:54:30.941+0000] {skipmixin.py:239} INFO - Skipping tasks []
[2023-12-28T16:54:31.085+0000] {taskinstance.py:1400} INFO - Marking task as SUCCESS. dag_id=air_quality, task_id=CheckTable, execution_date=20231202T040000, start_date=20231228T165429, end_date=20231228T165431
[2023-12-28T16:54:31.189+0000] {local_task_job_runner.py:228} INFO - Task exited with return code 0
[2023-12-28T16:54:31.385+0000] {taskinstance.py:2778} INFO - 1 downstream tasks scheduled from follow-on schedule check
