[2023-12-17T11:18:51.697+0000] {logging_mixin.py:154} INFO - Changing /opt/***/logs/dag_id=air_quality/run_id=scheduled__2023-11-30T04:00:00+00:00/task_id=Insert_Data permission to 509
[2023-12-17T11:18:51.699+0000] {logging_mixin.py:154} INFO - Failed to change /opt/***/logs/dag_id=air_quality/run_id=scheduled__2023-11-30T04:00:00+00:00/task_id=Insert_Data permission to 509: [Errno 1] Operation not permitted: '/opt/***/logs/dag_id=air_quality/run_id=scheduled__2023-11-30T04:00:00+00:00/task_id=Insert_Data'
[2023-12-17T11:18:51.814+0000] {logging_mixin.py:154} INFO - Changing /opt/***/logs/dag_id=air_quality/run_id=scheduled__2023-11-30T04:00:00+00:00/task_id=Insert_Data permission to 509
[2023-12-17T11:18:51.815+0000] {logging_mixin.py:154} INFO - Failed to change /opt/***/logs/dag_id=air_quality/run_id=scheduled__2023-11-30T04:00:00+00:00/task_id=Insert_Data permission to 509: [Errno 1] Operation not permitted: '/opt/***/logs/dag_id=air_quality/run_id=scheduled__2023-11-30T04:00:00+00:00/task_id=Insert_Data'
[2023-12-17T11:18:51.920+0000] {taskinstance.py:1159} INFO - Dependencies all met for dep_context=non-requeueable deps ti=<TaskInstance: air_quality.Insert_Data scheduled__2023-11-30T04:00:00+00:00 [queued]>
[2023-12-17T11:18:51.949+0000] {taskinstance.py:1159} INFO - Dependencies all met for dep_context=requeueable deps ti=<TaskInstance: air_quality.Insert_Data scheduled__2023-11-30T04:00:00+00:00 [queued]>
[2023-12-17T11:18:51.954+0000] {taskinstance.py:1361} INFO - Starting attempt 1 of 2
[2023-12-17T11:18:52.018+0000] {taskinstance.py:1382} INFO - Executing <Task(PythonOperator): Insert_Data> on 2023-11-30 04:00:00+00:00
[2023-12-17T11:18:52.029+0000] {standard_task_runner.py:57} INFO - Started process 2239 to run task
[2023-12-17T11:18:52.054+0000] {standard_task_runner.py:84} INFO - Running: ['***', 'tasks', 'run', 'air_quality', 'Insert_Data', 'scheduled__2023-11-30T04:00:00+00:00', '--job-id', '375', '--raw', '--subdir', 'DAGS_FOLDER/airQuality.py', '--cfg-path', '/tmp/tmp3ssrcd8j']
[2023-12-17T11:18:52.066+0000] {standard_task_runner.py:85} INFO - Job 375: Subtask Insert_Data
[2023-12-17T11:18:52.292+0000] {logging_mixin.py:154} INFO - Changing /opt/***/logs/dag_id=air_quality/run_id=scheduled__2023-11-30T04:00:00+00:00/task_id=Insert_Data permission to 509
[2023-12-17T11:18:52.293+0000] {logging_mixin.py:154} INFO - Failed to change /opt/***/logs/dag_id=air_quality/run_id=scheduled__2023-11-30T04:00:00+00:00/task_id=Insert_Data permission to 509: [Errno 1] Operation not permitted: '/opt/***/logs/dag_id=air_quality/run_id=scheduled__2023-11-30T04:00:00+00:00/task_id=Insert_Data'
[2023-12-17T11:18:52.312+0000] {task_command.py:416} INFO - Running <TaskInstance: air_quality.Insert_Data scheduled__2023-11-30T04:00:00+00:00 [running]> on host 1a58977f5573
[2023-12-17T11:18:52.712+0000] {taskinstance.py:1662} INFO - Exporting env vars: AIRFLOW_CTX_DAG_OWNER='ghifari' AIRFLOW_CTX_DAG_ID='air_quality' AIRFLOW_CTX_TASK_ID='Insert_Data' AIRFLOW_CTX_EXECUTION_DATE='2023-11-30T04:00:00+00:00' AIRFLOW_CTX_TRY_NUMBER='1' AIRFLOW_CTX_DAG_RUN_ID='scheduled__2023-11-30T04:00:00+00:00'
[2023-12-17T11:18:54.351+0000] {logging_mixin.py:154} INFO - city           object
country        object
unit           object
last_value    float64
lat           float64
lng           float64
dtype: object
[2023-12-17T11:18:54.373+0000] {base.py:73} INFO - Using connection ID 'neonServerDB-Postgres' for task execution.
[2023-12-17T11:18:57.169+0000] {python.py:194} INFO - Done. Returned value was: None
[2023-12-17T11:18:57.183+0000] {taskinstance.py:1400} INFO - Marking task as SUCCESS. dag_id=air_quality, task_id=Insert_Data, execution_date=20231130T040000, start_date=20231217T111851, end_date=20231217T111857
[2023-12-17T11:18:57.352+0000] {local_task_job_runner.py:228} INFO - Task exited with return code 0
[2023-12-17T11:18:57.384+0000] {taskinstance.py:2778} INFO - 0 downstream tasks scheduled from follow-on schedule check
[2023-12-28T16:54:33.043+0000] {logging_mixin.py:154} INFO - Changing /opt/***/logs/dag_id=air_quality/run_id=scheduled__2023-11-30T04:00:00+00:00/task_id=Insert_Data permission to 509
[2023-12-28T16:54:33.045+0000] {logging_mixin.py:154} INFO - Failed to change /opt/***/logs/dag_id=air_quality/run_id=scheduled__2023-11-30T04:00:00+00:00/task_id=Insert_Data permission to 509: [Errno 1] Operation not permitted: '/opt/***/logs/dag_id=air_quality/run_id=scheduled__2023-11-30T04:00:00+00:00/task_id=Insert_Data'
[2023-12-28T16:54:33.143+0000] {logging_mixin.py:154} INFO - Changing /opt/***/logs/dag_id=air_quality/run_id=scheduled__2023-11-30T04:00:00+00:00/task_id=Insert_Data permission to 509
[2023-12-28T16:54:33.145+0000] {logging_mixin.py:154} INFO - Failed to change /opt/***/logs/dag_id=air_quality/run_id=scheduled__2023-11-30T04:00:00+00:00/task_id=Insert_Data permission to 509: [Errno 1] Operation not permitted: '/opt/***/logs/dag_id=air_quality/run_id=scheduled__2023-11-30T04:00:00+00:00/task_id=Insert_Data'
[2023-12-28T16:54:33.265+0000] {taskinstance.py:1159} INFO - Dependencies all met for dep_context=non-requeueable deps ti=<TaskInstance: air_quality.Insert_Data scheduled__2023-11-30T04:00:00+00:00 [queued]>
[2023-12-28T16:54:33.306+0000] {taskinstance.py:1159} INFO - Dependencies all met for dep_context=requeueable deps ti=<TaskInstance: air_quality.Insert_Data scheduled__2023-11-30T04:00:00+00:00 [queued]>
[2023-12-28T16:54:33.307+0000] {taskinstance.py:1361} INFO - Starting attempt 1 of 2
[2023-12-28T16:54:33.370+0000] {taskinstance.py:1382} INFO - Executing <Task(PythonOperator): Insert_Data> on 2023-11-30 04:00:00+00:00
[2023-12-28T16:54:33.379+0000] {standard_task_runner.py:57} INFO - Started process 1014 to run task
[2023-12-28T16:54:33.438+0000] {standard_task_runner.py:84} INFO - Running: ['***', 'tasks', 'run', 'air_quality', 'Insert_Data', 'scheduled__2023-11-30T04:00:00+00:00', '--job-id', '1084', '--raw', '--subdir', 'DAGS_FOLDER/airQuality.py', '--cfg-path', '/tmp/tmpc9lnrtv_']
[2023-12-28T16:54:33.460+0000] {standard_task_runner.py:85} INFO - Job 1084: Subtask Insert_Data
[2023-12-28T16:54:34.187+0000] {logging_mixin.py:154} INFO - Changing /opt/***/logs/dag_id=air_quality/run_id=scheduled__2023-11-30T04:00:00+00:00/task_id=Insert_Data permission to 509
[2023-12-28T16:54:34.190+0000] {logging_mixin.py:154} INFO - Failed to change /opt/***/logs/dag_id=air_quality/run_id=scheduled__2023-11-30T04:00:00+00:00/task_id=Insert_Data permission to 509: [Errno 1] Operation not permitted: '/opt/***/logs/dag_id=air_quality/run_id=scheduled__2023-11-30T04:00:00+00:00/task_id=Insert_Data'
[2023-12-28T16:54:34.194+0000] {task_command.py:416} INFO - Running <TaskInstance: air_quality.Insert_Data scheduled__2023-11-30T04:00:00+00:00 [running]> on host d67dd4682ccf
[2023-12-28T16:54:34.671+0000] {taskinstance.py:1662} INFO - Exporting env vars: AIRFLOW_CTX_DAG_OWNER='ghifari' AIRFLOW_CTX_DAG_ID='air_quality' AIRFLOW_CTX_TASK_ID='Insert_Data' AIRFLOW_CTX_EXECUTION_DATE='2023-11-30T04:00:00+00:00' AIRFLOW_CTX_TRY_NUMBER='1' AIRFLOW_CTX_DAG_RUN_ID='scheduled__2023-11-30T04:00:00+00:00'
[2023-12-28T16:54:36.798+0000] {logging_mixin.py:154} INFO - city           object
country        object
unit           object
last_value    float64
lat           float64
lng           float64
dtype: object
[2023-12-28T16:54:36.824+0000] {base.py:73} INFO - Using connection ID 'neonServerDB-Postgres' for task execution.
[2023-12-28T16:54:37.118+0000] {python.py:194} INFO - Done. Returned value was: None
[2023-12-28T16:54:37.154+0000] {taskinstance.py:1400} INFO - Marking task as SUCCESS. dag_id=air_quality, task_id=Insert_Data, execution_date=20231130T040000, start_date=20231228T165433, end_date=20231228T165437
[2023-12-28T16:54:37.271+0000] {local_task_job_runner.py:228} INFO - Task exited with return code 0
[2023-12-28T16:54:37.334+0000] {taskinstance.py:2778} INFO - 0 downstream tasks scheduled from follow-on schedule check
