[2023-12-17T11:18:28.469+0000] {logging_mixin.py:154} INFO - Changing /opt/***/logs/dag_id=air_quality/run_id=scheduled__2023-12-01T04:00:00+00:00/task_id=Check_Response permission to 509
[2023-12-17T11:18:28.525+0000] {logging_mixin.py:154} INFO - Failed to change /opt/***/logs/dag_id=air_quality/run_id=scheduled__2023-12-01T04:00:00+00:00/task_id=Check_Response permission to 509: [Errno 1] Operation not permitted: '/opt/***/logs/dag_id=air_quality/run_id=scheduled__2023-12-01T04:00:00+00:00/task_id=Check_Response'
[2023-12-17T11:18:28.788+0000] {logging_mixin.py:154} INFO - Changing /opt/***/logs/dag_id=air_quality/run_id=scheduled__2023-12-01T04:00:00+00:00/task_id=Check_Response permission to 509
[2023-12-17T11:18:28.790+0000] {logging_mixin.py:154} INFO - Failed to change /opt/***/logs/dag_id=air_quality/run_id=scheduled__2023-12-01T04:00:00+00:00/task_id=Check_Response permission to 509: [Errno 1] Operation not permitted: '/opt/***/logs/dag_id=air_quality/run_id=scheduled__2023-12-01T04:00:00+00:00/task_id=Check_Response'
[2023-12-17T11:18:29.132+0000] {taskinstance.py:1159} INFO - Dependencies all met for dep_context=non-requeueable deps ti=<TaskInstance: air_quality.Check_Response scheduled__2023-12-01T04:00:00+00:00 [queued]>
[2023-12-17T11:18:29.202+0000] {taskinstance.py:1159} INFO - Dependencies all met for dep_context=requeueable deps ti=<TaskInstance: air_quality.Check_Response scheduled__2023-12-01T04:00:00+00:00 [queued]>
[2023-12-17T11:18:29.203+0000] {taskinstance.py:1361} INFO - Starting attempt 1 of 2
[2023-12-17T11:18:29.372+0000] {taskinstance.py:1382} INFO - Executing <Task(BranchPythonOperator): Check_Response> on 2023-12-01 04:00:00+00:00
[2023-12-17T11:18:29.382+0000] {standard_task_runner.py:57} INFO - Started process 2027 to run task
[2023-12-17T11:18:29.407+0000] {standard_task_runner.py:84} INFO - Running: ['***', 'tasks', 'run', 'air_quality', 'Check_Response', 'scheduled__2023-12-01T04:00:00+00:00', '--job-id', '313', '--raw', '--subdir', 'DAGS_FOLDER/airQuality.py', '--cfg-path', '/tmp/tmpv5l05292']
[2023-12-17T11:18:29.411+0000] {standard_task_runner.py:85} INFO - Job 313: Subtask Check_Response
[2023-12-17T11:18:29.678+0000] {logging_mixin.py:154} INFO - Changing /opt/***/logs/dag_id=air_quality/run_id=scheduled__2023-12-01T04:00:00+00:00/task_id=Check_Response permission to 509
[2023-12-17T11:18:29.679+0000] {logging_mixin.py:154} INFO - Failed to change /opt/***/logs/dag_id=air_quality/run_id=scheduled__2023-12-01T04:00:00+00:00/task_id=Check_Response permission to 509: [Errno 1] Operation not permitted: '/opt/***/logs/dag_id=air_quality/run_id=scheduled__2023-12-01T04:00:00+00:00/task_id=Check_Response'
[2023-12-17T11:18:29.700+0000] {task_command.py:416} INFO - Running <TaskInstance: air_quality.Check_Response scheduled__2023-12-01T04:00:00+00:00 [running]> on host 1a58977f5573
[2023-12-17T11:18:30.199+0000] {taskinstance.py:1662} INFO - Exporting env vars: AIRFLOW_CTX_DAG_OWNER='ghifari' AIRFLOW_CTX_DAG_ID='air_quality' AIRFLOW_CTX_TASK_ID='Check_Response' AIRFLOW_CTX_EXECUTION_DATE='2023-12-01T04:00:00+00:00' AIRFLOW_CTX_TRY_NUMBER='1' AIRFLOW_CTX_DAG_RUN_ID='scheduled__2023-12-01T04:00:00+00:00'
[2023-12-17T11:18:30.293+0000] {airQuality.py:112} INFO - Data Found: {'city': ['Jakarta'], 'country': ['ID'], 'unit': ['o3'], 'last_value': [-0.999], 'lat': [-6.182536], 'lng': [106.834236]}
[2023-12-17T11:18:30.306+0000] {python.py:194} INFO - Done. Returned value was: Transform
[2023-12-17T11:18:30.314+0000] {python.py:227} INFO - Branch callable return Transform
[2023-12-17T11:18:30.334+0000] {skipmixin.py:173} INFO - Following branch Transform
[2023-12-17T11:18:30.480+0000] {skipmixin.py:239} INFO - Skipping tasks [('Error_Response', -1)]
[2023-12-17T11:18:30.785+0000] {taskinstance.py:1400} INFO - Marking task as SUCCESS. dag_id=air_quality, task_id=Check_Response, execution_date=20231201T040000, start_date=20231217T111829, end_date=20231217T111830
[2023-12-17T11:18:30.885+0000] {local_task_job_runner.py:228} INFO - Task exited with return code 0
[2023-12-17T11:18:31.149+0000] {taskinstance.py:2778} INFO - 1 downstream tasks scheduled from follow-on schedule check
[2023-12-28T16:51:32.978+0000] {logging_mixin.py:154} INFO - Changing /opt/***/logs/dag_id=air_quality/run_id=scheduled__2023-12-01T04:00:00+00:00/task_id=Check_Response permission to 509
[2023-12-28T16:51:32.981+0000] {logging_mixin.py:154} INFO - Failed to change /opt/***/logs/dag_id=air_quality/run_id=scheduled__2023-12-01T04:00:00+00:00/task_id=Check_Response permission to 509: [Errno 1] Operation not permitted: '/opt/***/logs/dag_id=air_quality/run_id=scheduled__2023-12-01T04:00:00+00:00/task_id=Check_Response'
[2023-12-28T16:51:33.134+0000] {logging_mixin.py:154} INFO - Changing /opt/***/logs/dag_id=air_quality/run_id=scheduled__2023-12-01T04:00:00+00:00/task_id=Check_Response permission to 509
[2023-12-28T16:51:33.147+0000] {logging_mixin.py:154} INFO - Failed to change /opt/***/logs/dag_id=air_quality/run_id=scheduled__2023-12-01T04:00:00+00:00/task_id=Check_Response permission to 509: [Errno 1] Operation not permitted: '/opt/***/logs/dag_id=air_quality/run_id=scheduled__2023-12-01T04:00:00+00:00/task_id=Check_Response'
[2023-12-28T16:51:33.235+0000] {taskinstance.py:1159} INFO - Dependencies all met for dep_context=non-requeueable deps ti=<TaskInstance: air_quality.Check_Response scheduled__2023-12-01T04:00:00+00:00 [queued]>
[2023-12-28T16:51:33.304+0000] {taskinstance.py:1159} INFO - Dependencies all met for dep_context=requeueable deps ti=<TaskInstance: air_quality.Check_Response scheduled__2023-12-01T04:00:00+00:00 [queued]>
[2023-12-28T16:51:33.307+0000] {taskinstance.py:1361} INFO - Starting attempt 1 of 2
[2023-12-28T16:51:33.394+0000] {taskinstance.py:1382} INFO - Executing <Task(BranchPythonOperator): Check_Response> on 2023-12-01 04:00:00+00:00
[2023-12-28T16:51:33.401+0000] {standard_task_runner.py:57} INFO - Started process 138 to run task
[2023-12-28T16:51:33.414+0000] {standard_task_runner.py:84} INFO - Running: ['***', 'tasks', 'run', 'air_quality', 'Check_Response', 'scheduled__2023-12-01T04:00:00+00:00', '--job-id', '824', '--raw', '--subdir', 'DAGS_FOLDER/airQuality.py', '--cfg-path', '/tmp/tmpu50ikuyo']
[2023-12-28T16:51:33.433+0000] {standard_task_runner.py:85} INFO - Job 824: Subtask Check_Response
[2023-12-28T16:51:33.683+0000] {logging_mixin.py:154} INFO - Changing /opt/***/logs/dag_id=air_quality/run_id=scheduled__2023-12-01T04:00:00+00:00/task_id=Check_Response permission to 509
[2023-12-28T16:51:33.686+0000] {logging_mixin.py:154} INFO - Failed to change /opt/***/logs/dag_id=air_quality/run_id=scheduled__2023-12-01T04:00:00+00:00/task_id=Check_Response permission to 509: [Errno 1] Operation not permitted: '/opt/***/logs/dag_id=air_quality/run_id=scheduled__2023-12-01T04:00:00+00:00/task_id=Check_Response'
[2023-12-28T16:51:33.698+0000] {task_command.py:416} INFO - Running <TaskInstance: air_quality.Check_Response scheduled__2023-12-01T04:00:00+00:00 [running]> on host d67dd4682ccf
[2023-12-28T16:51:34.112+0000] {taskinstance.py:1662} INFO - Exporting env vars: AIRFLOW_CTX_DAG_OWNER='ghifari' AIRFLOW_CTX_DAG_ID='air_quality' AIRFLOW_CTX_TASK_ID='Check_Response' AIRFLOW_CTX_EXECUTION_DATE='2023-12-01T04:00:00+00:00' AIRFLOW_CTX_TRY_NUMBER='1' AIRFLOW_CTX_DAG_RUN_ID='scheduled__2023-12-01T04:00:00+00:00'
[2023-12-28T16:51:34.235+0000] {airQuality.py:90} INFO - Data Found: {'city': ['Jakarta'], 'country': ['ID'], 'unit': ['o3'], 'last_value': [-0.999], 'lat': [-6.182536], 'lng': [106.834236]}
[2023-12-28T16:51:34.239+0000] {python.py:194} INFO - Done. Returned value was: Transform
[2023-12-28T16:51:34.241+0000] {python.py:227} INFO - Branch callable return Transform
[2023-12-28T16:51:34.242+0000] {skipmixin.py:173} INFO - Following branch Transform
[2023-12-28T16:51:34.335+0000] {skipmixin.py:239} INFO - Skipping tasks [('Error_Response', -1)]
[2023-12-28T16:51:34.651+0000] {taskinstance.py:1400} INFO - Marking task as SUCCESS. dag_id=air_quality, task_id=Check_Response, execution_date=20231201T040000, start_date=20231228T165133, end_date=20231228T165134
[2023-12-28T16:51:34.771+0000] {local_task_job_runner.py:228} INFO - Task exited with return code 0
[2023-12-28T16:51:34.932+0000] {taskinstance.py:2778} INFO - 1 downstream tasks scheduled from follow-on schedule check
[2023-12-28T16:54:08.109+0000] {logging_mixin.py:154} INFO - Changing /opt/***/logs/dag_id=air_quality/run_id=scheduled__2023-12-01T04:00:00+00:00/task_id=Check_Response permission to 509
[2023-12-28T16:54:08.119+0000] {logging_mixin.py:154} INFO - Failed to change /opt/***/logs/dag_id=air_quality/run_id=scheduled__2023-12-01T04:00:00+00:00/task_id=Check_Response permission to 509: [Errno 1] Operation not permitted: '/opt/***/logs/dag_id=air_quality/run_id=scheduled__2023-12-01T04:00:00+00:00/task_id=Check_Response'
[2023-12-28T16:54:08.315+0000] {logging_mixin.py:154} INFO - Changing /opt/***/logs/dag_id=air_quality/run_id=scheduled__2023-12-01T04:00:00+00:00/task_id=Check_Response permission to 509
[2023-12-28T16:54:08.324+0000] {logging_mixin.py:154} INFO - Failed to change /opt/***/logs/dag_id=air_quality/run_id=scheduled__2023-12-01T04:00:00+00:00/task_id=Check_Response permission to 509: [Errno 1] Operation not permitted: '/opt/***/logs/dag_id=air_quality/run_id=scheduled__2023-12-01T04:00:00+00:00/task_id=Check_Response'
[2023-12-28T16:54:08.526+0000] {taskinstance.py:1159} INFO - Dependencies all met for dep_context=non-requeueable deps ti=<TaskInstance: air_quality.Check_Response scheduled__2023-12-01T04:00:00+00:00 [queued]>
[2023-12-28T16:54:08.631+0000] {taskinstance.py:1159} INFO - Dependencies all met for dep_context=requeueable deps ti=<TaskInstance: air_quality.Check_Response scheduled__2023-12-01T04:00:00+00:00 [queued]>
[2023-12-28T16:54:08.633+0000] {taskinstance.py:1361} INFO - Starting attempt 1 of 2
[2023-12-28T16:54:08.742+0000] {taskinstance.py:1382} INFO - Executing <Task(BranchPythonOperator): Check_Response> on 2023-12-01 04:00:00+00:00
[2023-12-28T16:54:08.756+0000] {standard_task_runner.py:57} INFO - Started process 835 to run task
[2023-12-28T16:54:08.806+0000] {standard_task_runner.py:84} INFO - Running: ['***', 'tasks', 'run', 'air_quality', 'Check_Response', 'scheduled__2023-12-01T04:00:00+00:00', '--job-id', '1030', '--raw', '--subdir', 'DAGS_FOLDER/airQuality.py', '--cfg-path', '/tmp/tmpcripl2q7']
[2023-12-28T16:54:08.817+0000] {standard_task_runner.py:85} INFO - Job 1030: Subtask Check_Response
[2023-12-28T16:54:09.120+0000] {logging_mixin.py:154} INFO - Changing /opt/***/logs/dag_id=air_quality/run_id=scheduled__2023-12-01T04:00:00+00:00/task_id=Check_Response permission to 509
[2023-12-28T16:54:09.125+0000] {logging_mixin.py:154} INFO - Failed to change /opt/***/logs/dag_id=air_quality/run_id=scheduled__2023-12-01T04:00:00+00:00/task_id=Check_Response permission to 509: [Errno 1] Operation not permitted: '/opt/***/logs/dag_id=air_quality/run_id=scheduled__2023-12-01T04:00:00+00:00/task_id=Check_Response'
[2023-12-28T16:54:09.142+0000] {task_command.py:416} INFO - Running <TaskInstance: air_quality.Check_Response scheduled__2023-12-01T04:00:00+00:00 [running]> on host d67dd4682ccf
[2023-12-28T16:54:09.706+0000] {taskinstance.py:1662} INFO - Exporting env vars: AIRFLOW_CTX_DAG_OWNER='ghifari' AIRFLOW_CTX_DAG_ID='air_quality' AIRFLOW_CTX_TASK_ID='Check_Response' AIRFLOW_CTX_EXECUTION_DATE='2023-12-01T04:00:00+00:00' AIRFLOW_CTX_TRY_NUMBER='1' AIRFLOW_CTX_DAG_RUN_ID='scheduled__2023-12-01T04:00:00+00:00'
[2023-12-28T16:54:09.783+0000] {airQuality.py:90} INFO - Data Found: {'city': ['Jakarta'], 'country': ['ID'], 'unit': ['o3'], 'last_value': [-0.999], 'lat': [-6.182536], 'lng': [106.834236]}
[2023-12-28T16:54:09.789+0000] {python.py:194} INFO - Done. Returned value was: Transform
[2023-12-28T16:54:09.791+0000] {python.py:227} INFO - Branch callable return Transform
[2023-12-28T16:54:09.793+0000] {skipmixin.py:173} INFO - Following branch Transform
[2023-12-28T16:54:09.905+0000] {skipmixin.py:239} INFO - Skipping tasks [('Error_Response', -1)]
[2023-12-28T16:54:10.108+0000] {taskinstance.py:1400} INFO - Marking task as SUCCESS. dag_id=air_quality, task_id=Check_Response, execution_date=20231201T040000, start_date=20231228T165408, end_date=20231228T165410
[2023-12-28T16:54:10.207+0000] {local_task_job_runner.py:228} INFO - Task exited with return code 0
[2023-12-28T16:54:10.502+0000] {taskinstance.py:2778} INFO - 0 downstream tasks scheduled from follow-on schedule check
