[2023-12-15T18:30:02.913+0000] {logging_mixin.py:154} INFO - Changing /opt/***/logs/dag_id=air_quality/run_id=manual__2023-12-15T18:29:57.286651+00:00/task_id=Transform permission to 509
[2023-12-15T18:30:02.915+0000] {logging_mixin.py:154} INFO - Failed to change /opt/***/logs/dag_id=air_quality/run_id=manual__2023-12-15T18:29:57.286651+00:00/task_id=Transform permission to 509: [Errno 1] Operation not permitted: '/opt/***/logs/dag_id=air_quality/run_id=manual__2023-12-15T18:29:57.286651+00:00/task_id=Transform'
[2023-12-15T18:30:02.962+0000] {logging_mixin.py:154} INFO - Changing /opt/***/logs/dag_id=air_quality/run_id=manual__2023-12-15T18:29:57.286651+00:00/task_id=Transform permission to 509
[2023-12-15T18:30:02.963+0000] {logging_mixin.py:154} INFO - Failed to change /opt/***/logs/dag_id=air_quality/run_id=manual__2023-12-15T18:29:57.286651+00:00/task_id=Transform permission to 509: [Errno 1] Operation not permitted: '/opt/***/logs/dag_id=air_quality/run_id=manual__2023-12-15T18:29:57.286651+00:00/task_id=Transform'
[2023-12-15T18:30:03.061+0000] {taskinstance.py:1159} INFO - Dependencies all met for dep_context=non-requeueable deps ti=<TaskInstance: air_quality.Transform manual__2023-12-15T18:29:57.286651+00:00 [queued]>
[2023-12-15T18:30:03.096+0000] {taskinstance.py:1159} INFO - Dependencies all met for dep_context=requeueable deps ti=<TaskInstance: air_quality.Transform manual__2023-12-15T18:29:57.286651+00:00 [queued]>
[2023-12-15T18:30:03.098+0000] {taskinstance.py:1361} INFO - Starting attempt 1 of 2
[2023-12-15T18:30:03.144+0000] {taskinstance.py:1382} INFO - Executing <Task(PythonOperator): Transform> on 2023-12-15 18:29:57.286651+00:00
[2023-12-15T18:30:03.152+0000] {standard_task_runner.py:57} INFO - Started process 2051 to run task
[2023-12-15T18:30:03.159+0000] {standard_task_runner.py:84} INFO - Running: ['***', 'tasks', 'run', 'air_quality', 'Transform', 'manual__2023-12-15T18:29:57.286651+00:00', '--job-id', '98', '--raw', '--subdir', 'DAGS_FOLDER/airQuality.py', '--cfg-path', '/tmp/tmph0b1h953']
[2023-12-15T18:30:03.162+0000] {standard_task_runner.py:85} INFO - Job 98: Subtask Transform
[2023-12-15T18:30:03.277+0000] {logging_mixin.py:154} INFO - Changing /opt/***/logs/dag_id=air_quality/run_id=manual__2023-12-15T18:29:57.286651+00:00/task_id=Transform permission to 509
[2023-12-15T18:30:03.279+0000] {logging_mixin.py:154} INFO - Failed to change /opt/***/logs/dag_id=air_quality/run_id=manual__2023-12-15T18:29:57.286651+00:00/task_id=Transform permission to 509: [Errno 1] Operation not permitted: '/opt/***/logs/dag_id=air_quality/run_id=manual__2023-12-15T18:29:57.286651+00:00/task_id=Transform'
[2023-12-15T18:30:03.284+0000] {task_command.py:416} INFO - Running <TaskInstance: air_quality.Transform manual__2023-12-15T18:29:57.286651+00:00 [running]> on host d739bc9bef06
[2023-12-15T18:30:03.439+0000] {taskinstance.py:1662} INFO - Exporting env vars: AIRFLOW_CTX_DAG_OWNER='ghifari' AIRFLOW_CTX_DAG_ID='air_quality' AIRFLOW_CTX_TASK_ID='Transform' AIRFLOW_CTX_EXECUTION_DATE='2023-12-15T18:29:57.286651+00:00' AIRFLOW_CTX_TRY_NUMBER='1' AIRFLOW_CTX_DAG_RUN_ID='manual__2023-12-15T18:29:57.286651+00:00'
[2023-12-15T18:30:04.662+0000] {python.py:194} INFO - Done. Returned value was:       city country unit  last_value       lat         lng
0  Jakarta      ID   o3      -0.999 -6.182536  106.834236
[2023-12-15T18:30:04.729+0000] {taskinstance.py:1400} INFO - Marking task as SUCCESS. dag_id=air_quality, task_id=Transform, execution_date=20231215T182957, start_date=20231215T183003, end_date=20231215T183004
[2023-12-15T18:30:04.820+0000] {local_task_job_runner.py:228} INFO - Task exited with return code 0
[2023-12-15T18:30:04.879+0000] {taskinstance.py:2778} INFO - 1 downstream tasks scheduled from follow-on schedule check
