[2023-12-17T11:18:52.725+0000] {logging_mixin.py:154} INFO - Changing /opt/***/logs/dag_id=air_quality/run_id=scheduled__2023-12-07T04:00:00+00:00/task_id=Insert_Data permission to 509
[2023-12-17T11:18:52.751+0000] {logging_mixin.py:154} INFO - Failed to change /opt/***/logs/dag_id=air_quality/run_id=scheduled__2023-12-07T04:00:00+00:00/task_id=Insert_Data permission to 509: [Errno 1] Operation not permitted: '/opt/***/logs/dag_id=air_quality/run_id=scheduled__2023-12-07T04:00:00+00:00/task_id=Insert_Data'
[2023-12-17T11:18:52.891+0000] {logging_mixin.py:154} INFO - Changing /opt/***/logs/dag_id=air_quality/run_id=scheduled__2023-12-07T04:00:00+00:00/task_id=Insert_Data permission to 509
[2023-12-17T11:18:52.892+0000] {logging_mixin.py:154} INFO - Failed to change /opt/***/logs/dag_id=air_quality/run_id=scheduled__2023-12-07T04:00:00+00:00/task_id=Insert_Data permission to 509: [Errno 1] Operation not permitted: '/opt/***/logs/dag_id=air_quality/run_id=scheduled__2023-12-07T04:00:00+00:00/task_id=Insert_Data'
[2023-12-17T11:18:53.085+0000] {taskinstance.py:1159} INFO - Dependencies all met for dep_context=non-requeueable deps ti=<TaskInstance: air_quality.Insert_Data scheduled__2023-12-07T04:00:00+00:00 [queued]>
[2023-12-17T11:18:53.134+0000] {taskinstance.py:1159} INFO - Dependencies all met for dep_context=requeueable deps ti=<TaskInstance: air_quality.Insert_Data scheduled__2023-12-07T04:00:00+00:00 [queued]>
[2023-12-17T11:18:53.135+0000] {taskinstance.py:1361} INFO - Starting attempt 1 of 2
[2023-12-17T11:18:53.226+0000] {taskinstance.py:1382} INFO - Executing <Task(PythonOperator): Insert_Data> on 2023-12-07 04:00:00+00:00
[2023-12-17T11:18:53.253+0000] {standard_task_runner.py:57} INFO - Started process 2257 to run task
[2023-12-17T11:18:53.272+0000] {standard_task_runner.py:84} INFO - Running: ['***', 'tasks', 'run', 'air_quality', 'Insert_Data', 'scheduled__2023-12-07T04:00:00+00:00', '--job-id', '376', '--raw', '--subdir', 'DAGS_FOLDER/airQuality.py', '--cfg-path', '/tmp/tmpyar_6lrk']
[2023-12-17T11:18:53.285+0000] {standard_task_runner.py:85} INFO - Job 376: Subtask Insert_Data
[2023-12-17T11:18:53.502+0000] {logging_mixin.py:154} INFO - Changing /opt/***/logs/dag_id=air_quality/run_id=scheduled__2023-12-07T04:00:00+00:00/task_id=Insert_Data permission to 509
[2023-12-17T11:18:53.503+0000] {logging_mixin.py:154} INFO - Failed to change /opt/***/logs/dag_id=air_quality/run_id=scheduled__2023-12-07T04:00:00+00:00/task_id=Insert_Data permission to 509: [Errno 1] Operation not permitted: '/opt/***/logs/dag_id=air_quality/run_id=scheduled__2023-12-07T04:00:00+00:00/task_id=Insert_Data'
[2023-12-17T11:18:53.513+0000] {task_command.py:416} INFO - Running <TaskInstance: air_quality.Insert_Data scheduled__2023-12-07T04:00:00+00:00 [running]> on host 1a58977f5573
[2023-12-17T11:18:53.772+0000] {taskinstance.py:1662} INFO - Exporting env vars: AIRFLOW_CTX_DAG_OWNER='ghifari' AIRFLOW_CTX_DAG_ID='air_quality' AIRFLOW_CTX_TASK_ID='Insert_Data' AIRFLOW_CTX_EXECUTION_DATE='2023-12-07T04:00:00+00:00' AIRFLOW_CTX_TRY_NUMBER='1' AIRFLOW_CTX_DAG_RUN_ID='scheduled__2023-12-07T04:00:00+00:00'
[2023-12-17T11:18:54.835+0000] {logging_mixin.py:154} INFO - city           object
country        object
unit           object
last_value    float64
lat           float64
lng           float64
dtype: object
[2023-12-17T11:18:54.851+0000] {base.py:73} INFO - Using connection ID 'neonServerDB-Postgres' for task execution.
[2023-12-17T11:18:57.200+0000] {python.py:194} INFO - Done. Returned value was: None
[2023-12-17T11:18:57.214+0000] {taskinstance.py:1400} INFO - Marking task as SUCCESS. dag_id=air_quality, task_id=Insert_Data, execution_date=20231207T040000, start_date=20231217T111853, end_date=20231217T111857
[2023-12-17T11:18:57.308+0000] {local_task_job_runner.py:228} INFO - Task exited with return code 0
[2023-12-17T11:18:57.356+0000] {taskinstance.py:2778} INFO - 0 downstream tasks scheduled from follow-on schedule check
[2023-12-17T12:18:41.569+0000] {logging_mixin.py:154} INFO - Changing /opt/***/logs/dag_id=air_quality/run_id=scheduled__2023-12-07T04:00:00+00:00/task_id=Insert_Data permission to 509
[2023-12-17T12:18:41.571+0000] {logging_mixin.py:154} INFO - Failed to change /opt/***/logs/dag_id=air_quality/run_id=scheduled__2023-12-07T04:00:00+00:00/task_id=Insert_Data permission to 509: [Errno 1] Operation not permitted: '/opt/***/logs/dag_id=air_quality/run_id=scheduled__2023-12-07T04:00:00+00:00/task_id=Insert_Data'
[2023-12-17T12:18:41.620+0000] {logging_mixin.py:154} INFO - Changing /opt/***/logs/dag_id=air_quality/run_id=scheduled__2023-12-07T04:00:00+00:00/task_id=Insert_Data permission to 509
[2023-12-17T12:18:41.622+0000] {logging_mixin.py:154} INFO - Failed to change /opt/***/logs/dag_id=air_quality/run_id=scheduled__2023-12-07T04:00:00+00:00/task_id=Insert_Data permission to 509: [Errno 1] Operation not permitted: '/opt/***/logs/dag_id=air_quality/run_id=scheduled__2023-12-07T04:00:00+00:00/task_id=Insert_Data'
[2023-12-17T12:18:41.707+0000] {taskinstance.py:1159} INFO - Dependencies all met for dep_context=non-requeueable deps ti=<TaskInstance: air_quality.Insert_Data scheduled__2023-12-07T04:00:00+00:00 [queued]>
[2023-12-17T12:18:41.733+0000] {taskinstance.py:1159} INFO - Dependencies all met for dep_context=requeueable deps ti=<TaskInstance: air_quality.Insert_Data scheduled__2023-12-07T04:00:00+00:00 [queued]>
[2023-12-17T12:18:41.734+0000] {taskinstance.py:1361} INFO - Starting attempt 1 of 2
[2023-12-17T12:18:41.762+0000] {taskinstance.py:1382} INFO - Executing <Task(PythonOperator): Insert_Data> on 2023-12-07 04:00:00+00:00
[2023-12-17T12:18:41.769+0000] {standard_task_runner.py:57} INFO - Started process 4375 to run task
[2023-12-17T12:18:41.776+0000] {standard_task_runner.py:84} INFO - Running: ['***', 'tasks', 'run', 'air_quality', 'Insert_Data', 'scheduled__2023-12-07T04:00:00+00:00', '--job-id', '666', '--raw', '--subdir', 'DAGS_FOLDER/airQuality.py', '--cfg-path', '/tmp/tmpbyzhzm0u']
[2023-12-17T12:18:41.778+0000] {standard_task_runner.py:85} INFO - Job 666: Subtask Insert_Data
[2023-12-17T12:18:41.871+0000] {logging_mixin.py:154} INFO - Changing /opt/***/logs/dag_id=air_quality/run_id=scheduled__2023-12-07T04:00:00+00:00/task_id=Insert_Data permission to 509
[2023-12-17T12:18:41.872+0000] {logging_mixin.py:154} INFO - Failed to change /opt/***/logs/dag_id=air_quality/run_id=scheduled__2023-12-07T04:00:00+00:00/task_id=Insert_Data permission to 509: [Errno 1] Operation not permitted: '/opt/***/logs/dag_id=air_quality/run_id=scheduled__2023-12-07T04:00:00+00:00/task_id=Insert_Data'
[2023-12-17T12:18:41.876+0000] {task_command.py:416} INFO - Running <TaskInstance: air_quality.Insert_Data scheduled__2023-12-07T04:00:00+00:00 [running]> on host 1a58977f5573
[2023-12-17T12:18:42.027+0000] {taskinstance.py:1662} INFO - Exporting env vars: AIRFLOW_CTX_DAG_OWNER='ghifari' AIRFLOW_CTX_DAG_ID='air_quality' AIRFLOW_CTX_TASK_ID='Insert_Data' AIRFLOW_CTX_EXECUTION_DATE='2023-12-07T04:00:00+00:00' AIRFLOW_CTX_TRY_NUMBER='1' AIRFLOW_CTX_DAG_RUN_ID='scheduled__2023-12-07T04:00:00+00:00'
[2023-12-17T12:18:43.238+0000] {logging_mixin.py:154} INFO - city           object
country        object
unit           object
last_value    float64
lat           float64
lng           float64
dtype: object
[2023-12-17T12:18:43.265+0000] {base.py:73} INFO - Using connection ID 'neonServerDB-Postgres' for task execution.
[2023-12-17T12:18:44.408+0000] {python.py:194} INFO - Done. Returned value was: None
[2023-12-17T12:18:44.422+0000] {taskinstance.py:1400} INFO - Marking task as SUCCESS. dag_id=air_quality, task_id=Insert_Data, execution_date=20231207T040000, start_date=20231217T121841, end_date=20231217T121844
[2023-12-17T12:18:44.494+0000] {local_task_job_runner.py:228} INFO - Task exited with return code 0
[2023-12-17T12:18:44.538+0000] {taskinstance.py:2778} INFO - 0 downstream tasks scheduled from follow-on schedule check
[2023-12-28T16:54:38.586+0000] {logging_mixin.py:154} INFO - Changing /opt/***/logs/dag_id=air_quality/run_id=scheduled__2023-12-07T04:00:00+00:00/task_id=Insert_Data permission to 509
[2023-12-28T16:54:38.589+0000] {logging_mixin.py:154} INFO - Failed to change /opt/***/logs/dag_id=air_quality/run_id=scheduled__2023-12-07T04:00:00+00:00/task_id=Insert_Data permission to 509: [Errno 1] Operation not permitted: '/opt/***/logs/dag_id=air_quality/run_id=scheduled__2023-12-07T04:00:00+00:00/task_id=Insert_Data'
[2023-12-28T16:54:38.649+0000] {logging_mixin.py:154} INFO - Changing /opt/***/logs/dag_id=air_quality/run_id=scheduled__2023-12-07T04:00:00+00:00/task_id=Insert_Data permission to 509
[2023-12-28T16:54:38.650+0000] {logging_mixin.py:154} INFO - Failed to change /opt/***/logs/dag_id=air_quality/run_id=scheduled__2023-12-07T04:00:00+00:00/task_id=Insert_Data permission to 509: [Errno 1] Operation not permitted: '/opt/***/logs/dag_id=air_quality/run_id=scheduled__2023-12-07T04:00:00+00:00/task_id=Insert_Data'
[2023-12-28T16:54:38.733+0000] {taskinstance.py:1159} INFO - Dependencies all met for dep_context=non-requeueable deps ti=<TaskInstance: air_quality.Insert_Data scheduled__2023-12-07T04:00:00+00:00 [queued]>
[2023-12-28T16:54:38.759+0000] {taskinstance.py:1159} INFO - Dependencies all met for dep_context=requeueable deps ti=<TaskInstance: air_quality.Insert_Data scheduled__2023-12-07T04:00:00+00:00 [queued]>
[2023-12-28T16:54:38.760+0000] {taskinstance.py:1361} INFO - Starting attempt 1 of 2
[2023-12-28T16:54:38.793+0000] {taskinstance.py:1382} INFO - Executing <Task(PythonOperator): Insert_Data> on 2023-12-07 04:00:00+00:00
[2023-12-28T16:54:38.801+0000] {standard_task_runner.py:57} INFO - Started process 1131 to run task
[2023-12-28T16:54:38.806+0000] {standard_task_runner.py:84} INFO - Running: ['***', 'tasks', 'run', 'air_quality', 'Insert_Data', 'scheduled__2023-12-07T04:00:00+00:00', '--job-id', '1094', '--raw', '--subdir', 'DAGS_FOLDER/airQuality.py', '--cfg-path', '/tmp/tmpyajvrjoo']
[2023-12-28T16:54:38.809+0000] {standard_task_runner.py:85} INFO - Job 1094: Subtask Insert_Data
[2023-12-28T16:54:38.918+0000] {logging_mixin.py:154} INFO - Changing /opt/***/logs/dag_id=air_quality/run_id=scheduled__2023-12-07T04:00:00+00:00/task_id=Insert_Data permission to 509
[2023-12-28T16:54:38.920+0000] {logging_mixin.py:154} INFO - Failed to change /opt/***/logs/dag_id=air_quality/run_id=scheduled__2023-12-07T04:00:00+00:00/task_id=Insert_Data permission to 509: [Errno 1] Operation not permitted: '/opt/***/logs/dag_id=air_quality/run_id=scheduled__2023-12-07T04:00:00+00:00/task_id=Insert_Data'
[2023-12-28T16:54:38.926+0000] {task_command.py:416} INFO - Running <TaskInstance: air_quality.Insert_Data scheduled__2023-12-07T04:00:00+00:00 [running]> on host d67dd4682ccf
[2023-12-28T16:54:39.093+0000] {taskinstance.py:1662} INFO - Exporting env vars: AIRFLOW_CTX_DAG_OWNER='ghifari' AIRFLOW_CTX_DAG_ID='air_quality' AIRFLOW_CTX_TASK_ID='Insert_Data' AIRFLOW_CTX_EXECUTION_DATE='2023-12-07T04:00:00+00:00' AIRFLOW_CTX_TRY_NUMBER='1' AIRFLOW_CTX_DAG_RUN_ID='scheduled__2023-12-07T04:00:00+00:00'
[2023-12-28T16:54:40.082+0000] {logging_mixin.py:154} INFO - city           object
country        object
unit           object
last_value    float64
lat           float64
lng           float64
dtype: object
[2023-12-28T16:54:40.114+0000] {base.py:73} INFO - Using connection ID 'neonServerDB-Postgres' for task execution.
[2023-12-28T16:54:40.379+0000] {python.py:194} INFO - Done. Returned value was: None
[2023-12-28T16:54:40.399+0000] {taskinstance.py:1400} INFO - Marking task as SUCCESS. dag_id=air_quality, task_id=Insert_Data, execution_date=20231207T040000, start_date=20231228T165438, end_date=20231228T165440
[2023-12-28T16:54:40.473+0000] {local_task_job_runner.py:228} INFO - Task exited with return code 0
[2023-12-28T16:54:40.503+0000] {taskinstance.py:2778} INFO - 0 downstream tasks scheduled from follow-on schedule check
