[2023-12-17T11:18:37.736+0000] {logging_mixin.py:154} INFO - Changing /opt/***/logs/dag_id=air_quality/run_id=scheduled__2023-12-05T04:00:00+00:00/task_id=Transform permission to 509
[2023-12-17T11:18:37.745+0000] {logging_mixin.py:154} INFO - Failed to change /opt/***/logs/dag_id=air_quality/run_id=scheduled__2023-12-05T04:00:00+00:00/task_id=Transform permission to 509: [Errno 1] Operation not permitted: '/opt/***/logs/dag_id=air_quality/run_id=scheduled__2023-12-05T04:00:00+00:00/task_id=Transform'
[2023-12-17T11:18:37.894+0000] {logging_mixin.py:154} INFO - Changing /opt/***/logs/dag_id=air_quality/run_id=scheduled__2023-12-05T04:00:00+00:00/task_id=Transform permission to 509
[2023-12-17T11:18:37.896+0000] {logging_mixin.py:154} INFO - Failed to change /opt/***/logs/dag_id=air_quality/run_id=scheduled__2023-12-05T04:00:00+00:00/task_id=Transform permission to 509: [Errno 1] Operation not permitted: '/opt/***/logs/dag_id=air_quality/run_id=scheduled__2023-12-05T04:00:00+00:00/task_id=Transform'
[2023-12-17T11:18:38.068+0000] {taskinstance.py:1159} INFO - Dependencies all met for dep_context=non-requeueable deps ti=<TaskInstance: air_quality.Transform scheduled__2023-12-05T04:00:00+00:00 [queued]>
[2023-12-17T11:18:38.114+0000] {taskinstance.py:1159} INFO - Dependencies all met for dep_context=requeueable deps ti=<TaskInstance: air_quality.Transform scheduled__2023-12-05T04:00:00+00:00 [queued]>
[2023-12-17T11:18:38.117+0000] {taskinstance.py:1361} INFO - Starting attempt 1 of 2
[2023-12-17T11:18:38.596+0000] {taskinstance.py:1382} INFO - Executing <Task(PythonOperator): Transform> on 2023-12-05 04:00:00+00:00
[2023-12-17T11:18:38.604+0000] {standard_task_runner.py:57} INFO - Started process 2086 to run task
[2023-12-17T11:18:38.616+0000] {standard_task_runner.py:84} INFO - Running: ['***', 'tasks', 'run', 'air_quality', 'Transform', 'scheduled__2023-12-05T04:00:00+00:00', '--job-id', '333', '--raw', '--subdir', 'DAGS_FOLDER/airQuality.py', '--cfg-path', '/tmp/tmp9lgusg6b']
[2023-12-17T11:18:38.625+0000] {standard_task_runner.py:85} INFO - Job 333: Subtask Transform
[2023-12-17T11:18:38.860+0000] {logging_mixin.py:154} INFO - Changing /opt/***/logs/dag_id=air_quality/run_id=scheduled__2023-12-05T04:00:00+00:00/task_id=Transform permission to 509
[2023-12-17T11:18:38.867+0000] {logging_mixin.py:154} INFO - Failed to change /opt/***/logs/dag_id=air_quality/run_id=scheduled__2023-12-05T04:00:00+00:00/task_id=Transform permission to 509: [Errno 1] Operation not permitted: '/opt/***/logs/dag_id=air_quality/run_id=scheduled__2023-12-05T04:00:00+00:00/task_id=Transform'
[2023-12-17T11:18:38.880+0000] {task_command.py:416} INFO - Running <TaskInstance: air_quality.Transform scheduled__2023-12-05T04:00:00+00:00 [running]> on host 1a58977f5573
[2023-12-17T11:18:39.426+0000] {taskinstance.py:1662} INFO - Exporting env vars: AIRFLOW_CTX_DAG_OWNER='ghifari' AIRFLOW_CTX_DAG_ID='air_quality' AIRFLOW_CTX_TASK_ID='Transform' AIRFLOW_CTX_EXECUTION_DATE='2023-12-05T04:00:00+00:00' AIRFLOW_CTX_TRY_NUMBER='1' AIRFLOW_CTX_DAG_RUN_ID='scheduled__2023-12-05T04:00:00+00:00'
[2023-12-17T11:18:41.257+0000] {python.py:194} INFO - Done. Returned value was:       city country unit  last_value       lat         lng
0  Jakarta      ID   o3      -0.999 -6.182536  106.834236
[2023-12-17T11:18:41.392+0000] {taskinstance.py:1400} INFO - Marking task as SUCCESS. dag_id=air_quality, task_id=Transform, execution_date=20231205T040000, start_date=20231217T111838, end_date=20231217T111841
[2023-12-17T11:18:41.548+0000] {local_task_job_runner.py:228} INFO - Task exited with return code 0
[2023-12-17T11:18:41.708+0000] {taskinstance.py:2778} INFO - 1 downstream tasks scheduled from follow-on schedule check
[2023-12-17T12:18:34.055+0000] {logging_mixin.py:154} INFO - Changing /opt/***/logs/dag_id=air_quality/run_id=scheduled__2023-12-05T04:00:00+00:00/task_id=Transform permission to 509
[2023-12-17T12:18:34.067+0000] {logging_mixin.py:154} INFO - Failed to change /opt/***/logs/dag_id=air_quality/run_id=scheduled__2023-12-05T04:00:00+00:00/task_id=Transform permission to 509: [Errno 1] Operation not permitted: '/opt/***/logs/dag_id=air_quality/run_id=scheduled__2023-12-05T04:00:00+00:00/task_id=Transform'
[2023-12-17T12:18:34.193+0000] {logging_mixin.py:154} INFO - Changing /opt/***/logs/dag_id=air_quality/run_id=scheduled__2023-12-05T04:00:00+00:00/task_id=Transform permission to 509
[2023-12-17T12:18:34.194+0000] {logging_mixin.py:154} INFO - Failed to change /opt/***/logs/dag_id=air_quality/run_id=scheduled__2023-12-05T04:00:00+00:00/task_id=Transform permission to 509: [Errno 1] Operation not permitted: '/opt/***/logs/dag_id=air_quality/run_id=scheduled__2023-12-05T04:00:00+00:00/task_id=Transform'
[2023-12-17T12:18:34.301+0000] {taskinstance.py:1159} INFO - Dependencies all met for dep_context=non-requeueable deps ti=<TaskInstance: air_quality.Transform scheduled__2023-12-05T04:00:00+00:00 [queued]>
[2023-12-17T12:18:34.333+0000] {taskinstance.py:1159} INFO - Dependencies all met for dep_context=requeueable deps ti=<TaskInstance: air_quality.Transform scheduled__2023-12-05T04:00:00+00:00 [queued]>
[2023-12-17T12:18:34.337+0000] {taskinstance.py:1361} INFO - Starting attempt 1 of 2
[2023-12-17T12:18:34.381+0000] {taskinstance.py:1382} INFO - Executing <Task(PythonOperator): Transform> on 2023-12-05 04:00:00+00:00
[2023-12-17T12:18:34.391+0000] {standard_task_runner.py:57} INFO - Started process 4348 to run task
[2023-12-17T12:18:34.415+0000] {standard_task_runner.py:84} INFO - Running: ['***', 'tasks', 'run', 'air_quality', 'Transform', 'scheduled__2023-12-05T04:00:00+00:00', '--job-id', '655', '--raw', '--subdir', 'DAGS_FOLDER/airQuality.py', '--cfg-path', '/tmp/tmp1_b5skbr']
[2023-12-17T12:18:34.439+0000] {standard_task_runner.py:85} INFO - Job 655: Subtask Transform
[2023-12-17T12:18:34.599+0000] {logging_mixin.py:154} INFO - Changing /opt/***/logs/dag_id=air_quality/run_id=scheduled__2023-12-05T04:00:00+00:00/task_id=Transform permission to 509
[2023-12-17T12:18:34.601+0000] {logging_mixin.py:154} INFO - Failed to change /opt/***/logs/dag_id=air_quality/run_id=scheduled__2023-12-05T04:00:00+00:00/task_id=Transform permission to 509: [Errno 1] Operation not permitted: '/opt/***/logs/dag_id=air_quality/run_id=scheduled__2023-12-05T04:00:00+00:00/task_id=Transform'
[2023-12-17T12:18:34.605+0000] {task_command.py:416} INFO - Running <TaskInstance: air_quality.Transform scheduled__2023-12-05T04:00:00+00:00 [running]> on host 1a58977f5573
[2023-12-17T12:18:34.795+0000] {taskinstance.py:1662} INFO - Exporting env vars: AIRFLOW_CTX_DAG_OWNER='ghifari' AIRFLOW_CTX_DAG_ID='air_quality' AIRFLOW_CTX_TASK_ID='Transform' AIRFLOW_CTX_EXECUTION_DATE='2023-12-05T04:00:00+00:00' AIRFLOW_CTX_TRY_NUMBER='1' AIRFLOW_CTX_DAG_RUN_ID='scheduled__2023-12-05T04:00:00+00:00'
[2023-12-17T12:18:35.966+0000] {python.py:194} INFO - Done. Returned value was:       city country  unit  last_value       lat         lng
0  Jakarta      ID  pm25      -999.0 -6.182536  106.834236
[2023-12-17T12:18:36.025+0000] {taskinstance.py:1400} INFO - Marking task as SUCCESS. dag_id=air_quality, task_id=Transform, execution_date=20231205T040000, start_date=20231217T121834, end_date=20231217T121836
[2023-12-17T12:18:36.065+0000] {local_task_job_runner.py:228} INFO - Task exited with return code 0
[2023-12-17T12:18:36.116+0000] {taskinstance.py:2778} INFO - 1 downstream tasks scheduled from follow-on schedule check
[2023-12-28T16:54:20.397+0000] {logging_mixin.py:154} INFO - Changing /opt/***/logs/dag_id=air_quality/run_id=scheduled__2023-12-05T04:00:00+00:00/task_id=Transform permission to 509
[2023-12-28T16:54:20.419+0000] {logging_mixin.py:154} INFO - Failed to change /opt/***/logs/dag_id=air_quality/run_id=scheduled__2023-12-05T04:00:00+00:00/task_id=Transform permission to 509: [Errno 1] Operation not permitted: '/opt/***/logs/dag_id=air_quality/run_id=scheduled__2023-12-05T04:00:00+00:00/task_id=Transform'
[2023-12-28T16:54:20.533+0000] {logging_mixin.py:154} INFO - Changing /opt/***/logs/dag_id=air_quality/run_id=scheduled__2023-12-05T04:00:00+00:00/task_id=Transform permission to 509
[2023-12-28T16:54:20.539+0000] {logging_mixin.py:154} INFO - Failed to change /opt/***/logs/dag_id=air_quality/run_id=scheduled__2023-12-05T04:00:00+00:00/task_id=Transform permission to 509: [Errno 1] Operation not permitted: '/opt/***/logs/dag_id=air_quality/run_id=scheduled__2023-12-05T04:00:00+00:00/task_id=Transform'
[2023-12-28T16:54:20.754+0000] {taskinstance.py:1159} INFO - Dependencies all met for dep_context=non-requeueable deps ti=<TaskInstance: air_quality.Transform scheduled__2023-12-05T04:00:00+00:00 [queued]>
[2023-12-28T16:54:20.793+0000] {taskinstance.py:1159} INFO - Dependencies all met for dep_context=requeueable deps ti=<TaskInstance: air_quality.Transform scheduled__2023-12-05T04:00:00+00:00 [queued]>
[2023-12-28T16:54:20.800+0000] {taskinstance.py:1361} INFO - Starting attempt 1 of 2
[2023-12-28T16:54:20.900+0000] {taskinstance.py:1382} INFO - Executing <Task(PythonOperator): Transform> on 2023-12-05 04:00:00+00:00
[2023-12-28T16:54:20.920+0000] {standard_task_runner.py:57} INFO - Started process 901 to run task
[2023-12-28T16:54:20.962+0000] {standard_task_runner.py:84} INFO - Running: ['***', 'tasks', 'run', 'air_quality', 'Transform', 'scheduled__2023-12-05T04:00:00+00:00', '--job-id', '1055', '--raw', '--subdir', 'DAGS_FOLDER/airQuality.py', '--cfg-path', '/tmp/tmpj_g7v50t']
[2023-12-28T16:54:20.976+0000] {standard_task_runner.py:85} INFO - Job 1055: Subtask Transform
[2023-12-28T16:54:21.403+0000] {logging_mixin.py:154} INFO - Changing /opt/***/logs/dag_id=air_quality/run_id=scheduled__2023-12-05T04:00:00+00:00/task_id=Transform permission to 509
[2023-12-28T16:54:21.408+0000] {logging_mixin.py:154} INFO - Failed to change /opt/***/logs/dag_id=air_quality/run_id=scheduled__2023-12-05T04:00:00+00:00/task_id=Transform permission to 509: [Errno 1] Operation not permitted: '/opt/***/logs/dag_id=air_quality/run_id=scheduled__2023-12-05T04:00:00+00:00/task_id=Transform'
[2023-12-28T16:54:21.443+0000] {task_command.py:416} INFO - Running <TaskInstance: air_quality.Transform scheduled__2023-12-05T04:00:00+00:00 [running]> on host d67dd4682ccf
[2023-12-28T16:54:22.180+0000] {taskinstance.py:1662} INFO - Exporting env vars: AIRFLOW_CTX_DAG_OWNER='ghifari' AIRFLOW_CTX_DAG_ID='air_quality' AIRFLOW_CTX_TASK_ID='Transform' AIRFLOW_CTX_EXECUTION_DATE='2023-12-05T04:00:00+00:00' AIRFLOW_CTX_TRY_NUMBER='1' AIRFLOW_CTX_DAG_RUN_ID='scheduled__2023-12-05T04:00:00+00:00'
[2023-12-28T16:54:24.664+0000] {python.py:194} INFO - Done. Returned value was:       city country unit  last_value       lat         lng
0  Jakarta      ID   o3      -0.999 -6.182536  106.834236
[2023-12-28T16:54:24.803+0000] {taskinstance.py:1400} INFO - Marking task as SUCCESS. dag_id=air_quality, task_id=Transform, execution_date=20231205T040000, start_date=20231228T165420, end_date=20231228T165424
[2023-12-28T16:54:24.908+0000] {local_task_job_runner.py:228} INFO - Task exited with return code 0
[2023-12-28T16:54:25.130+0000] {taskinstance.py:2778} INFO - 1 downstream tasks scheduled from follow-on schedule check
