[2023-12-17T11:19:03.451+0000] {logging_mixin.py:154} INFO - Changing /opt/***/logs/dag_id=air_quality/run_id=scheduled__2023-12-10T04:00:00+00:00/task_id=Check_Response permission to 509
[2023-12-17T11:19:03.458+0000] {logging_mixin.py:154} INFO - Failed to change /opt/***/logs/dag_id=air_quality/run_id=scheduled__2023-12-10T04:00:00+00:00/task_id=Check_Response permission to 509: [Errno 1] Operation not permitted: '/opt/***/logs/dag_id=air_quality/run_id=scheduled__2023-12-10T04:00:00+00:00/task_id=Check_Response'
[2023-12-17T11:19:03.617+0000] {logging_mixin.py:154} INFO - Changing /opt/***/logs/dag_id=air_quality/run_id=scheduled__2023-12-10T04:00:00+00:00/task_id=Check_Response permission to 509
[2023-12-17T11:19:03.618+0000] {logging_mixin.py:154} INFO - Failed to change /opt/***/logs/dag_id=air_quality/run_id=scheduled__2023-12-10T04:00:00+00:00/task_id=Check_Response permission to 509: [Errno 1] Operation not permitted: '/opt/***/logs/dag_id=air_quality/run_id=scheduled__2023-12-10T04:00:00+00:00/task_id=Check_Response'
[2023-12-17T11:19:03.756+0000] {taskinstance.py:1159} INFO - Dependencies all met for dep_context=non-requeueable deps ti=<TaskInstance: air_quality.Check_Response scheduled__2023-12-10T04:00:00+00:00 [queued]>
[2023-12-17T11:19:03.819+0000] {taskinstance.py:1159} INFO - Dependencies all met for dep_context=requeueable deps ti=<TaskInstance: air_quality.Check_Response scheduled__2023-12-10T04:00:00+00:00 [queued]>
[2023-12-17T11:19:03.821+0000] {taskinstance.py:1361} INFO - Starting attempt 1 of 2
[2023-12-17T11:19:03.879+0000] {taskinstance.py:1382} INFO - Executing <Task(BranchPythonOperator): Check_Response> on 2023-12-10 04:00:00+00:00
[2023-12-17T11:19:03.898+0000] {standard_task_runner.py:57} INFO - Started process 2404 to run task
[2023-12-17T11:19:03.920+0000] {standard_task_runner.py:84} INFO - Running: ['***', 'tasks', 'run', 'air_quality', 'Check_Response', 'scheduled__2023-12-10T04:00:00+00:00', '--job-id', '390', '--raw', '--subdir', 'DAGS_FOLDER/airQuality.py', '--cfg-path', '/tmp/tmpmzq7x7k5']
[2023-12-17T11:19:03.923+0000] {standard_task_runner.py:85} INFO - Job 390: Subtask Check_Response
[2023-12-17T11:19:04.113+0000] {logging_mixin.py:154} INFO - Changing /opt/***/logs/dag_id=air_quality/run_id=scheduled__2023-12-10T04:00:00+00:00/task_id=Check_Response permission to 509
[2023-12-17T11:19:04.114+0000] {logging_mixin.py:154} INFO - Failed to change /opt/***/logs/dag_id=air_quality/run_id=scheduled__2023-12-10T04:00:00+00:00/task_id=Check_Response permission to 509: [Errno 1] Operation not permitted: '/opt/***/logs/dag_id=air_quality/run_id=scheduled__2023-12-10T04:00:00+00:00/task_id=Check_Response'
[2023-12-17T11:19:04.118+0000] {task_command.py:416} INFO - Running <TaskInstance: air_quality.Check_Response scheduled__2023-12-10T04:00:00+00:00 [running]> on host 1a58977f5573
[2023-12-17T11:19:04.366+0000] {taskinstance.py:1662} INFO - Exporting env vars: AIRFLOW_CTX_DAG_OWNER='ghifari' AIRFLOW_CTX_DAG_ID='air_quality' AIRFLOW_CTX_TASK_ID='Check_Response' AIRFLOW_CTX_EXECUTION_DATE='2023-12-10T04:00:00+00:00' AIRFLOW_CTX_TRY_NUMBER='1' AIRFLOW_CTX_DAG_RUN_ID='scheduled__2023-12-10T04:00:00+00:00'
[2023-12-17T11:19:04.396+0000] {airQuality.py:112} INFO - Data Found: {'city': ['Jakarta'], 'country': ['ID'], 'unit': ['o3'], 'last_value': [-0.999], 'lat': [-6.182536], 'lng': [106.834236]}
[2023-12-17T11:19:04.397+0000] {python.py:194} INFO - Done. Returned value was: Transform
[2023-12-17T11:19:04.398+0000] {python.py:227} INFO - Branch callable return Transform
[2023-12-17T11:19:04.400+0000] {skipmixin.py:173} INFO - Following branch Transform
[2023-12-17T11:19:04.450+0000] {skipmixin.py:239} INFO - Skipping tasks [('Error_Response', -1)]
[2023-12-17T11:19:04.549+0000] {taskinstance.py:1400} INFO - Marking task as SUCCESS. dag_id=air_quality, task_id=Check_Response, execution_date=20231210T040000, start_date=20231217T111903, end_date=20231217T111904
[2023-12-17T11:19:04.604+0000] {local_task_job_runner.py:228} INFO - Task exited with return code 0
[2023-12-17T11:19:04.664+0000] {taskinstance.py:2778} INFO - 1 downstream tasks scheduled from follow-on schedule check
[2023-12-17T12:18:11.560+0000] {logging_mixin.py:154} INFO - Changing /opt/***/logs/dag_id=air_quality/run_id=scheduled__2023-12-10T04:00:00+00:00/task_id=Check_Response permission to 509
[2023-12-17T12:18:11.570+0000] {logging_mixin.py:154} INFO - Failed to change /opt/***/logs/dag_id=air_quality/run_id=scheduled__2023-12-10T04:00:00+00:00/task_id=Check_Response permission to 509: [Errno 1] Operation not permitted: '/opt/***/logs/dag_id=air_quality/run_id=scheduled__2023-12-10T04:00:00+00:00/task_id=Check_Response'
[2023-12-17T12:18:11.714+0000] {logging_mixin.py:154} INFO - Changing /opt/***/logs/dag_id=air_quality/run_id=scheduled__2023-12-10T04:00:00+00:00/task_id=Check_Response permission to 509
[2023-12-17T12:18:11.718+0000] {logging_mixin.py:154} INFO - Failed to change /opt/***/logs/dag_id=air_quality/run_id=scheduled__2023-12-10T04:00:00+00:00/task_id=Check_Response permission to 509: [Errno 1] Operation not permitted: '/opt/***/logs/dag_id=air_quality/run_id=scheduled__2023-12-10T04:00:00+00:00/task_id=Check_Response'
[2023-12-17T12:18:11.911+0000] {taskinstance.py:1159} INFO - Dependencies all met for dep_context=non-requeueable deps ti=<TaskInstance: air_quality.Check_Response scheduled__2023-12-10T04:00:00+00:00 [queued]>
[2023-12-17T12:18:11.977+0000] {taskinstance.py:1159} INFO - Dependencies all met for dep_context=requeueable deps ti=<TaskInstance: air_quality.Check_Response scheduled__2023-12-10T04:00:00+00:00 [queued]>
[2023-12-17T12:18:11.978+0000] {taskinstance.py:1361} INFO - Starting attempt 1 of 2
[2023-12-17T12:18:12.504+0000] {taskinstance.py:1382} INFO - Executing <Task(BranchPythonOperator): Check_Response> on 2023-12-10 04:00:00+00:00
[2023-12-17T12:18:12.512+0000] {standard_task_runner.py:57} INFO - Started process 4098 to run task
[2023-12-17T12:18:12.519+0000] {standard_task_runner.py:84} INFO - Running: ['***', 'tasks', 'run', 'air_quality', 'Check_Response', 'scheduled__2023-12-10T04:00:00+00:00', '--job-id', '598', '--raw', '--subdir', 'DAGS_FOLDER/airQuality.py', '--cfg-path', '/tmp/tmp6ys3t3sm']
[2023-12-17T12:18:12.523+0000] {standard_task_runner.py:85} INFO - Job 598: Subtask Check_Response
[2023-12-17T12:18:12.826+0000] {logging_mixin.py:154} INFO - Changing /opt/***/logs/dag_id=air_quality/run_id=scheduled__2023-12-10T04:00:00+00:00/task_id=Check_Response permission to 509
[2023-12-17T12:18:12.829+0000] {logging_mixin.py:154} INFO - Failed to change /opt/***/logs/dag_id=air_quality/run_id=scheduled__2023-12-10T04:00:00+00:00/task_id=Check_Response permission to 509: [Errno 1] Operation not permitted: '/opt/***/logs/dag_id=air_quality/run_id=scheduled__2023-12-10T04:00:00+00:00/task_id=Check_Response'
[2023-12-17T12:18:12.845+0000] {task_command.py:416} INFO - Running <TaskInstance: air_quality.Check_Response scheduled__2023-12-10T04:00:00+00:00 [running]> on host 1a58977f5573
[2023-12-17T12:18:13.213+0000] {taskinstance.py:1662} INFO - Exporting env vars: AIRFLOW_CTX_DAG_OWNER='ghifari' AIRFLOW_CTX_DAG_ID='air_quality' AIRFLOW_CTX_TASK_ID='Check_Response' AIRFLOW_CTX_EXECUTION_DATE='2023-12-10T04:00:00+00:00' AIRFLOW_CTX_TRY_NUMBER='1' AIRFLOW_CTX_DAG_RUN_ID='scheduled__2023-12-10T04:00:00+00:00'
[2023-12-17T12:18:13.248+0000] {airQuality.py:112} INFO - Data Found: {'city': ['Jakarta'], 'country': ['ID'], 'unit': ['pm25'], 'last_value': [-999.0], 'lat': [-6.182536], 'lng': [106.834236]}
[2023-12-17T12:18:13.258+0000] {python.py:194} INFO - Done. Returned value was: Transform
[2023-12-17T12:18:13.262+0000] {python.py:227} INFO - Branch callable return Transform
[2023-12-17T12:18:13.268+0000] {skipmixin.py:173} INFO - Following branch Transform
[2023-12-17T12:18:13.382+0000] {skipmixin.py:239} INFO - Skipping tasks [('Error_Response', -1)]
[2023-12-17T12:18:13.594+0000] {taskinstance.py:1400} INFO - Marking task as SUCCESS. dag_id=air_quality, task_id=Check_Response, execution_date=20231210T040000, start_date=20231217T121811, end_date=20231217T121813
[2023-12-17T12:18:13.707+0000] {local_task_job_runner.py:228} INFO - Task exited with return code 0
[2023-12-17T12:18:13.802+0000] {taskinstance.py:2778} INFO - 1 downstream tasks scheduled from follow-on schedule check
[2023-12-17T12:18:48.150+0000] {logging_mixin.py:154} INFO - Changing /opt/***/logs/dag_id=air_quality/run_id=scheduled__2023-12-10T04:00:00+00:00/task_id=Check_Response permission to 509
[2023-12-17T12:18:48.153+0000] {logging_mixin.py:154} INFO - Failed to change /opt/***/logs/dag_id=air_quality/run_id=scheduled__2023-12-10T04:00:00+00:00/task_id=Check_Response permission to 509: [Errno 1] Operation not permitted: '/opt/***/logs/dag_id=air_quality/run_id=scheduled__2023-12-10T04:00:00+00:00/task_id=Check_Response'
[2023-12-17T12:18:48.204+0000] {logging_mixin.py:154} INFO - Changing /opt/***/logs/dag_id=air_quality/run_id=scheduled__2023-12-10T04:00:00+00:00/task_id=Check_Response permission to 509
[2023-12-17T12:18:48.205+0000] {logging_mixin.py:154} INFO - Failed to change /opt/***/logs/dag_id=air_quality/run_id=scheduled__2023-12-10T04:00:00+00:00/task_id=Check_Response permission to 509: [Errno 1] Operation not permitted: '/opt/***/logs/dag_id=air_quality/run_id=scheduled__2023-12-10T04:00:00+00:00/task_id=Check_Response'
[2023-12-17T12:18:48.262+0000] {taskinstance.py:1159} INFO - Dependencies all met for dep_context=non-requeueable deps ti=<TaskInstance: air_quality.Check_Response scheduled__2023-12-10T04:00:00+00:00 [queued]>
[2023-12-17T12:18:48.283+0000] {taskinstance.py:1159} INFO - Dependencies all met for dep_context=requeueable deps ti=<TaskInstance: air_quality.Check_Response scheduled__2023-12-10T04:00:00+00:00 [queued]>
[2023-12-17T12:18:48.283+0000] {taskinstance.py:1361} INFO - Starting attempt 1 of 2
[2023-12-17T12:18:48.307+0000] {taskinstance.py:1382} INFO - Executing <Task(BranchPythonOperator): Check_Response> on 2023-12-10 04:00:00+00:00
[2023-12-17T12:18:48.313+0000] {standard_task_runner.py:57} INFO - Started process 4445 to run task
[2023-12-17T12:18:48.320+0000] {standard_task_runner.py:84} INFO - Running: ['***', 'tasks', 'run', 'air_quality', 'Check_Response', 'scheduled__2023-12-10T04:00:00+00:00', '--job-id', '674', '--raw', '--subdir', 'DAGS_FOLDER/airQuality.py', '--cfg-path', '/tmp/tmp_gx1n402']
[2023-12-17T12:18:48.322+0000] {standard_task_runner.py:85} INFO - Job 674: Subtask Check_Response
[2023-12-17T12:18:48.410+0000] {logging_mixin.py:154} INFO - Changing /opt/***/logs/dag_id=air_quality/run_id=scheduled__2023-12-10T04:00:00+00:00/task_id=Check_Response permission to 509
[2023-12-17T12:18:48.411+0000] {logging_mixin.py:154} INFO - Failed to change /opt/***/logs/dag_id=air_quality/run_id=scheduled__2023-12-10T04:00:00+00:00/task_id=Check_Response permission to 509: [Errno 1] Operation not permitted: '/opt/***/logs/dag_id=air_quality/run_id=scheduled__2023-12-10T04:00:00+00:00/task_id=Check_Response'
[2023-12-17T12:18:48.417+0000] {task_command.py:416} INFO - Running <TaskInstance: air_quality.Check_Response scheduled__2023-12-10T04:00:00+00:00 [running]> on host 1a58977f5573
[2023-12-17T12:18:48.586+0000] {taskinstance.py:1662} INFO - Exporting env vars: AIRFLOW_CTX_DAG_OWNER='ghifari' AIRFLOW_CTX_DAG_ID='air_quality' AIRFLOW_CTX_TASK_ID='Check_Response' AIRFLOW_CTX_EXECUTION_DATE='2023-12-10T04:00:00+00:00' AIRFLOW_CTX_TRY_NUMBER='1' AIRFLOW_CTX_DAG_RUN_ID='scheduled__2023-12-10T04:00:00+00:00'
[2023-12-17T12:18:48.611+0000] {airQuality.py:112} INFO - Data Found: {'city': ['Jakarta'], 'country': ['ID'], 'unit': ['pm25'], 'last_value': [-999.0], 'lat': [-6.182536], 'lng': [106.834236]}
[2023-12-17T12:18:48.613+0000] {python.py:194} INFO - Done. Returned value was: Transform
[2023-12-17T12:18:48.614+0000] {python.py:227} INFO - Branch callable return Transform
[2023-12-17T12:18:48.616+0000] {skipmixin.py:173} INFO - Following branch Transform
[2023-12-17T12:18:48.643+0000] {skipmixin.py:239} INFO - Skipping tasks [('Error_Response', -1)]
[2023-12-17T12:18:48.724+0000] {taskinstance.py:1400} INFO - Marking task as SUCCESS. dag_id=air_quality, task_id=Check_Response, execution_date=20231210T040000, start_date=20231217T121848, end_date=20231217T121848
[2023-12-17T12:18:48.773+0000] {local_task_job_runner.py:228} INFO - Task exited with return code 0
[2023-12-17T12:18:48.837+0000] {taskinstance.py:2778} INFO - 1 downstream tasks scheduled from follow-on schedule check
[2023-12-28T16:51:45.375+0000] {logging_mixin.py:154} INFO - Changing /opt/***/logs/dag_id=air_quality/run_id=scheduled__2023-12-10T04:00:00+00:00/task_id=Check_Response permission to 509
[2023-12-28T16:51:45.383+0000] {logging_mixin.py:154} INFO - Failed to change /opt/***/logs/dag_id=air_quality/run_id=scheduled__2023-12-10T04:00:00+00:00/task_id=Check_Response permission to 509: [Errno 1] Operation not permitted: '/opt/***/logs/dag_id=air_quality/run_id=scheduled__2023-12-10T04:00:00+00:00/task_id=Check_Response'
[2023-12-28T16:51:45.533+0000] {logging_mixin.py:154} INFO - Changing /opt/***/logs/dag_id=air_quality/run_id=scheduled__2023-12-10T04:00:00+00:00/task_id=Check_Response permission to 509
[2023-12-28T16:51:45.535+0000] {logging_mixin.py:154} INFO - Failed to change /opt/***/logs/dag_id=air_quality/run_id=scheduled__2023-12-10T04:00:00+00:00/task_id=Check_Response permission to 509: [Errno 1] Operation not permitted: '/opt/***/logs/dag_id=air_quality/run_id=scheduled__2023-12-10T04:00:00+00:00/task_id=Check_Response'
[2023-12-28T16:51:45.717+0000] {taskinstance.py:1159} INFO - Dependencies all met for dep_context=non-requeueable deps ti=<TaskInstance: air_quality.Check_Response scheduled__2023-12-10T04:00:00+00:00 [queued]>
[2023-12-28T16:51:45.758+0000] {taskinstance.py:1159} INFO - Dependencies all met for dep_context=requeueable deps ti=<TaskInstance: air_quality.Check_Response scheduled__2023-12-10T04:00:00+00:00 [queued]>
[2023-12-28T16:51:45.761+0000] {taskinstance.py:1361} INFO - Starting attempt 1 of 2
[2023-12-28T16:51:45.820+0000] {taskinstance.py:1382} INFO - Executing <Task(BranchPythonOperator): Check_Response> on 2023-12-10 04:00:00+00:00
[2023-12-28T16:51:45.832+0000] {standard_task_runner.py:57} INFO - Started process 206 to run task
[2023-12-28T16:51:45.853+0000] {standard_task_runner.py:84} INFO - Running: ['***', 'tasks', 'run', 'air_quality', 'Check_Response', 'scheduled__2023-12-10T04:00:00+00:00', '--job-id', '854', '--raw', '--subdir', 'DAGS_FOLDER/airQuality.py', '--cfg-path', '/tmp/tmpb3m8n_xg']
[2023-12-28T16:51:45.875+0000] {standard_task_runner.py:85} INFO - Job 854: Subtask Check_Response
[2023-12-28T16:51:46.165+0000] {logging_mixin.py:154} INFO - Changing /opt/***/logs/dag_id=air_quality/run_id=scheduled__2023-12-10T04:00:00+00:00/task_id=Check_Response permission to 509
[2023-12-28T16:51:46.167+0000] {logging_mixin.py:154} INFO - Failed to change /opt/***/logs/dag_id=air_quality/run_id=scheduled__2023-12-10T04:00:00+00:00/task_id=Check_Response permission to 509: [Errno 1] Operation not permitted: '/opt/***/logs/dag_id=air_quality/run_id=scheduled__2023-12-10T04:00:00+00:00/task_id=Check_Response'
[2023-12-28T16:51:46.171+0000] {task_command.py:416} INFO - Running <TaskInstance: air_quality.Check_Response scheduled__2023-12-10T04:00:00+00:00 [running]> on host d67dd4682ccf
[2023-12-28T16:51:46.539+0000] {taskinstance.py:1662} INFO - Exporting env vars: AIRFLOW_CTX_DAG_OWNER='ghifari' AIRFLOW_CTX_DAG_ID='air_quality' AIRFLOW_CTX_TASK_ID='Check_Response' AIRFLOW_CTX_EXECUTION_DATE='2023-12-10T04:00:00+00:00' AIRFLOW_CTX_TRY_NUMBER='1' AIRFLOW_CTX_DAG_RUN_ID='scheduled__2023-12-10T04:00:00+00:00'
[2023-12-28T16:51:46.593+0000] {airQuality.py:90} INFO - Data Found: {'city': ['Jakarta'], 'country': ['ID'], 'unit': ['o3'], 'last_value': [-0.999], 'lat': [-6.182536], 'lng': [106.834236]}
[2023-12-28T16:51:46.600+0000] {python.py:194} INFO - Done. Returned value was: Transform
[2023-12-28T16:51:46.602+0000] {python.py:227} INFO - Branch callable return Transform
[2023-12-28T16:51:46.611+0000] {skipmixin.py:173} INFO - Following branch Transform
[2023-12-28T16:51:46.728+0000] {skipmixin.py:239} INFO - Skipping tasks [('Error_Response', -1)]
[2023-12-28T16:51:46.988+0000] {taskinstance.py:1400} INFO - Marking task as SUCCESS. dag_id=air_quality, task_id=Check_Response, execution_date=20231210T040000, start_date=20231228T165145, end_date=20231228T165146
[2023-12-28T16:51:47.097+0000] {local_task_job_runner.py:228} INFO - Task exited with return code 0
[2023-12-28T16:51:47.234+0000] {taskinstance.py:2778} INFO - 1 downstream tasks scheduled from follow-on schedule check
[2023-12-28T16:54:47.347+0000] {logging_mixin.py:154} INFO - Changing /opt/***/logs/dag_id=air_quality/run_id=scheduled__2023-12-10T04:00:00+00:00/task_id=Check_Response permission to 509
[2023-12-28T16:54:47.367+0000] {logging_mixin.py:154} INFO - Failed to change /opt/***/logs/dag_id=air_quality/run_id=scheduled__2023-12-10T04:00:00+00:00/task_id=Check_Response permission to 509: [Errno 1] Operation not permitted: '/opt/***/logs/dag_id=air_quality/run_id=scheduled__2023-12-10T04:00:00+00:00/task_id=Check_Response'
[2023-12-28T16:54:47.479+0000] {logging_mixin.py:154} INFO - Changing /opt/***/logs/dag_id=air_quality/run_id=scheduled__2023-12-10T04:00:00+00:00/task_id=Check_Response permission to 509
[2023-12-28T16:54:47.480+0000] {logging_mixin.py:154} INFO - Failed to change /opt/***/logs/dag_id=air_quality/run_id=scheduled__2023-12-10T04:00:00+00:00/task_id=Check_Response permission to 509: [Errno 1] Operation not permitted: '/opt/***/logs/dag_id=air_quality/run_id=scheduled__2023-12-10T04:00:00+00:00/task_id=Check_Response'
[2023-12-28T16:54:47.682+0000] {taskinstance.py:1159} INFO - Dependencies all met for dep_context=non-requeueable deps ti=<TaskInstance: air_quality.Check_Response scheduled__2023-12-10T04:00:00+00:00 [queued]>
[2023-12-28T16:54:47.708+0000] {taskinstance.py:1159} INFO - Dependencies all met for dep_context=requeueable deps ti=<TaskInstance: air_quality.Check_Response scheduled__2023-12-10T04:00:00+00:00 [queued]>
[2023-12-28T16:54:47.710+0000] {taskinstance.py:1361} INFO - Starting attempt 1 of 2
[2023-12-28T16:54:47.789+0000] {taskinstance.py:1382} INFO - Executing <Task(BranchPythonOperator): Check_Response> on 2023-12-10 04:00:00+00:00
[2023-12-28T16:54:47.801+0000] {standard_task_runner.py:57} INFO - Started process 1197 to run task
[2023-12-28T16:54:47.809+0000] {standard_task_runner.py:84} INFO - Running: ['***', 'tasks', 'run', 'air_quality', 'Check_Response', 'scheduled__2023-12-10T04:00:00+00:00', '--job-id', '1106', '--raw', '--subdir', 'DAGS_FOLDER/airQuality.py', '--cfg-path', '/tmp/tmpj4x_0_e2']
[2023-12-28T16:54:47.812+0000] {standard_task_runner.py:85} INFO - Job 1106: Subtask Check_Response
[2023-12-28T16:54:47.939+0000] {logging_mixin.py:154} INFO - Changing /opt/***/logs/dag_id=air_quality/run_id=scheduled__2023-12-10T04:00:00+00:00/task_id=Check_Response permission to 509
[2023-12-28T16:54:47.940+0000] {logging_mixin.py:154} INFO - Failed to change /opt/***/logs/dag_id=air_quality/run_id=scheduled__2023-12-10T04:00:00+00:00/task_id=Check_Response permission to 509: [Errno 1] Operation not permitted: '/opt/***/logs/dag_id=air_quality/run_id=scheduled__2023-12-10T04:00:00+00:00/task_id=Check_Response'
[2023-12-28T16:54:47.944+0000] {task_command.py:416} INFO - Running <TaskInstance: air_quality.Check_Response scheduled__2023-12-10T04:00:00+00:00 [running]> on host d67dd4682ccf
[2023-12-28T16:54:48.297+0000] {taskinstance.py:1662} INFO - Exporting env vars: AIRFLOW_CTX_DAG_OWNER='ghifari' AIRFLOW_CTX_DAG_ID='air_quality' AIRFLOW_CTX_TASK_ID='Check_Response' AIRFLOW_CTX_EXECUTION_DATE='2023-12-10T04:00:00+00:00' AIRFLOW_CTX_TRY_NUMBER='1' AIRFLOW_CTX_DAG_RUN_ID='scheduled__2023-12-10T04:00:00+00:00'
[2023-12-28T16:54:48.363+0000] {airQuality.py:90} INFO - Data Found: {'city': ['Jakarta'], 'country': ['ID'], 'unit': ['o3'], 'last_value': [-0.999], 'lat': [-6.182536], 'lng': [106.834236]}
[2023-12-28T16:54:48.367+0000] {python.py:194} INFO - Done. Returned value was: Transform
[2023-12-28T16:54:48.372+0000] {python.py:227} INFO - Branch callable return Transform
[2023-12-28T16:54:48.376+0000] {skipmixin.py:173} INFO - Following branch Transform
[2023-12-28T16:54:48.438+0000] {skipmixin.py:239} INFO - Skipping tasks [('Error_Response', -1)]
[2023-12-28T16:54:48.717+0000] {taskinstance.py:1400} INFO - Marking task as SUCCESS. dag_id=air_quality, task_id=Check_Response, execution_date=20231210T040000, start_date=20231228T165447, end_date=20231228T165448
[2023-12-28T16:54:48.835+0000] {local_task_job_runner.py:228} INFO - Task exited with return code 0
[2023-12-28T16:54:48.934+0000] {taskinstance.py:2778} INFO - 1 downstream tasks scheduled from follow-on schedule check
