[2023-12-17T11:18:34.856+0000] {logging_mixin.py:154} INFO - Changing /opt/***/logs/dag_id=air_quality/run_id=scheduled__2023-12-04T04:00:00+00:00/task_id=Transform permission to 509
[2023-12-17T11:18:34.859+0000] {logging_mixin.py:154} INFO - Failed to change /opt/***/logs/dag_id=air_quality/run_id=scheduled__2023-12-04T04:00:00+00:00/task_id=Transform permission to 509: [Errno 1] Operation not permitted: '/opt/***/logs/dag_id=air_quality/run_id=scheduled__2023-12-04T04:00:00+00:00/task_id=Transform'
[2023-12-17T11:18:35.007+0000] {logging_mixin.py:154} INFO - Changing /opt/***/logs/dag_id=air_quality/run_id=scheduled__2023-12-04T04:00:00+00:00/task_id=Transform permission to 509
[2023-12-17T11:18:35.014+0000] {logging_mixin.py:154} INFO - Failed to change /opt/***/logs/dag_id=air_quality/run_id=scheduled__2023-12-04T04:00:00+00:00/task_id=Transform permission to 509: [Errno 1] Operation not permitted: '/opt/***/logs/dag_id=air_quality/run_id=scheduled__2023-12-04T04:00:00+00:00/task_id=Transform'
[2023-12-17T11:18:35.173+0000] {taskinstance.py:1159} INFO - Dependencies all met for dep_context=non-requeueable deps ti=<TaskInstance: air_quality.Transform scheduled__2023-12-04T04:00:00+00:00 [queued]>
[2023-12-17T11:18:35.239+0000] {taskinstance.py:1159} INFO - Dependencies all met for dep_context=requeueable deps ti=<TaskInstance: air_quality.Transform scheduled__2023-12-04T04:00:00+00:00 [queued]>
[2023-12-17T11:18:35.240+0000] {taskinstance.py:1361} INFO - Starting attempt 1 of 2
[2023-12-17T11:18:35.324+0000] {taskinstance.py:1382} INFO - Executing <Task(PythonOperator): Transform> on 2023-12-04 04:00:00+00:00
[2023-12-17T11:18:35.341+0000] {standard_task_runner.py:57} INFO - Started process 2063 to run task
[2023-12-17T11:18:35.351+0000] {standard_task_runner.py:84} INFO - Running: ['***', 'tasks', 'run', 'air_quality', 'Transform', 'scheduled__2023-12-04T04:00:00+00:00', '--job-id', '330', '--raw', '--subdir', 'DAGS_FOLDER/airQuality.py', '--cfg-path', '/tmp/tmp8dn_v52y']
[2023-12-17T11:18:35.354+0000] {standard_task_runner.py:85} INFO - Job 330: Subtask Transform
[2023-12-17T11:18:35.513+0000] {logging_mixin.py:154} INFO - Changing /opt/***/logs/dag_id=air_quality/run_id=scheduled__2023-12-04T04:00:00+00:00/task_id=Transform permission to 509
[2023-12-17T11:18:35.514+0000] {logging_mixin.py:154} INFO - Failed to change /opt/***/logs/dag_id=air_quality/run_id=scheduled__2023-12-04T04:00:00+00:00/task_id=Transform permission to 509: [Errno 1] Operation not permitted: '/opt/***/logs/dag_id=air_quality/run_id=scheduled__2023-12-04T04:00:00+00:00/task_id=Transform'
[2023-12-17T11:18:35.521+0000] {task_command.py:416} INFO - Running <TaskInstance: air_quality.Transform scheduled__2023-12-04T04:00:00+00:00 [running]> on host 1a58977f5573
[2023-12-17T11:18:35.756+0000] {taskinstance.py:1662} INFO - Exporting env vars: AIRFLOW_CTX_DAG_OWNER='ghifari' AIRFLOW_CTX_DAG_ID='air_quality' AIRFLOW_CTX_TASK_ID='Transform' AIRFLOW_CTX_EXECUTION_DATE='2023-12-04T04:00:00+00:00' AIRFLOW_CTX_TRY_NUMBER='1' AIRFLOW_CTX_DAG_RUN_ID='scheduled__2023-12-04T04:00:00+00:00'
[2023-12-17T11:18:37.328+0000] {python.py:194} INFO - Done. Returned value was:       city country unit  last_value       lat         lng
0  Jakarta      ID   o3      -0.999 -6.182536  106.834236
[2023-12-17T11:18:37.444+0000] {taskinstance.py:1400} INFO - Marking task as SUCCESS. dag_id=air_quality, task_id=Transform, execution_date=20231204T040000, start_date=20231217T111835, end_date=20231217T111837
[2023-12-17T11:18:37.652+0000] {local_task_job_runner.py:228} INFO - Task exited with return code 0
[2023-12-17T11:18:37.808+0000] {taskinstance.py:2778} INFO - 1 downstream tasks scheduled from follow-on schedule check
[2023-12-17T12:18:34.009+0000] {logging_mixin.py:154} INFO - Changing /opt/***/logs/dag_id=air_quality/run_id=scheduled__2023-12-04T04:00:00+00:00/task_id=Transform permission to 509
[2023-12-17T12:18:34.015+0000] {logging_mixin.py:154} INFO - Failed to change /opt/***/logs/dag_id=air_quality/run_id=scheduled__2023-12-04T04:00:00+00:00/task_id=Transform permission to 509: [Errno 1] Operation not permitted: '/opt/***/logs/dag_id=air_quality/run_id=scheduled__2023-12-04T04:00:00+00:00/task_id=Transform'
[2023-12-17T12:18:34.117+0000] {logging_mixin.py:154} INFO - Changing /opt/***/logs/dag_id=air_quality/run_id=scheduled__2023-12-04T04:00:00+00:00/task_id=Transform permission to 509
[2023-12-17T12:18:34.118+0000] {logging_mixin.py:154} INFO - Failed to change /opt/***/logs/dag_id=air_quality/run_id=scheduled__2023-12-04T04:00:00+00:00/task_id=Transform permission to 509: [Errno 1] Operation not permitted: '/opt/***/logs/dag_id=air_quality/run_id=scheduled__2023-12-04T04:00:00+00:00/task_id=Transform'
[2023-12-17T12:18:34.241+0000] {taskinstance.py:1159} INFO - Dependencies all met for dep_context=non-requeueable deps ti=<TaskInstance: air_quality.Transform scheduled__2023-12-04T04:00:00+00:00 [queued]>
[2023-12-17T12:18:34.286+0000] {taskinstance.py:1159} INFO - Dependencies all met for dep_context=requeueable deps ti=<TaskInstance: air_quality.Transform scheduled__2023-12-04T04:00:00+00:00 [queued]>
[2023-12-17T12:18:34.287+0000] {taskinstance.py:1361} INFO - Starting attempt 1 of 2
[2023-12-17T12:18:34.345+0000] {taskinstance.py:1382} INFO - Executing <Task(PythonOperator): Transform> on 2023-12-04 04:00:00+00:00
[2023-12-17T12:18:34.356+0000] {standard_task_runner.py:57} INFO - Started process 4347 to run task
[2023-12-17T12:18:34.365+0000] {standard_task_runner.py:84} INFO - Running: ['***', 'tasks', 'run', 'air_quality', 'Transform', 'scheduled__2023-12-04T04:00:00+00:00', '--job-id', '653', '--raw', '--subdir', 'DAGS_FOLDER/airQuality.py', '--cfg-path', '/tmp/tmp11dp79yi']
[2023-12-17T12:18:34.370+0000] {standard_task_runner.py:85} INFO - Job 653: Subtask Transform
[2023-12-17T12:18:34.546+0000] {logging_mixin.py:154} INFO - Changing /opt/***/logs/dag_id=air_quality/run_id=scheduled__2023-12-04T04:00:00+00:00/task_id=Transform permission to 509
[2023-12-17T12:18:34.547+0000] {logging_mixin.py:154} INFO - Failed to change /opt/***/logs/dag_id=air_quality/run_id=scheduled__2023-12-04T04:00:00+00:00/task_id=Transform permission to 509: [Errno 1] Operation not permitted: '/opt/***/logs/dag_id=air_quality/run_id=scheduled__2023-12-04T04:00:00+00:00/task_id=Transform'
[2023-12-17T12:18:34.550+0000] {task_command.py:416} INFO - Running <TaskInstance: air_quality.Transform scheduled__2023-12-04T04:00:00+00:00 [running]> on host 1a58977f5573
[2023-12-17T12:18:34.742+0000] {taskinstance.py:1662} INFO - Exporting env vars: AIRFLOW_CTX_DAG_OWNER='ghifari' AIRFLOW_CTX_DAG_ID='air_quality' AIRFLOW_CTX_TASK_ID='Transform' AIRFLOW_CTX_EXECUTION_DATE='2023-12-04T04:00:00+00:00' AIRFLOW_CTX_TRY_NUMBER='1' AIRFLOW_CTX_DAG_RUN_ID='scheduled__2023-12-04T04:00:00+00:00'
[2023-12-17T12:18:35.911+0000] {python.py:194} INFO - Done. Returned value was:       city country  unit  last_value       lat         lng
0  Jakarta      ID  pm25      -999.0 -6.182536  106.834236
[2023-12-17T12:18:35.970+0000] {taskinstance.py:1400} INFO - Marking task as SUCCESS. dag_id=air_quality, task_id=Transform, execution_date=20231204T040000, start_date=20231217T121834, end_date=20231217T121835
[2023-12-17T12:18:36.037+0000] {local_task_job_runner.py:228} INFO - Task exited with return code 0
[2023-12-17T12:18:36.085+0000] {taskinstance.py:2778} INFO - 1 downstream tasks scheduled from follow-on schedule check
[2023-12-28T16:51:40.856+0000] {logging_mixin.py:154} INFO - Changing /opt/***/logs/dag_id=air_quality/run_id=scheduled__2023-12-04T04:00:00+00:00/task_id=Transform permission to 509
[2023-12-28T16:51:40.890+0000] {logging_mixin.py:154} INFO - Failed to change /opt/***/logs/dag_id=air_quality/run_id=scheduled__2023-12-04T04:00:00+00:00/task_id=Transform permission to 509: [Errno 1] Operation not permitted: '/opt/***/logs/dag_id=air_quality/run_id=scheduled__2023-12-04T04:00:00+00:00/task_id=Transform'
[2023-12-28T16:51:41.071+0000] {logging_mixin.py:154} INFO - Changing /opt/***/logs/dag_id=air_quality/run_id=scheduled__2023-12-04T04:00:00+00:00/task_id=Transform permission to 509
[2023-12-28T16:51:41.074+0000] {logging_mixin.py:154} INFO - Failed to change /opt/***/logs/dag_id=air_quality/run_id=scheduled__2023-12-04T04:00:00+00:00/task_id=Transform permission to 509: [Errno 1] Operation not permitted: '/opt/***/logs/dag_id=air_quality/run_id=scheduled__2023-12-04T04:00:00+00:00/task_id=Transform'
[2023-12-28T16:51:41.282+0000] {taskinstance.py:1149} INFO - Dependencies not met for <TaskInstance: air_quality.Transform scheduled__2023-12-04T04:00:00+00:00 [None]>, dependency 'Trigger Rule' FAILED: Task's trigger rule 'all_success' requires all upstream tasks to have succeeded, but found 1 non-success(es). upstream_states=_UpstreamTIStates(success=0, skipped=0, failed=0, upstream_failed=0, removed=0, done=0, success_setup=0, skipped_setup=0), upstream_task_ids={'Check_Response'}
[2023-12-28T16:51:41.297+0000] {local_task_job_runner.py:154} INFO - Task is not able to be run
[2023-12-28T16:54:19.436+0000] {logging_mixin.py:154} INFO - Changing /opt/***/logs/dag_id=air_quality/run_id=scheduled__2023-12-04T04:00:00+00:00/task_id=Transform permission to 509
[2023-12-28T16:54:19.446+0000] {logging_mixin.py:154} INFO - Failed to change /opt/***/logs/dag_id=air_quality/run_id=scheduled__2023-12-04T04:00:00+00:00/task_id=Transform permission to 509: [Errno 1] Operation not permitted: '/opt/***/logs/dag_id=air_quality/run_id=scheduled__2023-12-04T04:00:00+00:00/task_id=Transform'
[2023-12-28T16:54:19.551+0000] {logging_mixin.py:154} INFO - Changing /opt/***/logs/dag_id=air_quality/run_id=scheduled__2023-12-04T04:00:00+00:00/task_id=Transform permission to 509
[2023-12-28T16:54:19.558+0000] {logging_mixin.py:154} INFO - Failed to change /opt/***/logs/dag_id=air_quality/run_id=scheduled__2023-12-04T04:00:00+00:00/task_id=Transform permission to 509: [Errno 1] Operation not permitted: '/opt/***/logs/dag_id=air_quality/run_id=scheduled__2023-12-04T04:00:00+00:00/task_id=Transform'
[2023-12-28T16:54:19.722+0000] {taskinstance.py:1159} INFO - Dependencies all met for dep_context=non-requeueable deps ti=<TaskInstance: air_quality.Transform scheduled__2023-12-04T04:00:00+00:00 [queued]>
[2023-12-28T16:54:19.770+0000] {taskinstance.py:1159} INFO - Dependencies all met for dep_context=requeueable deps ti=<TaskInstance: air_quality.Transform scheduled__2023-12-04T04:00:00+00:00 [queued]>
[2023-12-28T16:54:19.772+0000] {taskinstance.py:1361} INFO - Starting attempt 1 of 2
[2023-12-28T16:54:19.869+0000] {taskinstance.py:1382} INFO - Executing <Task(PythonOperator): Transform> on 2023-12-04 04:00:00+00:00
[2023-12-28T16:54:19.883+0000] {standard_task_runner.py:57} INFO - Started process 897 to run task
[2023-12-28T16:54:19.931+0000] {standard_task_runner.py:84} INFO - Running: ['***', 'tasks', 'run', 'air_quality', 'Transform', 'scheduled__2023-12-04T04:00:00+00:00', '--job-id', '1054', '--raw', '--subdir', 'DAGS_FOLDER/airQuality.py', '--cfg-path', '/tmp/tmpz_o468nt']
[2023-12-28T16:54:19.948+0000] {standard_task_runner.py:85} INFO - Job 1054: Subtask Transform
[2023-12-28T16:54:20.230+0000] {logging_mixin.py:154} INFO - Changing /opt/***/logs/dag_id=air_quality/run_id=scheduled__2023-12-04T04:00:00+00:00/task_id=Transform permission to 509
[2023-12-28T16:54:20.233+0000] {logging_mixin.py:154} INFO - Failed to change /opt/***/logs/dag_id=air_quality/run_id=scheduled__2023-12-04T04:00:00+00:00/task_id=Transform permission to 509: [Errno 1] Operation not permitted: '/opt/***/logs/dag_id=air_quality/run_id=scheduled__2023-12-04T04:00:00+00:00/task_id=Transform'
[2023-12-28T16:54:20.252+0000] {task_command.py:416} INFO - Running <TaskInstance: air_quality.Transform scheduled__2023-12-04T04:00:00+00:00 [running]> on host d67dd4682ccf
[2023-12-28T16:54:20.645+0000] {taskinstance.py:1662} INFO - Exporting env vars: AIRFLOW_CTX_DAG_OWNER='ghifari' AIRFLOW_CTX_DAG_ID='air_quality' AIRFLOW_CTX_TASK_ID='Transform' AIRFLOW_CTX_EXECUTION_DATE='2023-12-04T04:00:00+00:00' AIRFLOW_CTX_TRY_NUMBER='1' AIRFLOW_CTX_DAG_RUN_ID='scheduled__2023-12-04T04:00:00+00:00'
[2023-12-28T16:54:23.440+0000] {python.py:194} INFO - Done. Returned value was:       city country unit  last_value       lat         lng
0  Jakarta      ID   o3      -0.999 -6.182536  106.834236
[2023-12-28T16:54:23.620+0000] {taskinstance.py:1400} INFO - Marking task as SUCCESS. dag_id=air_quality, task_id=Transform, execution_date=20231204T040000, start_date=20231228T165419, end_date=20231228T165423
[2023-12-28T16:54:23.763+0000] {local_task_job_runner.py:228} INFO - Task exited with return code 0
[2023-12-28T16:54:23.866+0000] {taskinstance.py:2778} INFO - 1 downstream tasks scheduled from follow-on schedule check
