[2023-12-17T11:19:15.537+0000] {logging_mixin.py:154} INFO - Changing /opt/***/logs/dag_id=air_quality/run_id=scheduled__2023-12-13T04:00:00+00:00/task_id=CheckTable permission to 509
[2023-12-17T11:19:15.542+0000] {logging_mixin.py:154} INFO - Failed to change /opt/***/logs/dag_id=air_quality/run_id=scheduled__2023-12-13T04:00:00+00:00/task_id=CheckTable permission to 509: [Errno 1] Operation not permitted: '/opt/***/logs/dag_id=air_quality/run_id=scheduled__2023-12-13T04:00:00+00:00/task_id=CheckTable'
[2023-12-17T11:19:15.741+0000] {logging_mixin.py:154} INFO - Changing /opt/***/logs/dag_id=air_quality/run_id=scheduled__2023-12-13T04:00:00+00:00/task_id=CheckTable permission to 509
[2023-12-17T11:19:15.748+0000] {logging_mixin.py:154} INFO - Failed to change /opt/***/logs/dag_id=air_quality/run_id=scheduled__2023-12-13T04:00:00+00:00/task_id=CheckTable permission to 509: [Errno 1] Operation not permitted: '/opt/***/logs/dag_id=air_quality/run_id=scheduled__2023-12-13T04:00:00+00:00/task_id=CheckTable'
[2023-12-17T11:19:15.885+0000] {taskinstance.py:1159} INFO - Dependencies all met for dep_context=non-requeueable deps ti=<TaskInstance: air_quality.CheckTable scheduled__2023-12-13T04:00:00+00:00 [queued]>
[2023-12-17T11:19:15.922+0000] {taskinstance.py:1159} INFO - Dependencies all met for dep_context=requeueable deps ti=<TaskInstance: air_quality.CheckTable scheduled__2023-12-13T04:00:00+00:00 [queued]>
[2023-12-17T11:19:15.927+0000] {taskinstance.py:1361} INFO - Starting attempt 1 of 2
[2023-12-17T11:19:15.994+0000] {taskinstance.py:1382} INFO - Executing <Task(BranchPythonOperator): CheckTable> on 2023-12-13 04:00:00+00:00
[2023-12-17T11:19:16.001+0000] {standard_task_runner.py:57} INFO - Started process 2472 to run task
[2023-12-17T11:19:16.034+0000] {standard_task_runner.py:84} INFO - Running: ['***', 'tasks', 'run', 'air_quality', 'CheckTable', 'scheduled__2023-12-13T04:00:00+00:00', '--job-id', '421', '--raw', '--subdir', 'DAGS_FOLDER/airQuality.py', '--cfg-path', '/tmp/tmphgq2cmfe']
[2023-12-17T11:19:16.037+0000] {standard_task_runner.py:85} INFO - Job 421: Subtask CheckTable
[2023-12-17T11:19:16.212+0000] {logging_mixin.py:154} INFO - Changing /opt/***/logs/dag_id=air_quality/run_id=scheduled__2023-12-13T04:00:00+00:00/task_id=CheckTable permission to 509
[2023-12-17T11:19:16.213+0000] {logging_mixin.py:154} INFO - Failed to change /opt/***/logs/dag_id=air_quality/run_id=scheduled__2023-12-13T04:00:00+00:00/task_id=CheckTable permission to 509: [Errno 1] Operation not permitted: '/opt/***/logs/dag_id=air_quality/run_id=scheduled__2023-12-13T04:00:00+00:00/task_id=CheckTable'
[2023-12-17T11:19:16.217+0000] {task_command.py:416} INFO - Running <TaskInstance: air_quality.CheckTable scheduled__2023-12-13T04:00:00+00:00 [running]> on host 1a58977f5573
[2023-12-17T11:19:16.485+0000] {taskinstance.py:1662} INFO - Exporting env vars: AIRFLOW_CTX_DAG_OWNER='ghifari' AIRFLOW_CTX_DAG_ID='air_quality' AIRFLOW_CTX_TASK_ID='CheckTable' AIRFLOW_CTX_EXECUTION_DATE='2023-12-13T04:00:00+00:00' AIRFLOW_CTX_TRY_NUMBER='1' AIRFLOW_CTX_DAG_RUN_ID='scheduled__2023-12-13T04:00:00+00:00'
[2023-12-17T11:19:16.516+0000] {airQuality.py:204} INFO - Table Created: 
        CREATE TABLE air_quality (
            id serial primary key, 
            city varchar(250),
            country varchar(250), 
            unit varchar(20), 
            last_value float8, 
            lat float8,
            lng float8
        )
    
[2023-12-17T11:19:16.518+0000] {python.py:194} INFO - Done. Returned value was: Insert_Data
[2023-12-17T11:19:16.519+0000] {python.py:227} INFO - Branch callable return Insert_Data
[2023-12-17T11:19:16.520+0000] {skipmixin.py:173} INFO - Following branch Insert_Data
[2023-12-17T11:19:16.547+0000] {skipmixin.py:239} INFO - Skipping tasks []
[2023-12-17T11:19:16.699+0000] {taskinstance.py:1400} INFO - Marking task as SUCCESS. dag_id=air_quality, task_id=CheckTable, execution_date=20231213T040000, start_date=20231217T111915, end_date=20231217T111916
[2023-12-17T11:19:16.758+0000] {local_task_job_runner.py:228} INFO - Task exited with return code 0
[2023-12-17T11:19:16.836+0000] {taskinstance.py:2778} INFO - 1 downstream tasks scheduled from follow-on schedule check
[2023-12-17T12:18:24.460+0000] {logging_mixin.py:154} INFO - Changing /opt/***/logs/dag_id=air_quality/run_id=scheduled__2023-12-13T04:00:00+00:00/task_id=CheckTable permission to 509
[2023-12-17T12:18:24.472+0000] {logging_mixin.py:154} INFO - Failed to change /opt/***/logs/dag_id=air_quality/run_id=scheduled__2023-12-13T04:00:00+00:00/task_id=CheckTable permission to 509: [Errno 1] Operation not permitted: '/opt/***/logs/dag_id=air_quality/run_id=scheduled__2023-12-13T04:00:00+00:00/task_id=CheckTable'
[2023-12-17T12:18:24.698+0000] {logging_mixin.py:154} INFO - Changing /opt/***/logs/dag_id=air_quality/run_id=scheduled__2023-12-13T04:00:00+00:00/task_id=CheckTable permission to 509
[2023-12-17T12:18:24.702+0000] {logging_mixin.py:154} INFO - Failed to change /opt/***/logs/dag_id=air_quality/run_id=scheduled__2023-12-13T04:00:00+00:00/task_id=CheckTable permission to 509: [Errno 1] Operation not permitted: '/opt/***/logs/dag_id=air_quality/run_id=scheduled__2023-12-13T04:00:00+00:00/task_id=CheckTable'
[2023-12-17T12:18:24.905+0000] {taskinstance.py:1159} INFO - Dependencies all met for dep_context=non-requeueable deps ti=<TaskInstance: air_quality.CheckTable scheduled__2023-12-13T04:00:00+00:00 [queued]>
[2023-12-17T12:18:24.956+0000] {taskinstance.py:1159} INFO - Dependencies all met for dep_context=requeueable deps ti=<TaskInstance: air_quality.CheckTable scheduled__2023-12-13T04:00:00+00:00 [queued]>
[2023-12-17T12:18:24.973+0000] {taskinstance.py:1361} INFO - Starting attempt 1 of 2
[2023-12-17T12:18:25.069+0000] {taskinstance.py:1382} INFO - Executing <Task(BranchPythonOperator): CheckTable> on 2023-12-13 04:00:00+00:00
[2023-12-17T12:18:25.100+0000] {standard_task_runner.py:57} INFO - Started process 4190 to run task
[2023-12-17T12:18:25.111+0000] {standard_task_runner.py:84} INFO - Running: ['***', 'tasks', 'run', 'air_quality', 'CheckTable', 'scheduled__2023-12-13T04:00:00+00:00', '--job-id', '631', '--raw', '--subdir', 'DAGS_FOLDER/airQuality.py', '--cfg-path', '/tmp/tmp441n_09w']
[2023-12-17T12:18:25.114+0000] {standard_task_runner.py:85} INFO - Job 631: Subtask CheckTable
[2023-12-17T12:18:25.362+0000] {logging_mixin.py:154} INFO - Changing /opt/***/logs/dag_id=air_quality/run_id=scheduled__2023-12-13T04:00:00+00:00/task_id=CheckTable permission to 509
[2023-12-17T12:18:25.368+0000] {logging_mixin.py:154} INFO - Failed to change /opt/***/logs/dag_id=air_quality/run_id=scheduled__2023-12-13T04:00:00+00:00/task_id=CheckTable permission to 509: [Errno 1] Operation not permitted: '/opt/***/logs/dag_id=air_quality/run_id=scheduled__2023-12-13T04:00:00+00:00/task_id=CheckTable'
[2023-12-17T12:18:25.373+0000] {task_command.py:416} INFO - Running <TaskInstance: air_quality.CheckTable scheduled__2023-12-13T04:00:00+00:00 [running]> on host 1a58977f5573
[2023-12-17T12:18:25.600+0000] {taskinstance.py:1662} INFO - Exporting env vars: AIRFLOW_CTX_DAG_OWNER='ghifari' AIRFLOW_CTX_DAG_ID='air_quality' AIRFLOW_CTX_TASK_ID='CheckTable' AIRFLOW_CTX_EXECUTION_DATE='2023-12-13T04:00:00+00:00' AIRFLOW_CTX_TRY_NUMBER='1' AIRFLOW_CTX_DAG_RUN_ID='scheduled__2023-12-13T04:00:00+00:00'
[2023-12-17T12:18:25.682+0000] {airQuality.py:205} INFO - Table Created: 
        CREATE TABLE air_quality (
            id serial primary key, 
            city varchar(250),
            country varchar(250), 
            unit varchar(20), 
            last_value float8, 
            lat float8,
            lng float8
        )
    
[2023-12-17T12:18:25.685+0000] {python.py:194} INFO - Done. Returned value was: Insert_Data
[2023-12-17T12:18:25.690+0000] {python.py:227} INFO - Branch callable return Insert_Data
[2023-12-17T12:18:25.691+0000] {skipmixin.py:173} INFO - Following branch Insert_Data
[2023-12-17T12:18:25.717+0000] {skipmixin.py:239} INFO - Skipping tasks []
[2023-12-17T12:18:25.925+0000] {taskinstance.py:1400} INFO - Marking task as SUCCESS. dag_id=air_quality, task_id=CheckTable, execution_date=20231213T040000, start_date=20231217T121824, end_date=20231217T121825
[2023-12-17T12:18:26.004+0000] {local_task_job_runner.py:228} INFO - Task exited with return code 0
[2023-12-17T12:18:26.090+0000] {taskinstance.py:2778} INFO - 1 downstream tasks scheduled from follow-on schedule check
[2023-12-17T12:18:57.985+0000] {logging_mixin.py:154} INFO - Changing /opt/***/logs/dag_id=air_quality/run_id=scheduled__2023-12-13T04:00:00+00:00/task_id=CheckTable permission to 509
[2023-12-17T12:18:57.988+0000] {logging_mixin.py:154} INFO - Failed to change /opt/***/logs/dag_id=air_quality/run_id=scheduled__2023-12-13T04:00:00+00:00/task_id=CheckTable permission to 509: [Errno 1] Operation not permitted: '/opt/***/logs/dag_id=air_quality/run_id=scheduled__2023-12-13T04:00:00+00:00/task_id=CheckTable'
[2023-12-17T12:18:58.054+0000] {logging_mixin.py:154} INFO - Changing /opt/***/logs/dag_id=air_quality/run_id=scheduled__2023-12-13T04:00:00+00:00/task_id=CheckTable permission to 509
[2023-12-17T12:18:58.055+0000] {logging_mixin.py:154} INFO - Failed to change /opt/***/logs/dag_id=air_quality/run_id=scheduled__2023-12-13T04:00:00+00:00/task_id=CheckTable permission to 509: [Errno 1] Operation not permitted: '/opt/***/logs/dag_id=air_quality/run_id=scheduled__2023-12-13T04:00:00+00:00/task_id=CheckTable'
[2023-12-17T12:18:58.125+0000] {taskinstance.py:1159} INFO - Dependencies all met for dep_context=non-requeueable deps ti=<TaskInstance: air_quality.CheckTable scheduled__2023-12-13T04:00:00+00:00 [queued]>
[2023-12-17T12:18:58.149+0000] {taskinstance.py:1159} INFO - Dependencies all met for dep_context=requeueable deps ti=<TaskInstance: air_quality.CheckTable scheduled__2023-12-13T04:00:00+00:00 [queued]>
[2023-12-17T12:18:58.150+0000] {taskinstance.py:1361} INFO - Starting attempt 1 of 2
[2023-12-17T12:18:58.174+0000] {taskinstance.py:1382} INFO - Executing <Task(BranchPythonOperator): CheckTable> on 2023-12-13 04:00:00+00:00
[2023-12-17T12:18:58.185+0000] {standard_task_runner.py:57} INFO - Started process 4498 to run task
[2023-12-17T12:18:58.189+0000] {standard_task_runner.py:84} INFO - Running: ['***', 'tasks', 'run', 'air_quality', 'CheckTable', 'scheduled__2023-12-13T04:00:00+00:00', '--job-id', '694', '--raw', '--subdir', 'DAGS_FOLDER/airQuality.py', '--cfg-path', '/tmp/tmpfapmu21u']
[2023-12-17T12:18:58.191+0000] {standard_task_runner.py:85} INFO - Job 694: Subtask CheckTable
[2023-12-17T12:18:58.285+0000] {logging_mixin.py:154} INFO - Changing /opt/***/logs/dag_id=air_quality/run_id=scheduled__2023-12-13T04:00:00+00:00/task_id=CheckTable permission to 509
[2023-12-17T12:18:58.286+0000] {logging_mixin.py:154} INFO - Failed to change /opt/***/logs/dag_id=air_quality/run_id=scheduled__2023-12-13T04:00:00+00:00/task_id=CheckTable permission to 509: [Errno 1] Operation not permitted: '/opt/***/logs/dag_id=air_quality/run_id=scheduled__2023-12-13T04:00:00+00:00/task_id=CheckTable'
[2023-12-17T12:18:58.289+0000] {task_command.py:416} INFO - Running <TaskInstance: air_quality.CheckTable scheduled__2023-12-13T04:00:00+00:00 [running]> on host 1a58977f5573
[2023-12-17T12:18:58.452+0000] {taskinstance.py:1662} INFO - Exporting env vars: AIRFLOW_CTX_DAG_OWNER='ghifari' AIRFLOW_CTX_DAG_ID='air_quality' AIRFLOW_CTX_TASK_ID='CheckTable' AIRFLOW_CTX_EXECUTION_DATE='2023-12-13T04:00:00+00:00' AIRFLOW_CTX_TRY_NUMBER='1' AIRFLOW_CTX_DAG_RUN_ID='scheduled__2023-12-13T04:00:00+00:00'
[2023-12-17T12:18:58.480+0000] {airQuality.py:205} INFO - Table Created: 
        CREATE TABLE air_quality (
            id serial primary key, 
            city varchar(250),
            country varchar(250), 
            unit varchar(20), 
            last_value float8, 
            lat float8,
            lng float8
        )
    
[2023-12-17T12:18:58.482+0000] {python.py:194} INFO - Done. Returned value was: Insert_Data
[2023-12-17T12:18:58.484+0000] {python.py:227} INFO - Branch callable return Insert_Data
[2023-12-17T12:18:58.489+0000] {skipmixin.py:173} INFO - Following branch Insert_Data
[2023-12-17T12:18:58.505+0000] {skipmixin.py:239} INFO - Skipping tasks []
[2023-12-17T12:18:58.595+0000] {taskinstance.py:1400} INFO - Marking task as SUCCESS. dag_id=air_quality, task_id=CheckTable, execution_date=20231213T040000, start_date=20231217T121858, end_date=20231217T121858
[2023-12-17T12:18:58.648+0000] {local_task_job_runner.py:228} INFO - Task exited with return code 0
[2023-12-17T12:18:58.711+0000] {taskinstance.py:2778} INFO - 1 downstream tasks scheduled from follow-on schedule check
[2023-12-28T16:52:07.573+0000] {logging_mixin.py:154} INFO - Changing /opt/***/logs/dag_id=air_quality/run_id=scheduled__2023-12-13T04:00:00+00:00/task_id=CheckTable permission to 509
[2023-12-28T16:52:07.577+0000] {logging_mixin.py:154} INFO - Failed to change /opt/***/logs/dag_id=air_quality/run_id=scheduled__2023-12-13T04:00:00+00:00/task_id=CheckTable permission to 509: [Errno 1] Operation not permitted: '/opt/***/logs/dag_id=air_quality/run_id=scheduled__2023-12-13T04:00:00+00:00/task_id=CheckTable'
[2023-12-28T16:52:07.823+0000] {logging_mixin.py:154} INFO - Changing /opt/***/logs/dag_id=air_quality/run_id=scheduled__2023-12-13T04:00:00+00:00/task_id=CheckTable permission to 509
[2023-12-28T16:52:07.825+0000] {logging_mixin.py:154} INFO - Failed to change /opt/***/logs/dag_id=air_quality/run_id=scheduled__2023-12-13T04:00:00+00:00/task_id=CheckTable permission to 509: [Errno 1] Operation not permitted: '/opt/***/logs/dag_id=air_quality/run_id=scheduled__2023-12-13T04:00:00+00:00/task_id=CheckTable'
[2023-12-28T16:52:07.974+0000] {taskinstance.py:1159} INFO - Dependencies all met for dep_context=non-requeueable deps ti=<TaskInstance: air_quality.CheckTable scheduled__2023-12-13T04:00:00+00:00 [queued]>
[2023-12-28T16:52:08.108+0000] {taskinstance.py:1159} INFO - Dependencies all met for dep_context=requeueable deps ti=<TaskInstance: air_quality.CheckTable scheduled__2023-12-13T04:00:00+00:00 [queued]>
[2023-12-28T16:52:08.121+0000] {taskinstance.py:1361} INFO - Starting attempt 1 of 2
[2023-12-28T16:52:08.203+0000] {taskinstance.py:1382} INFO - Executing <Task(BranchPythonOperator): CheckTable> on 2023-12-13 04:00:00+00:00
[2023-12-28T16:52:08.241+0000] {standard_task_runner.py:57} INFO - Started process 331 to run task
[2023-12-28T16:52:08.273+0000] {standard_task_runner.py:84} INFO - Running: ['***', 'tasks', 'run', 'air_quality', 'CheckTable', 'scheduled__2023-12-13T04:00:00+00:00', '--job-id', '907', '--raw', '--subdir', 'DAGS_FOLDER/airQuality.py', '--cfg-path', '/tmp/tmp_lbv0p5t']
[2023-12-28T16:52:08.280+0000] {standard_task_runner.py:85} INFO - Job 907: Subtask CheckTable
[2023-12-28T16:52:08.663+0000] {logging_mixin.py:154} INFO - Changing /opt/***/logs/dag_id=air_quality/run_id=scheduled__2023-12-13T04:00:00+00:00/task_id=CheckTable permission to 509
[2023-12-28T16:52:08.664+0000] {logging_mixin.py:154} INFO - Failed to change /opt/***/logs/dag_id=air_quality/run_id=scheduled__2023-12-13T04:00:00+00:00/task_id=CheckTable permission to 509: [Errno 1] Operation not permitted: '/opt/***/logs/dag_id=air_quality/run_id=scheduled__2023-12-13T04:00:00+00:00/task_id=CheckTable'
[2023-12-28T16:52:08.672+0000] {task_command.py:416} INFO - Running <TaskInstance: air_quality.CheckTable scheduled__2023-12-13T04:00:00+00:00 [running]> on host d67dd4682ccf
[2023-12-28T16:52:09.090+0000] {taskinstance.py:1662} INFO - Exporting env vars: AIRFLOW_CTX_DAG_OWNER='ghifari' AIRFLOW_CTX_DAG_ID='air_quality' AIRFLOW_CTX_TASK_ID='CheckTable' AIRFLOW_CTX_EXECUTION_DATE='2023-12-13T04:00:00+00:00' AIRFLOW_CTX_TRY_NUMBER='1' AIRFLOW_CTX_DAG_RUN_ID='scheduled__2023-12-13T04:00:00+00:00'
[2023-12-28T16:52:09.162+0000] {airQuality.py:183} INFO - Table Created: 
        CREATE TABLE air_quality (
            id serial primary key, 
            city varchar(250),
            country varchar(250), 
            unit varchar(20), 
            last_value float8, 
            lat float8,
            lng float8
        )
    
[2023-12-28T16:52:09.170+0000] {python.py:194} INFO - Done. Returned value was: Insert_Data
[2023-12-28T16:52:09.174+0000] {python.py:227} INFO - Branch callable return Insert_Data
[2023-12-28T16:52:09.175+0000] {skipmixin.py:173} INFO - Following branch Insert_Data
[2023-12-28T16:52:09.264+0000] {skipmixin.py:239} INFO - Skipping tasks []
[2023-12-28T16:52:09.488+0000] {taskinstance.py:1400} INFO - Marking task as SUCCESS. dag_id=air_quality, task_id=CheckTable, execution_date=20231213T040000, start_date=20231228T165207, end_date=20231228T165209
[2023-12-28T16:52:09.673+0000] {local_task_job_runner.py:228} INFO - Task exited with return code 0
[2023-12-28T16:52:09.799+0000] {taskinstance.py:2778} INFO - 1 downstream tasks scheduled from follow-on schedule check
[2023-12-28T16:55:12.325+0000] {logging_mixin.py:154} INFO - Changing /opt/***/logs/dag_id=air_quality/run_id=scheduled__2023-12-13T04:00:00+00:00/task_id=CheckTable permission to 509
[2023-12-28T16:55:12.329+0000] {logging_mixin.py:154} INFO - Failed to change /opt/***/logs/dag_id=air_quality/run_id=scheduled__2023-12-13T04:00:00+00:00/task_id=CheckTable permission to 509: [Errno 1] Operation not permitted: '/opt/***/logs/dag_id=air_quality/run_id=scheduled__2023-12-13T04:00:00+00:00/task_id=CheckTable'
[2023-12-28T16:55:12.503+0000] {logging_mixin.py:154} INFO - Changing /opt/***/logs/dag_id=air_quality/run_id=scheduled__2023-12-13T04:00:00+00:00/task_id=CheckTable permission to 509
[2023-12-28T16:55:12.519+0000] {logging_mixin.py:154} INFO - Failed to change /opt/***/logs/dag_id=air_quality/run_id=scheduled__2023-12-13T04:00:00+00:00/task_id=CheckTable permission to 509: [Errno 1] Operation not permitted: '/opt/***/logs/dag_id=air_quality/run_id=scheduled__2023-12-13T04:00:00+00:00/task_id=CheckTable'
[2023-12-28T16:55:12.632+0000] {taskinstance.py:1159} INFO - Dependencies all met for dep_context=non-requeueable deps ti=<TaskInstance: air_quality.CheckTable scheduled__2023-12-13T04:00:00+00:00 [queued]>
[2023-12-28T16:55:12.657+0000] {taskinstance.py:1159} INFO - Dependencies all met for dep_context=requeueable deps ti=<TaskInstance: air_quality.CheckTable scheduled__2023-12-13T04:00:00+00:00 [queued]>
[2023-12-28T16:55:12.658+0000] {taskinstance.py:1361} INFO - Starting attempt 1 of 2
[2023-12-28T16:55:12.906+0000] {taskinstance.py:1382} INFO - Executing <Task(BranchPythonOperator): CheckTable> on 2023-12-13 04:00:00+00:00
[2023-12-28T16:55:12.929+0000] {standard_task_runner.py:57} INFO - Started process 1324 to run task
[2023-12-28T16:55:12.937+0000] {standard_task_runner.py:84} INFO - Running: ['***', 'tasks', 'run', 'air_quality', 'CheckTable', 'scheduled__2023-12-13T04:00:00+00:00', '--job-id', '1158', '--raw', '--subdir', 'DAGS_FOLDER/airQuality.py', '--cfg-path', '/tmp/tmpfyzzu_qk']
[2023-12-28T16:55:12.958+0000] {standard_task_runner.py:85} INFO - Job 1158: Subtask CheckTable
[2023-12-28T16:55:13.341+0000] {logging_mixin.py:154} INFO - Changing /opt/***/logs/dag_id=air_quality/run_id=scheduled__2023-12-13T04:00:00+00:00/task_id=CheckTable permission to 509
[2023-12-28T16:55:13.342+0000] {logging_mixin.py:154} INFO - Failed to change /opt/***/logs/dag_id=air_quality/run_id=scheduled__2023-12-13T04:00:00+00:00/task_id=CheckTable permission to 509: [Errno 1] Operation not permitted: '/opt/***/logs/dag_id=air_quality/run_id=scheduled__2023-12-13T04:00:00+00:00/task_id=CheckTable'
[2023-12-28T16:55:13.366+0000] {task_command.py:416} INFO - Running <TaskInstance: air_quality.CheckTable scheduled__2023-12-13T04:00:00+00:00 [running]> on host d67dd4682ccf
[2023-12-28T16:55:13.721+0000] {taskinstance.py:1662} INFO - Exporting env vars: AIRFLOW_CTX_DAG_OWNER='ghifari' AIRFLOW_CTX_DAG_ID='air_quality' AIRFLOW_CTX_TASK_ID='CheckTable' AIRFLOW_CTX_EXECUTION_DATE='2023-12-13T04:00:00+00:00' AIRFLOW_CTX_TRY_NUMBER='1' AIRFLOW_CTX_DAG_RUN_ID='scheduled__2023-12-13T04:00:00+00:00'
[2023-12-28T16:55:13.784+0000] {airQuality.py:183} INFO - Table Created: 
        CREATE TABLE air_quality (
            id serial primary key, 
            city varchar(250),
            country varchar(250), 
            unit varchar(20), 
            last_value float8, 
            lat float8,
            lng float8
        )
    
[2023-12-28T16:55:13.797+0000] {python.py:194} INFO - Done. Returned value was: Insert_Data
[2023-12-28T16:55:13.802+0000] {python.py:227} INFO - Branch callable return Insert_Data
[2023-12-28T16:55:13.811+0000] {skipmixin.py:173} INFO - Following branch Insert_Data
[2023-12-28T16:55:13.845+0000] {skipmixin.py:239} INFO - Skipping tasks []
[2023-12-28T16:55:13.959+0000] {taskinstance.py:1400} INFO - Marking task as SUCCESS. dag_id=air_quality, task_id=CheckTable, execution_date=20231213T040000, start_date=20231228T165512, end_date=20231228T165513
[2023-12-28T16:55:14.103+0000] {local_task_job_runner.py:228} INFO - Task exited with return code 0
[2023-12-28T16:55:14.368+0000] {taskinstance.py:2778} INFO - 1 downstream tasks scheduled from follow-on schedule check
