[2023-12-17T11:18:51.652+0000] {logging_mixin.py:154} INFO - Changing /opt/***/logs/dag_id=air_quality/run_id=scheduled__2023-12-03T04:00:00+00:00/task_id=Insert_Data permission to 509
[2023-12-17T11:18:51.661+0000] {logging_mixin.py:154} INFO - Failed to change /opt/***/logs/dag_id=air_quality/run_id=scheduled__2023-12-03T04:00:00+00:00/task_id=Insert_Data permission to 509: [Errno 1] Operation not permitted: '/opt/***/logs/dag_id=air_quality/run_id=scheduled__2023-12-03T04:00:00+00:00/task_id=Insert_Data'
[2023-12-17T11:18:51.848+0000] {logging_mixin.py:154} INFO - Changing /opt/***/logs/dag_id=air_quality/run_id=scheduled__2023-12-03T04:00:00+00:00/task_id=Insert_Data permission to 509
[2023-12-17T11:18:51.849+0000] {logging_mixin.py:154} INFO - Failed to change /opt/***/logs/dag_id=air_quality/run_id=scheduled__2023-12-03T04:00:00+00:00/task_id=Insert_Data permission to 509: [Errno 1] Operation not permitted: '/opt/***/logs/dag_id=air_quality/run_id=scheduled__2023-12-03T04:00:00+00:00/task_id=Insert_Data'
[2023-12-17T11:18:52.009+0000] {taskinstance.py:1159} INFO - Dependencies all met for dep_context=non-requeueable deps ti=<TaskInstance: air_quality.Insert_Data scheduled__2023-12-03T04:00:00+00:00 [queued]>
[2023-12-17T11:18:52.050+0000] {taskinstance.py:1159} INFO - Dependencies all met for dep_context=requeueable deps ti=<TaskInstance: air_quality.Insert_Data scheduled__2023-12-03T04:00:00+00:00 [queued]>
[2023-12-17T11:18:52.052+0000] {taskinstance.py:1361} INFO - Starting attempt 1 of 2
[2023-12-17T11:18:52.139+0000] {taskinstance.py:1382} INFO - Executing <Task(PythonOperator): Insert_Data> on 2023-12-03 04:00:00+00:00
[2023-12-17T11:18:52.153+0000] {standard_task_runner.py:57} INFO - Started process 2241 to run task
[2023-12-17T11:18:52.163+0000] {standard_task_runner.py:84} INFO - Running: ['***', 'tasks', 'run', 'air_quality', 'Insert_Data', 'scheduled__2023-12-03T04:00:00+00:00', '--job-id', '373', '--raw', '--subdir', 'DAGS_FOLDER/airQuality.py', '--cfg-path', '/tmp/tmp34ukzjow']
[2023-12-17T11:18:52.171+0000] {standard_task_runner.py:85} INFO - Job 373: Subtask Insert_Data
[2023-12-17T11:18:52.403+0000] {logging_mixin.py:154} INFO - Changing /opt/***/logs/dag_id=air_quality/run_id=scheduled__2023-12-03T04:00:00+00:00/task_id=Insert_Data permission to 509
[2023-12-17T11:18:52.408+0000] {logging_mixin.py:154} INFO - Failed to change /opt/***/logs/dag_id=air_quality/run_id=scheduled__2023-12-03T04:00:00+00:00/task_id=Insert_Data permission to 509: [Errno 1] Operation not permitted: '/opt/***/logs/dag_id=air_quality/run_id=scheduled__2023-12-03T04:00:00+00:00/task_id=Insert_Data'
[2023-12-17T11:18:52.442+0000] {task_command.py:416} INFO - Running <TaskInstance: air_quality.Insert_Data scheduled__2023-12-03T04:00:00+00:00 [running]> on host 1a58977f5573
[2023-12-17T11:18:52.872+0000] {taskinstance.py:1662} INFO - Exporting env vars: AIRFLOW_CTX_DAG_OWNER='ghifari' AIRFLOW_CTX_DAG_ID='air_quality' AIRFLOW_CTX_TASK_ID='Insert_Data' AIRFLOW_CTX_EXECUTION_DATE='2023-12-03T04:00:00+00:00' AIRFLOW_CTX_TRY_NUMBER='1' AIRFLOW_CTX_DAG_RUN_ID='scheduled__2023-12-03T04:00:00+00:00'
[2023-12-17T11:18:54.387+0000] {logging_mixin.py:154} INFO - city           object
country        object
unit           object
last_value    float64
lat           float64
lng           float64
dtype: object
[2023-12-17T11:18:54.410+0000] {base.py:73} INFO - Using connection ID 'neonServerDB-Postgres' for task execution.
[2023-12-17T11:18:57.229+0000] {python.py:194} INFO - Done. Returned value was: None
[2023-12-17T11:18:57.241+0000] {taskinstance.py:1400} INFO - Marking task as SUCCESS. dag_id=air_quality, task_id=Insert_Data, execution_date=20231203T040000, start_date=20231217T111852, end_date=20231217T111857
[2023-12-17T11:18:57.366+0000] {local_task_job_runner.py:228} INFO - Task exited with return code 0
[2023-12-17T11:18:57.396+0000] {taskinstance.py:2778} INFO - 0 downstream tasks scheduled from follow-on schedule check
[2023-12-17T12:18:19.874+0000] {logging_mixin.py:154} INFO - Changing /opt/***/logs/dag_id=air_quality/run_id=scheduled__2023-12-03T04:00:00+00:00/task_id=Insert_Data permission to 509
[2023-12-17T12:18:19.877+0000] {logging_mixin.py:154} INFO - Failed to change /opt/***/logs/dag_id=air_quality/run_id=scheduled__2023-12-03T04:00:00+00:00/task_id=Insert_Data permission to 509: [Errno 1] Operation not permitted: '/opt/***/logs/dag_id=air_quality/run_id=scheduled__2023-12-03T04:00:00+00:00/task_id=Insert_Data'
[2023-12-17T12:18:19.992+0000] {logging_mixin.py:154} INFO - Changing /opt/***/logs/dag_id=air_quality/run_id=scheduled__2023-12-03T04:00:00+00:00/task_id=Insert_Data permission to 509
[2023-12-17T12:18:19.993+0000] {logging_mixin.py:154} INFO - Failed to change /opt/***/logs/dag_id=air_quality/run_id=scheduled__2023-12-03T04:00:00+00:00/task_id=Insert_Data permission to 509: [Errno 1] Operation not permitted: '/opt/***/logs/dag_id=air_quality/run_id=scheduled__2023-12-03T04:00:00+00:00/task_id=Insert_Data'
[2023-12-17T12:18:20.114+0000] {taskinstance.py:1159} INFO - Dependencies all met for dep_context=non-requeueable deps ti=<TaskInstance: air_quality.Insert_Data scheduled__2023-12-03T04:00:00+00:00 [queued]>
[2023-12-17T12:18:20.161+0000] {taskinstance.py:1159} INFO - Dependencies all met for dep_context=requeueable deps ti=<TaskInstance: air_quality.Insert_Data scheduled__2023-12-03T04:00:00+00:00 [queued]>
[2023-12-17T12:18:20.163+0000] {taskinstance.py:1361} INFO - Starting attempt 1 of 2
[2023-12-17T12:18:20.208+0000] {taskinstance.py:1382} INFO - Executing <Task(PythonOperator): Insert_Data> on 2023-12-03 04:00:00+00:00
[2023-12-17T12:18:20.218+0000] {standard_task_runner.py:57} INFO - Started process 4155 to run task
[2023-12-17T12:18:20.225+0000] {standard_task_runner.py:84} INFO - Running: ['***', 'tasks', 'run', 'air_quality', 'Insert_Data', 'scheduled__2023-12-03T04:00:00+00:00', '--job-id', '619', '--raw', '--subdir', 'DAGS_FOLDER/airQuality.py', '--cfg-path', '/tmp/tmphs5ur6o2']
[2023-12-17T12:18:20.237+0000] {standard_task_runner.py:85} INFO - Job 619: Subtask Insert_Data
[2023-12-17T12:18:20.381+0000] {logging_mixin.py:154} INFO - Changing /opt/***/logs/dag_id=air_quality/run_id=scheduled__2023-12-03T04:00:00+00:00/task_id=Insert_Data permission to 509
[2023-12-17T12:18:20.382+0000] {logging_mixin.py:154} INFO - Failed to change /opt/***/logs/dag_id=air_quality/run_id=scheduled__2023-12-03T04:00:00+00:00/task_id=Insert_Data permission to 509: [Errno 1] Operation not permitted: '/opt/***/logs/dag_id=air_quality/run_id=scheduled__2023-12-03T04:00:00+00:00/task_id=Insert_Data'
[2023-12-17T12:18:20.386+0000] {task_command.py:416} INFO - Running <TaskInstance: air_quality.Insert_Data scheduled__2023-12-03T04:00:00+00:00 [running]> on host 1a58977f5573
[2023-12-17T12:18:20.613+0000] {taskinstance.py:1662} INFO - Exporting env vars: AIRFLOW_CTX_DAG_OWNER='ghifari' AIRFLOW_CTX_DAG_ID='air_quality' AIRFLOW_CTX_TASK_ID='Insert_Data' AIRFLOW_CTX_EXECUTION_DATE='2023-12-03T04:00:00+00:00' AIRFLOW_CTX_TRY_NUMBER='1' AIRFLOW_CTX_DAG_RUN_ID='scheduled__2023-12-03T04:00:00+00:00'
[2023-12-17T12:18:22.050+0000] {logging_mixin.py:154} INFO - city           object
country        object
unit           object
last_value    float64
lat           float64
lng           float64
dtype: object
[2023-12-17T12:18:22.072+0000] {base.py:73} INFO - Using connection ID 'neonServerDB-Postgres' for task execution.
[2023-12-17T12:18:22.562+0000] {python.py:194} INFO - Done. Returned value was: None
[2023-12-17T12:18:22.598+0000] {taskinstance.py:1400} INFO - Marking task as SUCCESS. dag_id=air_quality, task_id=Insert_Data, execution_date=20231203T040000, start_date=20231217T121820, end_date=20231217T121822
[2023-12-17T12:18:22.727+0000] {local_task_job_runner.py:228} INFO - Task exited with return code 0
[2023-12-17T12:18:22.825+0000] {taskinstance.py:2778} INFO - 0 downstream tasks scheduled from follow-on schedule check
[2023-12-28T16:54:34.739+0000] {logging_mixin.py:154} INFO - Changing /opt/***/logs/dag_id=air_quality/run_id=scheduled__2023-12-03T04:00:00+00:00/task_id=Insert_Data permission to 509
[2023-12-28T16:54:34.751+0000] {logging_mixin.py:154} INFO - Failed to change /opt/***/logs/dag_id=air_quality/run_id=scheduled__2023-12-03T04:00:00+00:00/task_id=Insert_Data permission to 509: [Errno 1] Operation not permitted: '/opt/***/logs/dag_id=air_quality/run_id=scheduled__2023-12-03T04:00:00+00:00/task_id=Insert_Data'
[2023-12-28T16:54:34.967+0000] {logging_mixin.py:154} INFO - Changing /opt/***/logs/dag_id=air_quality/run_id=scheduled__2023-12-03T04:00:00+00:00/task_id=Insert_Data permission to 509
[2023-12-28T16:54:34.968+0000] {logging_mixin.py:154} INFO - Failed to change /opt/***/logs/dag_id=air_quality/run_id=scheduled__2023-12-03T04:00:00+00:00/task_id=Insert_Data permission to 509: [Errno 1] Operation not permitted: '/opt/***/logs/dag_id=air_quality/run_id=scheduled__2023-12-03T04:00:00+00:00/task_id=Insert_Data'
[2023-12-28T16:54:35.203+0000] {taskinstance.py:1159} INFO - Dependencies all met for dep_context=non-requeueable deps ti=<TaskInstance: air_quality.Insert_Data scheduled__2023-12-03T04:00:00+00:00 [queued]>
[2023-12-28T16:54:35.306+0000] {taskinstance.py:1159} INFO - Dependencies all met for dep_context=requeueable deps ti=<TaskInstance: air_quality.Insert_Data scheduled__2023-12-03T04:00:00+00:00 [queued]>
[2023-12-28T16:54:35.316+0000] {taskinstance.py:1361} INFO - Starting attempt 1 of 2
[2023-12-28T16:54:35.424+0000] {taskinstance.py:1382} INFO - Executing <Task(PythonOperator): Insert_Data> on 2023-12-03 04:00:00+00:00
[2023-12-28T16:54:35.443+0000] {standard_task_runner.py:57} INFO - Started process 1046 to run task
[2023-12-28T16:54:35.466+0000] {standard_task_runner.py:84} INFO - Running: ['***', 'tasks', 'run', 'air_quality', 'Insert_Data', 'scheduled__2023-12-03T04:00:00+00:00', '--job-id', '1088', '--raw', '--subdir', 'DAGS_FOLDER/airQuality.py', '--cfg-path', '/tmp/tmpb09xvo52']
[2023-12-28T16:54:35.476+0000] {standard_task_runner.py:85} INFO - Job 1088: Subtask Insert_Data
[2023-12-28T16:54:35.771+0000] {logging_mixin.py:154} INFO - Changing /opt/***/logs/dag_id=air_quality/run_id=scheduled__2023-12-03T04:00:00+00:00/task_id=Insert_Data permission to 509
[2023-12-28T16:54:35.778+0000] {logging_mixin.py:154} INFO - Failed to change /opt/***/logs/dag_id=air_quality/run_id=scheduled__2023-12-03T04:00:00+00:00/task_id=Insert_Data permission to 509: [Errno 1] Operation not permitted: '/opt/***/logs/dag_id=air_quality/run_id=scheduled__2023-12-03T04:00:00+00:00/task_id=Insert_Data'
[2023-12-28T16:54:35.782+0000] {task_command.py:416} INFO - Running <TaskInstance: air_quality.Insert_Data scheduled__2023-12-03T04:00:00+00:00 [running]> on host d67dd4682ccf
[2023-12-28T16:54:36.159+0000] {taskinstance.py:1662} INFO - Exporting env vars: AIRFLOW_CTX_DAG_OWNER='ghifari' AIRFLOW_CTX_DAG_ID='air_quality' AIRFLOW_CTX_TASK_ID='Insert_Data' AIRFLOW_CTX_EXECUTION_DATE='2023-12-03T04:00:00+00:00' AIRFLOW_CTX_TRY_NUMBER='1' AIRFLOW_CTX_DAG_RUN_ID='scheduled__2023-12-03T04:00:00+00:00'
[2023-12-28T16:54:37.887+0000] {logging_mixin.py:154} INFO - city           object
country        object
unit           object
last_value    float64
lat           float64
lng           float64
dtype: object
[2023-12-28T16:54:37.922+0000] {base.py:73} INFO - Using connection ID 'neonServerDB-Postgres' for task execution.
[2023-12-28T16:54:38.873+0000] {python.py:194} INFO - Done. Returned value was: None
[2023-12-28T16:54:38.895+0000] {taskinstance.py:1400} INFO - Marking task as SUCCESS. dag_id=air_quality, task_id=Insert_Data, execution_date=20231203T040000, start_date=20231228T165435, end_date=20231228T165438
[2023-12-28T16:54:38.982+0000] {local_task_job_runner.py:228} INFO - Task exited with return code 0
[2023-12-28T16:54:39.018+0000] {taskinstance.py:2778} INFO - 0 downstream tasks scheduled from follow-on schedule check
