[2023-12-17T11:18:23.951+0000] {logging_mixin.py:154} INFO - Changing /opt/***/logs/dag_id=air_quality/run_id=scheduled__2023-11-25T04:00:00+00:00/task_id=Transform permission to 509
[2023-12-17T11:18:23.953+0000] {logging_mixin.py:154} INFO - Failed to change /opt/***/logs/dag_id=air_quality/run_id=scheduled__2023-11-25T04:00:00+00:00/task_id=Transform permission to 509: [Errno 1] Operation not permitted: '/opt/***/logs/dag_id=air_quality/run_id=scheduled__2023-11-25T04:00:00+00:00/task_id=Transform'
[2023-12-17T11:18:24.043+0000] {logging_mixin.py:154} INFO - Changing /opt/***/logs/dag_id=air_quality/run_id=scheduled__2023-11-25T04:00:00+00:00/task_id=Transform permission to 509
[2023-12-17T11:18:24.050+0000] {logging_mixin.py:154} INFO - Failed to change /opt/***/logs/dag_id=air_quality/run_id=scheduled__2023-11-25T04:00:00+00:00/task_id=Transform permission to 509: [Errno 1] Operation not permitted: '/opt/***/logs/dag_id=air_quality/run_id=scheduled__2023-11-25T04:00:00+00:00/task_id=Transform'
[2023-12-17T11:18:24.178+0000] {taskinstance.py:1159} INFO - Dependencies all met for dep_context=non-requeueable deps ti=<TaskInstance: air_quality.Transform scheduled__2023-11-25T04:00:00+00:00 [queued]>
[2023-12-17T11:18:24.217+0000] {taskinstance.py:1159} INFO - Dependencies all met for dep_context=requeueable deps ti=<TaskInstance: air_quality.Transform scheduled__2023-11-25T04:00:00+00:00 [queued]>
[2023-12-17T11:18:24.221+0000] {taskinstance.py:1361} INFO - Starting attempt 1 of 2
[2023-12-17T11:18:24.302+0000] {taskinstance.py:1382} INFO - Executing <Task(PythonOperator): Transform> on 2023-11-25 04:00:00+00:00
[2023-12-17T11:18:24.309+0000] {standard_task_runner.py:57} INFO - Started process 1996 to run task
[2023-12-17T11:18:24.315+0000] {standard_task_runner.py:84} INFO - Running: ['***', 'tasks', 'run', 'air_quality', 'Transform', 'scheduled__2023-11-25T04:00:00+00:00', '--job-id', '300', '--raw', '--subdir', 'DAGS_FOLDER/airQuality.py', '--cfg-path', '/tmp/tmpgnmr22n6']
[2023-12-17T11:18:24.318+0000] {standard_task_runner.py:85} INFO - Job 300: Subtask Transform
[2023-12-17T11:18:24.529+0000] {logging_mixin.py:154} INFO - Changing /opt/***/logs/dag_id=air_quality/run_id=scheduled__2023-11-25T04:00:00+00:00/task_id=Transform permission to 509
[2023-12-17T11:18:24.531+0000] {logging_mixin.py:154} INFO - Failed to change /opt/***/logs/dag_id=air_quality/run_id=scheduled__2023-11-25T04:00:00+00:00/task_id=Transform permission to 509: [Errno 1] Operation not permitted: '/opt/***/logs/dag_id=air_quality/run_id=scheduled__2023-11-25T04:00:00+00:00/task_id=Transform'
[2023-12-17T11:18:24.560+0000] {task_command.py:416} INFO - Running <TaskInstance: air_quality.Transform scheduled__2023-11-25T04:00:00+00:00 [running]> on host 1a58977f5573
[2023-12-17T11:18:24.850+0000] {taskinstance.py:1662} INFO - Exporting env vars: AIRFLOW_CTX_DAG_OWNER='ghifari' AIRFLOW_CTX_DAG_ID='air_quality' AIRFLOW_CTX_TASK_ID='Transform' AIRFLOW_CTX_EXECUTION_DATE='2023-11-25T04:00:00+00:00' AIRFLOW_CTX_TRY_NUMBER='1' AIRFLOW_CTX_DAG_RUN_ID='scheduled__2023-11-25T04:00:00+00:00'
[2023-12-17T11:18:28.037+0000] {python.py:194} INFO - Done. Returned value was:       city country unit  last_value       lat         lng
0  Jakarta      ID   o3      -0.999 -6.182536  106.834236
[2023-12-17T11:18:28.372+0000] {taskinstance.py:1400} INFO - Marking task as SUCCESS. dag_id=air_quality, task_id=Transform, execution_date=20231125T040000, start_date=20231217T111824, end_date=20231217T111828
[2023-12-17T11:18:28.577+0000] {local_task_job_runner.py:228} INFO - Task exited with return code 0
[2023-12-17T11:18:28.797+0000] {taskinstance.py:2778} INFO - 1 downstream tasks scheduled from follow-on schedule check
[2023-12-28T16:51:31.795+0000] {logging_mixin.py:154} INFO - Changing /opt/***/logs/dag_id=air_quality/run_id=scheduled__2023-11-25T04:00:00+00:00/task_id=Transform permission to 509
[2023-12-28T16:51:31.801+0000] {logging_mixin.py:154} INFO - Failed to change /opt/***/logs/dag_id=air_quality/run_id=scheduled__2023-11-25T04:00:00+00:00/task_id=Transform permission to 509: [Errno 1] Operation not permitted: '/opt/***/logs/dag_id=air_quality/run_id=scheduled__2023-11-25T04:00:00+00:00/task_id=Transform'
[2023-12-28T16:51:31.920+0000] {logging_mixin.py:154} INFO - Changing /opt/***/logs/dag_id=air_quality/run_id=scheduled__2023-11-25T04:00:00+00:00/task_id=Transform permission to 509
[2023-12-28T16:51:31.921+0000] {logging_mixin.py:154} INFO - Failed to change /opt/***/logs/dag_id=air_quality/run_id=scheduled__2023-11-25T04:00:00+00:00/task_id=Transform permission to 509: [Errno 1] Operation not permitted: '/opt/***/logs/dag_id=air_quality/run_id=scheduled__2023-11-25T04:00:00+00:00/task_id=Transform'
[2023-12-28T16:51:32.020+0000] {taskinstance.py:1159} INFO - Dependencies all met for dep_context=non-requeueable deps ti=<TaskInstance: air_quality.Transform scheduled__2023-11-25T04:00:00+00:00 [queued]>
[2023-12-28T16:51:32.054+0000] {taskinstance.py:1159} INFO - Dependencies all met for dep_context=requeueable deps ti=<TaskInstance: air_quality.Transform scheduled__2023-11-25T04:00:00+00:00 [queued]>
[2023-12-28T16:51:32.055+0000] {taskinstance.py:1361} INFO - Starting attempt 1 of 2
[2023-12-28T16:51:32.127+0000] {taskinstance.py:1382} INFO - Executing <Task(PythonOperator): Transform> on 2023-11-25 04:00:00+00:00
[2023-12-28T16:51:32.142+0000] {standard_task_runner.py:57} INFO - Started process 123 to run task
[2023-12-28T16:51:32.150+0000] {standard_task_runner.py:84} INFO - Running: ['***', 'tasks', 'run', 'air_quality', 'Transform', 'scheduled__2023-11-25T04:00:00+00:00', '--job-id', '816', '--raw', '--subdir', 'DAGS_FOLDER/airQuality.py', '--cfg-path', '/tmp/tmpz0xcazay']
[2023-12-28T16:51:32.153+0000] {standard_task_runner.py:85} INFO - Job 816: Subtask Transform
[2023-12-28T16:51:32.304+0000] {logging_mixin.py:154} INFO - Changing /opt/***/logs/dag_id=air_quality/run_id=scheduled__2023-11-25T04:00:00+00:00/task_id=Transform permission to 509
[2023-12-28T16:51:32.324+0000] {logging_mixin.py:154} INFO - Failed to change /opt/***/logs/dag_id=air_quality/run_id=scheduled__2023-11-25T04:00:00+00:00/task_id=Transform permission to 509: [Errno 1] Operation not permitted: '/opt/***/logs/dag_id=air_quality/run_id=scheduled__2023-11-25T04:00:00+00:00/task_id=Transform'
[2023-12-28T16:51:32.341+0000] {task_command.py:416} INFO - Running <TaskInstance: air_quality.Transform scheduled__2023-11-25T04:00:00+00:00 [running]> on host d67dd4682ccf
[2023-12-28T16:51:32.541+0000] {taskinstance.py:1662} INFO - Exporting env vars: AIRFLOW_CTX_DAG_OWNER='ghifari' AIRFLOW_CTX_DAG_ID='air_quality' AIRFLOW_CTX_TASK_ID='Transform' AIRFLOW_CTX_EXECUTION_DATE='2023-11-25T04:00:00+00:00' AIRFLOW_CTX_TRY_NUMBER='1' AIRFLOW_CTX_DAG_RUN_ID='scheduled__2023-11-25T04:00:00+00:00'
[2023-12-28T16:51:34.165+0000] {taskinstance.py:1937} ERROR - Task failed with exception
Traceback (most recent call last):
  File "/home/airflow/.local/lib/python3.8/site-packages/airflow/operators/python.py", line 192, in execute
    return_value = self.execute_callable()
  File "/home/airflow/.local/lib/python3.8/site-packages/airflow/operators/python.py", line 209, in execute_callable
    return self.python_callable(*self.op_args, **self.op_kwargs)
  File "/opt/airflow/dags/airQuality.py", line 72, in transformation
    dt['city'] = dt['city'].str.strip()
  File "/home/airflow/.local/lib/python3.8/site-packages/pandas/core/frame.py", line 3761, in __getitem__
    indexer = self.columns.get_loc(key)
  File "/home/airflow/.local/lib/python3.8/site-packages/pandas/core/indexes/range.py", line 349, in get_loc
    raise KeyError(key)
KeyError: 'city'
[2023-12-28T16:51:34.227+0000] {taskinstance.py:1400} INFO - Marking task as FAILED. dag_id=air_quality, task_id=Transform, execution_date=20231125T040000, start_date=20231228T165132, end_date=20231228T165134
[2023-12-28T16:51:34.279+0000] {standard_task_runner.py:104} ERROR - Failed to execute job 816 for task Transform ((psycopg2.errors.ForeignKeyViolation) insert or update on table "task_fail" violates foreign key constraint "task_fail_ti_fkey"
DETAIL:  Key (dag_id, task_id, run_id, map_index)=(air_quality, Transform, scheduled__2023-11-25T04:00:00+00:00, -1) is not present in table "task_instance".

[SQL: INSERT INTO task_fail (task_id, dag_id, run_id, map_index, start_date, end_date, duration) VALUES (%(task_id)s, %(dag_id)s, %(run_id)s, %(map_index)s, %(start_date)s, %(end_date)s, %(duration)s) RETURNING task_fail.id]
[parameters: {'task_id': 'Transform', 'dag_id': 'air_quality', 'run_id': 'scheduled__2023-11-25T04:00:00+00:00', 'map_index': -1, 'start_date': datetime.datetime(2023, 12, 28, 16, 51, 32, 21514, tzinfo=Timezone('UTC')), 'end_date': datetime.datetime(2023, 12, 28, 16, 51, 34, 209998, tzinfo=Timezone('UTC')), 'duration': 2}]
(Background on this error at: https://sqlalche.me/e/14/gkpj); 123)
[2023-12-28T16:51:34.351+0000] {local_task_job_runner.py:228} INFO - Task exited with return code 1
[2023-12-28T16:54:06.542+0000] {logging_mixin.py:154} INFO - Changing /opt/***/logs/dag_id=air_quality/run_id=scheduled__2023-11-25T04:00:00+00:00/task_id=Transform permission to 509
[2023-12-28T16:54:06.551+0000] {logging_mixin.py:154} INFO - Failed to change /opt/***/logs/dag_id=air_quality/run_id=scheduled__2023-11-25T04:00:00+00:00/task_id=Transform permission to 509: [Errno 1] Operation not permitted: '/opt/***/logs/dag_id=air_quality/run_id=scheduled__2023-11-25T04:00:00+00:00/task_id=Transform'
[2023-12-28T16:54:06.786+0000] {logging_mixin.py:154} INFO - Changing /opt/***/logs/dag_id=air_quality/run_id=scheduled__2023-11-25T04:00:00+00:00/task_id=Transform permission to 509
[2023-12-28T16:54:06.800+0000] {logging_mixin.py:154} INFO - Failed to change /opt/***/logs/dag_id=air_quality/run_id=scheduled__2023-11-25T04:00:00+00:00/task_id=Transform permission to 509: [Errno 1] Operation not permitted: '/opt/***/logs/dag_id=air_quality/run_id=scheduled__2023-11-25T04:00:00+00:00/task_id=Transform'
[2023-12-28T16:54:07.060+0000] {taskinstance.py:1159} INFO - Dependencies all met for dep_context=non-requeueable deps ti=<TaskInstance: air_quality.Transform scheduled__2023-11-25T04:00:00+00:00 [queued]>
[2023-12-28T16:54:07.113+0000] {taskinstance.py:1159} INFO - Dependencies all met for dep_context=requeueable deps ti=<TaskInstance: air_quality.Transform scheduled__2023-11-25T04:00:00+00:00 [queued]>
[2023-12-28T16:54:07.130+0000] {taskinstance.py:1361} INFO - Starting attempt 1 of 2
[2023-12-28T16:54:07.272+0000] {taskinstance.py:1382} INFO - Executing <Task(PythonOperator): Transform> on 2023-11-25 04:00:00+00:00
[2023-12-28T16:54:07.282+0000] {standard_task_runner.py:57} INFO - Started process 825 to run task
[2023-12-28T16:54:07.297+0000] {standard_task_runner.py:84} INFO - Running: ['***', 'tasks', 'run', 'air_quality', 'Transform', 'scheduled__2023-11-25T04:00:00+00:00', '--job-id', '1024', '--raw', '--subdir', 'DAGS_FOLDER/airQuality.py', '--cfg-path', '/tmp/tmpirysn5ma']
[2023-12-28T16:54:07.311+0000] {standard_task_runner.py:85} INFO - Job 1024: Subtask Transform
[2023-12-28T16:54:07.535+0000] {logging_mixin.py:154} INFO - Changing /opt/***/logs/dag_id=air_quality/run_id=scheduled__2023-11-25T04:00:00+00:00/task_id=Transform permission to 509
[2023-12-28T16:54:07.539+0000] {logging_mixin.py:154} INFO - Failed to change /opt/***/logs/dag_id=air_quality/run_id=scheduled__2023-11-25T04:00:00+00:00/task_id=Transform permission to 509: [Errno 1] Operation not permitted: '/opt/***/logs/dag_id=air_quality/run_id=scheduled__2023-11-25T04:00:00+00:00/task_id=Transform'
[2023-12-28T16:54:07.544+0000] {task_command.py:416} INFO - Running <TaskInstance: air_quality.Transform scheduled__2023-11-25T04:00:00+00:00 [running]> on host d67dd4682ccf
[2023-12-28T16:54:08.031+0000] {taskinstance.py:1662} INFO - Exporting env vars: AIRFLOW_CTX_DAG_OWNER='ghifari' AIRFLOW_CTX_DAG_ID='air_quality' AIRFLOW_CTX_TASK_ID='Transform' AIRFLOW_CTX_EXECUTION_DATE='2023-11-25T04:00:00+00:00' AIRFLOW_CTX_TRY_NUMBER='1' AIRFLOW_CTX_DAG_RUN_ID='scheduled__2023-11-25T04:00:00+00:00'
[2023-12-28T16:54:10.642+0000] {python.py:194} INFO - Done. Returned value was:       city country unit  last_value       lat         lng
0  Jakarta      ID   o3      -0.999 -6.182536  106.834236
[2023-12-28T16:54:10.902+0000] {taskinstance.py:1400} INFO - Marking task as SUCCESS. dag_id=air_quality, task_id=Transform, execution_date=20231125T040000, start_date=20231228T165407, end_date=20231228T165410
[2023-12-28T16:54:11.078+0000] {local_task_job_runner.py:228} INFO - Task exited with return code 0
[2023-12-28T16:54:11.311+0000] {taskinstance.py:2778} INFO - 1 downstream tasks scheduled from follow-on schedule check
