[2023-12-17T11:46:09.019+0000] {logging_mixin.py:154} INFO - Changing /opt/***/logs/dag_id=air_quality/run_id=manual__2023-12-17T11:44:49.387829+00:00/task_id=CheckTable permission to 509
[2023-12-17T11:46:09.021+0000] {logging_mixin.py:154} INFO - Failed to change /opt/***/logs/dag_id=air_quality/run_id=manual__2023-12-17T11:44:49.387829+00:00/task_id=CheckTable permission to 509: [Errno 1] Operation not permitted: '/opt/***/logs/dag_id=air_quality/run_id=manual__2023-12-17T11:44:49.387829+00:00/task_id=CheckTable'
[2023-12-17T11:46:09.073+0000] {logging_mixin.py:154} INFO - Changing /opt/***/logs/dag_id=air_quality/run_id=manual__2023-12-17T11:44:49.387829+00:00/task_id=CheckTable permission to 509
[2023-12-17T11:46:09.075+0000] {logging_mixin.py:154} INFO - Failed to change /opt/***/logs/dag_id=air_quality/run_id=manual__2023-12-17T11:44:49.387829+00:00/task_id=CheckTable permission to 509: [Errno 1] Operation not permitted: '/opt/***/logs/dag_id=air_quality/run_id=manual__2023-12-17T11:44:49.387829+00:00/task_id=CheckTable'
[2023-12-17T11:46:09.134+0000] {taskinstance.py:1159} INFO - Dependencies all met for dep_context=non-requeueable deps ti=<TaskInstance: air_quality.CheckTable manual__2023-12-17T11:44:49.387829+00:00 [queued]>
[2023-12-17T11:46:09.148+0000] {taskinstance.py:1159} INFO - Dependencies all met for dep_context=requeueable deps ti=<TaskInstance: air_quality.CheckTable manual__2023-12-17T11:44:49.387829+00:00 [queued]>
[2023-12-17T11:46:09.149+0000] {taskinstance.py:1361} INFO - Starting attempt 1 of 2
[2023-12-17T11:46:09.170+0000] {taskinstance.py:1382} INFO - Executing <Task(BranchPythonOperator): CheckTable> on 2023-12-17 11:44:49.387829+00:00
[2023-12-17T11:46:09.176+0000] {standard_task_runner.py:57} INFO - Started process 3057 to run task
[2023-12-17T11:46:09.181+0000] {standard_task_runner.py:84} INFO - Running: ['***', 'tasks', 'run', 'air_quality', 'CheckTable', 'manual__2023-12-17T11:44:49.387829+00:00', '--job-id', '454', '--raw', '--subdir', 'DAGS_FOLDER/airQuality.py', '--cfg-path', '/tmp/tmp3necvm0s']
[2023-12-17T11:46:09.183+0000] {standard_task_runner.py:85} INFO - Job 454: Subtask CheckTable
[2023-12-17T11:46:09.261+0000] {logging_mixin.py:154} INFO - Changing /opt/***/logs/dag_id=air_quality/run_id=manual__2023-12-17T11:44:49.387829+00:00/task_id=CheckTable permission to 509
[2023-12-17T11:46:09.262+0000] {logging_mixin.py:154} INFO - Failed to change /opt/***/logs/dag_id=air_quality/run_id=manual__2023-12-17T11:44:49.387829+00:00/task_id=CheckTable permission to 509: [Errno 1] Operation not permitted: '/opt/***/logs/dag_id=air_quality/run_id=manual__2023-12-17T11:44:49.387829+00:00/task_id=CheckTable'
[2023-12-17T11:46:09.266+0000] {task_command.py:416} INFO - Running <TaskInstance: air_quality.CheckTable manual__2023-12-17T11:44:49.387829+00:00 [running]> on host 1a58977f5573
[2023-12-17T11:46:09.396+0000] {taskinstance.py:1662} INFO - Exporting env vars: AIRFLOW_CTX_DAG_OWNER='ghifari' AIRFLOW_CTX_DAG_ID='air_quality' AIRFLOW_CTX_TASK_ID='CheckTable' AIRFLOW_CTX_EXECUTION_DATE='2023-12-17T11:44:49.387829+00:00' AIRFLOW_CTX_TRY_NUMBER='1' AIRFLOW_CTX_DAG_RUN_ID='manual__2023-12-17T11:44:49.387829+00:00'
[2023-12-17T11:46:09.421+0000] {python.py:194} INFO - Done. Returned value was: Insert_Data
[2023-12-17T11:46:09.422+0000] {python.py:227} INFO - Branch callable return Insert_Data
[2023-12-17T11:46:09.424+0000] {skipmixin.py:173} INFO - Following branch Insert_Data
[2023-12-17T11:46:09.461+0000] {taskinstance.py:1400} INFO - Marking task as SUCCESS. dag_id=air_quality, task_id=CheckTable, execution_date=20231217T114449, start_date=20231217T114609, end_date=20231217T114609
[2023-12-17T11:46:09.513+0000] {local_task_job_runner.py:228} INFO - Task exited with return code 0
[2023-12-17T11:46:09.539+0000] {taskinstance.py:2778} INFO - 0 downstream tasks scheduled from follow-on schedule check
