[2023-12-17T11:18:24.295+0000] {logging_mixin.py:154} INFO - Changing /opt/***/logs/dag_id=air_quality/run_id=scheduled__2023-12-02T04:00:00+00:00/task_id=Extract permission to 509
[2023-12-17T11:18:24.298+0000] {logging_mixin.py:154} INFO - Failed to change /opt/***/logs/dag_id=air_quality/run_id=scheduled__2023-12-02T04:00:00+00:00/task_id=Extract permission to 509: [Errno 1] Operation not permitted: '/opt/***/logs/dag_id=air_quality/run_id=scheduled__2023-12-02T04:00:00+00:00/task_id=Extract'
[2023-12-17T11:18:24.423+0000] {logging_mixin.py:154} INFO - Changing /opt/***/logs/dag_id=air_quality/run_id=scheduled__2023-12-02T04:00:00+00:00/task_id=Extract permission to 509
[2023-12-17T11:18:24.444+0000] {logging_mixin.py:154} INFO - Failed to change /opt/***/logs/dag_id=air_quality/run_id=scheduled__2023-12-02T04:00:00+00:00/task_id=Extract permission to 509: [Errno 1] Operation not permitted: '/opt/***/logs/dag_id=air_quality/run_id=scheduled__2023-12-02T04:00:00+00:00/task_id=Extract'
[2023-12-17T11:18:24.625+0000] {taskinstance.py:1159} INFO - Dependencies all met for dep_context=non-requeueable deps ti=<TaskInstance: air_quality.Extract scheduled__2023-12-02T04:00:00+00:00 [queued]>
[2023-12-17T11:18:24.706+0000] {taskinstance.py:1159} INFO - Dependencies all met for dep_context=requeueable deps ti=<TaskInstance: air_quality.Extract scheduled__2023-12-02T04:00:00+00:00 [queued]>
[2023-12-17T11:18:24.707+0000] {taskinstance.py:1361} INFO - Starting attempt 1 of 2
[2023-12-17T11:18:24.790+0000] {taskinstance.py:1382} INFO - Executing <Task(PythonOperator): Extract> on 2023-12-02 04:00:00+00:00
[2023-12-17T11:18:24.806+0000] {standard_task_runner.py:57} INFO - Started process 2002 to run task
[2023-12-17T11:18:24.816+0000] {standard_task_runner.py:84} INFO - Running: ['***', 'tasks', 'run', 'air_quality', 'Extract', 'scheduled__2023-12-02T04:00:00+00:00', '--job-id', '303', '--raw', '--subdir', 'DAGS_FOLDER/airQuality.py', '--cfg-path', '/tmp/tmpfoo4d9ai']
[2023-12-17T11:18:24.819+0000] {standard_task_runner.py:85} INFO - Job 303: Subtask Extract
[2023-12-17T11:18:25.123+0000] {logging_mixin.py:154} INFO - Changing /opt/***/logs/dag_id=air_quality/run_id=scheduled__2023-12-02T04:00:00+00:00/task_id=Extract permission to 509
[2023-12-17T11:18:25.125+0000] {logging_mixin.py:154} INFO - Failed to change /opt/***/logs/dag_id=air_quality/run_id=scheduled__2023-12-02T04:00:00+00:00/task_id=Extract permission to 509: [Errno 1] Operation not permitted: '/opt/***/logs/dag_id=air_quality/run_id=scheduled__2023-12-02T04:00:00+00:00/task_id=Extract'
[2023-12-17T11:18:25.129+0000] {task_command.py:416} INFO - Running <TaskInstance: air_quality.Extract scheduled__2023-12-02T04:00:00+00:00 [running]> on host 1a58977f5573
[2023-12-17T11:18:25.674+0000] {taskinstance.py:1662} INFO - Exporting env vars: AIRFLOW_CTX_DAG_OWNER='ghifari' AIRFLOW_CTX_DAG_ID='air_quality' AIRFLOW_CTX_TASK_ID='Extract' AIRFLOW_CTX_EXECUTION_DATE='2023-12-02T04:00:00+00:00' AIRFLOW_CTX_TRY_NUMBER='1' AIRFLOW_CTX_DAG_RUN_ID='scheduled__2023-12-02T04:00:00+00:00'
[2023-12-17T11:18:25.841+0000] {python.py:194} INFO - Done. Returned value was: {'city': ['Jakarta'], 'country': ['ID'], 'unit': ['o3'], 'last_value': [-0.999], 'lat': [-6.182536], 'lng': [106.834236]}
[2023-12-17T11:18:25.892+0000] {taskinstance.py:1400} INFO - Marking task as SUCCESS. dag_id=air_quality, task_id=Extract, execution_date=20231202T040000, start_date=20231217T111824, end_date=20231217T111825
[2023-12-17T11:18:25.954+0000] {local_task_job_runner.py:228} INFO - Task exited with return code 0
[2023-12-17T11:18:26.106+0000] {taskinstance.py:2778} INFO - 1 downstream tasks scheduled from follow-on schedule check
[2023-12-28T16:51:30.916+0000] {logging_mixin.py:154} INFO - Changing /opt/***/logs/dag_id=air_quality/run_id=scheduled__2023-12-02T04:00:00+00:00/task_id=Extract permission to 509
[2023-12-28T16:51:30.918+0000] {logging_mixin.py:154} INFO - Failed to change /opt/***/logs/dag_id=air_quality/run_id=scheduled__2023-12-02T04:00:00+00:00/task_id=Extract permission to 509: [Errno 1] Operation not permitted: '/opt/***/logs/dag_id=air_quality/run_id=scheduled__2023-12-02T04:00:00+00:00/task_id=Extract'
[2023-12-28T16:51:31.013+0000] {logging_mixin.py:154} INFO - Changing /opt/***/logs/dag_id=air_quality/run_id=scheduled__2023-12-02T04:00:00+00:00/task_id=Extract permission to 509
[2023-12-28T16:51:31.015+0000] {logging_mixin.py:154} INFO - Failed to change /opt/***/logs/dag_id=air_quality/run_id=scheduled__2023-12-02T04:00:00+00:00/task_id=Extract permission to 509: [Errno 1] Operation not permitted: '/opt/***/logs/dag_id=air_quality/run_id=scheduled__2023-12-02T04:00:00+00:00/task_id=Extract'
[2023-12-28T16:51:31.127+0000] {taskinstance.py:1159} INFO - Dependencies all met for dep_context=non-requeueable deps ti=<TaskInstance: air_quality.Extract scheduled__2023-12-02T04:00:00+00:00 [queued]>
[2023-12-28T16:51:31.149+0000] {taskinstance.py:1159} INFO - Dependencies all met for dep_context=requeueable deps ti=<TaskInstance: air_quality.Extract scheduled__2023-12-02T04:00:00+00:00 [queued]>
[2023-12-28T16:51:31.150+0000] {taskinstance.py:1361} INFO - Starting attempt 1 of 2
[2023-12-28T16:51:31.186+0000] {taskinstance.py:1382} INFO - Executing <Task(PythonOperator): Extract> on 2023-12-02 04:00:00+00:00
[2023-12-28T16:51:31.205+0000] {standard_task_runner.py:57} INFO - Started process 118 to run task
[2023-12-28T16:51:31.233+0000] {standard_task_runner.py:84} INFO - Running: ['***', 'tasks', 'run', 'air_quality', 'Extract', 'scheduled__2023-12-02T04:00:00+00:00', '--job-id', '815', '--raw', '--subdir', 'DAGS_FOLDER/airQuality.py', '--cfg-path', '/tmp/tmp9csoa8t9']
[2023-12-28T16:51:31.244+0000] {standard_task_runner.py:85} INFO - Job 815: Subtask Extract
[2023-12-28T16:51:31.444+0000] {logging_mixin.py:154} INFO - Changing /opt/***/logs/dag_id=air_quality/run_id=scheduled__2023-12-02T04:00:00+00:00/task_id=Extract permission to 509
[2023-12-28T16:51:31.445+0000] {logging_mixin.py:154} INFO - Failed to change /opt/***/logs/dag_id=air_quality/run_id=scheduled__2023-12-02T04:00:00+00:00/task_id=Extract permission to 509: [Errno 1] Operation not permitted: '/opt/***/logs/dag_id=air_quality/run_id=scheduled__2023-12-02T04:00:00+00:00/task_id=Extract'
[2023-12-28T16:51:31.448+0000] {task_command.py:416} INFO - Running <TaskInstance: air_quality.Extract scheduled__2023-12-02T04:00:00+00:00 [running]> on host d67dd4682ccf
[2023-12-28T16:51:31.655+0000] {taskinstance.py:1662} INFO - Exporting env vars: AIRFLOW_CTX_DAG_OWNER='ghifari' AIRFLOW_CTX_DAG_ID='air_quality' AIRFLOW_CTX_TASK_ID='Extract' AIRFLOW_CTX_EXECUTION_DATE='2023-12-02T04:00:00+00:00' AIRFLOW_CTX_TRY_NUMBER='1' AIRFLOW_CTX_DAG_RUN_ID='scheduled__2023-12-02T04:00:00+00:00'
[2023-12-28T16:51:31.879+0000] {python.py:194} INFO - Done. Returned value was: {'city': ['Jakarta'], 'country': ['ID'], 'unit': ['o3'], 'last_value': [-0.999], 'lat': [-6.182536], 'lng': [106.834236]}
[2023-12-28T16:51:31.961+0000] {taskinstance.py:1400} INFO - Marking task as SUCCESS. dag_id=air_quality, task_id=Extract, execution_date=20231202T040000, start_date=20231228T165131, end_date=20231228T165131
[2023-12-28T16:51:32.031+0000] {local_task_job_runner.py:228} INFO - Task exited with return code 0
[2023-12-28T16:51:32.160+0000] {taskinstance.py:2778} INFO - 1 downstream tasks scheduled from follow-on schedule check
[2023-12-28T16:54:05.239+0000] {logging_mixin.py:154} INFO - Changing /opt/***/logs/dag_id=air_quality/run_id=scheduled__2023-12-02T04:00:00+00:00/task_id=Extract permission to 509
[2023-12-28T16:54:05.252+0000] {logging_mixin.py:154} INFO - Failed to change /opt/***/logs/dag_id=air_quality/run_id=scheduled__2023-12-02T04:00:00+00:00/task_id=Extract permission to 509: [Errno 1] Operation not permitted: '/opt/***/logs/dag_id=air_quality/run_id=scheduled__2023-12-02T04:00:00+00:00/task_id=Extract'
[2023-12-28T16:54:05.486+0000] {logging_mixin.py:154} INFO - Changing /opt/***/logs/dag_id=air_quality/run_id=scheduled__2023-12-02T04:00:00+00:00/task_id=Extract permission to 509
[2023-12-28T16:54:05.498+0000] {logging_mixin.py:154} INFO - Failed to change /opt/***/logs/dag_id=air_quality/run_id=scheduled__2023-12-02T04:00:00+00:00/task_id=Extract permission to 509: [Errno 1] Operation not permitted: '/opt/***/logs/dag_id=air_quality/run_id=scheduled__2023-12-02T04:00:00+00:00/task_id=Extract'
[2023-12-28T16:54:05.638+0000] {taskinstance.py:1159} INFO - Dependencies all met for dep_context=non-requeueable deps ti=<TaskInstance: air_quality.Extract scheduled__2023-12-02T04:00:00+00:00 [queued]>
[2023-12-28T16:54:05.694+0000] {taskinstance.py:1159} INFO - Dependencies all met for dep_context=requeueable deps ti=<TaskInstance: air_quality.Extract scheduled__2023-12-02T04:00:00+00:00 [queued]>
[2023-12-28T16:54:05.700+0000] {taskinstance.py:1361} INFO - Starting attempt 1 of 2
[2023-12-28T16:54:05.831+0000] {taskinstance.py:1382} INFO - Executing <Task(PythonOperator): Extract> on 2023-12-02 04:00:00+00:00
[2023-12-28T16:54:05.847+0000] {standard_task_runner.py:57} INFO - Started process 816 to run task
[2023-12-28T16:54:05.857+0000] {standard_task_runner.py:84} INFO - Running: ['***', 'tasks', 'run', 'air_quality', 'Extract', 'scheduled__2023-12-02T04:00:00+00:00', '--job-id', '1021', '--raw', '--subdir', 'DAGS_FOLDER/airQuality.py', '--cfg-path', '/tmp/tmpyg27m0o1']
[2023-12-28T16:54:05.864+0000] {standard_task_runner.py:85} INFO - Job 1021: Subtask Extract
[2023-12-28T16:54:06.028+0000] {logging_mixin.py:154} INFO - Changing /opt/***/logs/dag_id=air_quality/run_id=scheduled__2023-12-02T04:00:00+00:00/task_id=Extract permission to 509
[2023-12-28T16:54:06.029+0000] {logging_mixin.py:154} INFO - Failed to change /opt/***/logs/dag_id=air_quality/run_id=scheduled__2023-12-02T04:00:00+00:00/task_id=Extract permission to 509: [Errno 1] Operation not permitted: '/opt/***/logs/dag_id=air_quality/run_id=scheduled__2023-12-02T04:00:00+00:00/task_id=Extract'
[2023-12-28T16:54:06.043+0000] {task_command.py:416} INFO - Running <TaskInstance: air_quality.Extract scheduled__2023-12-02T04:00:00+00:00 [running]> on host d67dd4682ccf
[2023-12-28T16:54:06.452+0000] {taskinstance.py:1662} INFO - Exporting env vars: AIRFLOW_CTX_DAG_OWNER='ghifari' AIRFLOW_CTX_DAG_ID='air_quality' AIRFLOW_CTX_TASK_ID='Extract' AIRFLOW_CTX_EXECUTION_DATE='2023-12-02T04:00:00+00:00' AIRFLOW_CTX_TRY_NUMBER='1' AIRFLOW_CTX_DAG_RUN_ID='scheduled__2023-12-02T04:00:00+00:00'
[2023-12-28T16:54:06.702+0000] {python.py:194} INFO - Done. Returned value was: {'city': ['Jakarta'], 'country': ['ID'], 'unit': ['o3'], 'last_value': [-0.999], 'lat': [-6.182536], 'lng': [106.834236]}
[2023-12-28T16:54:06.814+0000] {taskinstance.py:1400} INFO - Marking task as SUCCESS. dag_id=air_quality, task_id=Extract, execution_date=20231202T040000, start_date=20231228T165405, end_date=20231228T165406
[2023-12-28T16:54:07.044+0000] {local_task_job_runner.py:228} INFO - Task exited with return code 0
[2023-12-28T16:54:07.578+0000] {taskinstance.py:2778} INFO - 0 downstream tasks scheduled from follow-on schedule check
