[2023-12-17T11:18:46.852+0000] {logging_mixin.py:154} INFO - Changing /opt/***/logs/dag_id=air_quality/run_id=scheduled__2023-11-28T04:00:00+00:00/task_id=CheckTable permission to 509
[2023-12-17T11:18:46.855+0000] {logging_mixin.py:154} INFO - Failed to change /opt/***/logs/dag_id=air_quality/run_id=scheduled__2023-11-28T04:00:00+00:00/task_id=CheckTable permission to 509: [Errno 1] Operation not permitted: '/opt/***/logs/dag_id=air_quality/run_id=scheduled__2023-11-28T04:00:00+00:00/task_id=CheckTable'
[2023-12-17T11:18:47.044+0000] {logging_mixin.py:154} INFO - Changing /opt/***/logs/dag_id=air_quality/run_id=scheduled__2023-11-28T04:00:00+00:00/task_id=CheckTable permission to 509
[2023-12-17T11:18:47.051+0000] {logging_mixin.py:154} INFO - Failed to change /opt/***/logs/dag_id=air_quality/run_id=scheduled__2023-11-28T04:00:00+00:00/task_id=CheckTable permission to 509: [Errno 1] Operation not permitted: '/opt/***/logs/dag_id=air_quality/run_id=scheduled__2023-11-28T04:00:00+00:00/task_id=CheckTable'
[2023-12-17T11:18:47.197+0000] {taskinstance.py:1159} INFO - Dependencies all met for dep_context=non-requeueable deps ti=<TaskInstance: air_quality.CheckTable scheduled__2023-11-28T04:00:00+00:00 [queued]>
[2023-12-17T11:18:47.236+0000] {taskinstance.py:1159} INFO - Dependencies all met for dep_context=requeueable deps ti=<TaskInstance: air_quality.CheckTable scheduled__2023-11-28T04:00:00+00:00 [queued]>
[2023-12-17T11:18:47.251+0000] {taskinstance.py:1361} INFO - Starting attempt 1 of 2
[2023-12-17T11:18:47.350+0000] {taskinstance.py:1382} INFO - Executing <Task(BranchPythonOperator): CheckTable> on 2023-11-28 04:00:00+00:00
[2023-12-17T11:18:47.370+0000] {standard_task_runner.py:57} INFO - Started process 2184 to run task
[2023-12-17T11:18:47.425+0000] {standard_task_runner.py:84} INFO - Running: ['***', 'tasks', 'run', 'air_quality', 'CheckTable', 'scheduled__2023-11-28T04:00:00+00:00', '--job-id', '358', '--raw', '--subdir', 'DAGS_FOLDER/airQuality.py', '--cfg-path', '/tmp/tmp1s7nyiqw']
[2023-12-17T11:18:47.430+0000] {standard_task_runner.py:85} INFO - Job 358: Subtask CheckTable
[2023-12-17T11:18:47.598+0000] {logging_mixin.py:154} INFO - Changing /opt/***/logs/dag_id=air_quality/run_id=scheduled__2023-11-28T04:00:00+00:00/task_id=CheckTable permission to 509
[2023-12-17T11:18:47.599+0000] {logging_mixin.py:154} INFO - Failed to change /opt/***/logs/dag_id=air_quality/run_id=scheduled__2023-11-28T04:00:00+00:00/task_id=CheckTable permission to 509: [Errno 1] Operation not permitted: '/opt/***/logs/dag_id=air_quality/run_id=scheduled__2023-11-28T04:00:00+00:00/task_id=CheckTable'
[2023-12-17T11:18:47.603+0000] {task_command.py:416} INFO - Running <TaskInstance: air_quality.CheckTable scheduled__2023-11-28T04:00:00+00:00 [running]> on host 1a58977f5573
[2023-12-17T11:18:47.868+0000] {taskinstance.py:1662} INFO - Exporting env vars: AIRFLOW_CTX_DAG_OWNER='ghifari' AIRFLOW_CTX_DAG_ID='air_quality' AIRFLOW_CTX_TASK_ID='CheckTable' AIRFLOW_CTX_EXECUTION_DATE='2023-11-28T04:00:00+00:00' AIRFLOW_CTX_TRY_NUMBER='1' AIRFLOW_CTX_DAG_RUN_ID='scheduled__2023-11-28T04:00:00+00:00'
[2023-12-17T11:18:47.959+0000] {airQuality.py:204} INFO - Table Created: 
        CREATE TABLE air_quality (
            id serial primary key, 
            city varchar(250),
            country varchar(250), 
            unit varchar(20), 
            last_value float8, 
            lat float8,
            lng float8
        )
    
[2023-12-17T11:18:47.961+0000] {python.py:194} INFO - Done. Returned value was: Insert_Data
[2023-12-17T11:18:47.967+0000] {python.py:227} INFO - Branch callable return Insert_Data
[2023-12-17T11:18:47.971+0000] {skipmixin.py:173} INFO - Following branch Insert_Data
[2023-12-17T11:18:47.991+0000] {skipmixin.py:239} INFO - Skipping tasks []
[2023-12-17T11:18:48.155+0000] {taskinstance.py:1400} INFO - Marking task as SUCCESS. dag_id=air_quality, task_id=CheckTable, execution_date=20231128T040000, start_date=20231217T111847, end_date=20231217T111848
[2023-12-17T11:18:48.506+0000] {local_task_job_runner.py:228} INFO - Task exited with return code 0
[2023-12-17T11:18:48.652+0000] {taskinstance.py:2778} INFO - 1 downstream tasks scheduled from follow-on schedule check
[2023-12-28T16:54:26.313+0000] {logging_mixin.py:154} INFO - Changing /opt/***/logs/dag_id=air_quality/run_id=scheduled__2023-11-28T04:00:00+00:00/task_id=CheckTable permission to 509
[2023-12-28T16:54:26.320+0000] {logging_mixin.py:154} INFO - Failed to change /opt/***/logs/dag_id=air_quality/run_id=scheduled__2023-11-28T04:00:00+00:00/task_id=CheckTable permission to 509: [Errno 1] Operation not permitted: '/opt/***/logs/dag_id=air_quality/run_id=scheduled__2023-11-28T04:00:00+00:00/task_id=CheckTable'
[2023-12-28T16:54:26.475+0000] {logging_mixin.py:154} INFO - Changing /opt/***/logs/dag_id=air_quality/run_id=scheduled__2023-11-28T04:00:00+00:00/task_id=CheckTable permission to 509
[2023-12-28T16:54:26.487+0000] {logging_mixin.py:154} INFO - Failed to change /opt/***/logs/dag_id=air_quality/run_id=scheduled__2023-11-28T04:00:00+00:00/task_id=CheckTable permission to 509: [Errno 1] Operation not permitted: '/opt/***/logs/dag_id=air_quality/run_id=scheduled__2023-11-28T04:00:00+00:00/task_id=CheckTable'
[2023-12-28T16:54:26.726+0000] {taskinstance.py:1159} INFO - Dependencies all met for dep_context=non-requeueable deps ti=<TaskInstance: air_quality.CheckTable scheduled__2023-11-28T04:00:00+00:00 [queued]>
[2023-12-28T16:54:26.762+0000] {taskinstance.py:1159} INFO - Dependencies all met for dep_context=requeueable deps ti=<TaskInstance: air_quality.CheckTable scheduled__2023-11-28T04:00:00+00:00 [queued]>
[2023-12-28T16:54:26.765+0000] {taskinstance.py:1361} INFO - Starting attempt 1 of 2
[2023-12-28T16:54:26.851+0000] {taskinstance.py:1382} INFO - Executing <Task(BranchPythonOperator): CheckTable> on 2023-11-28 04:00:00+00:00
[2023-12-28T16:54:26.866+0000] {standard_task_runner.py:57} INFO - Started process 930 to run task
[2023-12-28T16:54:26.897+0000] {standard_task_runner.py:84} INFO - Running: ['***', 'tasks', 'run', 'air_quality', 'CheckTable', 'scheduled__2023-11-28T04:00:00+00:00', '--job-id', '1067', '--raw', '--subdir', 'DAGS_FOLDER/airQuality.py', '--cfg-path', '/tmp/tmpi3v5cppj']
[2023-12-28T16:54:26.902+0000] {standard_task_runner.py:85} INFO - Job 1067: Subtask CheckTable
[2023-12-28T16:54:27.167+0000] {logging_mixin.py:154} INFO - Changing /opt/***/logs/dag_id=air_quality/run_id=scheduled__2023-11-28T04:00:00+00:00/task_id=CheckTable permission to 509
[2023-12-28T16:54:27.178+0000] {logging_mixin.py:154} INFO - Failed to change /opt/***/logs/dag_id=air_quality/run_id=scheduled__2023-11-28T04:00:00+00:00/task_id=CheckTable permission to 509: [Errno 1] Operation not permitted: '/opt/***/logs/dag_id=air_quality/run_id=scheduled__2023-11-28T04:00:00+00:00/task_id=CheckTable'
[2023-12-28T16:54:27.187+0000] {task_command.py:416} INFO - Running <TaskInstance: air_quality.CheckTable scheduled__2023-11-28T04:00:00+00:00 [running]> on host d67dd4682ccf
[2023-12-28T16:54:27.794+0000] {taskinstance.py:1662} INFO - Exporting env vars: AIRFLOW_CTX_DAG_OWNER='ghifari' AIRFLOW_CTX_DAG_ID='air_quality' AIRFLOW_CTX_TASK_ID='CheckTable' AIRFLOW_CTX_EXECUTION_DATE='2023-11-28T04:00:00+00:00' AIRFLOW_CTX_TRY_NUMBER='1' AIRFLOW_CTX_DAG_RUN_ID='scheduled__2023-11-28T04:00:00+00:00'
[2023-12-28T16:54:27.845+0000] {airQuality.py:183} INFO - Table Created: 
        CREATE TABLE air_quality (
            id serial primary key, 
            city varchar(250),
            country varchar(250), 
            unit varchar(20), 
            last_value float8, 
            lat float8,
            lng float8
        )
    
[2023-12-28T16:54:27.850+0000] {python.py:194} INFO - Done. Returned value was: Insert_Data
[2023-12-28T16:54:27.852+0000] {python.py:227} INFO - Branch callable return Insert_Data
[2023-12-28T16:54:27.862+0000] {skipmixin.py:173} INFO - Following branch Insert_Data
[2023-12-28T16:54:27.965+0000] {skipmixin.py:239} INFO - Skipping tasks []
[2023-12-28T16:54:28.368+0000] {taskinstance.py:1400} INFO - Marking task as SUCCESS. dag_id=air_quality, task_id=CheckTable, execution_date=20231128T040000, start_date=20231228T165426, end_date=20231228T165428
[2023-12-28T16:54:28.650+0000] {local_task_job_runner.py:228} INFO - Task exited with return code 0
[2023-12-28T16:54:28.767+0000] {taskinstance.py:2778} INFO - 1 downstream tasks scheduled from follow-on schedule check
