[2023-12-17T11:18:50.635+0000] {logging_mixin.py:154} INFO - Changing /opt/***/logs/dag_id=air_quality/run_id=scheduled__2023-12-01T04:00:00+00:00/task_id=Insert_Data permission to 509
[2023-12-17T11:18:50.637+0000] {logging_mixin.py:154} INFO - Failed to change /opt/***/logs/dag_id=air_quality/run_id=scheduled__2023-12-01T04:00:00+00:00/task_id=Insert_Data permission to 509: [Errno 1] Operation not permitted: '/opt/***/logs/dag_id=air_quality/run_id=scheduled__2023-12-01T04:00:00+00:00/task_id=Insert_Data'
[2023-12-17T11:18:50.782+0000] {logging_mixin.py:154} INFO - Changing /opt/***/logs/dag_id=air_quality/run_id=scheduled__2023-12-01T04:00:00+00:00/task_id=Insert_Data permission to 509
[2023-12-17T11:18:50.784+0000] {logging_mixin.py:154} INFO - Failed to change /opt/***/logs/dag_id=air_quality/run_id=scheduled__2023-12-01T04:00:00+00:00/task_id=Insert_Data permission to 509: [Errno 1] Operation not permitted: '/opt/***/logs/dag_id=air_quality/run_id=scheduled__2023-12-01T04:00:00+00:00/task_id=Insert_Data'
[2023-12-17T11:18:50.913+0000] {taskinstance.py:1159} INFO - Dependencies all met for dep_context=non-requeueable deps ti=<TaskInstance: air_quality.Insert_Data scheduled__2023-12-01T04:00:00+00:00 [queued]>
[2023-12-17T11:18:50.945+0000] {taskinstance.py:1159} INFO - Dependencies all met for dep_context=requeueable deps ti=<TaskInstance: air_quality.Insert_Data scheduled__2023-12-01T04:00:00+00:00 [queued]>
[2023-12-17T11:18:50.947+0000] {taskinstance.py:1361} INFO - Starting attempt 1 of 2
[2023-12-17T11:18:50.986+0000] {taskinstance.py:1382} INFO - Executing <Task(PythonOperator): Insert_Data> on 2023-12-01 04:00:00+00:00
[2023-12-17T11:18:50.996+0000] {standard_task_runner.py:57} INFO - Started process 2229 to run task
[2023-12-17T11:18:51.002+0000] {standard_task_runner.py:84} INFO - Running: ['***', 'tasks', 'run', 'air_quality', 'Insert_Data', 'scheduled__2023-12-01T04:00:00+00:00', '--job-id', '370', '--raw', '--subdir', 'DAGS_FOLDER/airQuality.py', '--cfg-path', '/tmp/tmpd5toyepp']
[2023-12-17T11:18:51.010+0000] {standard_task_runner.py:85} INFO - Job 370: Subtask Insert_Data
[2023-12-17T11:18:51.144+0000] {logging_mixin.py:154} INFO - Changing /opt/***/logs/dag_id=air_quality/run_id=scheduled__2023-12-01T04:00:00+00:00/task_id=Insert_Data permission to 509
[2023-12-17T11:18:51.147+0000] {logging_mixin.py:154} INFO - Failed to change /opt/***/logs/dag_id=air_quality/run_id=scheduled__2023-12-01T04:00:00+00:00/task_id=Insert_Data permission to 509: [Errno 1] Operation not permitted: '/opt/***/logs/dag_id=air_quality/run_id=scheduled__2023-12-01T04:00:00+00:00/task_id=Insert_Data'
[2023-12-17T11:18:51.152+0000] {task_command.py:416} INFO - Running <TaskInstance: air_quality.Insert_Data scheduled__2023-12-01T04:00:00+00:00 [running]> on host 1a58977f5573
[2023-12-17T11:18:51.499+0000] {taskinstance.py:1662} INFO - Exporting env vars: AIRFLOW_CTX_DAG_OWNER='ghifari' AIRFLOW_CTX_DAG_ID='air_quality' AIRFLOW_CTX_TASK_ID='Insert_Data' AIRFLOW_CTX_EXECUTION_DATE='2023-12-01T04:00:00+00:00' AIRFLOW_CTX_TRY_NUMBER='1' AIRFLOW_CTX_DAG_RUN_ID='scheduled__2023-12-01T04:00:00+00:00'
[2023-12-17T11:18:53.485+0000] {logging_mixin.py:154} INFO - city           object
country        object
unit           object
last_value    float64
lat           float64
lng           float64
dtype: object
[2023-12-17T11:18:53.525+0000] {base.py:73} INFO - Using connection ID 'neonServerDB-Postgres' for task execution.
[2023-12-17T11:18:57.079+0000] {python.py:194} INFO - Done. Returned value was: None
[2023-12-17T11:18:57.119+0000] {taskinstance.py:1400} INFO - Marking task as SUCCESS. dag_id=air_quality, task_id=Insert_Data, execution_date=20231201T040000, start_date=20231217T111850, end_date=20231217T111857
[2023-12-17T11:18:57.364+0000] {local_task_job_runner.py:228} INFO - Task exited with return code 0
[2023-12-17T11:18:57.395+0000] {taskinstance.py:2778} INFO - 0 downstream tasks scheduled from follow-on schedule check
[2023-12-28T16:54:34.210+0000] {logging_mixin.py:154} INFO - Changing /opt/***/logs/dag_id=air_quality/run_id=scheduled__2023-12-01T04:00:00+00:00/task_id=Insert_Data permission to 509
[2023-12-28T16:54:34.213+0000] {logging_mixin.py:154} INFO - Failed to change /opt/***/logs/dag_id=air_quality/run_id=scheduled__2023-12-01T04:00:00+00:00/task_id=Insert_Data permission to 509: [Errno 1] Operation not permitted: '/opt/***/logs/dag_id=air_quality/run_id=scheduled__2023-12-01T04:00:00+00:00/task_id=Insert_Data'
[2023-12-28T16:54:34.529+0000] {logging_mixin.py:154} INFO - Changing /opt/***/logs/dag_id=air_quality/run_id=scheduled__2023-12-01T04:00:00+00:00/task_id=Insert_Data permission to 509
[2023-12-28T16:54:34.536+0000] {logging_mixin.py:154} INFO - Failed to change /opt/***/logs/dag_id=air_quality/run_id=scheduled__2023-12-01T04:00:00+00:00/task_id=Insert_Data permission to 509: [Errno 1] Operation not permitted: '/opt/***/logs/dag_id=air_quality/run_id=scheduled__2023-12-01T04:00:00+00:00/task_id=Insert_Data'
[2023-12-28T16:54:34.715+0000] {taskinstance.py:1159} INFO - Dependencies all met for dep_context=non-requeueable deps ti=<TaskInstance: air_quality.Insert_Data scheduled__2023-12-01T04:00:00+00:00 [queued]>
[2023-12-28T16:54:34.787+0000] {taskinstance.py:1159} INFO - Dependencies all met for dep_context=requeueable deps ti=<TaskInstance: air_quality.Insert_Data scheduled__2023-12-01T04:00:00+00:00 [queued]>
[2023-12-28T16:54:34.788+0000] {taskinstance.py:1361} INFO - Starting attempt 1 of 2
[2023-12-28T16:54:34.902+0000] {taskinstance.py:1382} INFO - Executing <Task(PythonOperator): Insert_Data> on 2023-12-01 04:00:00+00:00
[2023-12-28T16:54:34.928+0000] {standard_task_runner.py:57} INFO - Started process 1031 to run task
[2023-12-28T16:54:35.006+0000] {standard_task_runner.py:84} INFO - Running: ['***', 'tasks', 'run', 'air_quality', 'Insert_Data', 'scheduled__2023-12-01T04:00:00+00:00', '--job-id', '1086', '--raw', '--subdir', 'DAGS_FOLDER/airQuality.py', '--cfg-path', '/tmp/tmphptsdf7f']
[2023-12-28T16:54:35.010+0000] {standard_task_runner.py:85} INFO - Job 1086: Subtask Insert_Data
[2023-12-28T16:54:35.327+0000] {logging_mixin.py:154} INFO - Changing /opt/***/logs/dag_id=air_quality/run_id=scheduled__2023-12-01T04:00:00+00:00/task_id=Insert_Data permission to 509
[2023-12-28T16:54:35.333+0000] {logging_mixin.py:154} INFO - Failed to change /opt/***/logs/dag_id=air_quality/run_id=scheduled__2023-12-01T04:00:00+00:00/task_id=Insert_Data permission to 509: [Errno 1] Operation not permitted: '/opt/***/logs/dag_id=air_quality/run_id=scheduled__2023-12-01T04:00:00+00:00/task_id=Insert_Data'
[2023-12-28T16:54:35.339+0000] {task_command.py:416} INFO - Running <TaskInstance: air_quality.Insert_Data scheduled__2023-12-01T04:00:00+00:00 [running]> on host d67dd4682ccf
[2023-12-28T16:54:35.884+0000] {taskinstance.py:1662} INFO - Exporting env vars: AIRFLOW_CTX_DAG_OWNER='ghifari' AIRFLOW_CTX_DAG_ID='air_quality' AIRFLOW_CTX_TASK_ID='Insert_Data' AIRFLOW_CTX_EXECUTION_DATE='2023-12-01T04:00:00+00:00' AIRFLOW_CTX_TRY_NUMBER='1' AIRFLOW_CTX_DAG_RUN_ID='scheduled__2023-12-01T04:00:00+00:00'
[2023-12-28T16:54:37.710+0000] {logging_mixin.py:154} INFO - city           object
country        object
unit           object
last_value    float64
lat           float64
lng           float64
dtype: object
[2023-12-28T16:54:37.746+0000] {base.py:73} INFO - Using connection ID 'neonServerDB-Postgres' for task execution.
[2023-12-28T16:54:38.681+0000] {python.py:194} INFO - Done. Returned value was: None
[2023-12-28T16:54:38.702+0000] {taskinstance.py:1400} INFO - Marking task as SUCCESS. dag_id=air_quality, task_id=Insert_Data, execution_date=20231201T040000, start_date=20231228T165434, end_date=20231228T165438
[2023-12-28T16:54:38.773+0000] {local_task_job_runner.py:228} INFO - Task exited with return code 0
[2023-12-28T16:54:38.813+0000] {taskinstance.py:2778} INFO - 0 downstream tasks scheduled from follow-on schedule check
