[2023-12-17T11:19:11.117+0000] {logging_mixin.py:154} INFO - Changing /opt/***/logs/dag_id=air_quality/run_id=scheduled__2023-12-12T04:00:00+00:00/task_id=Create_Table permission to 509
[2023-12-17T11:19:11.120+0000] {logging_mixin.py:154} INFO - Failed to change /opt/***/logs/dag_id=air_quality/run_id=scheduled__2023-12-12T04:00:00+00:00/task_id=Create_Table permission to 509: [Errno 1] Operation not permitted: '/opt/***/logs/dag_id=air_quality/run_id=scheduled__2023-12-12T04:00:00+00:00/task_id=Create_Table'
[2023-12-17T11:19:11.228+0000] {logging_mixin.py:154} INFO - Changing /opt/***/logs/dag_id=air_quality/run_id=scheduled__2023-12-12T04:00:00+00:00/task_id=Create_Table permission to 509
[2023-12-17T11:19:11.229+0000] {logging_mixin.py:154} INFO - Failed to change /opt/***/logs/dag_id=air_quality/run_id=scheduled__2023-12-12T04:00:00+00:00/task_id=Create_Table permission to 509: [Errno 1] Operation not permitted: '/opt/***/logs/dag_id=air_quality/run_id=scheduled__2023-12-12T04:00:00+00:00/task_id=Create_Table'
[2023-12-17T11:19:11.335+0000] {taskinstance.py:1159} INFO - Dependencies all met for dep_context=non-requeueable deps ti=<TaskInstance: air_quality.Create_Table scheduled__2023-12-12T04:00:00+00:00 [queued]>
[2023-12-17T11:19:11.363+0000] {taskinstance.py:1159} INFO - Dependencies all met for dep_context=requeueable deps ti=<TaskInstance: air_quality.Create_Table scheduled__2023-12-12T04:00:00+00:00 [queued]>
[2023-12-17T11:19:11.364+0000] {taskinstance.py:1361} INFO - Starting attempt 1 of 2
[2023-12-17T11:19:11.558+0000] {taskinstance.py:1382} INFO - Executing <Task(PythonOperator): Create_Table> on 2023-12-12 04:00:00+00:00
[2023-12-17T11:19:11.574+0000] {standard_task_runner.py:57} INFO - Started process 2450 to run task
[2023-12-17T11:19:11.595+0000] {standard_task_runner.py:84} INFO - Running: ['***', 'tasks', 'run', 'air_quality', 'Create_Table', 'scheduled__2023-12-12T04:00:00+00:00', '--job-id', '407', '--raw', '--subdir', 'DAGS_FOLDER/airQuality.py', '--cfg-path', '/tmp/tmpyhybx37c']
[2023-12-17T11:19:11.617+0000] {standard_task_runner.py:85} INFO - Job 407: Subtask Create_Table
[2023-12-17T11:19:11.780+0000] {logging_mixin.py:154} INFO - Changing /opt/***/logs/dag_id=air_quality/run_id=scheduled__2023-12-12T04:00:00+00:00/task_id=Create_Table permission to 509
[2023-12-17T11:19:11.781+0000] {logging_mixin.py:154} INFO - Failed to change /opt/***/logs/dag_id=air_quality/run_id=scheduled__2023-12-12T04:00:00+00:00/task_id=Create_Table permission to 509: [Errno 1] Operation not permitted: '/opt/***/logs/dag_id=air_quality/run_id=scheduled__2023-12-12T04:00:00+00:00/task_id=Create_Table'
[2023-12-17T11:19:11.788+0000] {task_command.py:416} INFO - Running <TaskInstance: air_quality.Create_Table scheduled__2023-12-12T04:00:00+00:00 [running]> on host 1a58977f5573
[2023-12-17T11:19:12.022+0000] {taskinstance.py:1662} INFO - Exporting env vars: AIRFLOW_CTX_DAG_OWNER='ghifari' AIRFLOW_CTX_DAG_ID='air_quality' AIRFLOW_CTX_TASK_ID='Create_Table' AIRFLOW_CTX_EXECUTION_DATE='2023-12-12T04:00:00+00:00' AIRFLOW_CTX_TRY_NUMBER='1' AIRFLOW_CTX_DAG_RUN_ID='scheduled__2023-12-12T04:00:00+00:00'
[2023-12-17T11:19:12.047+0000] {base.py:73} INFO - Using connection ID 'neonServerDB-Postgres' for task execution.
[2023-12-17T11:19:13.176+0000] {airQuality.py:160} INFO - Table air_quality Already Exist
[2023-12-17T11:19:13.262+0000] {python.py:194} INFO - Done. Returned value was: 
        CREATE TABLE air_quality (
            id serial primary key, 
            city varchar(250),
            country varchar(250), 
            unit varchar(20), 
            last_value float8, 
            lat float8,
            lng float8
        )
    
[2023-12-17T11:19:13.318+0000] {taskinstance.py:1400} INFO - Marking task as SUCCESS. dag_id=air_quality, task_id=Create_Table, execution_date=20231212T040000, start_date=20231217T111911, end_date=20231217T111913
[2023-12-17T11:19:13.397+0000] {local_task_job_runner.py:228} INFO - Task exited with return code 0
[2023-12-17T11:19:13.457+0000] {taskinstance.py:2778} INFO - 1 downstream tasks scheduled from follow-on schedule check
[2023-12-17T12:18:21.618+0000] {logging_mixin.py:154} INFO - Changing /opt/***/logs/dag_id=air_quality/run_id=scheduled__2023-12-12T04:00:00+00:00/task_id=Create_Table permission to 509
[2023-12-17T12:18:21.621+0000] {logging_mixin.py:154} INFO - Failed to change /opt/***/logs/dag_id=air_quality/run_id=scheduled__2023-12-12T04:00:00+00:00/task_id=Create_Table permission to 509: [Errno 1] Operation not permitted: '/opt/***/logs/dag_id=air_quality/run_id=scheduled__2023-12-12T04:00:00+00:00/task_id=Create_Table'
[2023-12-17T12:18:21.691+0000] {logging_mixin.py:154} INFO - Changing /opt/***/logs/dag_id=air_quality/run_id=scheduled__2023-12-12T04:00:00+00:00/task_id=Create_Table permission to 509
[2023-12-17T12:18:21.692+0000] {logging_mixin.py:154} INFO - Failed to change /opt/***/logs/dag_id=air_quality/run_id=scheduled__2023-12-12T04:00:00+00:00/task_id=Create_Table permission to 509: [Errno 1] Operation not permitted: '/opt/***/logs/dag_id=air_quality/run_id=scheduled__2023-12-12T04:00:00+00:00/task_id=Create_Table'
[2023-12-17T12:18:21.779+0000] {taskinstance.py:1159} INFO - Dependencies all met for dep_context=non-requeueable deps ti=<TaskInstance: air_quality.Create_Table scheduled__2023-12-12T04:00:00+00:00 [queued]>
[2023-12-17T12:18:21.804+0000] {taskinstance.py:1159} INFO - Dependencies all met for dep_context=requeueable deps ti=<TaskInstance: air_quality.Create_Table scheduled__2023-12-12T04:00:00+00:00 [queued]>
[2023-12-17T12:18:21.805+0000] {taskinstance.py:1361} INFO - Starting attempt 1 of 2
[2023-12-17T12:18:21.848+0000] {taskinstance.py:1382} INFO - Executing <Task(PythonOperator): Create_Table> on 2023-12-12 04:00:00+00:00
[2023-12-17T12:18:21.860+0000] {standard_task_runner.py:57} INFO - Started process 4165 to run task
[2023-12-17T12:18:21.872+0000] {standard_task_runner.py:84} INFO - Running: ['***', 'tasks', 'run', 'air_quality', 'Create_Table', 'scheduled__2023-12-12T04:00:00+00:00', '--job-id', '624', '--raw', '--subdir', 'DAGS_FOLDER/airQuality.py', '--cfg-path', '/tmp/tmpf01pm6tk']
[2023-12-17T12:18:21.875+0000] {standard_task_runner.py:85} INFO - Job 624: Subtask Create_Table
[2023-12-17T12:18:21.989+0000] {logging_mixin.py:154} INFO - Changing /opt/***/logs/dag_id=air_quality/run_id=scheduled__2023-12-12T04:00:00+00:00/task_id=Create_Table permission to 509
[2023-12-17T12:18:21.990+0000] {logging_mixin.py:154} INFO - Failed to change /opt/***/logs/dag_id=air_quality/run_id=scheduled__2023-12-12T04:00:00+00:00/task_id=Create_Table permission to 509: [Errno 1] Operation not permitted: '/opt/***/logs/dag_id=air_quality/run_id=scheduled__2023-12-12T04:00:00+00:00/task_id=Create_Table'
[2023-12-17T12:18:21.994+0000] {task_command.py:416} INFO - Running <TaskInstance: air_quality.Create_Table scheduled__2023-12-12T04:00:00+00:00 [running]> on host 1a58977f5573
[2023-12-17T12:18:22.236+0000] {taskinstance.py:1662} INFO - Exporting env vars: AIRFLOW_CTX_DAG_OWNER='ghifari' AIRFLOW_CTX_DAG_ID='air_quality' AIRFLOW_CTX_TASK_ID='Create_Table' AIRFLOW_CTX_EXECUTION_DATE='2023-12-12T04:00:00+00:00' AIRFLOW_CTX_TRY_NUMBER='1' AIRFLOW_CTX_DAG_RUN_ID='scheduled__2023-12-12T04:00:00+00:00'
[2023-12-17T12:18:22.256+0000] {base.py:73} INFO - Using connection ID 'neonServerDB-Postgres' for task execution.
[2023-12-17T12:18:22.737+0000] {airQuality.py:161} INFO - Table air_quality Already Exist
[2023-12-17T12:18:22.822+0000] {python.py:194} INFO - Done. Returned value was: 
        CREATE TABLE air_quality (
            id serial primary key, 
            city varchar(250),
            country varchar(250), 
            unit varchar(20), 
            last_value float8, 
            lat float8,
            lng float8
        )
    
[2023-12-17T12:18:22.956+0000] {taskinstance.py:1400} INFO - Marking task as SUCCESS. dag_id=air_quality, task_id=Create_Table, execution_date=20231212T040000, start_date=20231217T121821, end_date=20231217T121822
[2023-12-17T12:18:23.032+0000] {local_task_job_runner.py:228} INFO - Task exited with return code 0
[2023-12-17T12:18:23.171+0000] {taskinstance.py:2778} INFO - 1 downstream tasks scheduled from follow-on schedule check
[2023-12-17T12:19:08.179+0000] {logging_mixin.py:154} INFO - Changing /opt/***/logs/dag_id=air_quality/run_id=scheduled__2023-12-12T04:00:00+00:00/task_id=Create_Table permission to 509
[2023-12-17T12:19:08.181+0000] {logging_mixin.py:154} INFO - Failed to change /opt/***/logs/dag_id=air_quality/run_id=scheduled__2023-12-12T04:00:00+00:00/task_id=Create_Table permission to 509: [Errno 1] Operation not permitted: '/opt/***/logs/dag_id=air_quality/run_id=scheduled__2023-12-12T04:00:00+00:00/task_id=Create_Table'
[2023-12-17T12:19:08.229+0000] {logging_mixin.py:154} INFO - Changing /opt/***/logs/dag_id=air_quality/run_id=scheduled__2023-12-12T04:00:00+00:00/task_id=Create_Table permission to 509
[2023-12-17T12:19:08.230+0000] {logging_mixin.py:154} INFO - Failed to change /opt/***/logs/dag_id=air_quality/run_id=scheduled__2023-12-12T04:00:00+00:00/task_id=Create_Table permission to 509: [Errno 1] Operation not permitted: '/opt/***/logs/dag_id=air_quality/run_id=scheduled__2023-12-12T04:00:00+00:00/task_id=Create_Table'
[2023-12-17T12:19:08.277+0000] {taskinstance.py:1159} INFO - Dependencies all met for dep_context=non-requeueable deps ti=<TaskInstance: air_quality.Create_Table scheduled__2023-12-12T04:00:00+00:00 [queued]>
[2023-12-17T12:19:08.297+0000] {taskinstance.py:1159} INFO - Dependencies all met for dep_context=requeueable deps ti=<TaskInstance: air_quality.Create_Table scheduled__2023-12-12T04:00:00+00:00 [queued]>
[2023-12-17T12:19:08.297+0000] {taskinstance.py:1361} INFO - Starting attempt 1 of 2
[2023-12-17T12:19:08.321+0000] {taskinstance.py:1382} INFO - Executing <Task(PythonOperator): Create_Table> on 2023-12-12 04:00:00+00:00
[2023-12-17T12:19:08.328+0000] {standard_task_runner.py:57} INFO - Started process 4598 to run task
[2023-12-17T12:19:08.332+0000] {standard_task_runner.py:84} INFO - Running: ['***', 'tasks', 'run', 'air_quality', 'Create_Table', 'scheduled__2023-12-12T04:00:00+00:00', '--job-id', '711', '--raw', '--subdir', 'DAGS_FOLDER/airQuality.py', '--cfg-path', '/tmp/tmps0a4bjth']
[2023-12-17T12:19:08.333+0000] {standard_task_runner.py:85} INFO - Job 711: Subtask Create_Table
[2023-12-17T12:19:08.407+0000] {logging_mixin.py:154} INFO - Changing /opt/***/logs/dag_id=air_quality/run_id=scheduled__2023-12-12T04:00:00+00:00/task_id=Create_Table permission to 509
[2023-12-17T12:19:08.408+0000] {logging_mixin.py:154} INFO - Failed to change /opt/***/logs/dag_id=air_quality/run_id=scheduled__2023-12-12T04:00:00+00:00/task_id=Create_Table permission to 509: [Errno 1] Operation not permitted: '/opt/***/logs/dag_id=air_quality/run_id=scheduled__2023-12-12T04:00:00+00:00/task_id=Create_Table'
[2023-12-17T12:19:08.411+0000] {task_command.py:416} INFO - Running <TaskInstance: air_quality.Create_Table scheduled__2023-12-12T04:00:00+00:00 [running]> on host 1a58977f5573
[2023-12-17T12:19:08.537+0000] {taskinstance.py:1662} INFO - Exporting env vars: AIRFLOW_CTX_DAG_OWNER='ghifari' AIRFLOW_CTX_DAG_ID='air_quality' AIRFLOW_CTX_TASK_ID='Create_Table' AIRFLOW_CTX_EXECUTION_DATE='2023-12-12T04:00:00+00:00' AIRFLOW_CTX_TRY_NUMBER='1' AIRFLOW_CTX_DAG_RUN_ID='scheduled__2023-12-12T04:00:00+00:00'
[2023-12-17T12:19:08.551+0000] {base.py:73} INFO - Using connection ID 'neonServerDB-Postgres' for task execution.
[2023-12-17T12:19:09.067+0000] {airQuality.py:161} INFO - Table air_quality Already Exist
[2023-12-17T12:19:09.090+0000] {python.py:194} INFO - Done. Returned value was: 
        CREATE TABLE air_quality (
            id serial primary key, 
            city varchar(250),
            country varchar(250), 
            unit varchar(20), 
            last_value float8, 
            lat float8,
            lng float8
        )
    
[2023-12-17T12:19:09.118+0000] {taskinstance.py:1400} INFO - Marking task as SUCCESS. dag_id=air_quality, task_id=Create_Table, execution_date=20231212T040000, start_date=20231217T121908, end_date=20231217T121909
[2023-12-17T12:19:09.146+0000] {local_task_job_runner.py:228} INFO - Task exited with return code 0
[2023-12-17T12:19:09.185+0000] {taskinstance.py:2778} INFO - 1 downstream tasks scheduled from follow-on schedule check
[2023-12-28T16:52:00.351+0000] {logging_mixin.py:154} INFO - Changing /opt/***/logs/dag_id=air_quality/run_id=scheduled__2023-12-12T04:00:00+00:00/task_id=Create_Table permission to 509
[2023-12-28T16:52:00.366+0000] {logging_mixin.py:154} INFO - Failed to change /opt/***/logs/dag_id=air_quality/run_id=scheduled__2023-12-12T04:00:00+00:00/task_id=Create_Table permission to 509: [Errno 1] Operation not permitted: '/opt/***/logs/dag_id=air_quality/run_id=scheduled__2023-12-12T04:00:00+00:00/task_id=Create_Table'
[2023-12-28T16:52:00.490+0000] {logging_mixin.py:154} INFO - Changing /opt/***/logs/dag_id=air_quality/run_id=scheduled__2023-12-12T04:00:00+00:00/task_id=Create_Table permission to 509
[2023-12-28T16:52:00.494+0000] {logging_mixin.py:154} INFO - Failed to change /opt/***/logs/dag_id=air_quality/run_id=scheduled__2023-12-12T04:00:00+00:00/task_id=Create_Table permission to 509: [Errno 1] Operation not permitted: '/opt/***/logs/dag_id=air_quality/run_id=scheduled__2023-12-12T04:00:00+00:00/task_id=Create_Table'
[2023-12-28T16:52:00.752+0000] {taskinstance.py:1159} INFO - Dependencies all met for dep_context=non-requeueable deps ti=<TaskInstance: air_quality.Create_Table scheduled__2023-12-12T04:00:00+00:00 [queued]>
[2023-12-28T16:52:00.817+0000] {taskinstance.py:1159} INFO - Dependencies all met for dep_context=requeueable deps ti=<TaskInstance: air_quality.Create_Table scheduled__2023-12-12T04:00:00+00:00 [queued]>
[2023-12-28T16:52:00.818+0000] {taskinstance.py:1361} INFO - Starting attempt 1 of 2
[2023-12-28T16:52:00.894+0000] {taskinstance.py:1382} INFO - Executing <Task(PythonOperator): Create_Table> on 2023-12-12 04:00:00+00:00
[2023-12-28T16:52:00.920+0000] {standard_task_runner.py:57} INFO - Started process 287 to run task
[2023-12-28T16:52:00.950+0000] {standard_task_runner.py:84} INFO - Running: ['***', 'tasks', 'run', 'air_quality', 'Create_Table', 'scheduled__2023-12-12T04:00:00+00:00', '--job-id', '887', '--raw', '--subdir', 'DAGS_FOLDER/airQuality.py', '--cfg-path', '/tmp/tmpf8iwnzei']
[2023-12-28T16:52:00.957+0000] {standard_task_runner.py:85} INFO - Job 887: Subtask Create_Table
[2023-12-28T16:52:01.199+0000] {logging_mixin.py:154} INFO - Changing /opt/***/logs/dag_id=air_quality/run_id=scheduled__2023-12-12T04:00:00+00:00/task_id=Create_Table permission to 509
[2023-12-28T16:52:01.201+0000] {logging_mixin.py:154} INFO - Failed to change /opt/***/logs/dag_id=air_quality/run_id=scheduled__2023-12-12T04:00:00+00:00/task_id=Create_Table permission to 509: [Errno 1] Operation not permitted: '/opt/***/logs/dag_id=air_quality/run_id=scheduled__2023-12-12T04:00:00+00:00/task_id=Create_Table'
[2023-12-28T16:52:01.206+0000] {task_command.py:416} INFO - Running <TaskInstance: air_quality.Create_Table scheduled__2023-12-12T04:00:00+00:00 [running]> on host d67dd4682ccf
[2023-12-28T16:52:01.600+0000] {taskinstance.py:1662} INFO - Exporting env vars: AIRFLOW_CTX_DAG_OWNER='ghifari' AIRFLOW_CTX_DAG_ID='air_quality' AIRFLOW_CTX_TASK_ID='Create_Table' AIRFLOW_CTX_EXECUTION_DATE='2023-12-12T04:00:00+00:00' AIRFLOW_CTX_TRY_NUMBER='1' AIRFLOW_CTX_DAG_RUN_ID='scheduled__2023-12-12T04:00:00+00:00'
[2023-12-28T16:52:01.660+0000] {base.py:73} INFO - Using connection ID 'neonServerDB-Postgres' for task execution.
[2023-12-28T16:52:03.964+0000] {airQuality.py:139} INFO - Table air_quality Already Exist
[2023-12-28T16:52:04.031+0000] {python.py:194} INFO - Done. Returned value was: 
        CREATE TABLE air_quality (
            id serial primary key, 
            city varchar(250),
            country varchar(250), 
            unit varchar(20), 
            last_value float8, 
            lat float8,
            lng float8
        )
    
[2023-12-28T16:52:04.165+0000] {taskinstance.py:1400} INFO - Marking task as SUCCESS. dag_id=air_quality, task_id=Create_Table, execution_date=20231212T040000, start_date=20231228T165200, end_date=20231228T165204
[2023-12-28T16:52:04.288+0000] {local_task_job_runner.py:228} INFO - Task exited with return code 0
[2023-12-28T16:52:04.479+0000] {taskinstance.py:2778} INFO - 1 downstream tasks scheduled from follow-on schedule check
[2023-12-28T16:55:01.900+0000] {logging_mixin.py:154} INFO - Changing /opt/***/logs/dag_id=air_quality/run_id=scheduled__2023-12-12T04:00:00+00:00/task_id=Create_Table permission to 509
[2023-12-28T16:55:01.906+0000] {logging_mixin.py:154} INFO - Failed to change /opt/***/logs/dag_id=air_quality/run_id=scheduled__2023-12-12T04:00:00+00:00/task_id=Create_Table permission to 509: [Errno 1] Operation not permitted: '/opt/***/logs/dag_id=air_quality/run_id=scheduled__2023-12-12T04:00:00+00:00/task_id=Create_Table'
[2023-12-28T16:55:02.092+0000] {logging_mixin.py:154} INFO - Changing /opt/***/logs/dag_id=air_quality/run_id=scheduled__2023-12-12T04:00:00+00:00/task_id=Create_Table permission to 509
[2023-12-28T16:55:02.094+0000] {logging_mixin.py:154} INFO - Failed to change /opt/***/logs/dag_id=air_quality/run_id=scheduled__2023-12-12T04:00:00+00:00/task_id=Create_Table permission to 509: [Errno 1] Operation not permitted: '/opt/***/logs/dag_id=air_quality/run_id=scheduled__2023-12-12T04:00:00+00:00/task_id=Create_Table'
[2023-12-28T16:55:02.295+0000] {taskinstance.py:1159} INFO - Dependencies all met for dep_context=non-requeueable deps ti=<TaskInstance: air_quality.Create_Table scheduled__2023-12-12T04:00:00+00:00 [queued]>
[2023-12-28T16:55:02.365+0000] {taskinstance.py:1159} INFO - Dependencies all met for dep_context=requeueable deps ti=<TaskInstance: air_quality.Create_Table scheduled__2023-12-12T04:00:00+00:00 [queued]>
[2023-12-28T16:55:02.367+0000] {taskinstance.py:1361} INFO - Starting attempt 1 of 2
[2023-12-28T16:55:02.600+0000] {taskinstance.py:1382} INFO - Executing <Task(PythonOperator): Create_Table> on 2023-12-12 04:00:00+00:00
[2023-12-28T16:55:02.613+0000] {standard_task_runner.py:57} INFO - Started process 1275 to run task
[2023-12-28T16:55:02.632+0000] {standard_task_runner.py:84} INFO - Running: ['***', 'tasks', 'run', 'air_quality', 'Create_Table', 'scheduled__2023-12-12T04:00:00+00:00', '--job-id', '1137', '--raw', '--subdir', 'DAGS_FOLDER/airQuality.py', '--cfg-path', '/tmp/tmp83oivl39']
[2023-12-28T16:55:02.648+0000] {standard_task_runner.py:85} INFO - Job 1137: Subtask Create_Table
[2023-12-28T16:55:03.057+0000] {logging_mixin.py:154} INFO - Changing /opt/***/logs/dag_id=air_quality/run_id=scheduled__2023-12-12T04:00:00+00:00/task_id=Create_Table permission to 509
[2023-12-28T16:55:03.105+0000] {logging_mixin.py:154} INFO - Failed to change /opt/***/logs/dag_id=air_quality/run_id=scheduled__2023-12-12T04:00:00+00:00/task_id=Create_Table permission to 509: [Errno 1] Operation not permitted: '/opt/***/logs/dag_id=air_quality/run_id=scheduled__2023-12-12T04:00:00+00:00/task_id=Create_Table'
[2023-12-28T16:55:03.168+0000] {task_command.py:416} INFO - Running <TaskInstance: air_quality.Create_Table scheduled__2023-12-12T04:00:00+00:00 [running]> on host d67dd4682ccf
[2023-12-28T16:55:03.569+0000] {taskinstance.py:1662} INFO - Exporting env vars: AIRFLOW_CTX_DAG_OWNER='ghifari' AIRFLOW_CTX_DAG_ID='air_quality' AIRFLOW_CTX_TASK_ID='Create_Table' AIRFLOW_CTX_EXECUTION_DATE='2023-12-12T04:00:00+00:00' AIRFLOW_CTX_TRY_NUMBER='1' AIRFLOW_CTX_DAG_RUN_ID='scheduled__2023-12-12T04:00:00+00:00'
[2023-12-28T16:55:03.640+0000] {base.py:73} INFO - Using connection ID 'neonServerDB-Postgres' for task execution.
[2023-12-28T16:55:08.006+0000] {airQuality.py:139} INFO - Table air_quality Already Exist
[2023-12-28T16:55:08.075+0000] {python.py:194} INFO - Done. Returned value was: 
        CREATE TABLE air_quality (
            id serial primary key, 
            city varchar(250),
            country varchar(250), 
            unit varchar(20), 
            last_value float8, 
            lat float8,
            lng float8
        )
    
[2023-12-28T16:55:08.176+0000] {taskinstance.py:1400} INFO - Marking task as SUCCESS. dag_id=air_quality, task_id=Create_Table, execution_date=20231212T040000, start_date=20231228T165502, end_date=20231228T165508
[2023-12-28T16:55:08.425+0000] {local_task_job_runner.py:228} INFO - Task exited with return code 0
[2023-12-28T16:55:08.730+0000] {taskinstance.py:2778} INFO - 1 downstream tasks scheduled from follow-on schedule check
