[2023-12-28T16:08:57.317+0000] {logging_mixin.py:154} INFO - Changing /opt/***/logs/dag_id=air_quality/run_id=scheduled__2023-12-19T04:00:00+00:00/task_id=Transform permission to 509
[2023-12-28T16:08:57.343+0000] {logging_mixin.py:154} INFO - Failed to change /opt/***/logs/dag_id=air_quality/run_id=scheduled__2023-12-19T04:00:00+00:00/task_id=Transform permission to 509: [Errno 1] Operation not permitted: '/opt/***/logs/dag_id=air_quality/run_id=scheduled__2023-12-19T04:00:00+00:00/task_id=Transform'
[2023-12-28T16:08:57.705+0000] {logging_mixin.py:154} INFO - Changing /opt/***/logs/dag_id=air_quality/run_id=scheduled__2023-12-19T04:00:00+00:00/task_id=Transform permission to 509
[2023-12-28T16:08:57.706+0000] {logging_mixin.py:154} INFO - Failed to change /opt/***/logs/dag_id=air_quality/run_id=scheduled__2023-12-19T04:00:00+00:00/task_id=Transform permission to 509: [Errno 1] Operation not permitted: '/opt/***/logs/dag_id=air_quality/run_id=scheduled__2023-12-19T04:00:00+00:00/task_id=Transform'
[2023-12-28T16:08:57.908+0000] {taskinstance.py:1159} INFO - Dependencies all met for dep_context=non-requeueable deps ti=<TaskInstance: air_quality.Transform scheduled__2023-12-19T04:00:00+00:00 [queued]>
[2023-12-28T16:08:57.982+0000] {taskinstance.py:1159} INFO - Dependencies all met for dep_context=requeueable deps ti=<TaskInstance: air_quality.Transform scheduled__2023-12-19T04:00:00+00:00 [queued]>
[2023-12-28T16:08:57.984+0000] {taskinstance.py:1361} INFO - Starting attempt 1 of 2
[2023-12-28T16:08:58.236+0000] {taskinstance.py:1382} INFO - Executing <Task(PythonOperator): Transform> on 2023-12-19 04:00:00+00:00
[2023-12-28T16:08:58.259+0000] {standard_task_runner.py:57} INFO - Started process 539 to run task
[2023-12-28T16:08:58.272+0000] {standard_task_runner.py:84} INFO - Running: ['***', 'tasks', 'run', 'air_quality', 'Transform', 'scheduled__2023-12-19T04:00:00+00:00', '--job-id', '761', '--raw', '--subdir', 'DAGS_FOLDER/airQuality.py', '--cfg-path', '/tmp/tmp6lomc484']
[2023-12-28T16:08:58.281+0000] {standard_task_runner.py:85} INFO - Job 761: Subtask Transform
[2023-12-28T16:08:58.564+0000] {logging_mixin.py:154} INFO - Changing /opt/***/logs/dag_id=air_quality/run_id=scheduled__2023-12-19T04:00:00+00:00/task_id=Transform permission to 509
[2023-12-28T16:08:58.566+0000] {logging_mixin.py:154} INFO - Failed to change /opt/***/logs/dag_id=air_quality/run_id=scheduled__2023-12-19T04:00:00+00:00/task_id=Transform permission to 509: [Errno 1] Operation not permitted: '/opt/***/logs/dag_id=air_quality/run_id=scheduled__2023-12-19T04:00:00+00:00/task_id=Transform'
[2023-12-28T16:08:58.605+0000] {task_command.py:416} INFO - Running <TaskInstance: air_quality.Transform scheduled__2023-12-19T04:00:00+00:00 [running]> on host d67dd4682ccf
[2023-12-28T16:08:59.026+0000] {taskinstance.py:1662} INFO - Exporting env vars: AIRFLOW_CTX_DAG_OWNER='ghifari' AIRFLOW_CTX_DAG_ID='air_quality' AIRFLOW_CTX_TASK_ID='Transform' AIRFLOW_CTX_EXECUTION_DATE='2023-12-19T04:00:00+00:00' AIRFLOW_CTX_TRY_NUMBER='1' AIRFLOW_CTX_DAG_RUN_ID='scheduled__2023-12-19T04:00:00+00:00'
[2023-12-28T16:09:03.513+0000] {python.py:194} INFO - Done. Returned value was:       city country  unit  last_value       lat         lng
0  Jakarta      ID  pm25      -999.0 -6.182536  106.834236
[2023-12-28T16:09:03.606+0000] {taskinstance.py:1400} INFO - Marking task as SUCCESS. dag_id=air_quality, task_id=Transform, execution_date=20231219T040000, start_date=20231228T160857, end_date=20231228T160903
[2023-12-28T16:09:03.701+0000] {local_task_job_runner.py:228} INFO - Task exited with return code 0
[2023-12-28T16:09:03.782+0000] {taskinstance.py:2778} INFO - 1 downstream tasks scheduled from follow-on schedule check
[2023-12-28T16:52:02.061+0000] {logging_mixin.py:154} INFO - Changing /opt/***/logs/dag_id=air_quality/run_id=scheduled__2023-12-19T04:00:00+00:00/task_id=Transform permission to 509
[2023-12-28T16:52:02.088+0000] {logging_mixin.py:154} INFO - Failed to change /opt/***/logs/dag_id=air_quality/run_id=scheduled__2023-12-19T04:00:00+00:00/task_id=Transform permission to 509: [Errno 1] Operation not permitted: '/opt/***/logs/dag_id=air_quality/run_id=scheduled__2023-12-19T04:00:00+00:00/task_id=Transform'
[2023-12-28T16:52:02.250+0000] {logging_mixin.py:154} INFO - Changing /opt/***/logs/dag_id=air_quality/run_id=scheduled__2023-12-19T04:00:00+00:00/task_id=Transform permission to 509
[2023-12-28T16:52:02.258+0000] {logging_mixin.py:154} INFO - Failed to change /opt/***/logs/dag_id=air_quality/run_id=scheduled__2023-12-19T04:00:00+00:00/task_id=Transform permission to 509: [Errno 1] Operation not permitted: '/opt/***/logs/dag_id=air_quality/run_id=scheduled__2023-12-19T04:00:00+00:00/task_id=Transform'
[2023-12-28T16:52:02.402+0000] {taskinstance.py:1159} INFO - Dependencies all met for dep_context=non-requeueable deps ti=<TaskInstance: air_quality.Transform scheduled__2023-12-19T04:00:00+00:00 [queued]>
[2023-12-28T16:52:02.476+0000] {taskinstance.py:1159} INFO - Dependencies all met for dep_context=requeueable deps ti=<TaskInstance: air_quality.Transform scheduled__2023-12-19T04:00:00+00:00 [queued]>
[2023-12-28T16:52:02.479+0000] {taskinstance.py:1361} INFO - Starting attempt 1 of 2
[2023-12-28T16:52:02.575+0000] {taskinstance.py:1382} INFO - Executing <Task(PythonOperator): Transform> on 2023-12-19 04:00:00+00:00
[2023-12-28T16:52:02.584+0000] {standard_task_runner.py:57} INFO - Started process 298 to run task
[2023-12-28T16:52:02.600+0000] {standard_task_runner.py:84} INFO - Running: ['***', 'tasks', 'run', 'air_quality', 'Transform', 'scheduled__2023-12-19T04:00:00+00:00', '--job-id', '893', '--raw', '--subdir', 'DAGS_FOLDER/airQuality.py', '--cfg-path', '/tmp/tmpm_vc7al4']
[2023-12-28T16:52:02.618+0000] {standard_task_runner.py:85} INFO - Job 893: Subtask Transform
[2023-12-28T16:52:02.978+0000] {logging_mixin.py:154} INFO - Changing /opt/***/logs/dag_id=air_quality/run_id=scheduled__2023-12-19T04:00:00+00:00/task_id=Transform permission to 509
[2023-12-28T16:52:02.980+0000] {logging_mixin.py:154} INFO - Failed to change /opt/***/logs/dag_id=air_quality/run_id=scheduled__2023-12-19T04:00:00+00:00/task_id=Transform permission to 509: [Errno 1] Operation not permitted: '/opt/***/logs/dag_id=air_quality/run_id=scheduled__2023-12-19T04:00:00+00:00/task_id=Transform'
[2023-12-28T16:52:02.999+0000] {task_command.py:416} INFO - Running <TaskInstance: air_quality.Transform scheduled__2023-12-19T04:00:00+00:00 [running]> on host d67dd4682ccf
[2023-12-28T16:52:03.456+0000] {taskinstance.py:1662} INFO - Exporting env vars: AIRFLOW_CTX_DAG_OWNER='ghifari' AIRFLOW_CTX_DAG_ID='air_quality' AIRFLOW_CTX_TASK_ID='Transform' AIRFLOW_CTX_EXECUTION_DATE='2023-12-19T04:00:00+00:00' AIRFLOW_CTX_TRY_NUMBER='1' AIRFLOW_CTX_DAG_RUN_ID='scheduled__2023-12-19T04:00:00+00:00'
[2023-12-28T16:52:06.062+0000] {python.py:194} INFO - Done. Returned value was:       city country unit  last_value       lat         lng
0  Jakarta      ID   o3      -0.999 -6.182536  106.834236
[2023-12-28T16:52:06.313+0000] {taskinstance.py:1400} INFO - Marking task as SUCCESS. dag_id=air_quality, task_id=Transform, execution_date=20231219T040000, start_date=20231228T165202, end_date=20231228T165206
[2023-12-28T16:52:06.842+0000] {local_task_job_runner.py:228} INFO - Task exited with return code 0
[2023-12-28T16:52:07.116+0000] {taskinstance.py:2778} INFO - 1 downstream tasks scheduled from follow-on schedule check
[2023-12-28T16:52:31.873+0000] {logging_mixin.py:154} INFO - Changing /opt/***/logs/dag_id=air_quality/run_id=scheduled__2023-12-19T04:00:00+00:00/task_id=Transform permission to 509
[2023-12-28T16:52:31.900+0000] {logging_mixin.py:154} INFO - Failed to change /opt/***/logs/dag_id=air_quality/run_id=scheduled__2023-12-19T04:00:00+00:00/task_id=Transform permission to 509: [Errno 1] Operation not permitted: '/opt/***/logs/dag_id=air_quality/run_id=scheduled__2023-12-19T04:00:00+00:00/task_id=Transform'
[2023-12-28T16:52:32.145+0000] {logging_mixin.py:154} INFO - Changing /opt/***/logs/dag_id=air_quality/run_id=scheduled__2023-12-19T04:00:00+00:00/task_id=Transform permission to 509
[2023-12-28T16:52:32.146+0000] {logging_mixin.py:154} INFO - Failed to change /opt/***/logs/dag_id=air_quality/run_id=scheduled__2023-12-19T04:00:00+00:00/task_id=Transform permission to 509: [Errno 1] Operation not permitted: '/opt/***/logs/dag_id=air_quality/run_id=scheduled__2023-12-19T04:00:00+00:00/task_id=Transform'
[2023-12-28T16:52:32.362+0000] {taskinstance.py:1159} INFO - Dependencies all met for dep_context=non-requeueable deps ti=<TaskInstance: air_quality.Transform scheduled__2023-12-19T04:00:00+00:00 [queued]>
[2023-12-28T16:52:32.425+0000] {taskinstance.py:1159} INFO - Dependencies all met for dep_context=requeueable deps ti=<TaskInstance: air_quality.Transform scheduled__2023-12-19T04:00:00+00:00 [queued]>
[2023-12-28T16:52:32.432+0000] {taskinstance.py:1361} INFO - Starting attempt 1 of 2
[2023-12-28T16:52:32.629+0000] {taskinstance.py:1382} INFO - Executing <Task(PythonOperator): Transform> on 2023-12-19 04:00:00+00:00
[2023-12-28T16:52:32.657+0000] {standard_task_runner.py:57} INFO - Started process 611 to run task
[2023-12-28T16:52:32.674+0000] {standard_task_runner.py:84} INFO - Running: ['***', 'tasks', 'run', 'air_quality', 'Transform', 'scheduled__2023-12-19T04:00:00+00:00', '--job-id', '961', '--raw', '--subdir', 'DAGS_FOLDER/airQuality.py', '--cfg-path', '/tmp/tmp6cr8cmi_']
[2023-12-28T16:52:32.693+0000] {standard_task_runner.py:85} INFO - Job 961: Subtask Transform
[2023-12-28T16:52:32.942+0000] {logging_mixin.py:154} INFO - Changing /opt/***/logs/dag_id=air_quality/run_id=scheduled__2023-12-19T04:00:00+00:00/task_id=Transform permission to 509
[2023-12-28T16:52:32.944+0000] {logging_mixin.py:154} INFO - Failed to change /opt/***/logs/dag_id=air_quality/run_id=scheduled__2023-12-19T04:00:00+00:00/task_id=Transform permission to 509: [Errno 1] Operation not permitted: '/opt/***/logs/dag_id=air_quality/run_id=scheduled__2023-12-19T04:00:00+00:00/task_id=Transform'
[2023-12-28T16:52:32.949+0000] {task_command.py:416} INFO - Running <TaskInstance: air_quality.Transform scheduled__2023-12-19T04:00:00+00:00 [running]> on host d67dd4682ccf
[2023-12-28T16:52:33.211+0000] {taskinstance.py:1662} INFO - Exporting env vars: AIRFLOW_CTX_DAG_OWNER='ghifari' AIRFLOW_CTX_DAG_ID='air_quality' AIRFLOW_CTX_TASK_ID='Transform' AIRFLOW_CTX_EXECUTION_DATE='2023-12-19T04:00:00+00:00' AIRFLOW_CTX_TRY_NUMBER='1' AIRFLOW_CTX_DAG_RUN_ID='scheduled__2023-12-19T04:00:00+00:00'
[2023-12-28T16:52:35.067+0000] {taskinstance.py:1937} ERROR - Task failed with exception
Traceback (most recent call last):
  File "/home/airflow/.local/lib/python3.8/site-packages/airflow/operators/python.py", line 192, in execute
    return_value = self.execute_callable()
  File "/home/airflow/.local/lib/python3.8/site-packages/airflow/operators/python.py", line 209, in execute_callable
    return self.python_callable(*self.op_args, **self.op_kwargs)
  File "/opt/airflow/dags/airQuality.py", line 72, in transformation
    dt['city'] = dt['city'].str.strip()
  File "/home/airflow/.local/lib/python3.8/site-packages/pandas/core/frame.py", line 3761, in __getitem__
    indexer = self.columns.get_loc(key)
  File "/home/airflow/.local/lib/python3.8/site-packages/pandas/core/indexes/range.py", line 349, in get_loc
    raise KeyError(key)
KeyError: 'city'
[2023-12-28T16:52:35.222+0000] {taskinstance.py:1400} INFO - Marking task as FAILED. dag_id=air_quality, task_id=Transform, execution_date=20231219T040000, start_date=20231228T165232, end_date=20231228T165235
[2023-12-28T16:52:35.296+0000] {standard_task_runner.py:104} ERROR - Failed to execute job 961 for task Transform ((psycopg2.errors.ForeignKeyViolation) insert or update on table "task_fail" violates foreign key constraint "task_fail_ti_fkey"
DETAIL:  Key (dag_id, task_id, run_id, map_index)=(air_quality, Transform, scheduled__2023-12-19T04:00:00+00:00, -1) is not present in table "task_instance".

[SQL: INSERT INTO task_fail (task_id, dag_id, run_id, map_index, start_date, end_date, duration) VALUES (%(task_id)s, %(dag_id)s, %(run_id)s, %(map_index)s, %(start_date)s, %(end_date)s, %(duration)s) RETURNING task_fail.id]
[parameters: {'task_id': 'Transform', 'dag_id': 'air_quality', 'run_id': 'scheduled__2023-12-19T04:00:00+00:00', 'map_index': -1, 'start_date': datetime.datetime(2023, 12, 28, 16, 52, 32, 363914, tzinfo=Timezone('UTC')), 'end_date': datetime.datetime(2023, 12, 28, 16, 52, 35, 157428, tzinfo=Timezone('UTC')), 'duration': 2}]
(Background on this error at: https://sqlalche.me/e/14/gkpj); 611)
[2023-12-28T16:52:35.351+0000] {local_task_job_runner.py:228} INFO - Task exited with return code 1
[2023-12-28T16:55:04.568+0000] {logging_mixin.py:154} INFO - Changing /opt/***/logs/dag_id=air_quality/run_id=scheduled__2023-12-19T04:00:00+00:00/task_id=Transform permission to 509
[2023-12-28T16:55:04.571+0000] {logging_mixin.py:154} INFO - Failed to change /opt/***/logs/dag_id=air_quality/run_id=scheduled__2023-12-19T04:00:00+00:00/task_id=Transform permission to 509: [Errno 1] Operation not permitted: '/opt/***/logs/dag_id=air_quality/run_id=scheduled__2023-12-19T04:00:00+00:00/task_id=Transform'
[2023-12-28T16:55:04.705+0000] {logging_mixin.py:154} INFO - Changing /opt/***/logs/dag_id=air_quality/run_id=scheduled__2023-12-19T04:00:00+00:00/task_id=Transform permission to 509
[2023-12-28T16:55:04.716+0000] {logging_mixin.py:154} INFO - Failed to change /opt/***/logs/dag_id=air_quality/run_id=scheduled__2023-12-19T04:00:00+00:00/task_id=Transform permission to 509: [Errno 1] Operation not permitted: '/opt/***/logs/dag_id=air_quality/run_id=scheduled__2023-12-19T04:00:00+00:00/task_id=Transform'
[2023-12-28T16:55:04.969+0000] {taskinstance.py:1159} INFO - Dependencies all met for dep_context=non-requeueable deps ti=<TaskInstance: air_quality.Transform scheduled__2023-12-19T04:00:00+00:00 [queued]>
[2023-12-28T16:55:05.014+0000] {taskinstance.py:1159} INFO - Dependencies all met for dep_context=requeueable deps ti=<TaskInstance: air_quality.Transform scheduled__2023-12-19T04:00:00+00:00 [queued]>
[2023-12-28T16:55:05.020+0000] {taskinstance.py:1361} INFO - Starting attempt 1 of 2
[2023-12-28T16:55:05.076+0000] {taskinstance.py:1382} INFO - Executing <Task(PythonOperator): Transform> on 2023-12-19 04:00:00+00:00
[2023-12-28T16:55:05.101+0000] {standard_task_runner.py:57} INFO - Started process 1288 to run task
[2023-12-28T16:55:05.115+0000] {standard_task_runner.py:84} INFO - Running: ['***', 'tasks', 'run', 'air_quality', 'Transform', 'scheduled__2023-12-19T04:00:00+00:00', '--job-id', '1142', '--raw', '--subdir', 'DAGS_FOLDER/airQuality.py', '--cfg-path', '/tmp/tmp2vtqmvro']
[2023-12-28T16:55:05.118+0000] {standard_task_runner.py:85} INFO - Job 1142: Subtask Transform
[2023-12-28T16:55:05.360+0000] {logging_mixin.py:154} INFO - Changing /opt/***/logs/dag_id=air_quality/run_id=scheduled__2023-12-19T04:00:00+00:00/task_id=Transform permission to 509
[2023-12-28T16:55:05.362+0000] {logging_mixin.py:154} INFO - Failed to change /opt/***/logs/dag_id=air_quality/run_id=scheduled__2023-12-19T04:00:00+00:00/task_id=Transform permission to 509: [Errno 1] Operation not permitted: '/opt/***/logs/dag_id=air_quality/run_id=scheduled__2023-12-19T04:00:00+00:00/task_id=Transform'
[2023-12-28T16:55:05.374+0000] {task_command.py:416} INFO - Running <TaskInstance: air_quality.Transform scheduled__2023-12-19T04:00:00+00:00 [running]> on host d67dd4682ccf
[2023-12-28T16:55:05.681+0000] {taskinstance.py:1662} INFO - Exporting env vars: AIRFLOW_CTX_DAG_OWNER='ghifari' AIRFLOW_CTX_DAG_ID='air_quality' AIRFLOW_CTX_TASK_ID='Transform' AIRFLOW_CTX_EXECUTION_DATE='2023-12-19T04:00:00+00:00' AIRFLOW_CTX_TRY_NUMBER='1' AIRFLOW_CTX_DAG_RUN_ID='scheduled__2023-12-19T04:00:00+00:00'
[2023-12-28T16:55:08.045+0000] {python.py:194} INFO - Done. Returned value was:       city country unit  last_value       lat         lng
0  Jakarta      ID   o3      -0.999 -6.182536  106.834236
[2023-12-28T16:55:08.252+0000] {taskinstance.py:1400} INFO - Marking task as SUCCESS. dag_id=air_quality, task_id=Transform, execution_date=20231219T040000, start_date=20231228T165504, end_date=20231228T165508
[2023-12-28T16:55:08.456+0000] {local_task_job_runner.py:228} INFO - Task exited with return code 0
[2023-12-28T16:55:08.660+0000] {taskinstance.py:2778} INFO - 1 downstream tasks scheduled from follow-on schedule check
