[2023-12-17T05:15:12.598+0000] {logging_mixin.py:154} INFO - Changing /opt/***/logs/dag_id=air_quality/run_id=manual__2023-12-17T05:13:19.348806+00:00/task_id=Check_Response permission to 509
[2023-12-17T05:15:12.599+0000] {logging_mixin.py:154} INFO - Failed to change /opt/***/logs/dag_id=air_quality/run_id=manual__2023-12-17T05:13:19.348806+00:00/task_id=Check_Response permission to 509: [Errno 1] Operation not permitted: '/opt/***/logs/dag_id=air_quality/run_id=manual__2023-12-17T05:13:19.348806+00:00/task_id=Check_Response'
[2023-12-17T05:15:12.631+0000] {logging_mixin.py:154} INFO - Changing /opt/***/logs/dag_id=air_quality/run_id=manual__2023-12-17T05:13:19.348806+00:00/task_id=Check_Response permission to 509
[2023-12-17T05:15:12.632+0000] {logging_mixin.py:154} INFO - Failed to change /opt/***/logs/dag_id=air_quality/run_id=manual__2023-12-17T05:13:19.348806+00:00/task_id=Check_Response permission to 509: [Errno 1] Operation not permitted: '/opt/***/logs/dag_id=air_quality/run_id=manual__2023-12-17T05:13:19.348806+00:00/task_id=Check_Response'
[2023-12-17T05:15:12.667+0000] {taskinstance.py:1159} INFO - Dependencies all met for dep_context=non-requeueable deps ti=<TaskInstance: air_quality.Check_Response manual__2023-12-17T05:13:19.348806+00:00 [queued]>
[2023-12-17T05:15:12.677+0000] {taskinstance.py:1159} INFO - Dependencies all met for dep_context=requeueable deps ti=<TaskInstance: air_quality.Check_Response manual__2023-12-17T05:13:19.348806+00:00 [queued]>
[2023-12-17T05:15:12.678+0000] {taskinstance.py:1361} INFO - Starting attempt 2 of 3
[2023-12-17T05:15:12.706+0000] {taskinstance.py:1382} INFO - Executing <Task(BranchPythonOperator): Check_Response> on 2023-12-17 05:13:19.348806+00:00
[2023-12-17T05:15:12.711+0000] {standard_task_runner.py:57} INFO - Started process 1040 to run task
[2023-12-17T05:15:12.715+0000] {standard_task_runner.py:84} INFO - Running: ['***', 'tasks', 'run', 'air_quality', 'Check_Response', 'manual__2023-12-17T05:13:19.348806+00:00', '--job-id', '233', '--raw', '--subdir', 'DAGS_FOLDER/airQuality.py', '--cfg-path', '/tmp/tmp6s_zg8q8']
[2023-12-17T05:15:12.717+0000] {standard_task_runner.py:85} INFO - Job 233: Subtask Check_Response
[2023-12-17T05:15:12.770+0000] {logging_mixin.py:154} INFO - Changing /opt/***/logs/dag_id=air_quality/run_id=manual__2023-12-17T05:13:19.348806+00:00/task_id=Check_Response permission to 509
[2023-12-17T05:15:12.770+0000] {logging_mixin.py:154} INFO - Failed to change /opt/***/logs/dag_id=air_quality/run_id=manual__2023-12-17T05:13:19.348806+00:00/task_id=Check_Response permission to 509: [Errno 1] Operation not permitted: '/opt/***/logs/dag_id=air_quality/run_id=manual__2023-12-17T05:13:19.348806+00:00/task_id=Check_Response'
[2023-12-17T05:15:12.772+0000] {task_command.py:416} INFO - Running <TaskInstance: air_quality.Check_Response manual__2023-12-17T05:13:19.348806+00:00 [running]> on host 1a58977f5573
[2023-12-17T05:15:12.853+0000] {taskinstance.py:1662} INFO - Exporting env vars: AIRFLOW_CTX_DAG_OWNER='ghifari' AIRFLOW_CTX_DAG_ID='air_quality' AIRFLOW_CTX_TASK_ID='Check_Response' AIRFLOW_CTX_EXECUTION_DATE='2023-12-17T05:13:19.348806+00:00' AIRFLOW_CTX_TRY_NUMBER='2' AIRFLOW_CTX_DAG_RUN_ID='manual__2023-12-17T05:13:19.348806+00:00'
[2023-12-17T05:15:12.865+0000] {airQuality.py:177} INFO - Data Found: {'city': ['Jakarta'], 'country': ['ID'], 'unit': ['o3'], 'last_value': [-0.999], 'lat': [-6.182536], 'lng': [106.834236]}
[2023-12-17T05:15:12.865+0000] {python.py:194} INFO - Done. Returned value was: Transform
[2023-12-17T05:15:12.866+0000] {python.py:227} INFO - Branch callable return Transform
[2023-12-17T05:15:12.866+0000] {skipmixin.py:173} INFO - Following branch Transform
[2023-12-17T05:15:12.881+0000] {skipmixin.py:239} INFO - Skipping tasks [('Error_Response', -1)]
[2023-12-17T05:15:12.923+0000] {taskinstance.py:1400} INFO - Marking task as SUCCESS. dag_id=air_quality, task_id=Check_Response, execution_date=20231217T051319, start_date=20231217T051512, end_date=20231217T051512
[2023-12-17T05:15:12.967+0000] {local_task_job_runner.py:228} INFO - Task exited with return code 0
[2023-12-17T05:15:13.000+0000] {taskinstance.py:2778} INFO - 1 downstream tasks scheduled from follow-on schedule check
