[2023-12-17T12:12:53.495+0000] {logging_mixin.py:154} INFO - Changing /opt/***/logs/dag_id=air_quality/run_id=manual__2023-12-17T12:12:49.185416+00:00/task_id=Check_Response permission to 509
[2023-12-17T12:12:53.500+0000] {logging_mixin.py:154} INFO - Failed to change /opt/***/logs/dag_id=air_quality/run_id=manual__2023-12-17T12:12:49.185416+00:00/task_id=Check_Response permission to 509: [Errno 1] Operation not permitted: '/opt/***/logs/dag_id=air_quality/run_id=manual__2023-12-17T12:12:49.185416+00:00/task_id=Check_Response'
[2023-12-17T12:12:53.566+0000] {logging_mixin.py:154} INFO - Changing /opt/***/logs/dag_id=air_quality/run_id=manual__2023-12-17T12:12:49.185416+00:00/task_id=Check_Response permission to 509
[2023-12-17T12:12:53.568+0000] {logging_mixin.py:154} INFO - Failed to change /opt/***/logs/dag_id=air_quality/run_id=manual__2023-12-17T12:12:49.185416+00:00/task_id=Check_Response permission to 509: [Errno 1] Operation not permitted: '/opt/***/logs/dag_id=air_quality/run_id=manual__2023-12-17T12:12:49.185416+00:00/task_id=Check_Response'
[2023-12-17T12:12:53.622+0000] {taskinstance.py:1159} INFO - Dependencies all met for dep_context=non-requeueable deps ti=<TaskInstance: air_quality.Check_Response manual__2023-12-17T12:12:49.185416+00:00 [queued]>
[2023-12-17T12:12:53.640+0000] {taskinstance.py:1159} INFO - Dependencies all met for dep_context=requeueable deps ti=<TaskInstance: air_quality.Check_Response manual__2023-12-17T12:12:49.185416+00:00 [queued]>
[2023-12-17T12:12:53.641+0000] {taskinstance.py:1361} INFO - Starting attempt 1 of 2
[2023-12-17T12:12:53.669+0000] {taskinstance.py:1382} INFO - Executing <Task(BranchPythonOperator): Check_Response> on 2023-12-17 12:12:49.185416+00:00
[2023-12-17T12:12:53.676+0000] {standard_task_runner.py:57} INFO - Started process 3561 to run task
[2023-12-17T12:12:53.683+0000] {standard_task_runner.py:84} INFO - Running: ['***', 'tasks', 'run', 'air_quality', 'Check_Response', 'manual__2023-12-17T12:12:49.185416+00:00', '--job-id', '484', '--raw', '--subdir', 'DAGS_FOLDER/airQuality.py', '--cfg-path', '/tmp/tmpw4fjv551']
[2023-12-17T12:12:53.685+0000] {standard_task_runner.py:85} INFO - Job 484: Subtask Check_Response
[2023-12-17T12:12:53.835+0000] {logging_mixin.py:154} INFO - Changing /opt/***/logs/dag_id=air_quality/run_id=manual__2023-12-17T12:12:49.185416+00:00/task_id=Check_Response permission to 509
[2023-12-17T12:12:53.838+0000] {logging_mixin.py:154} INFO - Failed to change /opt/***/logs/dag_id=air_quality/run_id=manual__2023-12-17T12:12:49.185416+00:00/task_id=Check_Response permission to 509: [Errno 1] Operation not permitted: '/opt/***/logs/dag_id=air_quality/run_id=manual__2023-12-17T12:12:49.185416+00:00/task_id=Check_Response'
[2023-12-17T12:12:53.845+0000] {task_command.py:416} INFO - Running <TaskInstance: air_quality.Check_Response manual__2023-12-17T12:12:49.185416+00:00 [running]> on host 1a58977f5573
[2023-12-17T12:12:54.033+0000] {taskinstance.py:1662} INFO - Exporting env vars: AIRFLOW_CTX_DAG_OWNER='ghifari' AIRFLOW_CTX_DAG_ID='air_quality' AIRFLOW_CTX_TASK_ID='Check_Response' AIRFLOW_CTX_EXECUTION_DATE='2023-12-17T12:12:49.185416+00:00' AIRFLOW_CTX_TRY_NUMBER='1' AIRFLOW_CTX_DAG_RUN_ID='manual__2023-12-17T12:12:49.185416+00:00'
[2023-12-17T12:12:54.059+0000] {airQuality.py:112} INFO - Data Found: {'city': ['Jakarta'], 'country': ['ID'], 'unit': ['o3'], 'last_value': [-0.999], 'lat': [-6.182536], 'lng': [106.834236]}
[2023-12-17T12:12:54.060+0000] {python.py:194} INFO - Done. Returned value was: Transform
[2023-12-17T12:12:54.061+0000] {python.py:227} INFO - Branch callable return Transform
[2023-12-17T12:12:54.062+0000] {skipmixin.py:173} INFO - Following branch Transform
[2023-12-17T12:12:54.092+0000] {skipmixin.py:239} INFO - Skipping tasks [('Error_Response', -1)]
[2023-12-17T12:12:54.206+0000] {taskinstance.py:1400} INFO - Marking task as SUCCESS. dag_id=air_quality, task_id=Check_Response, execution_date=20231217T121249, start_date=20231217T121253, end_date=20231217T121254
[2023-12-17T12:12:54.298+0000] {local_task_job_runner.py:228} INFO - Task exited with return code 0
[2023-12-17T12:12:54.424+0000] {taskinstance.py:2778} INFO - 1 downstream tasks scheduled from follow-on schedule check
