[2023-12-17T11:19:18.397+0000] {logging_mixin.py:154} INFO - Changing /opt/***/logs/dag_id=air_quality/run_id=scheduled__2023-12-15T04:00:00+00:00/task_id=Insert_Data permission to 509
[2023-12-17T11:19:18.399+0000] {logging_mixin.py:154} INFO - Failed to change /opt/***/logs/dag_id=air_quality/run_id=scheduled__2023-12-15T04:00:00+00:00/task_id=Insert_Data permission to 509: [Errno 1] Operation not permitted: '/opt/***/logs/dag_id=air_quality/run_id=scheduled__2023-12-15T04:00:00+00:00/task_id=Insert_Data'
[2023-12-17T11:19:18.737+0000] {logging_mixin.py:154} INFO - Changing /opt/***/logs/dag_id=air_quality/run_id=scheduled__2023-12-15T04:00:00+00:00/task_id=Insert_Data permission to 509
[2023-12-17T11:19:18.744+0000] {logging_mixin.py:154} INFO - Failed to change /opt/***/logs/dag_id=air_quality/run_id=scheduled__2023-12-15T04:00:00+00:00/task_id=Insert_Data permission to 509: [Errno 1] Operation not permitted: '/opt/***/logs/dag_id=air_quality/run_id=scheduled__2023-12-15T04:00:00+00:00/task_id=Insert_Data'
[2023-12-17T11:19:18.887+0000] {taskinstance.py:1159} INFO - Dependencies all met for dep_context=non-requeueable deps ti=<TaskInstance: air_quality.Insert_Data scheduled__2023-12-15T04:00:00+00:00 [queued]>
[2023-12-17T11:19:18.944+0000] {taskinstance.py:1159} INFO - Dependencies all met for dep_context=requeueable deps ti=<TaskInstance: air_quality.Insert_Data scheduled__2023-12-15T04:00:00+00:00 [queued]>
[2023-12-17T11:19:18.945+0000] {taskinstance.py:1361} INFO - Starting attempt 1 of 2
[2023-12-17T11:19:19.001+0000] {taskinstance.py:1382} INFO - Executing <Task(PythonOperator): Insert_Data> on 2023-12-15 04:00:00+00:00
[2023-12-17T11:19:19.010+0000] {standard_task_runner.py:57} INFO - Started process 2484 to run task
[2023-12-17T11:19:19.030+0000] {standard_task_runner.py:84} INFO - Running: ['***', 'tasks', 'run', 'air_quality', 'Insert_Data', 'scheduled__2023-12-15T04:00:00+00:00', '--job-id', '426', '--raw', '--subdir', 'DAGS_FOLDER/airQuality.py', '--cfg-path', '/tmp/tmp02lp_qo3']
[2023-12-17T11:19:19.044+0000] {standard_task_runner.py:85} INFO - Job 426: Subtask Insert_Data
[2023-12-17T11:19:19.340+0000] {logging_mixin.py:154} INFO - Changing /opt/***/logs/dag_id=air_quality/run_id=scheduled__2023-12-15T04:00:00+00:00/task_id=Insert_Data permission to 509
[2023-12-17T11:19:19.341+0000] {logging_mixin.py:154} INFO - Failed to change /opt/***/logs/dag_id=air_quality/run_id=scheduled__2023-12-15T04:00:00+00:00/task_id=Insert_Data permission to 509: [Errno 1] Operation not permitted: '/opt/***/logs/dag_id=air_quality/run_id=scheduled__2023-12-15T04:00:00+00:00/task_id=Insert_Data'
[2023-12-17T11:19:19.362+0000] {task_command.py:416} INFO - Running <TaskInstance: air_quality.Insert_Data scheduled__2023-12-15T04:00:00+00:00 [running]> on host 1a58977f5573
[2023-12-17T11:19:19.730+0000] {taskinstance.py:1662} INFO - Exporting env vars: AIRFLOW_CTX_DAG_OWNER='ghifari' AIRFLOW_CTX_DAG_ID='air_quality' AIRFLOW_CTX_TASK_ID='Insert_Data' AIRFLOW_CTX_EXECUTION_DATE='2023-12-15T04:00:00+00:00' AIRFLOW_CTX_TRY_NUMBER='1' AIRFLOW_CTX_DAG_RUN_ID='scheduled__2023-12-15T04:00:00+00:00'
[2023-12-17T11:19:21.872+0000] {logging_mixin.py:154} INFO - city           object
country        object
unit           object
last_value    float64
lat           float64
lng           float64
dtype: object
[2023-12-17T11:19:21.935+0000] {base.py:73} INFO - Using connection ID 'neonServerDB-Postgres' for task execution.
[2023-12-17T11:19:23.555+0000] {python.py:194} INFO - Done. Returned value was: None
[2023-12-17T11:19:23.586+0000] {taskinstance.py:1400} INFO - Marking task as SUCCESS. dag_id=air_quality, task_id=Insert_Data, execution_date=20231215T040000, start_date=20231217T111918, end_date=20231217T111923
[2023-12-17T11:19:23.743+0000] {local_task_job_runner.py:228} INFO - Task exited with return code 0
[2023-12-17T11:19:23.791+0000] {taskinstance.py:2778} INFO - 0 downstream tasks scheduled from follow-on schedule check
[2023-12-17T12:18:31.343+0000] {logging_mixin.py:154} INFO - Changing /opt/***/logs/dag_id=air_quality/run_id=scheduled__2023-12-15T04:00:00+00:00/task_id=Insert_Data permission to 509
[2023-12-17T12:18:31.346+0000] {logging_mixin.py:154} INFO - Failed to change /opt/***/logs/dag_id=air_quality/run_id=scheduled__2023-12-15T04:00:00+00:00/task_id=Insert_Data permission to 509: [Errno 1] Operation not permitted: '/opt/***/logs/dag_id=air_quality/run_id=scheduled__2023-12-15T04:00:00+00:00/task_id=Insert_Data'
[2023-12-17T12:18:31.527+0000] {logging_mixin.py:154} INFO - Changing /opt/***/logs/dag_id=air_quality/run_id=scheduled__2023-12-15T04:00:00+00:00/task_id=Insert_Data permission to 509
[2023-12-17T12:18:31.532+0000] {logging_mixin.py:154} INFO - Failed to change /opt/***/logs/dag_id=air_quality/run_id=scheduled__2023-12-15T04:00:00+00:00/task_id=Insert_Data permission to 509: [Errno 1] Operation not permitted: '/opt/***/logs/dag_id=air_quality/run_id=scheduled__2023-12-15T04:00:00+00:00/task_id=Insert_Data'
[2023-12-17T12:18:31.658+0000] {taskinstance.py:1159} INFO - Dependencies all met for dep_context=non-requeueable deps ti=<TaskInstance: air_quality.Insert_Data scheduled__2023-12-15T04:00:00+00:00 [queued]>
[2023-12-17T12:18:31.688+0000] {taskinstance.py:1159} INFO - Dependencies all met for dep_context=requeueable deps ti=<TaskInstance: air_quality.Insert_Data scheduled__2023-12-15T04:00:00+00:00 [queued]>
[2023-12-17T12:18:31.689+0000] {taskinstance.py:1361} INFO - Starting attempt 1 of 2
[2023-12-17T12:18:31.728+0000] {taskinstance.py:1382} INFO - Executing <Task(PythonOperator): Insert_Data> on 2023-12-15 04:00:00+00:00
[2023-12-17T12:18:31.736+0000] {standard_task_runner.py:57} INFO - Started process 4290 to run task
[2023-12-17T12:18:31.743+0000] {standard_task_runner.py:84} INFO - Running: ['***', 'tasks', 'run', 'air_quality', 'Insert_Data', 'scheduled__2023-12-15T04:00:00+00:00', '--job-id', '650', '--raw', '--subdir', 'DAGS_FOLDER/airQuality.py', '--cfg-path', '/tmp/tmpbt4nxw6s']
[2023-12-17T12:18:31.746+0000] {standard_task_runner.py:85} INFO - Job 650: Subtask Insert_Data
[2023-12-17T12:18:31.884+0000] {logging_mixin.py:154} INFO - Changing /opt/***/logs/dag_id=air_quality/run_id=scheduled__2023-12-15T04:00:00+00:00/task_id=Insert_Data permission to 509
[2023-12-17T12:18:31.886+0000] {logging_mixin.py:154} INFO - Failed to change /opt/***/logs/dag_id=air_quality/run_id=scheduled__2023-12-15T04:00:00+00:00/task_id=Insert_Data permission to 509: [Errno 1] Operation not permitted: '/opt/***/logs/dag_id=air_quality/run_id=scheduled__2023-12-15T04:00:00+00:00/task_id=Insert_Data'
[2023-12-17T12:18:31.892+0000] {task_command.py:416} INFO - Running <TaskInstance: air_quality.Insert_Data scheduled__2023-12-15T04:00:00+00:00 [running]> on host 1a58977f5573
[2023-12-17T12:18:32.156+0000] {taskinstance.py:1662} INFO - Exporting env vars: AIRFLOW_CTX_DAG_OWNER='ghifari' AIRFLOW_CTX_DAG_ID='air_quality' AIRFLOW_CTX_TASK_ID='Insert_Data' AIRFLOW_CTX_EXECUTION_DATE='2023-12-15T04:00:00+00:00' AIRFLOW_CTX_TRY_NUMBER='1' AIRFLOW_CTX_DAG_RUN_ID='scheduled__2023-12-15T04:00:00+00:00'
[2023-12-17T12:18:33.414+0000] {logging_mixin.py:154} INFO - city           object
country        object
unit           object
last_value    float64
lat           float64
lng           float64
dtype: object
[2023-12-17T12:18:33.434+0000] {base.py:73} INFO - Using connection ID 'neonServerDB-Postgres' for task execution.
[2023-12-17T12:18:35.107+0000] {python.py:194} INFO - Done. Returned value was: None
[2023-12-17T12:18:35.131+0000] {taskinstance.py:1400} INFO - Marking task as SUCCESS. dag_id=air_quality, task_id=Insert_Data, execution_date=20231215T040000, start_date=20231217T121831, end_date=20231217T121835
[2023-12-17T12:18:35.208+0000] {local_task_job_runner.py:228} INFO - Task exited with return code 0
[2023-12-17T12:18:35.386+0000] {taskinstance.py:2778} INFO - 0 downstream tasks scheduled from follow-on schedule check
[2023-12-17T12:19:15.660+0000] {logging_mixin.py:154} INFO - Changing /opt/***/logs/dag_id=air_quality/run_id=scheduled__2023-12-15T04:00:00+00:00/task_id=Insert_Data permission to 509
[2023-12-17T12:19:15.662+0000] {logging_mixin.py:154} INFO - Failed to change /opt/***/logs/dag_id=air_quality/run_id=scheduled__2023-12-15T04:00:00+00:00/task_id=Insert_Data permission to 509: [Errno 1] Operation not permitted: '/opt/***/logs/dag_id=air_quality/run_id=scheduled__2023-12-15T04:00:00+00:00/task_id=Insert_Data'
[2023-12-17T12:19:15.703+0000] {logging_mixin.py:154} INFO - Changing /opt/***/logs/dag_id=air_quality/run_id=scheduled__2023-12-15T04:00:00+00:00/task_id=Insert_Data permission to 509
[2023-12-17T12:19:15.704+0000] {logging_mixin.py:154} INFO - Failed to change /opt/***/logs/dag_id=air_quality/run_id=scheduled__2023-12-15T04:00:00+00:00/task_id=Insert_Data permission to 509: [Errno 1] Operation not permitted: '/opt/***/logs/dag_id=air_quality/run_id=scheduled__2023-12-15T04:00:00+00:00/task_id=Insert_Data'
[2023-12-17T12:19:15.765+0000] {taskinstance.py:1159} INFO - Dependencies all met for dep_context=non-requeueable deps ti=<TaskInstance: air_quality.Insert_Data scheduled__2023-12-15T04:00:00+00:00 [queued]>
[2023-12-17T12:19:15.783+0000] {taskinstance.py:1159} INFO - Dependencies all met for dep_context=requeueable deps ti=<TaskInstance: air_quality.Insert_Data scheduled__2023-12-15T04:00:00+00:00 [queued]>
[2023-12-17T12:19:15.784+0000] {taskinstance.py:1361} INFO - Starting attempt 1 of 2
[2023-12-17T12:19:15.803+0000] {taskinstance.py:1382} INFO - Executing <Task(PythonOperator): Insert_Data> on 2023-12-15 04:00:00+00:00
[2023-12-17T12:19:15.808+0000] {standard_task_runner.py:57} INFO - Started process 4631 to run task
[2023-12-17T12:19:15.811+0000] {standard_task_runner.py:84} INFO - Running: ['***', 'tasks', 'run', 'air_quality', 'Insert_Data', 'scheduled__2023-12-15T04:00:00+00:00', '--job-id', '721', '--raw', '--subdir', 'DAGS_FOLDER/airQuality.py', '--cfg-path', '/tmp/tmp93vm6qsb']
[2023-12-17T12:19:15.813+0000] {standard_task_runner.py:85} INFO - Job 721: Subtask Insert_Data
[2023-12-17T12:19:15.880+0000] {logging_mixin.py:154} INFO - Changing /opt/***/logs/dag_id=air_quality/run_id=scheduled__2023-12-15T04:00:00+00:00/task_id=Insert_Data permission to 509
[2023-12-17T12:19:15.881+0000] {logging_mixin.py:154} INFO - Failed to change /opt/***/logs/dag_id=air_quality/run_id=scheduled__2023-12-15T04:00:00+00:00/task_id=Insert_Data permission to 509: [Errno 1] Operation not permitted: '/opt/***/logs/dag_id=air_quality/run_id=scheduled__2023-12-15T04:00:00+00:00/task_id=Insert_Data'
[2023-12-17T12:19:15.883+0000] {task_command.py:416} INFO - Running <TaskInstance: air_quality.Insert_Data scheduled__2023-12-15T04:00:00+00:00 [running]> on host 1a58977f5573
[2023-12-17T12:19:15.995+0000] {taskinstance.py:1662} INFO - Exporting env vars: AIRFLOW_CTX_DAG_OWNER='ghifari' AIRFLOW_CTX_DAG_ID='air_quality' AIRFLOW_CTX_TASK_ID='Insert_Data' AIRFLOW_CTX_EXECUTION_DATE='2023-12-15T04:00:00+00:00' AIRFLOW_CTX_TRY_NUMBER='1' AIRFLOW_CTX_DAG_RUN_ID='scheduled__2023-12-15T04:00:00+00:00'
[2023-12-17T12:19:16.733+0000] {logging_mixin.py:154} INFO - city           object
country        object
unit           object
last_value    float64
lat           float64
lng           float64
dtype: object
[2023-12-17T12:19:16.746+0000] {base.py:73} INFO - Using connection ID 'neonServerDB-Postgres' for task execution.
[2023-12-17T12:19:17.354+0000] {python.py:194} INFO - Done. Returned value was: None
[2023-12-17T12:19:17.365+0000] {taskinstance.py:1400} INFO - Marking task as SUCCESS. dag_id=air_quality, task_id=Insert_Data, execution_date=20231215T040000, start_date=20231217T121915, end_date=20231217T121917
[2023-12-17T12:19:17.431+0000] {local_task_job_runner.py:228} INFO - Task exited with return code 0
[2023-12-17T12:19:17.452+0000] {taskinstance.py:2778} INFO - 0 downstream tasks scheduled from follow-on schedule check
[2023-12-28T16:52:16.192+0000] {logging_mixin.py:154} INFO - Changing /opt/***/logs/dag_id=air_quality/run_id=scheduled__2023-12-15T04:00:00+00:00/task_id=Insert_Data permission to 509
[2023-12-28T16:52:16.195+0000] {logging_mixin.py:154} INFO - Failed to change /opt/***/logs/dag_id=air_quality/run_id=scheduled__2023-12-15T04:00:00+00:00/task_id=Insert_Data permission to 509: [Errno 1] Operation not permitted: '/opt/***/logs/dag_id=air_quality/run_id=scheduled__2023-12-15T04:00:00+00:00/task_id=Insert_Data'
[2023-12-28T16:52:16.368+0000] {logging_mixin.py:154} INFO - Changing /opt/***/logs/dag_id=air_quality/run_id=scheduled__2023-12-15T04:00:00+00:00/task_id=Insert_Data permission to 509
[2023-12-28T16:52:16.373+0000] {logging_mixin.py:154} INFO - Failed to change /opt/***/logs/dag_id=air_quality/run_id=scheduled__2023-12-15T04:00:00+00:00/task_id=Insert_Data permission to 509: [Errno 1] Operation not permitted: '/opt/***/logs/dag_id=air_quality/run_id=scheduled__2023-12-15T04:00:00+00:00/task_id=Insert_Data'
[2023-12-28T16:52:16.652+0000] {taskinstance.py:1159} INFO - Dependencies all met for dep_context=non-requeueable deps ti=<TaskInstance: air_quality.Insert_Data scheduled__2023-12-15T04:00:00+00:00 [queued]>
[2023-12-28T16:52:16.753+0000] {taskinstance.py:1159} INFO - Dependencies all met for dep_context=requeueable deps ti=<TaskInstance: air_quality.Insert_Data scheduled__2023-12-15T04:00:00+00:00 [queued]>
[2023-12-28T16:52:16.757+0000] {taskinstance.py:1361} INFO - Starting attempt 1 of 2
[2023-12-28T16:52:16.966+0000] {taskinstance.py:1382} INFO - Executing <Task(PythonOperator): Insert_Data> on 2023-12-15 04:00:00+00:00
[2023-12-28T16:52:16.984+0000] {standard_task_runner.py:57} INFO - Started process 420 to run task
[2023-12-28T16:52:17.026+0000] {standard_task_runner.py:84} INFO - Running: ['***', 'tasks', 'run', 'air_quality', 'Insert_Data', 'scheduled__2023-12-15T04:00:00+00:00', '--job-id', '930', '--raw', '--subdir', 'DAGS_FOLDER/airQuality.py', '--cfg-path', '/tmp/tmpn78h4ryq']
[2023-12-28T16:52:17.043+0000] {standard_task_runner.py:85} INFO - Job 930: Subtask Insert_Data
[2023-12-28T16:52:17.323+0000] {logging_mixin.py:154} INFO - Changing /opt/***/logs/dag_id=air_quality/run_id=scheduled__2023-12-15T04:00:00+00:00/task_id=Insert_Data permission to 509
[2023-12-28T16:52:17.326+0000] {logging_mixin.py:154} INFO - Failed to change /opt/***/logs/dag_id=air_quality/run_id=scheduled__2023-12-15T04:00:00+00:00/task_id=Insert_Data permission to 509: [Errno 1] Operation not permitted: '/opt/***/logs/dag_id=air_quality/run_id=scheduled__2023-12-15T04:00:00+00:00/task_id=Insert_Data'
[2023-12-28T16:52:17.342+0000] {task_command.py:416} INFO - Running <TaskInstance: air_quality.Insert_Data scheduled__2023-12-15T04:00:00+00:00 [running]> on host d67dd4682ccf
[2023-12-28T16:52:17.867+0000] {taskinstance.py:1662} INFO - Exporting env vars: AIRFLOW_CTX_DAG_OWNER='ghifari' AIRFLOW_CTX_DAG_ID='air_quality' AIRFLOW_CTX_TASK_ID='Insert_Data' AIRFLOW_CTX_EXECUTION_DATE='2023-12-15T04:00:00+00:00' AIRFLOW_CTX_TRY_NUMBER='1' AIRFLOW_CTX_DAG_RUN_ID='scheduled__2023-12-15T04:00:00+00:00'
[2023-12-28T16:52:19.640+0000] {logging_mixin.py:154} INFO - city           object
country        object
unit           object
last_value    float64
lat           float64
lng           float64
dtype: object
[2023-12-28T16:52:19.665+0000] {base.py:73} INFO - Using connection ID 'neonServerDB-Postgres' for task execution.
[2023-12-28T16:52:20.211+0000] {python.py:194} INFO - Done. Returned value was: None
[2023-12-28T16:52:20.292+0000] {taskinstance.py:1400} INFO - Marking task as SUCCESS. dag_id=air_quality, task_id=Insert_Data, execution_date=20231215T040000, start_date=20231228T165216, end_date=20231228T165220
[2023-12-28T16:52:20.473+0000] {local_task_job_runner.py:228} INFO - Task exited with return code 0
[2023-12-28T16:52:20.752+0000] {taskinstance.py:2778} INFO - 0 downstream tasks scheduled from follow-on schedule check
[2023-12-28T16:55:19.916+0000] {logging_mixin.py:154} INFO - Changing /opt/***/logs/dag_id=air_quality/run_id=scheduled__2023-12-15T04:00:00+00:00/task_id=Insert_Data permission to 509
[2023-12-28T16:55:19.919+0000] {logging_mixin.py:154} INFO - Failed to change /opt/***/logs/dag_id=air_quality/run_id=scheduled__2023-12-15T04:00:00+00:00/task_id=Insert_Data permission to 509: [Errno 1] Operation not permitted: '/opt/***/logs/dag_id=air_quality/run_id=scheduled__2023-12-15T04:00:00+00:00/task_id=Insert_Data'
[2023-12-28T16:55:20.149+0000] {logging_mixin.py:154} INFO - Changing /opt/***/logs/dag_id=air_quality/run_id=scheduled__2023-12-15T04:00:00+00:00/task_id=Insert_Data permission to 509
[2023-12-28T16:55:20.150+0000] {logging_mixin.py:154} INFO - Failed to change /opt/***/logs/dag_id=air_quality/run_id=scheduled__2023-12-15T04:00:00+00:00/task_id=Insert_Data permission to 509: [Errno 1] Operation not permitted: '/opt/***/logs/dag_id=air_quality/run_id=scheduled__2023-12-15T04:00:00+00:00/task_id=Insert_Data'
[2023-12-28T16:55:20.405+0000] {taskinstance.py:1159} INFO - Dependencies all met for dep_context=non-requeueable deps ti=<TaskInstance: air_quality.Insert_Data scheduled__2023-12-15T04:00:00+00:00 [queued]>
[2023-12-28T16:55:20.500+0000] {taskinstance.py:1159} INFO - Dependencies all met for dep_context=requeueable deps ti=<TaskInstance: air_quality.Insert_Data scheduled__2023-12-15T04:00:00+00:00 [queued]>
[2023-12-28T16:55:20.502+0000] {taskinstance.py:1361} INFO - Starting attempt 1 of 2
[2023-12-28T16:55:20.600+0000] {taskinstance.py:1382} INFO - Executing <Task(PythonOperator): Insert_Data> on 2023-12-15 04:00:00+00:00
[2023-12-28T16:55:20.642+0000] {standard_task_runner.py:57} INFO - Started process 1402 to run task
[2023-12-28T16:55:20.671+0000] {standard_task_runner.py:84} INFO - Running: ['***', 'tasks', 'run', 'air_quality', 'Insert_Data', 'scheduled__2023-12-15T04:00:00+00:00', '--job-id', '1176', '--raw', '--subdir', 'DAGS_FOLDER/airQuality.py', '--cfg-path', '/tmp/tmp88y35d01']
[2023-12-28T16:55:20.712+0000] {standard_task_runner.py:85} INFO - Job 1176: Subtask Insert_Data
[2023-12-28T16:55:21.043+0000] {logging_mixin.py:154} INFO - Changing /opt/***/logs/dag_id=air_quality/run_id=scheduled__2023-12-15T04:00:00+00:00/task_id=Insert_Data permission to 509
[2023-12-28T16:55:21.047+0000] {logging_mixin.py:154} INFO - Failed to change /opt/***/logs/dag_id=air_quality/run_id=scheduled__2023-12-15T04:00:00+00:00/task_id=Insert_Data permission to 509: [Errno 1] Operation not permitted: '/opt/***/logs/dag_id=air_quality/run_id=scheduled__2023-12-15T04:00:00+00:00/task_id=Insert_Data'
[2023-12-28T16:55:21.063+0000] {task_command.py:416} INFO - Running <TaskInstance: air_quality.Insert_Data scheduled__2023-12-15T04:00:00+00:00 [running]> on host d67dd4682ccf
[2023-12-28T16:55:21.648+0000] {taskinstance.py:1662} INFO - Exporting env vars: AIRFLOW_CTX_DAG_OWNER='ghifari' AIRFLOW_CTX_DAG_ID='air_quality' AIRFLOW_CTX_TASK_ID='Insert_Data' AIRFLOW_CTX_EXECUTION_DATE='2023-12-15T04:00:00+00:00' AIRFLOW_CTX_TRY_NUMBER='1' AIRFLOW_CTX_DAG_RUN_ID='scheduled__2023-12-15T04:00:00+00:00'
[2023-12-28T16:55:24.115+0000] {logging_mixin.py:154} INFO - city           object
country        object
unit           object
last_value    float64
lat           float64
lng           float64
dtype: object
[2023-12-28T16:55:24.147+0000] {base.py:73} INFO - Using connection ID 'neonServerDB-Postgres' for task execution.
[2023-12-28T16:55:24.411+0000] {python.py:194} INFO - Done. Returned value was: None
[2023-12-28T16:55:24.432+0000] {taskinstance.py:1400} INFO - Marking task as SUCCESS. dag_id=air_quality, task_id=Insert_Data, execution_date=20231215T040000, start_date=20231228T165520, end_date=20231228T165524
[2023-12-28T16:55:24.536+0000] {local_task_job_runner.py:228} INFO - Task exited with return code 0
[2023-12-28T16:55:24.584+0000] {taskinstance.py:2778} INFO - 0 downstream tasks scheduled from follow-on schedule check
