[2023-12-16T11:43:22.381+0000] {logging_mixin.py:154} INFO - Changing /opt/***/logs/dag_id=air_quality/run_id=manual__2023-12-16T11:43:18.929369+00:00/task_id=Check_Response permission to 509
[2023-12-16T11:43:22.382+0000] {logging_mixin.py:154} INFO - Failed to change /opt/***/logs/dag_id=air_quality/run_id=manual__2023-12-16T11:43:18.929369+00:00/task_id=Check_Response permission to 509: [Errno 1] Operation not permitted: '/opt/***/logs/dag_id=air_quality/run_id=manual__2023-12-16T11:43:18.929369+00:00/task_id=Check_Response'
[2023-12-16T11:43:22.410+0000] {logging_mixin.py:154} INFO - Changing /opt/***/logs/dag_id=air_quality/run_id=manual__2023-12-16T11:43:18.929369+00:00/task_id=Check_Response permission to 509
[2023-12-16T11:43:22.411+0000] {logging_mixin.py:154} INFO - Failed to change /opt/***/logs/dag_id=air_quality/run_id=manual__2023-12-16T11:43:18.929369+00:00/task_id=Check_Response permission to 509: [Errno 1] Operation not permitted: '/opt/***/logs/dag_id=air_quality/run_id=manual__2023-12-16T11:43:18.929369+00:00/task_id=Check_Response'
[2023-12-16T11:43:22.440+0000] {taskinstance.py:1159} INFO - Dependencies all met for dep_context=non-requeueable deps ti=<TaskInstance: air_quality.Check_Response manual__2023-12-16T11:43:18.929369+00:00 [queued]>
[2023-12-16T11:43:22.451+0000] {taskinstance.py:1159} INFO - Dependencies all met for dep_context=requeueable deps ti=<TaskInstance: air_quality.Check_Response manual__2023-12-16T11:43:18.929369+00:00 [queued]>
[2023-12-16T11:43:22.452+0000] {taskinstance.py:1361} INFO - Starting attempt 1 of 2
[2023-12-16T11:43:22.467+0000] {taskinstance.py:1382} INFO - Executing <Task(BranchPythonOperator): Check_Response> on 2023-12-16 11:43:18.929369+00:00
[2023-12-16T11:43:22.471+0000] {standard_task_runner.py:57} INFO - Started process 918 to run task
[2023-12-16T11:43:22.474+0000] {standard_task_runner.py:84} INFO - Running: ['***', 'tasks', 'run', 'air_quality', 'Check_Response', 'manual__2023-12-16T11:43:18.929369+00:00', '--job-id', '129', '--raw', '--subdir', 'DAGS_FOLDER/airQuality.py', '--cfg-path', '/tmp/tmp1dbdedk2']
[2023-12-16T11:43:22.475+0000] {standard_task_runner.py:85} INFO - Job 129: Subtask Check_Response
[2023-12-16T11:43:22.521+0000] {logging_mixin.py:154} INFO - Changing /opt/***/logs/dag_id=air_quality/run_id=manual__2023-12-16T11:43:18.929369+00:00/task_id=Check_Response permission to 509
[2023-12-16T11:43:22.521+0000] {logging_mixin.py:154} INFO - Failed to change /opt/***/logs/dag_id=air_quality/run_id=manual__2023-12-16T11:43:18.929369+00:00/task_id=Check_Response permission to 509: [Errno 1] Operation not permitted: '/opt/***/logs/dag_id=air_quality/run_id=manual__2023-12-16T11:43:18.929369+00:00/task_id=Check_Response'
[2023-12-16T11:43:22.524+0000] {task_command.py:416} INFO - Running <TaskInstance: air_quality.Check_Response manual__2023-12-16T11:43:18.929369+00:00 [running]> on host d739bc9bef06
[2023-12-16T11:43:22.611+0000] {taskinstance.py:1662} INFO - Exporting env vars: AIRFLOW_CTX_DAG_OWNER='ghifari' AIRFLOW_CTX_DAG_ID='air_quality' AIRFLOW_CTX_TASK_ID='Check_Response' AIRFLOW_CTX_EXECUTION_DATE='2023-12-16T11:43:18.929369+00:00' AIRFLOW_CTX_TRY_NUMBER='1' AIRFLOW_CTX_DAG_RUN_ID='manual__2023-12-16T11:43:18.929369+00:00'
[2023-12-16T11:43:22.621+0000] {airQuality.py:183} INFO - Data Found: {'city': ['Jakarta'], 'country': ['ID'], 'unit': ['pm25'], 'last_value': [-999.0], 'lat': [-6.182536], 'lng': [106.834236]}
[2023-12-16T11:43:22.622+0000] {python.py:194} INFO - Done. Returned value was: Transform
[2023-12-16T11:43:22.623+0000] {python.py:227} INFO - Branch callable return Transform
[2023-12-16T11:43:22.623+0000] {skipmixin.py:173} INFO - Following branch Transform
[2023-12-16T11:43:22.636+0000] {skipmixin.py:239} INFO - Skipping tasks [('Error_Response', -1)]
[2023-12-16T11:43:22.674+0000] {taskinstance.py:1400} INFO - Marking task as SUCCESS. dag_id=air_quality, task_id=Check_Response, execution_date=20231216T114318, start_date=20231216T114322, end_date=20231216T114322
[2023-12-16T11:43:22.727+0000] {local_task_job_runner.py:228} INFO - Task exited with return code 0
[2023-12-16T11:43:22.785+0000] {taskinstance.py:2778} INFO - 1 downstream tasks scheduled from follow-on schedule check
