[2023-12-17T11:18:51.663+0000] {logging_mixin.py:154} INFO - Changing /opt/***/logs/dag_id=air_quality/run_id=scheduled__2023-12-05T04:00:00+00:00/task_id=Insert_Data permission to 509
[2023-12-17T11:18:51.665+0000] {logging_mixin.py:154} INFO - Failed to change /opt/***/logs/dag_id=air_quality/run_id=scheduled__2023-12-05T04:00:00+00:00/task_id=Insert_Data permission to 509: [Errno 1] Operation not permitted: '/opt/***/logs/dag_id=air_quality/run_id=scheduled__2023-12-05T04:00:00+00:00/task_id=Insert_Data'
[2023-12-17T11:18:51.837+0000] {logging_mixin.py:154} INFO - Changing /opt/***/logs/dag_id=air_quality/run_id=scheduled__2023-12-05T04:00:00+00:00/task_id=Insert_Data permission to 509
[2023-12-17T11:18:51.838+0000] {logging_mixin.py:154} INFO - Failed to change /opt/***/logs/dag_id=air_quality/run_id=scheduled__2023-12-05T04:00:00+00:00/task_id=Insert_Data permission to 509: [Errno 1] Operation not permitted: '/opt/***/logs/dag_id=air_quality/run_id=scheduled__2023-12-05T04:00:00+00:00/task_id=Insert_Data'
[2023-12-17T11:18:51.941+0000] {taskinstance.py:1159} INFO - Dependencies all met for dep_context=non-requeueable deps ti=<TaskInstance: air_quality.Insert_Data scheduled__2023-12-05T04:00:00+00:00 [queued]>
[2023-12-17T11:18:51.981+0000] {taskinstance.py:1159} INFO - Dependencies all met for dep_context=requeueable deps ti=<TaskInstance: air_quality.Insert_Data scheduled__2023-12-05T04:00:00+00:00 [queued]>
[2023-12-17T11:18:51.992+0000] {taskinstance.py:1361} INFO - Starting attempt 1 of 2
[2023-12-17T11:18:52.089+0000] {taskinstance.py:1382} INFO - Executing <Task(PythonOperator): Insert_Data> on 2023-12-05 04:00:00+00:00
[2023-12-17T11:18:52.115+0000] {standard_task_runner.py:57} INFO - Started process 2240 to run task
[2023-12-17T11:18:52.125+0000] {standard_task_runner.py:84} INFO - Running: ['***', 'tasks', 'run', 'air_quality', 'Insert_Data', 'scheduled__2023-12-05T04:00:00+00:00', '--job-id', '374', '--raw', '--subdir', 'DAGS_FOLDER/airQuality.py', '--cfg-path', '/tmp/tmpk0wok0fc']
[2023-12-17T11:18:52.134+0000] {standard_task_runner.py:85} INFO - Job 374: Subtask Insert_Data
[2023-12-17T11:18:52.410+0000] {logging_mixin.py:154} INFO - Changing /opt/***/logs/dag_id=air_quality/run_id=scheduled__2023-12-05T04:00:00+00:00/task_id=Insert_Data permission to 509
[2023-12-17T11:18:52.413+0000] {logging_mixin.py:154} INFO - Failed to change /opt/***/logs/dag_id=air_quality/run_id=scheduled__2023-12-05T04:00:00+00:00/task_id=Insert_Data permission to 509: [Errno 1] Operation not permitted: '/opt/***/logs/dag_id=air_quality/run_id=scheduled__2023-12-05T04:00:00+00:00/task_id=Insert_Data'
[2023-12-17T11:18:52.424+0000] {task_command.py:416} INFO - Running <TaskInstance: air_quality.Insert_Data scheduled__2023-12-05T04:00:00+00:00 [running]> on host 1a58977f5573
[2023-12-17T11:18:52.760+0000] {taskinstance.py:1662} INFO - Exporting env vars: AIRFLOW_CTX_DAG_OWNER='ghifari' AIRFLOW_CTX_DAG_ID='air_quality' AIRFLOW_CTX_TASK_ID='Insert_Data' AIRFLOW_CTX_EXECUTION_DATE='2023-12-05T04:00:00+00:00' AIRFLOW_CTX_TRY_NUMBER='1' AIRFLOW_CTX_DAG_RUN_ID='scheduled__2023-12-05T04:00:00+00:00'
[2023-12-17T11:18:54.240+0000] {logging_mixin.py:154} INFO - city           object
country        object
unit           object
last_value    float64
lat           float64
lng           float64
dtype: object
[2023-12-17T11:18:54.267+0000] {base.py:73} INFO - Using connection ID 'neonServerDB-Postgres' for task execution.
[2023-12-17T11:18:57.039+0000] {python.py:194} INFO - Done. Returned value was: None
[2023-12-17T11:18:57.072+0000] {taskinstance.py:1400} INFO - Marking task as SUCCESS. dag_id=air_quality, task_id=Insert_Data, execution_date=20231205T040000, start_date=20231217T111851, end_date=20231217T111857
[2023-12-17T11:18:57.167+0000] {local_task_job_runner.py:228} INFO - Task exited with return code 0
[2023-12-17T11:18:57.323+0000] {taskinstance.py:2778} INFO - 0 downstream tasks scheduled from follow-on schedule check
[2023-12-17T12:18:41.579+0000] {logging_mixin.py:154} INFO - Changing /opt/***/logs/dag_id=air_quality/run_id=scheduled__2023-12-05T04:00:00+00:00/task_id=Insert_Data permission to 509
[2023-12-17T12:18:41.582+0000] {logging_mixin.py:154} INFO - Failed to change /opt/***/logs/dag_id=air_quality/run_id=scheduled__2023-12-05T04:00:00+00:00/task_id=Insert_Data permission to 509: [Errno 1] Operation not permitted: '/opt/***/logs/dag_id=air_quality/run_id=scheduled__2023-12-05T04:00:00+00:00/task_id=Insert_Data'
[2023-12-17T12:18:41.637+0000] {logging_mixin.py:154} INFO - Changing /opt/***/logs/dag_id=air_quality/run_id=scheduled__2023-12-05T04:00:00+00:00/task_id=Insert_Data permission to 509
[2023-12-17T12:18:41.638+0000] {logging_mixin.py:154} INFO - Failed to change /opt/***/logs/dag_id=air_quality/run_id=scheduled__2023-12-05T04:00:00+00:00/task_id=Insert_Data permission to 509: [Errno 1] Operation not permitted: '/opt/***/logs/dag_id=air_quality/run_id=scheduled__2023-12-05T04:00:00+00:00/task_id=Insert_Data'
[2023-12-17T12:18:41.720+0000] {taskinstance.py:1159} INFO - Dependencies all met for dep_context=non-requeueable deps ti=<TaskInstance: air_quality.Insert_Data scheduled__2023-12-05T04:00:00+00:00 [queued]>
[2023-12-17T12:18:41.748+0000] {taskinstance.py:1159} INFO - Dependencies all met for dep_context=requeueable deps ti=<TaskInstance: air_quality.Insert_Data scheduled__2023-12-05T04:00:00+00:00 [queued]>
[2023-12-17T12:18:41.749+0000] {taskinstance.py:1361} INFO - Starting attempt 1 of 2
[2023-12-17T12:18:41.779+0000] {taskinstance.py:1382} INFO - Executing <Task(PythonOperator): Insert_Data> on 2023-12-05 04:00:00+00:00
[2023-12-17T12:18:41.785+0000] {standard_task_runner.py:57} INFO - Started process 4377 to run task
[2023-12-17T12:18:41.791+0000] {standard_task_runner.py:84} INFO - Running: ['***', 'tasks', 'run', 'air_quality', 'Insert_Data', 'scheduled__2023-12-05T04:00:00+00:00', '--job-id', '667', '--raw', '--subdir', 'DAGS_FOLDER/airQuality.py', '--cfg-path', '/tmp/tmptzokf2_o']
[2023-12-17T12:18:41.793+0000] {standard_task_runner.py:85} INFO - Job 667: Subtask Insert_Data
[2023-12-17T12:18:41.886+0000] {logging_mixin.py:154} INFO - Changing /opt/***/logs/dag_id=air_quality/run_id=scheduled__2023-12-05T04:00:00+00:00/task_id=Insert_Data permission to 509
[2023-12-17T12:18:41.888+0000] {logging_mixin.py:154} INFO - Failed to change /opt/***/logs/dag_id=air_quality/run_id=scheduled__2023-12-05T04:00:00+00:00/task_id=Insert_Data permission to 509: [Errno 1] Operation not permitted: '/opt/***/logs/dag_id=air_quality/run_id=scheduled__2023-12-05T04:00:00+00:00/task_id=Insert_Data'
[2023-12-17T12:18:41.891+0000] {task_command.py:416} INFO - Running <TaskInstance: air_quality.Insert_Data scheduled__2023-12-05T04:00:00+00:00 [running]> on host 1a58977f5573
[2023-12-17T12:18:42.042+0000] {taskinstance.py:1662} INFO - Exporting env vars: AIRFLOW_CTX_DAG_OWNER='ghifari' AIRFLOW_CTX_DAG_ID='air_quality' AIRFLOW_CTX_TASK_ID='Insert_Data' AIRFLOW_CTX_EXECUTION_DATE='2023-12-05T04:00:00+00:00' AIRFLOW_CTX_TRY_NUMBER='1' AIRFLOW_CTX_DAG_RUN_ID='scheduled__2023-12-05T04:00:00+00:00'
[2023-12-17T12:18:43.278+0000] {logging_mixin.py:154} INFO - city           object
country        object
unit           object
last_value    float64
lat           float64
lng           float64
dtype: object
[2023-12-17T12:18:43.299+0000] {base.py:73} INFO - Using connection ID 'neonServerDB-Postgres' for task execution.
[2023-12-17T12:18:44.408+0000] {python.py:194} INFO - Done. Returned value was: None
[2023-12-17T12:18:44.423+0000] {taskinstance.py:1400} INFO - Marking task as SUCCESS. dag_id=air_quality, task_id=Insert_Data, execution_date=20231205T040000, start_date=20231217T121841, end_date=20231217T121844
[2023-12-17T12:18:44.504+0000] {local_task_job_runner.py:228} INFO - Task exited with return code 0
[2023-12-17T12:18:44.538+0000] {taskinstance.py:2778} INFO - 0 downstream tasks scheduled from follow-on schedule check
[2023-12-28T16:54:38.310+0000] {logging_mixin.py:154} INFO - Changing /opt/***/logs/dag_id=air_quality/run_id=scheduled__2023-12-05T04:00:00+00:00/task_id=Insert_Data permission to 509
[2023-12-28T16:54:38.314+0000] {logging_mixin.py:154} INFO - Failed to change /opt/***/logs/dag_id=air_quality/run_id=scheduled__2023-12-05T04:00:00+00:00/task_id=Insert_Data permission to 509: [Errno 1] Operation not permitted: '/opt/***/logs/dag_id=air_quality/run_id=scheduled__2023-12-05T04:00:00+00:00/task_id=Insert_Data'
[2023-12-28T16:54:38.375+0000] {logging_mixin.py:154} INFO - Changing /opt/***/logs/dag_id=air_quality/run_id=scheduled__2023-12-05T04:00:00+00:00/task_id=Insert_Data permission to 509
[2023-12-28T16:54:38.376+0000] {logging_mixin.py:154} INFO - Failed to change /opt/***/logs/dag_id=air_quality/run_id=scheduled__2023-12-05T04:00:00+00:00/task_id=Insert_Data permission to 509: [Errno 1] Operation not permitted: '/opt/***/logs/dag_id=air_quality/run_id=scheduled__2023-12-05T04:00:00+00:00/task_id=Insert_Data'
[2023-12-28T16:54:38.468+0000] {taskinstance.py:1159} INFO - Dependencies all met for dep_context=non-requeueable deps ti=<TaskInstance: air_quality.Insert_Data scheduled__2023-12-05T04:00:00+00:00 [queued]>
[2023-12-28T16:54:38.515+0000] {taskinstance.py:1159} INFO - Dependencies all met for dep_context=requeueable deps ti=<TaskInstance: air_quality.Insert_Data scheduled__2023-12-05T04:00:00+00:00 [queued]>
[2023-12-28T16:54:38.516+0000] {taskinstance.py:1361} INFO - Starting attempt 1 of 2
[2023-12-28T16:54:38.558+0000] {taskinstance.py:1382} INFO - Executing <Task(PythonOperator): Insert_Data> on 2023-12-05 04:00:00+00:00
[2023-12-28T16:54:38.567+0000] {standard_task_runner.py:57} INFO - Started process 1117 to run task
[2023-12-28T16:54:38.573+0000] {standard_task_runner.py:84} INFO - Running: ['***', 'tasks', 'run', 'air_quality', 'Insert_Data', 'scheduled__2023-12-05T04:00:00+00:00', '--job-id', '1092', '--raw', '--subdir', 'DAGS_FOLDER/airQuality.py', '--cfg-path', '/tmp/tmp4ynpwh4o']
[2023-12-28T16:54:38.576+0000] {standard_task_runner.py:85} INFO - Job 1092: Subtask Insert_Data
[2023-12-28T16:54:38.684+0000] {logging_mixin.py:154} INFO - Changing /opt/***/logs/dag_id=air_quality/run_id=scheduled__2023-12-05T04:00:00+00:00/task_id=Insert_Data permission to 509
[2023-12-28T16:54:38.685+0000] {logging_mixin.py:154} INFO - Failed to change /opt/***/logs/dag_id=air_quality/run_id=scheduled__2023-12-05T04:00:00+00:00/task_id=Insert_Data permission to 509: [Errno 1] Operation not permitted: '/opt/***/logs/dag_id=air_quality/run_id=scheduled__2023-12-05T04:00:00+00:00/task_id=Insert_Data'
[2023-12-28T16:54:38.689+0000] {task_command.py:416} INFO - Running <TaskInstance: air_quality.Insert_Data scheduled__2023-12-05T04:00:00+00:00 [running]> on host d67dd4682ccf
[2023-12-28T16:54:38.865+0000] {taskinstance.py:1662} INFO - Exporting env vars: AIRFLOW_CTX_DAG_OWNER='ghifari' AIRFLOW_CTX_DAG_ID='air_quality' AIRFLOW_CTX_TASK_ID='Insert_Data' AIRFLOW_CTX_EXECUTION_DATE='2023-12-05T04:00:00+00:00' AIRFLOW_CTX_TRY_NUMBER='1' AIRFLOW_CTX_DAG_RUN_ID='scheduled__2023-12-05T04:00:00+00:00'
[2023-12-28T16:54:39.787+0000] {logging_mixin.py:154} INFO - city           object
country        object
unit           object
last_value    float64
lat           float64
lng           float64
dtype: object
[2023-12-28T16:54:39.816+0000] {base.py:73} INFO - Using connection ID 'neonServerDB-Postgres' for task execution.
[2023-12-28T16:54:40.351+0000] {python.py:194} INFO - Done. Returned value was: None
[2023-12-28T16:54:40.367+0000] {taskinstance.py:1400} INFO - Marking task as SUCCESS. dag_id=air_quality, task_id=Insert_Data, execution_date=20231205T040000, start_date=20231228T165438, end_date=20231228T165440
[2023-12-28T16:54:40.443+0000] {local_task_job_runner.py:228} INFO - Task exited with return code 0
[2023-12-28T16:54:40.530+0000] {taskinstance.py:2778} INFO - 0 downstream tasks scheduled from follow-on schedule check
