[2023-12-17T11:18:50.711+0000] {logging_mixin.py:154} INFO - Changing /opt/***/logs/dag_id=air_quality/run_id=scheduled__2023-12-04T04:00:00+00:00/task_id=Insert_Data permission to 509
[2023-12-17T11:18:50.721+0000] {logging_mixin.py:154} INFO - Failed to change /opt/***/logs/dag_id=air_quality/run_id=scheduled__2023-12-04T04:00:00+00:00/task_id=Insert_Data permission to 509: [Errno 1] Operation not permitted: '/opt/***/logs/dag_id=air_quality/run_id=scheduled__2023-12-04T04:00:00+00:00/task_id=Insert_Data'
[2023-12-17T11:18:50.847+0000] {logging_mixin.py:154} INFO - Changing /opt/***/logs/dag_id=air_quality/run_id=scheduled__2023-12-04T04:00:00+00:00/task_id=Insert_Data permission to 509
[2023-12-17T11:18:50.849+0000] {logging_mixin.py:154} INFO - Failed to change /opt/***/logs/dag_id=air_quality/run_id=scheduled__2023-12-04T04:00:00+00:00/task_id=Insert_Data permission to 509: [Errno 1] Operation not permitted: '/opt/***/logs/dag_id=air_quality/run_id=scheduled__2023-12-04T04:00:00+00:00/task_id=Insert_Data'
[2023-12-17T11:18:50.938+0000] {taskinstance.py:1159} INFO - Dependencies all met for dep_context=non-requeueable deps ti=<TaskInstance: air_quality.Insert_Data scheduled__2023-12-04T04:00:00+00:00 [queued]>
[2023-12-17T11:18:50.965+0000] {taskinstance.py:1159} INFO - Dependencies all met for dep_context=requeueable deps ti=<TaskInstance: air_quality.Insert_Data scheduled__2023-12-04T04:00:00+00:00 [queued]>
[2023-12-17T11:18:50.966+0000] {taskinstance.py:1361} INFO - Starting attempt 1 of 2
[2023-12-17T11:18:51.012+0000] {taskinstance.py:1382} INFO - Executing <Task(PythonOperator): Insert_Data> on 2023-12-04 04:00:00+00:00
[2023-12-17T11:18:51.019+0000] {standard_task_runner.py:57} INFO - Started process 2230 to run task
[2023-12-17T11:18:51.027+0000] {standard_task_runner.py:84} INFO - Running: ['***', 'tasks', 'run', 'air_quality', 'Insert_Data', 'scheduled__2023-12-04T04:00:00+00:00', '--job-id', '372', '--raw', '--subdir', 'DAGS_FOLDER/airQuality.py', '--cfg-path', '/tmp/tmp0ou5jcfw']
[2023-12-17T11:18:51.029+0000] {standard_task_runner.py:85} INFO - Job 372: Subtask Insert_Data
[2023-12-17T11:18:51.271+0000] {logging_mixin.py:154} INFO - Changing /opt/***/logs/dag_id=air_quality/run_id=scheduled__2023-12-04T04:00:00+00:00/task_id=Insert_Data permission to 509
[2023-12-17T11:18:51.274+0000] {logging_mixin.py:154} INFO - Failed to change /opt/***/logs/dag_id=air_quality/run_id=scheduled__2023-12-04T04:00:00+00:00/task_id=Insert_Data permission to 509: [Errno 1] Operation not permitted: '/opt/***/logs/dag_id=air_quality/run_id=scheduled__2023-12-04T04:00:00+00:00/task_id=Insert_Data'
[2023-12-17T11:18:51.281+0000] {task_command.py:416} INFO - Running <TaskInstance: air_quality.Insert_Data scheduled__2023-12-04T04:00:00+00:00 [running]> on host 1a58977f5573
[2023-12-17T11:18:51.633+0000] {taskinstance.py:1662} INFO - Exporting env vars: AIRFLOW_CTX_DAG_OWNER='ghifari' AIRFLOW_CTX_DAG_ID='air_quality' AIRFLOW_CTX_TASK_ID='Insert_Data' AIRFLOW_CTX_EXECUTION_DATE='2023-12-04T04:00:00+00:00' AIRFLOW_CTX_TRY_NUMBER='1' AIRFLOW_CTX_DAG_RUN_ID='scheduled__2023-12-04T04:00:00+00:00'
[2023-12-17T11:18:53.521+0000] {logging_mixin.py:154} INFO - city           object
country        object
unit           object
last_value    float64
lat           float64
lng           float64
dtype: object
[2023-12-17T11:18:53.550+0000] {base.py:73} INFO - Using connection ID 'neonServerDB-Postgres' for task execution.
[2023-12-17T11:18:57.280+0000] {python.py:194} INFO - Done. Returned value was: None
[2023-12-17T11:18:57.300+0000] {taskinstance.py:1400} INFO - Marking task as SUCCESS. dag_id=air_quality, task_id=Insert_Data, execution_date=20231204T040000, start_date=20231217T111850, end_date=20231217T111857
[2023-12-17T11:18:57.367+0000] {local_task_job_runner.py:228} INFO - Task exited with return code 0
[2023-12-17T11:18:57.399+0000] {taskinstance.py:2778} INFO - 0 downstream tasks scheduled from follow-on schedule check
[2023-12-17T12:18:41.566+0000] {logging_mixin.py:154} INFO - Changing /opt/***/logs/dag_id=air_quality/run_id=scheduled__2023-12-04T04:00:00+00:00/task_id=Insert_Data permission to 509
[2023-12-17T12:18:41.568+0000] {logging_mixin.py:154} INFO - Failed to change /opt/***/logs/dag_id=air_quality/run_id=scheduled__2023-12-04T04:00:00+00:00/task_id=Insert_Data permission to 509: [Errno 1] Operation not permitted: '/opt/***/logs/dag_id=air_quality/run_id=scheduled__2023-12-04T04:00:00+00:00/task_id=Insert_Data'
[2023-12-17T12:18:41.620+0000] {logging_mixin.py:154} INFO - Changing /opt/***/logs/dag_id=air_quality/run_id=scheduled__2023-12-04T04:00:00+00:00/task_id=Insert_Data permission to 509
[2023-12-17T12:18:41.622+0000] {logging_mixin.py:154} INFO - Failed to change /opt/***/logs/dag_id=air_quality/run_id=scheduled__2023-12-04T04:00:00+00:00/task_id=Insert_Data permission to 509: [Errno 1] Operation not permitted: '/opt/***/logs/dag_id=air_quality/run_id=scheduled__2023-12-04T04:00:00+00:00/task_id=Insert_Data'
[2023-12-17T12:18:41.706+0000] {taskinstance.py:1159} INFO - Dependencies all met for dep_context=non-requeueable deps ti=<TaskInstance: air_quality.Insert_Data scheduled__2023-12-04T04:00:00+00:00 [queued]>
[2023-12-17T12:18:41.732+0000] {taskinstance.py:1159} INFO - Dependencies all met for dep_context=requeueable deps ti=<TaskInstance: air_quality.Insert_Data scheduled__2023-12-04T04:00:00+00:00 [queued]>
[2023-12-17T12:18:41.733+0000] {taskinstance.py:1361} INFO - Starting attempt 1 of 2
[2023-12-17T12:18:41.765+0000] {taskinstance.py:1382} INFO - Executing <Task(PythonOperator): Insert_Data> on 2023-12-04 04:00:00+00:00
[2023-12-17T12:18:41.773+0000] {standard_task_runner.py:57} INFO - Started process 4376 to run task
[2023-12-17T12:18:41.780+0000] {standard_task_runner.py:84} INFO - Running: ['***', 'tasks', 'run', 'air_quality', 'Insert_Data', 'scheduled__2023-12-04T04:00:00+00:00', '--job-id', '665', '--raw', '--subdir', 'DAGS_FOLDER/airQuality.py', '--cfg-path', '/tmp/tmpgdkxkw49']
[2023-12-17T12:18:41.782+0000] {standard_task_runner.py:85} INFO - Job 665: Subtask Insert_Data
[2023-12-17T12:18:41.877+0000] {logging_mixin.py:154} INFO - Changing /opt/***/logs/dag_id=air_quality/run_id=scheduled__2023-12-04T04:00:00+00:00/task_id=Insert_Data permission to 509
[2023-12-17T12:18:41.878+0000] {logging_mixin.py:154} INFO - Failed to change /opt/***/logs/dag_id=air_quality/run_id=scheduled__2023-12-04T04:00:00+00:00/task_id=Insert_Data permission to 509: [Errno 1] Operation not permitted: '/opt/***/logs/dag_id=air_quality/run_id=scheduled__2023-12-04T04:00:00+00:00/task_id=Insert_Data'
[2023-12-17T12:18:41.881+0000] {task_command.py:416} INFO - Running <TaskInstance: air_quality.Insert_Data scheduled__2023-12-04T04:00:00+00:00 [running]> on host 1a58977f5573
[2023-12-17T12:18:42.029+0000] {taskinstance.py:1662} INFO - Exporting env vars: AIRFLOW_CTX_DAG_OWNER='ghifari' AIRFLOW_CTX_DAG_ID='air_quality' AIRFLOW_CTX_TASK_ID='Insert_Data' AIRFLOW_CTX_EXECUTION_DATE='2023-12-04T04:00:00+00:00' AIRFLOW_CTX_TRY_NUMBER='1' AIRFLOW_CTX_DAG_RUN_ID='scheduled__2023-12-04T04:00:00+00:00'
[2023-12-17T12:18:43.215+0000] {logging_mixin.py:154} INFO - city           object
country        object
unit           object
last_value    float64
lat           float64
lng           float64
dtype: object
[2023-12-17T12:18:43.235+0000] {base.py:73} INFO - Using connection ID 'neonServerDB-Postgres' for task execution.
[2023-12-17T12:18:44.408+0000] {python.py:194} INFO - Done. Returned value was: None
[2023-12-17T12:18:44.424+0000] {taskinstance.py:1400} INFO - Marking task as SUCCESS. dag_id=air_quality, task_id=Insert_Data, execution_date=20231204T040000, start_date=20231217T121841, end_date=20231217T121844
[2023-12-17T12:18:44.475+0000] {local_task_job_runner.py:228} INFO - Task exited with return code 0
[2023-12-17T12:18:44.539+0000] {taskinstance.py:2778} INFO - 0 downstream tasks scheduled from follow-on schedule check
[2023-12-28T16:54:36.443+0000] {logging_mixin.py:154} INFO - Changing /opt/***/logs/dag_id=air_quality/run_id=scheduled__2023-12-04T04:00:00+00:00/task_id=Insert_Data permission to 509
[2023-12-28T16:54:36.449+0000] {logging_mixin.py:154} INFO - Failed to change /opt/***/logs/dag_id=air_quality/run_id=scheduled__2023-12-04T04:00:00+00:00/task_id=Insert_Data permission to 509: [Errno 1] Operation not permitted: '/opt/***/logs/dag_id=air_quality/run_id=scheduled__2023-12-04T04:00:00+00:00/task_id=Insert_Data'
[2023-12-28T16:54:36.567+0000] {logging_mixin.py:154} INFO - Changing /opt/***/logs/dag_id=air_quality/run_id=scheduled__2023-12-04T04:00:00+00:00/task_id=Insert_Data permission to 509
[2023-12-28T16:54:36.569+0000] {logging_mixin.py:154} INFO - Failed to change /opt/***/logs/dag_id=air_quality/run_id=scheduled__2023-12-04T04:00:00+00:00/task_id=Insert_Data permission to 509: [Errno 1] Operation not permitted: '/opt/***/logs/dag_id=air_quality/run_id=scheduled__2023-12-04T04:00:00+00:00/task_id=Insert_Data'
[2023-12-28T16:54:36.680+0000] {taskinstance.py:1159} INFO - Dependencies all met for dep_context=non-requeueable deps ti=<TaskInstance: air_quality.Insert_Data scheduled__2023-12-04T04:00:00+00:00 [queued]>
[2023-12-28T16:54:36.724+0000] {taskinstance.py:1159} INFO - Dependencies all met for dep_context=requeueable deps ti=<TaskInstance: air_quality.Insert_Data scheduled__2023-12-04T04:00:00+00:00 [queued]>
[2023-12-28T16:54:36.725+0000] {taskinstance.py:1361} INFO - Starting attempt 1 of 2
[2023-12-28T16:54:36.768+0000] {taskinstance.py:1382} INFO - Executing <Task(PythonOperator): Insert_Data> on 2023-12-04 04:00:00+00:00
[2023-12-28T16:54:36.782+0000] {standard_task_runner.py:57} INFO - Started process 1076 to run task
[2023-12-28T16:54:36.793+0000] {standard_task_runner.py:84} INFO - Running: ['***', 'tasks', 'run', 'air_quality', 'Insert_Data', 'scheduled__2023-12-04T04:00:00+00:00', '--job-id', '1091', '--raw', '--subdir', 'DAGS_FOLDER/airQuality.py', '--cfg-path', '/tmp/tmp5lk4580z']
[2023-12-28T16:54:36.799+0000] {standard_task_runner.py:85} INFO - Job 1091: Subtask Insert_Data
[2023-12-28T16:54:37.024+0000] {logging_mixin.py:154} INFO - Changing /opt/***/logs/dag_id=air_quality/run_id=scheduled__2023-12-04T04:00:00+00:00/task_id=Insert_Data permission to 509
[2023-12-28T16:54:37.025+0000] {logging_mixin.py:154} INFO - Failed to change /opt/***/logs/dag_id=air_quality/run_id=scheduled__2023-12-04T04:00:00+00:00/task_id=Insert_Data permission to 509: [Errno 1] Operation not permitted: '/opt/***/logs/dag_id=air_quality/run_id=scheduled__2023-12-04T04:00:00+00:00/task_id=Insert_Data'
[2023-12-28T16:54:37.031+0000] {task_command.py:416} INFO - Running <TaskInstance: air_quality.Insert_Data scheduled__2023-12-04T04:00:00+00:00 [running]> on host d67dd4682ccf
[2023-12-28T16:54:37.396+0000] {taskinstance.py:1662} INFO - Exporting env vars: AIRFLOW_CTX_DAG_OWNER='ghifari' AIRFLOW_CTX_DAG_ID='air_quality' AIRFLOW_CTX_TASK_ID='Insert_Data' AIRFLOW_CTX_EXECUTION_DATE='2023-12-04T04:00:00+00:00' AIRFLOW_CTX_TRY_NUMBER='1' AIRFLOW_CTX_DAG_RUN_ID='scheduled__2023-12-04T04:00:00+00:00'
[2023-12-28T16:54:38.750+0000] {logging_mixin.py:154} INFO - city           object
country        object
unit           object
last_value    float64
lat           float64
lng           float64
dtype: object
[2023-12-28T16:54:38.770+0000] {base.py:73} INFO - Using connection ID 'neonServerDB-Postgres' for task execution.
[2023-12-28T16:54:39.009+0000] {python.py:194} INFO - Done. Returned value was: None
[2023-12-28T16:54:39.029+0000] {taskinstance.py:1400} INFO - Marking task as SUCCESS. dag_id=air_quality, task_id=Insert_Data, execution_date=20231204T040000, start_date=20231228T165436, end_date=20231228T165439
[2023-12-28T16:54:39.116+0000] {local_task_job_runner.py:228} INFO - Task exited with return code 0
[2023-12-28T16:54:39.155+0000] {taskinstance.py:2778} INFO - 0 downstream tasks scheduled from follow-on schedule check
