[2023-12-28T16:08:44.110+0000] {logging_mixin.py:154} INFO - Changing /opt/***/logs/dag_id=air_quality/run_id=scheduled__2023-12-20T04:00:00+00:00/task_id=Extract permission to 509
[2023-12-28T16:08:44.124+0000] {logging_mixin.py:154} INFO - Failed to change /opt/***/logs/dag_id=air_quality/run_id=scheduled__2023-12-20T04:00:00+00:00/task_id=Extract permission to 509: [Errno 1] Operation not permitted: '/opt/***/logs/dag_id=air_quality/run_id=scheduled__2023-12-20T04:00:00+00:00/task_id=Extract'
[2023-12-28T16:08:44.307+0000] {logging_mixin.py:154} INFO - Changing /opt/***/logs/dag_id=air_quality/run_id=scheduled__2023-12-20T04:00:00+00:00/task_id=Extract permission to 509
[2023-12-28T16:08:44.311+0000] {logging_mixin.py:154} INFO - Failed to change /opt/***/logs/dag_id=air_quality/run_id=scheduled__2023-12-20T04:00:00+00:00/task_id=Extract permission to 509: [Errno 1] Operation not permitted: '/opt/***/logs/dag_id=air_quality/run_id=scheduled__2023-12-20T04:00:00+00:00/task_id=Extract'
[2023-12-28T16:08:44.730+0000] {taskinstance.py:1159} INFO - Dependencies all met for dep_context=non-requeueable deps ti=<TaskInstance: air_quality.Extract scheduled__2023-12-20T04:00:00+00:00 [queued]>
[2023-12-28T16:08:44.862+0000] {taskinstance.py:1159} INFO - Dependencies all met for dep_context=requeueable deps ti=<TaskInstance: air_quality.Extract scheduled__2023-12-20T04:00:00+00:00 [queued]>
[2023-12-28T16:08:44.863+0000] {taskinstance.py:1361} INFO - Starting attempt 1 of 2
[2023-12-28T16:08:45.002+0000] {taskinstance.py:1382} INFO - Executing <Task(PythonOperator): Extract> on 2023-12-20 04:00:00+00:00
[2023-12-28T16:08:45.023+0000] {standard_task_runner.py:57} INFO - Started process 478 to run task
[2023-12-28T16:08:45.053+0000] {standard_task_runner.py:84} INFO - Running: ['***', 'tasks', 'run', 'air_quality', 'Extract', 'scheduled__2023-12-20T04:00:00+00:00', '--job-id', '735', '--raw', '--subdir', 'DAGS_FOLDER/airQuality.py', '--cfg-path', '/tmp/tmpgpqfr_eg']
[2023-12-28T16:08:45.085+0000] {standard_task_runner.py:85} INFO - Job 735: Subtask Extract
[2023-12-28T16:08:45.322+0000] {logging_mixin.py:154} INFO - Changing /opt/***/logs/dag_id=air_quality/run_id=scheduled__2023-12-20T04:00:00+00:00/task_id=Extract permission to 509
[2023-12-28T16:08:45.325+0000] {logging_mixin.py:154} INFO - Failed to change /opt/***/logs/dag_id=air_quality/run_id=scheduled__2023-12-20T04:00:00+00:00/task_id=Extract permission to 509: [Errno 1] Operation not permitted: '/opt/***/logs/dag_id=air_quality/run_id=scheduled__2023-12-20T04:00:00+00:00/task_id=Extract'
[2023-12-28T16:08:45.332+0000] {task_command.py:416} INFO - Running <TaskInstance: air_quality.Extract scheduled__2023-12-20T04:00:00+00:00 [running]> on host d67dd4682ccf
[2023-12-28T16:08:45.850+0000] {taskinstance.py:1662} INFO - Exporting env vars: AIRFLOW_CTX_DAG_OWNER='ghifari' AIRFLOW_CTX_DAG_ID='air_quality' AIRFLOW_CTX_TASK_ID='Extract' AIRFLOW_CTX_EXECUTION_DATE='2023-12-20T04:00:00+00:00' AIRFLOW_CTX_TRY_NUMBER='1' AIRFLOW_CTX_DAG_RUN_ID='scheduled__2023-12-20T04:00:00+00:00'
[2023-12-28T16:08:47.676+0000] {python.py:194} INFO - Done. Returned value was: {'city': ['Jakarta'], 'country': ['ID'], 'unit': ['pm25'], 'last_value': [-999.0], 'lat': [-6.182536], 'lng': [106.834236]}
[2023-12-28T16:08:47.782+0000] {taskinstance.py:1400} INFO - Marking task as SUCCESS. dag_id=air_quality, task_id=Extract, execution_date=20231220T040000, start_date=20231228T160844, end_date=20231228T160847
[2023-12-28T16:08:48.001+0000] {local_task_job_runner.py:228} INFO - Task exited with return code 0
[2023-12-28T16:08:48.429+0000] {taskinstance.py:2778} INFO - 1 downstream tasks scheduled from follow-on schedule check
[2023-12-28T16:51:54.316+0000] {logging_mixin.py:154} INFO - Changing /opt/***/logs/dag_id=air_quality/run_id=scheduled__2023-12-20T04:00:00+00:00/task_id=Extract permission to 509
[2023-12-28T16:51:54.323+0000] {logging_mixin.py:154} INFO - Failed to change /opt/***/logs/dag_id=air_quality/run_id=scheduled__2023-12-20T04:00:00+00:00/task_id=Extract permission to 509: [Errno 1] Operation not permitted: '/opt/***/logs/dag_id=air_quality/run_id=scheduled__2023-12-20T04:00:00+00:00/task_id=Extract'
[2023-12-28T16:51:54.492+0000] {logging_mixin.py:154} INFO - Changing /opt/***/logs/dag_id=air_quality/run_id=scheduled__2023-12-20T04:00:00+00:00/task_id=Extract permission to 509
[2023-12-28T16:51:54.497+0000] {logging_mixin.py:154} INFO - Failed to change /opt/***/logs/dag_id=air_quality/run_id=scheduled__2023-12-20T04:00:00+00:00/task_id=Extract permission to 509: [Errno 1] Operation not permitted: '/opt/***/logs/dag_id=air_quality/run_id=scheduled__2023-12-20T04:00:00+00:00/task_id=Extract'
[2023-12-28T16:51:54.589+0000] {taskinstance.py:1159} INFO - Dependencies all met for dep_context=non-requeueable deps ti=<TaskInstance: air_quality.Extract scheduled__2023-12-20T04:00:00+00:00 [queued]>
[2023-12-28T16:51:54.622+0000] {taskinstance.py:1159} INFO - Dependencies all met for dep_context=requeueable deps ti=<TaskInstance: air_quality.Extract scheduled__2023-12-20T04:00:00+00:00 [queued]>
[2023-12-28T16:51:54.624+0000] {taskinstance.py:1361} INFO - Starting attempt 1 of 2
[2023-12-28T16:51:54.674+0000] {taskinstance.py:1382} INFO - Executing <Task(PythonOperator): Extract> on 2023-12-20 04:00:00+00:00
[2023-12-28T16:51:54.688+0000] {standard_task_runner.py:57} INFO - Started process 255 to run task
[2023-12-28T16:51:54.706+0000] {standard_task_runner.py:84} INFO - Running: ['***', 'tasks', 'run', 'air_quality', 'Extract', 'scheduled__2023-12-20T04:00:00+00:00', '--job-id', '875', '--raw', '--subdir', 'DAGS_FOLDER/airQuality.py', '--cfg-path', '/tmp/tmp5yc6lg1q']
[2023-12-28T16:51:54.722+0000] {standard_task_runner.py:85} INFO - Job 875: Subtask Extract
[2023-12-28T16:51:55.054+0000] {logging_mixin.py:154} INFO - Changing /opt/***/logs/dag_id=air_quality/run_id=scheduled__2023-12-20T04:00:00+00:00/task_id=Extract permission to 509
[2023-12-28T16:51:55.056+0000] {logging_mixin.py:154} INFO - Failed to change /opt/***/logs/dag_id=air_quality/run_id=scheduled__2023-12-20T04:00:00+00:00/task_id=Extract permission to 509: [Errno 1] Operation not permitted: '/opt/***/logs/dag_id=air_quality/run_id=scheduled__2023-12-20T04:00:00+00:00/task_id=Extract'
[2023-12-28T16:51:55.090+0000] {task_command.py:416} INFO - Running <TaskInstance: air_quality.Extract scheduled__2023-12-20T04:00:00+00:00 [running]> on host d67dd4682ccf
[2023-12-28T16:51:55.820+0000] {taskinstance.py:1662} INFO - Exporting env vars: AIRFLOW_CTX_DAG_OWNER='ghifari' AIRFLOW_CTX_DAG_ID='air_quality' AIRFLOW_CTX_TASK_ID='Extract' AIRFLOW_CTX_EXECUTION_DATE='2023-12-20T04:00:00+00:00' AIRFLOW_CTX_TRY_NUMBER='1' AIRFLOW_CTX_DAG_RUN_ID='scheduled__2023-12-20T04:00:00+00:00'
[2023-12-28T16:51:56.235+0000] {python.py:194} INFO - Done. Returned value was: {'city': ['Jakarta'], 'country': ['ID'], 'unit': ['o3'], 'last_value': [-0.999], 'lat': [-6.182536], 'lng': [106.834236]}
[2023-12-28T16:51:56.434+0000] {taskinstance.py:1400} INFO - Marking task as SUCCESS. dag_id=air_quality, task_id=Extract, execution_date=20231220T040000, start_date=20231228T165154, end_date=20231228T165156
[2023-12-28T16:51:56.628+0000] {local_task_job_runner.py:228} INFO - Task exited with return code 0
[2023-12-28T16:51:57.026+0000] {taskinstance.py:2778} INFO - 1 downstream tasks scheduled from follow-on schedule check
[2023-12-28T16:52:31.685+0000] {logging_mixin.py:154} INFO - Changing /opt/***/logs/dag_id=air_quality/run_id=scheduled__2023-12-20T04:00:00+00:00/task_id=Extract permission to 509
[2023-12-28T16:52:31.688+0000] {logging_mixin.py:154} INFO - Failed to change /opt/***/logs/dag_id=air_quality/run_id=scheduled__2023-12-20T04:00:00+00:00/task_id=Extract permission to 509: [Errno 1] Operation not permitted: '/opt/***/logs/dag_id=air_quality/run_id=scheduled__2023-12-20T04:00:00+00:00/task_id=Extract'
[2023-12-28T16:52:31.805+0000] {logging_mixin.py:154} INFO - Changing /opt/***/logs/dag_id=air_quality/run_id=scheduled__2023-12-20T04:00:00+00:00/task_id=Extract permission to 509
[2023-12-28T16:52:31.807+0000] {logging_mixin.py:154} INFO - Failed to change /opt/***/logs/dag_id=air_quality/run_id=scheduled__2023-12-20T04:00:00+00:00/task_id=Extract permission to 509: [Errno 1] Operation not permitted: '/opt/***/logs/dag_id=air_quality/run_id=scheduled__2023-12-20T04:00:00+00:00/task_id=Extract'
[2023-12-28T16:52:32.064+0000] {taskinstance.py:1159} INFO - Dependencies all met for dep_context=non-requeueable deps ti=<TaskInstance: air_quality.Extract scheduled__2023-12-20T04:00:00+00:00 [queued]>
[2023-12-28T16:52:32.135+0000] {taskinstance.py:1159} INFO - Dependencies all met for dep_context=requeueable deps ti=<TaskInstance: air_quality.Extract scheduled__2023-12-20T04:00:00+00:00 [queued]>
[2023-12-28T16:52:32.137+0000] {taskinstance.py:1361} INFO - Starting attempt 1 of 2
[2023-12-28T16:52:32.284+0000] {taskinstance.py:1382} INFO - Executing <Task(PythonOperator): Extract> on 2023-12-20 04:00:00+00:00
[2023-12-28T16:52:32.293+0000] {standard_task_runner.py:57} INFO - Started process 609 to run task
[2023-12-28T16:52:32.311+0000] {standard_task_runner.py:84} INFO - Running: ['***', 'tasks', 'run', 'air_quality', 'Extract', 'scheduled__2023-12-20T04:00:00+00:00', '--job-id', '959', '--raw', '--subdir', 'DAGS_FOLDER/airQuality.py', '--cfg-path', '/tmp/tmphh7q7hi6']
[2023-12-28T16:52:32.323+0000] {standard_task_runner.py:85} INFO - Job 959: Subtask Extract
[2023-12-28T16:52:32.725+0000] {logging_mixin.py:154} INFO - Changing /opt/***/logs/dag_id=air_quality/run_id=scheduled__2023-12-20T04:00:00+00:00/task_id=Extract permission to 509
[2023-12-28T16:52:32.733+0000] {logging_mixin.py:154} INFO - Failed to change /opt/***/logs/dag_id=air_quality/run_id=scheduled__2023-12-20T04:00:00+00:00/task_id=Extract permission to 509: [Errno 1] Operation not permitted: '/opt/***/logs/dag_id=air_quality/run_id=scheduled__2023-12-20T04:00:00+00:00/task_id=Extract'
[2023-12-28T16:52:32.741+0000] {task_command.py:416} INFO - Running <TaskInstance: air_quality.Extract scheduled__2023-12-20T04:00:00+00:00 [running]> on host d67dd4682ccf
[2023-12-28T16:52:33.096+0000] {taskinstance.py:1662} INFO - Exporting env vars: AIRFLOW_CTX_DAG_OWNER='ghifari' AIRFLOW_CTX_DAG_ID='air_quality' AIRFLOW_CTX_TASK_ID='Extract' AIRFLOW_CTX_EXECUTION_DATE='2023-12-20T04:00:00+00:00' AIRFLOW_CTX_TRY_NUMBER='1' AIRFLOW_CTX_DAG_RUN_ID='scheduled__2023-12-20T04:00:00+00:00'
[2023-12-28T16:52:33.388+0000] {python.py:194} INFO - Done. Returned value was: {'city': ['Jakarta'], 'country': ['ID'], 'unit': ['o3'], 'last_value': [-0.999], 'lat': [-6.182536], 'lng': [106.834236]}
[2023-12-28T16:52:33.457+0000] {taskinstance.py:1400} INFO - Marking task as SUCCESS. dag_id=air_quality, task_id=Extract, execution_date=20231220T040000, start_date=20231228T165232, end_date=20231228T165233
[2023-12-28T16:52:33.526+0000] {local_task_job_runner.py:228} INFO - Task exited with return code 0
[2023-12-28T16:52:33.712+0000] {taskinstance.py:2778} INFO - 1 downstream tasks scheduled from follow-on schedule check
[2023-12-28T16:54:54.030+0000] {logging_mixin.py:154} INFO - Changing /opt/***/logs/dag_id=air_quality/run_id=scheduled__2023-12-20T04:00:00+00:00/task_id=Extract permission to 509
[2023-12-28T16:54:54.046+0000] {logging_mixin.py:154} INFO - Failed to change /opt/***/logs/dag_id=air_quality/run_id=scheduled__2023-12-20T04:00:00+00:00/task_id=Extract permission to 509: [Errno 1] Operation not permitted: '/opt/***/logs/dag_id=air_quality/run_id=scheduled__2023-12-20T04:00:00+00:00/task_id=Extract'
[2023-12-28T16:54:54.241+0000] {logging_mixin.py:154} INFO - Changing /opt/***/logs/dag_id=air_quality/run_id=scheduled__2023-12-20T04:00:00+00:00/task_id=Extract permission to 509
[2023-12-28T16:54:54.242+0000] {logging_mixin.py:154} INFO - Failed to change /opt/***/logs/dag_id=air_quality/run_id=scheduled__2023-12-20T04:00:00+00:00/task_id=Extract permission to 509: [Errno 1] Operation not permitted: '/opt/***/logs/dag_id=air_quality/run_id=scheduled__2023-12-20T04:00:00+00:00/task_id=Extract'
[2023-12-28T16:54:54.373+0000] {taskinstance.py:1159} INFO - Dependencies all met for dep_context=non-requeueable deps ti=<TaskInstance: air_quality.Extract scheduled__2023-12-20T04:00:00+00:00 [queued]>
[2023-12-28T16:54:54.434+0000] {taskinstance.py:1159} INFO - Dependencies all met for dep_context=requeueable deps ti=<TaskInstance: air_quality.Extract scheduled__2023-12-20T04:00:00+00:00 [queued]>
[2023-12-28T16:54:54.436+0000] {taskinstance.py:1361} INFO - Starting attempt 1 of 2
[2023-12-28T16:54:54.565+0000] {taskinstance.py:1382} INFO - Executing <Task(PythonOperator): Extract> on 2023-12-20 04:00:00+00:00
[2023-12-28T16:54:54.588+0000] {standard_task_runner.py:57} INFO - Started process 1241 to run task
[2023-12-28T16:54:54.681+0000] {standard_task_runner.py:84} INFO - Running: ['***', 'tasks', 'run', 'air_quality', 'Extract', 'scheduled__2023-12-20T04:00:00+00:00', '--job-id', '1122', '--raw', '--subdir', 'DAGS_FOLDER/airQuality.py', '--cfg-path', '/tmp/tmpxmucbr_n']
[2023-12-28T16:54:54.696+0000] {standard_task_runner.py:85} INFO - Job 1122: Subtask Extract
[2023-12-28T16:54:55.449+0000] {logging_mixin.py:154} INFO - Changing /opt/***/logs/dag_id=air_quality/run_id=scheduled__2023-12-20T04:00:00+00:00/task_id=Extract permission to 509
[2023-12-28T16:54:55.488+0000] {logging_mixin.py:154} INFO - Failed to change /opt/***/logs/dag_id=air_quality/run_id=scheduled__2023-12-20T04:00:00+00:00/task_id=Extract permission to 509: [Errno 1] Operation not permitted: '/opt/***/logs/dag_id=air_quality/run_id=scheduled__2023-12-20T04:00:00+00:00/task_id=Extract'
[2023-12-28T16:54:55.517+0000] {task_command.py:416} INFO - Running <TaskInstance: air_quality.Extract scheduled__2023-12-20T04:00:00+00:00 [running]> on host d67dd4682ccf
[2023-12-28T16:54:56.256+0000] {taskinstance.py:1662} INFO - Exporting env vars: AIRFLOW_CTX_DAG_OWNER='ghifari' AIRFLOW_CTX_DAG_ID='air_quality' AIRFLOW_CTX_TASK_ID='Extract' AIRFLOW_CTX_EXECUTION_DATE='2023-12-20T04:00:00+00:00' AIRFLOW_CTX_TRY_NUMBER='1' AIRFLOW_CTX_DAG_RUN_ID='scheduled__2023-12-20T04:00:00+00:00'
[2023-12-28T16:54:56.600+0000] {python.py:194} INFO - Done. Returned value was: {'city': ['Jakarta'], 'country': ['ID'], 'unit': ['o3'], 'last_value': [-0.999], 'lat': [-6.182536], 'lng': [106.834236]}
[2023-12-28T16:54:56.765+0000] {taskinstance.py:1400} INFO - Marking task as SUCCESS. dag_id=air_quality, task_id=Extract, execution_date=20231220T040000, start_date=20231228T165454, end_date=20231228T165456
[2023-12-28T16:54:56.978+0000] {local_task_job_runner.py:228} INFO - Task exited with return code 0
[2023-12-28T16:54:57.358+0000] {taskinstance.py:2778} INFO - 1 downstream tasks scheduled from follow-on schedule check
