[2023-12-28T16:08:51.589+0000] {logging_mixin.py:154} INFO - Changing /opt/***/logs/dag_id=air_quality/run_id=scheduled__2023-12-19T04:00:00+00:00/task_id=Check_Response permission to 509
[2023-12-28T16:08:51.592+0000] {logging_mixin.py:154} INFO - Failed to change /opt/***/logs/dag_id=air_quality/run_id=scheduled__2023-12-19T04:00:00+00:00/task_id=Check_Response permission to 509: [Errno 1] Operation not permitted: '/opt/***/logs/dag_id=air_quality/run_id=scheduled__2023-12-19T04:00:00+00:00/task_id=Check_Response'
[2023-12-28T16:08:51.763+0000] {logging_mixin.py:154} INFO - Changing /opt/***/logs/dag_id=air_quality/run_id=scheduled__2023-12-19T04:00:00+00:00/task_id=Check_Response permission to 509
[2023-12-28T16:08:51.764+0000] {logging_mixin.py:154} INFO - Failed to change /opt/***/logs/dag_id=air_quality/run_id=scheduled__2023-12-19T04:00:00+00:00/task_id=Check_Response permission to 509: [Errno 1] Operation not permitted: '/opt/***/logs/dag_id=air_quality/run_id=scheduled__2023-12-19T04:00:00+00:00/task_id=Check_Response'
[2023-12-28T16:08:51.937+0000] {taskinstance.py:1159} INFO - Dependencies all met for dep_context=non-requeueable deps ti=<TaskInstance: air_quality.Check_Response scheduled__2023-12-19T04:00:00+00:00 [queued]>
[2023-12-28T16:08:52.004+0000] {taskinstance.py:1159} INFO - Dependencies all met for dep_context=requeueable deps ti=<TaskInstance: air_quality.Check_Response scheduled__2023-12-19T04:00:00+00:00 [queued]>
[2023-12-28T16:08:52.007+0000] {taskinstance.py:1361} INFO - Starting attempt 1 of 2
[2023-12-28T16:08:52.106+0000] {taskinstance.py:1382} INFO - Executing <Task(BranchPythonOperator): Check_Response> on 2023-12-19 04:00:00+00:00
[2023-12-28T16:08:52.136+0000] {standard_task_runner.py:57} INFO - Started process 520 to run task
[2023-12-28T16:08:52.200+0000] {standard_task_runner.py:84} INFO - Running: ['***', 'tasks', 'run', 'air_quality', 'Check_Response', 'scheduled__2023-12-19T04:00:00+00:00', '--job-id', '752', '--raw', '--subdir', 'DAGS_FOLDER/airQuality.py', '--cfg-path', '/tmp/tmptr8tlxjf']
[2023-12-28T16:08:52.210+0000] {standard_task_runner.py:85} INFO - Job 752: Subtask Check_Response
[2023-12-28T16:08:52.609+0000] {logging_mixin.py:154} INFO - Changing /opt/***/logs/dag_id=air_quality/run_id=scheduled__2023-12-19T04:00:00+00:00/task_id=Check_Response permission to 509
[2023-12-28T16:08:52.618+0000] {logging_mixin.py:154} INFO - Failed to change /opt/***/logs/dag_id=air_quality/run_id=scheduled__2023-12-19T04:00:00+00:00/task_id=Check_Response permission to 509: [Errno 1] Operation not permitted: '/opt/***/logs/dag_id=air_quality/run_id=scheduled__2023-12-19T04:00:00+00:00/task_id=Check_Response'
[2023-12-28T16:08:52.633+0000] {task_command.py:416} INFO - Running <TaskInstance: air_quality.Check_Response scheduled__2023-12-19T04:00:00+00:00 [running]> on host d67dd4682ccf
[2023-12-28T16:08:53.103+0000] {taskinstance.py:1662} INFO - Exporting env vars: AIRFLOW_CTX_DAG_OWNER='ghifari' AIRFLOW_CTX_DAG_ID='air_quality' AIRFLOW_CTX_TASK_ID='Check_Response' AIRFLOW_CTX_EXECUTION_DATE='2023-12-19T04:00:00+00:00' AIRFLOW_CTX_TRY_NUMBER='1' AIRFLOW_CTX_DAG_RUN_ID='scheduled__2023-12-19T04:00:00+00:00'
[2023-12-28T16:08:53.195+0000] {airQuality.py:90} INFO - Data Found: {'city': ['Jakarta'], 'country': ['ID'], 'unit': ['pm25'], 'last_value': [-999.0], 'lat': [-6.182536], 'lng': [106.834236]}
[2023-12-28T16:08:53.199+0000] {python.py:194} INFO - Done. Returned value was: Transform
[2023-12-28T16:08:53.204+0000] {python.py:227} INFO - Branch callable return Transform
[2023-12-28T16:08:53.206+0000] {skipmixin.py:173} INFO - Following branch Transform
[2023-12-28T16:08:53.309+0000] {skipmixin.py:239} INFO - Skipping tasks [('Error_Response', -1)]
[2023-12-28T16:08:53.682+0000] {taskinstance.py:1400} INFO - Marking task as SUCCESS. dag_id=air_quality, task_id=Check_Response, execution_date=20231219T040000, start_date=20231228T160851, end_date=20231228T160853
[2023-12-28T16:08:53.872+0000] {local_task_job_runner.py:228} INFO - Task exited with return code 0
[2023-12-28T16:08:54.091+0000] {taskinstance.py:2778} INFO - 1 downstream tasks scheduled from follow-on schedule check
[2023-12-28T16:51:57.639+0000] {logging_mixin.py:154} INFO - Changing /opt/***/logs/dag_id=air_quality/run_id=scheduled__2023-12-19T04:00:00+00:00/task_id=Check_Response permission to 509
[2023-12-28T16:51:57.646+0000] {logging_mixin.py:154} INFO - Failed to change /opt/***/logs/dag_id=air_quality/run_id=scheduled__2023-12-19T04:00:00+00:00/task_id=Check_Response permission to 509: [Errno 1] Operation not permitted: '/opt/***/logs/dag_id=air_quality/run_id=scheduled__2023-12-19T04:00:00+00:00/task_id=Check_Response'
[2023-12-28T16:51:57.819+0000] {logging_mixin.py:154} INFO - Changing /opt/***/logs/dag_id=air_quality/run_id=scheduled__2023-12-19T04:00:00+00:00/task_id=Check_Response permission to 509
[2023-12-28T16:51:57.838+0000] {logging_mixin.py:154} INFO - Failed to change /opt/***/logs/dag_id=air_quality/run_id=scheduled__2023-12-19T04:00:00+00:00/task_id=Check_Response permission to 509: [Errno 1] Operation not permitted: '/opt/***/logs/dag_id=air_quality/run_id=scheduled__2023-12-19T04:00:00+00:00/task_id=Check_Response'
[2023-12-28T16:51:58.150+0000] {taskinstance.py:1159} INFO - Dependencies all met for dep_context=non-requeueable deps ti=<TaskInstance: air_quality.Check_Response scheduled__2023-12-19T04:00:00+00:00 [queued]>
[2023-12-28T16:51:58.192+0000] {taskinstance.py:1159} INFO - Dependencies all met for dep_context=requeueable deps ti=<TaskInstance: air_quality.Check_Response scheduled__2023-12-19T04:00:00+00:00 [queued]>
[2023-12-28T16:51:58.194+0000] {taskinstance.py:1361} INFO - Starting attempt 1 of 2
[2023-12-28T16:51:58.335+0000] {taskinstance.py:1382} INFO - Executing <Task(BranchPythonOperator): Check_Response> on 2023-12-19 04:00:00+00:00
[2023-12-28T16:51:58.356+0000] {standard_task_runner.py:57} INFO - Started process 269 to run task
[2023-12-28T16:51:58.385+0000] {standard_task_runner.py:84} INFO - Running: ['***', 'tasks', 'run', 'air_quality', 'Check_Response', 'scheduled__2023-12-19T04:00:00+00:00', '--job-id', '880', '--raw', '--subdir', 'DAGS_FOLDER/airQuality.py', '--cfg-path', '/tmp/tmpb3uleokz']
[2023-12-28T16:51:58.411+0000] {standard_task_runner.py:85} INFO - Job 880: Subtask Check_Response
[2023-12-28T16:51:58.655+0000] {logging_mixin.py:154} INFO - Changing /opt/***/logs/dag_id=air_quality/run_id=scheduled__2023-12-19T04:00:00+00:00/task_id=Check_Response permission to 509
[2023-12-28T16:51:58.659+0000] {logging_mixin.py:154} INFO - Failed to change /opt/***/logs/dag_id=air_quality/run_id=scheduled__2023-12-19T04:00:00+00:00/task_id=Check_Response permission to 509: [Errno 1] Operation not permitted: '/opt/***/logs/dag_id=air_quality/run_id=scheduled__2023-12-19T04:00:00+00:00/task_id=Check_Response'
[2023-12-28T16:51:58.664+0000] {task_command.py:416} INFO - Running <TaskInstance: air_quality.Check_Response scheduled__2023-12-19T04:00:00+00:00 [running]> on host d67dd4682ccf
[2023-12-28T16:51:59.063+0000] {taskinstance.py:1662} INFO - Exporting env vars: AIRFLOW_CTX_DAG_OWNER='ghifari' AIRFLOW_CTX_DAG_ID='air_quality' AIRFLOW_CTX_TASK_ID='Check_Response' AIRFLOW_CTX_EXECUTION_DATE='2023-12-19T04:00:00+00:00' AIRFLOW_CTX_TRY_NUMBER='1' AIRFLOW_CTX_DAG_RUN_ID='scheduled__2023-12-19T04:00:00+00:00'
[2023-12-28T16:51:59.132+0000] {airQuality.py:90} INFO - Data Found: {'city': ['Jakarta'], 'country': ['ID'], 'unit': ['o3'], 'last_value': [-0.999], 'lat': [-6.182536], 'lng': [106.834236]}
[2023-12-28T16:51:59.140+0000] {python.py:194} INFO - Done. Returned value was: Transform
[2023-12-28T16:51:59.141+0000] {python.py:227} INFO - Branch callable return Transform
[2023-12-28T16:51:59.142+0000] {skipmixin.py:173} INFO - Following branch Transform
[2023-12-28T16:51:59.213+0000] {skipmixin.py:239} INFO - Skipping tasks [('Error_Response', -1)]
[2023-12-28T16:51:59.429+0000] {taskinstance.py:1400} INFO - Marking task as SUCCESS. dag_id=air_quality, task_id=Check_Response, execution_date=20231219T040000, start_date=20231228T165158, end_date=20231228T165159
[2023-12-28T16:51:59.638+0000] {local_task_job_runner.py:228} INFO - Task exited with return code 0
[2023-12-28T16:51:59.962+0000] {taskinstance.py:2778} INFO - 0 downstream tasks scheduled from follow-on schedule check
[2023-12-28T16:52:26.765+0000] {logging_mixin.py:154} INFO - Changing /opt/***/logs/dag_id=air_quality/run_id=scheduled__2023-12-19T04:00:00+00:00/task_id=Check_Response permission to 509
[2023-12-28T16:52:26.769+0000] {logging_mixin.py:154} INFO - Failed to change /opt/***/logs/dag_id=air_quality/run_id=scheduled__2023-12-19T04:00:00+00:00/task_id=Check_Response permission to 509: [Errno 1] Operation not permitted: '/opt/***/logs/dag_id=air_quality/run_id=scheduled__2023-12-19T04:00:00+00:00/task_id=Check_Response'
[2023-12-28T16:52:26.892+0000] {logging_mixin.py:154} INFO - Changing /opt/***/logs/dag_id=air_quality/run_id=scheduled__2023-12-19T04:00:00+00:00/task_id=Check_Response permission to 509
[2023-12-28T16:52:26.894+0000] {logging_mixin.py:154} INFO - Failed to change /opt/***/logs/dag_id=air_quality/run_id=scheduled__2023-12-19T04:00:00+00:00/task_id=Check_Response permission to 509: [Errno 1] Operation not permitted: '/opt/***/logs/dag_id=air_quality/run_id=scheduled__2023-12-19T04:00:00+00:00/task_id=Check_Response'
[2023-12-28T16:52:27.002+0000] {taskinstance.py:1159} INFO - Dependencies all met for dep_context=non-requeueable deps ti=<TaskInstance: air_quality.Check_Response scheduled__2023-12-19T04:00:00+00:00 [queued]>
[2023-12-28T16:52:27.043+0000] {taskinstance.py:1159} INFO - Dependencies all met for dep_context=requeueable deps ti=<TaskInstance: air_quality.Check_Response scheduled__2023-12-19T04:00:00+00:00 [queued]>
[2023-12-28T16:52:27.046+0000] {taskinstance.py:1361} INFO - Starting attempt 1 of 2
[2023-12-28T16:52:27.107+0000] {taskinstance.py:1382} INFO - Executing <Task(BranchPythonOperator): Check_Response> on 2023-12-19 04:00:00+00:00
[2023-12-28T16:52:27.117+0000] {standard_task_runner.py:57} INFO - Started process 548 to run task
[2023-12-28T16:52:27.124+0000] {standard_task_runner.py:84} INFO - Running: ['***', 'tasks', 'run', 'air_quality', 'Check_Response', 'scheduled__2023-12-19T04:00:00+00:00', '--job-id', '953', '--raw', '--subdir', 'DAGS_FOLDER/airQuality.py', '--cfg-path', '/tmp/tmpec2nx15m']
[2023-12-28T16:52:27.127+0000] {standard_task_runner.py:85} INFO - Job 953: Subtask Check_Response
[2023-12-28T16:52:27.346+0000] {logging_mixin.py:154} INFO - Changing /opt/***/logs/dag_id=air_quality/run_id=scheduled__2023-12-19T04:00:00+00:00/task_id=Check_Response permission to 509
[2023-12-28T16:52:27.373+0000] {logging_mixin.py:154} INFO - Failed to change /opt/***/logs/dag_id=air_quality/run_id=scheduled__2023-12-19T04:00:00+00:00/task_id=Check_Response permission to 509: [Errno 1] Operation not permitted: '/opt/***/logs/dag_id=air_quality/run_id=scheduled__2023-12-19T04:00:00+00:00/task_id=Check_Response'
[2023-12-28T16:52:27.394+0000] {task_command.py:416} INFO - Running <TaskInstance: air_quality.Check_Response scheduled__2023-12-19T04:00:00+00:00 [running]> on host d67dd4682ccf
[2023-12-28T16:52:27.680+0000] {taskinstance.py:1662} INFO - Exporting env vars: AIRFLOW_CTX_DAG_OWNER='ghifari' AIRFLOW_CTX_DAG_ID='air_quality' AIRFLOW_CTX_TASK_ID='Check_Response' AIRFLOW_CTX_EXECUTION_DATE='2023-12-19T04:00:00+00:00' AIRFLOW_CTX_TRY_NUMBER='1' AIRFLOW_CTX_DAG_RUN_ID='scheduled__2023-12-19T04:00:00+00:00'
[2023-12-28T16:52:27.739+0000] {airQuality.py:90} INFO - Data Found: {'city': ['Jakarta'], 'country': ['ID'], 'unit': ['o3'], 'last_value': [-0.999], 'lat': [-6.182536], 'lng': [106.834236]}
[2023-12-28T16:52:27.741+0000] {python.py:194} INFO - Done. Returned value was: Transform
[2023-12-28T16:52:27.755+0000] {python.py:227} INFO - Branch callable return Transform
[2023-12-28T16:52:27.765+0000] {skipmixin.py:173} INFO - Following branch Transform
[2023-12-28T16:52:27.829+0000] {skipmixin.py:239} INFO - Skipping tasks [('Error_Response', -1)]
[2023-12-28T16:52:28.205+0000] {taskinstance.py:1400} INFO - Marking task as SUCCESS. dag_id=air_quality, task_id=Check_Response, execution_date=20231219T040000, start_date=20231228T165227, end_date=20231228T165228
[2023-12-28T16:52:28.330+0000] {local_task_job_runner.py:228} INFO - Task exited with return code 0
[2023-12-28T16:52:28.502+0000] {taskinstance.py:2778} INFO - 1 downstream tasks scheduled from follow-on schedule check
[2023-12-28T16:54:59.731+0000] {logging_mixin.py:154} INFO - Changing /opt/***/logs/dag_id=air_quality/run_id=scheduled__2023-12-19T04:00:00+00:00/task_id=Check_Response permission to 509
[2023-12-28T16:54:59.735+0000] {logging_mixin.py:154} INFO - Failed to change /opt/***/logs/dag_id=air_quality/run_id=scheduled__2023-12-19T04:00:00+00:00/task_id=Check_Response permission to 509: [Errno 1] Operation not permitted: '/opt/***/logs/dag_id=air_quality/run_id=scheduled__2023-12-19T04:00:00+00:00/task_id=Check_Response'
[2023-12-28T16:54:59.943+0000] {logging_mixin.py:154} INFO - Changing /opt/***/logs/dag_id=air_quality/run_id=scheduled__2023-12-19T04:00:00+00:00/task_id=Check_Response permission to 509
[2023-12-28T16:54:59.949+0000] {logging_mixin.py:154} INFO - Failed to change /opt/***/logs/dag_id=air_quality/run_id=scheduled__2023-12-19T04:00:00+00:00/task_id=Check_Response permission to 509: [Errno 1] Operation not permitted: '/opt/***/logs/dag_id=air_quality/run_id=scheduled__2023-12-19T04:00:00+00:00/task_id=Check_Response'
[2023-12-28T16:55:00.214+0000] {taskinstance.py:1159} INFO - Dependencies all met for dep_context=non-requeueable deps ti=<TaskInstance: air_quality.Check_Response scheduled__2023-12-19T04:00:00+00:00 [queued]>
[2023-12-28T16:55:00.274+0000] {taskinstance.py:1159} INFO - Dependencies all met for dep_context=requeueable deps ti=<TaskInstance: air_quality.Check_Response scheduled__2023-12-19T04:00:00+00:00 [queued]>
[2023-12-28T16:55:00.286+0000] {taskinstance.py:1361} INFO - Starting attempt 1 of 2
[2023-12-28T16:55:00.412+0000] {taskinstance.py:1382} INFO - Executing <Task(BranchPythonOperator): Check_Response> on 2023-12-19 04:00:00+00:00
[2023-12-28T16:55:00.424+0000] {standard_task_runner.py:57} INFO - Started process 1265 to run task
[2023-12-28T16:55:00.488+0000] {standard_task_runner.py:84} INFO - Running: ['***', 'tasks', 'run', 'air_quality', 'Check_Response', 'scheduled__2023-12-19T04:00:00+00:00', '--job-id', '1130', '--raw', '--subdir', 'DAGS_FOLDER/airQuality.py', '--cfg-path', '/tmp/tmpflkcqpjy']
[2023-12-28T16:55:00.498+0000] {standard_task_runner.py:85} INFO - Job 1130: Subtask Check_Response
[2023-12-28T16:55:00.856+0000] {logging_mixin.py:154} INFO - Changing /opt/***/logs/dag_id=air_quality/run_id=scheduled__2023-12-19T04:00:00+00:00/task_id=Check_Response permission to 509
[2023-12-28T16:55:00.865+0000] {logging_mixin.py:154} INFO - Failed to change /opt/***/logs/dag_id=air_quality/run_id=scheduled__2023-12-19T04:00:00+00:00/task_id=Check_Response permission to 509: [Errno 1] Operation not permitted: '/opt/***/logs/dag_id=air_quality/run_id=scheduled__2023-12-19T04:00:00+00:00/task_id=Check_Response'
[2023-12-28T16:55:00.890+0000] {task_command.py:416} INFO - Running <TaskInstance: air_quality.Check_Response scheduled__2023-12-19T04:00:00+00:00 [running]> on host d67dd4682ccf
[2023-12-28T16:55:01.495+0000] {taskinstance.py:1662} INFO - Exporting env vars: AIRFLOW_CTX_DAG_OWNER='ghifari' AIRFLOW_CTX_DAG_ID='air_quality' AIRFLOW_CTX_TASK_ID='Check_Response' AIRFLOW_CTX_EXECUTION_DATE='2023-12-19T04:00:00+00:00' AIRFLOW_CTX_TRY_NUMBER='1' AIRFLOW_CTX_DAG_RUN_ID='scheduled__2023-12-19T04:00:00+00:00'
[2023-12-28T16:55:01.566+0000] {airQuality.py:90} INFO - Data Found: {'city': ['Jakarta'], 'country': ['ID'], 'unit': ['o3'], 'last_value': [-0.999], 'lat': [-6.182536], 'lng': [106.834236]}
[2023-12-28T16:55:01.568+0000] {python.py:194} INFO - Done. Returned value was: Transform
[2023-12-28T16:55:01.570+0000] {python.py:227} INFO - Branch callable return Transform
[2023-12-28T16:55:01.571+0000] {skipmixin.py:173} INFO - Following branch Transform
[2023-12-28T16:55:01.667+0000] {skipmixin.py:239} INFO - Skipping tasks [('Error_Response', -1)]
[2023-12-28T16:55:01.957+0000] {taskinstance.py:1400} INFO - Marking task as SUCCESS. dag_id=air_quality, task_id=Check_Response, execution_date=20231219T040000, start_date=20231228T165500, end_date=20231228T165501
[2023-12-28T16:55:02.099+0000] {local_task_job_runner.py:228} INFO - Task exited with return code 0
[2023-12-28T16:55:02.297+0000] {taskinstance.py:2778} INFO - 1 downstream tasks scheduled from follow-on schedule check
