[2023-12-17T01:00:58.466+0000] {logging_mixin.py:154} INFO - Changing /opt/***/logs/dag_id=air_quality/run_id=manual__2023-12-16T17:02:06.199632+00:00/task_id=Create_Table permission to 509
[2023-12-17T01:00:58.468+0000] {logging_mixin.py:154} INFO - Failed to change /opt/***/logs/dag_id=air_quality/run_id=manual__2023-12-16T17:02:06.199632+00:00/task_id=Create_Table permission to 509: [Errno 1] Operation not permitted: '/opt/***/logs/dag_id=air_quality/run_id=manual__2023-12-16T17:02:06.199632+00:00/task_id=Create_Table'
[2023-12-17T01:00:58.541+0000] {logging_mixin.py:154} INFO - Changing /opt/***/logs/dag_id=air_quality/run_id=manual__2023-12-16T17:02:06.199632+00:00/task_id=Create_Table permission to 509
[2023-12-17T01:00:58.542+0000] {logging_mixin.py:154} INFO - Failed to change /opt/***/logs/dag_id=air_quality/run_id=manual__2023-12-16T17:02:06.199632+00:00/task_id=Create_Table permission to 509: [Errno 1] Operation not permitted: '/opt/***/logs/dag_id=air_quality/run_id=manual__2023-12-16T17:02:06.199632+00:00/task_id=Create_Table'
[2023-12-17T01:00:58.623+0000] {taskinstance.py:1159} INFO - Dependencies all met for dep_context=non-requeueable deps ti=<TaskInstance: air_quality.Create_Table manual__2023-12-16T17:02:06.199632+00:00 [queued]>
[2023-12-17T01:00:58.653+0000] {taskinstance.py:1159} INFO - Dependencies all met for dep_context=requeueable deps ti=<TaskInstance: air_quality.Create_Table manual__2023-12-16T17:02:06.199632+00:00 [queued]>
[2023-12-17T01:00:58.665+0000] {taskinstance.py:1361} INFO - Starting attempt 2 of 2
[2023-12-17T01:00:58.727+0000] {taskinstance.py:1382} INFO - Executing <Task(PythonOperator): Create_Table> on 2023-12-16 17:02:06.199632+00:00
[2023-12-17T01:00:58.735+0000] {standard_task_runner.py:57} INFO - Started process 60 to run task
[2023-12-17T01:00:58.742+0000] {standard_task_runner.py:84} INFO - Running: ['***', 'tasks', 'run', 'air_quality', 'Create_Table', 'manual__2023-12-16T17:02:06.199632+00:00', '--job-id', '203', '--raw', '--subdir', 'DAGS_FOLDER/airQuality.py', '--cfg-path', '/tmp/tmpk8aebap1']
[2023-12-17T01:00:58.745+0000] {standard_task_runner.py:85} INFO - Job 203: Subtask Create_Table
[2023-12-17T01:00:58.897+0000] {logging_mixin.py:154} INFO - Changing /opt/***/logs/dag_id=air_quality/run_id=manual__2023-12-16T17:02:06.199632+00:00/task_id=Create_Table permission to 509
[2023-12-17T01:00:58.901+0000] {logging_mixin.py:154} INFO - Failed to change /opt/***/logs/dag_id=air_quality/run_id=manual__2023-12-16T17:02:06.199632+00:00/task_id=Create_Table permission to 509: [Errno 1] Operation not permitted: '/opt/***/logs/dag_id=air_quality/run_id=manual__2023-12-16T17:02:06.199632+00:00/task_id=Create_Table'
[2023-12-17T01:00:58.906+0000] {task_command.py:416} INFO - Running <TaskInstance: air_quality.Create_Table manual__2023-12-16T17:02:06.199632+00:00 [running]> on host 1a58977f5573
[2023-12-17T01:00:59.197+0000] {taskinstance.py:1662} INFO - Exporting env vars: AIRFLOW_CTX_DAG_OWNER='ghifari' AIRFLOW_CTX_DAG_ID='air_quality' AIRFLOW_CTX_TASK_ID='Create_Table' AIRFLOW_CTX_EXECUTION_DATE='2023-12-16T17:02:06.199632+00:00' AIRFLOW_CTX_TRY_NUMBER='2' AIRFLOW_CTX_DAG_RUN_ID='manual__2023-12-16T17:02:06.199632+00:00'
[2023-12-17T01:00:59.233+0000] {base.py:73} INFO - Using connection ID 'neonServerDB-Postgres' for task execution.
[2023-12-17T01:01:01.434+0000] {taskinstance.py:1937} ERROR - Task failed with exception
Traceback (most recent call last):
  File "/home/airflow/.local/lib/python3.8/site-packages/airflow/operators/python.py", line 192, in execute
    return_value = self.execute_callable()
  File "/home/airflow/.local/lib/python3.8/site-packages/airflow/operators/python.py", line 209, in execute_callable
    return self.python_callable(*self.op_args, **self.op_kwargs)
  File "/opt/airflow/dags/airQuality.py", line 182, in createTableSQL
    cursor.execute(createQuery)
psycopg2.errors.DuplicateTable: relation "test" already exists

[2023-12-17T01:01:01.468+0000] {taskinstance.py:211} INFO - Setting task Error_Response to SKIPPED due to dag's `fail_stop` setting.
[2023-12-17T01:01:01.469+0000] {taskinstance.py:208} INFO - Forcing task Insert_Data to fail due to dag's `fail_stop` setting
[2023-12-17T01:01:01.469+0000] {taskinstance.py:829} ERROR - Recording the task instance as FAILED
[2023-12-17T01:01:01.490+0000] {taskinstance.py:1400} INFO - Marking task as FAILED. dag_id=air_quality, task_id=Create_Table, execution_date=20231216T170206, start_date=20231217T010058, end_date=20231217T010101
[2023-12-17T01:01:01.515+0000] {standard_task_runner.py:104} ERROR - Failed to execute job 203 for task Create_Table (relation "test" already exists
; 60)
[2023-12-17T01:01:01.559+0000] {local_task_job_runner.py:228} INFO - Task exited with return code 1
[2023-12-17T01:01:01.590+0000] {taskinstance.py:2778} INFO - 0 downstream tasks scheduled from follow-on schedule check
