[2023-12-17T11:33:53.751+0000] {logging_mixin.py:154} INFO - Changing /opt/***/logs/dag_id=air_quality/run_id=manual__2023-12-17T11:28:47.692357+00:00/task_id=Check_Response permission to 509
[2023-12-17T11:33:53.752+0000] {logging_mixin.py:154} INFO - Failed to change /opt/***/logs/dag_id=air_quality/run_id=manual__2023-12-17T11:28:47.692357+00:00/task_id=Check_Response permission to 509: [Errno 1] Operation not permitted: '/opt/***/logs/dag_id=air_quality/run_id=manual__2023-12-17T11:28:47.692357+00:00/task_id=Check_Response'
[2023-12-17T11:33:53.787+0000] {logging_mixin.py:154} INFO - Changing /opt/***/logs/dag_id=air_quality/run_id=manual__2023-12-17T11:28:47.692357+00:00/task_id=Check_Response permission to 509
[2023-12-17T11:33:53.788+0000] {logging_mixin.py:154} INFO - Failed to change /opt/***/logs/dag_id=air_quality/run_id=manual__2023-12-17T11:28:47.692357+00:00/task_id=Check_Response permission to 509: [Errno 1] Operation not permitted: '/opt/***/logs/dag_id=air_quality/run_id=manual__2023-12-17T11:28:47.692357+00:00/task_id=Check_Response'
[2023-12-17T11:33:53.824+0000] {taskinstance.py:1159} INFO - Dependencies all met for dep_context=non-requeueable deps ti=<TaskInstance: air_quality.Check_Response manual__2023-12-17T11:28:47.692357+00:00 [queued]>
[2023-12-17T11:33:53.838+0000] {taskinstance.py:1159} INFO - Dependencies all met for dep_context=requeueable deps ti=<TaskInstance: air_quality.Check_Response manual__2023-12-17T11:28:47.692357+00:00 [queued]>
[2023-12-17T11:33:53.839+0000] {taskinstance.py:1361} INFO - Starting attempt 2 of 2
[2023-12-17T11:33:53.864+0000] {taskinstance.py:1382} INFO - Executing <Task(BranchPythonOperator): Check_Response> on 2023-12-17 11:28:47.692357+00:00
[2023-12-17T11:33:53.869+0000] {standard_task_runner.py:57} INFO - Started process 2832 to run task
[2023-12-17T11:33:53.872+0000] {standard_task_runner.py:84} INFO - Running: ['***', 'tasks', 'run', 'air_quality', 'Check_Response', 'manual__2023-12-17T11:28:47.692357+00:00', '--job-id', '436', '--raw', '--subdir', 'DAGS_FOLDER/airQuality.py', '--cfg-path', '/tmp/tmpggl1j0p3']
[2023-12-17T11:33:53.874+0000] {standard_task_runner.py:85} INFO - Job 436: Subtask Check_Response
[2023-12-17T11:33:53.925+0000] {logging_mixin.py:154} INFO - Changing /opt/***/logs/dag_id=air_quality/run_id=manual__2023-12-17T11:28:47.692357+00:00/task_id=Check_Response permission to 509
[2023-12-17T11:33:53.926+0000] {logging_mixin.py:154} INFO - Failed to change /opt/***/logs/dag_id=air_quality/run_id=manual__2023-12-17T11:28:47.692357+00:00/task_id=Check_Response permission to 509: [Errno 1] Operation not permitted: '/opt/***/logs/dag_id=air_quality/run_id=manual__2023-12-17T11:28:47.692357+00:00/task_id=Check_Response'
[2023-12-17T11:33:53.928+0000] {task_command.py:416} INFO - Running <TaskInstance: air_quality.Check_Response manual__2023-12-17T11:28:47.692357+00:00 [running]> on host 1a58977f5573
[2023-12-17T11:33:54.102+0000] {taskinstance.py:1662} INFO - Exporting env vars: AIRFLOW_CTX_DAG_OWNER='ghifari' AIRFLOW_CTX_DAG_ID='air_quality' AIRFLOW_CTX_TASK_ID='Check_Response' AIRFLOW_CTX_EXECUTION_DATE='2023-12-17T11:28:47.692357+00:00' AIRFLOW_CTX_TRY_NUMBER='2' AIRFLOW_CTX_DAG_RUN_ID='manual__2023-12-17T11:28:47.692357+00:00'
[2023-12-17T11:33:54.126+0000] {airQuality.py:112} INFO - Data Found: None
[2023-12-17T11:33:54.127+0000] {taskinstance.py:1937} ERROR - Task failed with exception
Traceback (most recent call last):
  File "/home/airflow/.local/lib/python3.8/site-packages/airflow/operators/python.py", line 226, in execute
    branch = super().execute(context)
  File "/home/airflow/.local/lib/python3.8/site-packages/airflow/operators/python.py", line 192, in execute
    return_value = self.execute_callable()
  File "/home/airflow/.local/lib/python3.8/site-packages/airflow/operators/python.py", line 209, in execute_callable
    return self.python_callable(*self.op_args, **self.op_kwargs)
  File "/opt/airflow/dags/airQuality.py", line 117, in checkResponse
    logger.info(f'Data Not Found: {resultResponse.status_code} - {resultResponse.reason}')
AttributeError: 'NoneType' object has no attribute 'status_code'
[2023-12-17T11:33:54.164+0000] {taskinstance.py:211} INFO - Setting task Error_Response to SKIPPED due to dag's `fail_stop` setting.
[2023-12-17T11:33:54.166+0000] {taskinstance.py:211} INFO - Setting task Transform to SKIPPED due to dag's `fail_stop` setting.
[2023-12-17T11:33:54.167+0000] {taskinstance.py:211} INFO - Setting task Create_Table to SKIPPED due to dag's `fail_stop` setting.
[2023-12-17T11:33:54.168+0000] {taskinstance.py:211} INFO - Setting task CheckTable to SKIPPED due to dag's `fail_stop` setting.
[2023-12-17T11:33:54.169+0000] {taskinstance.py:211} INFO - Setting task Insert_Data to SKIPPED due to dag's `fail_stop` setting.
[2023-12-17T11:33:54.170+0000] {taskinstance.py:1400} INFO - Marking task as FAILED. dag_id=air_quality, task_id=Check_Response, execution_date=20231217T112847, start_date=20231217T113353, end_date=20231217T113354
[2023-12-17T11:33:54.208+0000] {standard_task_runner.py:104} ERROR - Failed to execute job 436 for task Check_Response ('NoneType' object has no attribute 'status_code'; 2832)
[2023-12-17T11:33:54.248+0000] {local_task_job_runner.py:228} INFO - Task exited with return code 1
[2023-12-17T11:33:54.287+0000] {taskinstance.py:2778} INFO - 0 downstream tasks scheduled from follow-on schedule check
