[2023-12-17T11:19:18.388+0000] {logging_mixin.py:154} INFO - Changing /opt/***/logs/dag_id=air_quality/run_id=scheduled__2023-12-08T04:00:00+00:00/task_id=Insert_Data permission to 509
[2023-12-17T11:19:18.404+0000] {logging_mixin.py:154} INFO - Failed to change /opt/***/logs/dag_id=air_quality/run_id=scheduled__2023-12-08T04:00:00+00:00/task_id=Insert_Data permission to 509: [Errno 1] Operation not permitted: '/opt/***/logs/dag_id=air_quality/run_id=scheduled__2023-12-08T04:00:00+00:00/task_id=Insert_Data'
[2023-12-17T11:19:18.657+0000] {logging_mixin.py:154} INFO - Changing /opt/***/logs/dag_id=air_quality/run_id=scheduled__2023-12-08T04:00:00+00:00/task_id=Insert_Data permission to 509
[2023-12-17T11:19:18.660+0000] {logging_mixin.py:154} INFO - Failed to change /opt/***/logs/dag_id=air_quality/run_id=scheduled__2023-12-08T04:00:00+00:00/task_id=Insert_Data permission to 509: [Errno 1] Operation not permitted: '/opt/***/logs/dag_id=air_quality/run_id=scheduled__2023-12-08T04:00:00+00:00/task_id=Insert_Data'
[2023-12-17T11:19:18.881+0000] {taskinstance.py:1159} INFO - Dependencies all met for dep_context=non-requeueable deps ti=<TaskInstance: air_quality.Insert_Data scheduled__2023-12-08T04:00:00+00:00 [queued]>
[2023-12-17T11:19:18.933+0000] {taskinstance.py:1159} INFO - Dependencies all met for dep_context=requeueable deps ti=<TaskInstance: air_quality.Insert_Data scheduled__2023-12-08T04:00:00+00:00 [queued]>
[2023-12-17T11:19:18.937+0000] {taskinstance.py:1361} INFO - Starting attempt 1 of 2
[2023-12-17T11:19:19.121+0000] {taskinstance.py:1382} INFO - Executing <Task(PythonOperator): Insert_Data> on 2023-12-08 04:00:00+00:00
[2023-12-17T11:19:19.134+0000] {standard_task_runner.py:57} INFO - Started process 2488 to run task
[2023-12-17T11:19:19.151+0000] {standard_task_runner.py:84} INFO - Running: ['***', 'tasks', 'run', 'air_quality', 'Insert_Data', 'scheduled__2023-12-08T04:00:00+00:00', '--job-id', '427', '--raw', '--subdir', 'DAGS_FOLDER/airQuality.py', '--cfg-path', '/tmp/tmpgxc0686t']
[2023-12-17T11:19:19.153+0000] {standard_task_runner.py:85} INFO - Job 427: Subtask Insert_Data
[2023-12-17T11:19:19.399+0000] {logging_mixin.py:154} INFO - Changing /opt/***/logs/dag_id=air_quality/run_id=scheduled__2023-12-08T04:00:00+00:00/task_id=Insert_Data permission to 509
[2023-12-17T11:19:19.407+0000] {logging_mixin.py:154} INFO - Failed to change /opt/***/logs/dag_id=air_quality/run_id=scheduled__2023-12-08T04:00:00+00:00/task_id=Insert_Data permission to 509: [Errno 1] Operation not permitted: '/opt/***/logs/dag_id=air_quality/run_id=scheduled__2023-12-08T04:00:00+00:00/task_id=Insert_Data'
[2023-12-17T11:19:19.416+0000] {task_command.py:416} INFO - Running <TaskInstance: air_quality.Insert_Data scheduled__2023-12-08T04:00:00+00:00 [running]> on host 1a58977f5573
[2023-12-17T11:19:19.785+0000] {taskinstance.py:1662} INFO - Exporting env vars: AIRFLOW_CTX_DAG_OWNER='ghifari' AIRFLOW_CTX_DAG_ID='air_quality' AIRFLOW_CTX_TASK_ID='Insert_Data' AIRFLOW_CTX_EXECUTION_DATE='2023-12-08T04:00:00+00:00' AIRFLOW_CTX_TRY_NUMBER='1' AIRFLOW_CTX_DAG_RUN_ID='scheduled__2023-12-08T04:00:00+00:00'
[2023-12-17T11:19:22.181+0000] {logging_mixin.py:154} INFO - city           object
country        object
unit           object
last_value    float64
lat           float64
lng           float64
dtype: object
[2023-12-17T11:19:22.214+0000] {base.py:73} INFO - Using connection ID 'neonServerDB-Postgres' for task execution.
[2023-12-17T11:19:23.555+0000] {python.py:194} INFO - Done. Returned value was: None
[2023-12-17T11:19:23.582+0000] {taskinstance.py:1400} INFO - Marking task as SUCCESS. dag_id=air_quality, task_id=Insert_Data, execution_date=20231208T040000, start_date=20231217T111918, end_date=20231217T111923
[2023-12-17T11:19:23.753+0000] {local_task_job_runner.py:228} INFO - Task exited with return code 0
[2023-12-17T11:19:23.809+0000] {taskinstance.py:2778} INFO - 0 downstream tasks scheduled from follow-on schedule check
[2023-12-17T12:18:26.502+0000] {logging_mixin.py:154} INFO - Changing /opt/***/logs/dag_id=air_quality/run_id=scheduled__2023-12-08T04:00:00+00:00/task_id=Insert_Data permission to 509
[2023-12-17T12:18:26.505+0000] {logging_mixin.py:154} INFO - Failed to change /opt/***/logs/dag_id=air_quality/run_id=scheduled__2023-12-08T04:00:00+00:00/task_id=Insert_Data permission to 509: [Errno 1] Operation not permitted: '/opt/***/logs/dag_id=air_quality/run_id=scheduled__2023-12-08T04:00:00+00:00/task_id=Insert_Data'
[2023-12-17T12:18:26.622+0000] {logging_mixin.py:154} INFO - Changing /opt/***/logs/dag_id=air_quality/run_id=scheduled__2023-12-08T04:00:00+00:00/task_id=Insert_Data permission to 509
[2023-12-17T12:18:26.623+0000] {logging_mixin.py:154} INFO - Failed to change /opt/***/logs/dag_id=air_quality/run_id=scheduled__2023-12-08T04:00:00+00:00/task_id=Insert_Data permission to 509: [Errno 1] Operation not permitted: '/opt/***/logs/dag_id=air_quality/run_id=scheduled__2023-12-08T04:00:00+00:00/task_id=Insert_Data'
[2023-12-17T12:18:26.723+0000] {taskinstance.py:1159} INFO - Dependencies all met for dep_context=non-requeueable deps ti=<TaskInstance: air_quality.Insert_Data scheduled__2023-12-08T04:00:00+00:00 [queued]>
[2023-12-17T12:18:26.779+0000] {taskinstance.py:1159} INFO - Dependencies all met for dep_context=requeueable deps ti=<TaskInstance: air_quality.Insert_Data scheduled__2023-12-08T04:00:00+00:00 [queued]>
[2023-12-17T12:18:26.782+0000] {taskinstance.py:1361} INFO - Starting attempt 1 of 2
[2023-12-17T12:18:26.832+0000] {taskinstance.py:1382} INFO - Executing <Task(PythonOperator): Insert_Data> on 2023-12-08 04:00:00+00:00
[2023-12-17T12:18:26.841+0000] {standard_task_runner.py:57} INFO - Started process 4202 to run task
[2023-12-17T12:18:26.881+0000] {standard_task_runner.py:84} INFO - Running: ['***', 'tasks', 'run', 'air_quality', 'Insert_Data', 'scheduled__2023-12-08T04:00:00+00:00', '--job-id', '635', '--raw', '--subdir', 'DAGS_FOLDER/airQuality.py', '--cfg-path', '/tmp/tmp23gpwsoj']
[2023-12-17T12:18:26.884+0000] {standard_task_runner.py:85} INFO - Job 635: Subtask Insert_Data
[2023-12-17T12:18:27.103+0000] {logging_mixin.py:154} INFO - Changing /opt/***/logs/dag_id=air_quality/run_id=scheduled__2023-12-08T04:00:00+00:00/task_id=Insert_Data permission to 509
[2023-12-17T12:18:27.104+0000] {logging_mixin.py:154} INFO - Failed to change /opt/***/logs/dag_id=air_quality/run_id=scheduled__2023-12-08T04:00:00+00:00/task_id=Insert_Data permission to 509: [Errno 1] Operation not permitted: '/opt/***/logs/dag_id=air_quality/run_id=scheduled__2023-12-08T04:00:00+00:00/task_id=Insert_Data'
[2023-12-17T12:18:27.110+0000] {task_command.py:416} INFO - Running <TaskInstance: air_quality.Insert_Data scheduled__2023-12-08T04:00:00+00:00 [running]> on host 1a58977f5573
[2023-12-17T12:18:27.434+0000] {taskinstance.py:1662} INFO - Exporting env vars: AIRFLOW_CTX_DAG_OWNER='ghifari' AIRFLOW_CTX_DAG_ID='air_quality' AIRFLOW_CTX_TASK_ID='Insert_Data' AIRFLOW_CTX_EXECUTION_DATE='2023-12-08T04:00:00+00:00' AIRFLOW_CTX_TRY_NUMBER='1' AIRFLOW_CTX_DAG_RUN_ID='scheduled__2023-12-08T04:00:00+00:00'
[2023-12-17T12:18:29.818+0000] {logging_mixin.py:154} INFO - city           object
country        object
unit           object
last_value    float64
lat           float64
lng           float64
dtype: object
[2023-12-17T12:18:29.855+0000] {base.py:73} INFO - Using connection ID 'neonServerDB-Postgres' for task execution.
[2023-12-17T12:18:30.485+0000] {python.py:194} INFO - Done. Returned value was: None
[2023-12-17T12:18:30.529+0000] {taskinstance.py:1400} INFO - Marking task as SUCCESS. dag_id=air_quality, task_id=Insert_Data, execution_date=20231208T040000, start_date=20231217T121826, end_date=20231217T121830
[2023-12-17T12:18:30.684+0000] {local_task_job_runner.py:228} INFO - Task exited with return code 0
[2023-12-17T12:18:30.973+0000] {taskinstance.py:2778} INFO - 0 downstream tasks scheduled from follow-on schedule check
[2023-12-17T12:18:57.948+0000] {logging_mixin.py:154} INFO - Changing /opt/***/logs/dag_id=air_quality/run_id=scheduled__2023-12-08T04:00:00+00:00/task_id=Insert_Data permission to 509
[2023-12-17T12:18:57.952+0000] {logging_mixin.py:154} INFO - Failed to change /opt/***/logs/dag_id=air_quality/run_id=scheduled__2023-12-08T04:00:00+00:00/task_id=Insert_Data permission to 509: [Errno 1] Operation not permitted: '/opt/***/logs/dag_id=air_quality/run_id=scheduled__2023-12-08T04:00:00+00:00/task_id=Insert_Data'
[2023-12-17T12:18:58.019+0000] {logging_mixin.py:154} INFO - Changing /opt/***/logs/dag_id=air_quality/run_id=scheduled__2023-12-08T04:00:00+00:00/task_id=Insert_Data permission to 509
[2023-12-17T12:18:58.020+0000] {logging_mixin.py:154} INFO - Failed to change /opt/***/logs/dag_id=air_quality/run_id=scheduled__2023-12-08T04:00:00+00:00/task_id=Insert_Data permission to 509: [Errno 1] Operation not permitted: '/opt/***/logs/dag_id=air_quality/run_id=scheduled__2023-12-08T04:00:00+00:00/task_id=Insert_Data'
[2023-12-17T12:18:58.105+0000] {taskinstance.py:1159} INFO - Dependencies all met for dep_context=non-requeueable deps ti=<TaskInstance: air_quality.Insert_Data scheduled__2023-12-08T04:00:00+00:00 [queued]>
[2023-12-17T12:18:58.128+0000] {taskinstance.py:1159} INFO - Dependencies all met for dep_context=requeueable deps ti=<TaskInstance: air_quality.Insert_Data scheduled__2023-12-08T04:00:00+00:00 [queued]>
[2023-12-17T12:18:58.129+0000] {taskinstance.py:1361} INFO - Starting attempt 1 of 2
[2023-12-17T12:18:58.164+0000] {taskinstance.py:1382} INFO - Executing <Task(PythonOperator): Insert_Data> on 2023-12-08 04:00:00+00:00
[2023-12-17T12:18:58.171+0000] {standard_task_runner.py:57} INFO - Started process 4497 to run task
[2023-12-17T12:18:58.176+0000] {standard_task_runner.py:84} INFO - Running: ['***', 'tasks', 'run', 'air_quality', 'Insert_Data', 'scheduled__2023-12-08T04:00:00+00:00', '--job-id', '693', '--raw', '--subdir', 'DAGS_FOLDER/airQuality.py', '--cfg-path', '/tmp/tmpyory9x6m']
[2023-12-17T12:18:58.178+0000] {standard_task_runner.py:85} INFO - Job 693: Subtask Insert_Data
[2023-12-17T12:18:58.288+0000] {logging_mixin.py:154} INFO - Changing /opt/***/logs/dag_id=air_quality/run_id=scheduled__2023-12-08T04:00:00+00:00/task_id=Insert_Data permission to 509
[2023-12-17T12:18:58.289+0000] {logging_mixin.py:154} INFO - Failed to change /opt/***/logs/dag_id=air_quality/run_id=scheduled__2023-12-08T04:00:00+00:00/task_id=Insert_Data permission to 509: [Errno 1] Operation not permitted: '/opt/***/logs/dag_id=air_quality/run_id=scheduled__2023-12-08T04:00:00+00:00/task_id=Insert_Data'
[2023-12-17T12:18:58.292+0000] {task_command.py:416} INFO - Running <TaskInstance: air_quality.Insert_Data scheduled__2023-12-08T04:00:00+00:00 [running]> on host 1a58977f5573
[2023-12-17T12:18:58.497+0000] {taskinstance.py:1662} INFO - Exporting env vars: AIRFLOW_CTX_DAG_OWNER='ghifari' AIRFLOW_CTX_DAG_ID='air_quality' AIRFLOW_CTX_TASK_ID='Insert_Data' AIRFLOW_CTX_EXECUTION_DATE='2023-12-08T04:00:00+00:00' AIRFLOW_CTX_TRY_NUMBER='1' AIRFLOW_CTX_DAG_RUN_ID='scheduled__2023-12-08T04:00:00+00:00'
[2023-12-17T12:18:59.494+0000] {logging_mixin.py:154} INFO - city           object
country        object
unit           object
last_value    float64
lat           float64
lng           float64
dtype: object
[2023-12-17T12:18:59.517+0000] {base.py:73} INFO - Using connection ID 'neonServerDB-Postgres' for task execution.
[2023-12-17T12:19:00.019+0000] {python.py:194} INFO - Done. Returned value was: None
[2023-12-17T12:19:00.036+0000] {taskinstance.py:1400} INFO - Marking task as SUCCESS. dag_id=air_quality, task_id=Insert_Data, execution_date=20231208T040000, start_date=20231217T121858, end_date=20231217T121900
[2023-12-17T12:19:00.116+0000] {local_task_job_runner.py:228} INFO - Task exited with return code 0
[2023-12-17T12:19:00.149+0000] {taskinstance.py:2778} INFO - 0 downstream tasks scheduled from follow-on schedule check
[2023-12-28T16:52:09.407+0000] {logging_mixin.py:154} INFO - Changing /opt/***/logs/dag_id=air_quality/run_id=scheduled__2023-12-08T04:00:00+00:00/task_id=Insert_Data permission to 509
[2023-12-28T16:52:09.423+0000] {logging_mixin.py:154} INFO - Failed to change /opt/***/logs/dag_id=air_quality/run_id=scheduled__2023-12-08T04:00:00+00:00/task_id=Insert_Data permission to 509: [Errno 1] Operation not permitted: '/opt/***/logs/dag_id=air_quality/run_id=scheduled__2023-12-08T04:00:00+00:00/task_id=Insert_Data'
[2023-12-28T16:52:09.590+0000] {logging_mixin.py:154} INFO - Changing /opt/***/logs/dag_id=air_quality/run_id=scheduled__2023-12-08T04:00:00+00:00/task_id=Insert_Data permission to 509
[2023-12-28T16:52:09.603+0000] {logging_mixin.py:154} INFO - Failed to change /opt/***/logs/dag_id=air_quality/run_id=scheduled__2023-12-08T04:00:00+00:00/task_id=Insert_Data permission to 509: [Errno 1] Operation not permitted: '/opt/***/logs/dag_id=air_quality/run_id=scheduled__2023-12-08T04:00:00+00:00/task_id=Insert_Data'
[2023-12-28T16:52:09.876+0000] {taskinstance.py:1159} INFO - Dependencies all met for dep_context=non-requeueable deps ti=<TaskInstance: air_quality.Insert_Data scheduled__2023-12-08T04:00:00+00:00 [queued]>
[2023-12-28T16:52:09.909+0000] {taskinstance.py:1159} INFO - Dependencies all met for dep_context=requeueable deps ti=<TaskInstance: air_quality.Insert_Data scheduled__2023-12-08T04:00:00+00:00 [queued]>
[2023-12-28T16:52:09.910+0000] {taskinstance.py:1361} INFO - Starting attempt 1 of 2
[2023-12-28T16:52:09.965+0000] {taskinstance.py:1382} INFO - Executing <Task(PythonOperator): Insert_Data> on 2023-12-08 04:00:00+00:00
[2023-12-28T16:52:10.010+0000] {standard_task_runner.py:57} INFO - Started process 343 to run task
[2023-12-28T16:52:10.044+0000] {standard_task_runner.py:84} INFO - Running: ['***', 'tasks', 'run', 'air_quality', 'Insert_Data', 'scheduled__2023-12-08T04:00:00+00:00', '--job-id', '913', '--raw', '--subdir', 'DAGS_FOLDER/airQuality.py', '--cfg-path', '/tmp/tmpfjh1ro21']
[2023-12-28T16:52:10.047+0000] {standard_task_runner.py:85} INFO - Job 913: Subtask Insert_Data
[2023-12-28T16:52:10.365+0000] {logging_mixin.py:154} INFO - Changing /opt/***/logs/dag_id=air_quality/run_id=scheduled__2023-12-08T04:00:00+00:00/task_id=Insert_Data permission to 509
[2023-12-28T16:52:10.368+0000] {logging_mixin.py:154} INFO - Failed to change /opt/***/logs/dag_id=air_quality/run_id=scheduled__2023-12-08T04:00:00+00:00/task_id=Insert_Data permission to 509: [Errno 1] Operation not permitted: '/opt/***/logs/dag_id=air_quality/run_id=scheduled__2023-12-08T04:00:00+00:00/task_id=Insert_Data'
[2023-12-28T16:52:10.372+0000] {task_command.py:416} INFO - Running <TaskInstance: air_quality.Insert_Data scheduled__2023-12-08T04:00:00+00:00 [running]> on host d67dd4682ccf
[2023-12-28T16:52:10.867+0000] {taskinstance.py:1662} INFO - Exporting env vars: AIRFLOW_CTX_DAG_OWNER='ghifari' AIRFLOW_CTX_DAG_ID='air_quality' AIRFLOW_CTX_TASK_ID='Insert_Data' AIRFLOW_CTX_EXECUTION_DATE='2023-12-08T04:00:00+00:00' AIRFLOW_CTX_TRY_NUMBER='1' AIRFLOW_CTX_DAG_RUN_ID='scheduled__2023-12-08T04:00:00+00:00'
[2023-12-28T16:52:13.725+0000] {logging_mixin.py:154} INFO - city           object
country        object
unit           object
last_value    float64
lat           float64
lng           float64
dtype: object
[2023-12-28T16:52:13.778+0000] {base.py:73} INFO - Using connection ID 'neonServerDB-Postgres' for task execution.
[2023-12-28T16:52:14.068+0000] {python.py:194} INFO - Done. Returned value was: None
[2023-12-28T16:52:14.111+0000] {taskinstance.py:1400} INFO - Marking task as SUCCESS. dag_id=air_quality, task_id=Insert_Data, execution_date=20231208T040000, start_date=20231228T165209, end_date=20231228T165214
[2023-12-28T16:52:14.292+0000] {local_task_job_runner.py:228} INFO - Task exited with return code 0
[2023-12-28T16:52:14.386+0000] {taskinstance.py:2778} INFO - 0 downstream tasks scheduled from follow-on schedule check
[2023-12-28T16:55:12.197+0000] {logging_mixin.py:154} INFO - Changing /opt/***/logs/dag_id=air_quality/run_id=scheduled__2023-12-08T04:00:00+00:00/task_id=Insert_Data permission to 509
[2023-12-28T16:55:12.202+0000] {logging_mixin.py:154} INFO - Failed to change /opt/***/logs/dag_id=air_quality/run_id=scheduled__2023-12-08T04:00:00+00:00/task_id=Insert_Data permission to 509: [Errno 1] Operation not permitted: '/opt/***/logs/dag_id=air_quality/run_id=scheduled__2023-12-08T04:00:00+00:00/task_id=Insert_Data'
[2023-12-28T16:55:12.476+0000] {logging_mixin.py:154} INFO - Changing /opt/***/logs/dag_id=air_quality/run_id=scheduled__2023-12-08T04:00:00+00:00/task_id=Insert_Data permission to 509
[2023-12-28T16:55:12.477+0000] {logging_mixin.py:154} INFO - Failed to change /opt/***/logs/dag_id=air_quality/run_id=scheduled__2023-12-08T04:00:00+00:00/task_id=Insert_Data permission to 509: [Errno 1] Operation not permitted: '/opt/***/logs/dag_id=air_quality/run_id=scheduled__2023-12-08T04:00:00+00:00/task_id=Insert_Data'
[2023-12-28T16:55:12.652+0000] {taskinstance.py:1159} INFO - Dependencies all met for dep_context=non-requeueable deps ti=<TaskInstance: air_quality.Insert_Data scheduled__2023-12-08T04:00:00+00:00 [queued]>
[2023-12-28T16:55:12.693+0000] {taskinstance.py:1159} INFO - Dependencies all met for dep_context=requeueable deps ti=<TaskInstance: air_quality.Insert_Data scheduled__2023-12-08T04:00:00+00:00 [queued]>
[2023-12-28T16:55:12.694+0000] {taskinstance.py:1361} INFO - Starting attempt 1 of 2
[2023-12-28T16:55:12.910+0000] {taskinstance.py:1382} INFO - Executing <Task(PythonOperator): Insert_Data> on 2023-12-08 04:00:00+00:00
[2023-12-28T16:55:12.924+0000] {standard_task_runner.py:57} INFO - Started process 1322 to run task
[2023-12-28T16:55:12.930+0000] {standard_task_runner.py:84} INFO - Running: ['***', 'tasks', 'run', 'air_quality', 'Insert_Data', 'scheduled__2023-12-08T04:00:00+00:00', '--job-id', '1157', '--raw', '--subdir', 'DAGS_FOLDER/airQuality.py', '--cfg-path', '/tmp/tmpp4blkfi_']
[2023-12-28T16:55:12.933+0000] {standard_task_runner.py:85} INFO - Job 1157: Subtask Insert_Data
[2023-12-28T16:55:13.285+0000] {logging_mixin.py:154} INFO - Changing /opt/***/logs/dag_id=air_quality/run_id=scheduled__2023-12-08T04:00:00+00:00/task_id=Insert_Data permission to 509
[2023-12-28T16:55:13.296+0000] {logging_mixin.py:154} INFO - Failed to change /opt/***/logs/dag_id=air_quality/run_id=scheduled__2023-12-08T04:00:00+00:00/task_id=Insert_Data permission to 509: [Errno 1] Operation not permitted: '/opt/***/logs/dag_id=air_quality/run_id=scheduled__2023-12-08T04:00:00+00:00/task_id=Insert_Data'
[2023-12-28T16:55:13.311+0000] {task_command.py:416} INFO - Running <TaskInstance: air_quality.Insert_Data scheduled__2023-12-08T04:00:00+00:00 [running]> on host d67dd4682ccf
[2023-12-28T16:55:13.656+0000] {taskinstance.py:1662} INFO - Exporting env vars: AIRFLOW_CTX_DAG_OWNER='ghifari' AIRFLOW_CTX_DAG_ID='air_quality' AIRFLOW_CTX_TASK_ID='Insert_Data' AIRFLOW_CTX_EXECUTION_DATE='2023-12-08T04:00:00+00:00' AIRFLOW_CTX_TRY_NUMBER='1' AIRFLOW_CTX_DAG_RUN_ID='scheduled__2023-12-08T04:00:00+00:00'
[2023-12-28T16:55:16.139+0000] {logging_mixin.py:154} INFO - city           object
country        object
unit           object
last_value    float64
lat           float64
lng           float64
dtype: object
[2023-12-28T16:55:16.185+0000] {base.py:73} INFO - Using connection ID 'neonServerDB-Postgres' for task execution.
[2023-12-28T16:55:16.445+0000] {python.py:194} INFO - Done. Returned value was: None
[2023-12-28T16:55:16.566+0000] {taskinstance.py:1400} INFO - Marking task as SUCCESS. dag_id=air_quality, task_id=Insert_Data, execution_date=20231208T040000, start_date=20231228T165512, end_date=20231228T165516
[2023-12-28T16:55:16.773+0000] {local_task_job_runner.py:228} INFO - Task exited with return code 0
[2023-12-28T16:55:16.844+0000] {taskinstance.py:2778} INFO - 0 downstream tasks scheduled from follow-on schedule check
