[2023-12-17T11:53:20.954+0000] {logging_mixin.py:154} INFO - Changing /opt/***/logs/dag_id=air_quality/run_id=manual__2023-12-17T11:53:04.813388+00:00/task_id=Insert_Data permission to 509
[2023-12-17T11:53:20.956+0000] {logging_mixin.py:154} INFO - Failed to change /opt/***/logs/dag_id=air_quality/run_id=manual__2023-12-17T11:53:04.813388+00:00/task_id=Insert_Data permission to 509: [Errno 1] Operation not permitted: '/opt/***/logs/dag_id=air_quality/run_id=manual__2023-12-17T11:53:04.813388+00:00/task_id=Insert_Data'
[2023-12-17T11:53:21.013+0000] {logging_mixin.py:154} INFO - Changing /opt/***/logs/dag_id=air_quality/run_id=manual__2023-12-17T11:53:04.813388+00:00/task_id=Insert_Data permission to 509
[2023-12-17T11:53:21.014+0000] {logging_mixin.py:154} INFO - Failed to change /opt/***/logs/dag_id=air_quality/run_id=manual__2023-12-17T11:53:04.813388+00:00/task_id=Insert_Data permission to 509: [Errno 1] Operation not permitted: '/opt/***/logs/dag_id=air_quality/run_id=manual__2023-12-17T11:53:04.813388+00:00/task_id=Insert_Data'
[2023-12-17T11:53:21.091+0000] {taskinstance.py:1159} INFO - Dependencies all met for dep_context=non-requeueable deps ti=<TaskInstance: air_quality.Insert_Data manual__2023-12-17T11:53:04.813388+00:00 [queued]>
[2023-12-17T11:53:21.117+0000] {taskinstance.py:1159} INFO - Dependencies all met for dep_context=requeueable deps ti=<TaskInstance: air_quality.Insert_Data manual__2023-12-17T11:53:04.813388+00:00 [queued]>
[2023-12-17T11:53:21.118+0000] {taskinstance.py:1361} INFO - Starting attempt 1 of 2
[2023-12-17T11:53:21.153+0000] {taskinstance.py:1382} INFO - Executing <Task(PythonOperator): Insert_Data> on 2023-12-17 11:53:04.813388+00:00
[2023-12-17T11:53:21.162+0000] {standard_task_runner.py:57} INFO - Started process 3219 to run task
[2023-12-17T11:53:21.170+0000] {standard_task_runner.py:84} INFO - Running: ['***', 'tasks', 'run', 'air_quality', 'Insert_Data', 'manual__2023-12-17T11:53:04.813388+00:00', '--job-id', '469', '--raw', '--subdir', 'DAGS_FOLDER/airQuality.py', '--cfg-path', '/tmp/tmpn55u9ptt']
[2023-12-17T11:53:21.173+0000] {standard_task_runner.py:85} INFO - Job 469: Subtask Insert_Data
[2023-12-17T11:53:21.338+0000] {logging_mixin.py:154} INFO - Changing /opt/***/logs/dag_id=air_quality/run_id=manual__2023-12-17T11:53:04.813388+00:00/task_id=Insert_Data permission to 509
[2023-12-17T11:53:21.340+0000] {logging_mixin.py:154} INFO - Failed to change /opt/***/logs/dag_id=air_quality/run_id=manual__2023-12-17T11:53:04.813388+00:00/task_id=Insert_Data permission to 509: [Errno 1] Operation not permitted: '/opt/***/logs/dag_id=air_quality/run_id=manual__2023-12-17T11:53:04.813388+00:00/task_id=Insert_Data'
[2023-12-17T11:53:21.348+0000] {task_command.py:416} INFO - Running <TaskInstance: air_quality.Insert_Data manual__2023-12-17T11:53:04.813388+00:00 [running]> on host 1a58977f5573
[2023-12-17T11:53:21.716+0000] {taskinstance.py:1662} INFO - Exporting env vars: AIRFLOW_CTX_DAG_OWNER='ghifari' AIRFLOW_CTX_DAG_ID='air_quality' AIRFLOW_CTX_TASK_ID='Insert_Data' AIRFLOW_CTX_EXECUTION_DATE='2023-12-17T11:53:04.813388+00:00' AIRFLOW_CTX_TRY_NUMBER='1' AIRFLOW_CTX_DAG_RUN_ID='manual__2023-12-17T11:53:04.813388+00:00'
[2023-12-17T11:53:22.846+0000] {logging_mixin.py:154} INFO - city           object
country        object
unit           object
last_value    float64
lat           float64
lng           float64
dtype: object
[2023-12-17T11:53:22.867+0000] {base.py:73} INFO - Using connection ID 'neonServerDB-Postgres' for task execution.
[2023-12-17T11:53:23.579+0000] {python.py:194} INFO - Done. Returned value was: None
[2023-12-17T11:53:23.619+0000] {taskinstance.py:1400} INFO - Marking task as SUCCESS. dag_id=air_quality, task_id=Insert_Data, execution_date=20231217T115304, start_date=20231217T115321, end_date=20231217T115323
[2023-12-17T11:53:23.718+0000] {local_task_job_runner.py:228} INFO - Task exited with return code 0
[2023-12-17T11:53:23.785+0000] {taskinstance.py:2778} INFO - 0 downstream tasks scheduled from follow-on schedule check
