[2023-12-28T16:08:50.324+0000] {logging_mixin.py:154} INFO - Changing /opt/***/logs/dag_id=air_quality/run_id=scheduled__2023-12-18T04:00:00+00:00/task_id=Transform permission to 509
[2023-12-28T16:08:50.333+0000] {logging_mixin.py:154} INFO - Failed to change /opt/***/logs/dag_id=air_quality/run_id=scheduled__2023-12-18T04:00:00+00:00/task_id=Transform permission to 509: [Errno 1] Operation not permitted: '/opt/***/logs/dag_id=air_quality/run_id=scheduled__2023-12-18T04:00:00+00:00/task_id=Transform'
[2023-12-28T16:08:50.480+0000] {logging_mixin.py:154} INFO - Changing /opt/***/logs/dag_id=air_quality/run_id=scheduled__2023-12-18T04:00:00+00:00/task_id=Transform permission to 509
[2023-12-28T16:08:50.488+0000] {logging_mixin.py:154} INFO - Failed to change /opt/***/logs/dag_id=air_quality/run_id=scheduled__2023-12-18T04:00:00+00:00/task_id=Transform permission to 509: [Errno 1] Operation not permitted: '/opt/***/logs/dag_id=air_quality/run_id=scheduled__2023-12-18T04:00:00+00:00/task_id=Transform'
[2023-12-28T16:08:50.743+0000] {taskinstance.py:1159} INFO - Dependencies all met for dep_context=non-requeueable deps ti=<TaskInstance: air_quality.Transform scheduled__2023-12-18T04:00:00+00:00 [queued]>
[2023-12-28T16:08:50.839+0000] {taskinstance.py:1159} INFO - Dependencies all met for dep_context=requeueable deps ti=<TaskInstance: air_quality.Transform scheduled__2023-12-18T04:00:00+00:00 [queued]>
[2023-12-28T16:08:50.849+0000] {taskinstance.py:1361} INFO - Starting attempt 1 of 2
[2023-12-28T16:08:51.001+0000] {taskinstance.py:1382} INFO - Executing <Task(PythonOperator): Transform> on 2023-12-18 04:00:00+00:00
[2023-12-28T16:08:51.024+0000] {standard_task_runner.py:57} INFO - Started process 512 to run task
[2023-12-28T16:08:51.044+0000] {standard_task_runner.py:84} INFO - Running: ['***', 'tasks', 'run', 'air_quality', 'Transform', 'scheduled__2023-12-18T04:00:00+00:00', '--job-id', '748', '--raw', '--subdir', 'DAGS_FOLDER/airQuality.py', '--cfg-path', '/tmp/tmpy2nbki9l']
[2023-12-28T16:08:51.050+0000] {standard_task_runner.py:85} INFO - Job 748: Subtask Transform
[2023-12-28T16:08:51.272+0000] {logging_mixin.py:154} INFO - Changing /opt/***/logs/dag_id=air_quality/run_id=scheduled__2023-12-18T04:00:00+00:00/task_id=Transform permission to 509
[2023-12-28T16:08:51.274+0000] {logging_mixin.py:154} INFO - Failed to change /opt/***/logs/dag_id=air_quality/run_id=scheduled__2023-12-18T04:00:00+00:00/task_id=Transform permission to 509: [Errno 1] Operation not permitted: '/opt/***/logs/dag_id=air_quality/run_id=scheduled__2023-12-18T04:00:00+00:00/task_id=Transform'
[2023-12-28T16:08:51.297+0000] {task_command.py:416} INFO - Running <TaskInstance: air_quality.Transform scheduled__2023-12-18T04:00:00+00:00 [running]> on host d67dd4682ccf
[2023-12-28T16:08:51.655+0000] {taskinstance.py:1662} INFO - Exporting env vars: AIRFLOW_CTX_DAG_OWNER='ghifari' AIRFLOW_CTX_DAG_ID='air_quality' AIRFLOW_CTX_TASK_ID='Transform' AIRFLOW_CTX_EXECUTION_DATE='2023-12-18T04:00:00+00:00' AIRFLOW_CTX_TRY_NUMBER='1' AIRFLOW_CTX_DAG_RUN_ID='scheduled__2023-12-18T04:00:00+00:00'
[2023-12-28T16:09:02.309+0000] {python.py:194} INFO - Done. Returned value was:       city country  unit  last_value       lat         lng
0  Jakarta      ID  pm25      -999.0 -6.182536  106.834236
[2023-12-28T16:09:02.745+0000] {taskinstance.py:1400} INFO - Marking task as SUCCESS. dag_id=air_quality, task_id=Transform, execution_date=20231218T040000, start_date=20231228T160850, end_date=20231228T160902
[2023-12-28T16:09:02.994+0000] {local_task_job_runner.py:228} INFO - Task exited with return code 0
[2023-12-28T16:09:03.127+0000] {taskinstance.py:2778} INFO - 1 downstream tasks scheduled from follow-on schedule check
[2023-12-28T16:52:03.458+0000] {logging_mixin.py:154} INFO - Changing /opt/***/logs/dag_id=air_quality/run_id=scheduled__2023-12-18T04:00:00+00:00/task_id=Transform permission to 509
[2023-12-28T16:52:03.461+0000] {logging_mixin.py:154} INFO - Failed to change /opt/***/logs/dag_id=air_quality/run_id=scheduled__2023-12-18T04:00:00+00:00/task_id=Transform permission to 509: [Errno 1] Operation not permitted: '/opt/***/logs/dag_id=air_quality/run_id=scheduled__2023-12-18T04:00:00+00:00/task_id=Transform'
[2023-12-28T16:52:03.641+0000] {logging_mixin.py:154} INFO - Changing /opt/***/logs/dag_id=air_quality/run_id=scheduled__2023-12-18T04:00:00+00:00/task_id=Transform permission to 509
[2023-12-28T16:52:03.643+0000] {logging_mixin.py:154} INFO - Failed to change /opt/***/logs/dag_id=air_quality/run_id=scheduled__2023-12-18T04:00:00+00:00/task_id=Transform permission to 509: [Errno 1] Operation not permitted: '/opt/***/logs/dag_id=air_quality/run_id=scheduled__2023-12-18T04:00:00+00:00/task_id=Transform'
[2023-12-28T16:52:03.842+0000] {taskinstance.py:1159} INFO - Dependencies all met for dep_context=non-requeueable deps ti=<TaskInstance: air_quality.Transform scheduled__2023-12-18T04:00:00+00:00 [queued]>
[2023-12-28T16:52:03.911+0000] {taskinstance.py:1159} INFO - Dependencies all met for dep_context=requeueable deps ti=<TaskInstance: air_quality.Transform scheduled__2023-12-18T04:00:00+00:00 [queued]>
[2023-12-28T16:52:03.927+0000] {taskinstance.py:1361} INFO - Starting attempt 1 of 2
[2023-12-28T16:52:04.000+0000] {taskinstance.py:1382} INFO - Executing <Task(PythonOperator): Transform> on 2023-12-18 04:00:00+00:00
[2023-12-28T16:52:04.013+0000] {standard_task_runner.py:57} INFO - Started process 308 to run task
[2023-12-28T16:52:04.029+0000] {standard_task_runner.py:84} INFO - Running: ['***', 'tasks', 'run', 'air_quality', 'Transform', 'scheduled__2023-12-18T04:00:00+00:00', '--job-id', '898', '--raw', '--subdir', 'DAGS_FOLDER/airQuality.py', '--cfg-path', '/tmp/tmp6k5ti0bc']
[2023-12-28T16:52:04.032+0000] {standard_task_runner.py:85} INFO - Job 898: Subtask Transform
[2023-12-28T16:52:04.401+0000] {logging_mixin.py:154} INFO - Changing /opt/***/logs/dag_id=air_quality/run_id=scheduled__2023-12-18T04:00:00+00:00/task_id=Transform permission to 509
[2023-12-28T16:52:04.407+0000] {logging_mixin.py:154} INFO - Failed to change /opt/***/logs/dag_id=air_quality/run_id=scheduled__2023-12-18T04:00:00+00:00/task_id=Transform permission to 509: [Errno 1] Operation not permitted: '/opt/***/logs/dag_id=air_quality/run_id=scheduled__2023-12-18T04:00:00+00:00/task_id=Transform'
[2023-12-28T16:52:04.427+0000] {task_command.py:416} INFO - Running <TaskInstance: air_quality.Transform scheduled__2023-12-18T04:00:00+00:00 [running]> on host d67dd4682ccf
[2023-12-28T16:52:04.828+0000] {taskinstance.py:1662} INFO - Exporting env vars: AIRFLOW_CTX_DAG_OWNER='ghifari' AIRFLOW_CTX_DAG_ID='air_quality' AIRFLOW_CTX_TASK_ID='Transform' AIRFLOW_CTX_EXECUTION_DATE='2023-12-18T04:00:00+00:00' AIRFLOW_CTX_TRY_NUMBER='1' AIRFLOW_CTX_DAG_RUN_ID='scheduled__2023-12-18T04:00:00+00:00'
[2023-12-28T16:52:07.140+0000] {python.py:194} INFO - Done. Returned value was:       city country unit  last_value       lat         lng
0  Jakarta      ID   o3      -0.999 -6.182536  106.834236
[2023-12-28T16:52:07.482+0000] {taskinstance.py:1400} INFO - Marking task as SUCCESS. dag_id=air_quality, task_id=Transform, execution_date=20231218T040000, start_date=20231228T165203, end_date=20231228T165207
[2023-12-28T16:52:07.740+0000] {local_task_job_runner.py:228} INFO - Task exited with return code 0
[2023-12-28T16:52:07.903+0000] {taskinstance.py:2778} INFO - 1 downstream tasks scheduled from follow-on schedule check
[2023-12-28T16:52:29.333+0000] {logging_mixin.py:154} INFO - Changing /opt/***/logs/dag_id=air_quality/run_id=scheduled__2023-12-18T04:00:00+00:00/task_id=Transform permission to 509
[2023-12-28T16:52:29.335+0000] {logging_mixin.py:154} INFO - Failed to change /opt/***/logs/dag_id=air_quality/run_id=scheduled__2023-12-18T04:00:00+00:00/task_id=Transform permission to 509: [Errno 1] Operation not permitted: '/opt/***/logs/dag_id=air_quality/run_id=scheduled__2023-12-18T04:00:00+00:00/task_id=Transform'
[2023-12-28T16:52:29.399+0000] {logging_mixin.py:154} INFO - Changing /opt/***/logs/dag_id=air_quality/run_id=scheduled__2023-12-18T04:00:00+00:00/task_id=Transform permission to 509
[2023-12-28T16:52:29.400+0000] {logging_mixin.py:154} INFO - Failed to change /opt/***/logs/dag_id=air_quality/run_id=scheduled__2023-12-18T04:00:00+00:00/task_id=Transform permission to 509: [Errno 1] Operation not permitted: '/opt/***/logs/dag_id=air_quality/run_id=scheduled__2023-12-18T04:00:00+00:00/task_id=Transform'
[2023-12-28T16:52:29.482+0000] {taskinstance.py:1159} INFO - Dependencies all met for dep_context=non-requeueable deps ti=<TaskInstance: air_quality.Transform scheduled__2023-12-18T04:00:00+00:00 [queued]>
[2023-12-28T16:52:29.508+0000] {taskinstance.py:1159} INFO - Dependencies all met for dep_context=requeueable deps ti=<TaskInstance: air_quality.Transform scheduled__2023-12-18T04:00:00+00:00 [queued]>
[2023-12-28T16:52:29.509+0000] {taskinstance.py:1361} INFO - Starting attempt 1 of 2
[2023-12-28T16:52:29.535+0000] {taskinstance.py:1382} INFO - Executing <Task(PythonOperator): Transform> on 2023-12-18 04:00:00+00:00
[2023-12-28T16:52:29.544+0000] {standard_task_runner.py:57} INFO - Started process 595 to run task
[2023-12-28T16:52:29.554+0000] {standard_task_runner.py:84} INFO - Running: ['***', 'tasks', 'run', 'air_quality', 'Transform', 'scheduled__2023-12-18T04:00:00+00:00', '--job-id', '954', '--raw', '--subdir', 'DAGS_FOLDER/airQuality.py', '--cfg-path', '/tmp/tmpkxx_14fb']
[2023-12-28T16:52:29.557+0000] {standard_task_runner.py:85} INFO - Job 954: Subtask Transform
[2023-12-28T16:52:29.656+0000] {logging_mixin.py:154} INFO - Changing /opt/***/logs/dag_id=air_quality/run_id=scheduled__2023-12-18T04:00:00+00:00/task_id=Transform permission to 509
[2023-12-28T16:52:29.657+0000] {logging_mixin.py:154} INFO - Failed to change /opt/***/logs/dag_id=air_quality/run_id=scheduled__2023-12-18T04:00:00+00:00/task_id=Transform permission to 509: [Errno 1] Operation not permitted: '/opt/***/logs/dag_id=air_quality/run_id=scheduled__2023-12-18T04:00:00+00:00/task_id=Transform'
[2023-12-28T16:52:29.661+0000] {task_command.py:416} INFO - Running <TaskInstance: air_quality.Transform scheduled__2023-12-18T04:00:00+00:00 [running]> on host d67dd4682ccf
[2023-12-28T16:52:29.837+0000] {taskinstance.py:1662} INFO - Exporting env vars: AIRFLOW_CTX_DAG_OWNER='ghifari' AIRFLOW_CTX_DAG_ID='air_quality' AIRFLOW_CTX_TASK_ID='Transform' AIRFLOW_CTX_EXECUTION_DATE='2023-12-18T04:00:00+00:00' AIRFLOW_CTX_TRY_NUMBER='1' AIRFLOW_CTX_DAG_RUN_ID='scheduled__2023-12-18T04:00:00+00:00'
[2023-12-28T16:52:31.746+0000] {python.py:194} INFO - Done. Returned value was:       city country unit  last_value       lat         lng
0  Jakarta      ID   o3      -0.999 -6.182536  106.834236
[2023-12-28T16:52:31.942+0000] {taskinstance.py:1400} INFO - Marking task as SUCCESS. dag_id=air_quality, task_id=Transform, execution_date=20231218T040000, start_date=20231228T165229, end_date=20231228T165231
[2023-12-28T16:52:32.127+0000] {local_task_job_runner.py:228} INFO - Task exited with return code 0
[2023-12-28T16:52:32.247+0000] {taskinstance.py:2778} INFO - 1 downstream tasks scheduled from follow-on schedule check
[2023-12-28T16:55:03.178+0000] {logging_mixin.py:154} INFO - Changing /opt/***/logs/dag_id=air_quality/run_id=scheduled__2023-12-18T04:00:00+00:00/task_id=Transform permission to 509
[2023-12-28T16:55:03.184+0000] {logging_mixin.py:154} INFO - Failed to change /opt/***/logs/dag_id=air_quality/run_id=scheduled__2023-12-18T04:00:00+00:00/task_id=Transform permission to 509: [Errno 1] Operation not permitted: '/opt/***/logs/dag_id=air_quality/run_id=scheduled__2023-12-18T04:00:00+00:00/task_id=Transform'
[2023-12-28T16:55:03.441+0000] {logging_mixin.py:154} INFO - Changing /opt/***/logs/dag_id=air_quality/run_id=scheduled__2023-12-18T04:00:00+00:00/task_id=Transform permission to 509
[2023-12-28T16:55:03.461+0000] {logging_mixin.py:154} INFO - Failed to change /opt/***/logs/dag_id=air_quality/run_id=scheduled__2023-12-18T04:00:00+00:00/task_id=Transform permission to 509: [Errno 1] Operation not permitted: '/opt/***/logs/dag_id=air_quality/run_id=scheduled__2023-12-18T04:00:00+00:00/task_id=Transform'
[2023-12-28T16:55:03.723+0000] {taskinstance.py:1159} INFO - Dependencies all met for dep_context=non-requeueable deps ti=<TaskInstance: air_quality.Transform scheduled__2023-12-18T04:00:00+00:00 [queued]>
[2023-12-28T16:55:03.787+0000] {taskinstance.py:1159} INFO - Dependencies all met for dep_context=requeueable deps ti=<TaskInstance: air_quality.Transform scheduled__2023-12-18T04:00:00+00:00 [queued]>
[2023-12-28T16:55:03.792+0000] {taskinstance.py:1361} INFO - Starting attempt 1 of 2
[2023-12-28T16:55:03.855+0000] {taskinstance.py:1382} INFO - Executing <Task(PythonOperator): Transform> on 2023-12-18 04:00:00+00:00
[2023-12-28T16:55:03.872+0000] {standard_task_runner.py:57} INFO - Started process 1282 to run task
[2023-12-28T16:55:03.880+0000] {standard_task_runner.py:84} INFO - Running: ['***', 'tasks', 'run', 'air_quality', 'Transform', 'scheduled__2023-12-18T04:00:00+00:00', '--job-id', '1140', '--raw', '--subdir', 'DAGS_FOLDER/airQuality.py', '--cfg-path', '/tmp/tmp44i2c12a']
[2023-12-28T16:55:03.883+0000] {standard_task_runner.py:85} INFO - Job 1140: Subtask Transform
[2023-12-28T16:55:04.154+0000] {logging_mixin.py:154} INFO - Changing /opt/***/logs/dag_id=air_quality/run_id=scheduled__2023-12-18T04:00:00+00:00/task_id=Transform permission to 509
[2023-12-28T16:55:04.156+0000] {logging_mixin.py:154} INFO - Failed to change /opt/***/logs/dag_id=air_quality/run_id=scheduled__2023-12-18T04:00:00+00:00/task_id=Transform permission to 509: [Errno 1] Operation not permitted: '/opt/***/logs/dag_id=air_quality/run_id=scheduled__2023-12-18T04:00:00+00:00/task_id=Transform'
[2023-12-28T16:55:04.163+0000] {task_command.py:416} INFO - Running <TaskInstance: air_quality.Transform scheduled__2023-12-18T04:00:00+00:00 [running]> on host d67dd4682ccf
[2023-12-28T16:55:04.411+0000] {taskinstance.py:1662} INFO - Exporting env vars: AIRFLOW_CTX_DAG_OWNER='ghifari' AIRFLOW_CTX_DAG_ID='air_quality' AIRFLOW_CTX_TASK_ID='Transform' AIRFLOW_CTX_EXECUTION_DATE='2023-12-18T04:00:00+00:00' AIRFLOW_CTX_TRY_NUMBER='1' AIRFLOW_CTX_DAG_RUN_ID='scheduled__2023-12-18T04:00:00+00:00'
[2023-12-28T16:55:06.229+0000] {python.py:194} INFO - Done. Returned value was:       city country unit  last_value       lat         lng
0  Jakarta      ID   o3      -0.999 -6.182536  106.834236
[2023-12-28T16:55:06.382+0000] {taskinstance.py:1400} INFO - Marking task as SUCCESS. dag_id=air_quality, task_id=Transform, execution_date=20231218T040000, start_date=20231228T165503, end_date=20231228T165506
[2023-12-28T16:55:06.598+0000] {local_task_job_runner.py:228} INFO - Task exited with return code 0
[2023-12-28T16:55:07.076+0000] {taskinstance.py:2778} INFO - 0 downstream tasks scheduled from follow-on schedule check
