[2023-12-17T05:15:16.243+0000] {logging_mixin.py:154} INFO - Changing /opt/***/logs/dag_id=air_quality/run_id=manual__2023-12-17T05:13:19.348806+00:00/task_id=Create_Table permission to 509
[2023-12-17T05:15:16.245+0000] {logging_mixin.py:154} INFO - Failed to change /opt/***/logs/dag_id=air_quality/run_id=manual__2023-12-17T05:13:19.348806+00:00/task_id=Create_Table permission to 509: [Errno 1] Operation not permitted: '/opt/***/logs/dag_id=air_quality/run_id=manual__2023-12-17T05:13:19.348806+00:00/task_id=Create_Table'
[2023-12-17T05:15:16.289+0000] {logging_mixin.py:154} INFO - Changing /opt/***/logs/dag_id=air_quality/run_id=manual__2023-12-17T05:13:19.348806+00:00/task_id=Create_Table permission to 509
[2023-12-17T05:15:16.290+0000] {logging_mixin.py:154} INFO - Failed to change /opt/***/logs/dag_id=air_quality/run_id=manual__2023-12-17T05:13:19.348806+00:00/task_id=Create_Table permission to 509: [Errno 1] Operation not permitted: '/opt/***/logs/dag_id=air_quality/run_id=manual__2023-12-17T05:13:19.348806+00:00/task_id=Create_Table'
[2023-12-17T05:15:16.322+0000] {taskinstance.py:1159} INFO - Dependencies all met for dep_context=non-requeueable deps ti=<TaskInstance: air_quality.Create_Table manual__2023-12-17T05:13:19.348806+00:00 [queued]>
[2023-12-17T05:15:16.332+0000] {taskinstance.py:1159} INFO - Dependencies all met for dep_context=requeueable deps ti=<TaskInstance: air_quality.Create_Table manual__2023-12-17T05:13:19.348806+00:00 [queued]>
[2023-12-17T05:15:16.333+0000] {taskinstance.py:1361} INFO - Starting attempt 2 of 3
[2023-12-17T05:15:16.362+0000] {taskinstance.py:1382} INFO - Executing <Task(PythonOperator): Create_Table> on 2023-12-17 05:13:19.348806+00:00
[2023-12-17T05:15:16.367+0000] {standard_task_runner.py:57} INFO - Started process 1045 to run task
[2023-12-17T05:15:16.372+0000] {standard_task_runner.py:84} INFO - Running: ['***', 'tasks', 'run', 'air_quality', 'Create_Table', 'manual__2023-12-17T05:13:19.348806+00:00', '--job-id', '235', '--raw', '--subdir', 'DAGS_FOLDER/airQuality.py', '--cfg-path', '/tmp/tmpwr4u1ojm']
[2023-12-17T05:15:16.373+0000] {standard_task_runner.py:85} INFO - Job 235: Subtask Create_Table
[2023-12-17T05:15:16.442+0000] {logging_mixin.py:154} INFO - Changing /opt/***/logs/dag_id=air_quality/run_id=manual__2023-12-17T05:13:19.348806+00:00/task_id=Create_Table permission to 509
[2023-12-17T05:15:16.444+0000] {logging_mixin.py:154} INFO - Failed to change /opt/***/logs/dag_id=air_quality/run_id=manual__2023-12-17T05:13:19.348806+00:00/task_id=Create_Table permission to 509: [Errno 1] Operation not permitted: '/opt/***/logs/dag_id=air_quality/run_id=manual__2023-12-17T05:13:19.348806+00:00/task_id=Create_Table'
[2023-12-17T05:15:16.448+0000] {task_command.py:416} INFO - Running <TaskInstance: air_quality.Create_Table manual__2023-12-17T05:13:19.348806+00:00 [running]> on host 1a58977f5573
[2023-12-17T05:15:16.572+0000] {taskinstance.py:1662} INFO - Exporting env vars: AIRFLOW_CTX_DAG_OWNER='ghifari' AIRFLOW_CTX_DAG_ID='air_quality' AIRFLOW_CTX_TASK_ID='Create_Table' AIRFLOW_CTX_EXECUTION_DATE='2023-12-17T05:13:19.348806+00:00' AIRFLOW_CTX_TRY_NUMBER='2' AIRFLOW_CTX_DAG_RUN_ID='manual__2023-12-17T05:13:19.348806+00:00'
[2023-12-17T05:15:16.586+0000] {base.py:73} INFO - Using connection ID 'neonServerDB-Postgres' for task execution.
[2023-12-17T05:15:26.639+0000] {python.py:194} INFO - Done. Returned value was: 
        CREATE TABLE air_quality (
            id serial primary key, 
            city varchar(250),
            country varchar(250), 
            unit varchar(20), 
            last_value float8, 
            lat float8,
            lng float8
        )
    
[2023-12-17T05:15:26.704+0000] {taskinstance.py:1400} INFO - Marking task as SUCCESS. dag_id=air_quality, task_id=Create_Table, execution_date=20231217T051319, start_date=20231217T051516, end_date=20231217T051526
[2023-12-17T05:15:26.772+0000] {local_task_job_runner.py:228} INFO - Task exited with return code 0
[2023-12-17T05:15:26.813+0000] {taskinstance.py:2778} INFO - 1 downstream tasks scheduled from follow-on schedule check
