[2023-12-15T18:20:04.269+0000] {logging_mixin.py:154} INFO - Changing /opt/***/logs/dag_id=air_quality/run_id=manual__2023-12-15T18:20:00.031743+00:00/task_id=Check_Response permission to 509
[2023-12-15T18:20:04.271+0000] {logging_mixin.py:154} INFO - Failed to change /opt/***/logs/dag_id=air_quality/run_id=manual__2023-12-15T18:20:00.031743+00:00/task_id=Check_Response permission to 509: [Errno 1] Operation not permitted: '/opt/***/logs/dag_id=air_quality/run_id=manual__2023-12-15T18:20:00.031743+00:00/task_id=Check_Response'
[2023-12-15T18:20:04.319+0000] {logging_mixin.py:154} INFO - Changing /opt/***/logs/dag_id=air_quality/run_id=manual__2023-12-15T18:20:00.031743+00:00/task_id=Check_Response permission to 509
[2023-12-15T18:20:04.321+0000] {logging_mixin.py:154} INFO - Failed to change /opt/***/logs/dag_id=air_quality/run_id=manual__2023-12-15T18:20:00.031743+00:00/task_id=Check_Response permission to 509: [Errno 1] Operation not permitted: '/opt/***/logs/dag_id=air_quality/run_id=manual__2023-12-15T18:20:00.031743+00:00/task_id=Check_Response'
[2023-12-15T18:20:04.440+0000] {taskinstance.py:1159} INFO - Dependencies all met for dep_context=non-requeueable deps ti=<TaskInstance: air_quality.Check_Response manual__2023-12-15T18:20:00.031743+00:00 [queued]>
[2023-12-15T18:20:04.479+0000] {taskinstance.py:1159} INFO - Dependencies all met for dep_context=requeueable deps ti=<TaskInstance: air_quality.Check_Response manual__2023-12-15T18:20:00.031743+00:00 [queued]>
[2023-12-15T18:20:04.482+0000] {taskinstance.py:1361} INFO - Starting attempt 1 of 2
[2023-12-15T18:20:04.542+0000] {taskinstance.py:1382} INFO - Executing <Task(BranchPythonOperator): Check_Response> on 2023-12-15 18:20:00.031743+00:00
[2023-12-15T18:20:04.554+0000] {standard_task_runner.py:57} INFO - Started process 1899 to run task
[2023-12-15T18:20:04.563+0000] {standard_task_runner.py:84} INFO - Running: ['***', 'tasks', 'run', 'air_quality', 'Check_Response', 'manual__2023-12-15T18:20:00.031743+00:00', '--job-id', '94', '--raw', '--subdir', 'DAGS_FOLDER/airQuality.py', '--cfg-path', '/tmp/tmpo2irqxsz']
[2023-12-15T18:20:04.567+0000] {standard_task_runner.py:85} INFO - Job 94: Subtask Check_Response
[2023-12-15T18:20:04.665+0000] {logging_mixin.py:154} INFO - Changing /opt/***/logs/dag_id=air_quality/run_id=manual__2023-12-15T18:20:00.031743+00:00/task_id=Check_Response permission to 509
[2023-12-15T18:20:04.666+0000] {logging_mixin.py:154} INFO - Failed to change /opt/***/logs/dag_id=air_quality/run_id=manual__2023-12-15T18:20:00.031743+00:00/task_id=Check_Response permission to 509: [Errno 1] Operation not permitted: '/opt/***/logs/dag_id=air_quality/run_id=manual__2023-12-15T18:20:00.031743+00:00/task_id=Check_Response'
[2023-12-15T18:20:04.670+0000] {task_command.py:416} INFO - Running <TaskInstance: air_quality.Check_Response manual__2023-12-15T18:20:00.031743+00:00 [running]> on host d739bc9bef06
[2023-12-15T18:20:04.843+0000] {taskinstance.py:1662} INFO - Exporting env vars: AIRFLOW_CTX_DAG_OWNER='ghifari' AIRFLOW_CTX_DAG_ID='air_quality' AIRFLOW_CTX_TASK_ID='Check_Response' AIRFLOW_CTX_EXECUTION_DATE='2023-12-15T18:20:00.031743+00:00' AIRFLOW_CTX_TRY_NUMBER='1' AIRFLOW_CTX_DAG_RUN_ID='manual__2023-12-15T18:20:00.031743+00:00'
[2023-12-15T18:20:04.874+0000] {airQuality.py:184} INFO - Data Found: {'city': ['Jakarta'], 'country': ['ID'], 'unit': ['o3'], 'last_value': [-0.999], 'lat': [-6.182536], 'lng': [106.834236]}
[2023-12-15T18:20:04.875+0000] {python.py:194} INFO - Done. Returned value was: Transform
[2023-12-15T18:20:04.877+0000] {python.py:227} INFO - Branch callable return Transform
[2023-12-15T18:20:04.878+0000] {skipmixin.py:173} INFO - Following branch Transform
[2023-12-15T18:20:04.922+0000] {skipmixin.py:239} INFO - Skipping tasks [('Error_Response', -1)]
[2023-12-15T18:20:05.025+0000] {taskinstance.py:1400} INFO - Marking task as SUCCESS. dag_id=air_quality, task_id=Check_Response, execution_date=20231215T182000, start_date=20231215T182004, end_date=20231215T182005
[2023-12-15T18:20:05.099+0000] {local_task_job_runner.py:228} INFO - Task exited with return code 0
[2023-12-15T18:20:05.212+0000] {taskinstance.py:2778} INFO - 0 downstream tasks scheduled from follow-on schedule check
