[2023-12-28T16:09:11.601+0000] {logging_mixin.py:154} INFO - Changing /opt/***/logs/dag_id=air_quality/run_id=scheduled__2023-12-22T04:00:00+00:00/task_id=Create_Table permission to 509
[2023-12-28T16:09:11.602+0000] {logging_mixin.py:154} INFO - Failed to change /opt/***/logs/dag_id=air_quality/run_id=scheduled__2023-12-22T04:00:00+00:00/task_id=Create_Table permission to 509: [Errno 1] Operation not permitted: '/opt/***/logs/dag_id=air_quality/run_id=scheduled__2023-12-22T04:00:00+00:00/task_id=Create_Table'
[2023-12-28T16:09:11.644+0000] {logging_mixin.py:154} INFO - Changing /opt/***/logs/dag_id=air_quality/run_id=scheduled__2023-12-22T04:00:00+00:00/task_id=Create_Table permission to 509
[2023-12-28T16:09:11.645+0000] {logging_mixin.py:154} INFO - Failed to change /opt/***/logs/dag_id=air_quality/run_id=scheduled__2023-12-22T04:00:00+00:00/task_id=Create_Table permission to 509: [Errno 1] Operation not permitted: '/opt/***/logs/dag_id=air_quality/run_id=scheduled__2023-12-22T04:00:00+00:00/task_id=Create_Table'
[2023-12-28T16:09:11.691+0000] {taskinstance.py:1159} INFO - Dependencies all met for dep_context=non-requeueable deps ti=<TaskInstance: air_quality.Create_Table scheduled__2023-12-22T04:00:00+00:00 [queued]>
[2023-12-28T16:09:11.708+0000] {taskinstance.py:1159} INFO - Dependencies all met for dep_context=requeueable deps ti=<TaskInstance: air_quality.Create_Table scheduled__2023-12-22T04:00:00+00:00 [queued]>
[2023-12-28T16:09:11.708+0000] {taskinstance.py:1361} INFO - Starting attempt 1 of 2
[2023-12-28T16:09:11.730+0000] {taskinstance.py:1382} INFO - Executing <Task(PythonOperator): Create_Table> on 2023-12-22 04:00:00+00:00
[2023-12-28T16:09:11.738+0000] {standard_task_runner.py:57} INFO - Started process 570 to run task
[2023-12-28T16:09:11.745+0000] {standard_task_runner.py:84} INFO - Running: ['***', 'tasks', 'run', 'air_quality', 'Create_Table', 'scheduled__2023-12-22T04:00:00+00:00', '--job-id', '774', '--raw', '--subdir', 'DAGS_FOLDER/airQuality.py', '--cfg-path', '/tmp/tmpin777q0k']
[2023-12-28T16:09:11.747+0000] {standard_task_runner.py:85} INFO - Job 774: Subtask Create_Table
[2023-12-28T16:09:11.836+0000] {logging_mixin.py:154} INFO - Changing /opt/***/logs/dag_id=air_quality/run_id=scheduled__2023-12-22T04:00:00+00:00/task_id=Create_Table permission to 509
[2023-12-28T16:09:11.837+0000] {logging_mixin.py:154} INFO - Failed to change /opt/***/logs/dag_id=air_quality/run_id=scheduled__2023-12-22T04:00:00+00:00/task_id=Create_Table permission to 509: [Errno 1] Operation not permitted: '/opt/***/logs/dag_id=air_quality/run_id=scheduled__2023-12-22T04:00:00+00:00/task_id=Create_Table'
[2023-12-28T16:09:11.842+0000] {task_command.py:416} INFO - Running <TaskInstance: air_quality.Create_Table scheduled__2023-12-22T04:00:00+00:00 [running]> on host d67dd4682ccf
[2023-12-28T16:09:11.973+0000] {taskinstance.py:1662} INFO - Exporting env vars: AIRFLOW_CTX_DAG_OWNER='ghifari' AIRFLOW_CTX_DAG_ID='air_quality' AIRFLOW_CTX_TASK_ID='Create_Table' AIRFLOW_CTX_EXECUTION_DATE='2023-12-22T04:00:00+00:00' AIRFLOW_CTX_TRY_NUMBER='1' AIRFLOW_CTX_DAG_RUN_ID='scheduled__2023-12-22T04:00:00+00:00'
[2023-12-28T16:09:11.989+0000] {base.py:73} INFO - Using connection ID 'neonServerDB-Postgres' for task execution.
[2023-12-28T16:09:16.260+0000] {airQuality.py:139} INFO - Table air_quality Already Exist
[2023-12-28T16:09:16.302+0000] {python.py:194} INFO - Done. Returned value was: 
        CREATE TABLE air_quality (
            id serial primary key, 
            city varchar(250),
            country varchar(250), 
            unit varchar(20), 
            last_value float8, 
            lat float8,
            lng float8
        )
    
[2023-12-28T16:09:16.397+0000] {taskinstance.py:1400} INFO - Marking task as SUCCESS. dag_id=air_quality, task_id=Create_Table, execution_date=20231222T040000, start_date=20231228T160911, end_date=20231228T160916
[2023-12-28T16:09:16.468+0000] {local_task_job_runner.py:228} INFO - Task exited with return code 0
[2023-12-28T16:09:16.555+0000] {taskinstance.py:2778} INFO - 1 downstream tasks scheduled from follow-on schedule check
[2023-12-28T16:52:18.522+0000] {logging_mixin.py:154} INFO - Changing /opt/***/logs/dag_id=air_quality/run_id=scheduled__2023-12-22T04:00:00+00:00/task_id=Create_Table permission to 509
[2023-12-28T16:52:18.532+0000] {logging_mixin.py:154} INFO - Failed to change /opt/***/logs/dag_id=air_quality/run_id=scheduled__2023-12-22T04:00:00+00:00/task_id=Create_Table permission to 509: [Errno 1] Operation not permitted: '/opt/***/logs/dag_id=air_quality/run_id=scheduled__2023-12-22T04:00:00+00:00/task_id=Create_Table'
[2023-12-28T16:52:18.653+0000] {logging_mixin.py:154} INFO - Changing /opt/***/logs/dag_id=air_quality/run_id=scheduled__2023-12-22T04:00:00+00:00/task_id=Create_Table permission to 509
[2023-12-28T16:52:18.657+0000] {logging_mixin.py:154} INFO - Failed to change /opt/***/logs/dag_id=air_quality/run_id=scheduled__2023-12-22T04:00:00+00:00/task_id=Create_Table permission to 509: [Errno 1] Operation not permitted: '/opt/***/logs/dag_id=air_quality/run_id=scheduled__2023-12-22T04:00:00+00:00/task_id=Create_Table'
[2023-12-28T16:52:18.805+0000] {taskinstance.py:1159} INFO - Dependencies all met for dep_context=non-requeueable deps ti=<TaskInstance: air_quality.Create_Table scheduled__2023-12-22T04:00:00+00:00 [queued]>
[2023-12-28T16:52:18.850+0000] {taskinstance.py:1159} INFO - Dependencies all met for dep_context=requeueable deps ti=<TaskInstance: air_quality.Create_Table scheduled__2023-12-22T04:00:00+00:00 [queued]>
[2023-12-28T16:52:18.853+0000] {taskinstance.py:1361} INFO - Starting attempt 1 of 2
[2023-12-28T16:52:18.927+0000] {taskinstance.py:1382} INFO - Executing <Task(PythonOperator): Create_Table> on 2023-12-22 04:00:00+00:00
[2023-12-28T16:52:18.937+0000] {standard_task_runner.py:57} INFO - Started process 450 to run task
[2023-12-28T16:52:18.955+0000] {standard_task_runner.py:84} INFO - Running: ['***', 'tasks', 'run', 'air_quality', 'Create_Table', 'scheduled__2023-12-22T04:00:00+00:00', '--job-id', '934', '--raw', '--subdir', 'DAGS_FOLDER/airQuality.py', '--cfg-path', '/tmp/tmpl_3wh3b9']
[2023-12-28T16:52:18.964+0000] {standard_task_runner.py:85} INFO - Job 934: Subtask Create_Table
[2023-12-28T16:52:19.158+0000] {logging_mixin.py:154} INFO - Changing /opt/***/logs/dag_id=air_quality/run_id=scheduled__2023-12-22T04:00:00+00:00/task_id=Create_Table permission to 509
[2023-12-28T16:52:19.160+0000] {logging_mixin.py:154} INFO - Failed to change /opt/***/logs/dag_id=air_quality/run_id=scheduled__2023-12-22T04:00:00+00:00/task_id=Create_Table permission to 509: [Errno 1] Operation not permitted: '/opt/***/logs/dag_id=air_quality/run_id=scheduled__2023-12-22T04:00:00+00:00/task_id=Create_Table'
[2023-12-28T16:52:19.174+0000] {task_command.py:416} INFO - Running <TaskInstance: air_quality.Create_Table scheduled__2023-12-22T04:00:00+00:00 [running]> on host d67dd4682ccf
[2023-12-28T16:52:19.511+0000] {taskinstance.py:1662} INFO - Exporting env vars: AIRFLOW_CTX_DAG_OWNER='ghifari' AIRFLOW_CTX_DAG_ID='air_quality' AIRFLOW_CTX_TASK_ID='Create_Table' AIRFLOW_CTX_EXECUTION_DATE='2023-12-22T04:00:00+00:00' AIRFLOW_CTX_TRY_NUMBER='1' AIRFLOW_CTX_DAG_RUN_ID='scheduled__2023-12-22T04:00:00+00:00'
[2023-12-28T16:52:19.540+0000] {base.py:73} INFO - Using connection ID 'neonServerDB-Postgres' for task execution.
[2023-12-28T16:52:20.196+0000] {airQuality.py:139} INFO - Table air_quality Already Exist
[2023-12-28T16:52:20.260+0000] {python.py:194} INFO - Done. Returned value was: 
        CREATE TABLE air_quality (
            id serial primary key, 
            city varchar(250),
            country varchar(250), 
            unit varchar(20), 
            last_value float8, 
            lat float8,
            lng float8
        )
    
[2023-12-28T16:52:20.334+0000] {taskinstance.py:1400} INFO - Marking task as SUCCESS. dag_id=air_quality, task_id=Create_Table, execution_date=20231222T040000, start_date=20231228T165218, end_date=20231228T165220
[2023-12-28T16:52:20.451+0000] {local_task_job_runner.py:228} INFO - Task exited with return code 0
[2023-12-28T16:52:20.772+0000] {taskinstance.py:2778} INFO - 0 downstream tasks scheduled from follow-on schedule check
[2023-12-28T16:52:46.084+0000] {logging_mixin.py:154} INFO - Changing /opt/***/logs/dag_id=air_quality/run_id=scheduled__2023-12-22T04:00:00+00:00/task_id=Create_Table permission to 509
[2023-12-28T16:52:46.094+0000] {logging_mixin.py:154} INFO - Failed to change /opt/***/logs/dag_id=air_quality/run_id=scheduled__2023-12-22T04:00:00+00:00/task_id=Create_Table permission to 509: [Errno 1] Operation not permitted: '/opt/***/logs/dag_id=air_quality/run_id=scheduled__2023-12-22T04:00:00+00:00/task_id=Create_Table'
[2023-12-28T16:52:46.228+0000] {logging_mixin.py:154} INFO - Changing /opt/***/logs/dag_id=air_quality/run_id=scheduled__2023-12-22T04:00:00+00:00/task_id=Create_Table permission to 509
[2023-12-28T16:52:46.229+0000] {logging_mixin.py:154} INFO - Failed to change /opt/***/logs/dag_id=air_quality/run_id=scheduled__2023-12-22T04:00:00+00:00/task_id=Create_Table permission to 509: [Errno 1] Operation not permitted: '/opt/***/logs/dag_id=air_quality/run_id=scheduled__2023-12-22T04:00:00+00:00/task_id=Create_Table'
[2023-12-28T16:52:46.328+0000] {taskinstance.py:1159} INFO - Dependencies all met for dep_context=non-requeueable deps ti=<TaskInstance: air_quality.Create_Table scheduled__2023-12-22T04:00:00+00:00 [queued]>
[2023-12-28T16:52:46.370+0000] {taskinstance.py:1159} INFO - Dependencies all met for dep_context=requeueable deps ti=<TaskInstance: air_quality.Create_Table scheduled__2023-12-22T04:00:00+00:00 [queued]>
[2023-12-28T16:52:46.371+0000] {taskinstance.py:1361} INFO - Starting attempt 1 of 2
[2023-12-28T16:52:46.440+0000] {taskinstance.py:1382} INFO - Executing <Task(PythonOperator): Create_Table> on 2023-12-22 04:00:00+00:00
[2023-12-28T16:52:46.469+0000] {standard_task_runner.py:84} INFO - Running: ['***', 'tasks', 'run', 'air_quality', 'Create_Table', 'scheduled__2023-12-22T04:00:00+00:00', '--job-id', '985', '--raw', '--subdir', 'DAGS_FOLDER/airQuality.py', '--cfg-path', '/tmp/tmpdmrux_6d']
[2023-12-28T16:52:46.478+0000] {standard_task_runner.py:85} INFO - Job 985: Subtask Create_Table
[2023-12-28T16:52:46.479+0000] {standard_task_runner.py:57} INFO - Started process 668 to run task
[2023-12-28T16:52:46.663+0000] {logging_mixin.py:154} INFO - Changing /opt/***/logs/dag_id=air_quality/run_id=scheduled__2023-12-22T04:00:00+00:00/task_id=Create_Table permission to 509
[2023-12-28T16:52:46.672+0000] {logging_mixin.py:154} INFO - Failed to change /opt/***/logs/dag_id=air_quality/run_id=scheduled__2023-12-22T04:00:00+00:00/task_id=Create_Table permission to 509: [Errno 1] Operation not permitted: '/opt/***/logs/dag_id=air_quality/run_id=scheduled__2023-12-22T04:00:00+00:00/task_id=Create_Table'
[2023-12-28T16:52:46.682+0000] {task_command.py:416} INFO - Running <TaskInstance: air_quality.Create_Table scheduled__2023-12-22T04:00:00+00:00 [running]> on host d67dd4682ccf
[2023-12-28T16:52:46.990+0000] {taskinstance.py:1662} INFO - Exporting env vars: AIRFLOW_CTX_DAG_OWNER='ghifari' AIRFLOW_CTX_DAG_ID='air_quality' AIRFLOW_CTX_TASK_ID='Create_Table' AIRFLOW_CTX_EXECUTION_DATE='2023-12-22T04:00:00+00:00' AIRFLOW_CTX_TRY_NUMBER='1' AIRFLOW_CTX_DAG_RUN_ID='scheduled__2023-12-22T04:00:00+00:00'
[2023-12-28T16:52:47.012+0000] {base.py:73} INFO - Using connection ID 'neonServerDB-Postgres' for task execution.
[2023-12-28T16:52:51.230+0000] {airQuality.py:139} INFO - Table air_quality Already Exist
[2023-12-28T16:52:51.253+0000] {python.py:194} INFO - Done. Returned value was: 
        CREATE TABLE air_quality (
            id serial primary key, 
            city varchar(250),
            country varchar(250), 
            unit varchar(20), 
            last_value float8, 
            lat float8,
            lng float8
        )
    
[2023-12-28T16:52:51.282+0000] {taskinstance.py:1400} INFO - Marking task as SUCCESS. dag_id=air_quality, task_id=Create_Table, execution_date=20231222T040000, start_date=20231228T165246, end_date=20231228T165251
[2023-12-28T16:52:51.331+0000] {local_task_job_runner.py:228} INFO - Task exited with return code 0
[2023-12-28T16:52:51.362+0000] {taskinstance.py:2778} INFO - 1 downstream tasks scheduled from follow-on schedule check
[2023-12-28T16:55:16.791+0000] {logging_mixin.py:154} INFO - Changing /opt/***/logs/dag_id=air_quality/run_id=scheduled__2023-12-22T04:00:00+00:00/task_id=Create_Table permission to 509
[2023-12-28T16:55:16.797+0000] {logging_mixin.py:154} INFO - Failed to change /opt/***/logs/dag_id=air_quality/run_id=scheduled__2023-12-22T04:00:00+00:00/task_id=Create_Table permission to 509: [Errno 1] Operation not permitted: '/opt/***/logs/dag_id=air_quality/run_id=scheduled__2023-12-22T04:00:00+00:00/task_id=Create_Table'
[2023-12-28T16:55:16.978+0000] {logging_mixin.py:154} INFO - Changing /opt/***/logs/dag_id=air_quality/run_id=scheduled__2023-12-22T04:00:00+00:00/task_id=Create_Table permission to 509
[2023-12-28T16:55:16.979+0000] {logging_mixin.py:154} INFO - Failed to change /opt/***/logs/dag_id=air_quality/run_id=scheduled__2023-12-22T04:00:00+00:00/task_id=Create_Table permission to 509: [Errno 1] Operation not permitted: '/opt/***/logs/dag_id=air_quality/run_id=scheduled__2023-12-22T04:00:00+00:00/task_id=Create_Table'
[2023-12-28T16:55:17.134+0000] {taskinstance.py:1159} INFO - Dependencies all met for dep_context=non-requeueable deps ti=<TaskInstance: air_quality.Create_Table scheduled__2023-12-22T04:00:00+00:00 [queued]>
[2023-12-28T16:55:17.215+0000] {taskinstance.py:1159} INFO - Dependencies all met for dep_context=requeueable deps ti=<TaskInstance: air_quality.Create_Table scheduled__2023-12-22T04:00:00+00:00 [queued]>
[2023-12-28T16:55:17.222+0000] {taskinstance.py:1361} INFO - Starting attempt 1 of 2
[2023-12-28T16:55:17.325+0000] {taskinstance.py:1382} INFO - Executing <Task(PythonOperator): Create_Table> on 2023-12-22 04:00:00+00:00
[2023-12-28T16:55:17.334+0000] {standard_task_runner.py:57} INFO - Started process 1373 to run task
[2023-12-28T16:55:17.342+0000] {standard_task_runner.py:84} INFO - Running: ['***', 'tasks', 'run', 'air_quality', 'Create_Table', 'scheduled__2023-12-22T04:00:00+00:00', '--job-id', '1169', '--raw', '--subdir', 'DAGS_FOLDER/airQuality.py', '--cfg-path', '/tmp/tmpqkqk_9e_']
[2023-12-28T16:55:17.358+0000] {standard_task_runner.py:85} INFO - Job 1169: Subtask Create_Table
[2023-12-28T16:55:17.540+0000] {logging_mixin.py:154} INFO - Changing /opt/***/logs/dag_id=air_quality/run_id=scheduled__2023-12-22T04:00:00+00:00/task_id=Create_Table permission to 509
[2023-12-28T16:55:17.542+0000] {logging_mixin.py:154} INFO - Failed to change /opt/***/logs/dag_id=air_quality/run_id=scheduled__2023-12-22T04:00:00+00:00/task_id=Create_Table permission to 509: [Errno 1] Operation not permitted: '/opt/***/logs/dag_id=air_quality/run_id=scheduled__2023-12-22T04:00:00+00:00/task_id=Create_Table'
[2023-12-28T16:55:17.558+0000] {task_command.py:416} INFO - Running <TaskInstance: air_quality.Create_Table scheduled__2023-12-22T04:00:00+00:00 [running]> on host d67dd4682ccf
[2023-12-28T16:55:18.270+0000] {taskinstance.py:1662} INFO - Exporting env vars: AIRFLOW_CTX_DAG_OWNER='ghifari' AIRFLOW_CTX_DAG_ID='air_quality' AIRFLOW_CTX_TASK_ID='Create_Table' AIRFLOW_CTX_EXECUTION_DATE='2023-12-22T04:00:00+00:00' AIRFLOW_CTX_TRY_NUMBER='1' AIRFLOW_CTX_DAG_RUN_ID='scheduled__2023-12-22T04:00:00+00:00'
[2023-12-28T16:55:18.404+0000] {base.py:73} INFO - Using connection ID 'neonServerDB-Postgres' for task execution.
[2023-12-28T16:55:18.769+0000] {airQuality.py:139} INFO - Table air_quality Already Exist
[2023-12-28T16:55:18.836+0000] {python.py:194} INFO - Done. Returned value was: 
        CREATE TABLE air_quality (
            id serial primary key, 
            city varchar(250),
            country varchar(250), 
            unit varchar(20), 
            last_value float8, 
            lat float8,
            lng float8
        )
    
[2023-12-28T16:55:18.991+0000] {taskinstance.py:1400} INFO - Marking task as SUCCESS. dag_id=air_quality, task_id=Create_Table, execution_date=20231222T040000, start_date=20231228T165517, end_date=20231228T165518
[2023-12-28T16:55:19.073+0000] {local_task_job_runner.py:228} INFO - Task exited with return code 0
[2023-12-28T16:55:19.236+0000] {taskinstance.py:2778} INFO - 1 downstream tasks scheduled from follow-on schedule check
