[2023-12-28T16:08:53.928+0000] {logging_mixin.py:154} INFO - Changing /opt/***/logs/dag_id=air_quality/run_id=scheduled__2023-12-27T04:00:00+00:00/task_id=Check_Response permission to 509
[2023-12-28T16:08:53.933+0000] {logging_mixin.py:154} INFO - Failed to change /opt/***/logs/dag_id=air_quality/run_id=scheduled__2023-12-27T04:00:00+00:00/task_id=Check_Response permission to 509: [Errno 1] Operation not permitted: '/opt/***/logs/dag_id=air_quality/run_id=scheduled__2023-12-27T04:00:00+00:00/task_id=Check_Response'
[2023-12-28T16:08:54.182+0000] {logging_mixin.py:154} INFO - Changing /opt/***/logs/dag_id=air_quality/run_id=scheduled__2023-12-27T04:00:00+00:00/task_id=Check_Response permission to 509
[2023-12-28T16:08:54.201+0000] {logging_mixin.py:154} INFO - Failed to change /opt/***/logs/dag_id=air_quality/run_id=scheduled__2023-12-27T04:00:00+00:00/task_id=Check_Response permission to 509: [Errno 1] Operation not permitted: '/opt/***/logs/dag_id=air_quality/run_id=scheduled__2023-12-27T04:00:00+00:00/task_id=Check_Response'
[2023-12-28T16:08:54.546+0000] {taskinstance.py:1159} INFO - Dependencies all met for dep_context=non-requeueable deps ti=<TaskInstance: air_quality.Check_Response scheduled__2023-12-27T04:00:00+00:00 [queued]>
[2023-12-28T16:08:54.633+0000] {taskinstance.py:1159} INFO - Dependencies all met for dep_context=requeueable deps ti=<TaskInstance: air_quality.Check_Response scheduled__2023-12-27T04:00:00+00:00 [queued]>
[2023-12-28T16:08:54.641+0000] {taskinstance.py:1361} INFO - Starting attempt 1 of 2
[2023-12-28T16:08:54.831+0000] {taskinstance.py:1382} INFO - Executing <Task(BranchPythonOperator): Check_Response> on 2023-12-27 04:00:00+00:00
[2023-12-28T16:08:54.855+0000] {standard_task_runner.py:57} INFO - Started process 527 to run task
[2023-12-28T16:08:54.881+0000] {standard_task_runner.py:84} INFO - Running: ['***', 'tasks', 'run', 'air_quality', 'Check_Response', 'scheduled__2023-12-27T04:00:00+00:00', '--job-id', '756', '--raw', '--subdir', 'DAGS_FOLDER/airQuality.py', '--cfg-path', '/tmp/tmpyxxep80i']
[2023-12-28T16:08:54.890+0000] {standard_task_runner.py:85} INFO - Job 756: Subtask Check_Response
[2023-12-28T16:08:55.195+0000] {logging_mixin.py:154} INFO - Changing /opt/***/logs/dag_id=air_quality/run_id=scheduled__2023-12-27T04:00:00+00:00/task_id=Check_Response permission to 509
[2023-12-28T16:08:55.199+0000] {logging_mixin.py:154} INFO - Failed to change /opt/***/logs/dag_id=air_quality/run_id=scheduled__2023-12-27T04:00:00+00:00/task_id=Check_Response permission to 509: [Errno 1] Operation not permitted: '/opt/***/logs/dag_id=air_quality/run_id=scheduled__2023-12-27T04:00:00+00:00/task_id=Check_Response'
[2023-12-28T16:08:55.225+0000] {task_command.py:416} INFO - Running <TaskInstance: air_quality.Check_Response scheduled__2023-12-27T04:00:00+00:00 [running]> on host d67dd4682ccf
[2023-12-28T16:08:55.750+0000] {taskinstance.py:1662} INFO - Exporting env vars: AIRFLOW_CTX_DAG_OWNER='ghifari' AIRFLOW_CTX_DAG_ID='air_quality' AIRFLOW_CTX_TASK_ID='Check_Response' AIRFLOW_CTX_EXECUTION_DATE='2023-12-27T04:00:00+00:00' AIRFLOW_CTX_TRY_NUMBER='1' AIRFLOW_CTX_DAG_RUN_ID='scheduled__2023-12-27T04:00:00+00:00'
[2023-12-28T16:08:55.849+0000] {airQuality.py:90} INFO - Data Found: {'city': ['Jakarta'], 'country': ['ID'], 'unit': ['pm25'], 'last_value': [-999.0], 'lat': [-6.182536], 'lng': [106.834236]}
[2023-12-28T16:08:55.863+0000] {python.py:194} INFO - Done. Returned value was: Transform
[2023-12-28T16:08:55.878+0000] {python.py:227} INFO - Branch callable return Transform
[2023-12-28T16:08:55.889+0000] {skipmixin.py:173} INFO - Following branch Transform
[2023-12-28T16:08:56.068+0000] {skipmixin.py:239} INFO - Skipping tasks [('Error_Response', -1)]
[2023-12-28T16:08:56.508+0000] {taskinstance.py:1400} INFO - Marking task as SUCCESS. dag_id=air_quality, task_id=Check_Response, execution_date=20231227T040000, start_date=20231228T160854, end_date=20231228T160856
[2023-12-28T16:08:56.635+0000] {local_task_job_runner.py:228} INFO - Task exited with return code 0
[2023-12-28T16:08:57.358+0000] {taskinstance.py:2778} INFO - 0 downstream tasks scheduled from follow-on schedule check
[2023-12-28T16:52:42.154+0000] {logging_mixin.py:154} INFO - Changing /opt/***/logs/dag_id=air_quality/run_id=scheduled__2023-12-27T04:00:00+00:00/task_id=Check_Response permission to 509
[2023-12-28T16:52:42.174+0000] {logging_mixin.py:154} INFO - Failed to change /opt/***/logs/dag_id=air_quality/run_id=scheduled__2023-12-27T04:00:00+00:00/task_id=Check_Response permission to 509: [Errno 1] Operation not permitted: '/opt/***/logs/dag_id=air_quality/run_id=scheduled__2023-12-27T04:00:00+00:00/task_id=Check_Response'
[2023-12-28T16:52:42.362+0000] {logging_mixin.py:154} INFO - Changing /opt/***/logs/dag_id=air_quality/run_id=scheduled__2023-12-27T04:00:00+00:00/task_id=Check_Response permission to 509
[2023-12-28T16:52:42.364+0000] {logging_mixin.py:154} INFO - Failed to change /opt/***/logs/dag_id=air_quality/run_id=scheduled__2023-12-27T04:00:00+00:00/task_id=Check_Response permission to 509: [Errno 1] Operation not permitted: '/opt/***/logs/dag_id=air_quality/run_id=scheduled__2023-12-27T04:00:00+00:00/task_id=Check_Response'
[2023-12-28T16:52:42.467+0000] {taskinstance.py:1159} INFO - Dependencies all met for dep_context=non-requeueable deps ti=<TaskInstance: air_quality.Check_Response scheduled__2023-12-27T04:00:00+00:00 [queued]>
[2023-12-28T16:52:42.493+0000] {taskinstance.py:1159} INFO - Dependencies all met for dep_context=requeueable deps ti=<TaskInstance: air_quality.Check_Response scheduled__2023-12-27T04:00:00+00:00 [queued]>
[2023-12-28T16:52:42.496+0000] {taskinstance.py:1361} INFO - Starting attempt 1 of 2
[2023-12-28T16:52:42.547+0000] {taskinstance.py:1382} INFO - Executing <Task(BranchPythonOperator): Check_Response> on 2023-12-27 04:00:00+00:00
[2023-12-28T16:52:42.556+0000] {standard_task_runner.py:57} INFO - Started process 652 to run task
[2023-12-28T16:52:42.597+0000] {standard_task_runner.py:84} INFO - Running: ['***', 'tasks', 'run', 'air_quality', 'Check_Response', 'scheduled__2023-12-27T04:00:00+00:00', '--job-id', '978', '--raw', '--subdir', 'DAGS_FOLDER/airQuality.py', '--cfg-path', '/tmp/tmpkhq12n1j']
[2023-12-28T16:52:42.622+0000] {standard_task_runner.py:85} INFO - Job 978: Subtask Check_Response
[2023-12-28T16:52:42.839+0000] {logging_mixin.py:154} INFO - Changing /opt/***/logs/dag_id=air_quality/run_id=scheduled__2023-12-27T04:00:00+00:00/task_id=Check_Response permission to 509
[2023-12-28T16:52:42.852+0000] {logging_mixin.py:154} INFO - Failed to change /opt/***/logs/dag_id=air_quality/run_id=scheduled__2023-12-27T04:00:00+00:00/task_id=Check_Response permission to 509: [Errno 1] Operation not permitted: '/opt/***/logs/dag_id=air_quality/run_id=scheduled__2023-12-27T04:00:00+00:00/task_id=Check_Response'
[2023-12-28T16:52:42.862+0000] {task_command.py:416} INFO - Running <TaskInstance: air_quality.Check_Response scheduled__2023-12-27T04:00:00+00:00 [running]> on host d67dd4682ccf
[2023-12-28T16:52:43.147+0000] {taskinstance.py:1662} INFO - Exporting env vars: AIRFLOW_CTX_DAG_OWNER='ghifari' AIRFLOW_CTX_DAG_ID='air_quality' AIRFLOW_CTX_TASK_ID='Check_Response' AIRFLOW_CTX_EXECUTION_DATE='2023-12-27T04:00:00+00:00' AIRFLOW_CTX_TRY_NUMBER='1' AIRFLOW_CTX_DAG_RUN_ID='scheduled__2023-12-27T04:00:00+00:00'
[2023-12-28T16:52:43.190+0000] {airQuality.py:90} INFO - Data Found: {'city': ['Jakarta'], 'country': ['ID'], 'unit': ['o3'], 'last_value': [-0.999], 'lat': [-6.182536], 'lng': [106.834236]}
[2023-12-28T16:52:43.195+0000] {python.py:194} INFO - Done. Returned value was: Transform
[2023-12-28T16:52:43.202+0000] {python.py:227} INFO - Branch callable return Transform
[2023-12-28T16:52:43.204+0000] {skipmixin.py:173} INFO - Following branch Transform
[2023-12-28T16:52:43.250+0000] {skipmixin.py:239} INFO - Skipping tasks [('Error_Response', -1)]
[2023-12-28T16:52:43.355+0000] {taskinstance.py:1400} INFO - Marking task as SUCCESS. dag_id=air_quality, task_id=Check_Response, execution_date=20231227T040000, start_date=20231228T165242, end_date=20231228T165243
[2023-12-28T16:52:43.427+0000] {local_task_job_runner.py:228} INFO - Task exited with return code 0
[2023-12-28T16:52:43.499+0000] {taskinstance.py:2778} INFO - 1 downstream tasks scheduled from follow-on schedule check
[2023-12-28T16:55:33.864+0000] {logging_mixin.py:154} INFO - Changing /opt/***/logs/dag_id=air_quality/run_id=scheduled__2023-12-27T04:00:00+00:00/task_id=Check_Response permission to 509
[2023-12-28T16:55:33.867+0000] {logging_mixin.py:154} INFO - Failed to change /opt/***/logs/dag_id=air_quality/run_id=scheduled__2023-12-27T04:00:00+00:00/task_id=Check_Response permission to 509: [Errno 1] Operation not permitted: '/opt/***/logs/dag_id=air_quality/run_id=scheduled__2023-12-27T04:00:00+00:00/task_id=Check_Response'
[2023-12-28T16:55:34.050+0000] {logging_mixin.py:154} INFO - Changing /opt/***/logs/dag_id=air_quality/run_id=scheduled__2023-12-27T04:00:00+00:00/task_id=Check_Response permission to 509
[2023-12-28T16:55:34.052+0000] {logging_mixin.py:154} INFO - Failed to change /opt/***/logs/dag_id=air_quality/run_id=scheduled__2023-12-27T04:00:00+00:00/task_id=Check_Response permission to 509: [Errno 1] Operation not permitted: '/opt/***/logs/dag_id=air_quality/run_id=scheduled__2023-12-27T04:00:00+00:00/task_id=Check_Response'
[2023-12-28T16:55:34.201+0000] {taskinstance.py:1159} INFO - Dependencies all met for dep_context=non-requeueable deps ti=<TaskInstance: air_quality.Check_Response scheduled__2023-12-27T04:00:00+00:00 [queued]>
[2023-12-28T16:55:34.237+0000] {taskinstance.py:1159} INFO - Dependencies all met for dep_context=requeueable deps ti=<TaskInstance: air_quality.Check_Response scheduled__2023-12-27T04:00:00+00:00 [queued]>
[2023-12-28T16:55:34.238+0000] {taskinstance.py:1361} INFO - Starting attempt 1 of 2
[2023-12-28T16:55:34.282+0000] {taskinstance.py:1382} INFO - Executing <Task(BranchPythonOperator): Check_Response> on 2023-12-27 04:00:00+00:00
[2023-12-28T16:55:34.296+0000] {standard_task_runner.py:57} INFO - Started process 1591 to run task
[2023-12-28T16:55:34.306+0000] {standard_task_runner.py:84} INFO - Running: ['***', 'tasks', 'run', 'air_quality', 'Check_Response', 'scheduled__2023-12-27T04:00:00+00:00', '--job-id', '1194', '--raw', '--subdir', 'DAGS_FOLDER/airQuality.py', '--cfg-path', '/tmp/tmp7og6626m']
[2023-12-28T16:55:34.309+0000] {standard_task_runner.py:85} INFO - Job 1194: Subtask Check_Response
[2023-12-28T16:55:34.583+0000] {logging_mixin.py:154} INFO - Changing /opt/***/logs/dag_id=air_quality/run_id=scheduled__2023-12-27T04:00:00+00:00/task_id=Check_Response permission to 509
[2023-12-28T16:55:34.585+0000] {logging_mixin.py:154} INFO - Failed to change /opt/***/logs/dag_id=air_quality/run_id=scheduled__2023-12-27T04:00:00+00:00/task_id=Check_Response permission to 509: [Errno 1] Operation not permitted: '/opt/***/logs/dag_id=air_quality/run_id=scheduled__2023-12-27T04:00:00+00:00/task_id=Check_Response'
[2023-12-28T16:55:34.594+0000] {task_command.py:416} INFO - Running <TaskInstance: air_quality.Check_Response scheduled__2023-12-27T04:00:00+00:00 [running]> on host d67dd4682ccf
[2023-12-28T16:55:35.031+0000] {taskinstance.py:1662} INFO - Exporting env vars: AIRFLOW_CTX_DAG_OWNER='ghifari' AIRFLOW_CTX_DAG_ID='air_quality' AIRFLOW_CTX_TASK_ID='Check_Response' AIRFLOW_CTX_EXECUTION_DATE='2023-12-27T04:00:00+00:00' AIRFLOW_CTX_TRY_NUMBER='1' AIRFLOW_CTX_DAG_RUN_ID='scheduled__2023-12-27T04:00:00+00:00'
[2023-12-28T16:55:35.073+0000] {airQuality.py:90} INFO - Data Found: {'city': ['Jakarta'], 'country': ['ID'], 'unit': ['o3'], 'last_value': [-0.999], 'lat': [-6.182536], 'lng': [106.834236]}
[2023-12-28T16:55:35.074+0000] {python.py:194} INFO - Done. Returned value was: Transform
[2023-12-28T16:55:35.075+0000] {python.py:227} INFO - Branch callable return Transform
[2023-12-28T16:55:35.077+0000] {skipmixin.py:173} INFO - Following branch Transform
[2023-12-28T16:55:35.129+0000] {skipmixin.py:239} INFO - Skipping tasks [('Error_Response', -1)]
[2023-12-28T16:55:35.258+0000] {taskinstance.py:1400} INFO - Marking task as SUCCESS. dag_id=air_quality, task_id=Check_Response, execution_date=20231227T040000, start_date=20231228T165534, end_date=20231228T165535
[2023-12-28T16:55:35.369+0000] {local_task_job_runner.py:228} INFO - Task exited with return code 0
[2023-12-28T16:55:35.685+0000] {taskinstance.py:2778} INFO - 0 downstream tasks scheduled from follow-on schedule check
