[2023-12-17T12:17:30.885+0000] {logging_mixin.py:154} INFO - Changing /opt/***/logs/dag_id=air_quality/run_id=scheduled__2023-12-06T04:00:00+00:00/task_id=Check_Response permission to 509
[2023-12-17T12:17:30.889+0000] {logging_mixin.py:154} INFO - Failed to change /opt/***/logs/dag_id=air_quality/run_id=scheduled__2023-12-06T04:00:00+00:00/task_id=Check_Response permission to 509: [Errno 1] Operation not permitted: '/opt/***/logs/dag_id=air_quality/run_id=scheduled__2023-12-06T04:00:00+00:00/task_id=Check_Response'
[2023-12-17T12:17:31.065+0000] {logging_mixin.py:154} INFO - Changing /opt/***/logs/dag_id=air_quality/run_id=scheduled__2023-12-06T04:00:00+00:00/task_id=Check_Response permission to 509
[2023-12-17T12:17:31.070+0000] {logging_mixin.py:154} INFO - Failed to change /opt/***/logs/dag_id=air_quality/run_id=scheduled__2023-12-06T04:00:00+00:00/task_id=Check_Response permission to 509: [Errno 1] Operation not permitted: '/opt/***/logs/dag_id=air_quality/run_id=scheduled__2023-12-06T04:00:00+00:00/task_id=Check_Response'
[2023-12-17T12:17:31.220+0000] {taskinstance.py:1159} INFO - Dependencies all met for dep_context=non-requeueable deps ti=<TaskInstance: air_quality.Check_Response scheduled__2023-12-06T04:00:00+00:00 [queued]>
[2023-12-17T12:17:31.255+0000] {taskinstance.py:1159} INFO - Dependencies all met for dep_context=requeueable deps ti=<TaskInstance: air_quality.Check_Response scheduled__2023-12-06T04:00:00+00:00 [queued]>
[2023-12-17T12:17:31.257+0000] {taskinstance.py:1361} INFO - Starting attempt 2 of 3
[2023-12-17T12:17:31.305+0000] {taskinstance.py:1382} INFO - Executing <Task(BranchPythonOperator): Check_Response> on 2023-12-06 04:00:00+00:00
[2023-12-17T12:17:31.317+0000] {standard_task_runner.py:57} INFO - Started process 3699 to run task
[2023-12-17T12:17:31.354+0000] {standard_task_runner.py:84} INFO - Running: ['***', 'tasks', 'run', 'air_quality', 'Check_Response', 'scheduled__2023-12-06T04:00:00+00:00', '--job-id', '509', '--raw', '--subdir', 'DAGS_FOLDER/airQuality.py', '--cfg-path', '/tmp/tmp17y5r4q8']
[2023-12-17T12:17:31.367+0000] {standard_task_runner.py:85} INFO - Job 509: Subtask Check_Response
[2023-12-17T12:17:31.501+0000] {logging_mixin.py:154} INFO - Changing /opt/***/logs/dag_id=air_quality/run_id=scheduled__2023-12-06T04:00:00+00:00/task_id=Check_Response permission to 509
[2023-12-17T12:17:31.503+0000] {logging_mixin.py:154} INFO - Failed to change /opt/***/logs/dag_id=air_quality/run_id=scheduled__2023-12-06T04:00:00+00:00/task_id=Check_Response permission to 509: [Errno 1] Operation not permitted: '/opt/***/logs/dag_id=air_quality/run_id=scheduled__2023-12-06T04:00:00+00:00/task_id=Check_Response'
[2023-12-17T12:17:31.509+0000] {task_command.py:416} INFO - Running <TaskInstance: air_quality.Check_Response scheduled__2023-12-06T04:00:00+00:00 [running]> on host 1a58977f5573
[2023-12-17T12:17:31.664+0000] {taskinstance.py:1662} INFO - Exporting env vars: AIRFLOW_CTX_DAG_OWNER='ghifari' AIRFLOW_CTX_DAG_ID='air_quality' AIRFLOW_CTX_TASK_ID='Check_Response' AIRFLOW_CTX_EXECUTION_DATE='2023-12-06T04:00:00+00:00' AIRFLOW_CTX_TRY_NUMBER='2' AIRFLOW_CTX_DAG_RUN_ID='scheduled__2023-12-06T04:00:00+00:00'
[2023-12-17T12:17:31.681+0000] {airQuality.py:112} INFO - Data Found: {'city': ['Jakarta'], 'country': ['ID'], 'unit': ['pm25'], 'last_value': [-999.0], 'lat': [-6.182536], 'lng': [106.834236]}
[2023-12-17T12:17:31.684+0000] {python.py:194} INFO - Done. Returned value was: Transform
[2023-12-17T12:17:31.685+0000] {python.py:227} INFO - Branch callable return Transform
[2023-12-17T12:17:31.686+0000] {skipmixin.py:173} INFO - Following branch Transform
[2023-12-17T12:17:31.737+0000] {skipmixin.py:239} INFO - Skipping tasks [('Error_Response', -1)]
[2023-12-17T12:17:31.943+0000] {taskinstance.py:1400} INFO - Marking task as SUCCESS. dag_id=air_quality, task_id=Check_Response, execution_date=20231206T040000, start_date=20231217T121731, end_date=20231217T121731
[2023-12-17T12:17:32.015+0000] {local_task_job_runner.py:228} INFO - Task exited with return code 0
[2023-12-17T12:17:32.127+0000] {taskinstance.py:2778} INFO - 1 downstream tasks scheduled from follow-on schedule check
