[2023-12-14T15:10:11.016+0000] {logging_mixin.py:154} INFO - Changing /opt/***/logs/dag_id=air_quality/run_id=manual__2023-12-14T15:05:08.992376+00:00/task_id=ETL permission to 509
[2023-12-14T15:10:11.018+0000] {logging_mixin.py:154} INFO - Failed to change /opt/***/logs/dag_id=air_quality/run_id=manual__2023-12-14T15:05:08.992376+00:00/task_id=ETL permission to 509: [Errno 1] Operation not permitted: '/opt/***/logs/dag_id=air_quality/run_id=manual__2023-12-14T15:05:08.992376+00:00/task_id=ETL'
[2023-12-14T15:10:11.069+0000] {logging_mixin.py:154} INFO - Changing /opt/***/logs/dag_id=air_quality/run_id=manual__2023-12-14T15:05:08.992376+00:00/task_id=ETL permission to 509
[2023-12-14T15:10:11.070+0000] {logging_mixin.py:154} INFO - Failed to change /opt/***/logs/dag_id=air_quality/run_id=manual__2023-12-14T15:05:08.992376+00:00/task_id=ETL permission to 509: [Errno 1] Operation not permitted: '/opt/***/logs/dag_id=air_quality/run_id=manual__2023-12-14T15:05:08.992376+00:00/task_id=ETL'
[2023-12-14T15:10:11.118+0000] {taskinstance.py:1159} INFO - Dependencies all met for dep_context=non-requeueable deps ti=<TaskInstance: air_quality.ETL manual__2023-12-14T15:05:08.992376+00:00 [queued]>
[2023-12-14T15:10:11.131+0000] {taskinstance.py:1159} INFO - Dependencies all met for dep_context=requeueable deps ti=<TaskInstance: air_quality.ETL manual__2023-12-14T15:05:08.992376+00:00 [queued]>
[2023-12-14T15:10:11.131+0000] {taskinstance.py:1361} INFO - Starting attempt 2 of 2
[2023-12-14T15:10:11.151+0000] {taskinstance.py:1382} INFO - Executing <Task(PythonOperator): ETL> on 2023-12-14 15:05:08.992376+00:00
[2023-12-14T15:10:11.156+0000] {standard_task_runner.py:57} INFO - Started process 3245 to run task
[2023-12-14T15:10:11.160+0000] {standard_task_runner.py:84} INFO - Running: ['***', 'tasks', 'run', 'air_quality', 'ETL', 'manual__2023-12-14T15:05:08.992376+00:00', '--job-id', '50', '--raw', '--subdir', 'DAGS_FOLDER/airQuality.py', '--cfg-path', '/tmp/tmpohbx1kma']
[2023-12-14T15:10:11.163+0000] {standard_task_runner.py:85} INFO - Job 50: Subtask ETL
[2023-12-14T15:10:11.227+0000] {logging_mixin.py:154} INFO - Changing /opt/***/logs/dag_id=air_quality/run_id=manual__2023-12-14T15:05:08.992376+00:00/task_id=ETL permission to 509
[2023-12-14T15:10:11.228+0000] {logging_mixin.py:154} INFO - Failed to change /opt/***/logs/dag_id=air_quality/run_id=manual__2023-12-14T15:05:08.992376+00:00/task_id=ETL permission to 509: [Errno 1] Operation not permitted: '/opt/***/logs/dag_id=air_quality/run_id=manual__2023-12-14T15:05:08.992376+00:00/task_id=ETL'
[2023-12-14T15:10:11.231+0000] {task_command.py:416} INFO - Running <TaskInstance: air_quality.ETL manual__2023-12-14T15:05:08.992376+00:00 [running]> on host d739bc9bef06
[2023-12-14T15:10:11.325+0000] {taskinstance.py:1662} INFO - Exporting env vars: AIRFLOW_CTX_DAG_OWNER='ghifari' AIRFLOW_CTX_DAG_ID='air_quality' AIRFLOW_CTX_TASK_ID='ETL' AIRFLOW_CTX_EXECUTION_DATE='2023-12-14T15:05:08.992376+00:00' AIRFLOW_CTX_TRY_NUMBER='2' AIRFLOW_CTX_DAG_RUN_ID='manual__2023-12-14T15:05:08.992376+00:00'
[2023-12-14T15:10:11.327+0000] {taskinstance.py:1937} ERROR - Task failed with exception
Traceback (most recent call last):
  File "/home/airflow/.local/lib/python3.8/site-packages/airflow/operators/python.py", line 190, in execute
    self.op_kwargs = self.determine_kwargs(context)
  File "/home/airflow/.local/lib/python3.8/site-packages/airflow/operators/python.py", line 201, in determine_kwargs
    return KeywordParameters.determine(self.python_callable, self.op_args, context).unpacking()
  File "/home/airflow/.local/lib/python3.8/site-packages/airflow/utils/operator_helpers.py", line 163, in determine
    raise ValueError(f"The key {name!r} in args is a part of kwargs and therefore reserved.")
ValueError: The key 'params' in args is a part of kwargs and therefore reserved.
[2023-12-14T15:10:11.342+0000] {taskinstance.py:1400} INFO - Marking task as FAILED. dag_id=air_quality, task_id=ETL, execution_date=20231214T150508, start_date=20231214T151011, end_date=20231214T151011
[2023-12-14T15:10:11.358+0000] {standard_task_runner.py:104} ERROR - Failed to execute job 50 for task ETL (The key 'params' in args is a part of kwargs and therefore reserved.; 3245)
[2023-12-14T15:10:11.374+0000] {local_task_job_runner.py:228} INFO - Task exited with return code 1
[2023-12-14T15:10:11.409+0000] {taskinstance.py:2778} INFO - 0 downstream tasks scheduled from follow-on schedule check
