[2023-12-28T16:09:20.114+0000] {logging_mixin.py:154} INFO - Changing /opt/***/logs/dag_id=air_quality/run_id=scheduled__2023-12-25T04:00:00+00:00/task_id=Insert_Data permission to 509
[2023-12-28T16:09:20.116+0000] {logging_mixin.py:154} INFO - Failed to change /opt/***/logs/dag_id=air_quality/run_id=scheduled__2023-12-25T04:00:00+00:00/task_id=Insert_Data permission to 509: [Errno 1] Operation not permitted: '/opt/***/logs/dag_id=air_quality/run_id=scheduled__2023-12-25T04:00:00+00:00/task_id=Insert_Data'
[2023-12-28T16:09:20.175+0000] {logging_mixin.py:154} INFO - Changing /opt/***/logs/dag_id=air_quality/run_id=scheduled__2023-12-25T04:00:00+00:00/task_id=Insert_Data permission to 509
[2023-12-28T16:09:20.177+0000] {logging_mixin.py:154} INFO - Failed to change /opt/***/logs/dag_id=air_quality/run_id=scheduled__2023-12-25T04:00:00+00:00/task_id=Insert_Data permission to 509: [Errno 1] Operation not permitted: '/opt/***/logs/dag_id=air_quality/run_id=scheduled__2023-12-25T04:00:00+00:00/task_id=Insert_Data'
[2023-12-28T16:09:20.261+0000] {taskinstance.py:1159} INFO - Dependencies all met for dep_context=non-requeueable deps ti=<TaskInstance: air_quality.Insert_Data scheduled__2023-12-25T04:00:00+00:00 [queued]>
[2023-12-28T16:09:20.292+0000] {taskinstance.py:1159} INFO - Dependencies all met for dep_context=requeueable deps ti=<TaskInstance: air_quality.Insert_Data scheduled__2023-12-25T04:00:00+00:00 [queued]>
[2023-12-28T16:09:20.293+0000] {taskinstance.py:1361} INFO - Starting attempt 1 of 2
[2023-12-28T16:09:20.321+0000] {taskinstance.py:1382} INFO - Executing <Task(PythonOperator): Insert_Data> on 2023-12-25 04:00:00+00:00
[2023-12-28T16:09:20.328+0000] {standard_task_runner.py:57} INFO - Started process 632 to run task
[2023-12-28T16:09:20.336+0000] {standard_task_runner.py:84} INFO - Running: ['***', 'tasks', 'run', 'air_quality', 'Insert_Data', 'scheduled__2023-12-25T04:00:00+00:00', '--job-id', '785', '--raw', '--subdir', 'DAGS_FOLDER/airQuality.py', '--cfg-path', '/tmp/tmpuobxyk1f']
[2023-12-28T16:09:20.339+0000] {standard_task_runner.py:85} INFO - Job 785: Subtask Insert_Data
[2023-12-28T16:09:20.448+0000] {logging_mixin.py:154} INFO - Changing /opt/***/logs/dag_id=air_quality/run_id=scheduled__2023-12-25T04:00:00+00:00/task_id=Insert_Data permission to 509
[2023-12-28T16:09:20.449+0000] {logging_mixin.py:154} INFO - Failed to change /opt/***/logs/dag_id=air_quality/run_id=scheduled__2023-12-25T04:00:00+00:00/task_id=Insert_Data permission to 509: [Errno 1] Operation not permitted: '/opt/***/logs/dag_id=air_quality/run_id=scheduled__2023-12-25T04:00:00+00:00/task_id=Insert_Data'
[2023-12-28T16:09:20.453+0000] {task_command.py:416} INFO - Running <TaskInstance: air_quality.Insert_Data scheduled__2023-12-25T04:00:00+00:00 [running]> on host d67dd4682ccf
[2023-12-28T16:09:20.675+0000] {taskinstance.py:1662} INFO - Exporting env vars: AIRFLOW_CTX_DAG_OWNER='ghifari' AIRFLOW_CTX_DAG_ID='air_quality' AIRFLOW_CTX_TASK_ID='Insert_Data' AIRFLOW_CTX_EXECUTION_DATE='2023-12-25T04:00:00+00:00' AIRFLOW_CTX_TRY_NUMBER='1' AIRFLOW_CTX_DAG_RUN_ID='scheduled__2023-12-25T04:00:00+00:00'
[2023-12-28T16:09:21.643+0000] {logging_mixin.py:154} INFO - city           object
country        object
unit           object
last_value    float64
lat           float64
lng           float64
dtype: object
[2023-12-28T16:09:21.661+0000] {base.py:73} INFO - Using connection ID 'neonServerDB-Postgres' for task execution.
[2023-12-28T16:09:23.151+0000] {python.py:194} INFO - Done. Returned value was: None
[2023-12-28T16:09:23.204+0000] {taskinstance.py:1400} INFO - Marking task as SUCCESS. dag_id=air_quality, task_id=Insert_Data, execution_date=20231225T040000, start_date=20231228T160920, end_date=20231228T160923
[2023-12-28T16:09:23.325+0000] {local_task_job_runner.py:228} INFO - Task exited with return code 0
[2023-12-28T16:09:23.355+0000] {taskinstance.py:2778} INFO - 0 downstream tasks scheduled from follow-on schedule check
[2023-12-28T16:52:24.815+0000] {logging_mixin.py:154} INFO - Changing /opt/***/logs/dag_id=air_quality/run_id=scheduled__2023-12-25T04:00:00+00:00/task_id=Insert_Data permission to 509
[2023-12-28T16:52:24.823+0000] {logging_mixin.py:154} INFO - Failed to change /opt/***/logs/dag_id=air_quality/run_id=scheduled__2023-12-25T04:00:00+00:00/task_id=Insert_Data permission to 509: [Errno 1] Operation not permitted: '/opt/***/logs/dag_id=air_quality/run_id=scheduled__2023-12-25T04:00:00+00:00/task_id=Insert_Data'
[2023-12-28T16:52:24.903+0000] {logging_mixin.py:154} INFO - Changing /opt/***/logs/dag_id=air_quality/run_id=scheduled__2023-12-25T04:00:00+00:00/task_id=Insert_Data permission to 509
[2023-12-28T16:52:24.904+0000] {logging_mixin.py:154} INFO - Failed to change /opt/***/logs/dag_id=air_quality/run_id=scheduled__2023-12-25T04:00:00+00:00/task_id=Insert_Data permission to 509: [Errno 1] Operation not permitted: '/opt/***/logs/dag_id=air_quality/run_id=scheduled__2023-12-25T04:00:00+00:00/task_id=Insert_Data'
[2023-12-28T16:52:25.019+0000] {taskinstance.py:1159} INFO - Dependencies all met for dep_context=non-requeueable deps ti=<TaskInstance: air_quality.Insert_Data scheduled__2023-12-25T04:00:00+00:00 [queued]>
[2023-12-28T16:52:25.083+0000] {taskinstance.py:1159} INFO - Dependencies all met for dep_context=requeueable deps ti=<TaskInstance: air_quality.Insert_Data scheduled__2023-12-25T04:00:00+00:00 [queued]>
[2023-12-28T16:52:25.084+0000] {taskinstance.py:1361} INFO - Starting attempt 1 of 2
[2023-12-28T16:52:25.205+0000] {taskinstance.py:1382} INFO - Executing <Task(PythonOperator): Insert_Data> on 2023-12-25 04:00:00+00:00
[2023-12-28T16:52:25.215+0000] {standard_task_runner.py:57} INFO - Started process 528 to run task
[2023-12-28T16:52:25.224+0000] {standard_task_runner.py:84} INFO - Running: ['***', 'tasks', 'run', 'air_quality', 'Insert_Data', 'scheduled__2023-12-25T04:00:00+00:00', '--job-id', '950', '--raw', '--subdir', 'DAGS_FOLDER/airQuality.py', '--cfg-path', '/tmp/tmprvc2mi26']
[2023-12-28T16:52:25.227+0000] {standard_task_runner.py:85} INFO - Job 950: Subtask Insert_Data
[2023-12-28T16:52:25.419+0000] {logging_mixin.py:154} INFO - Changing /opt/***/logs/dag_id=air_quality/run_id=scheduled__2023-12-25T04:00:00+00:00/task_id=Insert_Data permission to 509
[2023-12-28T16:52:25.427+0000] {logging_mixin.py:154} INFO - Failed to change /opt/***/logs/dag_id=air_quality/run_id=scheduled__2023-12-25T04:00:00+00:00/task_id=Insert_Data permission to 509: [Errno 1] Operation not permitted: '/opt/***/logs/dag_id=air_quality/run_id=scheduled__2023-12-25T04:00:00+00:00/task_id=Insert_Data'
[2023-12-28T16:52:25.431+0000] {task_command.py:416} INFO - Running <TaskInstance: air_quality.Insert_Data scheduled__2023-12-25T04:00:00+00:00 [running]> on host d67dd4682ccf
[2023-12-28T16:52:25.740+0000] {taskinstance.py:1662} INFO - Exporting env vars: AIRFLOW_CTX_DAG_OWNER='ghifari' AIRFLOW_CTX_DAG_ID='air_quality' AIRFLOW_CTX_TASK_ID='Insert_Data' AIRFLOW_CTX_EXECUTION_DATE='2023-12-25T04:00:00+00:00' AIRFLOW_CTX_TRY_NUMBER='1' AIRFLOW_CTX_DAG_RUN_ID='scheduled__2023-12-25T04:00:00+00:00'
[2023-12-28T16:52:27.229+0000] {logging_mixin.py:154} INFO - city           object
country        object
unit           object
last_value    float64
lat           float64
lng           float64
dtype: object
[2023-12-28T16:52:27.276+0000] {base.py:73} INFO - Using connection ID 'neonServerDB-Postgres' for task execution.
[2023-12-28T16:52:28.397+0000] {python.py:194} INFO - Done. Returned value was: None
[2023-12-28T16:52:28.481+0000] {taskinstance.py:1400} INFO - Marking task as SUCCESS. dag_id=air_quality, task_id=Insert_Data, execution_date=20231225T040000, start_date=20231228T165225, end_date=20231228T165228
[2023-12-28T16:52:28.731+0000] {local_task_job_runner.py:228} INFO - Task exited with return code 0
[2023-12-28T16:52:28.828+0000] {taskinstance.py:2778} INFO - 0 downstream tasks scheduled from follow-on schedule check
[2023-12-28T16:55:50.651+0000] {logging_mixin.py:154} INFO - Changing /opt/***/logs/dag_id=air_quality/run_id=scheduled__2023-12-25T04:00:00+00:00/task_id=Insert_Data permission to 509
[2023-12-28T16:55:50.653+0000] {logging_mixin.py:154} INFO - Failed to change /opt/***/logs/dag_id=air_quality/run_id=scheduled__2023-12-25T04:00:00+00:00/task_id=Insert_Data permission to 509: [Errno 1] Operation not permitted: '/opt/***/logs/dag_id=air_quality/run_id=scheduled__2023-12-25T04:00:00+00:00/task_id=Insert_Data'
[2023-12-28T16:55:50.708+0000] {logging_mixin.py:154} INFO - Changing /opt/***/logs/dag_id=air_quality/run_id=scheduled__2023-12-25T04:00:00+00:00/task_id=Insert_Data permission to 509
[2023-12-28T16:55:50.709+0000] {logging_mixin.py:154} INFO - Failed to change /opt/***/logs/dag_id=air_quality/run_id=scheduled__2023-12-25T04:00:00+00:00/task_id=Insert_Data permission to 509: [Errno 1] Operation not permitted: '/opt/***/logs/dag_id=air_quality/run_id=scheduled__2023-12-25T04:00:00+00:00/task_id=Insert_Data'
[2023-12-28T16:55:50.846+0000] {taskinstance.py:1159} INFO - Dependencies all met for dep_context=non-requeueable deps ti=<TaskInstance: air_quality.Insert_Data scheduled__2023-12-25T04:00:00+00:00 [queued]>
[2023-12-28T16:55:50.890+0000] {taskinstance.py:1159} INFO - Dependencies all met for dep_context=requeueable deps ti=<TaskInstance: air_quality.Insert_Data scheduled__2023-12-25T04:00:00+00:00 [queued]>
[2023-12-28T16:55:50.892+0000] {taskinstance.py:1361} INFO - Starting attempt 1 of 2
[2023-12-28T16:55:50.925+0000] {taskinstance.py:1382} INFO - Executing <Task(PythonOperator): Insert_Data> on 2023-12-25 04:00:00+00:00
[2023-12-28T16:55:50.933+0000] {standard_task_runner.py:57} INFO - Started process 1649 to run task
[2023-12-28T16:55:50.943+0000] {standard_task_runner.py:84} INFO - Running: ['***', 'tasks', 'run', 'air_quality', 'Insert_Data', 'scheduled__2023-12-25T04:00:00+00:00', '--job-id', '1211', '--raw', '--subdir', 'DAGS_FOLDER/airQuality.py', '--cfg-path', '/tmp/tmpcbr0d22c']
[2023-12-28T16:55:50.946+0000] {standard_task_runner.py:85} INFO - Job 1211: Subtask Insert_Data
[2023-12-28T16:55:51.100+0000] {logging_mixin.py:154} INFO - Changing /opt/***/logs/dag_id=air_quality/run_id=scheduled__2023-12-25T04:00:00+00:00/task_id=Insert_Data permission to 509
[2023-12-28T16:55:51.102+0000] {logging_mixin.py:154} INFO - Failed to change /opt/***/logs/dag_id=air_quality/run_id=scheduled__2023-12-25T04:00:00+00:00/task_id=Insert_Data permission to 509: [Errno 1] Operation not permitted: '/opt/***/logs/dag_id=air_quality/run_id=scheduled__2023-12-25T04:00:00+00:00/task_id=Insert_Data'
[2023-12-28T16:55:51.107+0000] {task_command.py:416} INFO - Running <TaskInstance: air_quality.Insert_Data scheduled__2023-12-25T04:00:00+00:00 [running]> on host d67dd4682ccf
[2023-12-28T16:55:51.316+0000] {taskinstance.py:1662} INFO - Exporting env vars: AIRFLOW_CTX_DAG_OWNER='ghifari' AIRFLOW_CTX_DAG_ID='air_quality' AIRFLOW_CTX_TASK_ID='Insert_Data' AIRFLOW_CTX_EXECUTION_DATE='2023-12-25T04:00:00+00:00' AIRFLOW_CTX_TRY_NUMBER='1' AIRFLOW_CTX_DAG_RUN_ID='scheduled__2023-12-25T04:00:00+00:00'
[2023-12-28T16:55:52.322+0000] {logging_mixin.py:154} INFO - city           object
country        object
unit           object
last_value    float64
lat           float64
lng           float64
dtype: object
[2023-12-28T16:55:52.340+0000] {base.py:73} INFO - Using connection ID 'neonServerDB-Postgres' for task execution.
[2023-12-28T16:55:54.774+0000] {python.py:194} INFO - Done. Returned value was: None
[2023-12-28T16:55:54.783+0000] {taskinstance.py:1400} INFO - Marking task as SUCCESS. dag_id=air_quality, task_id=Insert_Data, execution_date=20231225T040000, start_date=20231228T165550, end_date=20231228T165554
[2023-12-28T16:55:54.825+0000] {local_task_job_runner.py:228} INFO - Task exited with return code 0
[2023-12-28T16:55:54.856+0000] {taskinstance.py:2778} INFO - 0 downstream tasks scheduled from follow-on schedule check
