[2023-12-28T16:08:41.752+0000] {logging_mixin.py:154} INFO - Changing /opt/***/logs/dag_id=air_quality/run_id=scheduled__2023-12-18T04:00:00+00:00/task_id=Extract permission to 509
[2023-12-28T16:08:41.754+0000] {logging_mixin.py:154} INFO - Failed to change /opt/***/logs/dag_id=air_quality/run_id=scheduled__2023-12-18T04:00:00+00:00/task_id=Extract permission to 509: [Errno 1] Operation not permitted: '/opt/***/logs/dag_id=air_quality/run_id=scheduled__2023-12-18T04:00:00+00:00/task_id=Extract'
[2023-12-28T16:08:41.835+0000] {logging_mixin.py:154} INFO - Changing /opt/***/logs/dag_id=air_quality/run_id=scheduled__2023-12-18T04:00:00+00:00/task_id=Extract permission to 509
[2023-12-28T16:08:41.837+0000] {logging_mixin.py:154} INFO - Failed to change /opt/***/logs/dag_id=air_quality/run_id=scheduled__2023-12-18T04:00:00+00:00/task_id=Extract permission to 509: [Errno 1] Operation not permitted: '/opt/***/logs/dag_id=air_quality/run_id=scheduled__2023-12-18T04:00:00+00:00/task_id=Extract'
[2023-12-28T16:08:41.898+0000] {taskinstance.py:1159} INFO - Dependencies all met for dep_context=non-requeueable deps ti=<TaskInstance: air_quality.Extract scheduled__2023-12-18T04:00:00+00:00 [queued]>
[2023-12-28T16:08:41.914+0000] {taskinstance.py:1159} INFO - Dependencies all met for dep_context=requeueable deps ti=<TaskInstance: air_quality.Extract scheduled__2023-12-18T04:00:00+00:00 [queued]>
[2023-12-28T16:08:41.915+0000] {taskinstance.py:1361} INFO - Starting attempt 1 of 2
[2023-12-28T16:08:41.936+0000] {taskinstance.py:1382} INFO - Executing <Task(PythonOperator): Extract> on 2023-12-18 04:00:00+00:00
[2023-12-28T16:08:41.942+0000] {standard_task_runner.py:57} INFO - Started process 468 to run task
[2023-12-28T16:08:41.947+0000] {standard_task_runner.py:84} INFO - Running: ['***', 'tasks', 'run', 'air_quality', 'Extract', 'scheduled__2023-12-18T04:00:00+00:00', '--job-id', '732', '--raw', '--subdir', 'DAGS_FOLDER/airQuality.py', '--cfg-path', '/tmp/tmpfflcvz3t']
[2023-12-28T16:08:41.949+0000] {standard_task_runner.py:85} INFO - Job 732: Subtask Extract
[2023-12-28T16:08:42.017+0000] {logging_mixin.py:154} INFO - Changing /opt/***/logs/dag_id=air_quality/run_id=scheduled__2023-12-18T04:00:00+00:00/task_id=Extract permission to 509
[2023-12-28T16:08:42.018+0000] {logging_mixin.py:154} INFO - Failed to change /opt/***/logs/dag_id=air_quality/run_id=scheduled__2023-12-18T04:00:00+00:00/task_id=Extract permission to 509: [Errno 1] Operation not permitted: '/opt/***/logs/dag_id=air_quality/run_id=scheduled__2023-12-18T04:00:00+00:00/task_id=Extract'
[2023-12-28T16:08:42.020+0000] {task_command.py:416} INFO - Running <TaskInstance: air_quality.Extract scheduled__2023-12-18T04:00:00+00:00 [running]> on host d67dd4682ccf
[2023-12-28T16:08:42.157+0000] {taskinstance.py:1662} INFO - Exporting env vars: AIRFLOW_CTX_DAG_OWNER='ghifari' AIRFLOW_CTX_DAG_ID='air_quality' AIRFLOW_CTX_TASK_ID='Extract' AIRFLOW_CTX_EXECUTION_DATE='2023-12-18T04:00:00+00:00' AIRFLOW_CTX_TRY_NUMBER='1' AIRFLOW_CTX_DAG_RUN_ID='scheduled__2023-12-18T04:00:00+00:00'
[2023-12-28T16:08:43.237+0000] {python.py:194} INFO - Done. Returned value was: {'city': ['Jakarta'], 'country': ['ID'], 'unit': ['pm25'], 'last_value': [-999.0], 'lat': [-6.182536], 'lng': [106.834236]}
[2023-12-28T16:08:43.297+0000] {taskinstance.py:1400} INFO - Marking task as SUCCESS. dag_id=air_quality, task_id=Extract, execution_date=20231218T040000, start_date=20231228T160841, end_date=20231228T160843
[2023-12-28T16:08:43.364+0000] {local_task_job_runner.py:228} INFO - Task exited with return code 0
[2023-12-28T16:08:43.483+0000] {taskinstance.py:2778} INFO - 1 downstream tasks scheduled from follow-on schedule check
[2023-12-28T16:51:50.617+0000] {logging_mixin.py:154} INFO - Changing /opt/***/logs/dag_id=air_quality/run_id=scheduled__2023-12-18T04:00:00+00:00/task_id=Extract permission to 509
[2023-12-28T16:51:50.620+0000] {logging_mixin.py:154} INFO - Failed to change /opt/***/logs/dag_id=air_quality/run_id=scheduled__2023-12-18T04:00:00+00:00/task_id=Extract permission to 509: [Errno 1] Operation not permitted: '/opt/***/logs/dag_id=air_quality/run_id=scheduled__2023-12-18T04:00:00+00:00/task_id=Extract'
[2023-12-28T16:51:51.067+0000] {logging_mixin.py:154} INFO - Changing /opt/***/logs/dag_id=air_quality/run_id=scheduled__2023-12-18T04:00:00+00:00/task_id=Extract permission to 509
[2023-12-28T16:51:51.096+0000] {logging_mixin.py:154} INFO - Failed to change /opt/***/logs/dag_id=air_quality/run_id=scheduled__2023-12-18T04:00:00+00:00/task_id=Extract permission to 509: [Errno 1] Operation not permitted: '/opt/***/logs/dag_id=air_quality/run_id=scheduled__2023-12-18T04:00:00+00:00/task_id=Extract'
[2023-12-28T16:51:51.496+0000] {taskinstance.py:1159} INFO - Dependencies all met for dep_context=non-requeueable deps ti=<TaskInstance: air_quality.Extract scheduled__2023-12-18T04:00:00+00:00 [queued]>
[2023-12-28T16:51:51.737+0000] {taskinstance.py:1159} INFO - Dependencies all met for dep_context=requeueable deps ti=<TaskInstance: air_quality.Extract scheduled__2023-12-18T04:00:00+00:00 [queued]>
[2023-12-28T16:51:51.738+0000] {taskinstance.py:1361} INFO - Starting attempt 1 of 2
[2023-12-28T16:51:51.929+0000] {taskinstance.py:1382} INFO - Executing <Task(PythonOperator): Extract> on 2023-12-18 04:00:00+00:00
[2023-12-28T16:51:51.957+0000] {standard_task_runner.py:57} INFO - Started process 243 to run task
[2023-12-28T16:51:51.973+0000] {standard_task_runner.py:84} INFO - Running: ['***', 'tasks', 'run', 'air_quality', 'Extract', 'scheduled__2023-12-18T04:00:00+00:00', '--job-id', '866', '--raw', '--subdir', 'DAGS_FOLDER/airQuality.py', '--cfg-path', '/tmp/tmpiffc9t39']
[2023-12-28T16:51:51.978+0000] {standard_task_runner.py:85} INFO - Job 866: Subtask Extract
[2023-12-28T16:51:52.332+0000] {logging_mixin.py:154} INFO - Changing /opt/***/logs/dag_id=air_quality/run_id=scheduled__2023-12-18T04:00:00+00:00/task_id=Extract permission to 509
[2023-12-28T16:51:52.333+0000] {logging_mixin.py:154} INFO - Failed to change /opt/***/logs/dag_id=air_quality/run_id=scheduled__2023-12-18T04:00:00+00:00/task_id=Extract permission to 509: [Errno 1] Operation not permitted: '/opt/***/logs/dag_id=air_quality/run_id=scheduled__2023-12-18T04:00:00+00:00/task_id=Extract'
[2023-12-28T16:51:52.341+0000] {task_command.py:416} INFO - Running <TaskInstance: air_quality.Extract scheduled__2023-12-18T04:00:00+00:00 [running]> on host d67dd4682ccf
[2023-12-28T16:51:52.888+0000] {taskinstance.py:1662} INFO - Exporting env vars: AIRFLOW_CTX_DAG_OWNER='ghifari' AIRFLOW_CTX_DAG_ID='air_quality' AIRFLOW_CTX_TASK_ID='Extract' AIRFLOW_CTX_EXECUTION_DATE='2023-12-18T04:00:00+00:00' AIRFLOW_CTX_TRY_NUMBER='1' AIRFLOW_CTX_DAG_RUN_ID='scheduled__2023-12-18T04:00:00+00:00'
[2023-12-28T16:51:53.109+0000] {python.py:194} INFO - Done. Returned value was: {'city': ['Jakarta'], 'country': ['ID'], 'unit': ['o3'], 'last_value': [-0.999], 'lat': [-6.182536], 'lng': [106.834236]}
[2023-12-28T16:51:53.205+0000] {taskinstance.py:1400} INFO - Marking task as SUCCESS. dag_id=air_quality, task_id=Extract, execution_date=20231218T040000, start_date=20231228T165151, end_date=20231228T165153
[2023-12-28T16:51:53.334+0000] {local_task_job_runner.py:228} INFO - Task exited with return code 0
[2023-12-28T16:51:53.494+0000] {taskinstance.py:2778} INFO - 1 downstream tasks scheduled from follow-on schedule check
[2023-12-28T16:52:23.439+0000] {logging_mixin.py:154} INFO - Changing /opt/***/logs/dag_id=air_quality/run_id=scheduled__2023-12-18T04:00:00+00:00/task_id=Extract permission to 509
[2023-12-28T16:52:23.442+0000] {logging_mixin.py:154} INFO - Failed to change /opt/***/logs/dag_id=air_quality/run_id=scheduled__2023-12-18T04:00:00+00:00/task_id=Extract permission to 509: [Errno 1] Operation not permitted: '/opt/***/logs/dag_id=air_quality/run_id=scheduled__2023-12-18T04:00:00+00:00/task_id=Extract'
[2023-12-28T16:52:23.537+0000] {logging_mixin.py:154} INFO - Changing /opt/***/logs/dag_id=air_quality/run_id=scheduled__2023-12-18T04:00:00+00:00/task_id=Extract permission to 509
[2023-12-28T16:52:23.539+0000] {logging_mixin.py:154} INFO - Failed to change /opt/***/logs/dag_id=air_quality/run_id=scheduled__2023-12-18T04:00:00+00:00/task_id=Extract permission to 509: [Errno 1] Operation not permitted: '/opt/***/logs/dag_id=air_quality/run_id=scheduled__2023-12-18T04:00:00+00:00/task_id=Extract'
[2023-12-28T16:52:23.630+0000] {taskinstance.py:1159} INFO - Dependencies all met for dep_context=non-requeueable deps ti=<TaskInstance: air_quality.Extract scheduled__2023-12-18T04:00:00+00:00 [queued]>
[2023-12-28T16:52:23.653+0000] {taskinstance.py:1159} INFO - Dependencies all met for dep_context=requeueable deps ti=<TaskInstance: air_quality.Extract scheduled__2023-12-18T04:00:00+00:00 [queued]>
[2023-12-28T16:52:23.654+0000] {taskinstance.py:1361} INFO - Starting attempt 1 of 2
[2023-12-28T16:52:23.691+0000] {taskinstance.py:1382} INFO - Executing <Task(PythonOperator): Extract> on 2023-12-18 04:00:00+00:00
[2023-12-28T16:52:23.700+0000] {standard_task_runner.py:57} INFO - Started process 499 to run task
[2023-12-28T16:52:23.712+0000] {standard_task_runner.py:84} INFO - Running: ['***', 'tasks', 'run', 'air_quality', 'Extract', 'scheduled__2023-12-18T04:00:00+00:00', '--job-id', '945', '--raw', '--subdir', 'DAGS_FOLDER/airQuality.py', '--cfg-path', '/tmp/tmp32cu9wq7']
[2023-12-28T16:52:23.716+0000] {standard_task_runner.py:85} INFO - Job 945: Subtask Extract
[2023-12-28T16:52:23.876+0000] {logging_mixin.py:154} INFO - Changing /opt/***/logs/dag_id=air_quality/run_id=scheduled__2023-12-18T04:00:00+00:00/task_id=Extract permission to 509
[2023-12-28T16:52:23.877+0000] {logging_mixin.py:154} INFO - Failed to change /opt/***/logs/dag_id=air_quality/run_id=scheduled__2023-12-18T04:00:00+00:00/task_id=Extract permission to 509: [Errno 1] Operation not permitted: '/opt/***/logs/dag_id=air_quality/run_id=scheduled__2023-12-18T04:00:00+00:00/task_id=Extract'
[2023-12-28T16:52:23.882+0000] {task_command.py:416} INFO - Running <TaskInstance: air_quality.Extract scheduled__2023-12-18T04:00:00+00:00 [running]> on host d67dd4682ccf
[2023-12-28T16:52:24.298+0000] {taskinstance.py:1662} INFO - Exporting env vars: AIRFLOW_CTX_DAG_OWNER='ghifari' AIRFLOW_CTX_DAG_ID='air_quality' AIRFLOW_CTX_TASK_ID='Extract' AIRFLOW_CTX_EXECUTION_DATE='2023-12-18T04:00:00+00:00' AIRFLOW_CTX_TRY_NUMBER='1' AIRFLOW_CTX_DAG_RUN_ID='scheduled__2023-12-18T04:00:00+00:00'
[2023-12-28T16:52:24.570+0000] {python.py:194} INFO - Done. Returned value was: {'city': ['Jakarta'], 'country': ['ID'], 'unit': ['o3'], 'last_value': [-0.999], 'lat': [-6.182536], 'lng': [106.834236]}
[2023-12-28T16:52:24.641+0000] {taskinstance.py:1400} INFO - Marking task as SUCCESS. dag_id=air_quality, task_id=Extract, execution_date=20231218T040000, start_date=20231228T165223, end_date=20231228T165224
[2023-12-28T16:52:24.720+0000] {local_task_job_runner.py:228} INFO - Task exited with return code 0
[2023-12-28T16:52:25.070+0000] {taskinstance.py:2778} INFO - 0 downstream tasks scheduled from follow-on schedule check
[2023-12-28T16:54:51.333+0000] {logging_mixin.py:154} INFO - Changing /opt/***/logs/dag_id=air_quality/run_id=scheduled__2023-12-18T04:00:00+00:00/task_id=Extract permission to 509
[2023-12-28T16:54:51.346+0000] {logging_mixin.py:154} INFO - Failed to change /opt/***/logs/dag_id=air_quality/run_id=scheduled__2023-12-18T04:00:00+00:00/task_id=Extract permission to 509: [Errno 1] Operation not permitted: '/opt/***/logs/dag_id=air_quality/run_id=scheduled__2023-12-18T04:00:00+00:00/task_id=Extract'
[2023-12-28T16:54:51.557+0000] {logging_mixin.py:154} INFO - Changing /opt/***/logs/dag_id=air_quality/run_id=scheduled__2023-12-18T04:00:00+00:00/task_id=Extract permission to 509
[2023-12-28T16:54:51.560+0000] {logging_mixin.py:154} INFO - Failed to change /opt/***/logs/dag_id=air_quality/run_id=scheduled__2023-12-18T04:00:00+00:00/task_id=Extract permission to 509: [Errno 1] Operation not permitted: '/opt/***/logs/dag_id=air_quality/run_id=scheduled__2023-12-18T04:00:00+00:00/task_id=Extract'
[2023-12-28T16:54:51.675+0000] {taskinstance.py:1159} INFO - Dependencies all met for dep_context=non-requeueable deps ti=<TaskInstance: air_quality.Extract scheduled__2023-12-18T04:00:00+00:00 [queued]>
[2023-12-28T16:54:51.712+0000] {taskinstance.py:1159} INFO - Dependencies all met for dep_context=requeueable deps ti=<TaskInstance: air_quality.Extract scheduled__2023-12-18T04:00:00+00:00 [queued]>
[2023-12-28T16:54:51.718+0000] {taskinstance.py:1361} INFO - Starting attempt 1 of 2
[2023-12-28T16:54:51.767+0000] {taskinstance.py:1382} INFO - Executing <Task(PythonOperator): Extract> on 2023-12-18 04:00:00+00:00
[2023-12-28T16:54:51.781+0000] {standard_task_runner.py:57} INFO - Started process 1217 to run task
[2023-12-28T16:54:51.792+0000] {standard_task_runner.py:84} INFO - Running: ['***', 'tasks', 'run', 'air_quality', 'Extract', 'scheduled__2023-12-18T04:00:00+00:00', '--job-id', '1115', '--raw', '--subdir', 'DAGS_FOLDER/airQuality.py', '--cfg-path', '/tmp/tmpv2s3woge']
[2023-12-28T16:54:51.794+0000] {standard_task_runner.py:85} INFO - Job 1115: Subtask Extract
[2023-12-28T16:54:51.987+0000] {logging_mixin.py:154} INFO - Changing /opt/***/logs/dag_id=air_quality/run_id=scheduled__2023-12-18T04:00:00+00:00/task_id=Extract permission to 509
[2023-12-28T16:54:51.988+0000] {logging_mixin.py:154} INFO - Failed to change /opt/***/logs/dag_id=air_quality/run_id=scheduled__2023-12-18T04:00:00+00:00/task_id=Extract permission to 509: [Errno 1] Operation not permitted: '/opt/***/logs/dag_id=air_quality/run_id=scheduled__2023-12-18T04:00:00+00:00/task_id=Extract'
[2023-12-28T16:54:51.992+0000] {task_command.py:416} INFO - Running <TaskInstance: air_quality.Extract scheduled__2023-12-18T04:00:00+00:00 [running]> on host d67dd4682ccf
[2023-12-28T16:54:52.410+0000] {taskinstance.py:1662} INFO - Exporting env vars: AIRFLOW_CTX_DAG_OWNER='ghifari' AIRFLOW_CTX_DAG_ID='air_quality' AIRFLOW_CTX_TASK_ID='Extract' AIRFLOW_CTX_EXECUTION_DATE='2023-12-18T04:00:00+00:00' AIRFLOW_CTX_TRY_NUMBER='1' AIRFLOW_CTX_DAG_RUN_ID='scheduled__2023-12-18T04:00:00+00:00'
[2023-12-28T16:54:52.655+0000] {python.py:194} INFO - Done. Returned value was: {'city': ['Jakarta'], 'country': ['ID'], 'unit': ['o3'], 'last_value': [-0.999], 'lat': [-6.182536], 'lng': [106.834236]}
[2023-12-28T16:54:52.794+0000] {taskinstance.py:1400} INFO - Marking task as SUCCESS. dag_id=air_quality, task_id=Extract, execution_date=20231218T040000, start_date=20231228T165451, end_date=20231228T165452
[2023-12-28T16:54:52.923+0000] {local_task_job_runner.py:228} INFO - Task exited with return code 0
[2023-12-28T16:54:53.103+0000] {taskinstance.py:2778} INFO - 1 downstream tasks scheduled from follow-on schedule check
