[2023-12-17T11:44:54.722+0000] {logging_mixin.py:154} INFO - Changing /opt/***/logs/dag_id=air_quality/run_id=manual__2023-12-17T11:44:49.387829+00:00/task_id=Transform permission to 509
[2023-12-17T11:44:54.724+0000] {logging_mixin.py:154} INFO - Failed to change /opt/***/logs/dag_id=air_quality/run_id=manual__2023-12-17T11:44:49.387829+00:00/task_id=Transform permission to 509: [Errno 1] Operation not permitted: '/opt/***/logs/dag_id=air_quality/run_id=manual__2023-12-17T11:44:49.387829+00:00/task_id=Transform'
[2023-12-17T11:44:54.754+0000] {logging_mixin.py:154} INFO - Changing /opt/***/logs/dag_id=air_quality/run_id=manual__2023-12-17T11:44:49.387829+00:00/task_id=Transform permission to 509
[2023-12-17T11:44:54.755+0000] {logging_mixin.py:154} INFO - Failed to change /opt/***/logs/dag_id=air_quality/run_id=manual__2023-12-17T11:44:49.387829+00:00/task_id=Transform permission to 509: [Errno 1] Operation not permitted: '/opt/***/logs/dag_id=air_quality/run_id=manual__2023-12-17T11:44:49.387829+00:00/task_id=Transform'
[2023-12-17T11:44:54.794+0000] {taskinstance.py:1159} INFO - Dependencies all met for dep_context=non-requeueable deps ti=<TaskInstance: air_quality.Transform manual__2023-12-17T11:44:49.387829+00:00 [queued]>
[2023-12-17T11:44:54.808+0000] {taskinstance.py:1159} INFO - Dependencies all met for dep_context=requeueable deps ti=<TaskInstance: air_quality.Transform manual__2023-12-17T11:44:49.387829+00:00 [queued]>
[2023-12-17T11:44:54.809+0000] {taskinstance.py:1361} INFO - Starting attempt 1 of 2
[2023-12-17T11:44:54.824+0000] {taskinstance.py:1382} INFO - Executing <Task(PythonOperator): Transform> on 2023-12-17 11:44:49.387829+00:00
[2023-12-17T11:44:54.828+0000] {standard_task_runner.py:57} INFO - Started process 3031 to run task
[2023-12-17T11:44:54.831+0000] {standard_task_runner.py:84} INFO - Running: ['***', 'tasks', 'run', 'air_quality', 'Transform', 'manual__2023-12-17T11:44:49.387829+00:00', '--job-id', '451', '--raw', '--subdir', 'DAGS_FOLDER/airQuality.py', '--cfg-path', '/tmp/tmpc59awtdh']
[2023-12-17T11:44:54.832+0000] {standard_task_runner.py:85} INFO - Job 451: Subtask Transform
[2023-12-17T11:44:54.881+0000] {logging_mixin.py:154} INFO - Changing /opt/***/logs/dag_id=air_quality/run_id=manual__2023-12-17T11:44:49.387829+00:00/task_id=Transform permission to 509
[2023-12-17T11:44:54.882+0000] {logging_mixin.py:154} INFO - Failed to change /opt/***/logs/dag_id=air_quality/run_id=manual__2023-12-17T11:44:49.387829+00:00/task_id=Transform permission to 509: [Errno 1] Operation not permitted: '/opt/***/logs/dag_id=air_quality/run_id=manual__2023-12-17T11:44:49.387829+00:00/task_id=Transform'
[2023-12-17T11:44:54.884+0000] {task_command.py:416} INFO - Running <TaskInstance: air_quality.Transform manual__2023-12-17T11:44:49.387829+00:00 [running]> on host 1a58977f5573
[2023-12-17T11:44:54.969+0000] {taskinstance.py:1662} INFO - Exporting env vars: AIRFLOW_CTX_DAG_OWNER='ghifari' AIRFLOW_CTX_DAG_ID='air_quality' AIRFLOW_CTX_TASK_ID='Transform' AIRFLOW_CTX_EXECUTION_DATE='2023-12-17T11:44:49.387829+00:00' AIRFLOW_CTX_TRY_NUMBER='1' AIRFLOW_CTX_DAG_RUN_ID='manual__2023-12-17T11:44:49.387829+00:00'
[2023-12-17T11:44:55.501+0000] {python.py:194} INFO - Done. Returned value was:       city country unit  last_value       lat         lng
0  Jakarta      ID   o3      -0.999 -6.182536  106.834236
[2023-12-17T11:44:55.540+0000] {taskinstance.py:1400} INFO - Marking task as SUCCESS. dag_id=air_quality, task_id=Transform, execution_date=20231217T114449, start_date=20231217T114454, end_date=20231217T114455
[2023-12-17T11:44:55.606+0000] {local_task_job_runner.py:228} INFO - Task exited with return code 0
[2023-12-17T11:44:55.638+0000] {taskinstance.py:2778} INFO - 1 downstream tasks scheduled from follow-on schedule check
