[2023-12-17T12:17:50.577+0000] {logging_mixin.py:154} INFO - Changing /opt/***/logs/dag_id=air_quality/run_id=scheduled__2023-11-26T04:00:00+00:00/task_id=CheckTable permission to 509
[2023-12-17T12:17:50.579+0000] {logging_mixin.py:154} INFO - Failed to change /opt/***/logs/dag_id=air_quality/run_id=scheduled__2023-11-26T04:00:00+00:00/task_id=CheckTable permission to 509: [Errno 1] Operation not permitted: '/opt/***/logs/dag_id=air_quality/run_id=scheduled__2023-11-26T04:00:00+00:00/task_id=CheckTable'
[2023-12-17T12:17:50.697+0000] {logging_mixin.py:154} INFO - Changing /opt/***/logs/dag_id=air_quality/run_id=scheduled__2023-11-26T04:00:00+00:00/task_id=CheckTable permission to 509
[2023-12-17T12:17:50.700+0000] {logging_mixin.py:154} INFO - Failed to change /opt/***/logs/dag_id=air_quality/run_id=scheduled__2023-11-26T04:00:00+00:00/task_id=CheckTable permission to 509: [Errno 1] Operation not permitted: '/opt/***/logs/dag_id=air_quality/run_id=scheduled__2023-11-26T04:00:00+00:00/task_id=CheckTable'
[2023-12-17T12:17:50.866+0000] {taskinstance.py:1159} INFO - Dependencies all met for dep_context=non-requeueable deps ti=<TaskInstance: air_quality.CheckTable scheduled__2023-11-26T04:00:00+00:00 [queued]>
[2023-12-17T12:17:50.918+0000] {taskinstance.py:1159} INFO - Dependencies all met for dep_context=requeueable deps ti=<TaskInstance: air_quality.CheckTable scheduled__2023-11-26T04:00:00+00:00 [queued]>
[2023-12-17T12:17:50.921+0000] {taskinstance.py:1361} INFO - Starting attempt 2 of 3
[2023-12-17T12:17:50.955+0000] {taskinstance.py:1382} INFO - Executing <Task(BranchPythonOperator): CheckTable> on 2023-11-26 04:00:00+00:00
[2023-12-17T12:17:50.977+0000] {standard_task_runner.py:57} INFO - Started process 3818 to run task
[2023-12-17T12:17:50.999+0000] {standard_task_runner.py:84} INFO - Running: ['***', 'tasks', 'run', 'air_quality', 'CheckTable', 'scheduled__2023-11-26T04:00:00+00:00', '--job-id', '554', '--raw', '--subdir', 'DAGS_FOLDER/airQuality.py', '--cfg-path', '/tmp/tmpl6o0xmlk']
[2023-12-17T12:17:51.010+0000] {standard_task_runner.py:85} INFO - Job 554: Subtask CheckTable
[2023-12-17T12:17:51.258+0000] {logging_mixin.py:154} INFO - Changing /opt/***/logs/dag_id=air_quality/run_id=scheduled__2023-11-26T04:00:00+00:00/task_id=CheckTable permission to 509
[2023-12-17T12:17:51.260+0000] {logging_mixin.py:154} INFO - Failed to change /opt/***/logs/dag_id=air_quality/run_id=scheduled__2023-11-26T04:00:00+00:00/task_id=CheckTable permission to 509: [Errno 1] Operation not permitted: '/opt/***/logs/dag_id=air_quality/run_id=scheduled__2023-11-26T04:00:00+00:00/task_id=CheckTable'
[2023-12-17T12:17:51.264+0000] {task_command.py:416} INFO - Running <TaskInstance: air_quality.CheckTable scheduled__2023-11-26T04:00:00+00:00 [running]> on host 1a58977f5573
[2023-12-17T12:17:51.958+0000] {taskinstance.py:1662} INFO - Exporting env vars: AIRFLOW_CTX_DAG_OWNER='ghifari' AIRFLOW_CTX_DAG_ID='air_quality' AIRFLOW_CTX_TASK_ID='CheckTable' AIRFLOW_CTX_EXECUTION_DATE='2023-11-26T04:00:00+00:00' AIRFLOW_CTX_TRY_NUMBER='2' AIRFLOW_CTX_DAG_RUN_ID='scheduled__2023-11-26T04:00:00+00:00'
[2023-12-17T12:17:52.035+0000] {airQuality.py:205} INFO - Table Created: 
        CREATE TABLE air_quality (
            id serial primary key, 
            city varchar(250),
            country varchar(250), 
            unit varchar(20), 
            last_value float8, 
            lat float8,
            lng float8
        )
    
[2023-12-17T12:17:52.036+0000] {python.py:194} INFO - Done. Returned value was: Insert_Data
[2023-12-17T12:17:52.037+0000] {python.py:227} INFO - Branch callable return Insert_Data
[2023-12-17T12:17:52.038+0000] {skipmixin.py:173} INFO - Following branch Insert_Data
[2023-12-17T12:17:52.114+0000] {skipmixin.py:239} INFO - Skipping tasks []
[2023-12-17T12:17:52.311+0000] {taskinstance.py:1400} INFO - Marking task as SUCCESS. dag_id=air_quality, task_id=CheckTable, execution_date=20231126T040000, start_date=20231217T121750, end_date=20231217T121752
[2023-12-17T12:17:52.488+0000] {local_task_job_runner.py:228} INFO - Task exited with return code 0
[2023-12-17T12:17:53.222+0000] {taskinstance.py:2778} INFO - 1 downstream tasks scheduled from follow-on schedule check
