[2023-12-17T11:18:39.811+0000] {logging_mixin.py:154} INFO - Changing /opt/***/logs/dag_id=air_quality/run_id=scheduled__2023-11-26T04:00:00+00:00/task_id=CheckTable permission to 509
[2023-12-17T11:18:39.836+0000] {logging_mixin.py:154} INFO - Failed to change /opt/***/logs/dag_id=air_quality/run_id=scheduled__2023-11-26T04:00:00+00:00/task_id=CheckTable permission to 509: [Errno 1] Operation not permitted: '/opt/***/logs/dag_id=air_quality/run_id=scheduled__2023-11-26T04:00:00+00:00/task_id=CheckTable'
[2023-12-17T11:18:39.980+0000] {logging_mixin.py:154} INFO - Changing /opt/***/logs/dag_id=air_quality/run_id=scheduled__2023-11-26T04:00:00+00:00/task_id=CheckTable permission to 509
[2023-12-17T11:18:39.981+0000] {logging_mixin.py:154} INFO - Failed to change /opt/***/logs/dag_id=air_quality/run_id=scheduled__2023-11-26T04:00:00+00:00/task_id=CheckTable permission to 509: [Errno 1] Operation not permitted: '/opt/***/logs/dag_id=air_quality/run_id=scheduled__2023-11-26T04:00:00+00:00/task_id=CheckTable'
[2023-12-17T11:18:40.097+0000] {taskinstance.py:1159} INFO - Dependencies all met for dep_context=non-requeueable deps ti=<TaskInstance: air_quality.CheckTable scheduled__2023-11-26T04:00:00+00:00 [queued]>
[2023-12-17T11:18:40.116+0000] {taskinstance.py:1159} INFO - Dependencies all met for dep_context=requeueable deps ti=<TaskInstance: air_quality.CheckTable scheduled__2023-11-26T04:00:00+00:00 [queued]>
[2023-12-17T11:18:40.117+0000] {taskinstance.py:1361} INFO - Starting attempt 1 of 2
[2023-12-17T11:18:40.254+0000] {taskinstance.py:1382} INFO - Executing <Task(BranchPythonOperator): CheckTable> on 2023-11-26 04:00:00+00:00
[2023-12-17T11:18:40.300+0000] {standard_task_runner.py:57} INFO - Started process 2096 to run task
[2023-12-17T11:18:40.324+0000] {standard_task_runner.py:84} INFO - Running: ['***', 'tasks', 'run', 'air_quality', 'CheckTable', 'scheduled__2023-11-26T04:00:00+00:00', '--job-id', '343', '--raw', '--subdir', 'DAGS_FOLDER/airQuality.py', '--cfg-path', '/tmp/tmp_lbsl0ow']
[2023-12-17T11:18:40.331+0000] {standard_task_runner.py:85} INFO - Job 343: Subtask CheckTable
[2023-12-17T11:18:40.685+0000] {logging_mixin.py:154} INFO - Changing /opt/***/logs/dag_id=air_quality/run_id=scheduled__2023-11-26T04:00:00+00:00/task_id=CheckTable permission to 509
[2023-12-17T11:18:40.687+0000] {logging_mixin.py:154} INFO - Failed to change /opt/***/logs/dag_id=air_quality/run_id=scheduled__2023-11-26T04:00:00+00:00/task_id=CheckTable permission to 509: [Errno 1] Operation not permitted: '/opt/***/logs/dag_id=air_quality/run_id=scheduled__2023-11-26T04:00:00+00:00/task_id=CheckTable'
[2023-12-17T11:18:40.690+0000] {task_command.py:416} INFO - Running <TaskInstance: air_quality.CheckTable scheduled__2023-11-26T04:00:00+00:00 [running]> on host 1a58977f5573
[2023-12-17T11:18:41.200+0000] {taskinstance.py:1662} INFO - Exporting env vars: AIRFLOW_CTX_DAG_OWNER='ghifari' AIRFLOW_CTX_DAG_ID='air_quality' AIRFLOW_CTX_TASK_ID='CheckTable' AIRFLOW_CTX_EXECUTION_DATE='2023-11-26T04:00:00+00:00' AIRFLOW_CTX_TRY_NUMBER='1' AIRFLOW_CTX_DAG_RUN_ID='scheduled__2023-11-26T04:00:00+00:00'
[2023-12-17T11:18:41.298+0000] {airQuality.py:204} INFO - Table Created: 
        CREATE TABLE air_quality (
            id serial primary key, 
            city varchar(250),
            country varchar(250), 
            unit varchar(20), 
            last_value float8, 
            lat float8,
            lng float8
        )
    
[2023-12-17T11:18:41.305+0000] {python.py:194} INFO - Done. Returned value was: Insert_Data
[2023-12-17T11:18:41.306+0000] {python.py:227} INFO - Branch callable return Insert_Data
[2023-12-17T11:18:41.307+0000] {skipmixin.py:173} INFO - Following branch Insert_Data
[2023-12-17T11:18:41.345+0000] {skipmixin.py:239} INFO - Skipping tasks []
[2023-12-17T11:18:41.537+0000] {taskinstance.py:1400} INFO - Marking task as SUCCESS. dag_id=air_quality, task_id=CheckTable, execution_date=20231126T040000, start_date=20231217T111840, end_date=20231217T111841
[2023-12-17T11:18:41.686+0000] {local_task_job_runner.py:228} INFO - Task exited with return code 0
[2023-12-17T11:18:41.837+0000] {taskinstance.py:2778} INFO - 1 downstream tasks scheduled from follow-on schedule check
[2023-12-28T16:54:24.089+0000] {logging_mixin.py:154} INFO - Changing /opt/***/logs/dag_id=air_quality/run_id=scheduled__2023-11-26T04:00:00+00:00/task_id=CheckTable permission to 509
[2023-12-28T16:54:24.096+0000] {logging_mixin.py:154} INFO - Failed to change /opt/***/logs/dag_id=air_quality/run_id=scheduled__2023-11-26T04:00:00+00:00/task_id=CheckTable permission to 509: [Errno 1] Operation not permitted: '/opt/***/logs/dag_id=air_quality/run_id=scheduled__2023-11-26T04:00:00+00:00/task_id=CheckTable'
[2023-12-28T16:54:24.213+0000] {logging_mixin.py:154} INFO - Changing /opt/***/logs/dag_id=air_quality/run_id=scheduled__2023-11-26T04:00:00+00:00/task_id=CheckTable permission to 509
[2023-12-28T16:54:24.215+0000] {logging_mixin.py:154} INFO - Failed to change /opt/***/logs/dag_id=air_quality/run_id=scheduled__2023-11-26T04:00:00+00:00/task_id=CheckTable permission to 509: [Errno 1] Operation not permitted: '/opt/***/logs/dag_id=air_quality/run_id=scheduled__2023-11-26T04:00:00+00:00/task_id=CheckTable'
[2023-12-28T16:54:24.404+0000] {taskinstance.py:1159} INFO - Dependencies all met for dep_context=non-requeueable deps ti=<TaskInstance: air_quality.CheckTable scheduled__2023-11-26T04:00:00+00:00 [queued]>
[2023-12-28T16:54:24.456+0000] {taskinstance.py:1159} INFO - Dependencies all met for dep_context=requeueable deps ti=<TaskInstance: air_quality.CheckTable scheduled__2023-11-26T04:00:00+00:00 [queued]>
[2023-12-28T16:54:24.457+0000] {taskinstance.py:1361} INFO - Starting attempt 1 of 2
[2023-12-28T16:54:24.498+0000] {taskinstance.py:1382} INFO - Executing <Task(BranchPythonOperator): CheckTable> on 2023-11-26 04:00:00+00:00
[2023-12-28T16:54:24.507+0000] {standard_task_runner.py:57} INFO - Started process 915 to run task
[2023-12-28T16:54:24.522+0000] {standard_task_runner.py:84} INFO - Running: ['***', 'tasks', 'run', 'air_quality', 'CheckTable', 'scheduled__2023-11-26T04:00:00+00:00', '--job-id', '1062', '--raw', '--subdir', 'DAGS_FOLDER/airQuality.py', '--cfg-path', '/tmp/tmphs0q64fg']
[2023-12-28T16:54:24.525+0000] {standard_task_runner.py:85} INFO - Job 1062: Subtask CheckTable
[2023-12-28T16:54:24.716+0000] {logging_mixin.py:154} INFO - Changing /opt/***/logs/dag_id=air_quality/run_id=scheduled__2023-11-26T04:00:00+00:00/task_id=CheckTable permission to 509
[2023-12-28T16:54:24.723+0000] {logging_mixin.py:154} INFO - Failed to change /opt/***/logs/dag_id=air_quality/run_id=scheduled__2023-11-26T04:00:00+00:00/task_id=CheckTable permission to 509: [Errno 1] Operation not permitted: '/opt/***/logs/dag_id=air_quality/run_id=scheduled__2023-11-26T04:00:00+00:00/task_id=CheckTable'
[2023-12-28T16:54:24.771+0000] {task_command.py:416} INFO - Running <TaskInstance: air_quality.CheckTable scheduled__2023-11-26T04:00:00+00:00 [running]> on host d67dd4682ccf
[2023-12-28T16:54:25.231+0000] {taskinstance.py:1662} INFO - Exporting env vars: AIRFLOW_CTX_DAG_OWNER='ghifari' AIRFLOW_CTX_DAG_ID='air_quality' AIRFLOW_CTX_TASK_ID='CheckTable' AIRFLOW_CTX_EXECUTION_DATE='2023-11-26T04:00:00+00:00' AIRFLOW_CTX_TRY_NUMBER='1' AIRFLOW_CTX_DAG_RUN_ID='scheduled__2023-11-26T04:00:00+00:00'
[2023-12-28T16:54:25.316+0000] {airQuality.py:183} INFO - Table Created: 
        CREATE TABLE air_quality (
            id serial primary key, 
            city varchar(250),
            country varchar(250), 
            unit varchar(20), 
            last_value float8, 
            lat float8,
            lng float8
        )
    
[2023-12-28T16:54:25.323+0000] {python.py:194} INFO - Done. Returned value was: Insert_Data
[2023-12-28T16:54:25.331+0000] {python.py:227} INFO - Branch callable return Insert_Data
[2023-12-28T16:54:25.333+0000] {skipmixin.py:173} INFO - Following branch Insert_Data
[2023-12-28T16:54:25.408+0000] {skipmixin.py:239} INFO - Skipping tasks []
[2023-12-28T16:54:25.639+0000] {taskinstance.py:1400} INFO - Marking task as SUCCESS. dag_id=air_quality, task_id=CheckTable, execution_date=20231126T040000, start_date=20231228T165424, end_date=20231228T165425
[2023-12-28T16:54:25.746+0000] {local_task_job_runner.py:228} INFO - Task exited with return code 0
[2023-12-28T16:54:25.897+0000] {taskinstance.py:2778} INFO - 1 downstream tasks scheduled from follow-on schedule check
