[2023-12-17T11:19:06.685+0000] {logging_mixin.py:154} INFO - Changing /opt/***/logs/dag_id=air_quality/run_id=scheduled__2023-12-13T04:00:00+00:00/task_id=Transform permission to 509
[2023-12-17T11:19:06.688+0000] {logging_mixin.py:154} INFO - Failed to change /opt/***/logs/dag_id=air_quality/run_id=scheduled__2023-12-13T04:00:00+00:00/task_id=Transform permission to 509: [Errno 1] Operation not permitted: '/opt/***/logs/dag_id=air_quality/run_id=scheduled__2023-12-13T04:00:00+00:00/task_id=Transform'
[2023-12-17T11:19:06.792+0000] {logging_mixin.py:154} INFO - Changing /opt/***/logs/dag_id=air_quality/run_id=scheduled__2023-12-13T04:00:00+00:00/task_id=Transform permission to 509
[2023-12-17T11:19:06.797+0000] {logging_mixin.py:154} INFO - Failed to change /opt/***/logs/dag_id=air_quality/run_id=scheduled__2023-12-13T04:00:00+00:00/task_id=Transform permission to 509: [Errno 1] Operation not permitted: '/opt/***/logs/dag_id=air_quality/run_id=scheduled__2023-12-13T04:00:00+00:00/task_id=Transform'
[2023-12-17T11:19:06.881+0000] {taskinstance.py:1159} INFO - Dependencies all met for dep_context=non-requeueable deps ti=<TaskInstance: air_quality.Transform scheduled__2023-12-13T04:00:00+00:00 [queued]>
[2023-12-17T11:19:06.905+0000] {taskinstance.py:1159} INFO - Dependencies all met for dep_context=requeueable deps ti=<TaskInstance: air_quality.Transform scheduled__2023-12-13T04:00:00+00:00 [queued]>
[2023-12-17T11:19:06.906+0000] {taskinstance.py:1361} INFO - Starting attempt 1 of 2
[2023-12-17T11:19:06.946+0000] {taskinstance.py:1382} INFO - Executing <Task(PythonOperator): Transform> on 2023-12-13 04:00:00+00:00
[2023-12-17T11:19:06.956+0000] {standard_task_runner.py:57} INFO - Started process 2423 to run task
[2023-12-17T11:19:06.965+0000] {standard_task_runner.py:84} INFO - Running: ['***', 'tasks', 'run', 'air_quality', 'Transform', 'scheduled__2023-12-13T04:00:00+00:00', '--job-id', '400', '--raw', '--subdir', 'DAGS_FOLDER/airQuality.py', '--cfg-path', '/tmp/tmpmndbdyav']
[2023-12-17T11:19:06.967+0000] {standard_task_runner.py:85} INFO - Job 400: Subtask Transform
[2023-12-17T11:19:07.083+0000] {logging_mixin.py:154} INFO - Changing /opt/***/logs/dag_id=air_quality/run_id=scheduled__2023-12-13T04:00:00+00:00/task_id=Transform permission to 509
[2023-12-17T11:19:07.084+0000] {logging_mixin.py:154} INFO - Failed to change /opt/***/logs/dag_id=air_quality/run_id=scheduled__2023-12-13T04:00:00+00:00/task_id=Transform permission to 509: [Errno 1] Operation not permitted: '/opt/***/logs/dag_id=air_quality/run_id=scheduled__2023-12-13T04:00:00+00:00/task_id=Transform'
[2023-12-17T11:19:07.090+0000] {task_command.py:416} INFO - Running <TaskInstance: air_quality.Transform scheduled__2023-12-13T04:00:00+00:00 [running]> on host 1a58977f5573
[2023-12-17T11:19:07.277+0000] {taskinstance.py:1662} INFO - Exporting env vars: AIRFLOW_CTX_DAG_OWNER='ghifari' AIRFLOW_CTX_DAG_ID='air_quality' AIRFLOW_CTX_TASK_ID='Transform' AIRFLOW_CTX_EXECUTION_DATE='2023-12-13T04:00:00+00:00' AIRFLOW_CTX_TRY_NUMBER='1' AIRFLOW_CTX_DAG_RUN_ID='scheduled__2023-12-13T04:00:00+00:00'
[2023-12-17T11:19:08.578+0000] {python.py:194} INFO - Done. Returned value was:       city country unit  last_value       lat         lng
0  Jakarta      ID   o3      -0.999 -6.182536  106.834236
[2023-12-17T11:19:08.683+0000] {taskinstance.py:1400} INFO - Marking task as SUCCESS. dag_id=air_quality, task_id=Transform, execution_date=20231213T040000, start_date=20231217T111906, end_date=20231217T111908
[2023-12-17T11:19:08.785+0000] {local_task_job_runner.py:228} INFO - Task exited with return code 0
[2023-12-17T11:19:08.890+0000] {taskinstance.py:2778} INFO - 1 downstream tasks scheduled from follow-on schedule check
[2023-12-17T12:18:16.839+0000] {logging_mixin.py:154} INFO - Changing /opt/***/logs/dag_id=air_quality/run_id=scheduled__2023-12-13T04:00:00+00:00/task_id=Transform permission to 509
[2023-12-17T12:18:16.842+0000] {logging_mixin.py:154} INFO - Failed to change /opt/***/logs/dag_id=air_quality/run_id=scheduled__2023-12-13T04:00:00+00:00/task_id=Transform permission to 509: [Errno 1] Operation not permitted: '/opt/***/logs/dag_id=air_quality/run_id=scheduled__2023-12-13T04:00:00+00:00/task_id=Transform'
[2023-12-17T12:18:16.979+0000] {logging_mixin.py:154} INFO - Changing /opt/***/logs/dag_id=air_quality/run_id=scheduled__2023-12-13T04:00:00+00:00/task_id=Transform permission to 509
[2023-12-17T12:18:16.980+0000] {logging_mixin.py:154} INFO - Failed to change /opt/***/logs/dag_id=air_quality/run_id=scheduled__2023-12-13T04:00:00+00:00/task_id=Transform permission to 509: [Errno 1] Operation not permitted: '/opt/***/logs/dag_id=air_quality/run_id=scheduled__2023-12-13T04:00:00+00:00/task_id=Transform'
[2023-12-17T12:18:17.092+0000] {taskinstance.py:1159} INFO - Dependencies all met for dep_context=non-requeueable deps ti=<TaskInstance: air_quality.Transform scheduled__2023-12-13T04:00:00+00:00 [queued]>
[2023-12-17T12:18:17.119+0000] {taskinstance.py:1159} INFO - Dependencies all met for dep_context=requeueable deps ti=<TaskInstance: air_quality.Transform scheduled__2023-12-13T04:00:00+00:00 [queued]>
[2023-12-17T12:18:17.120+0000] {taskinstance.py:1361} INFO - Starting attempt 1 of 2
[2023-12-17T12:18:17.161+0000] {taskinstance.py:1382} INFO - Executing <Task(PythonOperator): Transform> on 2023-12-13 04:00:00+00:00
[2023-12-17T12:18:17.171+0000] {standard_task_runner.py:57} INFO - Started process 4131 to run task
[2023-12-17T12:18:17.178+0000] {standard_task_runner.py:84} INFO - Running: ['***', 'tasks', 'run', 'air_quality', 'Transform', 'scheduled__2023-12-13T04:00:00+00:00', '--job-id', '614', '--raw', '--subdir', 'DAGS_FOLDER/airQuality.py', '--cfg-path', '/tmp/tmp8afnu8rx']
[2023-12-17T12:18:17.180+0000] {standard_task_runner.py:85} INFO - Job 614: Subtask Transform
[2023-12-17T12:18:17.311+0000] {logging_mixin.py:154} INFO - Changing /opt/***/logs/dag_id=air_quality/run_id=scheduled__2023-12-13T04:00:00+00:00/task_id=Transform permission to 509
[2023-12-17T12:18:17.313+0000] {logging_mixin.py:154} INFO - Failed to change /opt/***/logs/dag_id=air_quality/run_id=scheduled__2023-12-13T04:00:00+00:00/task_id=Transform permission to 509: [Errno 1] Operation not permitted: '/opt/***/logs/dag_id=air_quality/run_id=scheduled__2023-12-13T04:00:00+00:00/task_id=Transform'
[2023-12-17T12:18:17.316+0000] {task_command.py:416} INFO - Running <TaskInstance: air_quality.Transform scheduled__2023-12-13T04:00:00+00:00 [running]> on host 1a58977f5573
[2023-12-17T12:18:17.524+0000] {taskinstance.py:1662} INFO - Exporting env vars: AIRFLOW_CTX_DAG_OWNER='ghifari' AIRFLOW_CTX_DAG_ID='air_quality' AIRFLOW_CTX_TASK_ID='Transform' AIRFLOW_CTX_EXECUTION_DATE='2023-12-13T04:00:00+00:00' AIRFLOW_CTX_TRY_NUMBER='1' AIRFLOW_CTX_DAG_RUN_ID='scheduled__2023-12-13T04:00:00+00:00'
[2023-12-17T12:18:19.038+0000] {python.py:194} INFO - Done. Returned value was:       city country  unit  last_value       lat         lng
0  Jakarta      ID  pm25      -999.0 -6.182536  106.834236
[2023-12-17T12:18:19.162+0000] {taskinstance.py:1400} INFO - Marking task as SUCCESS. dag_id=air_quality, task_id=Transform, execution_date=20231213T040000, start_date=20231217T121817, end_date=20231217T121819
[2023-12-17T12:18:19.431+0000] {local_task_job_runner.py:228} INFO - Task exited with return code 0
[2023-12-17T12:18:19.545+0000] {taskinstance.py:2778} INFO - 1 downstream tasks scheduled from follow-on schedule check
[2023-12-17T12:18:51.931+0000] {logging_mixin.py:154} INFO - Changing /opt/***/logs/dag_id=air_quality/run_id=scheduled__2023-12-13T04:00:00+00:00/task_id=Transform permission to 509
[2023-12-17T12:18:51.933+0000] {logging_mixin.py:154} INFO - Failed to change /opt/***/logs/dag_id=air_quality/run_id=scheduled__2023-12-13T04:00:00+00:00/task_id=Transform permission to 509: [Errno 1] Operation not permitted: '/opt/***/logs/dag_id=air_quality/run_id=scheduled__2023-12-13T04:00:00+00:00/task_id=Transform'
[2023-12-17T12:18:51.968+0000] {logging_mixin.py:154} INFO - Changing /opt/***/logs/dag_id=air_quality/run_id=scheduled__2023-12-13T04:00:00+00:00/task_id=Transform permission to 509
[2023-12-17T12:18:51.969+0000] {logging_mixin.py:154} INFO - Failed to change /opt/***/logs/dag_id=air_quality/run_id=scheduled__2023-12-13T04:00:00+00:00/task_id=Transform permission to 509: [Errno 1] Operation not permitted: '/opt/***/logs/dag_id=air_quality/run_id=scheduled__2023-12-13T04:00:00+00:00/task_id=Transform'
[2023-12-17T12:18:52.015+0000] {taskinstance.py:1159} INFO - Dependencies all met for dep_context=non-requeueable deps ti=<TaskInstance: air_quality.Transform scheduled__2023-12-13T04:00:00+00:00 [queued]>
[2023-12-17T12:18:52.033+0000] {taskinstance.py:1159} INFO - Dependencies all met for dep_context=requeueable deps ti=<TaskInstance: air_quality.Transform scheduled__2023-12-13T04:00:00+00:00 [queued]>
[2023-12-17T12:18:52.034+0000] {taskinstance.py:1361} INFO - Starting attempt 1 of 2
[2023-12-17T12:18:52.059+0000] {taskinstance.py:1382} INFO - Executing <Task(PythonOperator): Transform> on 2023-12-13 04:00:00+00:00
[2023-12-17T12:18:52.065+0000] {standard_task_runner.py:57} INFO - Started process 4464 to run task
[2023-12-17T12:18:52.069+0000] {standard_task_runner.py:84} INFO - Running: ['***', 'tasks', 'run', 'air_quality', 'Transform', 'scheduled__2023-12-13T04:00:00+00:00', '--job-id', '683', '--raw', '--subdir', 'DAGS_FOLDER/airQuality.py', '--cfg-path', '/tmp/tmpnqbm6kow']
[2023-12-17T12:18:52.071+0000] {standard_task_runner.py:85} INFO - Job 683: Subtask Transform
[2023-12-17T12:18:52.136+0000] {logging_mixin.py:154} INFO - Changing /opt/***/logs/dag_id=air_quality/run_id=scheduled__2023-12-13T04:00:00+00:00/task_id=Transform permission to 509
[2023-12-17T12:18:52.137+0000] {logging_mixin.py:154} INFO - Failed to change /opt/***/logs/dag_id=air_quality/run_id=scheduled__2023-12-13T04:00:00+00:00/task_id=Transform permission to 509: [Errno 1] Operation not permitted: '/opt/***/logs/dag_id=air_quality/run_id=scheduled__2023-12-13T04:00:00+00:00/task_id=Transform'
[2023-12-17T12:18:52.140+0000] {task_command.py:416} INFO - Running <TaskInstance: air_quality.Transform scheduled__2023-12-13T04:00:00+00:00 [running]> on host 1a58977f5573
[2023-12-17T12:18:52.240+0000] {taskinstance.py:1662} INFO - Exporting env vars: AIRFLOW_CTX_DAG_OWNER='ghifari' AIRFLOW_CTX_DAG_ID='air_quality' AIRFLOW_CTX_TASK_ID='Transform' AIRFLOW_CTX_EXECUTION_DATE='2023-12-13T04:00:00+00:00' AIRFLOW_CTX_TRY_NUMBER='1' AIRFLOW_CTX_DAG_RUN_ID='scheduled__2023-12-13T04:00:00+00:00'
[2023-12-17T12:18:53.366+0000] {python.py:194} INFO - Done. Returned value was:       city country  unit  last_value       lat         lng
0  Jakarta      ID  pm25      -999.0 -6.182536  106.834236
[2023-12-17T12:18:53.432+0000] {taskinstance.py:1400} INFO - Marking task as SUCCESS. dag_id=air_quality, task_id=Transform, execution_date=20231213T040000, start_date=20231217T121852, end_date=20231217T121853
[2023-12-17T12:18:53.492+0000] {local_task_job_runner.py:228} INFO - Task exited with return code 0
[2023-12-17T12:18:53.660+0000] {taskinstance.py:2778} INFO - 0 downstream tasks scheduled from follow-on schedule check
[2023-12-28T16:51:53.862+0000] {logging_mixin.py:154} INFO - Changing /opt/***/logs/dag_id=air_quality/run_id=scheduled__2023-12-13T04:00:00+00:00/task_id=Transform permission to 509
[2023-12-28T16:51:53.867+0000] {logging_mixin.py:154} INFO - Failed to change /opt/***/logs/dag_id=air_quality/run_id=scheduled__2023-12-13T04:00:00+00:00/task_id=Transform permission to 509: [Errno 1] Operation not permitted: '/opt/***/logs/dag_id=air_quality/run_id=scheduled__2023-12-13T04:00:00+00:00/task_id=Transform'
[2023-12-28T16:51:54.044+0000] {logging_mixin.py:154} INFO - Changing /opt/***/logs/dag_id=air_quality/run_id=scheduled__2023-12-13T04:00:00+00:00/task_id=Transform permission to 509
[2023-12-28T16:51:54.046+0000] {logging_mixin.py:154} INFO - Failed to change /opt/***/logs/dag_id=air_quality/run_id=scheduled__2023-12-13T04:00:00+00:00/task_id=Transform permission to 509: [Errno 1] Operation not permitted: '/opt/***/logs/dag_id=air_quality/run_id=scheduled__2023-12-13T04:00:00+00:00/task_id=Transform'
[2023-12-28T16:51:54.319+0000] {taskinstance.py:1159} INFO - Dependencies all met for dep_context=non-requeueable deps ti=<TaskInstance: air_quality.Transform scheduled__2023-12-13T04:00:00+00:00 [queued]>
[2023-12-28T16:51:54.394+0000] {taskinstance.py:1159} INFO - Dependencies all met for dep_context=requeueable deps ti=<TaskInstance: air_quality.Transform scheduled__2023-12-13T04:00:00+00:00 [queued]>
[2023-12-28T16:51:54.396+0000] {taskinstance.py:1361} INFO - Starting attempt 1 of 2
[2023-12-28T16:51:54.451+0000] {taskinstance.py:1382} INFO - Executing <Task(PythonOperator): Transform> on 2023-12-13 04:00:00+00:00
[2023-12-28T16:51:54.490+0000] {standard_task_runner.py:57} INFO - Started process 254 to run task
[2023-12-28T16:51:54.541+0000] {standard_task_runner.py:84} INFO - Running: ['***', 'tasks', 'run', 'air_quality', 'Transform', 'scheduled__2023-12-13T04:00:00+00:00', '--job-id', '873', '--raw', '--subdir', 'DAGS_FOLDER/airQuality.py', '--cfg-path', '/tmp/tmp3whsq5wu']
[2023-12-28T16:51:54.548+0000] {standard_task_runner.py:85} INFO - Job 873: Subtask Transform
[2023-12-28T16:51:54.774+0000] {logging_mixin.py:154} INFO - Changing /opt/***/logs/dag_id=air_quality/run_id=scheduled__2023-12-13T04:00:00+00:00/task_id=Transform permission to 509
[2023-12-28T16:51:54.778+0000] {logging_mixin.py:154} INFO - Failed to change /opt/***/logs/dag_id=air_quality/run_id=scheduled__2023-12-13T04:00:00+00:00/task_id=Transform permission to 509: [Errno 1] Operation not permitted: '/opt/***/logs/dag_id=air_quality/run_id=scheduled__2023-12-13T04:00:00+00:00/task_id=Transform'
[2023-12-28T16:51:54.790+0000] {task_command.py:416} INFO - Running <TaskInstance: air_quality.Transform scheduled__2023-12-13T04:00:00+00:00 [running]> on host d67dd4682ccf
[2023-12-28T16:51:55.271+0000] {taskinstance.py:1662} INFO - Exporting env vars: AIRFLOW_CTX_DAG_OWNER='ghifari' AIRFLOW_CTX_DAG_ID='air_quality' AIRFLOW_CTX_TASK_ID='Transform' AIRFLOW_CTX_EXECUTION_DATE='2023-12-13T04:00:00+00:00' AIRFLOW_CTX_TRY_NUMBER='1' AIRFLOW_CTX_DAG_RUN_ID='scheduled__2023-12-13T04:00:00+00:00'
[2023-12-28T16:51:58.653+0000] {python.py:194} INFO - Done. Returned value was:       city country unit  last_value       lat         lng
0  Jakarta      ID   o3      -0.999 -6.182536  106.834236
[2023-12-28T16:51:58.844+0000] {taskinstance.py:1400} INFO - Marking task as SUCCESS. dag_id=air_quality, task_id=Transform, execution_date=20231213T040000, start_date=20231228T165154, end_date=20231228T165158
[2023-12-28T16:51:58.991+0000] {local_task_job_runner.py:228} INFO - Task exited with return code 0
[2023-12-28T16:51:59.079+0000] {taskinstance.py:2778} INFO - 1 downstream tasks scheduled from follow-on schedule check
[2023-12-28T16:54:52.625+0000] {logging_mixin.py:154} INFO - Changing /opt/***/logs/dag_id=air_quality/run_id=scheduled__2023-12-13T04:00:00+00:00/task_id=Transform permission to 509
[2023-12-28T16:54:52.634+0000] {logging_mixin.py:154} INFO - Failed to change /opt/***/logs/dag_id=air_quality/run_id=scheduled__2023-12-13T04:00:00+00:00/task_id=Transform permission to 509: [Errno 1] Operation not permitted: '/opt/***/logs/dag_id=air_quality/run_id=scheduled__2023-12-13T04:00:00+00:00/task_id=Transform'
[2023-12-28T16:54:52.777+0000] {logging_mixin.py:154} INFO - Changing /opt/***/logs/dag_id=air_quality/run_id=scheduled__2023-12-13T04:00:00+00:00/task_id=Transform permission to 509
[2023-12-28T16:54:52.785+0000] {logging_mixin.py:154} INFO - Failed to change /opt/***/logs/dag_id=air_quality/run_id=scheduled__2023-12-13T04:00:00+00:00/task_id=Transform permission to 509: [Errno 1] Operation not permitted: '/opt/***/logs/dag_id=air_quality/run_id=scheduled__2023-12-13T04:00:00+00:00/task_id=Transform'
[2023-12-28T16:54:52.970+0000] {taskinstance.py:1159} INFO - Dependencies all met for dep_context=non-requeueable deps ti=<TaskInstance: air_quality.Transform scheduled__2023-12-13T04:00:00+00:00 [queued]>
[2023-12-28T16:54:52.999+0000] {taskinstance.py:1159} INFO - Dependencies all met for dep_context=requeueable deps ti=<TaskInstance: air_quality.Transform scheduled__2023-12-13T04:00:00+00:00 [queued]>
[2023-12-28T16:54:53.000+0000] {taskinstance.py:1361} INFO - Starting attempt 1 of 2
[2023-12-28T16:54:53.272+0000] {taskinstance.py:1382} INFO - Executing <Task(PythonOperator): Transform> on 2023-12-13 04:00:00+00:00
[2023-12-28T16:54:53.282+0000] {standard_task_runner.py:57} INFO - Started process 1236 to run task
[2023-12-28T16:54:53.315+0000] {standard_task_runner.py:84} INFO - Running: ['***', 'tasks', 'run', 'air_quality', 'Transform', 'scheduled__2023-12-13T04:00:00+00:00', '--job-id', '1118', '--raw', '--subdir', 'DAGS_FOLDER/airQuality.py', '--cfg-path', '/tmp/tmpew1rjg7g']
[2023-12-28T16:54:53.360+0000] {standard_task_runner.py:85} INFO - Job 1118: Subtask Transform
[2023-12-28T16:54:53.604+0000] {logging_mixin.py:154} INFO - Changing /opt/***/logs/dag_id=air_quality/run_id=scheduled__2023-12-13T04:00:00+00:00/task_id=Transform permission to 509
[2023-12-28T16:54:53.606+0000] {logging_mixin.py:154} INFO - Failed to change /opt/***/logs/dag_id=air_quality/run_id=scheduled__2023-12-13T04:00:00+00:00/task_id=Transform permission to 509: [Errno 1] Operation not permitted: '/opt/***/logs/dag_id=air_quality/run_id=scheduled__2023-12-13T04:00:00+00:00/task_id=Transform'
[2023-12-28T16:54:53.643+0000] {task_command.py:416} INFO - Running <TaskInstance: air_quality.Transform scheduled__2023-12-13T04:00:00+00:00 [running]> on host d67dd4682ccf
[2023-12-28T16:54:54.144+0000] {taskinstance.py:1662} INFO - Exporting env vars: AIRFLOW_CTX_DAG_OWNER='ghifari' AIRFLOW_CTX_DAG_ID='air_quality' AIRFLOW_CTX_TASK_ID='Transform' AIRFLOW_CTX_EXECUTION_DATE='2023-12-13T04:00:00+00:00' AIRFLOW_CTX_TRY_NUMBER='1' AIRFLOW_CTX_DAG_RUN_ID='scheduled__2023-12-13T04:00:00+00:00'
[2023-12-28T16:54:57.318+0000] {python.py:194} INFO - Done. Returned value was:       city country unit  last_value       lat         lng
0  Jakarta      ID   o3      -0.999 -6.182536  106.834236
[2023-12-28T16:54:57.609+0000] {taskinstance.py:1400} INFO - Marking task as SUCCESS. dag_id=air_quality, task_id=Transform, execution_date=20231213T040000, start_date=20231228T165452, end_date=20231228T165457
[2023-12-28T16:54:57.917+0000] {local_task_job_runner.py:228} INFO - Task exited with return code 0
[2023-12-28T16:54:58.153+0000] {taskinstance.py:2778} INFO - 1 downstream tasks scheduled from follow-on schedule check
