[2023-12-16T11:14:26.243+0000] {logging_mixin.py:154} INFO - Changing /opt/***/logs/dag_id=air_quality/run_id=manual__2023-12-16T11:14:19.104736+00:00/task_id=Insert_Data permission to 509
[2023-12-16T11:14:26.245+0000] {logging_mixin.py:154} INFO - Failed to change /opt/***/logs/dag_id=air_quality/run_id=manual__2023-12-16T11:14:19.104736+00:00/task_id=Insert_Data permission to 509: [Errno 1] Operation not permitted: '/opt/***/logs/dag_id=air_quality/run_id=manual__2023-12-16T11:14:19.104736+00:00/task_id=Insert_Data'
[2023-12-16T11:14:26.287+0000] {logging_mixin.py:154} INFO - Changing /opt/***/logs/dag_id=air_quality/run_id=manual__2023-12-16T11:14:19.104736+00:00/task_id=Insert_Data permission to 509
[2023-12-16T11:14:26.288+0000] {logging_mixin.py:154} INFO - Failed to change /opt/***/logs/dag_id=air_quality/run_id=manual__2023-12-16T11:14:19.104736+00:00/task_id=Insert_Data permission to 509: [Errno 1] Operation not permitted: '/opt/***/logs/dag_id=air_quality/run_id=manual__2023-12-16T11:14:19.104736+00:00/task_id=Insert_Data'
[2023-12-16T11:14:26.332+0000] {taskinstance.py:1159} INFO - Dependencies all met for dep_context=non-requeueable deps ti=<TaskInstance: air_quality.Insert_Data manual__2023-12-16T11:14:19.104736+00:00 [queued]>
[2023-12-16T11:14:26.342+0000] {taskinstance.py:1159} INFO - Dependencies all met for dep_context=requeueable deps ti=<TaskInstance: air_quality.Insert_Data manual__2023-12-16T11:14:19.104736+00:00 [queued]>
[2023-12-16T11:14:26.342+0000] {taskinstance.py:1361} INFO - Starting attempt 1 of 2
[2023-12-16T11:14:26.358+0000] {taskinstance.py:1382} INFO - Executing <Task(PythonOperator): Insert_Data> on 2023-12-16 11:14:19.104736+00:00
[2023-12-16T11:14:26.362+0000] {standard_task_runner.py:57} INFO - Started process 440 to run task
[2023-12-16T11:14:26.365+0000] {standard_task_runner.py:84} INFO - Running: ['***', 'tasks', 'run', 'air_quality', 'Insert_Data', 'manual__2023-12-16T11:14:19.104736+00:00', '--job-id', '122', '--raw', '--subdir', 'DAGS_FOLDER/airQuality.py', '--cfg-path', '/tmp/tmpsivjyy0x']
[2023-12-16T11:14:26.367+0000] {standard_task_runner.py:85} INFO - Job 122: Subtask Insert_Data
[2023-12-16T11:14:26.415+0000] {logging_mixin.py:154} INFO - Changing /opt/***/logs/dag_id=air_quality/run_id=manual__2023-12-16T11:14:19.104736+00:00/task_id=Insert_Data permission to 509
[2023-12-16T11:14:26.416+0000] {logging_mixin.py:154} INFO - Failed to change /opt/***/logs/dag_id=air_quality/run_id=manual__2023-12-16T11:14:19.104736+00:00/task_id=Insert_Data permission to 509: [Errno 1] Operation not permitted: '/opt/***/logs/dag_id=air_quality/run_id=manual__2023-12-16T11:14:19.104736+00:00/task_id=Insert_Data'
[2023-12-16T11:14:26.418+0000] {task_command.py:416} INFO - Running <TaskInstance: air_quality.Insert_Data manual__2023-12-16T11:14:19.104736+00:00 [running]> on host d739bc9bef06
[2023-12-16T11:14:26.519+0000] {taskinstance.py:1662} INFO - Exporting env vars: AIRFLOW_CTX_DAG_OWNER='ghifari' AIRFLOW_CTX_DAG_ID='air_quality' AIRFLOW_CTX_TASK_ID='Insert_Data' AIRFLOW_CTX_EXECUTION_DATE='2023-12-16T11:14:19.104736+00:00' AIRFLOW_CTX_TRY_NUMBER='1' AIRFLOW_CTX_DAG_RUN_ID='manual__2023-12-16T11:14:19.104736+00:00'
[2023-12-16T11:14:27.066+0000] {logging_mixin.py:154} INFO - city           object
country        object
unit           object
last_value    float64
lat           float64
lng           float64
dtype: object
[2023-12-16T11:14:27.068+0000] {python.py:194} INFO - Done. Returned value was: None
[2023-12-16T11:14:27.079+0000] {taskinstance.py:1400} INFO - Marking task as SUCCESS. dag_id=air_quality, task_id=Insert_Data, execution_date=20231216T111419, start_date=20231216T111426, end_date=20231216T111427
[2023-12-16T11:14:27.141+0000] {local_task_job_runner.py:228} INFO - Task exited with return code 0
[2023-12-16T11:14:27.164+0000] {taskinstance.py:2778} INFO - 0 downstream tasks scheduled from follow-on schedule check
