[2023-12-28T16:08:45.271+0000] {logging_mixin.py:154} INFO - Changing /opt/***/logs/dag_id=air_quality/run_id=scheduled__2023-12-18T04:00:00+00:00/task_id=Check_Response permission to 509
[2023-12-28T16:08:45.273+0000] {logging_mixin.py:154} INFO - Failed to change /opt/***/logs/dag_id=air_quality/run_id=scheduled__2023-12-18T04:00:00+00:00/task_id=Check_Response permission to 509: [Errno 1] Operation not permitted: '/opt/***/logs/dag_id=air_quality/run_id=scheduled__2023-12-18T04:00:00+00:00/task_id=Check_Response'
[2023-12-28T16:08:45.453+0000] {logging_mixin.py:154} INFO - Changing /opt/***/logs/dag_id=air_quality/run_id=scheduled__2023-12-18T04:00:00+00:00/task_id=Check_Response permission to 509
[2023-12-28T16:08:45.454+0000] {logging_mixin.py:154} INFO - Failed to change /opt/***/logs/dag_id=air_quality/run_id=scheduled__2023-12-18T04:00:00+00:00/task_id=Check_Response permission to 509: [Errno 1] Operation not permitted: '/opt/***/logs/dag_id=air_quality/run_id=scheduled__2023-12-18T04:00:00+00:00/task_id=Check_Response'
[2023-12-28T16:08:45.592+0000] {taskinstance.py:1159} INFO - Dependencies all met for dep_context=non-requeueable deps ti=<TaskInstance: air_quality.Check_Response scheduled__2023-12-18T04:00:00+00:00 [queued]>
[2023-12-28T16:08:45.648+0000] {taskinstance.py:1159} INFO - Dependencies all met for dep_context=requeueable deps ti=<TaskInstance: air_quality.Check_Response scheduled__2023-12-18T04:00:00+00:00 [queued]>
[2023-12-28T16:08:45.659+0000] {taskinstance.py:1361} INFO - Starting attempt 1 of 2
[2023-12-28T16:08:45.706+0000] {taskinstance.py:1382} INFO - Executing <Task(BranchPythonOperator): Check_Response> on 2023-12-18 04:00:00+00:00
[2023-12-28T16:08:45.729+0000] {standard_task_runner.py:57} INFO - Started process 489 to run task
[2023-12-28T16:08:45.742+0000] {standard_task_runner.py:84} INFO - Running: ['***', 'tasks', 'run', 'air_quality', 'Check_Response', 'scheduled__2023-12-18T04:00:00+00:00', '--job-id', '739', '--raw', '--subdir', 'DAGS_FOLDER/airQuality.py', '--cfg-path', '/tmp/tmpm497i6eb']
[2023-12-28T16:08:45.747+0000] {standard_task_runner.py:85} INFO - Job 739: Subtask Check_Response
[2023-12-28T16:08:45.908+0000] {logging_mixin.py:154} INFO - Changing /opt/***/logs/dag_id=air_quality/run_id=scheduled__2023-12-18T04:00:00+00:00/task_id=Check_Response permission to 509
[2023-12-28T16:08:45.909+0000] {logging_mixin.py:154} INFO - Failed to change /opt/***/logs/dag_id=air_quality/run_id=scheduled__2023-12-18T04:00:00+00:00/task_id=Check_Response permission to 509: [Errno 1] Operation not permitted: '/opt/***/logs/dag_id=air_quality/run_id=scheduled__2023-12-18T04:00:00+00:00/task_id=Check_Response'
[2023-12-28T16:08:45.919+0000] {task_command.py:416} INFO - Running <TaskInstance: air_quality.Check_Response scheduled__2023-12-18T04:00:00+00:00 [running]> on host d67dd4682ccf
[2023-12-28T16:08:46.164+0000] {taskinstance.py:1662} INFO - Exporting env vars: AIRFLOW_CTX_DAG_OWNER='ghifari' AIRFLOW_CTX_DAG_ID='air_quality' AIRFLOW_CTX_TASK_ID='Check_Response' AIRFLOW_CTX_EXECUTION_DATE='2023-12-18T04:00:00+00:00' AIRFLOW_CTX_TRY_NUMBER='1' AIRFLOW_CTX_DAG_RUN_ID='scheduled__2023-12-18T04:00:00+00:00'
[2023-12-28T16:08:46.202+0000] {airQuality.py:90} INFO - Data Found: {'city': ['Jakarta'], 'country': ['ID'], 'unit': ['pm25'], 'last_value': [-999.0], 'lat': [-6.182536], 'lng': [106.834236]}
[2023-12-28T16:08:46.203+0000] {python.py:194} INFO - Done. Returned value was: Transform
[2023-12-28T16:08:46.204+0000] {python.py:227} INFO - Branch callable return Transform
[2023-12-28T16:08:46.205+0000] {skipmixin.py:173} INFO - Following branch Transform
[2023-12-28T16:08:46.243+0000] {skipmixin.py:239} INFO - Skipping tasks [('Error_Response', -1)]
[2023-12-28T16:08:46.528+0000] {taskinstance.py:1400} INFO - Marking task as SUCCESS. dag_id=air_quality, task_id=Check_Response, execution_date=20231218T040000, start_date=20231228T160845, end_date=20231228T160846
[2023-12-28T16:08:47.047+0000] {local_task_job_runner.py:228} INFO - Task exited with return code 0
[2023-12-28T16:08:47.285+0000] {taskinstance.py:2778} INFO - 1 downstream tasks scheduled from follow-on schedule check
[2023-12-28T16:51:58.099+0000] {logging_mixin.py:154} INFO - Changing /opt/***/logs/dag_id=air_quality/run_id=scheduled__2023-12-18T04:00:00+00:00/task_id=Check_Response permission to 509
[2023-12-28T16:51:58.110+0000] {logging_mixin.py:154} INFO - Failed to change /opt/***/logs/dag_id=air_quality/run_id=scheduled__2023-12-18T04:00:00+00:00/task_id=Check_Response permission to 509: [Errno 1] Operation not permitted: '/opt/***/logs/dag_id=air_quality/run_id=scheduled__2023-12-18T04:00:00+00:00/task_id=Check_Response'
[2023-12-28T16:51:58.239+0000] {logging_mixin.py:154} INFO - Changing /opt/***/logs/dag_id=air_quality/run_id=scheduled__2023-12-18T04:00:00+00:00/task_id=Check_Response permission to 509
[2023-12-28T16:51:58.241+0000] {logging_mixin.py:154} INFO - Failed to change /opt/***/logs/dag_id=air_quality/run_id=scheduled__2023-12-18T04:00:00+00:00/task_id=Check_Response permission to 509: [Errno 1] Operation not permitted: '/opt/***/logs/dag_id=air_quality/run_id=scheduled__2023-12-18T04:00:00+00:00/task_id=Check_Response'
[2023-12-28T16:51:58.404+0000] {taskinstance.py:1159} INFO - Dependencies all met for dep_context=non-requeueable deps ti=<TaskInstance: air_quality.Check_Response scheduled__2023-12-18T04:00:00+00:00 [queued]>
[2023-12-28T16:51:58.547+0000] {taskinstance.py:1159} INFO - Dependencies all met for dep_context=requeueable deps ti=<TaskInstance: air_quality.Check_Response scheduled__2023-12-18T04:00:00+00:00 [queued]>
[2023-12-28T16:51:58.548+0000] {taskinstance.py:1361} INFO - Starting attempt 1 of 2
[2023-12-28T16:51:58.629+0000] {taskinstance.py:1382} INFO - Executing <Task(BranchPythonOperator): Check_Response> on 2023-12-18 04:00:00+00:00
[2023-12-28T16:51:58.643+0000] {standard_task_runner.py:57} INFO - Started process 276 to run task
[2023-12-28T16:51:58.665+0000] {standard_task_runner.py:84} INFO - Running: ['***', 'tasks', 'run', 'air_quality', 'Check_Response', 'scheduled__2023-12-18T04:00:00+00:00', '--job-id', '883', '--raw', '--subdir', 'DAGS_FOLDER/airQuality.py', '--cfg-path', '/tmp/tmpg0ykgu66']
[2023-12-28T16:51:58.681+0000] {standard_task_runner.py:85} INFO - Job 883: Subtask Check_Response
[2023-12-28T16:51:58.920+0000] {logging_mixin.py:154} INFO - Changing /opt/***/logs/dag_id=air_quality/run_id=scheduled__2023-12-18T04:00:00+00:00/task_id=Check_Response permission to 509
[2023-12-28T16:51:58.921+0000] {logging_mixin.py:154} INFO - Failed to change /opt/***/logs/dag_id=air_quality/run_id=scheduled__2023-12-18T04:00:00+00:00/task_id=Check_Response permission to 509: [Errno 1] Operation not permitted: '/opt/***/logs/dag_id=air_quality/run_id=scheduled__2023-12-18T04:00:00+00:00/task_id=Check_Response'
[2023-12-28T16:51:58.927+0000] {task_command.py:416} INFO - Running <TaskInstance: air_quality.Check_Response scheduled__2023-12-18T04:00:00+00:00 [running]> on host d67dd4682ccf
[2023-12-28T16:51:59.299+0000] {taskinstance.py:1662} INFO - Exporting env vars: AIRFLOW_CTX_DAG_OWNER='ghifari' AIRFLOW_CTX_DAG_ID='air_quality' AIRFLOW_CTX_TASK_ID='Check_Response' AIRFLOW_CTX_EXECUTION_DATE='2023-12-18T04:00:00+00:00' AIRFLOW_CTX_TRY_NUMBER='1' AIRFLOW_CTX_DAG_RUN_ID='scheduled__2023-12-18T04:00:00+00:00'
[2023-12-28T16:51:59.363+0000] {airQuality.py:90} INFO - Data Found: {'city': ['Jakarta'], 'country': ['ID'], 'unit': ['o3'], 'last_value': [-0.999], 'lat': [-6.182536], 'lng': [106.834236]}
[2023-12-28T16:51:59.370+0000] {python.py:194} INFO - Done. Returned value was: Transform
[2023-12-28T16:51:59.371+0000] {python.py:227} INFO - Branch callable return Transform
[2023-12-28T16:51:59.372+0000] {skipmixin.py:173} INFO - Following branch Transform
[2023-12-28T16:51:59.456+0000] {skipmixin.py:239} INFO - Skipping tasks [('Error_Response', -1)]
[2023-12-28T16:51:59.732+0000] {taskinstance.py:1400} INFO - Marking task as SUCCESS. dag_id=air_quality, task_id=Check_Response, execution_date=20231218T040000, start_date=20231228T165158, end_date=20231228T165159
[2023-12-28T16:51:59.829+0000] {local_task_job_runner.py:228} INFO - Task exited with return code 0
[2023-12-28T16:52:00.045+0000] {taskinstance.py:2778} INFO - 1 downstream tasks scheduled from follow-on schedule check
[2023-12-28T16:52:26.221+0000] {logging_mixin.py:154} INFO - Changing /opt/***/logs/dag_id=air_quality/run_id=scheduled__2023-12-18T04:00:00+00:00/task_id=Check_Response permission to 509
[2023-12-28T16:52:26.229+0000] {logging_mixin.py:154} INFO - Failed to change /opt/***/logs/dag_id=air_quality/run_id=scheduled__2023-12-18T04:00:00+00:00/task_id=Check_Response permission to 509: [Errno 1] Operation not permitted: '/opt/***/logs/dag_id=air_quality/run_id=scheduled__2023-12-18T04:00:00+00:00/task_id=Check_Response'
[2023-12-28T16:52:26.337+0000] {logging_mixin.py:154} INFO - Changing /opt/***/logs/dag_id=air_quality/run_id=scheduled__2023-12-18T04:00:00+00:00/task_id=Check_Response permission to 509
[2023-12-28T16:52:26.340+0000] {logging_mixin.py:154} INFO - Failed to change /opt/***/logs/dag_id=air_quality/run_id=scheduled__2023-12-18T04:00:00+00:00/task_id=Check_Response permission to 509: [Errno 1] Operation not permitted: '/opt/***/logs/dag_id=air_quality/run_id=scheduled__2023-12-18T04:00:00+00:00/task_id=Check_Response'
[2023-12-28T16:52:26.436+0000] {taskinstance.py:1159} INFO - Dependencies all met for dep_context=non-requeueable deps ti=<TaskInstance: air_quality.Check_Response scheduled__2023-12-18T04:00:00+00:00 [queued]>
[2023-12-28T16:52:26.461+0000] {taskinstance.py:1159} INFO - Dependencies all met for dep_context=requeueable deps ti=<TaskInstance: air_quality.Check_Response scheduled__2023-12-18T04:00:00+00:00 [queued]>
[2023-12-28T16:52:26.462+0000] {taskinstance.py:1361} INFO - Starting attempt 1 of 2
[2023-12-28T16:52:26.530+0000] {taskinstance.py:1382} INFO - Executing <Task(BranchPythonOperator): Check_Response> on 2023-12-18 04:00:00+00:00
[2023-12-28T16:52:26.544+0000] {standard_task_runner.py:57} INFO - Started process 535 to run task
[2023-12-28T16:52:26.557+0000] {standard_task_runner.py:84} INFO - Running: ['***', 'tasks', 'run', 'air_quality', 'Check_Response', 'scheduled__2023-12-18T04:00:00+00:00', '--job-id', '952', '--raw', '--subdir', 'DAGS_FOLDER/airQuality.py', '--cfg-path', '/tmp/tmpotdveb4l']
[2023-12-28T16:52:26.561+0000] {standard_task_runner.py:85} INFO - Job 952: Subtask Check_Response
[2023-12-28T16:52:26.760+0000] {logging_mixin.py:154} INFO - Changing /opt/***/logs/dag_id=air_quality/run_id=scheduled__2023-12-18T04:00:00+00:00/task_id=Check_Response permission to 509
[2023-12-28T16:52:26.763+0000] {logging_mixin.py:154} INFO - Failed to change /opt/***/logs/dag_id=air_quality/run_id=scheduled__2023-12-18T04:00:00+00:00/task_id=Check_Response permission to 509: [Errno 1] Operation not permitted: '/opt/***/logs/dag_id=air_quality/run_id=scheduled__2023-12-18T04:00:00+00:00/task_id=Check_Response'
[2023-12-28T16:52:26.776+0000] {task_command.py:416} INFO - Running <TaskInstance: air_quality.Check_Response scheduled__2023-12-18T04:00:00+00:00 [running]> on host d67dd4682ccf
[2023-12-28T16:52:27.073+0000] {taskinstance.py:1662} INFO - Exporting env vars: AIRFLOW_CTX_DAG_OWNER='ghifari' AIRFLOW_CTX_DAG_ID='air_quality' AIRFLOW_CTX_TASK_ID='Check_Response' AIRFLOW_CTX_EXECUTION_DATE='2023-12-18T04:00:00+00:00' AIRFLOW_CTX_TRY_NUMBER='1' AIRFLOW_CTX_DAG_RUN_ID='scheduled__2023-12-18T04:00:00+00:00'
[2023-12-28T16:52:27.111+0000] {airQuality.py:90} INFO - Data Found: {'city': ['Jakarta'], 'country': ['ID'], 'unit': ['o3'], 'last_value': [-0.999], 'lat': [-6.182536], 'lng': [106.834236]}
[2023-12-28T16:52:27.117+0000] {python.py:194} INFO - Done. Returned value was: Transform
[2023-12-28T16:52:27.118+0000] {python.py:227} INFO - Branch callable return Transform
[2023-12-28T16:52:27.120+0000] {skipmixin.py:173} INFO - Following branch Transform
[2023-12-28T16:52:27.177+0000] {skipmixin.py:239} INFO - Skipping tasks [('Error_Response', -1)]
[2023-12-28T16:52:27.348+0000] {taskinstance.py:1400} INFO - Marking task as SUCCESS. dag_id=air_quality, task_id=Check_Response, execution_date=20231218T040000, start_date=20231228T165226, end_date=20231228T165227
[2023-12-28T16:52:27.425+0000] {local_task_job_runner.py:228} INFO - Task exited with return code 0
[2023-12-28T16:52:27.615+0000] {taskinstance.py:2778} INFO - 0 downstream tasks scheduled from follow-on schedule check
[2023-12-28T16:54:55.933+0000] {logging_mixin.py:154} INFO - Changing /opt/***/logs/dag_id=air_quality/run_id=scheduled__2023-12-18T04:00:00+00:00/task_id=Check_Response permission to 509
[2023-12-28T16:54:55.948+0000] {logging_mixin.py:154} INFO - Failed to change /opt/***/logs/dag_id=air_quality/run_id=scheduled__2023-12-18T04:00:00+00:00/task_id=Check_Response permission to 509: [Errno 1] Operation not permitted: '/opt/***/logs/dag_id=air_quality/run_id=scheduled__2023-12-18T04:00:00+00:00/task_id=Check_Response'
[2023-12-28T16:54:56.108+0000] {logging_mixin.py:154} INFO - Changing /opt/***/logs/dag_id=air_quality/run_id=scheduled__2023-12-18T04:00:00+00:00/task_id=Check_Response permission to 509
[2023-12-28T16:54:56.109+0000] {logging_mixin.py:154} INFO - Failed to change /opt/***/logs/dag_id=air_quality/run_id=scheduled__2023-12-18T04:00:00+00:00/task_id=Check_Response permission to 509: [Errno 1] Operation not permitted: '/opt/***/logs/dag_id=air_quality/run_id=scheduled__2023-12-18T04:00:00+00:00/task_id=Check_Response'
[2023-12-28T16:54:56.242+0000] {taskinstance.py:1159} INFO - Dependencies all met for dep_context=non-requeueable deps ti=<TaskInstance: air_quality.Check_Response scheduled__2023-12-18T04:00:00+00:00 [queued]>
[2023-12-28T16:54:56.317+0000] {taskinstance.py:1159} INFO - Dependencies all met for dep_context=requeueable deps ti=<TaskInstance: air_quality.Check_Response scheduled__2023-12-18T04:00:00+00:00 [queued]>
[2023-12-28T16:54:56.326+0000] {taskinstance.py:1361} INFO - Starting attempt 1 of 2
[2023-12-28T16:54:56.511+0000] {taskinstance.py:1382} INFO - Executing <Task(BranchPythonOperator): Check_Response> on 2023-12-18 04:00:00+00:00
[2023-12-28T16:54:56.529+0000] {standard_task_runner.py:57} INFO - Started process 1248 to run task
[2023-12-28T16:54:56.570+0000] {standard_task_runner.py:84} INFO - Running: ['***', 'tasks', 'run', 'air_quality', 'Check_Response', 'scheduled__2023-12-18T04:00:00+00:00', '--job-id', '1124', '--raw', '--subdir', 'DAGS_FOLDER/airQuality.py', '--cfg-path', '/tmp/tmpdnrlj73w']
[2023-12-28T16:54:56.575+0000] {standard_task_runner.py:85} INFO - Job 1124: Subtask Check_Response
[2023-12-28T16:54:56.907+0000] {logging_mixin.py:154} INFO - Changing /opt/***/logs/dag_id=air_quality/run_id=scheduled__2023-12-18T04:00:00+00:00/task_id=Check_Response permission to 509
[2023-12-28T16:54:56.910+0000] {logging_mixin.py:154} INFO - Failed to change /opt/***/logs/dag_id=air_quality/run_id=scheduled__2023-12-18T04:00:00+00:00/task_id=Check_Response permission to 509: [Errno 1] Operation not permitted: '/opt/***/logs/dag_id=air_quality/run_id=scheduled__2023-12-18T04:00:00+00:00/task_id=Check_Response'
[2023-12-28T16:54:56.939+0000] {task_command.py:416} INFO - Running <TaskInstance: air_quality.Check_Response scheduled__2023-12-18T04:00:00+00:00 [running]> on host d67dd4682ccf
[2023-12-28T16:54:57.980+0000] {taskinstance.py:1662} INFO - Exporting env vars: AIRFLOW_CTX_DAG_OWNER='ghifari' AIRFLOW_CTX_DAG_ID='air_quality' AIRFLOW_CTX_TASK_ID='Check_Response' AIRFLOW_CTX_EXECUTION_DATE='2023-12-18T04:00:00+00:00' AIRFLOW_CTX_TRY_NUMBER='1' AIRFLOW_CTX_DAG_RUN_ID='scheduled__2023-12-18T04:00:00+00:00'
[2023-12-28T16:54:58.054+0000] {airQuality.py:90} INFO - Data Found: {'city': ['Jakarta'], 'country': ['ID'], 'unit': ['o3'], 'last_value': [-0.999], 'lat': [-6.182536], 'lng': [106.834236]}
[2023-12-28T16:54:58.060+0000] {python.py:194} INFO - Done. Returned value was: Transform
[2023-12-28T16:54:58.061+0000] {python.py:227} INFO - Branch callable return Transform
[2023-12-28T16:54:58.063+0000] {skipmixin.py:173} INFO - Following branch Transform
[2023-12-28T16:54:58.152+0000] {skipmixin.py:239} INFO - Skipping tasks [('Error_Response', -1)]
[2023-12-28T16:54:58.523+0000] {taskinstance.py:1400} INFO - Marking task as SUCCESS. dag_id=air_quality, task_id=Check_Response, execution_date=20231218T040000, start_date=20231228T165456, end_date=20231228T165458
[2023-12-28T16:54:58.684+0000] {local_task_job_runner.py:228} INFO - Task exited with return code 0
[2023-12-28T16:54:59.058+0000] {taskinstance.py:2778} INFO - 1 downstream tasks scheduled from follow-on schedule check
