[2023-12-28T16:08:52.713+0000] {logging_mixin.py:154} INFO - Changing /opt/***/logs/dag_id=air_quality/run_id=scheduled__2023-12-26T04:00:00+00:00/task_id=Check_Response permission to 509
[2023-12-28T16:08:52.715+0000] {logging_mixin.py:154} INFO - Failed to change /opt/***/logs/dag_id=air_quality/run_id=scheduled__2023-12-26T04:00:00+00:00/task_id=Check_Response permission to 509: [Errno 1] Operation not permitted: '/opt/***/logs/dag_id=air_quality/run_id=scheduled__2023-12-26T04:00:00+00:00/task_id=Check_Response'
[2023-12-28T16:08:52.932+0000] {logging_mixin.py:154} INFO - Changing /opt/***/logs/dag_id=air_quality/run_id=scheduled__2023-12-26T04:00:00+00:00/task_id=Check_Response permission to 509
[2023-12-28T16:08:52.933+0000] {logging_mixin.py:154} INFO - Failed to change /opt/***/logs/dag_id=air_quality/run_id=scheduled__2023-12-26T04:00:00+00:00/task_id=Check_Response permission to 509: [Errno 1] Operation not permitted: '/opt/***/logs/dag_id=air_quality/run_id=scheduled__2023-12-26T04:00:00+00:00/task_id=Check_Response'
[2023-12-28T16:08:53.102+0000] {taskinstance.py:1159} INFO - Dependencies all met for dep_context=non-requeueable deps ti=<TaskInstance: air_quality.Check_Response scheduled__2023-12-26T04:00:00+00:00 [queued]>
[2023-12-28T16:08:53.134+0000] {taskinstance.py:1159} INFO - Dependencies all met for dep_context=requeueable deps ti=<TaskInstance: air_quality.Check_Response scheduled__2023-12-26T04:00:00+00:00 [queued]>
[2023-12-28T16:08:53.136+0000] {taskinstance.py:1361} INFO - Starting attempt 1 of 2
[2023-12-28T16:08:53.756+0000] {taskinstance.py:1382} INFO - Executing <Task(BranchPythonOperator): Check_Response> on 2023-12-26 04:00:00+00:00
[2023-12-28T16:08:53.787+0000] {standard_task_runner.py:84} INFO - Running: ['***', 'tasks', 'run', 'air_quality', 'Check_Response', 'scheduled__2023-12-26T04:00:00+00:00', '--job-id', '753', '--raw', '--subdir', 'DAGS_FOLDER/airQuality.py', '--cfg-path', '/tmp/tmp82pc3xq_']
[2023-12-28T16:08:53.771+0000] {standard_task_runner.py:57} INFO - Started process 522 to run task
[2023-12-28T16:08:53.794+0000] {standard_task_runner.py:85} INFO - Job 753: Subtask Check_Response
[2023-12-28T16:08:54.177+0000] {logging_mixin.py:154} INFO - Changing /opt/***/logs/dag_id=air_quality/run_id=scheduled__2023-12-26T04:00:00+00:00/task_id=Check_Response permission to 509
[2023-12-28T16:08:54.178+0000] {logging_mixin.py:154} INFO - Failed to change /opt/***/logs/dag_id=air_quality/run_id=scheduled__2023-12-26T04:00:00+00:00/task_id=Check_Response permission to 509: [Errno 1] Operation not permitted: '/opt/***/logs/dag_id=air_quality/run_id=scheduled__2023-12-26T04:00:00+00:00/task_id=Check_Response'
[2023-12-28T16:08:54.203+0000] {task_command.py:416} INFO - Running <TaskInstance: air_quality.Check_Response scheduled__2023-12-26T04:00:00+00:00 [running]> on host d67dd4682ccf
[2023-12-28T16:08:54.767+0000] {taskinstance.py:1662} INFO - Exporting env vars: AIRFLOW_CTX_DAG_OWNER='ghifari' AIRFLOW_CTX_DAG_ID='air_quality' AIRFLOW_CTX_TASK_ID='Check_Response' AIRFLOW_CTX_EXECUTION_DATE='2023-12-26T04:00:00+00:00' AIRFLOW_CTX_TRY_NUMBER='1' AIRFLOW_CTX_DAG_RUN_ID='scheduled__2023-12-26T04:00:00+00:00'
[2023-12-28T16:08:54.841+0000] {airQuality.py:90} INFO - Data Found: {'city': ['Jakarta'], 'country': ['ID'], 'unit': ['pm25'], 'last_value': [-999.0], 'lat': [-6.182536], 'lng': [106.834236]}
[2023-12-28T16:08:54.842+0000] {python.py:194} INFO - Done. Returned value was: Transform
[2023-12-28T16:08:54.843+0000] {python.py:227} INFO - Branch callable return Transform
[2023-12-28T16:08:54.843+0000] {skipmixin.py:173} INFO - Following branch Transform
[2023-12-28T16:08:54.934+0000] {skipmixin.py:239} INFO - Skipping tasks [('Error_Response', -1)]
[2023-12-28T16:08:55.193+0000] {taskinstance.py:1400} INFO - Marking task as SUCCESS. dag_id=air_quality, task_id=Check_Response, execution_date=20231226T040000, start_date=20231228T160853, end_date=20231228T160855
[2023-12-28T16:08:55.283+0000] {local_task_job_runner.py:228} INFO - Task exited with return code 0
[2023-12-28T16:08:55.464+0000] {taskinstance.py:2778} INFO - 1 downstream tasks scheduled from follow-on schedule check
[2023-12-28T16:52:41.042+0000] {logging_mixin.py:154} INFO - Changing /opt/***/logs/dag_id=air_quality/run_id=scheduled__2023-12-26T04:00:00+00:00/task_id=Check_Response permission to 509
[2023-12-28T16:52:41.047+0000] {logging_mixin.py:154} INFO - Failed to change /opt/***/logs/dag_id=air_quality/run_id=scheduled__2023-12-26T04:00:00+00:00/task_id=Check_Response permission to 509: [Errno 1] Operation not permitted: '/opt/***/logs/dag_id=air_quality/run_id=scheduled__2023-12-26T04:00:00+00:00/task_id=Check_Response'
[2023-12-28T16:52:41.175+0000] {logging_mixin.py:154} INFO - Changing /opt/***/logs/dag_id=air_quality/run_id=scheduled__2023-12-26T04:00:00+00:00/task_id=Check_Response permission to 509
[2023-12-28T16:52:41.177+0000] {logging_mixin.py:154} INFO - Failed to change /opt/***/logs/dag_id=air_quality/run_id=scheduled__2023-12-26T04:00:00+00:00/task_id=Check_Response permission to 509: [Errno 1] Operation not permitted: '/opt/***/logs/dag_id=air_quality/run_id=scheduled__2023-12-26T04:00:00+00:00/task_id=Check_Response'
[2023-12-28T16:52:41.365+0000] {taskinstance.py:1159} INFO - Dependencies all met for dep_context=non-requeueable deps ti=<TaskInstance: air_quality.Check_Response scheduled__2023-12-26T04:00:00+00:00 [queued]>
[2023-12-28T16:52:41.432+0000] {taskinstance.py:1159} INFO - Dependencies all met for dep_context=requeueable deps ti=<TaskInstance: air_quality.Check_Response scheduled__2023-12-26T04:00:00+00:00 [queued]>
[2023-12-28T16:52:41.435+0000] {taskinstance.py:1361} INFO - Starting attempt 1 of 2
[2023-12-28T16:52:41.536+0000] {taskinstance.py:1382} INFO - Executing <Task(BranchPythonOperator): Check_Response> on 2023-12-26 04:00:00+00:00
[2023-12-28T16:52:41.560+0000] {standard_task_runner.py:57} INFO - Started process 650 to run task
[2023-12-28T16:52:41.591+0000] {standard_task_runner.py:84} INFO - Running: ['***', 'tasks', 'run', 'air_quality', 'Check_Response', 'scheduled__2023-12-26T04:00:00+00:00', '--job-id', '976', '--raw', '--subdir', 'DAGS_FOLDER/airQuality.py', '--cfg-path', '/tmp/tmp4epf6ctg']
[2023-12-28T16:52:41.594+0000] {standard_task_runner.py:85} INFO - Job 976: Subtask Check_Response
[2023-12-28T16:52:41.873+0000] {logging_mixin.py:154} INFO - Changing /opt/***/logs/dag_id=air_quality/run_id=scheduled__2023-12-26T04:00:00+00:00/task_id=Check_Response permission to 509
[2023-12-28T16:52:41.892+0000] {logging_mixin.py:154} INFO - Failed to change /opt/***/logs/dag_id=air_quality/run_id=scheduled__2023-12-26T04:00:00+00:00/task_id=Check_Response permission to 509: [Errno 1] Operation not permitted: '/opt/***/logs/dag_id=air_quality/run_id=scheduled__2023-12-26T04:00:00+00:00/task_id=Check_Response'
[2023-12-28T16:52:41.897+0000] {task_command.py:416} INFO - Running <TaskInstance: air_quality.Check_Response scheduled__2023-12-26T04:00:00+00:00 [running]> on host d67dd4682ccf
[2023-12-28T16:52:42.381+0000] {taskinstance.py:1662} INFO - Exporting env vars: AIRFLOW_CTX_DAG_OWNER='ghifari' AIRFLOW_CTX_DAG_ID='air_quality' AIRFLOW_CTX_TASK_ID='Check_Response' AIRFLOW_CTX_EXECUTION_DATE='2023-12-26T04:00:00+00:00' AIRFLOW_CTX_TRY_NUMBER='1' AIRFLOW_CTX_DAG_RUN_ID='scheduled__2023-12-26T04:00:00+00:00'
[2023-12-28T16:52:42.431+0000] {airQuality.py:90} INFO - Data Found: {'city': ['Jakarta'], 'country': ['ID'], 'unit': ['o3'], 'last_value': [-0.999], 'lat': [-6.182536], 'lng': [106.834236]}
[2023-12-28T16:52:42.433+0000] {python.py:194} INFO - Done. Returned value was: Transform
[2023-12-28T16:52:42.434+0000] {python.py:227} INFO - Branch callable return Transform
[2023-12-28T16:52:42.436+0000] {skipmixin.py:173} INFO - Following branch Transform
[2023-12-28T16:52:42.485+0000] {skipmixin.py:239} INFO - Skipping tasks [('Error_Response', -1)]
[2023-12-28T16:52:42.647+0000] {taskinstance.py:1400} INFO - Marking task as SUCCESS. dag_id=air_quality, task_id=Check_Response, execution_date=20231226T040000, start_date=20231228T165241, end_date=20231228T165242
[2023-12-28T16:52:42.888+0000] {local_task_job_runner.py:228} INFO - Task exited with return code 0
[2023-12-28T16:52:43.002+0000] {taskinstance.py:2778} INFO - 1 downstream tasks scheduled from follow-on schedule check
[2023-12-28T16:55:33.847+0000] {logging_mixin.py:154} INFO - Changing /opt/***/logs/dag_id=air_quality/run_id=scheduled__2023-12-26T04:00:00+00:00/task_id=Check_Response permission to 509
[2023-12-28T16:55:33.850+0000] {logging_mixin.py:154} INFO - Failed to change /opt/***/logs/dag_id=air_quality/run_id=scheduled__2023-12-26T04:00:00+00:00/task_id=Check_Response permission to 509: [Errno 1] Operation not permitted: '/opt/***/logs/dag_id=air_quality/run_id=scheduled__2023-12-26T04:00:00+00:00/task_id=Check_Response'
[2023-12-28T16:55:34.044+0000] {logging_mixin.py:154} INFO - Changing /opt/***/logs/dag_id=air_quality/run_id=scheduled__2023-12-26T04:00:00+00:00/task_id=Check_Response permission to 509
[2023-12-28T16:55:34.050+0000] {logging_mixin.py:154} INFO - Failed to change /opt/***/logs/dag_id=air_quality/run_id=scheduled__2023-12-26T04:00:00+00:00/task_id=Check_Response permission to 509: [Errno 1] Operation not permitted: '/opt/***/logs/dag_id=air_quality/run_id=scheduled__2023-12-26T04:00:00+00:00/task_id=Check_Response'
[2023-12-28T16:55:34.207+0000] {taskinstance.py:1159} INFO - Dependencies all met for dep_context=non-requeueable deps ti=<TaskInstance: air_quality.Check_Response scheduled__2023-12-26T04:00:00+00:00 [queued]>
[2023-12-28T16:55:34.240+0000] {taskinstance.py:1159} INFO - Dependencies all met for dep_context=requeueable deps ti=<TaskInstance: air_quality.Check_Response scheduled__2023-12-26T04:00:00+00:00 [queued]>
[2023-12-28T16:55:34.242+0000] {taskinstance.py:1361} INFO - Starting attempt 1 of 2
[2023-12-28T16:55:34.301+0000] {taskinstance.py:1382} INFO - Executing <Task(BranchPythonOperator): Check_Response> on 2023-12-26 04:00:00+00:00
[2023-12-28T16:55:34.322+0000] {standard_task_runner.py:57} INFO - Started process 1593 to run task
[2023-12-28T16:55:34.334+0000] {standard_task_runner.py:84} INFO - Running: ['***', 'tasks', 'run', 'air_quality', 'Check_Response', 'scheduled__2023-12-26T04:00:00+00:00', '--job-id', '1193', '--raw', '--subdir', 'DAGS_FOLDER/airQuality.py', '--cfg-path', '/tmp/tmpoun15jo8']
[2023-12-28T16:55:34.344+0000] {standard_task_runner.py:85} INFO - Job 1193: Subtask Check_Response
[2023-12-28T16:55:34.615+0000] {logging_mixin.py:154} INFO - Changing /opt/***/logs/dag_id=air_quality/run_id=scheduled__2023-12-26T04:00:00+00:00/task_id=Check_Response permission to 509
[2023-12-28T16:55:34.617+0000] {logging_mixin.py:154} INFO - Failed to change /opt/***/logs/dag_id=air_quality/run_id=scheduled__2023-12-26T04:00:00+00:00/task_id=Check_Response permission to 509: [Errno 1] Operation not permitted: '/opt/***/logs/dag_id=air_quality/run_id=scheduled__2023-12-26T04:00:00+00:00/task_id=Check_Response'
[2023-12-28T16:55:34.623+0000] {task_command.py:416} INFO - Running <TaskInstance: air_quality.Check_Response scheduled__2023-12-26T04:00:00+00:00 [running]> on host d67dd4682ccf
[2023-12-28T16:55:35.020+0000] {taskinstance.py:1662} INFO - Exporting env vars: AIRFLOW_CTX_DAG_OWNER='ghifari' AIRFLOW_CTX_DAG_ID='air_quality' AIRFLOW_CTX_TASK_ID='Check_Response' AIRFLOW_CTX_EXECUTION_DATE='2023-12-26T04:00:00+00:00' AIRFLOW_CTX_TRY_NUMBER='1' AIRFLOW_CTX_DAG_RUN_ID='scheduled__2023-12-26T04:00:00+00:00'
[2023-12-28T16:55:35.066+0000] {airQuality.py:90} INFO - Data Found: {'city': ['Jakarta'], 'country': ['ID'], 'unit': ['o3'], 'last_value': [-0.999], 'lat': [-6.182536], 'lng': [106.834236]}
[2023-12-28T16:55:35.076+0000] {python.py:194} INFO - Done. Returned value was: Transform
[2023-12-28T16:55:35.077+0000] {python.py:227} INFO - Branch callable return Transform
[2023-12-28T16:55:35.080+0000] {skipmixin.py:173} INFO - Following branch Transform
[2023-12-28T16:55:35.141+0000] {skipmixin.py:239} INFO - Skipping tasks [('Error_Response', -1)]
[2023-12-28T16:55:35.259+0000] {taskinstance.py:1400} INFO - Marking task as SUCCESS. dag_id=air_quality, task_id=Check_Response, execution_date=20231226T040000, start_date=20231228T165534, end_date=20231228T165535
[2023-12-28T16:55:35.337+0000] {local_task_job_runner.py:228} INFO - Task exited with return code 0
[2023-12-28T16:55:35.679+0000] {taskinstance.py:2778} INFO - 0 downstream tasks scheduled from follow-on schedule check
