[2023-12-17T11:19:04.640+0000] {logging_mixin.py:154} INFO - Changing /opt/***/logs/dag_id=air_quality/run_id=scheduled__2023-12-14T04:00:00+00:00/task_id=Check_Response permission to 509
[2023-12-17T11:19:04.642+0000] {logging_mixin.py:154} INFO - Failed to change /opt/***/logs/dag_id=air_quality/run_id=scheduled__2023-12-14T04:00:00+00:00/task_id=Check_Response permission to 509: [Errno 1] Operation not permitted: '/opt/***/logs/dag_id=air_quality/run_id=scheduled__2023-12-14T04:00:00+00:00/task_id=Check_Response'
[2023-12-17T11:19:04.686+0000] {logging_mixin.py:154} INFO - Changing /opt/***/logs/dag_id=air_quality/run_id=scheduled__2023-12-14T04:00:00+00:00/task_id=Check_Response permission to 509
[2023-12-17T11:19:04.687+0000] {logging_mixin.py:154} INFO - Failed to change /opt/***/logs/dag_id=air_quality/run_id=scheduled__2023-12-14T04:00:00+00:00/task_id=Check_Response permission to 509: [Errno 1] Operation not permitted: '/opt/***/logs/dag_id=air_quality/run_id=scheduled__2023-12-14T04:00:00+00:00/task_id=Check_Response'
[2023-12-17T11:19:04.755+0000] {taskinstance.py:1159} INFO - Dependencies all met for dep_context=non-requeueable deps ti=<TaskInstance: air_quality.Check_Response scheduled__2023-12-14T04:00:00+00:00 [queued]>
[2023-12-17T11:19:04.772+0000] {taskinstance.py:1159} INFO - Dependencies all met for dep_context=requeueable deps ti=<TaskInstance: air_quality.Check_Response scheduled__2023-12-14T04:00:00+00:00 [queued]>
[2023-12-17T11:19:04.773+0000] {taskinstance.py:1361} INFO - Starting attempt 1 of 2
[2023-12-17T11:19:04.792+0000] {taskinstance.py:1382} INFO - Executing <Task(BranchPythonOperator): Check_Response> on 2023-12-14 04:00:00+00:00
[2023-12-17T11:19:04.797+0000] {standard_task_runner.py:57} INFO - Started process 2407 to run task
[2023-12-17T11:19:04.802+0000] {standard_task_runner.py:84} INFO - Running: ['***', 'tasks', 'run', 'air_quality', 'Check_Response', 'scheduled__2023-12-14T04:00:00+00:00', '--job-id', '393', '--raw', '--subdir', 'DAGS_FOLDER/airQuality.py', '--cfg-path', '/tmp/tmpuezdnzga']
[2023-12-17T11:19:04.803+0000] {standard_task_runner.py:85} INFO - Job 393: Subtask Check_Response
[2023-12-17T11:19:04.872+0000] {logging_mixin.py:154} INFO - Changing /opt/***/logs/dag_id=air_quality/run_id=scheduled__2023-12-14T04:00:00+00:00/task_id=Check_Response permission to 509
[2023-12-17T11:19:04.873+0000] {logging_mixin.py:154} INFO - Failed to change /opt/***/logs/dag_id=air_quality/run_id=scheduled__2023-12-14T04:00:00+00:00/task_id=Check_Response permission to 509: [Errno 1] Operation not permitted: '/opt/***/logs/dag_id=air_quality/run_id=scheduled__2023-12-14T04:00:00+00:00/task_id=Check_Response'
[2023-12-17T11:19:04.875+0000] {task_command.py:416} INFO - Running <TaskInstance: air_quality.Check_Response scheduled__2023-12-14T04:00:00+00:00 [running]> on host 1a58977f5573
[2023-12-17T11:19:05.001+0000] {taskinstance.py:1662} INFO - Exporting env vars: AIRFLOW_CTX_DAG_OWNER='ghifari' AIRFLOW_CTX_DAG_ID='air_quality' AIRFLOW_CTX_TASK_ID='Check_Response' AIRFLOW_CTX_EXECUTION_DATE='2023-12-14T04:00:00+00:00' AIRFLOW_CTX_TRY_NUMBER='1' AIRFLOW_CTX_DAG_RUN_ID='scheduled__2023-12-14T04:00:00+00:00'
[2023-12-17T11:19:05.013+0000] {airQuality.py:112} INFO - Data Found: {'city': ['Jakarta'], 'country': ['ID'], 'unit': ['o3'], 'last_value': [-0.999], 'lat': [-6.182536], 'lng': [106.834236]}
[2023-12-17T11:19:05.014+0000] {python.py:194} INFO - Done. Returned value was: Transform
[2023-12-17T11:19:05.014+0000] {python.py:227} INFO - Branch callable return Transform
[2023-12-17T11:19:05.015+0000] {skipmixin.py:173} INFO - Following branch Transform
[2023-12-17T11:19:05.031+0000] {skipmixin.py:239} INFO - Skipping tasks [('Error_Response', -1)]
[2023-12-17T11:19:05.079+0000] {taskinstance.py:1400} INFO - Marking task as SUCCESS. dag_id=air_quality, task_id=Check_Response, execution_date=20231214T040000, start_date=20231217T111904, end_date=20231217T111905
[2023-12-17T11:19:05.134+0000] {local_task_job_runner.py:228} INFO - Task exited with return code 0
[2023-12-17T11:19:05.229+0000] {taskinstance.py:2778} INFO - 1 downstream tasks scheduled from follow-on schedule check
[2023-12-17T12:18:13.896+0000] {logging_mixin.py:154} INFO - Changing /opt/***/logs/dag_id=air_quality/run_id=scheduled__2023-12-14T04:00:00+00:00/task_id=Check_Response permission to 509
[2023-12-17T12:18:13.899+0000] {logging_mixin.py:154} INFO - Failed to change /opt/***/logs/dag_id=air_quality/run_id=scheduled__2023-12-14T04:00:00+00:00/task_id=Check_Response permission to 509: [Errno 1] Operation not permitted: '/opt/***/logs/dag_id=air_quality/run_id=scheduled__2023-12-14T04:00:00+00:00/task_id=Check_Response'
[2023-12-17T12:18:13.984+0000] {logging_mixin.py:154} INFO - Changing /opt/***/logs/dag_id=air_quality/run_id=scheduled__2023-12-14T04:00:00+00:00/task_id=Check_Response permission to 509
[2023-12-17T12:18:13.985+0000] {logging_mixin.py:154} INFO - Failed to change /opt/***/logs/dag_id=air_quality/run_id=scheduled__2023-12-14T04:00:00+00:00/task_id=Check_Response permission to 509: [Errno 1] Operation not permitted: '/opt/***/logs/dag_id=air_quality/run_id=scheduled__2023-12-14T04:00:00+00:00/task_id=Check_Response'
[2023-12-17T12:18:14.080+0000] {taskinstance.py:1159} INFO - Dependencies all met for dep_context=non-requeueable deps ti=<TaskInstance: air_quality.Check_Response scheduled__2023-12-14T04:00:00+00:00 [queued]>
[2023-12-17T12:18:14.115+0000] {taskinstance.py:1159} INFO - Dependencies all met for dep_context=requeueable deps ti=<TaskInstance: air_quality.Check_Response scheduled__2023-12-14T04:00:00+00:00 [queued]>
[2023-12-17T12:18:14.121+0000] {taskinstance.py:1361} INFO - Starting attempt 1 of 2
[2023-12-17T12:18:14.169+0000] {taskinstance.py:1382} INFO - Executing <Task(BranchPythonOperator): Check_Response> on 2023-12-14 04:00:00+00:00
[2023-12-17T12:18:14.177+0000] {standard_task_runner.py:57} INFO - Started process 4109 to run task
[2023-12-17T12:18:14.186+0000] {standard_task_runner.py:84} INFO - Running: ['***', 'tasks', 'run', 'air_quality', 'Check_Response', 'scheduled__2023-12-14T04:00:00+00:00', '--job-id', '604', '--raw', '--subdir', 'DAGS_FOLDER/airQuality.py', '--cfg-path', '/tmp/tmprr_w04it']
[2023-12-17T12:18:14.189+0000] {standard_task_runner.py:85} INFO - Job 604: Subtask Check_Response
[2023-12-17T12:18:14.343+0000] {logging_mixin.py:154} INFO - Changing /opt/***/logs/dag_id=air_quality/run_id=scheduled__2023-12-14T04:00:00+00:00/task_id=Check_Response permission to 509
[2023-12-17T12:18:14.344+0000] {logging_mixin.py:154} INFO - Failed to change /opt/***/logs/dag_id=air_quality/run_id=scheduled__2023-12-14T04:00:00+00:00/task_id=Check_Response permission to 509: [Errno 1] Operation not permitted: '/opt/***/logs/dag_id=air_quality/run_id=scheduled__2023-12-14T04:00:00+00:00/task_id=Check_Response'
[2023-12-17T12:18:14.348+0000] {task_command.py:416} INFO - Running <TaskInstance: air_quality.Check_Response scheduled__2023-12-14T04:00:00+00:00 [running]> on host 1a58977f5573
[2023-12-17T12:18:14.573+0000] {taskinstance.py:1662} INFO - Exporting env vars: AIRFLOW_CTX_DAG_OWNER='ghifari' AIRFLOW_CTX_DAG_ID='air_quality' AIRFLOW_CTX_TASK_ID='Check_Response' AIRFLOW_CTX_EXECUTION_DATE='2023-12-14T04:00:00+00:00' AIRFLOW_CTX_TRY_NUMBER='1' AIRFLOW_CTX_DAG_RUN_ID='scheduled__2023-12-14T04:00:00+00:00'
[2023-12-17T12:18:14.598+0000] {airQuality.py:112} INFO - Data Found: {'city': ['Jakarta'], 'country': ['ID'], 'unit': ['pm25'], 'last_value': [-999.0], 'lat': [-6.182536], 'lng': [106.834236]}
[2023-12-17T12:18:14.602+0000] {python.py:194} INFO - Done. Returned value was: Transform
[2023-12-17T12:18:14.603+0000] {python.py:227} INFO - Branch callable return Transform
[2023-12-17T12:18:14.604+0000] {skipmixin.py:173} INFO - Following branch Transform
[2023-12-17T12:18:14.644+0000] {skipmixin.py:239} INFO - Skipping tasks [('Error_Response', -1)]
[2023-12-17T12:18:14.888+0000] {taskinstance.py:1400} INFO - Marking task as SUCCESS. dag_id=air_quality, task_id=Check_Response, execution_date=20231214T040000, start_date=20231217T121814, end_date=20231217T121814
[2023-12-17T12:18:14.978+0000] {local_task_job_runner.py:228} INFO - Task exited with return code 0
[2023-12-17T12:18:15.075+0000] {taskinstance.py:2778} INFO - 1 downstream tasks scheduled from follow-on schedule check
[2023-12-17T12:19:06.067+0000] {logging_mixin.py:154} INFO - Changing /opt/***/logs/dag_id=air_quality/run_id=scheduled__2023-12-14T04:00:00+00:00/task_id=Check_Response permission to 509
[2023-12-17T12:19:06.069+0000] {logging_mixin.py:154} INFO - Failed to change /opt/***/logs/dag_id=air_quality/run_id=scheduled__2023-12-14T04:00:00+00:00/task_id=Check_Response permission to 509: [Errno 1] Operation not permitted: '/opt/***/logs/dag_id=air_quality/run_id=scheduled__2023-12-14T04:00:00+00:00/task_id=Check_Response'
[2023-12-17T12:19:06.124+0000] {logging_mixin.py:154} INFO - Changing /opt/***/logs/dag_id=air_quality/run_id=scheduled__2023-12-14T04:00:00+00:00/task_id=Check_Response permission to 509
[2023-12-17T12:19:06.125+0000] {logging_mixin.py:154} INFO - Failed to change /opt/***/logs/dag_id=air_quality/run_id=scheduled__2023-12-14T04:00:00+00:00/task_id=Check_Response permission to 509: [Errno 1] Operation not permitted: '/opt/***/logs/dag_id=air_quality/run_id=scheduled__2023-12-14T04:00:00+00:00/task_id=Check_Response'
[2023-12-17T12:19:06.180+0000] {taskinstance.py:1159} INFO - Dependencies all met for dep_context=non-requeueable deps ti=<TaskInstance: air_quality.Check_Response scheduled__2023-12-14T04:00:00+00:00 [queued]>
[2023-12-17T12:19:06.196+0000] {taskinstance.py:1159} INFO - Dependencies all met for dep_context=requeueable deps ti=<TaskInstance: air_quality.Check_Response scheduled__2023-12-14T04:00:00+00:00 [queued]>
[2023-12-17T12:19:06.197+0000] {taskinstance.py:1361} INFO - Starting attempt 1 of 2
[2023-12-17T12:19:06.217+0000] {taskinstance.py:1382} INFO - Executing <Task(BranchPythonOperator): Check_Response> on 2023-12-14 04:00:00+00:00
[2023-12-17T12:19:06.225+0000] {standard_task_runner.py:57} INFO - Started process 4583 to run task
[2023-12-17T12:19:06.231+0000] {standard_task_runner.py:84} INFO - Running: ['***', 'tasks', 'run', 'air_quality', 'Check_Response', 'scheduled__2023-12-14T04:00:00+00:00', '--job-id', '704', '--raw', '--subdir', 'DAGS_FOLDER/airQuality.py', '--cfg-path', '/tmp/tmpbzgvq1fr']
[2023-12-17T12:19:06.233+0000] {standard_task_runner.py:85} INFO - Job 704: Subtask Check_Response
[2023-12-17T12:19:06.308+0000] {logging_mixin.py:154} INFO - Changing /opt/***/logs/dag_id=air_quality/run_id=scheduled__2023-12-14T04:00:00+00:00/task_id=Check_Response permission to 509
[2023-12-17T12:19:06.309+0000] {logging_mixin.py:154} INFO - Failed to change /opt/***/logs/dag_id=air_quality/run_id=scheduled__2023-12-14T04:00:00+00:00/task_id=Check_Response permission to 509: [Errno 1] Operation not permitted: '/opt/***/logs/dag_id=air_quality/run_id=scheduled__2023-12-14T04:00:00+00:00/task_id=Check_Response'
[2023-12-17T12:19:06.312+0000] {task_command.py:416} INFO - Running <TaskInstance: air_quality.Check_Response scheduled__2023-12-14T04:00:00+00:00 [running]> on host 1a58977f5573
[2023-12-17T12:19:06.446+0000] {taskinstance.py:1662} INFO - Exporting env vars: AIRFLOW_CTX_DAG_OWNER='ghifari' AIRFLOW_CTX_DAG_ID='air_quality' AIRFLOW_CTX_TASK_ID='Check_Response' AIRFLOW_CTX_EXECUTION_DATE='2023-12-14T04:00:00+00:00' AIRFLOW_CTX_TRY_NUMBER='1' AIRFLOW_CTX_DAG_RUN_ID='scheduled__2023-12-14T04:00:00+00:00'
[2023-12-17T12:19:06.466+0000] {airQuality.py:112} INFO - Data Found: {'city': ['Jakarta'], 'country': ['ID'], 'unit': ['pm25'], 'last_value': [-999.0], 'lat': [-6.182536], 'lng': [106.834236]}
[2023-12-17T12:19:06.467+0000] {python.py:194} INFO - Done. Returned value was: Transform
[2023-12-17T12:19:06.469+0000] {python.py:227} INFO - Branch callable return Transform
[2023-12-17T12:19:06.469+0000] {skipmixin.py:173} INFO - Following branch Transform
[2023-12-17T12:19:06.491+0000] {skipmixin.py:239} INFO - Skipping tasks [('Error_Response', -1)]
[2023-12-17T12:19:06.559+0000] {taskinstance.py:1400} INFO - Marking task as SUCCESS. dag_id=air_quality, task_id=Check_Response, execution_date=20231214T040000, start_date=20231217T121906, end_date=20231217T121906
[2023-12-17T12:19:06.604+0000] {local_task_job_runner.py:228} INFO - Task exited with return code 0
[2023-12-17T12:19:06.664+0000] {taskinstance.py:2778} INFO - 1 downstream tasks scheduled from follow-on schedule check
[2023-12-28T16:51:49.071+0000] {logging_mixin.py:154} INFO - Changing /opt/***/logs/dag_id=air_quality/run_id=scheduled__2023-12-14T04:00:00+00:00/task_id=Check_Response permission to 509
[2023-12-28T16:51:49.074+0000] {logging_mixin.py:154} INFO - Failed to change /opt/***/logs/dag_id=air_quality/run_id=scheduled__2023-12-14T04:00:00+00:00/task_id=Check_Response permission to 509: [Errno 1] Operation not permitted: '/opt/***/logs/dag_id=air_quality/run_id=scheduled__2023-12-14T04:00:00+00:00/task_id=Check_Response'
[2023-12-28T16:51:49.248+0000] {logging_mixin.py:154} INFO - Changing /opt/***/logs/dag_id=air_quality/run_id=scheduled__2023-12-14T04:00:00+00:00/task_id=Check_Response permission to 509
[2023-12-28T16:51:49.252+0000] {logging_mixin.py:154} INFO - Failed to change /opt/***/logs/dag_id=air_quality/run_id=scheduled__2023-12-14T04:00:00+00:00/task_id=Check_Response permission to 509: [Errno 1] Operation not permitted: '/opt/***/logs/dag_id=air_quality/run_id=scheduled__2023-12-14T04:00:00+00:00/task_id=Check_Response'
[2023-12-28T16:51:49.424+0000] {taskinstance.py:1159} INFO - Dependencies all met for dep_context=non-requeueable deps ti=<TaskInstance: air_quality.Check_Response scheduled__2023-12-14T04:00:00+00:00 [queued]>
[2023-12-28T16:51:49.483+0000] {taskinstance.py:1159} INFO - Dependencies all met for dep_context=requeueable deps ti=<TaskInstance: air_quality.Check_Response scheduled__2023-12-14T04:00:00+00:00 [queued]>
[2023-12-28T16:51:49.490+0000] {taskinstance.py:1361} INFO - Starting attempt 1 of 2
[2023-12-28T16:51:49.550+0000] {taskinstance.py:1382} INFO - Executing <Task(BranchPythonOperator): Check_Response> on 2023-12-14 04:00:00+00:00
[2023-12-28T16:51:49.573+0000] {standard_task_runner.py:57} INFO - Started process 233 to run task
[2023-12-28T16:51:49.590+0000] {standard_task_runner.py:84} INFO - Running: ['***', 'tasks', 'run', 'air_quality', 'Check_Response', 'scheduled__2023-12-14T04:00:00+00:00', '--job-id', '863', '--raw', '--subdir', 'DAGS_FOLDER/airQuality.py', '--cfg-path', '/tmp/tmp7mhjjq9b']
[2023-12-28T16:51:49.593+0000] {standard_task_runner.py:85} INFO - Job 863: Subtask Check_Response
[2023-12-28T16:51:49.823+0000] {logging_mixin.py:154} INFO - Changing /opt/***/logs/dag_id=air_quality/run_id=scheduled__2023-12-14T04:00:00+00:00/task_id=Check_Response permission to 509
[2023-12-28T16:51:49.824+0000] {logging_mixin.py:154} INFO - Failed to change /opt/***/logs/dag_id=air_quality/run_id=scheduled__2023-12-14T04:00:00+00:00/task_id=Check_Response permission to 509: [Errno 1] Operation not permitted: '/opt/***/logs/dag_id=air_quality/run_id=scheduled__2023-12-14T04:00:00+00:00/task_id=Check_Response'
[2023-12-28T16:51:49.828+0000] {task_command.py:416} INFO - Running <TaskInstance: air_quality.Check_Response scheduled__2023-12-14T04:00:00+00:00 [running]> on host d67dd4682ccf
[2023-12-28T16:51:50.487+0000] {taskinstance.py:1662} INFO - Exporting env vars: AIRFLOW_CTX_DAG_OWNER='ghifari' AIRFLOW_CTX_DAG_ID='air_quality' AIRFLOW_CTX_TASK_ID='Check_Response' AIRFLOW_CTX_EXECUTION_DATE='2023-12-14T04:00:00+00:00' AIRFLOW_CTX_TRY_NUMBER='1' AIRFLOW_CTX_DAG_RUN_ID='scheduled__2023-12-14T04:00:00+00:00'
[2023-12-28T16:51:50.606+0000] {airQuality.py:90} INFO - Data Found: {'city': ['Jakarta'], 'country': ['ID'], 'unit': ['o3'], 'last_value': [-0.999], 'lat': [-6.182536], 'lng': [106.834236]}
[2023-12-28T16:51:50.607+0000] {python.py:194} INFO - Done. Returned value was: Transform
[2023-12-28T16:51:50.608+0000] {python.py:227} INFO - Branch callable return Transform
[2023-12-28T16:51:50.613+0000] {skipmixin.py:173} INFO - Following branch Transform
[2023-12-28T16:51:50.759+0000] {skipmixin.py:239} INFO - Skipping tasks [('Error_Response', -1)]
[2023-12-28T16:51:51.348+0000] {taskinstance.py:1400} INFO - Marking task as SUCCESS. dag_id=air_quality, task_id=Check_Response, execution_date=20231214T040000, start_date=20231228T165149, end_date=20231228T165151
[2023-12-28T16:51:51.528+0000] {local_task_job_runner.py:228} INFO - Task exited with return code 0
[2023-12-28T16:51:51.992+0000] {taskinstance.py:2778} INFO - 1 downstream tasks scheduled from follow-on schedule check
[2023-12-28T16:54:49.612+0000] {logging_mixin.py:154} INFO - Changing /opt/***/logs/dag_id=air_quality/run_id=scheduled__2023-12-14T04:00:00+00:00/task_id=Check_Response permission to 509
[2023-12-28T16:54:49.617+0000] {logging_mixin.py:154} INFO - Failed to change /opt/***/logs/dag_id=air_quality/run_id=scheduled__2023-12-14T04:00:00+00:00/task_id=Check_Response permission to 509: [Errno 1] Operation not permitted: '/opt/***/logs/dag_id=air_quality/run_id=scheduled__2023-12-14T04:00:00+00:00/task_id=Check_Response'
[2023-12-28T16:54:49.777+0000] {logging_mixin.py:154} INFO - Changing /opt/***/logs/dag_id=air_quality/run_id=scheduled__2023-12-14T04:00:00+00:00/task_id=Check_Response permission to 509
[2023-12-28T16:54:49.788+0000] {logging_mixin.py:154} INFO - Failed to change /opt/***/logs/dag_id=air_quality/run_id=scheduled__2023-12-14T04:00:00+00:00/task_id=Check_Response permission to 509: [Errno 1] Operation not permitted: '/opt/***/logs/dag_id=air_quality/run_id=scheduled__2023-12-14T04:00:00+00:00/task_id=Check_Response'
[2023-12-28T16:54:49.981+0000] {taskinstance.py:1159} INFO - Dependencies all met for dep_context=non-requeueable deps ti=<TaskInstance: air_quality.Check_Response scheduled__2023-12-14T04:00:00+00:00 [queued]>
[2023-12-28T16:54:50.097+0000] {taskinstance.py:1159} INFO - Dependencies all met for dep_context=requeueable deps ti=<TaskInstance: air_quality.Check_Response scheduled__2023-12-14T04:00:00+00:00 [queued]>
[2023-12-28T16:54:50.099+0000] {taskinstance.py:1361} INFO - Starting attempt 1 of 2
[2023-12-28T16:54:50.239+0000] {taskinstance.py:1382} INFO - Executing <Task(BranchPythonOperator): Check_Response> on 2023-12-14 04:00:00+00:00
[2023-12-28T16:54:50.269+0000] {standard_task_runner.py:84} INFO - Running: ['***', 'tasks', 'run', 'air_quality', 'Check_Response', 'scheduled__2023-12-14T04:00:00+00:00', '--job-id', '1110', '--raw', '--subdir', 'DAGS_FOLDER/airQuality.py', '--cfg-path', '/tmp/tmpkimze6hq']
[2023-12-28T16:54:50.292+0000] {standard_task_runner.py:85} INFO - Job 1110: Subtask Check_Response
[2023-12-28T16:54:50.249+0000] {standard_task_runner.py:57} INFO - Started process 1209 to run task
[2023-12-28T16:54:50.539+0000] {logging_mixin.py:154} INFO - Changing /opt/***/logs/dag_id=air_quality/run_id=scheduled__2023-12-14T04:00:00+00:00/task_id=Check_Response permission to 509
[2023-12-28T16:54:50.541+0000] {logging_mixin.py:154} INFO - Failed to change /opt/***/logs/dag_id=air_quality/run_id=scheduled__2023-12-14T04:00:00+00:00/task_id=Check_Response permission to 509: [Errno 1] Operation not permitted: '/opt/***/logs/dag_id=air_quality/run_id=scheduled__2023-12-14T04:00:00+00:00/task_id=Check_Response'
[2023-12-28T16:54:50.548+0000] {task_command.py:416} INFO - Running <TaskInstance: air_quality.Check_Response scheduled__2023-12-14T04:00:00+00:00 [running]> on host d67dd4682ccf
[2023-12-28T16:54:50.866+0000] {taskinstance.py:1662} INFO - Exporting env vars: AIRFLOW_CTX_DAG_OWNER='ghifari' AIRFLOW_CTX_DAG_ID='air_quality' AIRFLOW_CTX_TASK_ID='Check_Response' AIRFLOW_CTX_EXECUTION_DATE='2023-12-14T04:00:00+00:00' AIRFLOW_CTX_TRY_NUMBER='1' AIRFLOW_CTX_DAG_RUN_ID='scheduled__2023-12-14T04:00:00+00:00'
[2023-12-28T16:54:50.960+0000] {airQuality.py:90} INFO - Data Found: {'city': ['Jakarta'], 'country': ['ID'], 'unit': ['o3'], 'last_value': [-0.999], 'lat': [-6.182536], 'lng': [106.834236]}
[2023-12-28T16:54:50.964+0000] {python.py:194} INFO - Done. Returned value was: Transform
[2023-12-28T16:54:50.966+0000] {python.py:227} INFO - Branch callable return Transform
[2023-12-28T16:54:50.968+0000] {skipmixin.py:173} INFO - Following branch Transform
[2023-12-28T16:54:51.031+0000] {skipmixin.py:239} INFO - Skipping tasks [('Error_Response', -1)]
[2023-12-28T16:54:51.230+0000] {taskinstance.py:1400} INFO - Marking task as SUCCESS. dag_id=air_quality, task_id=Check_Response, execution_date=20231214T040000, start_date=20231228T165449, end_date=20231228T165451
[2023-12-28T16:54:51.332+0000] {local_task_job_runner.py:228} INFO - Task exited with return code 0
[2023-12-28T16:54:51.488+0000] {taskinstance.py:2778} INFO - 1 downstream tasks scheduled from follow-on schedule check
