[2023-12-17T11:19:02.161+0000] {logging_mixin.py:154} INFO - Changing /opt/***/logs/dag_id=air_quality/run_id=scheduled__2023-12-14T04:00:00+00:00/task_id=Extract permission to 509
[2023-12-17T11:19:02.180+0000] {logging_mixin.py:154} INFO - Failed to change /opt/***/logs/dag_id=air_quality/run_id=scheduled__2023-12-14T04:00:00+00:00/task_id=Extract permission to 509: [Errno 1] Operation not permitted: '/opt/***/logs/dag_id=air_quality/run_id=scheduled__2023-12-14T04:00:00+00:00/task_id=Extract'
[2023-12-17T11:19:02.316+0000] {logging_mixin.py:154} INFO - Changing /opt/***/logs/dag_id=air_quality/run_id=scheduled__2023-12-14T04:00:00+00:00/task_id=Extract permission to 509
[2023-12-17T11:19:02.317+0000] {logging_mixin.py:154} INFO - Failed to change /opt/***/logs/dag_id=air_quality/run_id=scheduled__2023-12-14T04:00:00+00:00/task_id=Extract permission to 509: [Errno 1] Operation not permitted: '/opt/***/logs/dag_id=air_quality/run_id=scheduled__2023-12-14T04:00:00+00:00/task_id=Extract'
[2023-12-17T11:19:02.404+0000] {taskinstance.py:1159} INFO - Dependencies all met for dep_context=non-requeueable deps ti=<TaskInstance: air_quality.Extract scheduled__2023-12-14T04:00:00+00:00 [queued]>
[2023-12-17T11:19:02.423+0000] {taskinstance.py:1159} INFO - Dependencies all met for dep_context=requeueable deps ti=<TaskInstance: air_quality.Extract scheduled__2023-12-14T04:00:00+00:00 [queued]>
[2023-12-17T11:19:02.424+0000] {taskinstance.py:1361} INFO - Starting attempt 1 of 2
[2023-12-17T11:19:02.458+0000] {taskinstance.py:1382} INFO - Executing <Task(PythonOperator): Extract> on 2023-12-14 04:00:00+00:00
[2023-12-17T11:19:02.464+0000] {standard_task_runner.py:57} INFO - Started process 2395 to run task
[2023-12-17T11:19:02.470+0000] {standard_task_runner.py:84} INFO - Running: ['***', 'tasks', 'run', 'air_quality', 'Extract', 'scheduled__2023-12-14T04:00:00+00:00', '--job-id', '384', '--raw', '--subdir', 'DAGS_FOLDER/airQuality.py', '--cfg-path', '/tmp/tmpr_ey_6s_']
[2023-12-17T11:19:02.472+0000] {standard_task_runner.py:85} INFO - Job 384: Subtask Extract
[2023-12-17T11:19:02.692+0000] {logging_mixin.py:154} INFO - Changing /opt/***/logs/dag_id=air_quality/run_id=scheduled__2023-12-14T04:00:00+00:00/task_id=Extract permission to 509
[2023-12-17T11:19:02.693+0000] {logging_mixin.py:154} INFO - Failed to change /opt/***/logs/dag_id=air_quality/run_id=scheduled__2023-12-14T04:00:00+00:00/task_id=Extract permission to 509: [Errno 1] Operation not permitted: '/opt/***/logs/dag_id=air_quality/run_id=scheduled__2023-12-14T04:00:00+00:00/task_id=Extract'
[2023-12-17T11:19:02.708+0000] {task_command.py:416} INFO - Running <TaskInstance: air_quality.Extract scheduled__2023-12-14T04:00:00+00:00 [running]> on host 1a58977f5573
[2023-12-17T11:19:02.919+0000] {taskinstance.py:1662} INFO - Exporting env vars: AIRFLOW_CTX_DAG_OWNER='ghifari' AIRFLOW_CTX_DAG_ID='air_quality' AIRFLOW_CTX_TASK_ID='Extract' AIRFLOW_CTX_EXECUTION_DATE='2023-12-14T04:00:00+00:00' AIRFLOW_CTX_TRY_NUMBER='1' AIRFLOW_CTX_DAG_RUN_ID='scheduled__2023-12-14T04:00:00+00:00'
[2023-12-17T11:19:03.040+0000] {python.py:194} INFO - Done. Returned value was: {'city': ['Jakarta'], 'country': ['ID'], 'unit': ['o3'], 'last_value': [-0.999], 'lat': [-6.182536], 'lng': [106.834236]}
[2023-12-17T11:19:03.113+0000] {taskinstance.py:1400} INFO - Marking task as SUCCESS. dag_id=air_quality, task_id=Extract, execution_date=20231214T040000, start_date=20231217T111902, end_date=20231217T111903
[2023-12-17T11:19:03.175+0000] {local_task_job_runner.py:228} INFO - Task exited with return code 0
[2023-12-17T11:19:03.267+0000] {taskinstance.py:2778} INFO - 1 downstream tasks scheduled from follow-on schedule check
[2023-12-17T12:18:10.434+0000] {logging_mixin.py:154} INFO - Changing /opt/***/logs/dag_id=air_quality/run_id=scheduled__2023-12-14T04:00:00+00:00/task_id=Extract permission to 509
[2023-12-17T12:18:10.438+0000] {logging_mixin.py:154} INFO - Failed to change /opt/***/logs/dag_id=air_quality/run_id=scheduled__2023-12-14T04:00:00+00:00/task_id=Extract permission to 509: [Errno 1] Operation not permitted: '/opt/***/logs/dag_id=air_quality/run_id=scheduled__2023-12-14T04:00:00+00:00/task_id=Extract'
[2023-12-17T12:18:10.535+0000] {logging_mixin.py:154} INFO - Changing /opt/***/logs/dag_id=air_quality/run_id=scheduled__2023-12-14T04:00:00+00:00/task_id=Extract permission to 509
[2023-12-17T12:18:10.539+0000] {logging_mixin.py:154} INFO - Failed to change /opt/***/logs/dag_id=air_quality/run_id=scheduled__2023-12-14T04:00:00+00:00/task_id=Extract permission to 509: [Errno 1] Operation not permitted: '/opt/***/logs/dag_id=air_quality/run_id=scheduled__2023-12-14T04:00:00+00:00/task_id=Extract'
[2023-12-17T12:18:10.635+0000] {taskinstance.py:1159} INFO - Dependencies all met for dep_context=non-requeueable deps ti=<TaskInstance: air_quality.Extract scheduled__2023-12-14T04:00:00+00:00 [queued]>
[2023-12-17T12:18:10.661+0000] {taskinstance.py:1159} INFO - Dependencies all met for dep_context=requeueable deps ti=<TaskInstance: air_quality.Extract scheduled__2023-12-14T04:00:00+00:00 [queued]>
[2023-12-17T12:18:10.662+0000] {taskinstance.py:1361} INFO - Starting attempt 1 of 2
[2023-12-17T12:18:10.704+0000] {taskinstance.py:1382} INFO - Executing <Task(PythonOperator): Extract> on 2023-12-14 04:00:00+00:00
[2023-12-17T12:18:10.711+0000] {standard_task_runner.py:57} INFO - Started process 4089 to run task
[2023-12-17T12:18:10.719+0000] {standard_task_runner.py:84} INFO - Running: ['***', 'tasks', 'run', 'air_quality', 'Extract', 'scheduled__2023-12-14T04:00:00+00:00', '--job-id', '594', '--raw', '--subdir', 'DAGS_FOLDER/airQuality.py', '--cfg-path', '/tmp/tmpgpox1xtr']
[2023-12-17T12:18:10.724+0000] {standard_task_runner.py:85} INFO - Job 594: Subtask Extract
[2023-12-17T12:18:10.858+0000] {logging_mixin.py:154} INFO - Changing /opt/***/logs/dag_id=air_quality/run_id=scheduled__2023-12-14T04:00:00+00:00/task_id=Extract permission to 509
[2023-12-17T12:18:10.859+0000] {logging_mixin.py:154} INFO - Failed to change /opt/***/logs/dag_id=air_quality/run_id=scheduled__2023-12-14T04:00:00+00:00/task_id=Extract permission to 509: [Errno 1] Operation not permitted: '/opt/***/logs/dag_id=air_quality/run_id=scheduled__2023-12-14T04:00:00+00:00/task_id=Extract'
[2023-12-17T12:18:10.863+0000] {task_command.py:416} INFO - Running <TaskInstance: air_quality.Extract scheduled__2023-12-14T04:00:00+00:00 [running]> on host 1a58977f5573
[2023-12-17T12:18:11.150+0000] {taskinstance.py:1662} INFO - Exporting env vars: AIRFLOW_CTX_DAG_OWNER='ghifari' AIRFLOW_CTX_DAG_ID='air_quality' AIRFLOW_CTX_TASK_ID='Extract' AIRFLOW_CTX_EXECUTION_DATE='2023-12-14T04:00:00+00:00' AIRFLOW_CTX_TRY_NUMBER='1' AIRFLOW_CTX_DAG_RUN_ID='scheduled__2023-12-14T04:00:00+00:00'
[2023-12-17T12:18:11.327+0000] {python.py:194} INFO - Done. Returned value was: {'city': ['Jakarta'], 'country': ['ID'], 'unit': ['pm25'], 'last_value': [-999.0], 'lat': [-6.182536], 'lng': [106.834236]}
[2023-12-17T12:18:11.423+0000] {taskinstance.py:1400} INFO - Marking task as SUCCESS. dag_id=air_quality, task_id=Extract, execution_date=20231214T040000, start_date=20231217T121810, end_date=20231217T121811
[2023-12-17T12:18:11.509+0000] {local_task_job_runner.py:228} INFO - Task exited with return code 0
[2023-12-17T12:18:11.727+0000] {taskinstance.py:2778} INFO - 1 downstream tasks scheduled from follow-on schedule check
[2023-12-17T12:19:04.149+0000] {logging_mixin.py:154} INFO - Changing /opt/***/logs/dag_id=air_quality/run_id=scheduled__2023-12-14T04:00:00+00:00/task_id=Extract permission to 509
[2023-12-17T12:19:04.151+0000] {logging_mixin.py:154} INFO - Failed to change /opt/***/logs/dag_id=air_quality/run_id=scheduled__2023-12-14T04:00:00+00:00/task_id=Extract permission to 509: [Errno 1] Operation not permitted: '/opt/***/logs/dag_id=air_quality/run_id=scheduled__2023-12-14T04:00:00+00:00/task_id=Extract'
[2023-12-17T12:19:04.204+0000] {logging_mixin.py:154} INFO - Changing /opt/***/logs/dag_id=air_quality/run_id=scheduled__2023-12-14T04:00:00+00:00/task_id=Extract permission to 509
[2023-12-17T12:19:04.205+0000] {logging_mixin.py:154} INFO - Failed to change /opt/***/logs/dag_id=air_quality/run_id=scheduled__2023-12-14T04:00:00+00:00/task_id=Extract permission to 509: [Errno 1] Operation not permitted: '/opt/***/logs/dag_id=air_quality/run_id=scheduled__2023-12-14T04:00:00+00:00/task_id=Extract'
[2023-12-17T12:19:04.269+0000] {taskinstance.py:1159} INFO - Dependencies all met for dep_context=non-requeueable deps ti=<TaskInstance: air_quality.Extract scheduled__2023-12-14T04:00:00+00:00 [queued]>
[2023-12-17T12:19:04.290+0000] {taskinstance.py:1159} INFO - Dependencies all met for dep_context=requeueable deps ti=<TaskInstance: air_quality.Extract scheduled__2023-12-14T04:00:00+00:00 [queued]>
[2023-12-17T12:19:04.291+0000] {taskinstance.py:1361} INFO - Starting attempt 1 of 2
[2023-12-17T12:19:04.330+0000] {taskinstance.py:1382} INFO - Executing <Task(PythonOperator): Extract> on 2023-12-14 04:00:00+00:00
[2023-12-17T12:19:04.336+0000] {standard_task_runner.py:57} INFO - Started process 4576 to run task
[2023-12-17T12:19:04.343+0000] {standard_task_runner.py:84} INFO - Running: ['***', 'tasks', 'run', 'air_quality', 'Extract', 'scheduled__2023-12-14T04:00:00+00:00', '--job-id', '701', '--raw', '--subdir', 'DAGS_FOLDER/airQuality.py', '--cfg-path', '/tmp/tmpx1i9nmro']
[2023-12-17T12:19:04.345+0000] {standard_task_runner.py:85} INFO - Job 701: Subtask Extract
[2023-12-17T12:19:04.430+0000] {logging_mixin.py:154} INFO - Changing /opt/***/logs/dag_id=air_quality/run_id=scheduled__2023-12-14T04:00:00+00:00/task_id=Extract permission to 509
[2023-12-17T12:19:04.431+0000] {logging_mixin.py:154} INFO - Failed to change /opt/***/logs/dag_id=air_quality/run_id=scheduled__2023-12-14T04:00:00+00:00/task_id=Extract permission to 509: [Errno 1] Operation not permitted: '/opt/***/logs/dag_id=air_quality/run_id=scheduled__2023-12-14T04:00:00+00:00/task_id=Extract'
[2023-12-17T12:19:04.435+0000] {task_command.py:416} INFO - Running <TaskInstance: air_quality.Extract scheduled__2023-12-14T04:00:00+00:00 [running]> on host 1a58977f5573
[2023-12-17T12:19:04.619+0000] {taskinstance.py:1662} INFO - Exporting env vars: AIRFLOW_CTX_DAG_OWNER='ghifari' AIRFLOW_CTX_DAG_ID='air_quality' AIRFLOW_CTX_TASK_ID='Extract' AIRFLOW_CTX_EXECUTION_DATE='2023-12-14T04:00:00+00:00' AIRFLOW_CTX_TRY_NUMBER='1' AIRFLOW_CTX_DAG_RUN_ID='scheduled__2023-12-14T04:00:00+00:00'
[2023-12-17T12:19:04.733+0000] {python.py:194} INFO - Done. Returned value was: {'city': ['Jakarta'], 'country': ['ID'], 'unit': ['pm25'], 'last_value': [-999.0], 'lat': [-6.182536], 'lng': [106.834236]}
[2023-12-17T12:19:04.771+0000] {taskinstance.py:1400} INFO - Marking task as SUCCESS. dag_id=air_quality, task_id=Extract, execution_date=20231214T040000, start_date=20231217T121904, end_date=20231217T121904
[2023-12-17T12:19:04.838+0000] {local_task_job_runner.py:228} INFO - Task exited with return code 0
[2023-12-17T12:19:04.893+0000] {taskinstance.py:2778} INFO - 1 downstream tasks scheduled from follow-on schedule check
[2023-12-28T16:51:45.170+0000] {logging_mixin.py:154} INFO - Changing /opt/***/logs/dag_id=air_quality/run_id=scheduled__2023-12-14T04:00:00+00:00/task_id=Extract permission to 509
[2023-12-28T16:51:45.176+0000] {logging_mixin.py:154} INFO - Failed to change /opt/***/logs/dag_id=air_quality/run_id=scheduled__2023-12-14T04:00:00+00:00/task_id=Extract permission to 509: [Errno 1] Operation not permitted: '/opt/***/logs/dag_id=air_quality/run_id=scheduled__2023-12-14T04:00:00+00:00/task_id=Extract'
[2023-12-28T16:51:45.289+0000] {logging_mixin.py:154} INFO - Changing /opt/***/logs/dag_id=air_quality/run_id=scheduled__2023-12-14T04:00:00+00:00/task_id=Extract permission to 509
[2023-12-28T16:51:45.299+0000] {logging_mixin.py:154} INFO - Failed to change /opt/***/logs/dag_id=air_quality/run_id=scheduled__2023-12-14T04:00:00+00:00/task_id=Extract permission to 509: [Errno 1] Operation not permitted: '/opt/***/logs/dag_id=air_quality/run_id=scheduled__2023-12-14T04:00:00+00:00/task_id=Extract'
[2023-12-28T16:51:45.507+0000] {taskinstance.py:1159} INFO - Dependencies all met for dep_context=non-requeueable deps ti=<TaskInstance: air_quality.Extract scheduled__2023-12-14T04:00:00+00:00 [queued]>
[2023-12-28T16:51:45.535+0000] {taskinstance.py:1159} INFO - Dependencies all met for dep_context=requeueable deps ti=<TaskInstance: air_quality.Extract scheduled__2023-12-14T04:00:00+00:00 [queued]>
[2023-12-28T16:51:45.537+0000] {taskinstance.py:1361} INFO - Starting attempt 1 of 2
[2023-12-28T16:51:45.618+0000] {taskinstance.py:1382} INFO - Executing <Task(PythonOperator): Extract> on 2023-12-14 04:00:00+00:00
[2023-12-28T16:51:45.637+0000] {standard_task_runner.py:57} INFO - Started process 205 to run task
[2023-12-28T16:51:45.645+0000] {standard_task_runner.py:84} INFO - Running: ['***', 'tasks', 'run', 'air_quality', 'Extract', 'scheduled__2023-12-14T04:00:00+00:00', '--job-id', '853', '--raw', '--subdir', 'DAGS_FOLDER/airQuality.py', '--cfg-path', '/tmp/tmpila9qorw']
[2023-12-28T16:51:45.648+0000] {standard_task_runner.py:85} INFO - Job 853: Subtask Extract
[2023-12-28T16:51:45.875+0000] {logging_mixin.py:154} INFO - Changing /opt/***/logs/dag_id=air_quality/run_id=scheduled__2023-12-14T04:00:00+00:00/task_id=Extract permission to 509
[2023-12-28T16:51:45.878+0000] {logging_mixin.py:154} INFO - Failed to change /opt/***/logs/dag_id=air_quality/run_id=scheduled__2023-12-14T04:00:00+00:00/task_id=Extract permission to 509: [Errno 1] Operation not permitted: '/opt/***/logs/dag_id=air_quality/run_id=scheduled__2023-12-14T04:00:00+00:00/task_id=Extract'
[2023-12-28T16:51:45.890+0000] {task_command.py:416} INFO - Running <TaskInstance: air_quality.Extract scheduled__2023-12-14T04:00:00+00:00 [running]> on host d67dd4682ccf
[2023-12-28T16:51:46.326+0000] {taskinstance.py:1662} INFO - Exporting env vars: AIRFLOW_CTX_DAG_OWNER='ghifari' AIRFLOW_CTX_DAG_ID='air_quality' AIRFLOW_CTX_TASK_ID='Extract' AIRFLOW_CTX_EXECUTION_DATE='2023-12-14T04:00:00+00:00' AIRFLOW_CTX_TRY_NUMBER='1' AIRFLOW_CTX_DAG_RUN_ID='scheduled__2023-12-14T04:00:00+00:00'
[2023-12-28T16:51:46.543+0000] {python.py:194} INFO - Done. Returned value was: {'city': ['Jakarta'], 'country': ['ID'], 'unit': ['o3'], 'last_value': [-0.999], 'lat': [-6.182536], 'lng': [106.834236]}
[2023-12-28T16:51:46.679+0000] {taskinstance.py:1400} INFO - Marking task as SUCCESS. dag_id=air_quality, task_id=Extract, execution_date=20231214T040000, start_date=20231228T165145, end_date=20231228T165146
[2023-12-28T16:51:46.809+0000] {local_task_job_runner.py:228} INFO - Task exited with return code 0
[2023-12-28T16:51:47.199+0000] {taskinstance.py:2778} INFO - 0 downstream tasks scheduled from follow-on schedule check
[2023-12-28T16:54:46.174+0000] {logging_mixin.py:154} INFO - Changing /opt/***/logs/dag_id=air_quality/run_id=scheduled__2023-12-14T04:00:00+00:00/task_id=Extract permission to 509
[2023-12-28T16:54:46.178+0000] {logging_mixin.py:154} INFO - Failed to change /opt/***/logs/dag_id=air_quality/run_id=scheduled__2023-12-14T04:00:00+00:00/task_id=Extract permission to 509: [Errno 1] Operation not permitted: '/opt/***/logs/dag_id=air_quality/run_id=scheduled__2023-12-14T04:00:00+00:00/task_id=Extract'
[2023-12-28T16:54:46.367+0000] {logging_mixin.py:154} INFO - Changing /opt/***/logs/dag_id=air_quality/run_id=scheduled__2023-12-14T04:00:00+00:00/task_id=Extract permission to 509
[2023-12-28T16:54:46.369+0000] {logging_mixin.py:154} INFO - Failed to change /opt/***/logs/dag_id=air_quality/run_id=scheduled__2023-12-14T04:00:00+00:00/task_id=Extract permission to 509: [Errno 1] Operation not permitted: '/opt/***/logs/dag_id=air_quality/run_id=scheduled__2023-12-14T04:00:00+00:00/task_id=Extract'
[2023-12-28T16:54:46.472+0000] {taskinstance.py:1159} INFO - Dependencies all met for dep_context=non-requeueable deps ti=<TaskInstance: air_quality.Extract scheduled__2023-12-14T04:00:00+00:00 [queued]>
[2023-12-28T16:54:46.507+0000] {taskinstance.py:1159} INFO - Dependencies all met for dep_context=requeueable deps ti=<TaskInstance: air_quality.Extract scheduled__2023-12-14T04:00:00+00:00 [queued]>
[2023-12-28T16:54:46.514+0000] {taskinstance.py:1361} INFO - Starting attempt 1 of 2
[2023-12-28T16:54:46.657+0000] {taskinstance.py:1382} INFO - Executing <Task(PythonOperator): Extract> on 2023-12-14 04:00:00+00:00
[2023-12-28T16:54:46.669+0000] {standard_task_runner.py:57} INFO - Started process 1190 to run task
[2023-12-28T16:54:46.680+0000] {standard_task_runner.py:84} INFO - Running: ['***', 'tasks', 'run', 'air_quality', 'Extract', 'scheduled__2023-12-14T04:00:00+00:00', '--job-id', '1103', '--raw', '--subdir', 'DAGS_FOLDER/airQuality.py', '--cfg-path', '/tmp/tmpioibyg25']
[2023-12-28T16:54:46.684+0000] {standard_task_runner.py:85} INFO - Job 1103: Subtask Extract
[2023-12-28T16:54:46.907+0000] {logging_mixin.py:154} INFO - Changing /opt/***/logs/dag_id=air_quality/run_id=scheduled__2023-12-14T04:00:00+00:00/task_id=Extract permission to 509
[2023-12-28T16:54:46.909+0000] {logging_mixin.py:154} INFO - Failed to change /opt/***/logs/dag_id=air_quality/run_id=scheduled__2023-12-14T04:00:00+00:00/task_id=Extract permission to 509: [Errno 1] Operation not permitted: '/opt/***/logs/dag_id=air_quality/run_id=scheduled__2023-12-14T04:00:00+00:00/task_id=Extract'
[2023-12-28T16:54:46.917+0000] {task_command.py:416} INFO - Running <TaskInstance: air_quality.Extract scheduled__2023-12-14T04:00:00+00:00 [running]> on host d67dd4682ccf
[2023-12-28T16:54:47.298+0000] {taskinstance.py:1662} INFO - Exporting env vars: AIRFLOW_CTX_DAG_OWNER='ghifari' AIRFLOW_CTX_DAG_ID='air_quality' AIRFLOW_CTX_TASK_ID='Extract' AIRFLOW_CTX_EXECUTION_DATE='2023-12-14T04:00:00+00:00' AIRFLOW_CTX_TRY_NUMBER='1' AIRFLOW_CTX_DAG_RUN_ID='scheduled__2023-12-14T04:00:00+00:00'
[2023-12-28T16:54:47.491+0000] {python.py:194} INFO - Done. Returned value was: {'city': ['Jakarta'], 'country': ['ID'], 'unit': ['o3'], 'last_value': [-0.999], 'lat': [-6.182536], 'lng': [106.834236]}
[2023-12-28T16:54:47.560+0000] {taskinstance.py:1400} INFO - Marking task as SUCCESS. dag_id=air_quality, task_id=Extract, execution_date=20231214T040000, start_date=20231228T165446, end_date=20231228T165447
[2023-12-28T16:54:47.698+0000] {local_task_job_runner.py:228} INFO - Task exited with return code 0
[2023-12-28T16:54:48.012+0000] {taskinstance.py:2778} INFO - 0 downstream tasks scheduled from follow-on schedule check
