[2023-12-28T16:09:15.059+0000] {logging_mixin.py:154} INFO - Changing /opt/***/logs/dag_id=air_quality/run_id=scheduled__2023-12-26T04:00:00+00:00/task_id=CheckTable permission to 509
[2023-12-28T16:09:15.061+0000] {logging_mixin.py:154} INFO - Failed to change /opt/***/logs/dag_id=air_quality/run_id=scheduled__2023-12-26T04:00:00+00:00/task_id=CheckTable permission to 509: [Errno 1] Operation not permitted: '/opt/***/logs/dag_id=air_quality/run_id=scheduled__2023-12-26T04:00:00+00:00/task_id=CheckTable'
[2023-12-28T16:09:15.110+0000] {logging_mixin.py:154} INFO - Changing /opt/***/logs/dag_id=air_quality/run_id=scheduled__2023-12-26T04:00:00+00:00/task_id=CheckTable permission to 509
[2023-12-28T16:09:15.111+0000] {logging_mixin.py:154} INFO - Failed to change /opt/***/logs/dag_id=air_quality/run_id=scheduled__2023-12-26T04:00:00+00:00/task_id=CheckTable permission to 509: [Errno 1] Operation not permitted: '/opt/***/logs/dag_id=air_quality/run_id=scheduled__2023-12-26T04:00:00+00:00/task_id=CheckTable'
[2023-12-28T16:09:15.167+0000] {taskinstance.py:1159} INFO - Dependencies all met for dep_context=non-requeueable deps ti=<TaskInstance: air_quality.CheckTable scheduled__2023-12-26T04:00:00+00:00 [queued]>
[2023-12-28T16:09:15.187+0000] {taskinstance.py:1159} INFO - Dependencies all met for dep_context=requeueable deps ti=<TaskInstance: air_quality.CheckTable scheduled__2023-12-26T04:00:00+00:00 [queued]>
[2023-12-28T16:09:15.188+0000] {taskinstance.py:1361} INFO - Starting attempt 1 of 2
[2023-12-28T16:09:15.212+0000] {taskinstance.py:1382} INFO - Executing <Task(BranchPythonOperator): CheckTable> on 2023-12-26 04:00:00+00:00
[2023-12-28T16:09:15.220+0000] {standard_task_runner.py:57} INFO - Started process 577 to run task
[2023-12-28T16:09:15.225+0000] {standard_task_runner.py:84} INFO - Running: ['***', 'tasks', 'run', 'air_quality', 'CheckTable', 'scheduled__2023-12-26T04:00:00+00:00', '--job-id', '778', '--raw', '--subdir', 'DAGS_FOLDER/airQuality.py', '--cfg-path', '/tmp/tmplnz1ncxo']
[2023-12-28T16:09:15.227+0000] {standard_task_runner.py:85} INFO - Job 778: Subtask CheckTable
[2023-12-28T16:09:15.307+0000] {logging_mixin.py:154} INFO - Changing /opt/***/logs/dag_id=air_quality/run_id=scheduled__2023-12-26T04:00:00+00:00/task_id=CheckTable permission to 509
[2023-12-28T16:09:15.308+0000] {logging_mixin.py:154} INFO - Failed to change /opt/***/logs/dag_id=air_quality/run_id=scheduled__2023-12-26T04:00:00+00:00/task_id=CheckTable permission to 509: [Errno 1] Operation not permitted: '/opt/***/logs/dag_id=air_quality/run_id=scheduled__2023-12-26T04:00:00+00:00/task_id=CheckTable'
[2023-12-28T16:09:15.311+0000] {task_command.py:416} INFO - Running <TaskInstance: air_quality.CheckTable scheduled__2023-12-26T04:00:00+00:00 [running]> on host d67dd4682ccf
[2023-12-28T16:09:15.442+0000] {taskinstance.py:1662} INFO - Exporting env vars: AIRFLOW_CTX_DAG_OWNER='ghifari' AIRFLOW_CTX_DAG_ID='air_quality' AIRFLOW_CTX_TASK_ID='CheckTable' AIRFLOW_CTX_EXECUTION_DATE='2023-12-26T04:00:00+00:00' AIRFLOW_CTX_TRY_NUMBER='1' AIRFLOW_CTX_DAG_RUN_ID='scheduled__2023-12-26T04:00:00+00:00'
[2023-12-28T16:09:15.459+0000] {airQuality.py:183} INFO - Table Created: 
        CREATE TABLE air_quality (
            id serial primary key, 
            city varchar(250),
            country varchar(250), 
            unit varchar(20), 
            last_value float8, 
            lat float8,
            lng float8
        )
    
[2023-12-28T16:09:15.459+0000] {python.py:194} INFO - Done. Returned value was: Insert_Data
[2023-12-28T16:09:15.460+0000] {python.py:227} INFO - Branch callable return Insert_Data
[2023-12-28T16:09:15.462+0000] {skipmixin.py:173} INFO - Following branch Insert_Data
[2023-12-28T16:09:15.473+0000] {skipmixin.py:239} INFO - Skipping tasks []
[2023-12-28T16:09:15.523+0000] {taskinstance.py:1400} INFO - Marking task as SUCCESS. dag_id=air_quality, task_id=CheckTable, execution_date=20231226T040000, start_date=20231228T160915, end_date=20231228T160915
[2023-12-28T16:09:15.557+0000] {local_task_job_runner.py:228} INFO - Task exited with return code 0
[2023-12-28T16:09:15.599+0000] {taskinstance.py:2778} INFO - 1 downstream tasks scheduled from follow-on schedule check
[2023-12-28T16:52:54.794+0000] {logging_mixin.py:154} INFO - Changing /opt/***/logs/dag_id=air_quality/run_id=scheduled__2023-12-26T04:00:00+00:00/task_id=CheckTable permission to 509
[2023-12-28T16:52:54.797+0000] {logging_mixin.py:154} INFO - Failed to change /opt/***/logs/dag_id=air_quality/run_id=scheduled__2023-12-26T04:00:00+00:00/task_id=CheckTable permission to 509: [Errno 1] Operation not permitted: '/opt/***/logs/dag_id=air_quality/run_id=scheduled__2023-12-26T04:00:00+00:00/task_id=CheckTable'
[2023-12-28T16:52:54.853+0000] {logging_mixin.py:154} INFO - Changing /opt/***/logs/dag_id=air_quality/run_id=scheduled__2023-12-26T04:00:00+00:00/task_id=CheckTable permission to 509
[2023-12-28T16:52:54.854+0000] {logging_mixin.py:154} INFO - Failed to change /opt/***/logs/dag_id=air_quality/run_id=scheduled__2023-12-26T04:00:00+00:00/task_id=CheckTable permission to 509: [Errno 1] Operation not permitted: '/opt/***/logs/dag_id=air_quality/run_id=scheduled__2023-12-26T04:00:00+00:00/task_id=CheckTable'
[2023-12-28T16:52:54.904+0000] {taskinstance.py:1159} INFO - Dependencies all met for dep_context=non-requeueable deps ti=<TaskInstance: air_quality.CheckTable scheduled__2023-12-26T04:00:00+00:00 [queued]>
[2023-12-28T16:52:54.921+0000] {taskinstance.py:1159} INFO - Dependencies all met for dep_context=requeueable deps ti=<TaskInstance: air_quality.CheckTable scheduled__2023-12-26T04:00:00+00:00 [queued]>
[2023-12-28T16:52:54.921+0000] {taskinstance.py:1361} INFO - Starting attempt 1 of 2
[2023-12-28T16:52:54.946+0000] {taskinstance.py:1382} INFO - Executing <Task(BranchPythonOperator): CheckTable> on 2023-12-26 04:00:00+00:00
[2023-12-28T16:52:54.952+0000] {standard_task_runner.py:57} INFO - Started process 695 to run task
[2023-12-28T16:52:54.958+0000] {standard_task_runner.py:84} INFO - Running: ['***', 'tasks', 'run', 'air_quality', 'CheckTable', 'scheduled__2023-12-26T04:00:00+00:00', '--job-id', '998', '--raw', '--subdir', 'DAGS_FOLDER/airQuality.py', '--cfg-path', '/tmp/tmpylcb2q10']
[2023-12-28T16:52:54.960+0000] {standard_task_runner.py:85} INFO - Job 998: Subtask CheckTable
[2023-12-28T16:52:55.043+0000] {logging_mixin.py:154} INFO - Changing /opt/***/logs/dag_id=air_quality/run_id=scheduled__2023-12-26T04:00:00+00:00/task_id=CheckTable permission to 509
[2023-12-28T16:52:55.045+0000] {logging_mixin.py:154} INFO - Failed to change /opt/***/logs/dag_id=air_quality/run_id=scheduled__2023-12-26T04:00:00+00:00/task_id=CheckTable permission to 509: [Errno 1] Operation not permitted: '/opt/***/logs/dag_id=air_quality/run_id=scheduled__2023-12-26T04:00:00+00:00/task_id=CheckTable'
[2023-12-28T16:52:55.049+0000] {task_command.py:416} INFO - Running <TaskInstance: air_quality.CheckTable scheduled__2023-12-26T04:00:00+00:00 [running]> on host d67dd4682ccf
[2023-12-28T16:52:55.222+0000] {taskinstance.py:1662} INFO - Exporting env vars: AIRFLOW_CTX_DAG_OWNER='ghifari' AIRFLOW_CTX_DAG_ID='air_quality' AIRFLOW_CTX_TASK_ID='CheckTable' AIRFLOW_CTX_EXECUTION_DATE='2023-12-26T04:00:00+00:00' AIRFLOW_CTX_TRY_NUMBER='1' AIRFLOW_CTX_DAG_RUN_ID='scheduled__2023-12-26T04:00:00+00:00'
[2023-12-28T16:52:55.244+0000] {airQuality.py:183} INFO - Table Created: 
        CREATE TABLE air_quality (
            id serial primary key, 
            city varchar(250),
            country varchar(250), 
            unit varchar(20), 
            last_value float8, 
            lat float8,
            lng float8
        )
    
[2023-12-28T16:52:55.246+0000] {python.py:194} INFO - Done. Returned value was: Insert_Data
[2023-12-28T16:52:55.247+0000] {python.py:227} INFO - Branch callable return Insert_Data
[2023-12-28T16:52:55.248+0000] {skipmixin.py:173} INFO - Following branch Insert_Data
[2023-12-28T16:52:55.261+0000] {skipmixin.py:239} INFO - Skipping tasks []
[2023-12-28T16:52:55.330+0000] {taskinstance.py:1400} INFO - Marking task as SUCCESS. dag_id=air_quality, task_id=CheckTable, execution_date=20231226T040000, start_date=20231228T165254, end_date=20231228T165255
[2023-12-28T16:52:55.372+0000] {local_task_job_runner.py:228} INFO - Task exited with return code 0
[2023-12-28T16:52:55.435+0000] {taskinstance.py:2778} INFO - 1 downstream tasks scheduled from follow-on schedule check
[2023-12-28T16:55:48.568+0000] {logging_mixin.py:154} INFO - Changing /opt/***/logs/dag_id=air_quality/run_id=scheduled__2023-12-26T04:00:00+00:00/task_id=CheckTable permission to 509
[2023-12-28T16:55:48.569+0000] {logging_mixin.py:154} INFO - Failed to change /opt/***/logs/dag_id=air_quality/run_id=scheduled__2023-12-26T04:00:00+00:00/task_id=CheckTable permission to 509: [Errno 1] Operation not permitted: '/opt/***/logs/dag_id=air_quality/run_id=scheduled__2023-12-26T04:00:00+00:00/task_id=CheckTable'
[2023-12-28T16:55:48.613+0000] {logging_mixin.py:154} INFO - Changing /opt/***/logs/dag_id=air_quality/run_id=scheduled__2023-12-26T04:00:00+00:00/task_id=CheckTable permission to 509
[2023-12-28T16:55:48.614+0000] {logging_mixin.py:154} INFO - Failed to change /opt/***/logs/dag_id=air_quality/run_id=scheduled__2023-12-26T04:00:00+00:00/task_id=CheckTable permission to 509: [Errno 1] Operation not permitted: '/opt/***/logs/dag_id=air_quality/run_id=scheduled__2023-12-26T04:00:00+00:00/task_id=CheckTable'
[2023-12-28T16:55:48.659+0000] {taskinstance.py:1159} INFO - Dependencies all met for dep_context=non-requeueable deps ti=<TaskInstance: air_quality.CheckTable scheduled__2023-12-26T04:00:00+00:00 [queued]>
[2023-12-28T16:55:48.672+0000] {taskinstance.py:1159} INFO - Dependencies all met for dep_context=requeueable deps ti=<TaskInstance: air_quality.CheckTable scheduled__2023-12-26T04:00:00+00:00 [queued]>
[2023-12-28T16:55:48.672+0000] {taskinstance.py:1361} INFO - Starting attempt 1 of 2
[2023-12-28T16:55:48.689+0000] {taskinstance.py:1382} INFO - Executing <Task(BranchPythonOperator): CheckTable> on 2023-12-26 04:00:00+00:00
[2023-12-28T16:55:48.694+0000] {standard_task_runner.py:57} INFO - Started process 1640 to run task
[2023-12-28T16:55:48.698+0000] {standard_task_runner.py:84} INFO - Running: ['***', 'tasks', 'run', 'air_quality', 'CheckTable', 'scheduled__2023-12-26T04:00:00+00:00', '--job-id', '1207', '--raw', '--subdir', 'DAGS_FOLDER/airQuality.py', '--cfg-path', '/tmp/tmp5zxz481m']
[2023-12-28T16:55:48.700+0000] {standard_task_runner.py:85} INFO - Job 1207: Subtask CheckTable
[2023-12-28T16:55:48.761+0000] {logging_mixin.py:154} INFO - Changing /opt/***/logs/dag_id=air_quality/run_id=scheduled__2023-12-26T04:00:00+00:00/task_id=CheckTable permission to 509
[2023-12-28T16:55:48.762+0000] {logging_mixin.py:154} INFO - Failed to change /opt/***/logs/dag_id=air_quality/run_id=scheduled__2023-12-26T04:00:00+00:00/task_id=CheckTable permission to 509: [Errno 1] Operation not permitted: '/opt/***/logs/dag_id=air_quality/run_id=scheduled__2023-12-26T04:00:00+00:00/task_id=CheckTable'
[2023-12-28T16:55:48.764+0000] {task_command.py:416} INFO - Running <TaskInstance: air_quality.CheckTable scheduled__2023-12-26T04:00:00+00:00 [running]> on host d67dd4682ccf
[2023-12-28T16:55:48.879+0000] {taskinstance.py:1662} INFO - Exporting env vars: AIRFLOW_CTX_DAG_OWNER='ghifari' AIRFLOW_CTX_DAG_ID='air_quality' AIRFLOW_CTX_TASK_ID='CheckTable' AIRFLOW_CTX_EXECUTION_DATE='2023-12-26T04:00:00+00:00' AIRFLOW_CTX_TRY_NUMBER='1' AIRFLOW_CTX_DAG_RUN_ID='scheduled__2023-12-26T04:00:00+00:00'
[2023-12-28T16:55:48.896+0000] {airQuality.py:183} INFO - Table Created: 
        CREATE TABLE air_quality (
            id serial primary key, 
            city varchar(250),
            country varchar(250), 
            unit varchar(20), 
            last_value float8, 
            lat float8,
            lng float8
        )
    
[2023-12-28T16:55:48.897+0000] {python.py:194} INFO - Done. Returned value was: Insert_Data
[2023-12-28T16:55:48.898+0000] {python.py:227} INFO - Branch callable return Insert_Data
[2023-12-28T16:55:48.899+0000] {skipmixin.py:173} INFO - Following branch Insert_Data
[2023-12-28T16:55:48.909+0000] {skipmixin.py:239} INFO - Skipping tasks []
[2023-12-28T16:55:48.956+0000] {taskinstance.py:1400} INFO - Marking task as SUCCESS. dag_id=air_quality, task_id=CheckTable, execution_date=20231226T040000, start_date=20231228T165548, end_date=20231228T165548
[2023-12-28T16:55:48.992+0000] {local_task_job_runner.py:228} INFO - Task exited with return code 0
[2023-12-28T16:55:49.023+0000] {taskinstance.py:2778} INFO - 1 downstream tasks scheduled from follow-on schedule check
