[2023-12-17T11:19:06.438+0000] {logging_mixin.py:154} INFO - Changing /opt/***/logs/dag_id=air_quality/run_id=scheduled__2023-12-08T04:00:00+00:00/task_id=Transform permission to 509
[2023-12-17T11:19:06.440+0000] {logging_mixin.py:154} INFO - Failed to change /opt/***/logs/dag_id=air_quality/run_id=scheduled__2023-12-08T04:00:00+00:00/task_id=Transform permission to 509: [Errno 1] Operation not permitted: '/opt/***/logs/dag_id=air_quality/run_id=scheduled__2023-12-08T04:00:00+00:00/task_id=Transform'
[2023-12-17T11:19:06.528+0000] {logging_mixin.py:154} INFO - Changing /opt/***/logs/dag_id=air_quality/run_id=scheduled__2023-12-08T04:00:00+00:00/task_id=Transform permission to 509
[2023-12-17T11:19:06.529+0000] {logging_mixin.py:154} INFO - Failed to change /opt/***/logs/dag_id=air_quality/run_id=scheduled__2023-12-08T04:00:00+00:00/task_id=Transform permission to 509: [Errno 1] Operation not permitted: '/opt/***/logs/dag_id=air_quality/run_id=scheduled__2023-12-08T04:00:00+00:00/task_id=Transform'
[2023-12-17T11:19:06.647+0000] {taskinstance.py:1159} INFO - Dependencies all met for dep_context=non-requeueable deps ti=<TaskInstance: air_quality.Transform scheduled__2023-12-08T04:00:00+00:00 [queued]>
[2023-12-17T11:19:06.675+0000] {taskinstance.py:1159} INFO - Dependencies all met for dep_context=requeueable deps ti=<TaskInstance: air_quality.Transform scheduled__2023-12-08T04:00:00+00:00 [queued]>
[2023-12-17T11:19:06.676+0000] {taskinstance.py:1361} INFO - Starting attempt 1 of 2
[2023-12-17T11:19:06.726+0000] {taskinstance.py:1382} INFO - Executing <Task(PythonOperator): Transform> on 2023-12-08 04:00:00+00:00
[2023-12-17T11:19:06.738+0000] {standard_task_runner.py:57} INFO - Started process 2417 to run task
[2023-12-17T11:19:06.746+0000] {standard_task_runner.py:84} INFO - Running: ['***', 'tasks', 'run', 'air_quality', 'Transform', 'scheduled__2023-12-08T04:00:00+00:00', '--job-id', '394', '--raw', '--subdir', 'DAGS_FOLDER/airQuality.py', '--cfg-path', '/tmp/tmpp7_e65nq']
[2023-12-17T11:19:06.748+0000] {standard_task_runner.py:85} INFO - Job 394: Subtask Transform
[2023-12-17T11:19:06.884+0000] {logging_mixin.py:154} INFO - Changing /opt/***/logs/dag_id=air_quality/run_id=scheduled__2023-12-08T04:00:00+00:00/task_id=Transform permission to 509
[2023-12-17T11:19:06.889+0000] {logging_mixin.py:154} INFO - Failed to change /opt/***/logs/dag_id=air_quality/run_id=scheduled__2023-12-08T04:00:00+00:00/task_id=Transform permission to 509: [Errno 1] Operation not permitted: '/opt/***/logs/dag_id=air_quality/run_id=scheduled__2023-12-08T04:00:00+00:00/task_id=Transform'
[2023-12-17T11:19:06.899+0000] {task_command.py:416} INFO - Running <TaskInstance: air_quality.Transform scheduled__2023-12-08T04:00:00+00:00 [running]> on host 1a58977f5573
[2023-12-17T11:19:07.114+0000] {taskinstance.py:1662} INFO - Exporting env vars: AIRFLOW_CTX_DAG_OWNER='ghifari' AIRFLOW_CTX_DAG_ID='air_quality' AIRFLOW_CTX_TASK_ID='Transform' AIRFLOW_CTX_EXECUTION_DATE='2023-12-08T04:00:00+00:00' AIRFLOW_CTX_TRY_NUMBER='1' AIRFLOW_CTX_DAG_RUN_ID='scheduled__2023-12-08T04:00:00+00:00'
[2023-12-17T11:19:09.471+0000] {python.py:194} INFO - Done. Returned value was:       city country unit  last_value       lat         lng
0  Jakarta      ID   o3      -0.999 -6.182536  106.834236
[2023-12-17T11:19:09.530+0000] {taskinstance.py:1400} INFO - Marking task as SUCCESS. dag_id=air_quality, task_id=Transform, execution_date=20231208T040000, start_date=20231217T111906, end_date=20231217T111909
[2023-12-17T11:19:09.579+0000] {local_task_job_runner.py:228} INFO - Task exited with return code 0
[2023-12-17T11:19:09.631+0000] {taskinstance.py:2778} INFO - 1 downstream tasks scheduled from follow-on schedule check
[2023-12-17T12:18:14.806+0000] {logging_mixin.py:154} INFO - Changing /opt/***/logs/dag_id=air_quality/run_id=scheduled__2023-12-08T04:00:00+00:00/task_id=Transform permission to 509
[2023-12-17T12:18:14.818+0000] {logging_mixin.py:154} INFO - Failed to change /opt/***/logs/dag_id=air_quality/run_id=scheduled__2023-12-08T04:00:00+00:00/task_id=Transform permission to 509: [Errno 1] Operation not permitted: '/opt/***/logs/dag_id=air_quality/run_id=scheduled__2023-12-08T04:00:00+00:00/task_id=Transform'
[2023-12-17T12:18:14.931+0000] {logging_mixin.py:154} INFO - Changing /opt/***/logs/dag_id=air_quality/run_id=scheduled__2023-12-08T04:00:00+00:00/task_id=Transform permission to 509
[2023-12-17T12:18:14.933+0000] {logging_mixin.py:154} INFO - Failed to change /opt/***/logs/dag_id=air_quality/run_id=scheduled__2023-12-08T04:00:00+00:00/task_id=Transform permission to 509: [Errno 1] Operation not permitted: '/opt/***/logs/dag_id=air_quality/run_id=scheduled__2023-12-08T04:00:00+00:00/task_id=Transform'
[2023-12-17T12:18:15.044+0000] {taskinstance.py:1159} INFO - Dependencies all met for dep_context=non-requeueable deps ti=<TaskInstance: air_quality.Transform scheduled__2023-12-08T04:00:00+00:00 [queued]>
[2023-12-17T12:18:15.074+0000] {taskinstance.py:1159} INFO - Dependencies all met for dep_context=requeueable deps ti=<TaskInstance: air_quality.Transform scheduled__2023-12-08T04:00:00+00:00 [queued]>
[2023-12-17T12:18:15.075+0000] {taskinstance.py:1361} INFO - Starting attempt 1 of 2
[2023-12-17T12:18:15.119+0000] {taskinstance.py:1382} INFO - Executing <Task(PythonOperator): Transform> on 2023-12-08 04:00:00+00:00
[2023-12-17T12:18:15.130+0000] {standard_task_runner.py:57} INFO - Started process 4114 to run task
[2023-12-17T12:18:15.138+0000] {standard_task_runner.py:84} INFO - Running: ['***', 'tasks', 'run', 'air_quality', 'Transform', 'scheduled__2023-12-08T04:00:00+00:00', '--job-id', '606', '--raw', '--subdir', 'DAGS_FOLDER/airQuality.py', '--cfg-path', '/tmp/tmp784b67ui']
[2023-12-17T12:18:15.141+0000] {standard_task_runner.py:85} INFO - Job 606: Subtask Transform
[2023-12-17T12:18:15.306+0000] {logging_mixin.py:154} INFO - Changing /opt/***/logs/dag_id=air_quality/run_id=scheduled__2023-12-08T04:00:00+00:00/task_id=Transform permission to 509
[2023-12-17T12:18:15.307+0000] {logging_mixin.py:154} INFO - Failed to change /opt/***/logs/dag_id=air_quality/run_id=scheduled__2023-12-08T04:00:00+00:00/task_id=Transform permission to 509: [Errno 1] Operation not permitted: '/opt/***/logs/dag_id=air_quality/run_id=scheduled__2023-12-08T04:00:00+00:00/task_id=Transform'
[2023-12-17T12:18:15.310+0000] {task_command.py:416} INFO - Running <TaskInstance: air_quality.Transform scheduled__2023-12-08T04:00:00+00:00 [running]> on host 1a58977f5573
[2023-12-17T12:18:15.546+0000] {taskinstance.py:1662} INFO - Exporting env vars: AIRFLOW_CTX_DAG_OWNER='ghifari' AIRFLOW_CTX_DAG_ID='air_quality' AIRFLOW_CTX_TASK_ID='Transform' AIRFLOW_CTX_EXECUTION_DATE='2023-12-08T04:00:00+00:00' AIRFLOW_CTX_TRY_NUMBER='1' AIRFLOW_CTX_DAG_RUN_ID='scheduled__2023-12-08T04:00:00+00:00'
[2023-12-17T12:18:17.171+0000] {python.py:194} INFO - Done. Returned value was:       city country  unit  last_value       lat         lng
0  Jakarta      ID  pm25      -999.0 -6.182536  106.834236
[2023-12-17T12:18:17.258+0000] {taskinstance.py:1400} INFO - Marking task as SUCCESS. dag_id=air_quality, task_id=Transform, execution_date=20231208T040000, start_date=20231217T121815, end_date=20231217T121817
[2023-12-17T12:18:17.336+0000] {local_task_job_runner.py:228} INFO - Task exited with return code 0
[2023-12-17T12:18:17.409+0000] {taskinstance.py:2778} INFO - 1 downstream tasks scheduled from follow-on schedule check
[2023-12-17T12:18:50.277+0000] {logging_mixin.py:154} INFO - Changing /opt/***/logs/dag_id=air_quality/run_id=scheduled__2023-12-08T04:00:00+00:00/task_id=Transform permission to 509
[2023-12-17T12:18:50.280+0000] {logging_mixin.py:154} INFO - Failed to change /opt/***/logs/dag_id=air_quality/run_id=scheduled__2023-12-08T04:00:00+00:00/task_id=Transform permission to 509: [Errno 1] Operation not permitted: '/opt/***/logs/dag_id=air_quality/run_id=scheduled__2023-12-08T04:00:00+00:00/task_id=Transform'
[2023-12-17T12:18:50.339+0000] {logging_mixin.py:154} INFO - Changing /opt/***/logs/dag_id=air_quality/run_id=scheduled__2023-12-08T04:00:00+00:00/task_id=Transform permission to 509
[2023-12-17T12:18:50.340+0000] {logging_mixin.py:154} INFO - Failed to change /opt/***/logs/dag_id=air_quality/run_id=scheduled__2023-12-08T04:00:00+00:00/task_id=Transform permission to 509: [Errno 1] Operation not permitted: '/opt/***/logs/dag_id=air_quality/run_id=scheduled__2023-12-08T04:00:00+00:00/task_id=Transform'
[2023-12-17T12:18:50.410+0000] {taskinstance.py:1159} INFO - Dependencies all met for dep_context=non-requeueable deps ti=<TaskInstance: air_quality.Transform scheduled__2023-12-08T04:00:00+00:00 [queued]>
[2023-12-17T12:18:50.435+0000] {taskinstance.py:1159} INFO - Dependencies all met for dep_context=requeueable deps ti=<TaskInstance: air_quality.Transform scheduled__2023-12-08T04:00:00+00:00 [queued]>
[2023-12-17T12:18:50.436+0000] {taskinstance.py:1361} INFO - Starting attempt 1 of 2
[2023-12-17T12:18:50.464+0000] {taskinstance.py:1382} INFO - Executing <Task(PythonOperator): Transform> on 2023-12-08 04:00:00+00:00
[2023-12-17T12:18:50.471+0000] {standard_task_runner.py:57} INFO - Started process 4457 to run task
[2023-12-17T12:18:50.478+0000] {standard_task_runner.py:84} INFO - Running: ['***', 'tasks', 'run', 'air_quality', 'Transform', 'scheduled__2023-12-08T04:00:00+00:00', '--job-id', '681', '--raw', '--subdir', 'DAGS_FOLDER/airQuality.py', '--cfg-path', '/tmp/tmppcehuz6t']
[2023-12-17T12:18:50.480+0000] {standard_task_runner.py:85} INFO - Job 681: Subtask Transform
[2023-12-17T12:18:50.572+0000] {logging_mixin.py:154} INFO - Changing /opt/***/logs/dag_id=air_quality/run_id=scheduled__2023-12-08T04:00:00+00:00/task_id=Transform permission to 509
[2023-12-17T12:18:50.574+0000] {logging_mixin.py:154} INFO - Failed to change /opt/***/logs/dag_id=air_quality/run_id=scheduled__2023-12-08T04:00:00+00:00/task_id=Transform permission to 509: [Errno 1] Operation not permitted: '/opt/***/logs/dag_id=air_quality/run_id=scheduled__2023-12-08T04:00:00+00:00/task_id=Transform'
[2023-12-17T12:18:50.577+0000] {task_command.py:416} INFO - Running <TaskInstance: air_quality.Transform scheduled__2023-12-08T04:00:00+00:00 [running]> on host 1a58977f5573
[2023-12-17T12:18:50.729+0000] {taskinstance.py:1662} INFO - Exporting env vars: AIRFLOW_CTX_DAG_OWNER='ghifari' AIRFLOW_CTX_DAG_ID='air_quality' AIRFLOW_CTX_TASK_ID='Transform' AIRFLOW_CTX_EXECUTION_DATE='2023-12-08T04:00:00+00:00' AIRFLOW_CTX_TRY_NUMBER='1' AIRFLOW_CTX_DAG_RUN_ID='scheduled__2023-12-08T04:00:00+00:00'
[2023-12-17T12:18:51.618+0000] {python.py:194} INFO - Done. Returned value was:       city country  unit  last_value       lat         lng
0  Jakarta      ID  pm25      -999.0 -6.182536  106.834236
[2023-12-17T12:18:51.681+0000] {taskinstance.py:1400} INFO - Marking task as SUCCESS. dag_id=air_quality, task_id=Transform, execution_date=20231208T040000, start_date=20231217T121850, end_date=20231217T121851
[2023-12-17T12:18:51.736+0000] {local_task_job_runner.py:228} INFO - Task exited with return code 0
[2023-12-17T12:18:51.788+0000] {taskinstance.py:2778} INFO - 1 downstream tasks scheduled from follow-on schedule check
[2023-12-28T16:51:46.349+0000] {logging_mixin.py:154} INFO - Changing /opt/***/logs/dag_id=air_quality/run_id=scheduled__2023-12-08T04:00:00+00:00/task_id=Transform permission to 509
[2023-12-28T16:51:46.369+0000] {logging_mixin.py:154} INFO - Failed to change /opt/***/logs/dag_id=air_quality/run_id=scheduled__2023-12-08T04:00:00+00:00/task_id=Transform permission to 509: [Errno 1] Operation not permitted: '/opt/***/logs/dag_id=air_quality/run_id=scheduled__2023-12-08T04:00:00+00:00/task_id=Transform'
[2023-12-28T16:51:46.617+0000] {logging_mixin.py:154} INFO - Changing /opt/***/logs/dag_id=air_quality/run_id=scheduled__2023-12-08T04:00:00+00:00/task_id=Transform permission to 509
[2023-12-28T16:51:46.623+0000] {logging_mixin.py:154} INFO - Failed to change /opt/***/logs/dag_id=air_quality/run_id=scheduled__2023-12-08T04:00:00+00:00/task_id=Transform permission to 509: [Errno 1] Operation not permitted: '/opt/***/logs/dag_id=air_quality/run_id=scheduled__2023-12-08T04:00:00+00:00/task_id=Transform'
[2023-12-28T16:51:46.834+0000] {taskinstance.py:1159} INFO - Dependencies all met for dep_context=non-requeueable deps ti=<TaskInstance: air_quality.Transform scheduled__2023-12-08T04:00:00+00:00 [queued]>
[2023-12-28T16:51:46.898+0000] {taskinstance.py:1159} INFO - Dependencies all met for dep_context=requeueable deps ti=<TaskInstance: air_quality.Transform scheduled__2023-12-08T04:00:00+00:00 [queued]>
[2023-12-28T16:51:46.901+0000] {taskinstance.py:1361} INFO - Starting attempt 1 of 2
[2023-12-28T16:51:46.964+0000] {taskinstance.py:1382} INFO - Executing <Task(PythonOperator): Transform> on 2023-12-08 04:00:00+00:00
[2023-12-28T16:51:46.980+0000] {standard_task_runner.py:57} INFO - Started process 211 to run task
[2023-12-28T16:51:46.991+0000] {standard_task_runner.py:84} INFO - Running: ['***', 'tasks', 'run', 'air_quality', 'Transform', 'scheduled__2023-12-08T04:00:00+00:00', '--job-id', '855', '--raw', '--subdir', 'DAGS_FOLDER/airQuality.py', '--cfg-path', '/tmp/tmp08rlfhnj']
[2023-12-28T16:51:46.994+0000] {standard_task_runner.py:85} INFO - Job 855: Subtask Transform
[2023-12-28T16:51:47.186+0000] {logging_mixin.py:154} INFO - Changing /opt/***/logs/dag_id=air_quality/run_id=scheduled__2023-12-08T04:00:00+00:00/task_id=Transform permission to 509
[2023-12-28T16:51:47.188+0000] {logging_mixin.py:154} INFO - Failed to change /opt/***/logs/dag_id=air_quality/run_id=scheduled__2023-12-08T04:00:00+00:00/task_id=Transform permission to 509: [Errno 1] Operation not permitted: '/opt/***/logs/dag_id=air_quality/run_id=scheduled__2023-12-08T04:00:00+00:00/task_id=Transform'
[2023-12-28T16:51:47.205+0000] {task_command.py:416} INFO - Running <TaskInstance: air_quality.Transform scheduled__2023-12-08T04:00:00+00:00 [running]> on host d67dd4682ccf
[2023-12-28T16:51:47.729+0000] {taskinstance.py:1662} INFO - Exporting env vars: AIRFLOW_CTX_DAG_OWNER='ghifari' AIRFLOW_CTX_DAG_ID='air_quality' AIRFLOW_CTX_TASK_ID='Transform' AIRFLOW_CTX_EXECUTION_DATE='2023-12-08T04:00:00+00:00' AIRFLOW_CTX_TRY_NUMBER='1' AIRFLOW_CTX_DAG_RUN_ID='scheduled__2023-12-08T04:00:00+00:00'
[2023-12-28T16:51:50.576+0000] {python.py:194} INFO - Done. Returned value was:       city country unit  last_value       lat         lng
0  Jakarta      ID   o3      -0.999 -6.182536  106.834236
[2023-12-28T16:51:50.927+0000] {taskinstance.py:1400} INFO - Marking task as SUCCESS. dag_id=air_quality, task_id=Transform, execution_date=20231208T040000, start_date=20231228T165146, end_date=20231228T165150
[2023-12-28T16:51:51.261+0000] {local_task_job_runner.py:228} INFO - Task exited with return code 0
[2023-12-28T16:51:51.762+0000] {taskinstance.py:2778} INFO - 0 downstream tasks scheduled from follow-on schedule check
[2023-12-28T16:54:49.669+0000] {logging_mixin.py:154} INFO - Changing /opt/***/logs/dag_id=air_quality/run_id=scheduled__2023-12-08T04:00:00+00:00/task_id=Transform permission to 509
[2023-12-28T16:54:49.680+0000] {logging_mixin.py:154} INFO - Failed to change /opt/***/logs/dag_id=air_quality/run_id=scheduled__2023-12-08T04:00:00+00:00/task_id=Transform permission to 509: [Errno 1] Operation not permitted: '/opt/***/logs/dag_id=air_quality/run_id=scheduled__2023-12-08T04:00:00+00:00/task_id=Transform'
[2023-12-28T16:54:49.929+0000] {logging_mixin.py:154} INFO - Changing /opt/***/logs/dag_id=air_quality/run_id=scheduled__2023-12-08T04:00:00+00:00/task_id=Transform permission to 509
[2023-12-28T16:54:49.930+0000] {logging_mixin.py:154} INFO - Failed to change /opt/***/logs/dag_id=air_quality/run_id=scheduled__2023-12-08T04:00:00+00:00/task_id=Transform permission to 509: [Errno 1] Operation not permitted: '/opt/***/logs/dag_id=air_quality/run_id=scheduled__2023-12-08T04:00:00+00:00/task_id=Transform'
[2023-12-28T16:54:50.300+0000] {taskinstance.py:1159} INFO - Dependencies all met for dep_context=non-requeueable deps ti=<TaskInstance: air_quality.Transform scheduled__2023-12-08T04:00:00+00:00 [queued]>
[2023-12-28T16:54:50.411+0000] {taskinstance.py:1159} INFO - Dependencies all met for dep_context=requeueable deps ti=<TaskInstance: air_quality.Transform scheduled__2023-12-08T04:00:00+00:00 [queued]>
[2023-12-28T16:54:50.413+0000] {taskinstance.py:1361} INFO - Starting attempt 1 of 2
[2023-12-28T16:54:50.900+0000] {taskinstance.py:1382} INFO - Executing <Task(PythonOperator): Transform> on 2023-12-08 04:00:00+00:00
[2023-12-28T16:54:50.919+0000] {standard_task_runner.py:57} INFO - Started process 1212 to run task
[2023-12-28T16:54:50.930+0000] {standard_task_runner.py:84} INFO - Running: ['***', 'tasks', 'run', 'air_quality', 'Transform', 'scheduled__2023-12-08T04:00:00+00:00', '--job-id', '1111', '--raw', '--subdir', 'DAGS_FOLDER/airQuality.py', '--cfg-path', '/tmp/tmptrwnmdbc']
[2023-12-28T16:54:50.951+0000] {standard_task_runner.py:85} INFO - Job 1111: Subtask Transform
[2023-12-28T16:54:51.103+0000] {logging_mixin.py:154} INFO - Changing /opt/***/logs/dag_id=air_quality/run_id=scheduled__2023-12-08T04:00:00+00:00/task_id=Transform permission to 509
[2023-12-28T16:54:51.104+0000] {logging_mixin.py:154} INFO - Failed to change /opt/***/logs/dag_id=air_quality/run_id=scheduled__2023-12-08T04:00:00+00:00/task_id=Transform permission to 509: [Errno 1] Operation not permitted: '/opt/***/logs/dag_id=air_quality/run_id=scheduled__2023-12-08T04:00:00+00:00/task_id=Transform'
[2023-12-28T16:54:51.125+0000] {task_command.py:416} INFO - Running <TaskInstance: air_quality.Transform scheduled__2023-12-08T04:00:00+00:00 [running]> on host d67dd4682ccf
[2023-12-28T16:54:51.534+0000] {taskinstance.py:1662} INFO - Exporting env vars: AIRFLOW_CTX_DAG_OWNER='ghifari' AIRFLOW_CTX_DAG_ID='air_quality' AIRFLOW_CTX_TASK_ID='Transform' AIRFLOW_CTX_EXECUTION_DATE='2023-12-08T04:00:00+00:00' AIRFLOW_CTX_TRY_NUMBER='1' AIRFLOW_CTX_DAG_RUN_ID='scheduled__2023-12-08T04:00:00+00:00'
[2023-12-28T16:54:53.420+0000] {python.py:194} INFO - Done. Returned value was:       city country unit  last_value       lat         lng
0  Jakarta      ID   o3      -0.999 -6.182536  106.834236
[2023-12-28T16:54:53.636+0000] {taskinstance.py:1400} INFO - Marking task as SUCCESS. dag_id=air_quality, task_id=Transform, execution_date=20231208T040000, start_date=20231228T165450, end_date=20231228T165453
[2023-12-28T16:54:53.878+0000] {local_task_job_runner.py:228} INFO - Task exited with return code 0
[2023-12-28T16:54:53.977+0000] {taskinstance.py:2778} INFO - 1 downstream tasks scheduled from follow-on schedule check
