[2023-12-28T16:08:59.045+0000] {logging_mixin.py:154} INFO - Changing /opt/***/logs/dag_id=air_quality/run_id=scheduled__2023-12-21T04:00:00+00:00/task_id=Transform permission to 509
[2023-12-28T16:08:59.047+0000] {logging_mixin.py:154} INFO - Failed to change /opt/***/logs/dag_id=air_quality/run_id=scheduled__2023-12-21T04:00:00+00:00/task_id=Transform permission to 509: [Errno 1] Operation not permitted: '/opt/***/logs/dag_id=air_quality/run_id=scheduled__2023-12-21T04:00:00+00:00/task_id=Transform'
[2023-12-28T16:08:59.214+0000] {logging_mixin.py:154} INFO - Changing /opt/***/logs/dag_id=air_quality/run_id=scheduled__2023-12-21T04:00:00+00:00/task_id=Transform permission to 509
[2023-12-28T16:08:59.216+0000] {logging_mixin.py:154} INFO - Failed to change /opt/***/logs/dag_id=air_quality/run_id=scheduled__2023-12-21T04:00:00+00:00/task_id=Transform permission to 509: [Errno 1] Operation not permitted: '/opt/***/logs/dag_id=air_quality/run_id=scheduled__2023-12-21T04:00:00+00:00/task_id=Transform'
[2023-12-28T16:08:59.369+0000] {taskinstance.py:1159} INFO - Dependencies all met for dep_context=non-requeueable deps ti=<TaskInstance: air_quality.Transform scheduled__2023-12-21T04:00:00+00:00 [queued]>
[2023-12-28T16:08:59.414+0000] {taskinstance.py:1159} INFO - Dependencies all met for dep_context=requeueable deps ti=<TaskInstance: air_quality.Transform scheduled__2023-12-21T04:00:00+00:00 [queued]>
[2023-12-28T16:08:59.417+0000] {taskinstance.py:1361} INFO - Starting attempt 1 of 2
[2023-12-28T16:08:59.595+0000] {taskinstance.py:1382} INFO - Executing <Task(PythonOperator): Transform> on 2023-12-21 04:00:00+00:00
[2023-12-28T16:08:59.610+0000] {standard_task_runner.py:57} INFO - Started process 543 to run task
[2023-12-28T16:08:59.641+0000] {standard_task_runner.py:84} INFO - Running: ['***', 'tasks', 'run', 'air_quality', 'Transform', 'scheduled__2023-12-21T04:00:00+00:00', '--job-id', '763', '--raw', '--subdir', 'DAGS_FOLDER/airQuality.py', '--cfg-path', '/tmp/tmphmyzqpue']
[2023-12-28T16:08:59.670+0000] {standard_task_runner.py:85} INFO - Job 763: Subtask Transform
[2023-12-28T16:09:00.141+0000] {logging_mixin.py:154} INFO - Changing /opt/***/logs/dag_id=air_quality/run_id=scheduled__2023-12-21T04:00:00+00:00/task_id=Transform permission to 509
[2023-12-28T16:09:00.143+0000] {logging_mixin.py:154} INFO - Failed to change /opt/***/logs/dag_id=air_quality/run_id=scheduled__2023-12-21T04:00:00+00:00/task_id=Transform permission to 509: [Errno 1] Operation not permitted: '/opt/***/logs/dag_id=air_quality/run_id=scheduled__2023-12-21T04:00:00+00:00/task_id=Transform'
[2023-12-28T16:09:00.152+0000] {task_command.py:416} INFO - Running <TaskInstance: air_quality.Transform scheduled__2023-12-21T04:00:00+00:00 [running]> on host d67dd4682ccf
[2023-12-28T16:09:00.643+0000] {taskinstance.py:1662} INFO - Exporting env vars: AIRFLOW_CTX_DAG_OWNER='ghifari' AIRFLOW_CTX_DAG_ID='air_quality' AIRFLOW_CTX_TASK_ID='Transform' AIRFLOW_CTX_EXECUTION_DATE='2023-12-21T04:00:00+00:00' AIRFLOW_CTX_TRY_NUMBER='1' AIRFLOW_CTX_DAG_RUN_ID='scheduled__2023-12-21T04:00:00+00:00'
[2023-12-28T16:09:04.023+0000] {python.py:194} INFO - Done. Returned value was:       city country  unit  last_value       lat         lng
0  Jakarta      ID  pm25      -999.0 -6.182536  106.834236
[2023-12-28T16:09:04.144+0000] {taskinstance.py:1400} INFO - Marking task as SUCCESS. dag_id=air_quality, task_id=Transform, execution_date=20231221T040000, start_date=20231228T160859, end_date=20231228T160904
[2023-12-28T16:09:04.492+0000] {local_task_job_runner.py:228} INFO - Task exited with return code 0
[2023-12-28T16:09:04.580+0000] {taskinstance.py:2778} INFO - 1 downstream tasks scheduled from follow-on schedule check
[2023-12-28T16:52:07.576+0000] {logging_mixin.py:154} INFO - Changing /opt/***/logs/dag_id=air_quality/run_id=scheduled__2023-12-21T04:00:00+00:00/task_id=Transform permission to 509
[2023-12-28T16:52:07.582+0000] {logging_mixin.py:154} INFO - Failed to change /opt/***/logs/dag_id=air_quality/run_id=scheduled__2023-12-21T04:00:00+00:00/task_id=Transform permission to 509: [Errno 1] Operation not permitted: '/opt/***/logs/dag_id=air_quality/run_id=scheduled__2023-12-21T04:00:00+00:00/task_id=Transform'
[2023-12-28T16:52:07.777+0000] {logging_mixin.py:154} INFO - Changing /opt/***/logs/dag_id=air_quality/run_id=scheduled__2023-12-21T04:00:00+00:00/task_id=Transform permission to 509
[2023-12-28T16:52:07.783+0000] {logging_mixin.py:154} INFO - Failed to change /opt/***/logs/dag_id=air_quality/run_id=scheduled__2023-12-21T04:00:00+00:00/task_id=Transform permission to 509: [Errno 1] Operation not permitted: '/opt/***/logs/dag_id=air_quality/run_id=scheduled__2023-12-21T04:00:00+00:00/task_id=Transform'
[2023-12-28T16:52:08.027+0000] {taskinstance.py:1159} INFO - Dependencies all met for dep_context=non-requeueable deps ti=<TaskInstance: air_quality.Transform scheduled__2023-12-21T04:00:00+00:00 [queued]>
[2023-12-28T16:52:08.134+0000] {taskinstance.py:1159} INFO - Dependencies all met for dep_context=requeueable deps ti=<TaskInstance: air_quality.Transform scheduled__2023-12-21T04:00:00+00:00 [queued]>
[2023-12-28T16:52:08.137+0000] {taskinstance.py:1361} INFO - Starting attempt 1 of 2
[2023-12-28T16:52:08.249+0000] {taskinstance.py:1382} INFO - Executing <Task(PythonOperator): Transform> on 2023-12-21 04:00:00+00:00
[2023-12-28T16:52:08.262+0000] {standard_task_runner.py:57} INFO - Started process 332 to run task
[2023-12-28T16:52:08.294+0000] {standard_task_runner.py:84} INFO - Running: ['***', 'tasks', 'run', 'air_quality', 'Transform', 'scheduled__2023-12-21T04:00:00+00:00', '--job-id', '908', '--raw', '--subdir', 'DAGS_FOLDER/airQuality.py', '--cfg-path', '/tmp/tmpvpyatnpo']
[2023-12-28T16:52:08.308+0000] {standard_task_runner.py:85} INFO - Job 908: Subtask Transform
[2023-12-28T16:52:08.760+0000] {logging_mixin.py:154} INFO - Changing /opt/***/logs/dag_id=air_quality/run_id=scheduled__2023-12-21T04:00:00+00:00/task_id=Transform permission to 509
[2023-12-28T16:52:08.765+0000] {logging_mixin.py:154} INFO - Failed to change /opt/***/logs/dag_id=air_quality/run_id=scheduled__2023-12-21T04:00:00+00:00/task_id=Transform permission to 509: [Errno 1] Operation not permitted: '/opt/***/logs/dag_id=air_quality/run_id=scheduled__2023-12-21T04:00:00+00:00/task_id=Transform'
[2023-12-28T16:52:08.784+0000] {task_command.py:416} INFO - Running <TaskInstance: air_quality.Transform scheduled__2023-12-21T04:00:00+00:00 [running]> on host d67dd4682ccf
[2023-12-28T16:52:09.228+0000] {taskinstance.py:1662} INFO - Exporting env vars: AIRFLOW_CTX_DAG_OWNER='ghifari' AIRFLOW_CTX_DAG_ID='air_quality' AIRFLOW_CTX_TASK_ID='Transform' AIRFLOW_CTX_EXECUTION_DATE='2023-12-21T04:00:00+00:00' AIRFLOW_CTX_TRY_NUMBER='1' AIRFLOW_CTX_DAG_RUN_ID='scheduled__2023-12-21T04:00:00+00:00'
[2023-12-28T16:52:11.713+0000] {python.py:194} INFO - Done. Returned value was:       city country unit  last_value       lat         lng
0  Jakarta      ID   o3      -0.999 -6.182536  106.834236
[2023-12-28T16:52:11.921+0000] {taskinstance.py:1400} INFO - Marking task as SUCCESS. dag_id=air_quality, task_id=Transform, execution_date=20231221T040000, start_date=20231228T165208, end_date=20231228T165211
[2023-12-28T16:52:12.332+0000] {local_task_job_runner.py:228} INFO - Task exited with return code 0
[2023-12-28T16:52:12.575+0000] {taskinstance.py:2778} INFO - 1 downstream tasks scheduled from follow-on schedule check
[2023-12-28T16:52:41.097+0000] {logging_mixin.py:154} INFO - Changing /opt/***/logs/dag_id=air_quality/run_id=scheduled__2023-12-21T04:00:00+00:00/task_id=Transform permission to 509
[2023-12-28T16:52:41.100+0000] {logging_mixin.py:154} INFO - Failed to change /opt/***/logs/dag_id=air_quality/run_id=scheduled__2023-12-21T04:00:00+00:00/task_id=Transform permission to 509: [Errno 1] Operation not permitted: '/opt/***/logs/dag_id=air_quality/run_id=scheduled__2023-12-21T04:00:00+00:00/task_id=Transform'
[2023-12-28T16:52:41.244+0000] {logging_mixin.py:154} INFO - Changing /opt/***/logs/dag_id=air_quality/run_id=scheduled__2023-12-21T04:00:00+00:00/task_id=Transform permission to 509
[2023-12-28T16:52:41.246+0000] {logging_mixin.py:154} INFO - Failed to change /opt/***/logs/dag_id=air_quality/run_id=scheduled__2023-12-21T04:00:00+00:00/task_id=Transform permission to 509: [Errno 1] Operation not permitted: '/opt/***/logs/dag_id=air_quality/run_id=scheduled__2023-12-21T04:00:00+00:00/task_id=Transform'
[2023-12-28T16:52:41.525+0000] {taskinstance.py:1159} INFO - Dependencies all met for dep_context=non-requeueable deps ti=<TaskInstance: air_quality.Transform scheduled__2023-12-21T04:00:00+00:00 [queued]>
[2023-12-28T16:52:41.579+0000] {taskinstance.py:1159} INFO - Dependencies all met for dep_context=requeueable deps ti=<TaskInstance: air_quality.Transform scheduled__2023-12-21T04:00:00+00:00 [queued]>
[2023-12-28T16:52:41.582+0000] {taskinstance.py:1361} INFO - Starting attempt 1 of 2
[2023-12-28T16:52:41.681+0000] {taskinstance.py:1382} INFO - Executing <Task(PythonOperator): Transform> on 2023-12-21 04:00:00+00:00
[2023-12-28T16:52:41.693+0000] {standard_task_runner.py:57} INFO - Started process 651 to run task
[2023-12-28T16:52:41.706+0000] {standard_task_runner.py:84} INFO - Running: ['***', 'tasks', 'run', 'air_quality', 'Transform', 'scheduled__2023-12-21T04:00:00+00:00', '--job-id', '977', '--raw', '--subdir', 'DAGS_FOLDER/airQuality.py', '--cfg-path', '/tmp/tmpq7yrq3us']
[2023-12-28T16:52:41.712+0000] {standard_task_runner.py:85} INFO - Job 977: Subtask Transform
[2023-12-28T16:52:41.892+0000] {logging_mixin.py:154} INFO - Changing /opt/***/logs/dag_id=air_quality/run_id=scheduled__2023-12-21T04:00:00+00:00/task_id=Transform permission to 509
[2023-12-28T16:52:41.893+0000] {logging_mixin.py:154} INFO - Failed to change /opt/***/logs/dag_id=air_quality/run_id=scheduled__2023-12-21T04:00:00+00:00/task_id=Transform permission to 509: [Errno 1] Operation not permitted: '/opt/***/logs/dag_id=air_quality/run_id=scheduled__2023-12-21T04:00:00+00:00/task_id=Transform'
[2023-12-28T16:52:41.900+0000] {task_command.py:416} INFO - Running <TaskInstance: air_quality.Transform scheduled__2023-12-21T04:00:00+00:00 [running]> on host d67dd4682ccf
[2023-12-28T16:52:42.328+0000] {taskinstance.py:1662} INFO - Exporting env vars: AIRFLOW_CTX_DAG_OWNER='ghifari' AIRFLOW_CTX_DAG_ID='air_quality' AIRFLOW_CTX_TASK_ID='Transform' AIRFLOW_CTX_EXECUTION_DATE='2023-12-21T04:00:00+00:00' AIRFLOW_CTX_TRY_NUMBER='1' AIRFLOW_CTX_DAG_RUN_ID='scheduled__2023-12-21T04:00:00+00:00'
[2023-12-28T16:52:43.755+0000] {python.py:194} INFO - Done. Returned value was:       city country unit  last_value       lat         lng
0  Jakarta      ID   o3      -0.999 -6.182536  106.834236
[2023-12-28T16:52:43.872+0000] {taskinstance.py:1400} INFO - Marking task as SUCCESS. dag_id=air_quality, task_id=Transform, execution_date=20231221T040000, start_date=20231228T165241, end_date=20231228T165243
[2023-12-28T16:52:43.998+0000] {local_task_job_runner.py:228} INFO - Task exited with return code 0
[2023-12-28T16:52:44.089+0000] {taskinstance.py:2778} INFO - 1 downstream tasks scheduled from follow-on schedule check
[2023-12-28T16:55:07.537+0000] {logging_mixin.py:154} INFO - Changing /opt/***/logs/dag_id=air_quality/run_id=scheduled__2023-12-21T04:00:00+00:00/task_id=Transform permission to 509
[2023-12-28T16:55:07.547+0000] {logging_mixin.py:154} INFO - Failed to change /opt/***/logs/dag_id=air_quality/run_id=scheduled__2023-12-21T04:00:00+00:00/task_id=Transform permission to 509: [Errno 1] Operation not permitted: '/opt/***/logs/dag_id=air_quality/run_id=scheduled__2023-12-21T04:00:00+00:00/task_id=Transform'
[2023-12-28T16:55:07.764+0000] {logging_mixin.py:154} INFO - Changing /opt/***/logs/dag_id=air_quality/run_id=scheduled__2023-12-21T04:00:00+00:00/task_id=Transform permission to 509
[2023-12-28T16:55:07.772+0000] {logging_mixin.py:154} INFO - Failed to change /opt/***/logs/dag_id=air_quality/run_id=scheduled__2023-12-21T04:00:00+00:00/task_id=Transform permission to 509: [Errno 1] Operation not permitted: '/opt/***/logs/dag_id=air_quality/run_id=scheduled__2023-12-21T04:00:00+00:00/task_id=Transform'
[2023-12-28T16:55:07.944+0000] {taskinstance.py:1159} INFO - Dependencies all met for dep_context=non-requeueable deps ti=<TaskInstance: air_quality.Transform scheduled__2023-12-21T04:00:00+00:00 [queued]>
[2023-12-28T16:55:08.034+0000] {taskinstance.py:1159} INFO - Dependencies all met for dep_context=requeueable deps ti=<TaskInstance: air_quality.Transform scheduled__2023-12-21T04:00:00+00:00 [queued]>
[2023-12-28T16:55:08.045+0000] {taskinstance.py:1361} INFO - Starting attempt 1 of 2
[2023-12-28T16:55:08.137+0000] {taskinstance.py:1382} INFO - Executing <Task(PythonOperator): Transform> on 2023-12-21 04:00:00+00:00
[2023-12-28T16:55:08.175+0000] {standard_task_runner.py:57} INFO - Started process 1302 to run task
[2023-12-28T16:55:08.204+0000] {standard_task_runner.py:84} INFO - Running: ['***', 'tasks', 'run', 'air_quality', 'Transform', 'scheduled__2023-12-21T04:00:00+00:00', '--job-id', '1147', '--raw', '--subdir', 'DAGS_FOLDER/airQuality.py', '--cfg-path', '/tmp/tmpsr75c23b']
[2023-12-28T16:55:08.223+0000] {standard_task_runner.py:85} INFO - Job 1147: Subtask Transform
[2023-12-28T16:55:08.673+0000] {logging_mixin.py:154} INFO - Changing /opt/***/logs/dag_id=air_quality/run_id=scheduled__2023-12-21T04:00:00+00:00/task_id=Transform permission to 509
[2023-12-28T16:55:08.681+0000] {logging_mixin.py:154} INFO - Failed to change /opt/***/logs/dag_id=air_quality/run_id=scheduled__2023-12-21T04:00:00+00:00/task_id=Transform permission to 509: [Errno 1] Operation not permitted: '/opt/***/logs/dag_id=air_quality/run_id=scheduled__2023-12-21T04:00:00+00:00/task_id=Transform'
[2023-12-28T16:55:08.723+0000] {task_command.py:416} INFO - Running <TaskInstance: air_quality.Transform scheduled__2023-12-21T04:00:00+00:00 [running]> on host d67dd4682ccf
[2023-12-28T16:55:09.406+0000] {taskinstance.py:1662} INFO - Exporting env vars: AIRFLOW_CTX_DAG_OWNER='ghifari' AIRFLOW_CTX_DAG_ID='air_quality' AIRFLOW_CTX_TASK_ID='Transform' AIRFLOW_CTX_EXECUTION_DATE='2023-12-21T04:00:00+00:00' AIRFLOW_CTX_TRY_NUMBER='1' AIRFLOW_CTX_DAG_RUN_ID='scheduled__2023-12-21T04:00:00+00:00'
[2023-12-28T16:55:11.598+0000] {python.py:194} INFO - Done. Returned value was:       city country unit  last_value       lat         lng
0  Jakarta      ID   o3      -0.999 -6.182536  106.834236
[2023-12-28T16:55:11.790+0000] {taskinstance.py:1400} INFO - Marking task as SUCCESS. dag_id=air_quality, task_id=Transform, execution_date=20231221T040000, start_date=20231228T165507, end_date=20231228T165511
[2023-12-28T16:55:12.188+0000] {local_task_job_runner.py:228} INFO - Task exited with return code 0
[2023-12-28T16:55:12.347+0000] {taskinstance.py:2778} INFO - 1 downstream tasks scheduled from follow-on schedule check
