[2023-12-13T15:42:51.769+0000] {logging_mixin.py:154} INFO - Changing /opt/***/logs/dag_id=air_quality/run_id=manual__2023-12-13T15:37:50.241399+00:00/task_id=connectionHTTP permission to 509
[2023-12-13T15:42:51.770+0000] {logging_mixin.py:154} INFO - Failed to change /opt/***/logs/dag_id=air_quality/run_id=manual__2023-12-13T15:37:50.241399+00:00/task_id=connectionHTTP permission to 509: [Errno 1] Operation not permitted: '/opt/***/logs/dag_id=air_quality/run_id=manual__2023-12-13T15:37:50.241399+00:00/task_id=connectionHTTP'
[2023-12-13T15:42:51.805+0000] {logging_mixin.py:154} INFO - Changing /opt/***/logs/dag_id=air_quality/run_id=manual__2023-12-13T15:37:50.241399+00:00/task_id=connectionHTTP permission to 509
[2023-12-13T15:42:51.806+0000] {logging_mixin.py:154} INFO - Failed to change /opt/***/logs/dag_id=air_quality/run_id=manual__2023-12-13T15:37:50.241399+00:00/task_id=connectionHTTP permission to 509: [Errno 1] Operation not permitted: '/opt/***/logs/dag_id=air_quality/run_id=manual__2023-12-13T15:37:50.241399+00:00/task_id=connectionHTTP'
[2023-12-13T15:42:51.832+0000] {taskinstance.py:1159} INFO - Dependencies all met for dep_context=non-requeueable deps ti=<TaskInstance: air_quality.connectionHTTP manual__2023-12-13T15:37:50.241399+00:00 [queued]>
[2023-12-13T15:42:51.843+0000] {taskinstance.py:1159} INFO - Dependencies all met for dep_context=requeueable deps ti=<TaskInstance: air_quality.connectionHTTP manual__2023-12-13T15:37:50.241399+00:00 [queued]>
[2023-12-13T15:42:51.844+0000] {taskinstance.py:1361} INFO - Starting attempt 2 of 2
[2023-12-13T15:42:51.860+0000] {taskinstance.py:1382} INFO - Executing <Task(_PythonDecoratedOperator): connectionHTTP> on 2023-12-13 15:37:50.241399+00:00
[2023-12-13T15:42:51.865+0000] {standard_task_runner.py:57} INFO - Started process 994 to run task
[2023-12-13T15:42:51.868+0000] {standard_task_runner.py:84} INFO - Running: ['***', 'tasks', 'run', 'air_quality', 'connectionHTTP', 'manual__2023-12-13T15:37:50.241399+00:00', '--job-id', '27', '--raw', '--subdir', 'DAGS_FOLDER/airQuality.py', '--cfg-path', '/tmp/tmpej1_v6h6']
[2023-12-13T15:42:51.869+0000] {standard_task_runner.py:85} INFO - Job 27: Subtask connectionHTTP
[2023-12-13T15:42:51.917+0000] {logging_mixin.py:154} INFO - Changing /opt/***/logs/dag_id=air_quality/run_id=manual__2023-12-13T15:37:50.241399+00:00/task_id=connectionHTTP permission to 509
[2023-12-13T15:42:51.917+0000] {logging_mixin.py:154} INFO - Failed to change /opt/***/logs/dag_id=air_quality/run_id=manual__2023-12-13T15:37:50.241399+00:00/task_id=connectionHTTP permission to 509: [Errno 1] Operation not permitted: '/opt/***/logs/dag_id=air_quality/run_id=manual__2023-12-13T15:37:50.241399+00:00/task_id=connectionHTTP'
[2023-12-13T15:42:51.920+0000] {task_command.py:416} INFO - Running <TaskInstance: air_quality.connectionHTTP manual__2023-12-13T15:37:50.241399+00:00 [running]> on host d739bc9bef06
[2023-12-13T15:42:52.002+0000] {taskinstance.py:1662} INFO - Exporting env vars: AIRFLOW_CTX_DAG_OWNER='ghifari' AIRFLOW_CTX_DAG_ID='air_quality' AIRFLOW_CTX_TASK_ID='connectionHTTP' AIRFLOW_CTX_EXECUTION_DATE='2023-12-13T15:37:50.241399+00:00' AIRFLOW_CTX_TRY_NUMBER='2' AIRFLOW_CTX_DAG_RUN_ID='manual__2023-12-13T15:37:50.241399+00:00'
[2023-12-13T15:42:52.004+0000] {taskinstance.py:1937} ERROR - Task failed with exception
Traceback (most recent call last):
  File "/home/airflow/.local/lib/python3.8/site-packages/airflow/decorators/base.py", line 221, in execute
    return_value = super().execute(context)
  File "/home/airflow/.local/lib/python3.8/site-packages/airflow/operators/python.py", line 192, in execute
    return_value = self.execute_callable()
  File "/home/airflow/.local/lib/python3.8/site-packages/airflow/operators/python.py", line 209, in execute_callable
    return self.python_callable(*self.op_args, **self.op_kwargs)
  File "/opt/airflow/dags/airQuality.py", line 48, in connectionHTTP
    response_value = json.loads(response.output.text)
AttributeError: 'PlainXComArg' object has no attribute 'text'
[2023-12-13T15:42:52.020+0000] {taskinstance.py:1400} INFO - Marking task as FAILED. dag_id=air_quality, task_id=connectionHTTP, execution_date=20231213T153750, start_date=20231213T154251, end_date=20231213T154252
[2023-12-13T15:42:52.031+0000] {standard_task_runner.py:104} ERROR - Failed to execute job 27 for task connectionHTTP ('PlainXComArg' object has no attribute 'text'; 994)
[2023-12-13T15:42:52.041+0000] {local_task_job_runner.py:228} INFO - Task exited with return code 1
[2023-12-13T15:42:52.057+0000] {taskinstance.py:2778} INFO - 0 downstream tasks scheduled from follow-on schedule check
