[2023-12-13T15:37:51.055+0000] {logging_mixin.py:154} INFO - Changing /opt/***/logs/dag_id=air_quality/run_id=manual__2023-12-13T15:37:50.241399+00:00/task_id=connectionHTTP permission to 509
[2023-12-13T15:37:51.056+0000] {logging_mixin.py:154} INFO - Failed to change /opt/***/logs/dag_id=air_quality/run_id=manual__2023-12-13T15:37:50.241399+00:00/task_id=connectionHTTP permission to 509: [Errno 1] Operation not permitted: '/opt/***/logs/dag_id=air_quality/run_id=manual__2023-12-13T15:37:50.241399+00:00/task_id=connectionHTTP'
[2023-12-13T15:37:51.085+0000] {logging_mixin.py:154} INFO - Changing /opt/***/logs/dag_id=air_quality/run_id=manual__2023-12-13T15:37:50.241399+00:00/task_id=connectionHTTP permission to 509
[2023-12-13T15:37:51.086+0000] {logging_mixin.py:154} INFO - Failed to change /opt/***/logs/dag_id=air_quality/run_id=manual__2023-12-13T15:37:50.241399+00:00/task_id=connectionHTTP permission to 509: [Errno 1] Operation not permitted: '/opt/***/logs/dag_id=air_quality/run_id=manual__2023-12-13T15:37:50.241399+00:00/task_id=connectionHTTP'
[2023-12-13T15:37:51.110+0000] {taskinstance.py:1159} INFO - Dependencies all met for dep_context=non-requeueable deps ti=<TaskInstance: air_quality.connectionHTTP manual__2023-12-13T15:37:50.241399+00:00 [queued]>
[2023-12-13T15:37:51.121+0000] {taskinstance.py:1159} INFO - Dependencies all met for dep_context=requeueable deps ti=<TaskInstance: air_quality.connectionHTTP manual__2023-12-13T15:37:50.241399+00:00 [queued]>
[2023-12-13T15:37:51.121+0000] {taskinstance.py:1361} INFO - Starting attempt 1 of 2
[2023-12-13T15:37:51.135+0000] {taskinstance.py:1382} INFO - Executing <Task(_PythonDecoratedOperator): connectionHTTP> on 2023-12-13 15:37:50.241399+00:00
[2023-12-13T15:37:51.141+0000] {standard_task_runner.py:57} INFO - Started process 912 to run task
[2023-12-13T15:37:51.144+0000] {standard_task_runner.py:84} INFO - Running: ['***', 'tasks', 'run', 'air_quality', 'connectionHTTP', 'manual__2023-12-13T15:37:50.241399+00:00', '--job-id', '26', '--raw', '--subdir', 'DAGS_FOLDER/airQuality.py', '--cfg-path', '/tmp/tmpetfgjcyj']
[2023-12-13T15:37:51.145+0000] {standard_task_runner.py:85} INFO - Job 26: Subtask connectionHTTP
[2023-12-13T15:37:51.192+0000] {logging_mixin.py:154} INFO - Changing /opt/***/logs/dag_id=air_quality/run_id=manual__2023-12-13T15:37:50.241399+00:00/task_id=connectionHTTP permission to 509
[2023-12-13T15:37:51.193+0000] {logging_mixin.py:154} INFO - Failed to change /opt/***/logs/dag_id=air_quality/run_id=manual__2023-12-13T15:37:50.241399+00:00/task_id=connectionHTTP permission to 509: [Errno 1] Operation not permitted: '/opt/***/logs/dag_id=air_quality/run_id=manual__2023-12-13T15:37:50.241399+00:00/task_id=connectionHTTP'
[2023-12-13T15:37:51.195+0000] {task_command.py:416} INFO - Running <TaskInstance: air_quality.connectionHTTP manual__2023-12-13T15:37:50.241399+00:00 [running]> on host d739bc9bef06
[2023-12-13T15:37:51.279+0000] {taskinstance.py:1662} INFO - Exporting env vars: AIRFLOW_CTX_DAG_OWNER='ghifari' AIRFLOW_CTX_DAG_ID='air_quality' AIRFLOW_CTX_TASK_ID='connectionHTTP' AIRFLOW_CTX_EXECUTION_DATE='2023-12-13T15:37:50.241399+00:00' AIRFLOW_CTX_TRY_NUMBER='1' AIRFLOW_CTX_DAG_RUN_ID='manual__2023-12-13T15:37:50.241399+00:00'
[2023-12-13T15:37:51.281+0000] {taskinstance.py:1937} ERROR - Task failed with exception
Traceback (most recent call last):
  File "/home/airflow/.local/lib/python3.8/site-packages/airflow/decorators/base.py", line 221, in execute
    return_value = super().execute(context)
  File "/home/airflow/.local/lib/python3.8/site-packages/airflow/operators/python.py", line 192, in execute
    return_value = self.execute_callable()
  File "/home/airflow/.local/lib/python3.8/site-packages/airflow/operators/python.py", line 209, in execute_callable
    return self.python_callable(*self.op_args, **self.op_kwargs)
  File "/opt/airflow/dags/airQuality.py", line 48, in connectionHTTP
    response_value = json.loads(response.output.text)
AttributeError: 'PlainXComArg' object has no attribute 'text'
[2023-12-13T15:37:51.292+0000] {taskinstance.py:1400} INFO - Marking task as UP_FOR_RETRY. dag_id=air_quality, task_id=connectionHTTP, execution_date=20231213T153750, start_date=20231213T153751, end_date=20231213T153751
[2023-12-13T15:37:51.305+0000] {standard_task_runner.py:104} ERROR - Failed to execute job 26 for task connectionHTTP ('PlainXComArg' object has no attribute 'text'; 912)
[2023-12-13T15:37:51.317+0000] {local_task_job_runner.py:228} INFO - Task exited with return code 1
[2023-12-13T15:37:51.332+0000] {taskinstance.py:2778} INFO - 0 downstream tasks scheduled from follow-on schedule check
