[2023-12-17T11:19:15.527+0000] {logging_mixin.py:154} INFO - Changing /opt/***/logs/dag_id=air_quality/run_id=scheduled__2023-12-09T04:00:00+00:00/task_id=CheckTable permission to 509
[2023-12-17T11:19:15.535+0000] {logging_mixin.py:154} INFO - Failed to change /opt/***/logs/dag_id=air_quality/run_id=scheduled__2023-12-09T04:00:00+00:00/task_id=CheckTable permission to 509: [Errno 1] Operation not permitted: '/opt/***/logs/dag_id=air_quality/run_id=scheduled__2023-12-09T04:00:00+00:00/task_id=CheckTable'
[2023-12-17T11:19:15.753+0000] {logging_mixin.py:154} INFO - Changing /opt/***/logs/dag_id=air_quality/run_id=scheduled__2023-12-09T04:00:00+00:00/task_id=CheckTable permission to 509
[2023-12-17T11:19:15.757+0000] {logging_mixin.py:154} INFO - Failed to change /opt/***/logs/dag_id=air_quality/run_id=scheduled__2023-12-09T04:00:00+00:00/task_id=CheckTable permission to 509: [Errno 1] Operation not permitted: '/opt/***/logs/dag_id=air_quality/run_id=scheduled__2023-12-09T04:00:00+00:00/task_id=CheckTable'
[2023-12-17T11:19:15.884+0000] {taskinstance.py:1159} INFO - Dependencies all met for dep_context=non-requeueable deps ti=<TaskInstance: air_quality.CheckTable scheduled__2023-12-09T04:00:00+00:00 [queued]>
[2023-12-17T11:19:15.916+0000] {taskinstance.py:1159} INFO - Dependencies all met for dep_context=requeueable deps ti=<TaskInstance: air_quality.CheckTable scheduled__2023-12-09T04:00:00+00:00 [queued]>
[2023-12-17T11:19:15.927+0000] {taskinstance.py:1361} INFO - Starting attempt 1 of 2
[2023-12-17T11:19:15.998+0000] {taskinstance.py:1382} INFO - Executing <Task(BranchPythonOperator): CheckTable> on 2023-12-09 04:00:00+00:00
[2023-12-17T11:19:16.008+0000] {standard_task_runner.py:57} INFO - Started process 2473 to run task
[2023-12-17T11:19:16.025+0000] {standard_task_runner.py:84} INFO - Running: ['***', 'tasks', 'run', 'air_quality', 'CheckTable', 'scheduled__2023-12-09T04:00:00+00:00', '--job-id', '420', '--raw', '--subdir', 'DAGS_FOLDER/airQuality.py', '--cfg-path', '/tmp/tmppsvb7p9m']
[2023-12-17T11:19:16.027+0000] {standard_task_runner.py:85} INFO - Job 420: Subtask CheckTable
[2023-12-17T11:19:16.269+0000] {logging_mixin.py:154} INFO - Changing /opt/***/logs/dag_id=air_quality/run_id=scheduled__2023-12-09T04:00:00+00:00/task_id=CheckTable permission to 509
[2023-12-17T11:19:16.272+0000] {logging_mixin.py:154} INFO - Failed to change /opt/***/logs/dag_id=air_quality/run_id=scheduled__2023-12-09T04:00:00+00:00/task_id=CheckTable permission to 509: [Errno 1] Operation not permitted: '/opt/***/logs/dag_id=air_quality/run_id=scheduled__2023-12-09T04:00:00+00:00/task_id=CheckTable'
[2023-12-17T11:19:16.296+0000] {task_command.py:416} INFO - Running <TaskInstance: air_quality.CheckTable scheduled__2023-12-09T04:00:00+00:00 [running]> on host 1a58977f5573
[2023-12-17T11:19:16.607+0000] {taskinstance.py:1662} INFO - Exporting env vars: AIRFLOW_CTX_DAG_OWNER='ghifari' AIRFLOW_CTX_DAG_ID='air_quality' AIRFLOW_CTX_TASK_ID='CheckTable' AIRFLOW_CTX_EXECUTION_DATE='2023-12-09T04:00:00+00:00' AIRFLOW_CTX_TRY_NUMBER='1' AIRFLOW_CTX_DAG_RUN_ID='scheduled__2023-12-09T04:00:00+00:00'
[2023-12-17T11:19:16.643+0000] {airQuality.py:204} INFO - Table Created: 
        CREATE TABLE air_quality (
            id serial primary key, 
            city varchar(250),
            country varchar(250), 
            unit varchar(20), 
            last_value float8, 
            lat float8,
            lng float8
        )
    
[2023-12-17T11:19:16.645+0000] {python.py:194} INFO - Done. Returned value was: Insert_Data
[2023-12-17T11:19:16.646+0000] {python.py:227} INFO - Branch callable return Insert_Data
[2023-12-17T11:19:16.647+0000] {skipmixin.py:173} INFO - Following branch Insert_Data
[2023-12-17T11:19:16.691+0000] {skipmixin.py:239} INFO - Skipping tasks []
[2023-12-17T11:19:16.798+0000] {taskinstance.py:1400} INFO - Marking task as SUCCESS. dag_id=air_quality, task_id=CheckTable, execution_date=20231209T040000, start_date=20231217T111915, end_date=20231217T111916
[2023-12-17T11:19:16.924+0000] {local_task_job_runner.py:228} INFO - Task exited with return code 0
[2023-12-17T11:19:16.982+0000] {taskinstance.py:2778} INFO - 1 downstream tasks scheduled from follow-on schedule check
[2023-12-17T12:18:22.399+0000] {logging_mixin.py:154} INFO - Changing /opt/***/logs/dag_id=air_quality/run_id=scheduled__2023-12-09T04:00:00+00:00/task_id=CheckTable permission to 509
[2023-12-17T12:18:22.400+0000] {logging_mixin.py:154} INFO - Failed to change /opt/***/logs/dag_id=air_quality/run_id=scheduled__2023-12-09T04:00:00+00:00/task_id=CheckTable permission to 509: [Errno 1] Operation not permitted: '/opt/***/logs/dag_id=air_quality/run_id=scheduled__2023-12-09T04:00:00+00:00/task_id=CheckTable'
[2023-12-17T12:18:22.460+0000] {logging_mixin.py:154} INFO - Changing /opt/***/logs/dag_id=air_quality/run_id=scheduled__2023-12-09T04:00:00+00:00/task_id=CheckTable permission to 509
[2023-12-17T12:18:22.461+0000] {logging_mixin.py:154} INFO - Failed to change /opt/***/logs/dag_id=air_quality/run_id=scheduled__2023-12-09T04:00:00+00:00/task_id=CheckTable permission to 509: [Errno 1] Operation not permitted: '/opt/***/logs/dag_id=air_quality/run_id=scheduled__2023-12-09T04:00:00+00:00/task_id=CheckTable'
[2023-12-17T12:18:22.534+0000] {taskinstance.py:1159} INFO - Dependencies all met for dep_context=non-requeueable deps ti=<TaskInstance: air_quality.CheckTable scheduled__2023-12-09T04:00:00+00:00 [queued]>
[2023-12-17T12:18:22.560+0000] {taskinstance.py:1159} INFO - Dependencies all met for dep_context=requeueable deps ti=<TaskInstance: air_quality.CheckTable scheduled__2023-12-09T04:00:00+00:00 [queued]>
[2023-12-17T12:18:22.562+0000] {taskinstance.py:1361} INFO - Starting attempt 1 of 2
[2023-12-17T12:18:22.596+0000] {taskinstance.py:1382} INFO - Executing <Task(BranchPythonOperator): CheckTable> on 2023-12-09 04:00:00+00:00
[2023-12-17T12:18:22.614+0000] {standard_task_runner.py:57} INFO - Started process 4179 to run task
[2023-12-17T12:18:22.626+0000] {standard_task_runner.py:84} INFO - Running: ['***', 'tasks', 'run', 'air_quality', 'CheckTable', 'scheduled__2023-12-09T04:00:00+00:00', '--job-id', '626', '--raw', '--subdir', 'DAGS_FOLDER/airQuality.py', '--cfg-path', '/tmp/tmps8g8saf7']
[2023-12-17T12:18:22.628+0000] {standard_task_runner.py:85} INFO - Job 626: Subtask CheckTable
[2023-12-17T12:18:22.828+0000] {logging_mixin.py:154} INFO - Changing /opt/***/logs/dag_id=air_quality/run_id=scheduled__2023-12-09T04:00:00+00:00/task_id=CheckTable permission to 509
[2023-12-17T12:18:22.829+0000] {logging_mixin.py:154} INFO - Failed to change /opt/***/logs/dag_id=air_quality/run_id=scheduled__2023-12-09T04:00:00+00:00/task_id=CheckTable permission to 509: [Errno 1] Operation not permitted: '/opt/***/logs/dag_id=air_quality/run_id=scheduled__2023-12-09T04:00:00+00:00/task_id=CheckTable'
[2023-12-17T12:18:22.833+0000] {task_command.py:416} INFO - Running <TaskInstance: air_quality.CheckTable scheduled__2023-12-09T04:00:00+00:00 [running]> on host 1a58977f5573
[2023-12-17T12:18:23.234+0000] {taskinstance.py:1662} INFO - Exporting env vars: AIRFLOW_CTX_DAG_OWNER='ghifari' AIRFLOW_CTX_DAG_ID='air_quality' AIRFLOW_CTX_TASK_ID='CheckTable' AIRFLOW_CTX_EXECUTION_DATE='2023-12-09T04:00:00+00:00' AIRFLOW_CTX_TRY_NUMBER='1' AIRFLOW_CTX_DAG_RUN_ID='scheduled__2023-12-09T04:00:00+00:00'
[2023-12-17T12:18:23.277+0000] {airQuality.py:205} INFO - Table Created: 
        CREATE TABLE air_quality (
            id serial primary key, 
            city varchar(250),
            country varchar(250), 
            unit varchar(20), 
            last_value float8, 
            lat float8,
            lng float8
        )
    
[2023-12-17T12:18:23.282+0000] {python.py:194} INFO - Done. Returned value was: Insert_Data
[2023-12-17T12:18:23.291+0000] {python.py:227} INFO - Branch callable return Insert_Data
[2023-12-17T12:18:23.294+0000] {skipmixin.py:173} INFO - Following branch Insert_Data
[2023-12-17T12:18:23.319+0000] {skipmixin.py:239} INFO - Skipping tasks []
[2023-12-17T12:18:23.489+0000] {taskinstance.py:1400} INFO - Marking task as SUCCESS. dag_id=air_quality, task_id=CheckTable, execution_date=20231209T040000, start_date=20231217T121822, end_date=20231217T121823
[2023-12-17T12:18:23.558+0000] {local_task_job_runner.py:228} INFO - Task exited with return code 0
[2023-12-17T12:18:23.872+0000] {taskinstance.py:2778} INFO - 0 downstream tasks scheduled from follow-on schedule check
[2023-12-17T12:18:55.761+0000] {logging_mixin.py:154} INFO - Changing /opt/***/logs/dag_id=air_quality/run_id=scheduled__2023-12-09T04:00:00+00:00/task_id=CheckTable permission to 509
[2023-12-17T12:18:55.764+0000] {logging_mixin.py:154} INFO - Failed to change /opt/***/logs/dag_id=air_quality/run_id=scheduled__2023-12-09T04:00:00+00:00/task_id=CheckTable permission to 509: [Errno 1] Operation not permitted: '/opt/***/logs/dag_id=air_quality/run_id=scheduled__2023-12-09T04:00:00+00:00/task_id=CheckTable'
[2023-12-17T12:18:55.829+0000] {logging_mixin.py:154} INFO - Changing /opt/***/logs/dag_id=air_quality/run_id=scheduled__2023-12-09T04:00:00+00:00/task_id=CheckTable permission to 509
[2023-12-17T12:18:55.830+0000] {logging_mixin.py:154} INFO - Failed to change /opt/***/logs/dag_id=air_quality/run_id=scheduled__2023-12-09T04:00:00+00:00/task_id=CheckTable permission to 509: [Errno 1] Operation not permitted: '/opt/***/logs/dag_id=air_quality/run_id=scheduled__2023-12-09T04:00:00+00:00/task_id=CheckTable'
[2023-12-17T12:18:55.908+0000] {taskinstance.py:1159} INFO - Dependencies all met for dep_context=non-requeueable deps ti=<TaskInstance: air_quality.CheckTable scheduled__2023-12-09T04:00:00+00:00 [queued]>
[2023-12-17T12:18:55.932+0000] {taskinstance.py:1159} INFO - Dependencies all met for dep_context=requeueable deps ti=<TaskInstance: air_quality.CheckTable scheduled__2023-12-09T04:00:00+00:00 [queued]>
[2023-12-17T12:18:55.933+0000] {taskinstance.py:1361} INFO - Starting attempt 1 of 2
[2023-12-17T12:18:55.969+0000] {taskinstance.py:1382} INFO - Executing <Task(BranchPythonOperator): CheckTable> on 2023-12-09 04:00:00+00:00
[2023-12-17T12:18:55.978+0000] {standard_task_runner.py:57} INFO - Started process 4482 to run task
[2023-12-17T12:18:55.988+0000] {standard_task_runner.py:84} INFO - Running: ['***', 'tasks', 'run', 'air_quality', 'CheckTable', 'scheduled__2023-12-09T04:00:00+00:00', '--job-id', '691', '--raw', '--subdir', 'DAGS_FOLDER/airQuality.py', '--cfg-path', '/tmp/tmpbfxcjcgb']
[2023-12-17T12:18:55.991+0000] {standard_task_runner.py:85} INFO - Job 691: Subtask CheckTable
[2023-12-17T12:18:56.087+0000] {logging_mixin.py:154} INFO - Changing /opt/***/logs/dag_id=air_quality/run_id=scheduled__2023-12-09T04:00:00+00:00/task_id=CheckTable permission to 509
[2023-12-17T12:18:56.088+0000] {logging_mixin.py:154} INFO - Failed to change /opt/***/logs/dag_id=air_quality/run_id=scheduled__2023-12-09T04:00:00+00:00/task_id=CheckTable permission to 509: [Errno 1] Operation not permitted: '/opt/***/logs/dag_id=air_quality/run_id=scheduled__2023-12-09T04:00:00+00:00/task_id=CheckTable'
[2023-12-17T12:18:56.092+0000] {task_command.py:416} INFO - Running <TaskInstance: air_quality.CheckTable scheduled__2023-12-09T04:00:00+00:00 [running]> on host 1a58977f5573
[2023-12-17T12:18:56.267+0000] {taskinstance.py:1662} INFO - Exporting env vars: AIRFLOW_CTX_DAG_OWNER='ghifari' AIRFLOW_CTX_DAG_ID='air_quality' AIRFLOW_CTX_TASK_ID='CheckTable' AIRFLOW_CTX_EXECUTION_DATE='2023-12-09T04:00:00+00:00' AIRFLOW_CTX_TRY_NUMBER='1' AIRFLOW_CTX_DAG_RUN_ID='scheduled__2023-12-09T04:00:00+00:00'
[2023-12-17T12:18:56.288+0000] {airQuality.py:205} INFO - Table Created: 
        CREATE TABLE air_quality (
            id serial primary key, 
            city varchar(250),
            country varchar(250), 
            unit varchar(20), 
            last_value float8, 
            lat float8,
            lng float8
        )
    
[2023-12-17T12:18:56.289+0000] {python.py:194} INFO - Done. Returned value was: Insert_Data
[2023-12-17T12:18:56.290+0000] {python.py:227} INFO - Branch callable return Insert_Data
[2023-12-17T12:18:56.291+0000] {skipmixin.py:173} INFO - Following branch Insert_Data
[2023-12-17T12:18:56.305+0000] {skipmixin.py:239} INFO - Skipping tasks []
[2023-12-17T12:18:56.360+0000] {taskinstance.py:1400} INFO - Marking task as SUCCESS. dag_id=air_quality, task_id=CheckTable, execution_date=20231209T040000, start_date=20231217T121855, end_date=20231217T121856
[2023-12-17T12:18:56.404+0000] {local_task_job_runner.py:228} INFO - Task exited with return code 0
[2023-12-17T12:18:56.468+0000] {taskinstance.py:2778} INFO - 0 downstream tasks scheduled from follow-on schedule check
[2023-12-28T16:52:04.617+0000] {logging_mixin.py:154} INFO - Changing /opt/***/logs/dag_id=air_quality/run_id=scheduled__2023-12-09T04:00:00+00:00/task_id=CheckTable permission to 509
[2023-12-28T16:52:04.620+0000] {logging_mixin.py:154} INFO - Failed to change /opt/***/logs/dag_id=air_quality/run_id=scheduled__2023-12-09T04:00:00+00:00/task_id=CheckTable permission to 509: [Errno 1] Operation not permitted: '/opt/***/logs/dag_id=air_quality/run_id=scheduled__2023-12-09T04:00:00+00:00/task_id=CheckTable'
[2023-12-28T16:52:04.733+0000] {logging_mixin.py:154} INFO - Changing /opt/***/logs/dag_id=air_quality/run_id=scheduled__2023-12-09T04:00:00+00:00/task_id=CheckTable permission to 509
[2023-12-28T16:52:04.734+0000] {logging_mixin.py:154} INFO - Failed to change /opt/***/logs/dag_id=air_quality/run_id=scheduled__2023-12-09T04:00:00+00:00/task_id=CheckTable permission to 509: [Errno 1] Operation not permitted: '/opt/***/logs/dag_id=air_quality/run_id=scheduled__2023-12-09T04:00:00+00:00/task_id=CheckTable'
[2023-12-28T16:52:04.932+0000] {taskinstance.py:1159} INFO - Dependencies all met for dep_context=non-requeueable deps ti=<TaskInstance: air_quality.CheckTable scheduled__2023-12-09T04:00:00+00:00 [queued]>
[2023-12-28T16:52:04.976+0000] {taskinstance.py:1159} INFO - Dependencies all met for dep_context=requeueable deps ti=<TaskInstance: air_quality.CheckTable scheduled__2023-12-09T04:00:00+00:00 [queued]>
[2023-12-28T16:52:04.986+0000] {taskinstance.py:1361} INFO - Starting attempt 1 of 2
[2023-12-28T16:52:05.048+0000] {taskinstance.py:1382} INFO - Executing <Task(BranchPythonOperator): CheckTable> on 2023-12-09 04:00:00+00:00
[2023-12-28T16:52:05.086+0000] {standard_task_runner.py:57} INFO - Started process 313 to run task
[2023-12-28T16:52:05.100+0000] {standard_task_runner.py:84} INFO - Running: ['***', 'tasks', 'run', 'air_quality', 'CheckTable', 'scheduled__2023-12-09T04:00:00+00:00', '--job-id', '900', '--raw', '--subdir', 'DAGS_FOLDER/airQuality.py', '--cfg-path', '/tmp/tmpnpz77_yc']
[2023-12-28T16:52:05.112+0000] {standard_task_runner.py:85} INFO - Job 900: Subtask CheckTable
[2023-12-28T16:52:05.390+0000] {logging_mixin.py:154} INFO - Changing /opt/***/logs/dag_id=air_quality/run_id=scheduled__2023-12-09T04:00:00+00:00/task_id=CheckTable permission to 509
[2023-12-28T16:52:05.402+0000] {logging_mixin.py:154} INFO - Failed to change /opt/***/logs/dag_id=air_quality/run_id=scheduled__2023-12-09T04:00:00+00:00/task_id=CheckTable permission to 509: [Errno 1] Operation not permitted: '/opt/***/logs/dag_id=air_quality/run_id=scheduled__2023-12-09T04:00:00+00:00/task_id=CheckTable'
[2023-12-28T16:52:05.412+0000] {task_command.py:416} INFO - Running <TaskInstance: air_quality.CheckTable scheduled__2023-12-09T04:00:00+00:00 [running]> on host d67dd4682ccf
[2023-12-28T16:52:06.014+0000] {taskinstance.py:1662} INFO - Exporting env vars: AIRFLOW_CTX_DAG_OWNER='ghifari' AIRFLOW_CTX_DAG_ID='air_quality' AIRFLOW_CTX_TASK_ID='CheckTable' AIRFLOW_CTX_EXECUTION_DATE='2023-12-09T04:00:00+00:00' AIRFLOW_CTX_TRY_NUMBER='1' AIRFLOW_CTX_DAG_RUN_ID='scheduled__2023-12-09T04:00:00+00:00'
[2023-12-28T16:52:06.078+0000] {airQuality.py:183} INFO - Table Created: 
        CREATE TABLE air_quality (
            id serial primary key, 
            city varchar(250),
            country varchar(250), 
            unit varchar(20), 
            last_value float8, 
            lat float8,
            lng float8
        )
    
[2023-12-28T16:52:06.087+0000] {python.py:194} INFO - Done. Returned value was: Insert_Data
[2023-12-28T16:52:06.090+0000] {python.py:227} INFO - Branch callable return Insert_Data
[2023-12-28T16:52:06.091+0000] {skipmixin.py:173} INFO - Following branch Insert_Data
[2023-12-28T16:52:06.163+0000] {skipmixin.py:239} INFO - Skipping tasks []
[2023-12-28T16:52:06.425+0000] {taskinstance.py:1400} INFO - Marking task as SUCCESS. dag_id=air_quality, task_id=CheckTable, execution_date=20231209T040000, start_date=20231228T165204, end_date=20231228T165206
[2023-12-28T16:52:06.550+0000] {local_task_job_runner.py:228} INFO - Task exited with return code 0
[2023-12-28T16:52:06.798+0000] {taskinstance.py:2778} INFO - 0 downstream tasks scheduled from follow-on schedule check
[2023-12-28T16:55:09.308+0000] {logging_mixin.py:154} INFO - Changing /opt/***/logs/dag_id=air_quality/run_id=scheduled__2023-12-09T04:00:00+00:00/task_id=CheckTable permission to 509
[2023-12-28T16:55:09.312+0000] {logging_mixin.py:154} INFO - Failed to change /opt/***/logs/dag_id=air_quality/run_id=scheduled__2023-12-09T04:00:00+00:00/task_id=CheckTable permission to 509: [Errno 1] Operation not permitted: '/opt/***/logs/dag_id=air_quality/run_id=scheduled__2023-12-09T04:00:00+00:00/task_id=CheckTable'
[2023-12-28T16:55:09.528+0000] {logging_mixin.py:154} INFO - Changing /opt/***/logs/dag_id=air_quality/run_id=scheduled__2023-12-09T04:00:00+00:00/task_id=CheckTable permission to 509
[2023-12-28T16:55:09.529+0000] {logging_mixin.py:154} INFO - Failed to change /opt/***/logs/dag_id=air_quality/run_id=scheduled__2023-12-09T04:00:00+00:00/task_id=CheckTable permission to 509: [Errno 1] Operation not permitted: '/opt/***/logs/dag_id=air_quality/run_id=scheduled__2023-12-09T04:00:00+00:00/task_id=CheckTable'
[2023-12-28T16:55:09.656+0000] {taskinstance.py:1159} INFO - Dependencies all met for dep_context=non-requeueable deps ti=<TaskInstance: air_quality.CheckTable scheduled__2023-12-09T04:00:00+00:00 [queued]>
[2023-12-28T16:55:09.708+0000] {taskinstance.py:1159} INFO - Dependencies all met for dep_context=requeueable deps ti=<TaskInstance: air_quality.CheckTable scheduled__2023-12-09T04:00:00+00:00 [queued]>
[2023-12-28T16:55:09.716+0000] {taskinstance.py:1361} INFO - Starting attempt 1 of 2
[2023-12-28T16:55:09.806+0000] {taskinstance.py:1382} INFO - Executing <Task(BranchPythonOperator): CheckTable> on 2023-12-09 04:00:00+00:00
[2023-12-28T16:55:09.819+0000] {standard_task_runner.py:57} INFO - Started process 1307 to run task
[2023-12-28T16:55:09.834+0000] {standard_task_runner.py:84} INFO - Running: ['***', 'tasks', 'run', 'air_quality', 'CheckTable', 'scheduled__2023-12-09T04:00:00+00:00', '--job-id', '1150', '--raw', '--subdir', 'DAGS_FOLDER/airQuality.py', '--cfg-path', '/tmp/tmp8et28jjm']
[2023-12-28T16:55:09.841+0000] {standard_task_runner.py:85} INFO - Job 1150: Subtask CheckTable
[2023-12-28T16:55:10.044+0000] {logging_mixin.py:154} INFO - Changing /opt/***/logs/dag_id=air_quality/run_id=scheduled__2023-12-09T04:00:00+00:00/task_id=CheckTable permission to 509
[2023-12-28T16:55:10.050+0000] {logging_mixin.py:154} INFO - Failed to change /opt/***/logs/dag_id=air_quality/run_id=scheduled__2023-12-09T04:00:00+00:00/task_id=CheckTable permission to 509: [Errno 1] Operation not permitted: '/opt/***/logs/dag_id=air_quality/run_id=scheduled__2023-12-09T04:00:00+00:00/task_id=CheckTable'
[2023-12-28T16:55:10.073+0000] {task_command.py:416} INFO - Running <TaskInstance: air_quality.CheckTable scheduled__2023-12-09T04:00:00+00:00 [running]> on host d67dd4682ccf
[2023-12-28T16:55:10.495+0000] {taskinstance.py:1662} INFO - Exporting env vars: AIRFLOW_CTX_DAG_OWNER='ghifari' AIRFLOW_CTX_DAG_ID='air_quality' AIRFLOW_CTX_TASK_ID='CheckTable' AIRFLOW_CTX_EXECUTION_DATE='2023-12-09T04:00:00+00:00' AIRFLOW_CTX_TRY_NUMBER='1' AIRFLOW_CTX_DAG_RUN_ID='scheduled__2023-12-09T04:00:00+00:00'
[2023-12-28T16:55:10.543+0000] {airQuality.py:183} INFO - Table Created: 
        CREATE TABLE air_quality (
            id serial primary key, 
            city varchar(250),
            country varchar(250), 
            unit varchar(20), 
            last_value float8, 
            lat float8,
            lng float8
        )
    
[2023-12-28T16:55:10.544+0000] {python.py:194} INFO - Done. Returned value was: Insert_Data
[2023-12-28T16:55:10.546+0000] {python.py:227} INFO - Branch callable return Insert_Data
[2023-12-28T16:55:10.548+0000] {skipmixin.py:173} INFO - Following branch Insert_Data
[2023-12-28T16:55:10.607+0000] {skipmixin.py:239} INFO - Skipping tasks []
[2023-12-28T16:55:10.798+0000] {taskinstance.py:1400} INFO - Marking task as SUCCESS. dag_id=air_quality, task_id=CheckTable, execution_date=20231209T040000, start_date=20231228T165509, end_date=20231228T165510
[2023-12-28T16:55:10.928+0000] {local_task_job_runner.py:228} INFO - Task exited with return code 0
[2023-12-28T16:55:11.213+0000] {taskinstance.py:2778} INFO - 0 downstream tasks scheduled from follow-on schedule check
