[2023-12-17T11:19:00.705+0000] {logging_mixin.py:154} INFO - Changing /opt/***/logs/dag_id=air_quality/run_id=scheduled__2023-12-10T04:00:00+00:00/task_id=Extract permission to 509
[2023-12-17T11:19:00.708+0000] {logging_mixin.py:154} INFO - Failed to change /opt/***/logs/dag_id=air_quality/run_id=scheduled__2023-12-10T04:00:00+00:00/task_id=Extract permission to 509: [Errno 1] Operation not permitted: '/opt/***/logs/dag_id=air_quality/run_id=scheduled__2023-12-10T04:00:00+00:00/task_id=Extract'
[2023-12-17T11:19:00.787+0000] {logging_mixin.py:154} INFO - Changing /opt/***/logs/dag_id=air_quality/run_id=scheduled__2023-12-10T04:00:00+00:00/task_id=Extract permission to 509
[2023-12-17T11:19:00.788+0000] {logging_mixin.py:154} INFO - Failed to change /opt/***/logs/dag_id=air_quality/run_id=scheduled__2023-12-10T04:00:00+00:00/task_id=Extract permission to 509: [Errno 1] Operation not permitted: '/opt/***/logs/dag_id=air_quality/run_id=scheduled__2023-12-10T04:00:00+00:00/task_id=Extract'
[2023-12-17T11:19:00.847+0000] {taskinstance.py:1159} INFO - Dependencies all met for dep_context=non-requeueable deps ti=<TaskInstance: air_quality.Extract scheduled__2023-12-10T04:00:00+00:00 [queued]>
[2023-12-17T11:19:00.871+0000] {taskinstance.py:1159} INFO - Dependencies all met for dep_context=requeueable deps ti=<TaskInstance: air_quality.Extract scheduled__2023-12-10T04:00:00+00:00 [queued]>
[2023-12-17T11:19:00.872+0000] {taskinstance.py:1361} INFO - Starting attempt 1 of 2
[2023-12-17T11:19:00.913+0000] {taskinstance.py:1382} INFO - Executing <Task(PythonOperator): Extract> on 2023-12-10 04:00:00+00:00
[2023-12-17T11:19:00.920+0000] {standard_task_runner.py:57} INFO - Started process 2382 to run task
[2023-12-17T11:19:00.932+0000] {standard_task_runner.py:84} INFO - Running: ['***', 'tasks', 'run', 'air_quality', 'Extract', 'scheduled__2023-12-10T04:00:00+00:00', '--job-id', '380', '--raw', '--subdir', 'DAGS_FOLDER/airQuality.py', '--cfg-path', '/tmp/tmp0y8996ki']
[2023-12-17T11:19:00.936+0000] {standard_task_runner.py:85} INFO - Job 380: Subtask Extract
[2023-12-17T11:19:01.078+0000] {logging_mixin.py:154} INFO - Changing /opt/***/logs/dag_id=air_quality/run_id=scheduled__2023-12-10T04:00:00+00:00/task_id=Extract permission to 509
[2023-12-17T11:19:01.079+0000] {logging_mixin.py:154} INFO - Failed to change /opt/***/logs/dag_id=air_quality/run_id=scheduled__2023-12-10T04:00:00+00:00/task_id=Extract permission to 509: [Errno 1] Operation not permitted: '/opt/***/logs/dag_id=air_quality/run_id=scheduled__2023-12-10T04:00:00+00:00/task_id=Extract'
[2023-12-17T11:19:01.083+0000] {task_command.py:416} INFO - Running <TaskInstance: air_quality.Extract scheduled__2023-12-10T04:00:00+00:00 [running]> on host 1a58977f5573
[2023-12-17T11:19:01.299+0000] {taskinstance.py:1662} INFO - Exporting env vars: AIRFLOW_CTX_DAG_OWNER='ghifari' AIRFLOW_CTX_DAG_ID='air_quality' AIRFLOW_CTX_TASK_ID='Extract' AIRFLOW_CTX_EXECUTION_DATE='2023-12-10T04:00:00+00:00' AIRFLOW_CTX_TRY_NUMBER='1' AIRFLOW_CTX_DAG_RUN_ID='scheduled__2023-12-10T04:00:00+00:00'
[2023-12-17T11:19:01.542+0000] {python.py:194} INFO - Done. Returned value was: {'city': ['Jakarta'], 'country': ['ID'], 'unit': ['o3'], 'last_value': [-0.999], 'lat': [-6.182536], 'lng': [106.834236]}
[2023-12-17T11:19:01.607+0000] {taskinstance.py:1400} INFO - Marking task as SUCCESS. dag_id=air_quality, task_id=Extract, execution_date=20231210T040000, start_date=20231217T111900, end_date=20231217T111901
[2023-12-17T11:19:01.750+0000] {local_task_job_runner.py:228} INFO - Task exited with return code 0
[2023-12-17T11:19:01.811+0000] {taskinstance.py:2778} INFO - 1 downstream tasks scheduled from follow-on schedule check
[2023-12-17T12:18:08.025+0000] {logging_mixin.py:154} INFO - Changing /opt/***/logs/dag_id=air_quality/run_id=scheduled__2023-12-10T04:00:00+00:00/task_id=Extract permission to 509
[2023-12-17T12:18:08.028+0000] {logging_mixin.py:154} INFO - Failed to change /opt/***/logs/dag_id=air_quality/run_id=scheduled__2023-12-10T04:00:00+00:00/task_id=Extract permission to 509: [Errno 1] Operation not permitted: '/opt/***/logs/dag_id=air_quality/run_id=scheduled__2023-12-10T04:00:00+00:00/task_id=Extract'
[2023-12-17T12:18:08.099+0000] {logging_mixin.py:154} INFO - Changing /opt/***/logs/dag_id=air_quality/run_id=scheduled__2023-12-10T04:00:00+00:00/task_id=Extract permission to 509
[2023-12-17T12:18:08.102+0000] {logging_mixin.py:154} INFO - Failed to change /opt/***/logs/dag_id=air_quality/run_id=scheduled__2023-12-10T04:00:00+00:00/task_id=Extract permission to 509: [Errno 1] Operation not permitted: '/opt/***/logs/dag_id=air_quality/run_id=scheduled__2023-12-10T04:00:00+00:00/task_id=Extract'
[2023-12-17T12:18:08.348+0000] {taskinstance.py:1159} INFO - Dependencies all met for dep_context=non-requeueable deps ti=<TaskInstance: air_quality.Extract scheduled__2023-12-10T04:00:00+00:00 [queued]>
[2023-12-17T12:18:08.408+0000] {taskinstance.py:1159} INFO - Dependencies all met for dep_context=requeueable deps ti=<TaskInstance: air_quality.Extract scheduled__2023-12-10T04:00:00+00:00 [queued]>
[2023-12-17T12:18:08.415+0000] {taskinstance.py:1361} INFO - Starting attempt 1 of 2
[2023-12-17T12:18:08.482+0000] {taskinstance.py:1382} INFO - Executing <Task(PythonOperator): Extract> on 2023-12-10 04:00:00+00:00
[2023-12-17T12:18:08.503+0000] {standard_task_runner.py:57} INFO - Started process 4079 to run task
[2023-12-17T12:18:08.520+0000] {standard_task_runner.py:84} INFO - Running: ['***', 'tasks', 'run', 'air_quality', 'Extract', 'scheduled__2023-12-10T04:00:00+00:00', '--job-id', '590', '--raw', '--subdir', 'DAGS_FOLDER/airQuality.py', '--cfg-path', '/tmp/tmpm7yfph_6']
[2023-12-17T12:18:08.523+0000] {standard_task_runner.py:85} INFO - Job 590: Subtask Extract
[2023-12-17T12:18:08.768+0000] {logging_mixin.py:154} INFO - Changing /opt/***/logs/dag_id=air_quality/run_id=scheduled__2023-12-10T04:00:00+00:00/task_id=Extract permission to 509
[2023-12-17T12:18:08.770+0000] {logging_mixin.py:154} INFO - Failed to change /opt/***/logs/dag_id=air_quality/run_id=scheduled__2023-12-10T04:00:00+00:00/task_id=Extract permission to 509: [Errno 1] Operation not permitted: '/opt/***/logs/dag_id=air_quality/run_id=scheduled__2023-12-10T04:00:00+00:00/task_id=Extract'
[2023-12-17T12:18:08.778+0000] {task_command.py:416} INFO - Running <TaskInstance: air_quality.Extract scheduled__2023-12-10T04:00:00+00:00 [running]> on host 1a58977f5573
[2023-12-17T12:18:09.082+0000] {taskinstance.py:1662} INFO - Exporting env vars: AIRFLOW_CTX_DAG_OWNER='ghifari' AIRFLOW_CTX_DAG_ID='air_quality' AIRFLOW_CTX_TASK_ID='Extract' AIRFLOW_CTX_EXECUTION_DATE='2023-12-10T04:00:00+00:00' AIRFLOW_CTX_TRY_NUMBER='1' AIRFLOW_CTX_DAG_RUN_ID='scheduled__2023-12-10T04:00:00+00:00'
[2023-12-17T12:18:09.229+0000] {python.py:194} INFO - Done. Returned value was: {'city': ['Jakarta'], 'country': ['ID'], 'unit': ['pm25'], 'last_value': [-999.0], 'lat': [-6.182536], 'lng': [106.834236]}
[2023-12-17T12:18:09.290+0000] {taskinstance.py:1400} INFO - Marking task as SUCCESS. dag_id=air_quality, task_id=Extract, execution_date=20231210T040000, start_date=20231217T121808, end_date=20231217T121809
[2023-12-17T12:18:09.391+0000] {local_task_job_runner.py:228} INFO - Task exited with return code 0
[2023-12-17T12:18:09.531+0000] {taskinstance.py:2778} INFO - 1 downstream tasks scheduled from follow-on schedule check
[2023-12-17T12:18:46.408+0000] {logging_mixin.py:154} INFO - Changing /opt/***/logs/dag_id=air_quality/run_id=scheduled__2023-12-10T04:00:00+00:00/task_id=Extract permission to 509
[2023-12-17T12:18:46.410+0000] {logging_mixin.py:154} INFO - Failed to change /opt/***/logs/dag_id=air_quality/run_id=scheduled__2023-12-10T04:00:00+00:00/task_id=Extract permission to 509: [Errno 1] Operation not permitted: '/opt/***/logs/dag_id=air_quality/run_id=scheduled__2023-12-10T04:00:00+00:00/task_id=Extract'
[2023-12-17T12:18:46.448+0000] {logging_mixin.py:154} INFO - Changing /opt/***/logs/dag_id=air_quality/run_id=scheduled__2023-12-10T04:00:00+00:00/task_id=Extract permission to 509
[2023-12-17T12:18:46.449+0000] {logging_mixin.py:154} INFO - Failed to change /opt/***/logs/dag_id=air_quality/run_id=scheduled__2023-12-10T04:00:00+00:00/task_id=Extract permission to 509: [Errno 1] Operation not permitted: '/opt/***/logs/dag_id=air_quality/run_id=scheduled__2023-12-10T04:00:00+00:00/task_id=Extract'
[2023-12-17T12:18:46.488+0000] {taskinstance.py:1159} INFO - Dependencies all met for dep_context=non-requeueable deps ti=<TaskInstance: air_quality.Extract scheduled__2023-12-10T04:00:00+00:00 [queued]>
[2023-12-17T12:18:46.505+0000] {taskinstance.py:1159} INFO - Dependencies all met for dep_context=requeueable deps ti=<TaskInstance: air_quality.Extract scheduled__2023-12-10T04:00:00+00:00 [queued]>
[2023-12-17T12:18:46.506+0000] {taskinstance.py:1361} INFO - Starting attempt 1 of 2
[2023-12-17T12:18:46.550+0000] {taskinstance.py:1382} INFO - Executing <Task(PythonOperator): Extract> on 2023-12-10 04:00:00+00:00
[2023-12-17T12:18:46.555+0000] {standard_task_runner.py:57} INFO - Started process 4437 to run task
[2023-12-17T12:18:46.559+0000] {standard_task_runner.py:84} INFO - Running: ['***', 'tasks', 'run', 'air_quality', 'Extract', 'scheduled__2023-12-10T04:00:00+00:00', '--job-id', '671', '--raw', '--subdir', 'DAGS_FOLDER/airQuality.py', '--cfg-path', '/tmp/tmpexqvhjlv']
[2023-12-17T12:18:46.561+0000] {standard_task_runner.py:85} INFO - Job 671: Subtask Extract
[2023-12-17T12:18:46.619+0000] {logging_mixin.py:154} INFO - Changing /opt/***/logs/dag_id=air_quality/run_id=scheduled__2023-12-10T04:00:00+00:00/task_id=Extract permission to 509
[2023-12-17T12:18:46.620+0000] {logging_mixin.py:154} INFO - Failed to change /opt/***/logs/dag_id=air_quality/run_id=scheduled__2023-12-10T04:00:00+00:00/task_id=Extract permission to 509: [Errno 1] Operation not permitted: '/opt/***/logs/dag_id=air_quality/run_id=scheduled__2023-12-10T04:00:00+00:00/task_id=Extract'
[2023-12-17T12:18:46.622+0000] {task_command.py:416} INFO - Running <TaskInstance: air_quality.Extract scheduled__2023-12-10T04:00:00+00:00 [running]> on host 1a58977f5573
[2023-12-17T12:18:46.725+0000] {taskinstance.py:1662} INFO - Exporting env vars: AIRFLOW_CTX_DAG_OWNER='ghifari' AIRFLOW_CTX_DAG_ID='air_quality' AIRFLOW_CTX_TASK_ID='Extract' AIRFLOW_CTX_EXECUTION_DATE='2023-12-10T04:00:00+00:00' AIRFLOW_CTX_TRY_NUMBER='1' AIRFLOW_CTX_DAG_RUN_ID='scheduled__2023-12-10T04:00:00+00:00'
[2023-12-17T12:18:46.797+0000] {python.py:194} INFO - Done. Returned value was: {'city': ['Jakarta'], 'country': ['ID'], 'unit': ['pm25'], 'last_value': [-999.0], 'lat': [-6.182536], 'lng': [106.834236]}
[2023-12-17T12:18:46.823+0000] {taskinstance.py:1400} INFO - Marking task as SUCCESS. dag_id=air_quality, task_id=Extract, execution_date=20231210T040000, start_date=20231217T121846, end_date=20231217T121846
[2023-12-17T12:18:46.852+0000] {local_task_job_runner.py:228} INFO - Task exited with return code 0
[2023-12-17T12:18:46.886+0000] {taskinstance.py:2778} INFO - 1 downstream tasks scheduled from follow-on schedule check
[2023-12-28T16:51:40.854+0000] {logging_mixin.py:154} INFO - Changing /opt/***/logs/dag_id=air_quality/run_id=scheduled__2023-12-10T04:00:00+00:00/task_id=Extract permission to 509
[2023-12-28T16:51:40.857+0000] {logging_mixin.py:154} INFO - Failed to change /opt/***/logs/dag_id=air_quality/run_id=scheduled__2023-12-10T04:00:00+00:00/task_id=Extract permission to 509: [Errno 1] Operation not permitted: '/opt/***/logs/dag_id=air_quality/run_id=scheduled__2023-12-10T04:00:00+00:00/task_id=Extract'
[2023-12-28T16:51:41.204+0000] {logging_mixin.py:154} INFO - Changing /opt/***/logs/dag_id=air_quality/run_id=scheduled__2023-12-10T04:00:00+00:00/task_id=Extract permission to 509
[2023-12-28T16:51:41.209+0000] {logging_mixin.py:154} INFO - Failed to change /opt/***/logs/dag_id=air_quality/run_id=scheduled__2023-12-10T04:00:00+00:00/task_id=Extract permission to 509: [Errno 1] Operation not permitted: '/opt/***/logs/dag_id=air_quality/run_id=scheduled__2023-12-10T04:00:00+00:00/task_id=Extract'
[2023-12-28T16:51:41.355+0000] {taskinstance.py:1159} INFO - Dependencies all met for dep_context=non-requeueable deps ti=<TaskInstance: air_quality.Extract scheduled__2023-12-10T04:00:00+00:00 [queued]>
[2023-12-28T16:51:41.456+0000] {taskinstance.py:1159} INFO - Dependencies all met for dep_context=requeueable deps ti=<TaskInstance: air_quality.Extract scheduled__2023-12-10T04:00:00+00:00 [queued]>
[2023-12-28T16:51:41.457+0000] {taskinstance.py:1361} INFO - Starting attempt 1 of 2
[2023-12-28T16:51:41.603+0000] {taskinstance.py:1382} INFO - Executing <Task(PythonOperator): Extract> on 2023-12-10 04:00:00+00:00
[2023-12-28T16:51:41.669+0000] {standard_task_runner.py:57} INFO - Started process 184 to run task
[2023-12-28T16:51:41.687+0000] {standard_task_runner.py:84} INFO - Running: ['***', 'tasks', 'run', 'air_quality', 'Extract', 'scheduled__2023-12-10T04:00:00+00:00', '--job-id', '842', '--raw', '--subdir', 'DAGS_FOLDER/airQuality.py', '--cfg-path', '/tmp/tmpffyf2g10']
[2023-12-28T16:51:41.734+0000] {standard_task_runner.py:85} INFO - Job 842: Subtask Extract
[2023-12-28T16:51:42.099+0000] {logging_mixin.py:154} INFO - Changing /opt/***/logs/dag_id=air_quality/run_id=scheduled__2023-12-10T04:00:00+00:00/task_id=Extract permission to 509
[2023-12-28T16:51:42.101+0000] {logging_mixin.py:154} INFO - Failed to change /opt/***/logs/dag_id=air_quality/run_id=scheduled__2023-12-10T04:00:00+00:00/task_id=Extract permission to 509: [Errno 1] Operation not permitted: '/opt/***/logs/dag_id=air_quality/run_id=scheduled__2023-12-10T04:00:00+00:00/task_id=Extract'
[2023-12-28T16:51:42.116+0000] {task_command.py:416} INFO - Running <TaskInstance: air_quality.Extract scheduled__2023-12-10T04:00:00+00:00 [running]> on host d67dd4682ccf
[2023-12-28T16:51:42.672+0000] {taskinstance.py:1662} INFO - Exporting env vars: AIRFLOW_CTX_DAG_OWNER='ghifari' AIRFLOW_CTX_DAG_ID='air_quality' AIRFLOW_CTX_TASK_ID='Extract' AIRFLOW_CTX_EXECUTION_DATE='2023-12-10T04:00:00+00:00' AIRFLOW_CTX_TRY_NUMBER='1' AIRFLOW_CTX_DAG_RUN_ID='scheduled__2023-12-10T04:00:00+00:00'
[2023-12-28T16:51:42.873+0000] {python.py:194} INFO - Done. Returned value was: {'city': ['Jakarta'], 'country': ['ID'], 'unit': ['o3'], 'last_value': [-0.999], 'lat': [-6.182536], 'lng': [106.834236]}
[2023-12-28T16:51:42.963+0000] {taskinstance.py:1400} INFO - Marking task as SUCCESS. dag_id=air_quality, task_id=Extract, execution_date=20231210T040000, start_date=20231228T165141, end_date=20231228T165142
[2023-12-28T16:51:43.045+0000] {local_task_job_runner.py:228} INFO - Task exited with return code 0
[2023-12-28T16:51:43.248+0000] {taskinstance.py:2778} INFO - 1 downstream tasks scheduled from follow-on schedule check
[2023-12-28T16:54:43.982+0000] {logging_mixin.py:154} INFO - Changing /opt/***/logs/dag_id=air_quality/run_id=scheduled__2023-12-10T04:00:00+00:00/task_id=Extract permission to 509
[2023-12-28T16:54:43.985+0000] {logging_mixin.py:154} INFO - Failed to change /opt/***/logs/dag_id=air_quality/run_id=scheduled__2023-12-10T04:00:00+00:00/task_id=Extract permission to 509: [Errno 1] Operation not permitted: '/opt/***/logs/dag_id=air_quality/run_id=scheduled__2023-12-10T04:00:00+00:00/task_id=Extract'
[2023-12-28T16:54:44.049+0000] {logging_mixin.py:154} INFO - Changing /opt/***/logs/dag_id=air_quality/run_id=scheduled__2023-12-10T04:00:00+00:00/task_id=Extract permission to 509
[2023-12-28T16:54:44.050+0000] {logging_mixin.py:154} INFO - Failed to change /opt/***/logs/dag_id=air_quality/run_id=scheduled__2023-12-10T04:00:00+00:00/task_id=Extract permission to 509: [Errno 1] Operation not permitted: '/opt/***/logs/dag_id=air_quality/run_id=scheduled__2023-12-10T04:00:00+00:00/task_id=Extract'
[2023-12-28T16:54:44.113+0000] {taskinstance.py:1159} INFO - Dependencies all met for dep_context=non-requeueable deps ti=<TaskInstance: air_quality.Extract scheduled__2023-12-10T04:00:00+00:00 [queued]>
[2023-12-28T16:54:44.131+0000] {taskinstance.py:1159} INFO - Dependencies all met for dep_context=requeueable deps ti=<TaskInstance: air_quality.Extract scheduled__2023-12-10T04:00:00+00:00 [queued]>
[2023-12-28T16:54:44.132+0000] {taskinstance.py:1361} INFO - Starting attempt 1 of 2
[2023-12-28T16:54:44.256+0000] {taskinstance.py:1382} INFO - Executing <Task(PythonOperator): Extract> on 2023-12-10 04:00:00+00:00
[2023-12-28T16:54:44.264+0000] {standard_task_runner.py:57} INFO - Started process 1178 to run task
[2023-12-28T16:54:44.270+0000] {standard_task_runner.py:84} INFO - Running: ['***', 'tasks', 'run', 'air_quality', 'Extract', 'scheduled__2023-12-10T04:00:00+00:00', '--job-id', '1097', '--raw', '--subdir', 'DAGS_FOLDER/airQuality.py', '--cfg-path', '/tmp/tmph2l686l2']
[2023-12-28T16:54:44.273+0000] {standard_task_runner.py:85} INFO - Job 1097: Subtask Extract
[2023-12-28T16:54:44.404+0000] {logging_mixin.py:154} INFO - Changing /opt/***/logs/dag_id=air_quality/run_id=scheduled__2023-12-10T04:00:00+00:00/task_id=Extract permission to 509
[2023-12-28T16:54:44.406+0000] {logging_mixin.py:154} INFO - Failed to change /opt/***/logs/dag_id=air_quality/run_id=scheduled__2023-12-10T04:00:00+00:00/task_id=Extract permission to 509: [Errno 1] Operation not permitted: '/opt/***/logs/dag_id=air_quality/run_id=scheduled__2023-12-10T04:00:00+00:00/task_id=Extract'
[2023-12-28T16:54:44.419+0000] {task_command.py:416} INFO - Running <TaskInstance: air_quality.Extract scheduled__2023-12-10T04:00:00+00:00 [running]> on host d67dd4682ccf
[2023-12-28T16:54:44.632+0000] {taskinstance.py:1662} INFO - Exporting env vars: AIRFLOW_CTX_DAG_OWNER='ghifari' AIRFLOW_CTX_DAG_ID='air_quality' AIRFLOW_CTX_TASK_ID='Extract' AIRFLOW_CTX_EXECUTION_DATE='2023-12-10T04:00:00+00:00' AIRFLOW_CTX_TRY_NUMBER='1' AIRFLOW_CTX_DAG_RUN_ID='scheduled__2023-12-10T04:00:00+00:00'
[2023-12-28T16:54:44.752+0000] {python.py:194} INFO - Done. Returned value was: {'city': ['Jakarta'], 'country': ['ID'], 'unit': ['o3'], 'last_value': [-0.999], 'lat': [-6.182536], 'lng': [106.834236]}
[2023-12-28T16:54:44.799+0000] {taskinstance.py:1400} INFO - Marking task as SUCCESS. dag_id=air_quality, task_id=Extract, execution_date=20231210T040000, start_date=20231228T165444, end_date=20231228T165444
[2023-12-28T16:54:44.893+0000] {local_task_job_runner.py:228} INFO - Task exited with return code 0
[2023-12-28T16:54:44.978+0000] {taskinstance.py:2778} INFO - 1 downstream tasks scheduled from follow-on schedule check
