[2023-12-17T11:18:48.504+0000] {logging_mixin.py:154} INFO - Changing /opt/***/logs/dag_id=air_quality/run_id=scheduled__2023-12-05T04:00:00+00:00/task_id=CheckTable permission to 509
[2023-12-17T11:18:48.508+0000] {logging_mixin.py:154} INFO - Failed to change /opt/***/logs/dag_id=air_quality/run_id=scheduled__2023-12-05T04:00:00+00:00/task_id=CheckTable permission to 509: [Errno 1] Operation not permitted: '/opt/***/logs/dag_id=air_quality/run_id=scheduled__2023-12-05T04:00:00+00:00/task_id=CheckTable'
[2023-12-17T11:18:48.682+0000] {logging_mixin.py:154} INFO - Changing /opt/***/logs/dag_id=air_quality/run_id=scheduled__2023-12-05T04:00:00+00:00/task_id=CheckTable permission to 509
[2023-12-17T11:18:48.686+0000] {logging_mixin.py:154} INFO - Failed to change /opt/***/logs/dag_id=air_quality/run_id=scheduled__2023-12-05T04:00:00+00:00/task_id=CheckTable permission to 509: [Errno 1] Operation not permitted: '/opt/***/logs/dag_id=air_quality/run_id=scheduled__2023-12-05T04:00:00+00:00/task_id=CheckTable'
[2023-12-17T11:18:48.812+0000] {taskinstance.py:1159} INFO - Dependencies all met for dep_context=non-requeueable deps ti=<TaskInstance: air_quality.CheckTable scheduled__2023-12-05T04:00:00+00:00 [queued]>
[2023-12-17T11:18:48.857+0000] {taskinstance.py:1159} INFO - Dependencies all met for dep_context=requeueable deps ti=<TaskInstance: air_quality.CheckTable scheduled__2023-12-05T04:00:00+00:00 [queued]>
[2023-12-17T11:18:48.859+0000] {taskinstance.py:1361} INFO - Starting attempt 1 of 2
[2023-12-17T11:18:49.138+0000] {taskinstance.py:1382} INFO - Executing <Task(BranchPythonOperator): CheckTable> on 2023-12-05 04:00:00+00:00
[2023-12-17T11:18:49.152+0000] {standard_task_runner.py:57} INFO - Started process 2207 to run task
[2023-12-17T11:18:49.163+0000] {standard_task_runner.py:84} INFO - Running: ['***', 'tasks', 'run', 'air_quality', 'CheckTable', 'scheduled__2023-12-05T04:00:00+00:00', '--job-id', '366', '--raw', '--subdir', 'DAGS_FOLDER/airQuality.py', '--cfg-path', '/tmp/tmpu6g3i4ge']
[2023-12-17T11:18:49.166+0000] {standard_task_runner.py:85} INFO - Job 366: Subtask CheckTable
[2023-12-17T11:18:49.324+0000] {logging_mixin.py:154} INFO - Changing /opt/***/logs/dag_id=air_quality/run_id=scheduled__2023-12-05T04:00:00+00:00/task_id=CheckTable permission to 509
[2023-12-17T11:18:49.325+0000] {logging_mixin.py:154} INFO - Failed to change /opt/***/logs/dag_id=air_quality/run_id=scheduled__2023-12-05T04:00:00+00:00/task_id=CheckTable permission to 509: [Errno 1] Operation not permitted: '/opt/***/logs/dag_id=air_quality/run_id=scheduled__2023-12-05T04:00:00+00:00/task_id=CheckTable'
[2023-12-17T11:18:49.335+0000] {task_command.py:416} INFO - Running <TaskInstance: air_quality.CheckTable scheduled__2023-12-05T04:00:00+00:00 [running]> on host 1a58977f5573
[2023-12-17T11:18:49.655+0000] {taskinstance.py:1662} INFO - Exporting env vars: AIRFLOW_CTX_DAG_OWNER='ghifari' AIRFLOW_CTX_DAG_ID='air_quality' AIRFLOW_CTX_TASK_ID='CheckTable' AIRFLOW_CTX_EXECUTION_DATE='2023-12-05T04:00:00+00:00' AIRFLOW_CTX_TRY_NUMBER='1' AIRFLOW_CTX_DAG_RUN_ID='scheduled__2023-12-05T04:00:00+00:00'
[2023-12-17T11:18:49.684+0000] {airQuality.py:204} INFO - Table Created: 
        CREATE TABLE air_quality (
            id serial primary key, 
            city varchar(250),
            country varchar(250), 
            unit varchar(20), 
            last_value float8, 
            lat float8,
            lng float8
        )
    
[2023-12-17T11:18:49.688+0000] {python.py:194} INFO - Done. Returned value was: Insert_Data
[2023-12-17T11:18:49.689+0000] {python.py:227} INFO - Branch callable return Insert_Data
[2023-12-17T11:18:49.695+0000] {skipmixin.py:173} INFO - Following branch Insert_Data
[2023-12-17T11:18:49.718+0000] {skipmixin.py:239} INFO - Skipping tasks []
[2023-12-17T11:18:49.840+0000] {taskinstance.py:1400} INFO - Marking task as SUCCESS. dag_id=air_quality, task_id=CheckTable, execution_date=20231205T040000, start_date=20231217T111848, end_date=20231217T111849
[2023-12-17T11:18:49.895+0000] {local_task_job_runner.py:228} INFO - Task exited with return code 0
[2023-12-17T11:18:50.069+0000] {taskinstance.py:2778} INFO - 0 downstream tasks scheduled from follow-on schedule check
[2023-12-17T12:18:40.221+0000] {logging_mixin.py:154} INFO - Changing /opt/***/logs/dag_id=air_quality/run_id=scheduled__2023-12-05T04:00:00+00:00/task_id=CheckTable permission to 509
[2023-12-17T12:18:40.223+0000] {logging_mixin.py:154} INFO - Failed to change /opt/***/logs/dag_id=air_quality/run_id=scheduled__2023-12-05T04:00:00+00:00/task_id=CheckTable permission to 509: [Errno 1] Operation not permitted: '/opt/***/logs/dag_id=air_quality/run_id=scheduled__2023-12-05T04:00:00+00:00/task_id=CheckTable'
[2023-12-17T12:18:40.262+0000] {logging_mixin.py:154} INFO - Changing /opt/***/logs/dag_id=air_quality/run_id=scheduled__2023-12-05T04:00:00+00:00/task_id=CheckTable permission to 509
[2023-12-17T12:18:40.263+0000] {logging_mixin.py:154} INFO - Failed to change /opt/***/logs/dag_id=air_quality/run_id=scheduled__2023-12-05T04:00:00+00:00/task_id=CheckTable permission to 509: [Errno 1] Operation not permitted: '/opt/***/logs/dag_id=air_quality/run_id=scheduled__2023-12-05T04:00:00+00:00/task_id=CheckTable'
[2023-12-17T12:18:40.314+0000] {taskinstance.py:1159} INFO - Dependencies all met for dep_context=non-requeueable deps ti=<TaskInstance: air_quality.CheckTable scheduled__2023-12-05T04:00:00+00:00 [queued]>
[2023-12-17T12:18:40.329+0000] {taskinstance.py:1159} INFO - Dependencies all met for dep_context=requeueable deps ti=<TaskInstance: air_quality.CheckTable scheduled__2023-12-05T04:00:00+00:00 [queued]>
[2023-12-17T12:18:40.330+0000] {taskinstance.py:1361} INFO - Starting attempt 1 of 2
[2023-12-17T12:18:40.350+0000] {taskinstance.py:1382} INFO - Executing <Task(BranchPythonOperator): CheckTable> on 2023-12-05 04:00:00+00:00
[2023-12-17T12:18:40.357+0000] {standard_task_runner.py:57} INFO - Started process 4368 to run task
[2023-12-17T12:18:40.362+0000] {standard_task_runner.py:84} INFO - Running: ['***', 'tasks', 'run', 'air_quality', 'CheckTable', 'scheduled__2023-12-05T04:00:00+00:00', '--job-id', '661', '--raw', '--subdir', 'DAGS_FOLDER/airQuality.py', '--cfg-path', '/tmp/tmpc9gxp4n6']
[2023-12-17T12:18:40.363+0000] {standard_task_runner.py:85} INFO - Job 661: Subtask CheckTable
[2023-12-17T12:18:40.451+0000] {logging_mixin.py:154} INFO - Changing /opt/***/logs/dag_id=air_quality/run_id=scheduled__2023-12-05T04:00:00+00:00/task_id=CheckTable permission to 509
[2023-12-17T12:18:40.452+0000] {logging_mixin.py:154} INFO - Failed to change /opt/***/logs/dag_id=air_quality/run_id=scheduled__2023-12-05T04:00:00+00:00/task_id=CheckTable permission to 509: [Errno 1] Operation not permitted: '/opt/***/logs/dag_id=air_quality/run_id=scheduled__2023-12-05T04:00:00+00:00/task_id=CheckTable'
[2023-12-17T12:18:40.455+0000] {task_command.py:416} INFO - Running <TaskInstance: air_quality.CheckTable scheduled__2023-12-05T04:00:00+00:00 [running]> on host 1a58977f5573
[2023-12-17T12:18:40.582+0000] {taskinstance.py:1662} INFO - Exporting env vars: AIRFLOW_CTX_DAG_OWNER='ghifari' AIRFLOW_CTX_DAG_ID='air_quality' AIRFLOW_CTX_TASK_ID='CheckTable' AIRFLOW_CTX_EXECUTION_DATE='2023-12-05T04:00:00+00:00' AIRFLOW_CTX_TRY_NUMBER='1' AIRFLOW_CTX_DAG_RUN_ID='scheduled__2023-12-05T04:00:00+00:00'
[2023-12-17T12:18:40.604+0000] {airQuality.py:205} INFO - Table Created: 
        CREATE TABLE air_quality (
            id serial primary key, 
            city varchar(250),
            country varchar(250), 
            unit varchar(20), 
            last_value float8, 
            lat float8,
            lng float8
        )
    
[2023-12-17T12:18:40.604+0000] {python.py:194} INFO - Done. Returned value was: Insert_Data
[2023-12-17T12:18:40.605+0000] {python.py:227} INFO - Branch callable return Insert_Data
[2023-12-17T12:18:40.606+0000] {skipmixin.py:173} INFO - Following branch Insert_Data
[2023-12-17T12:18:40.624+0000] {skipmixin.py:239} INFO - Skipping tasks []
[2023-12-17T12:18:40.685+0000] {taskinstance.py:1400} INFO - Marking task as SUCCESS. dag_id=air_quality, task_id=CheckTable, execution_date=20231205T040000, start_date=20231217T121840, end_date=20231217T121840
[2023-12-17T12:18:40.734+0000] {local_task_job_runner.py:228} INFO - Task exited with return code 0
[2023-12-17T12:18:40.777+0000] {taskinstance.py:2778} INFO - 1 downstream tasks scheduled from follow-on schedule check
[2023-12-28T16:54:33.051+0000] {logging_mixin.py:154} INFO - Changing /opt/***/logs/dag_id=air_quality/run_id=scheduled__2023-12-05T04:00:00+00:00/task_id=CheckTable permission to 509
[2023-12-28T16:54:33.068+0000] {logging_mixin.py:154} INFO - Failed to change /opt/***/logs/dag_id=air_quality/run_id=scheduled__2023-12-05T04:00:00+00:00/task_id=CheckTable permission to 509: [Errno 1] Operation not permitted: '/opt/***/logs/dag_id=air_quality/run_id=scheduled__2023-12-05T04:00:00+00:00/task_id=CheckTable'
[2023-12-28T16:54:33.290+0000] {logging_mixin.py:154} INFO - Changing /opt/***/logs/dag_id=air_quality/run_id=scheduled__2023-12-05T04:00:00+00:00/task_id=CheckTable permission to 509
[2023-12-28T16:54:33.311+0000] {logging_mixin.py:154} INFO - Failed to change /opt/***/logs/dag_id=air_quality/run_id=scheduled__2023-12-05T04:00:00+00:00/task_id=CheckTable permission to 509: [Errno 1] Operation not permitted: '/opt/***/logs/dag_id=air_quality/run_id=scheduled__2023-12-05T04:00:00+00:00/task_id=CheckTable'
[2023-12-28T16:54:33.456+0000] {taskinstance.py:1159} INFO - Dependencies all met for dep_context=non-requeueable deps ti=<TaskInstance: air_quality.CheckTable scheduled__2023-12-05T04:00:00+00:00 [queued]>
[2023-12-28T16:54:33.559+0000] {taskinstance.py:1159} INFO - Dependencies all met for dep_context=requeueable deps ti=<TaskInstance: air_quality.CheckTable scheduled__2023-12-05T04:00:00+00:00 [queued]>
[2023-12-28T16:54:33.575+0000] {taskinstance.py:1361} INFO - Starting attempt 1 of 2
[2023-12-28T16:54:33.685+0000] {taskinstance.py:1382} INFO - Executing <Task(BranchPythonOperator): CheckTable> on 2023-12-05 04:00:00+00:00
[2023-12-28T16:54:33.705+0000] {standard_task_runner.py:57} INFO - Started process 1015 to run task
[2023-12-28T16:54:33.843+0000] {standard_task_runner.py:84} INFO - Running: ['***', 'tasks', 'run', 'air_quality', 'CheckTable', 'scheduled__2023-12-05T04:00:00+00:00', '--job-id', '1085', '--raw', '--subdir', 'DAGS_FOLDER/airQuality.py', '--cfg-path', '/tmp/tmp6r9y8eqv']
[2023-12-28T16:54:33.846+0000] {standard_task_runner.py:85} INFO - Job 1085: Subtask CheckTable
[2023-12-28T16:54:34.444+0000] {logging_mixin.py:154} INFO - Changing /opt/***/logs/dag_id=air_quality/run_id=scheduled__2023-12-05T04:00:00+00:00/task_id=CheckTable permission to 509
[2023-12-28T16:54:34.455+0000] {logging_mixin.py:154} INFO - Failed to change /opt/***/logs/dag_id=air_quality/run_id=scheduled__2023-12-05T04:00:00+00:00/task_id=CheckTable permission to 509: [Errno 1] Operation not permitted: '/opt/***/logs/dag_id=air_quality/run_id=scheduled__2023-12-05T04:00:00+00:00/task_id=CheckTable'
[2023-12-28T16:54:34.468+0000] {task_command.py:416} INFO - Running <TaskInstance: air_quality.CheckTable scheduled__2023-12-05T04:00:00+00:00 [running]> on host d67dd4682ccf
[2023-12-28T16:54:35.009+0000] {taskinstance.py:1662} INFO - Exporting env vars: AIRFLOW_CTX_DAG_OWNER='ghifari' AIRFLOW_CTX_DAG_ID='air_quality' AIRFLOW_CTX_TASK_ID='CheckTable' AIRFLOW_CTX_EXECUTION_DATE='2023-12-05T04:00:00+00:00' AIRFLOW_CTX_TRY_NUMBER='1' AIRFLOW_CTX_DAG_RUN_ID='scheduled__2023-12-05T04:00:00+00:00'
[2023-12-28T16:54:35.104+0000] {airQuality.py:183} INFO - Table Created: 
        CREATE TABLE air_quality (
            id serial primary key, 
            city varchar(250),
            country varchar(250), 
            unit varchar(20), 
            last_value float8, 
            lat float8,
            lng float8
        )
    
[2023-12-28T16:54:35.110+0000] {python.py:194} INFO - Done. Returned value was: Insert_Data
[2023-12-28T16:54:35.112+0000] {python.py:227} INFO - Branch callable return Insert_Data
[2023-12-28T16:54:35.114+0000] {skipmixin.py:173} INFO - Following branch Insert_Data
[2023-12-28T16:54:35.157+0000] {skipmixin.py:239} INFO - Skipping tasks []
[2023-12-28T16:54:35.405+0000] {taskinstance.py:1400} INFO - Marking task as SUCCESS. dag_id=air_quality, task_id=CheckTable, execution_date=20231205T040000, start_date=20231228T165433, end_date=20231228T165435
[2023-12-28T16:54:35.538+0000] {local_task_job_runner.py:228} INFO - Task exited with return code 0
[2023-12-28T16:54:35.744+0000] {taskinstance.py:2778} INFO - 1 downstream tasks scheduled from follow-on schedule check
