[2023-12-17T10:14:29.943+0000] {logging_mixin.py:154} INFO - Changing /opt/***/logs/dag_id=air_quality/run_id=manual__2023-12-17T10:14:12.539571+00:00/task_id=Table_NotExist permission to 509
[2023-12-17T10:14:29.945+0000] {logging_mixin.py:154} INFO - Failed to change /opt/***/logs/dag_id=air_quality/run_id=manual__2023-12-17T10:14:12.539571+00:00/task_id=Table_NotExist permission to 509: [Errno 1] Operation not permitted: '/opt/***/logs/dag_id=air_quality/run_id=manual__2023-12-17T10:14:12.539571+00:00/task_id=Table_NotExist'
[2023-12-17T10:14:29.983+0000] {logging_mixin.py:154} INFO - Changing /opt/***/logs/dag_id=air_quality/run_id=manual__2023-12-17T10:14:12.539571+00:00/task_id=Table_NotExist permission to 509
[2023-12-17T10:14:29.984+0000] {logging_mixin.py:154} INFO - Failed to change /opt/***/logs/dag_id=air_quality/run_id=manual__2023-12-17T10:14:12.539571+00:00/task_id=Table_NotExist permission to 509: [Errno 1] Operation not permitted: '/opt/***/logs/dag_id=air_quality/run_id=manual__2023-12-17T10:14:12.539571+00:00/task_id=Table_NotExist'
[2023-12-17T10:14:30.017+0000] {taskinstance.py:1159} INFO - Dependencies all met for dep_context=non-requeueable deps ti=<TaskInstance: air_quality.Table_NotExist manual__2023-12-17T10:14:12.539571+00:00 [queued]>
[2023-12-17T10:14:30.028+0000] {taskinstance.py:1159} INFO - Dependencies all met for dep_context=requeueable deps ti=<TaskInstance: air_quality.Table_NotExist manual__2023-12-17T10:14:12.539571+00:00 [queued]>
[2023-12-17T10:14:30.029+0000] {taskinstance.py:1361} INFO - Starting attempt 1 of 2
[2023-12-17T10:14:30.051+0000] {taskinstance.py:1382} INFO - Executing <Task(BranchPythonOperator): Table_NotExist> on 2023-12-17 10:14:12.539571+00:00
[2023-12-17T10:14:30.059+0000] {standard_task_runner.py:57} INFO - Started process 949 to run task
[2023-12-17T10:14:30.065+0000] {standard_task_runner.py:84} INFO - Running: ['***', 'tasks', 'run', 'air_quality', 'Table_NotExist', 'manual__2023-12-17T10:14:12.539571+00:00', '--job-id', '264', '--raw', '--subdir', 'DAGS_FOLDER/airQuality.py', '--cfg-path', '/tmp/tmpr7njkgb4']
[2023-12-17T10:14:30.068+0000] {standard_task_runner.py:85} INFO - Job 264: Subtask Table_NotExist
[2023-12-17T10:14:30.160+0000] {logging_mixin.py:154} INFO - Changing /opt/***/logs/dag_id=air_quality/run_id=manual__2023-12-17T10:14:12.539571+00:00/task_id=Table_NotExist permission to 509
[2023-12-17T10:14:30.162+0000] {logging_mixin.py:154} INFO - Failed to change /opt/***/logs/dag_id=air_quality/run_id=manual__2023-12-17T10:14:12.539571+00:00/task_id=Table_NotExist permission to 509: [Errno 1] Operation not permitted: '/opt/***/logs/dag_id=air_quality/run_id=manual__2023-12-17T10:14:12.539571+00:00/task_id=Table_NotExist'
[2023-12-17T10:14:30.166+0000] {task_command.py:416} INFO - Running <TaskInstance: air_quality.Table_NotExist manual__2023-12-17T10:14:12.539571+00:00 [running]> on host 1a58977f5573
[2023-12-17T10:14:30.351+0000] {taskinstance.py:1662} INFO - Exporting env vars: AIRFLOW_CTX_DAG_OWNER='ghifari' AIRFLOW_CTX_DAG_ID='air_quality' AIRFLOW_CTX_TASK_ID='Table_NotExist' AIRFLOW_CTX_EXECUTION_DATE='2023-12-17T10:14:12.539571+00:00' AIRFLOW_CTX_TRY_NUMBER='1' AIRFLOW_CTX_DAG_RUN_ID='manual__2023-12-17T10:14:12.539571+00:00'
[2023-12-17T10:14:30.366+0000] {python.py:194} INFO - Done. Returned value was: None
[2023-12-17T10:14:30.367+0000] {python.py:227} INFO - Branch callable return None
[2023-12-17T10:14:30.368+0000] {skipmixin.py:173} INFO - Following branch None
[2023-12-17T10:14:30.376+0000] {skipmixin.py:239} INFO - Skipping tasks [('Insert_Data', -1)]
[2023-12-17T10:14:30.414+0000] {taskinstance.py:1400} INFO - Marking task as SUCCESS. dag_id=air_quality, task_id=Table_NotExist, execution_date=20231217T101412, start_date=20231217T101430, end_date=20231217T101430
[2023-12-17T10:14:30.439+0000] {local_task_job_runner.py:228} INFO - Task exited with return code 0
[2023-12-17T10:14:30.468+0000] {taskinstance.py:2778} INFO - 0 downstream tasks scheduled from follow-on schedule check
