[2023-12-28T16:09:14.639+0000] {logging_mixin.py:154} INFO - Changing /opt/***/logs/dag_id=air_quality/run_id=scheduled__2023-12-21T04:00:00+00:00/task_id=CheckTable permission to 509
[2023-12-28T16:09:14.641+0000] {logging_mixin.py:154} INFO - Failed to change /opt/***/logs/dag_id=air_quality/run_id=scheduled__2023-12-21T04:00:00+00:00/task_id=CheckTable permission to 509: [Errno 1] Operation not permitted: '/opt/***/logs/dag_id=air_quality/run_id=scheduled__2023-12-21T04:00:00+00:00/task_id=CheckTable'
[2023-12-28T16:09:14.695+0000] {logging_mixin.py:154} INFO - Changing /opt/***/logs/dag_id=air_quality/run_id=scheduled__2023-12-21T04:00:00+00:00/task_id=CheckTable permission to 509
[2023-12-28T16:09:14.696+0000] {logging_mixin.py:154} INFO - Failed to change /opt/***/logs/dag_id=air_quality/run_id=scheduled__2023-12-21T04:00:00+00:00/task_id=CheckTable permission to 509: [Errno 1] Operation not permitted: '/opt/***/logs/dag_id=air_quality/run_id=scheduled__2023-12-21T04:00:00+00:00/task_id=CheckTable'
[2023-12-28T16:09:14.764+0000] {taskinstance.py:1159} INFO - Dependencies all met for dep_context=non-requeueable deps ti=<TaskInstance: air_quality.CheckTable scheduled__2023-12-21T04:00:00+00:00 [queued]>
[2023-12-28T16:09:14.783+0000] {taskinstance.py:1159} INFO - Dependencies all met for dep_context=requeueable deps ti=<TaskInstance: air_quality.CheckTable scheduled__2023-12-21T04:00:00+00:00 [queued]>
[2023-12-28T16:09:14.784+0000] {taskinstance.py:1361} INFO - Starting attempt 1 of 2
[2023-12-28T16:09:14.808+0000] {taskinstance.py:1382} INFO - Executing <Task(BranchPythonOperator): CheckTable> on 2023-12-21 04:00:00+00:00
[2023-12-28T16:09:14.815+0000] {standard_task_runner.py:57} INFO - Started process 576 to run task
[2023-12-28T16:09:14.822+0000] {standard_task_runner.py:84} INFO - Running: ['***', 'tasks', 'run', 'air_quality', 'CheckTable', 'scheduled__2023-12-21T04:00:00+00:00', '--job-id', '777', '--raw', '--subdir', 'DAGS_FOLDER/airQuality.py', '--cfg-path', '/tmp/tmp1yptvfbv']
[2023-12-28T16:09:14.823+0000] {standard_task_runner.py:85} INFO - Job 777: Subtask CheckTable
[2023-12-28T16:09:14.911+0000] {logging_mixin.py:154} INFO - Changing /opt/***/logs/dag_id=air_quality/run_id=scheduled__2023-12-21T04:00:00+00:00/task_id=CheckTable permission to 509
[2023-12-28T16:09:14.912+0000] {logging_mixin.py:154} INFO - Failed to change /opt/***/logs/dag_id=air_quality/run_id=scheduled__2023-12-21T04:00:00+00:00/task_id=CheckTable permission to 509: [Errno 1] Operation not permitted: '/opt/***/logs/dag_id=air_quality/run_id=scheduled__2023-12-21T04:00:00+00:00/task_id=CheckTable'
[2023-12-28T16:09:14.914+0000] {task_command.py:416} INFO - Running <TaskInstance: air_quality.CheckTable scheduled__2023-12-21T04:00:00+00:00 [running]> on host d67dd4682ccf
[2023-12-28T16:09:15.054+0000] {taskinstance.py:1662} INFO - Exporting env vars: AIRFLOW_CTX_DAG_OWNER='ghifari' AIRFLOW_CTX_DAG_ID='air_quality' AIRFLOW_CTX_TASK_ID='CheckTable' AIRFLOW_CTX_EXECUTION_DATE='2023-12-21T04:00:00+00:00' AIRFLOW_CTX_TRY_NUMBER='1' AIRFLOW_CTX_DAG_RUN_ID='scheduled__2023-12-21T04:00:00+00:00'
[2023-12-28T16:09:15.075+0000] {airQuality.py:183} INFO - Table Created: 
        CREATE TABLE air_quality (
            id serial primary key, 
            city varchar(250),
            country varchar(250), 
            unit varchar(20), 
            last_value float8, 
            lat float8,
            lng float8
        )
    
[2023-12-28T16:09:15.076+0000] {python.py:194} INFO - Done. Returned value was: Insert_Data
[2023-12-28T16:09:15.077+0000] {python.py:227} INFO - Branch callable return Insert_Data
[2023-12-28T16:09:15.078+0000] {skipmixin.py:173} INFO - Following branch Insert_Data
[2023-12-28T16:09:15.090+0000] {skipmixin.py:239} INFO - Skipping tasks []
[2023-12-28T16:09:15.143+0000] {taskinstance.py:1400} INFO - Marking task as SUCCESS. dag_id=air_quality, task_id=CheckTable, execution_date=20231221T040000, start_date=20231228T160914, end_date=20231228T160915
[2023-12-28T16:09:15.197+0000] {local_task_job_runner.py:228} INFO - Task exited with return code 0
[2023-12-28T16:09:15.249+0000] {taskinstance.py:2778} INFO - 1 downstream tasks scheduled from follow-on schedule check
[2023-12-28T16:52:19.440+0000] {logging_mixin.py:154} INFO - Changing /opt/***/logs/dag_id=air_quality/run_id=scheduled__2023-12-21T04:00:00+00:00/task_id=CheckTable permission to 509
[2023-12-28T16:52:19.446+0000] {logging_mixin.py:154} INFO - Failed to change /opt/***/logs/dag_id=air_quality/run_id=scheduled__2023-12-21T04:00:00+00:00/task_id=CheckTable permission to 509: [Errno 1] Operation not permitted: '/opt/***/logs/dag_id=air_quality/run_id=scheduled__2023-12-21T04:00:00+00:00/task_id=CheckTable'
[2023-12-28T16:52:19.565+0000] {logging_mixin.py:154} INFO - Changing /opt/***/logs/dag_id=air_quality/run_id=scheduled__2023-12-21T04:00:00+00:00/task_id=CheckTable permission to 509
[2023-12-28T16:52:19.569+0000] {logging_mixin.py:154} INFO - Failed to change /opt/***/logs/dag_id=air_quality/run_id=scheduled__2023-12-21T04:00:00+00:00/task_id=CheckTable permission to 509: [Errno 1] Operation not permitted: '/opt/***/logs/dag_id=air_quality/run_id=scheduled__2023-12-21T04:00:00+00:00/task_id=CheckTable'
[2023-12-28T16:52:19.665+0000] {taskinstance.py:1159} INFO - Dependencies all met for dep_context=non-requeueable deps ti=<TaskInstance: air_quality.CheckTable scheduled__2023-12-21T04:00:00+00:00 [queued]>
[2023-12-28T16:52:19.702+0000] {taskinstance.py:1159} INFO - Dependencies all met for dep_context=requeueable deps ti=<TaskInstance: air_quality.CheckTable scheduled__2023-12-21T04:00:00+00:00 [queued]>
[2023-12-28T16:52:19.704+0000] {taskinstance.py:1361} INFO - Starting attempt 1 of 2
[2023-12-28T16:52:19.749+0000] {taskinstance.py:1382} INFO - Executing <Task(BranchPythonOperator): CheckTable> on 2023-12-21 04:00:00+00:00
[2023-12-28T16:52:19.758+0000] {standard_task_runner.py:57} INFO - Started process 476 to run task
[2023-12-28T16:52:19.767+0000] {standard_task_runner.py:84} INFO - Running: ['***', 'tasks', 'run', 'air_quality', 'CheckTable', 'scheduled__2023-12-21T04:00:00+00:00', '--job-id', '936', '--raw', '--subdir', 'DAGS_FOLDER/airQuality.py', '--cfg-path', '/tmp/tmpodjqd890']
[2023-12-28T16:52:19.769+0000] {standard_task_runner.py:85} INFO - Job 936: Subtask CheckTable
[2023-12-28T16:52:19.889+0000] {logging_mixin.py:154} INFO - Changing /opt/***/logs/dag_id=air_quality/run_id=scheduled__2023-12-21T04:00:00+00:00/task_id=CheckTable permission to 509
[2023-12-28T16:52:19.891+0000] {logging_mixin.py:154} INFO - Failed to change /opt/***/logs/dag_id=air_quality/run_id=scheduled__2023-12-21T04:00:00+00:00/task_id=CheckTable permission to 509: [Errno 1] Operation not permitted: '/opt/***/logs/dag_id=air_quality/run_id=scheduled__2023-12-21T04:00:00+00:00/task_id=CheckTable'
[2023-12-28T16:52:19.896+0000] {task_command.py:416} INFO - Running <TaskInstance: air_quality.CheckTable scheduled__2023-12-21T04:00:00+00:00 [running]> on host d67dd4682ccf
[2023-12-28T16:52:20.189+0000] {taskinstance.py:1662} INFO - Exporting env vars: AIRFLOW_CTX_DAG_OWNER='ghifari' AIRFLOW_CTX_DAG_ID='air_quality' AIRFLOW_CTX_TASK_ID='CheckTable' AIRFLOW_CTX_EXECUTION_DATE='2023-12-21T04:00:00+00:00' AIRFLOW_CTX_TRY_NUMBER='1' AIRFLOW_CTX_DAG_RUN_ID='scheduled__2023-12-21T04:00:00+00:00'
[2023-12-28T16:52:20.277+0000] {airQuality.py:183} INFO - Table Created: 
        CREATE TABLE air_quality (
            id serial primary key, 
            city varchar(250),
            country varchar(250), 
            unit varchar(20), 
            last_value float8, 
            lat float8,
            lng float8
        )
    
[2023-12-28T16:52:20.281+0000] {python.py:194} INFO - Done. Returned value was: Insert_Data
[2023-12-28T16:52:20.283+0000] {python.py:227} INFO - Branch callable return Insert_Data
[2023-12-28T16:52:20.293+0000] {skipmixin.py:173} INFO - Following branch Insert_Data
[2023-12-28T16:52:20.335+0000] {skipmixin.py:239} INFO - Skipping tasks []
[2023-12-28T16:52:20.495+0000] {taskinstance.py:1400} INFO - Marking task as SUCCESS. dag_id=air_quality, task_id=CheckTable, execution_date=20231221T040000, start_date=20231228T165219, end_date=20231228T165220
[2023-12-28T16:52:20.550+0000] {local_task_job_runner.py:228} INFO - Task exited with return code 0
[2023-12-28T16:52:20.751+0000] {taskinstance.py:2778} INFO - 0 downstream tasks scheduled from follow-on schedule check
[2023-12-28T16:52:52.588+0000] {logging_mixin.py:154} INFO - Changing /opt/***/logs/dag_id=air_quality/run_id=scheduled__2023-12-21T04:00:00+00:00/task_id=CheckTable permission to 509
[2023-12-28T16:52:52.591+0000] {logging_mixin.py:154} INFO - Failed to change /opt/***/logs/dag_id=air_quality/run_id=scheduled__2023-12-21T04:00:00+00:00/task_id=CheckTable permission to 509: [Errno 1] Operation not permitted: '/opt/***/logs/dag_id=air_quality/run_id=scheduled__2023-12-21T04:00:00+00:00/task_id=CheckTable'
[2023-12-28T16:52:52.641+0000] {logging_mixin.py:154} INFO - Changing /opt/***/logs/dag_id=air_quality/run_id=scheduled__2023-12-21T04:00:00+00:00/task_id=CheckTable permission to 509
[2023-12-28T16:52:52.642+0000] {logging_mixin.py:154} INFO - Failed to change /opt/***/logs/dag_id=air_quality/run_id=scheduled__2023-12-21T04:00:00+00:00/task_id=CheckTable permission to 509: [Errno 1] Operation not permitted: '/opt/***/logs/dag_id=air_quality/run_id=scheduled__2023-12-21T04:00:00+00:00/task_id=CheckTable'
[2023-12-28T16:52:52.749+0000] {taskinstance.py:1159} INFO - Dependencies all met for dep_context=non-requeueable deps ti=<TaskInstance: air_quality.CheckTable scheduled__2023-12-21T04:00:00+00:00 [queued]>
[2023-12-28T16:52:52.802+0000] {taskinstance.py:1159} INFO - Dependencies all met for dep_context=requeueable deps ti=<TaskInstance: air_quality.CheckTable scheduled__2023-12-21T04:00:00+00:00 [queued]>
[2023-12-28T16:52:52.806+0000] {taskinstance.py:1361} INFO - Starting attempt 1 of 2
[2023-12-28T16:52:52.866+0000] {taskinstance.py:1382} INFO - Executing <Task(BranchPythonOperator): CheckTable> on 2023-12-21 04:00:00+00:00
[2023-12-28T16:52:52.874+0000] {standard_task_runner.py:57} INFO - Started process 687 to run task
[2023-12-28T16:52:52.884+0000] {standard_task_runner.py:84} INFO - Running: ['***', 'tasks', 'run', 'air_quality', 'CheckTable', 'scheduled__2023-12-21T04:00:00+00:00', '--job-id', '994', '--raw', '--subdir', 'DAGS_FOLDER/airQuality.py', '--cfg-path', '/tmp/tmpi01rf6_3']
[2023-12-28T16:52:52.887+0000] {standard_task_runner.py:85} INFO - Job 994: Subtask CheckTable
[2023-12-28T16:52:53.011+0000] {logging_mixin.py:154} INFO - Changing /opt/***/logs/dag_id=air_quality/run_id=scheduled__2023-12-21T04:00:00+00:00/task_id=CheckTable permission to 509
[2023-12-28T16:52:53.013+0000] {logging_mixin.py:154} INFO - Failed to change /opt/***/logs/dag_id=air_quality/run_id=scheduled__2023-12-21T04:00:00+00:00/task_id=CheckTable permission to 509: [Errno 1] Operation not permitted: '/opt/***/logs/dag_id=air_quality/run_id=scheduled__2023-12-21T04:00:00+00:00/task_id=CheckTable'
[2023-12-28T16:52:53.016+0000] {task_command.py:416} INFO - Running <TaskInstance: air_quality.CheckTable scheduled__2023-12-21T04:00:00+00:00 [running]> on host d67dd4682ccf
[2023-12-28T16:52:53.223+0000] {taskinstance.py:1662} INFO - Exporting env vars: AIRFLOW_CTX_DAG_OWNER='ghifari' AIRFLOW_CTX_DAG_ID='air_quality' AIRFLOW_CTX_TASK_ID='CheckTable' AIRFLOW_CTX_EXECUTION_DATE='2023-12-21T04:00:00+00:00' AIRFLOW_CTX_TRY_NUMBER='1' AIRFLOW_CTX_DAG_RUN_ID='scheduled__2023-12-21T04:00:00+00:00'
[2023-12-28T16:52:53.266+0000] {airQuality.py:183} INFO - Table Created: 
        CREATE TABLE air_quality (
            id serial primary key, 
            city varchar(250),
            country varchar(250), 
            unit varchar(20), 
            last_value float8, 
            lat float8,
            lng float8
        )
    
[2023-12-28T16:52:53.267+0000] {python.py:194} INFO - Done. Returned value was: Insert_Data
[2023-12-28T16:52:53.268+0000] {python.py:227} INFO - Branch callable return Insert_Data
[2023-12-28T16:52:53.270+0000] {skipmixin.py:173} INFO - Following branch Insert_Data
[2023-12-28T16:52:53.308+0000] {skipmixin.py:239} INFO - Skipping tasks []
[2023-12-28T16:52:53.376+0000] {taskinstance.py:1400} INFO - Marking task as SUCCESS. dag_id=air_quality, task_id=CheckTable, execution_date=20231221T040000, start_date=20231228T165252, end_date=20231228T165253
[2023-12-28T16:52:53.419+0000] {local_task_job_runner.py:228} INFO - Task exited with return code 0
[2023-12-28T16:52:53.555+0000] {taskinstance.py:2778} INFO - 1 downstream tasks scheduled from follow-on schedule check
[2023-12-28T16:55:19.760+0000] {logging_mixin.py:154} INFO - Changing /opt/***/logs/dag_id=air_quality/run_id=scheduled__2023-12-21T04:00:00+00:00/task_id=CheckTable permission to 509
[2023-12-28T16:55:19.765+0000] {logging_mixin.py:154} INFO - Failed to change /opt/***/logs/dag_id=air_quality/run_id=scheduled__2023-12-21T04:00:00+00:00/task_id=CheckTable permission to 509: [Errno 1] Operation not permitted: '/opt/***/logs/dag_id=air_quality/run_id=scheduled__2023-12-21T04:00:00+00:00/task_id=CheckTable'
[2023-12-28T16:55:19.930+0000] {logging_mixin.py:154} INFO - Changing /opt/***/logs/dag_id=air_quality/run_id=scheduled__2023-12-21T04:00:00+00:00/task_id=CheckTable permission to 509
[2023-12-28T16:55:19.932+0000] {logging_mixin.py:154} INFO - Failed to change /opt/***/logs/dag_id=air_quality/run_id=scheduled__2023-12-21T04:00:00+00:00/task_id=CheckTable permission to 509: [Errno 1] Operation not permitted: '/opt/***/logs/dag_id=air_quality/run_id=scheduled__2023-12-21T04:00:00+00:00/task_id=CheckTable'
[2023-12-28T16:55:20.177+0000] {taskinstance.py:1159} INFO - Dependencies all met for dep_context=non-requeueable deps ti=<TaskInstance: air_quality.CheckTable scheduled__2023-12-21T04:00:00+00:00 [queued]>
[2023-12-28T16:55:20.223+0000] {taskinstance.py:1159} INFO - Dependencies all met for dep_context=requeueable deps ti=<TaskInstance: air_quality.CheckTable scheduled__2023-12-21T04:00:00+00:00 [queued]>
[2023-12-28T16:55:20.226+0000] {taskinstance.py:1361} INFO - Starting attempt 1 of 2
[2023-12-28T16:55:20.386+0000] {taskinstance.py:1382} INFO - Executing <Task(BranchPythonOperator): CheckTable> on 2023-12-21 04:00:00+00:00
[2023-12-28T16:55:20.398+0000] {standard_task_runner.py:57} INFO - Started process 1400 to run task
[2023-12-28T16:55:20.414+0000] {standard_task_runner.py:84} INFO - Running: ['***', 'tasks', 'run', 'air_quality', 'CheckTable', 'scheduled__2023-12-21T04:00:00+00:00', '--job-id', '1175', '--raw', '--subdir', 'DAGS_FOLDER/airQuality.py', '--cfg-path', '/tmp/tmp9iwdv80s']
[2023-12-28T16:55:20.417+0000] {standard_task_runner.py:85} INFO - Job 1175: Subtask CheckTable
[2023-12-28T16:55:20.724+0000] {logging_mixin.py:154} INFO - Changing /opt/***/logs/dag_id=air_quality/run_id=scheduled__2023-12-21T04:00:00+00:00/task_id=CheckTable permission to 509
[2023-12-28T16:55:20.732+0000] {logging_mixin.py:154} INFO - Failed to change /opt/***/logs/dag_id=air_quality/run_id=scheduled__2023-12-21T04:00:00+00:00/task_id=CheckTable permission to 509: [Errno 1] Operation not permitted: '/opt/***/logs/dag_id=air_quality/run_id=scheduled__2023-12-21T04:00:00+00:00/task_id=CheckTable'
[2023-12-28T16:55:20.753+0000] {task_command.py:416} INFO - Running <TaskInstance: air_quality.CheckTable scheduled__2023-12-21T04:00:00+00:00 [running]> on host d67dd4682ccf
[2023-12-28T16:55:21.263+0000] {taskinstance.py:1662} INFO - Exporting env vars: AIRFLOW_CTX_DAG_OWNER='ghifari' AIRFLOW_CTX_DAG_ID='air_quality' AIRFLOW_CTX_TASK_ID='CheckTable' AIRFLOW_CTX_EXECUTION_DATE='2023-12-21T04:00:00+00:00' AIRFLOW_CTX_TRY_NUMBER='1' AIRFLOW_CTX_DAG_RUN_ID='scheduled__2023-12-21T04:00:00+00:00'
[2023-12-28T16:55:21.384+0000] {airQuality.py:183} INFO - Table Created: 
        CREATE TABLE air_quality (
            id serial primary key, 
            city varchar(250),
            country varchar(250), 
            unit varchar(20), 
            last_value float8, 
            lat float8,
            lng float8
        )
    
[2023-12-28T16:55:21.388+0000] {python.py:194} INFO - Done. Returned value was: Insert_Data
[2023-12-28T16:55:21.391+0000] {python.py:227} INFO - Branch callable return Insert_Data
[2023-12-28T16:55:21.393+0000] {skipmixin.py:173} INFO - Following branch Insert_Data
[2023-12-28T16:55:21.422+0000] {skipmixin.py:239} INFO - Skipping tasks []
[2023-12-28T16:55:21.569+0000] {taskinstance.py:1400} INFO - Marking task as SUCCESS. dag_id=air_quality, task_id=CheckTable, execution_date=20231221T040000, start_date=20231228T165520, end_date=20231228T165521
[2023-12-28T16:55:21.698+0000] {local_task_job_runner.py:228} INFO - Task exited with return code 0
[2023-12-28T16:55:21.948+0000] {taskinstance.py:2778} INFO - 1 downstream tasks scheduled from follow-on schedule check
