[2023-12-17T12:13:00.018+0000] {logging_mixin.py:154} INFO - Changing /opt/***/logs/dag_id=air_quality/run_id=manual__2023-12-17T12:12:49.185416+00:00/task_id=Create_Table permission to 509
[2023-12-17T12:13:00.020+0000] {logging_mixin.py:154} INFO - Failed to change /opt/***/logs/dag_id=air_quality/run_id=manual__2023-12-17T12:12:49.185416+00:00/task_id=Create_Table permission to 509: [Errno 1] Operation not permitted: '/opt/***/logs/dag_id=air_quality/run_id=manual__2023-12-17T12:12:49.185416+00:00/task_id=Create_Table'
[2023-12-17T12:13:00.094+0000] {logging_mixin.py:154} INFO - Changing /opt/***/logs/dag_id=air_quality/run_id=manual__2023-12-17T12:12:49.185416+00:00/task_id=Create_Table permission to 509
[2023-12-17T12:13:00.096+0000] {logging_mixin.py:154} INFO - Failed to change /opt/***/logs/dag_id=air_quality/run_id=manual__2023-12-17T12:12:49.185416+00:00/task_id=Create_Table permission to 509: [Errno 1] Operation not permitted: '/opt/***/logs/dag_id=air_quality/run_id=manual__2023-12-17T12:12:49.185416+00:00/task_id=Create_Table'
[2023-12-17T12:13:00.248+0000] {taskinstance.py:1159} INFO - Dependencies all met for dep_context=non-requeueable deps ti=<TaskInstance: air_quality.Create_Table manual__2023-12-17T12:12:49.185416+00:00 [queued]>
[2023-12-17T12:13:00.291+0000] {taskinstance.py:1159} INFO - Dependencies all met for dep_context=requeueable deps ti=<TaskInstance: air_quality.Create_Table manual__2023-12-17T12:12:49.185416+00:00 [queued]>
[2023-12-17T12:13:00.293+0000] {taskinstance.py:1361} INFO - Starting attempt 1 of 2
[2023-12-17T12:13:00.378+0000] {taskinstance.py:1382} INFO - Executing <Task(PythonOperator): Create_Table> on 2023-12-17 12:12:49.185416+00:00
[2023-12-17T12:13:00.392+0000] {standard_task_runner.py:57} INFO - Started process 3566 to run task
[2023-12-17T12:13:00.405+0000] {standard_task_runner.py:84} INFO - Running: ['***', 'tasks', 'run', 'air_quality', 'Create_Table', 'manual__2023-12-17T12:12:49.185416+00:00', '--job-id', '486', '--raw', '--subdir', 'DAGS_FOLDER/airQuality.py', '--cfg-path', '/tmp/tmpkji0p5oc']
[2023-12-17T12:13:00.410+0000] {standard_task_runner.py:85} INFO - Job 486: Subtask Create_Table
[2023-12-17T12:13:00.585+0000] {logging_mixin.py:154} INFO - Changing /opt/***/logs/dag_id=air_quality/run_id=manual__2023-12-17T12:12:49.185416+00:00/task_id=Create_Table permission to 509
[2023-12-17T12:13:00.586+0000] {logging_mixin.py:154} INFO - Failed to change /opt/***/logs/dag_id=air_quality/run_id=manual__2023-12-17T12:12:49.185416+00:00/task_id=Create_Table permission to 509: [Errno 1] Operation not permitted: '/opt/***/logs/dag_id=air_quality/run_id=manual__2023-12-17T12:12:49.185416+00:00/task_id=Create_Table'
[2023-12-17T12:13:00.595+0000] {task_command.py:416} INFO - Running <TaskInstance: air_quality.Create_Table manual__2023-12-17T12:12:49.185416+00:00 [running]> on host 1a58977f5573
[2023-12-17T12:13:00.932+0000] {taskinstance.py:1662} INFO - Exporting env vars: AIRFLOW_CTX_DAG_OWNER='ghifari' AIRFLOW_CTX_DAG_ID='air_quality' AIRFLOW_CTX_TASK_ID='Create_Table' AIRFLOW_CTX_EXECUTION_DATE='2023-12-17T12:12:49.185416+00:00' AIRFLOW_CTX_TRY_NUMBER='1' AIRFLOW_CTX_DAG_RUN_ID='manual__2023-12-17T12:12:49.185416+00:00'
[2023-12-17T12:13:00.968+0000] {base.py:73} INFO - Using connection ID 'neonServerDB-Postgres' for task execution.
[2023-12-17T12:13:06.091+0000] {airQuality.py:161} INFO - Table air_quality Already Exist
[2023-12-17T12:13:06.148+0000] {python.py:194} INFO - Done. Returned value was: 
        CREATE TABLE air_quality (
            id serial primary key, 
            city varchar(250),
            country varchar(250), 
            unit varchar(20), 
            last_value float8, 
            lat float8,
            lng float8
        )
    
[2023-12-17T12:13:06.219+0000] {taskinstance.py:1400} INFO - Marking task as SUCCESS. dag_id=air_quality, task_id=Create_Table, execution_date=20231217T121249, start_date=20231217T121300, end_date=20231217T121306
[2023-12-17T12:13:06.310+0000] {local_task_job_runner.py:228} INFO - Task exited with return code 0
[2023-12-17T12:13:06.407+0000] {taskinstance.py:2778} INFO - 1 downstream tasks scheduled from follow-on schedule check
