[2023-12-28T16:09:11.606+0000] {logging_mixin.py:154} INFO - Changing /opt/***/logs/dag_id=air_quality/run_id=scheduled__2023-12-27T04:00:00+00:00/task_id=Create_Table permission to 509
[2023-12-28T16:09:11.607+0000] {logging_mixin.py:154} INFO - Failed to change /opt/***/logs/dag_id=air_quality/run_id=scheduled__2023-12-27T04:00:00+00:00/task_id=Create_Table permission to 509: [Errno 1] Operation not permitted: '/opt/***/logs/dag_id=air_quality/run_id=scheduled__2023-12-27T04:00:00+00:00/task_id=Create_Table'
[2023-12-28T16:09:11.651+0000] {logging_mixin.py:154} INFO - Changing /opt/***/logs/dag_id=air_quality/run_id=scheduled__2023-12-27T04:00:00+00:00/task_id=Create_Table permission to 509
[2023-12-28T16:09:11.652+0000] {logging_mixin.py:154} INFO - Failed to change /opt/***/logs/dag_id=air_quality/run_id=scheduled__2023-12-27T04:00:00+00:00/task_id=Create_Table permission to 509: [Errno 1] Operation not permitted: '/opt/***/logs/dag_id=air_quality/run_id=scheduled__2023-12-27T04:00:00+00:00/task_id=Create_Table'
[2023-12-28T16:09:11.698+0000] {taskinstance.py:1159} INFO - Dependencies all met for dep_context=non-requeueable deps ti=<TaskInstance: air_quality.Create_Table scheduled__2023-12-27T04:00:00+00:00 [queued]>
[2023-12-28T16:09:11.716+0000] {taskinstance.py:1159} INFO - Dependencies all met for dep_context=requeueable deps ti=<TaskInstance: air_quality.Create_Table scheduled__2023-12-27T04:00:00+00:00 [queued]>
[2023-12-28T16:09:11.716+0000] {taskinstance.py:1361} INFO - Starting attempt 1 of 2
[2023-12-28T16:09:11.741+0000] {taskinstance.py:1382} INFO - Executing <Task(PythonOperator): Create_Table> on 2023-12-27 04:00:00+00:00
[2023-12-28T16:09:11.748+0000] {standard_task_runner.py:57} INFO - Started process 571 to run task
[2023-12-28T16:09:11.753+0000] {standard_task_runner.py:84} INFO - Running: ['***', 'tasks', 'run', 'air_quality', 'Create_Table', 'scheduled__2023-12-27T04:00:00+00:00', '--job-id', '775', '--raw', '--subdir', 'DAGS_FOLDER/airQuality.py', '--cfg-path', '/tmp/tmpxw_p1ref']
[2023-12-28T16:09:11.755+0000] {standard_task_runner.py:85} INFO - Job 775: Subtask Create_Table
[2023-12-28T16:09:11.838+0000] {logging_mixin.py:154} INFO - Changing /opt/***/logs/dag_id=air_quality/run_id=scheduled__2023-12-27T04:00:00+00:00/task_id=Create_Table permission to 509
[2023-12-28T16:09:11.841+0000] {logging_mixin.py:154} INFO - Failed to change /opt/***/logs/dag_id=air_quality/run_id=scheduled__2023-12-27T04:00:00+00:00/task_id=Create_Table permission to 509: [Errno 1] Operation not permitted: '/opt/***/logs/dag_id=air_quality/run_id=scheduled__2023-12-27T04:00:00+00:00/task_id=Create_Table'
[2023-12-28T16:09:11.844+0000] {task_command.py:416} INFO - Running <TaskInstance: air_quality.Create_Table scheduled__2023-12-27T04:00:00+00:00 [running]> on host d67dd4682ccf
[2023-12-28T16:09:11.978+0000] {taskinstance.py:1662} INFO - Exporting env vars: AIRFLOW_CTX_DAG_OWNER='ghifari' AIRFLOW_CTX_DAG_ID='air_quality' AIRFLOW_CTX_TASK_ID='Create_Table' AIRFLOW_CTX_EXECUTION_DATE='2023-12-27T04:00:00+00:00' AIRFLOW_CTX_TRY_NUMBER='1' AIRFLOW_CTX_DAG_RUN_ID='scheduled__2023-12-27T04:00:00+00:00'
[2023-12-28T16:09:11.992+0000] {base.py:73} INFO - Using connection ID 'neonServerDB-Postgres' for task execution.
[2023-12-28T16:09:16.286+0000] {airQuality.py:139} INFO - Table air_quality Already Exist
[2023-12-28T16:09:16.356+0000] {python.py:194} INFO - Done. Returned value was: 
        CREATE TABLE air_quality (
            id serial primary key, 
            city varchar(250),
            country varchar(250), 
            unit varchar(20), 
            last_value float8, 
            lat float8,
            lng float8
        )
    
[2023-12-28T16:09:16.420+0000] {taskinstance.py:1400} INFO - Marking task as SUCCESS. dag_id=air_quality, task_id=Create_Table, execution_date=20231227T040000, start_date=20231228T160911, end_date=20231228T160916
[2023-12-28T16:09:16.480+0000] {local_task_job_runner.py:228} INFO - Task exited with return code 0
[2023-12-28T16:09:16.565+0000] {taskinstance.py:2778} INFO - 1 downstream tasks scheduled from follow-on schedule check
[2023-12-28T16:52:48.732+0000] {logging_mixin.py:154} INFO - Changing /opt/***/logs/dag_id=air_quality/run_id=scheduled__2023-12-27T04:00:00+00:00/task_id=Create_Table permission to 509
[2023-12-28T16:52:48.735+0000] {logging_mixin.py:154} INFO - Failed to change /opt/***/logs/dag_id=air_quality/run_id=scheduled__2023-12-27T04:00:00+00:00/task_id=Create_Table permission to 509: [Errno 1] Operation not permitted: '/opt/***/logs/dag_id=air_quality/run_id=scheduled__2023-12-27T04:00:00+00:00/task_id=Create_Table'
[2023-12-28T16:52:48.803+0000] {logging_mixin.py:154} INFO - Changing /opt/***/logs/dag_id=air_quality/run_id=scheduled__2023-12-27T04:00:00+00:00/task_id=Create_Table permission to 509
[2023-12-28T16:52:48.804+0000] {logging_mixin.py:154} INFO - Failed to change /opt/***/logs/dag_id=air_quality/run_id=scheduled__2023-12-27T04:00:00+00:00/task_id=Create_Table permission to 509: [Errno 1] Operation not permitted: '/opt/***/logs/dag_id=air_quality/run_id=scheduled__2023-12-27T04:00:00+00:00/task_id=Create_Table'
[2023-12-28T16:52:48.865+0000] {taskinstance.py:1159} INFO - Dependencies all met for dep_context=non-requeueable deps ti=<TaskInstance: air_quality.Create_Table scheduled__2023-12-27T04:00:00+00:00 [queued]>
[2023-12-28T16:52:48.882+0000] {taskinstance.py:1159} INFO - Dependencies all met for dep_context=requeueable deps ti=<TaskInstance: air_quality.Create_Table scheduled__2023-12-27T04:00:00+00:00 [queued]>
[2023-12-28T16:52:48.883+0000] {taskinstance.py:1361} INFO - Starting attempt 1 of 2
[2023-12-28T16:52:48.907+0000] {taskinstance.py:1382} INFO - Executing <Task(PythonOperator): Create_Table> on 2023-12-27 04:00:00+00:00
[2023-12-28T16:52:48.913+0000] {standard_task_runner.py:57} INFO - Started process 674 to run task
[2023-12-28T16:52:48.919+0000] {standard_task_runner.py:84} INFO - Running: ['***', 'tasks', 'run', 'air_quality', 'Create_Table', 'scheduled__2023-12-27T04:00:00+00:00', '--job-id', '987', '--raw', '--subdir', 'DAGS_FOLDER/airQuality.py', '--cfg-path', '/tmp/tmp83pkpwaq']
[2023-12-28T16:52:48.921+0000] {standard_task_runner.py:85} INFO - Job 987: Subtask Create_Table
[2023-12-28T16:52:48.998+0000] {logging_mixin.py:154} INFO - Changing /opt/***/logs/dag_id=air_quality/run_id=scheduled__2023-12-27T04:00:00+00:00/task_id=Create_Table permission to 509
[2023-12-28T16:52:48.999+0000] {logging_mixin.py:154} INFO - Failed to change /opt/***/logs/dag_id=air_quality/run_id=scheduled__2023-12-27T04:00:00+00:00/task_id=Create_Table permission to 509: [Errno 1] Operation not permitted: '/opt/***/logs/dag_id=air_quality/run_id=scheduled__2023-12-27T04:00:00+00:00/task_id=Create_Table'
[2023-12-28T16:52:49.002+0000] {task_command.py:416} INFO - Running <TaskInstance: air_quality.Create_Table scheduled__2023-12-27T04:00:00+00:00 [running]> on host d67dd4682ccf
[2023-12-28T16:52:49.121+0000] {taskinstance.py:1662} INFO - Exporting env vars: AIRFLOW_CTX_DAG_OWNER='ghifari' AIRFLOW_CTX_DAG_ID='air_quality' AIRFLOW_CTX_TASK_ID='Create_Table' AIRFLOW_CTX_EXECUTION_DATE='2023-12-27T04:00:00+00:00' AIRFLOW_CTX_TRY_NUMBER='1' AIRFLOW_CTX_DAG_RUN_ID='scheduled__2023-12-27T04:00:00+00:00'
[2023-12-28T16:52:49.135+0000] {base.py:73} INFO - Using connection ID 'neonServerDB-Postgres' for task execution.
[2023-12-28T16:52:53.360+0000] {airQuality.py:139} INFO - Table air_quality Already Exist
[2023-12-28T16:52:53.388+0000] {python.py:194} INFO - Done. Returned value was: 
        CREATE TABLE air_quality (
            id serial primary key, 
            city varchar(250),
            country varchar(250), 
            unit varchar(20), 
            last_value float8, 
            lat float8,
            lng float8
        )
    
[2023-12-28T16:52:53.431+0000] {taskinstance.py:1400} INFO - Marking task as SUCCESS. dag_id=air_quality, task_id=Create_Table, execution_date=20231227T040000, start_date=20231228T165248, end_date=20231228T165253
[2023-12-28T16:52:53.538+0000] {local_task_job_runner.py:228} INFO - Task exited with return code 0
[2023-12-28T16:52:53.646+0000] {taskinstance.py:2778} INFO - 1 downstream tasks scheduled from follow-on schedule check
[2023-12-28T16:55:42.080+0000] {logging_mixin.py:154} INFO - Changing /opt/***/logs/dag_id=air_quality/run_id=scheduled__2023-12-27T04:00:00+00:00/task_id=Create_Table permission to 509
[2023-12-28T16:55:42.083+0000] {logging_mixin.py:154} INFO - Failed to change /opt/***/logs/dag_id=air_quality/run_id=scheduled__2023-12-27T04:00:00+00:00/task_id=Create_Table permission to 509: [Errno 1] Operation not permitted: '/opt/***/logs/dag_id=air_quality/run_id=scheduled__2023-12-27T04:00:00+00:00/task_id=Create_Table'
[2023-12-28T16:55:42.144+0000] {logging_mixin.py:154} INFO - Changing /opt/***/logs/dag_id=air_quality/run_id=scheduled__2023-12-27T04:00:00+00:00/task_id=Create_Table permission to 509
[2023-12-28T16:55:42.146+0000] {logging_mixin.py:154} INFO - Failed to change /opt/***/logs/dag_id=air_quality/run_id=scheduled__2023-12-27T04:00:00+00:00/task_id=Create_Table permission to 509: [Errno 1] Operation not permitted: '/opt/***/logs/dag_id=air_quality/run_id=scheduled__2023-12-27T04:00:00+00:00/task_id=Create_Table'
[2023-12-28T16:55:42.205+0000] {taskinstance.py:1159} INFO - Dependencies all met for dep_context=non-requeueable deps ti=<TaskInstance: air_quality.Create_Table scheduled__2023-12-27T04:00:00+00:00 [queued]>
[2023-12-28T16:55:42.224+0000] {taskinstance.py:1159} INFO - Dependencies all met for dep_context=requeueable deps ti=<TaskInstance: air_quality.Create_Table scheduled__2023-12-27T04:00:00+00:00 [queued]>
[2023-12-28T16:55:42.225+0000] {taskinstance.py:1361} INFO - Starting attempt 1 of 2
[2023-12-28T16:55:42.251+0000] {taskinstance.py:1382} INFO - Executing <Task(PythonOperator): Create_Table> on 2023-12-27 04:00:00+00:00
[2023-12-28T16:55:42.258+0000] {standard_task_runner.py:57} INFO - Started process 1618 to run task
[2023-12-28T16:55:42.268+0000] {standard_task_runner.py:84} INFO - Running: ['***', 'tasks', 'run', 'air_quality', 'Create_Table', 'scheduled__2023-12-27T04:00:00+00:00', '--job-id', '1204', '--raw', '--subdir', 'DAGS_FOLDER/airQuality.py', '--cfg-path', '/tmp/tmpagqsb57u']
[2023-12-28T16:55:42.270+0000] {standard_task_runner.py:85} INFO - Job 1204: Subtask Create_Table
[2023-12-28T16:55:42.354+0000] {logging_mixin.py:154} INFO - Changing /opt/***/logs/dag_id=air_quality/run_id=scheduled__2023-12-27T04:00:00+00:00/task_id=Create_Table permission to 509
[2023-12-28T16:55:42.356+0000] {logging_mixin.py:154} INFO - Failed to change /opt/***/logs/dag_id=air_quality/run_id=scheduled__2023-12-27T04:00:00+00:00/task_id=Create_Table permission to 509: [Errno 1] Operation not permitted: '/opt/***/logs/dag_id=air_quality/run_id=scheduled__2023-12-27T04:00:00+00:00/task_id=Create_Table'
[2023-12-28T16:55:42.359+0000] {task_command.py:416} INFO - Running <TaskInstance: air_quality.Create_Table scheduled__2023-12-27T04:00:00+00:00 [running]> on host d67dd4682ccf
[2023-12-28T16:55:42.523+0000] {taskinstance.py:1662} INFO - Exporting env vars: AIRFLOW_CTX_DAG_OWNER='ghifari' AIRFLOW_CTX_DAG_ID='air_quality' AIRFLOW_CTX_TASK_ID='Create_Table' AIRFLOW_CTX_EXECUTION_DATE='2023-12-27T04:00:00+00:00' AIRFLOW_CTX_TRY_NUMBER='1' AIRFLOW_CTX_DAG_RUN_ID='scheduled__2023-12-27T04:00:00+00:00'
[2023-12-28T16:55:42.542+0000] {base.py:73} INFO - Using connection ID 'neonServerDB-Postgres' for task execution.
[2023-12-28T16:55:46.733+0000] {airQuality.py:139} INFO - Table air_quality Already Exist
[2023-12-28T16:55:46.750+0000] {python.py:194} INFO - Done. Returned value was: 
        CREATE TABLE air_quality (
            id serial primary key, 
            city varchar(250),
            country varchar(250), 
            unit varchar(20), 
            last_value float8, 
            lat float8,
            lng float8
        )
    
[2023-12-28T16:55:46.779+0000] {taskinstance.py:1400} INFO - Marking task as SUCCESS. dag_id=air_quality, task_id=Create_Table, execution_date=20231227T040000, start_date=20231228T165542, end_date=20231228T165546
[2023-12-28T16:55:46.909+0000] {local_task_job_runner.py:228} INFO - Task exited with return code 0
[2023-12-28T16:55:46.948+0000] {taskinstance.py:2778} INFO - 1 downstream tasks scheduled from follow-on schedule check
