[2023-12-17T11:06:09.373+0000] {logging_mixin.py:154} INFO - Changing /opt/***/logs/dag_id=air_quality/run_id=manual__2023-12-17T11:05:58.310384+00:00/task_id=CheckTable permission to 509
[2023-12-17T11:06:09.375+0000] {logging_mixin.py:154} INFO - Failed to change /opt/***/logs/dag_id=air_quality/run_id=manual__2023-12-17T11:05:58.310384+00:00/task_id=CheckTable permission to 509: [Errno 1] Operation not permitted: '/opt/***/logs/dag_id=air_quality/run_id=manual__2023-12-17T11:05:58.310384+00:00/task_id=CheckTable'
[2023-12-17T11:06:09.420+0000] {logging_mixin.py:154} INFO - Changing /opt/***/logs/dag_id=air_quality/run_id=manual__2023-12-17T11:05:58.310384+00:00/task_id=CheckTable permission to 509
[2023-12-17T11:06:09.421+0000] {logging_mixin.py:154} INFO - Failed to change /opt/***/logs/dag_id=air_quality/run_id=manual__2023-12-17T11:05:58.310384+00:00/task_id=CheckTable permission to 509: [Errno 1] Operation not permitted: '/opt/***/logs/dag_id=air_quality/run_id=manual__2023-12-17T11:05:58.310384+00:00/task_id=CheckTable'
[2023-12-17T11:06:09.480+0000] {taskinstance.py:1159} INFO - Dependencies all met for dep_context=non-requeueable deps ti=<TaskInstance: air_quality.CheckTable manual__2023-12-17T11:05:58.310384+00:00 [queued]>
[2023-12-17T11:06:09.501+0000] {taskinstance.py:1159} INFO - Dependencies all met for dep_context=requeueable deps ti=<TaskInstance: air_quality.CheckTable manual__2023-12-17T11:05:58.310384+00:00 [queued]>
[2023-12-17T11:06:09.502+0000] {taskinstance.py:1361} INFO - Starting attempt 1 of 2
[2023-12-17T11:06:09.532+0000] {taskinstance.py:1382} INFO - Executing <Task(BranchPythonOperator): CheckTable> on 2023-12-17 11:05:58.310384+00:00
[2023-12-17T11:06:09.539+0000] {standard_task_runner.py:57} INFO - Started process 1754 to run task
[2023-12-17T11:06:09.547+0000] {standard_task_runner.py:84} INFO - Running: ['***', 'tasks', 'run', 'air_quality', 'CheckTable', 'manual__2023-12-17T11:05:58.310384+00:00', '--job-id', '280', '--raw', '--subdir', 'DAGS_FOLDER/airQuality.py', '--cfg-path', '/tmp/tmpj8w9uyuh']
[2023-12-17T11:06:09.549+0000] {standard_task_runner.py:85} INFO - Job 280: Subtask CheckTable
[2023-12-17T11:06:09.640+0000] {logging_mixin.py:154} INFO - Changing /opt/***/logs/dag_id=air_quality/run_id=manual__2023-12-17T11:05:58.310384+00:00/task_id=CheckTable permission to 509
[2023-12-17T11:06:09.641+0000] {logging_mixin.py:154} INFO - Failed to change /opt/***/logs/dag_id=air_quality/run_id=manual__2023-12-17T11:05:58.310384+00:00/task_id=CheckTable permission to 509: [Errno 1] Operation not permitted: '/opt/***/logs/dag_id=air_quality/run_id=manual__2023-12-17T11:05:58.310384+00:00/task_id=CheckTable'
[2023-12-17T11:06:09.644+0000] {task_command.py:416} INFO - Running <TaskInstance: air_quality.CheckTable manual__2023-12-17T11:05:58.310384+00:00 [running]> on host 1a58977f5573
[2023-12-17T11:06:09.737+0000] {taskinstance.py:1662} INFO - Exporting env vars: AIRFLOW_CTX_DAG_OWNER='ghifari' AIRFLOW_CTX_DAG_ID='air_quality' AIRFLOW_CTX_TASK_ID='CheckTable' AIRFLOW_CTX_EXECUTION_DATE='2023-12-17T11:05:58.310384+00:00' AIRFLOW_CTX_TRY_NUMBER='1' AIRFLOW_CTX_DAG_RUN_ID='manual__2023-12-17T11:05:58.310384+00:00'
[2023-12-17T11:06:09.750+0000] {airQuality.py:204} INFO - Table Created: 
        CREATE TABLE air_quality (
            id serial primary key, 
            city varchar(250),
            country varchar(250), 
            unit varchar(20), 
            last_value float8, 
            lat float8,
            lng float8
        )
    
[2023-12-17T11:06:09.751+0000] {python.py:194} INFO - Done. Returned value was: Insert_Data
[2023-12-17T11:06:09.752+0000] {python.py:227} INFO - Branch callable return Insert_Data
[2023-12-17T11:06:09.752+0000] {skipmixin.py:173} INFO - Following branch Insert_Data
[2023-12-17T11:06:09.762+0000] {skipmixin.py:239} INFO - Skipping tasks []
[2023-12-17T11:06:09.806+0000] {taskinstance.py:1400} INFO - Marking task as SUCCESS. dag_id=air_quality, task_id=CheckTable, execution_date=20231217T110558, start_date=20231217T110609, end_date=20231217T110609
[2023-12-17T11:06:09.840+0000] {local_task_job_runner.py:228} INFO - Task exited with return code 0
[2023-12-17T11:06:09.875+0000] {taskinstance.py:2778} INFO - 1 downstream tasks scheduled from follow-on schedule check
