[2023-12-28T16:52:19.934+0000] {logging_mixin.py:154} INFO - Changing /opt/***/logs/dag_id=air_quality/run_id=scheduled__2023-12-18T04:00:00+00:00/task_id=Insert_Data permission to 509
[2023-12-28T16:52:19.936+0000] {logging_mixin.py:154} INFO - Failed to change /opt/***/logs/dag_id=air_quality/run_id=scheduled__2023-12-18T04:00:00+00:00/task_id=Insert_Data permission to 509: [Errno 1] Operation not permitted: '/opt/***/logs/dag_id=air_quality/run_id=scheduled__2023-12-18T04:00:00+00:00/task_id=Insert_Data'
[2023-12-28T16:52:20.032+0000] {logging_mixin.py:154} INFO - Changing /opt/***/logs/dag_id=air_quality/run_id=scheduled__2023-12-18T04:00:00+00:00/task_id=Insert_Data permission to 509
[2023-12-28T16:52:20.034+0000] {logging_mixin.py:154} INFO - Failed to change /opt/***/logs/dag_id=air_quality/run_id=scheduled__2023-12-18T04:00:00+00:00/task_id=Insert_Data permission to 509: [Errno 1] Operation not permitted: '/opt/***/logs/dag_id=air_quality/run_id=scheduled__2023-12-18T04:00:00+00:00/task_id=Insert_Data'
[2023-12-28T16:52:20.148+0000] {taskinstance.py:1149} INFO - Dependencies not met for <TaskInstance: air_quality.Insert_Data scheduled__2023-12-18T04:00:00+00:00 [None]>, dependency 'Trigger Rule' FAILED: Task's trigger rule 'all_success' requires all upstream tasks to have succeeded, but found 1 non-success(es). upstream_states=_UpstreamTIStates(success=0, skipped=0, failed=0, upstream_failed=0, removed=0, done=0, success_setup=0, skipped_setup=0), upstream_task_ids={'CheckTable'}
[2023-12-28T16:52:20.151+0000] {local_task_job_runner.py:154} INFO - Task is not able to be run
[2023-12-28T16:55:22.621+0000] {logging_mixin.py:154} INFO - Changing /opt/***/logs/dag_id=air_quality/run_id=scheduled__2023-12-18T04:00:00+00:00/task_id=Insert_Data permission to 509
[2023-12-28T16:55:22.624+0000] {logging_mixin.py:154} INFO - Failed to change /opt/***/logs/dag_id=air_quality/run_id=scheduled__2023-12-18T04:00:00+00:00/task_id=Insert_Data permission to 509: [Errno 1] Operation not permitted: '/opt/***/logs/dag_id=air_quality/run_id=scheduled__2023-12-18T04:00:00+00:00/task_id=Insert_Data'
[2023-12-28T16:55:22.802+0000] {logging_mixin.py:154} INFO - Changing /opt/***/logs/dag_id=air_quality/run_id=scheduled__2023-12-18T04:00:00+00:00/task_id=Insert_Data permission to 509
[2023-12-28T16:55:22.835+0000] {logging_mixin.py:154} INFO - Failed to change /opt/***/logs/dag_id=air_quality/run_id=scheduled__2023-12-18T04:00:00+00:00/task_id=Insert_Data permission to 509: [Errno 1] Operation not permitted: '/opt/***/logs/dag_id=air_quality/run_id=scheduled__2023-12-18T04:00:00+00:00/task_id=Insert_Data'
[2023-12-28T16:55:23.019+0000] {taskinstance.py:1159} INFO - Dependencies all met for dep_context=non-requeueable deps ti=<TaskInstance: air_quality.Insert_Data scheduled__2023-12-18T04:00:00+00:00 [queued]>
[2023-12-28T16:55:23.061+0000] {taskinstance.py:1159} INFO - Dependencies all met for dep_context=requeueable deps ti=<TaskInstance: air_quality.Insert_Data scheduled__2023-12-18T04:00:00+00:00 [queued]>
[2023-12-28T16:55:23.062+0000] {taskinstance.py:1361} INFO - Starting attempt 1 of 2
[2023-12-28T16:55:23.163+0000] {taskinstance.py:1382} INFO - Executing <Task(PythonOperator): Insert_Data> on 2023-12-18 04:00:00+00:00
[2023-12-28T16:55:23.190+0000] {standard_task_runner.py:57} INFO - Started process 1446 to run task
[2023-12-28T16:55:23.218+0000] {standard_task_runner.py:84} INFO - Running: ['***', 'tasks', 'run', 'air_quality', 'Insert_Data', 'scheduled__2023-12-18T04:00:00+00:00', '--job-id', '1178', '--raw', '--subdir', 'DAGS_FOLDER/airQuality.py', '--cfg-path', '/tmp/tmpv3291cb4']
[2023-12-28T16:55:23.221+0000] {standard_task_runner.py:85} INFO - Job 1178: Subtask Insert_Data
[2023-12-28T16:55:23.545+0000] {logging_mixin.py:154} INFO - Changing /opt/***/logs/dag_id=air_quality/run_id=scheduled__2023-12-18T04:00:00+00:00/task_id=Insert_Data permission to 509
[2023-12-28T16:55:23.546+0000] {logging_mixin.py:154} INFO - Failed to change /opt/***/logs/dag_id=air_quality/run_id=scheduled__2023-12-18T04:00:00+00:00/task_id=Insert_Data permission to 509: [Errno 1] Operation not permitted: '/opt/***/logs/dag_id=air_quality/run_id=scheduled__2023-12-18T04:00:00+00:00/task_id=Insert_Data'
[2023-12-28T16:55:23.550+0000] {task_command.py:416} INFO - Running <TaskInstance: air_quality.Insert_Data scheduled__2023-12-18T04:00:00+00:00 [running]> on host d67dd4682ccf
[2023-12-28T16:55:23.915+0000] {taskinstance.py:1662} INFO - Exporting env vars: AIRFLOW_CTX_DAG_OWNER='ghifari' AIRFLOW_CTX_DAG_ID='air_quality' AIRFLOW_CTX_TASK_ID='Insert_Data' AIRFLOW_CTX_EXECUTION_DATE='2023-12-18T04:00:00+00:00' AIRFLOW_CTX_TRY_NUMBER='1' AIRFLOW_CTX_DAG_RUN_ID='scheduled__2023-12-18T04:00:00+00:00'
[2023-12-28T16:55:25.135+0000] {logging_mixin.py:154} INFO - city           object
country        object
unit           object
last_value    float64
lat           float64
lng           float64
dtype: object
[2023-12-28T16:55:25.161+0000] {base.py:73} INFO - Using connection ID 'neonServerDB-Postgres' for task execution.
[2023-12-28T16:55:25.411+0000] {python.py:194} INFO - Done. Returned value was: None
[2023-12-28T16:55:25.456+0000] {taskinstance.py:1400} INFO - Marking task as SUCCESS. dag_id=air_quality, task_id=Insert_Data, execution_date=20231218T040000, start_date=20231228T165523, end_date=20231228T165525
[2023-12-28T16:55:25.647+0000] {local_task_job_runner.py:228} INFO - Task exited with return code 0
[2023-12-28T16:55:25.681+0000] {taskinstance.py:2778} INFO - 0 downstream tasks scheduled from follow-on schedule check
