[2023-12-17T11:19:06.551+0000] {logging_mixin.py:154} INFO - Changing /opt/***/logs/dag_id=air_quality/run_id=scheduled__2023-12-11T04:00:00+00:00/task_id=Transform permission to 509
[2023-12-17T11:19:06.555+0000] {logging_mixin.py:154} INFO - Failed to change /opt/***/logs/dag_id=air_quality/run_id=scheduled__2023-12-11T04:00:00+00:00/task_id=Transform permission to 509: [Errno 1] Operation not permitted: '/opt/***/logs/dag_id=air_quality/run_id=scheduled__2023-12-11T04:00:00+00:00/task_id=Transform'
[2023-12-17T11:19:06.642+0000] {logging_mixin.py:154} INFO - Changing /opt/***/logs/dag_id=air_quality/run_id=scheduled__2023-12-11T04:00:00+00:00/task_id=Transform permission to 509
[2023-12-17T11:19:06.644+0000] {logging_mixin.py:154} INFO - Failed to change /opt/***/logs/dag_id=air_quality/run_id=scheduled__2023-12-11T04:00:00+00:00/task_id=Transform permission to 509: [Errno 1] Operation not permitted: '/opt/***/logs/dag_id=air_quality/run_id=scheduled__2023-12-11T04:00:00+00:00/task_id=Transform'
[2023-12-17T11:19:06.743+0000] {taskinstance.py:1159} INFO - Dependencies all met for dep_context=non-requeueable deps ti=<TaskInstance: air_quality.Transform scheduled__2023-12-11T04:00:00+00:00 [queued]>
[2023-12-17T11:19:06.772+0000] {taskinstance.py:1159} INFO - Dependencies all met for dep_context=requeueable deps ti=<TaskInstance: air_quality.Transform scheduled__2023-12-11T04:00:00+00:00 [queued]>
[2023-12-17T11:19:06.773+0000] {taskinstance.py:1361} INFO - Starting attempt 1 of 2
[2023-12-17T11:19:06.813+0000] {taskinstance.py:1382} INFO - Executing <Task(PythonOperator): Transform> on 2023-12-11 04:00:00+00:00
[2023-12-17T11:19:06.827+0000] {standard_task_runner.py:57} INFO - Started process 2420 to run task
[2023-12-17T11:19:06.834+0000] {standard_task_runner.py:84} INFO - Running: ['***', 'tasks', 'run', 'air_quality', 'Transform', 'scheduled__2023-12-11T04:00:00+00:00', '--job-id', '397', '--raw', '--subdir', 'DAGS_FOLDER/airQuality.py', '--cfg-path', '/tmp/tmpvd0phpsl']
[2023-12-17T11:19:06.836+0000] {standard_task_runner.py:85} INFO - Job 397: Subtask Transform
[2023-12-17T11:19:06.977+0000] {logging_mixin.py:154} INFO - Changing /opt/***/logs/dag_id=air_quality/run_id=scheduled__2023-12-11T04:00:00+00:00/task_id=Transform permission to 509
[2023-12-17T11:19:06.979+0000] {logging_mixin.py:154} INFO - Failed to change /opt/***/logs/dag_id=air_quality/run_id=scheduled__2023-12-11T04:00:00+00:00/task_id=Transform permission to 509: [Errno 1] Operation not permitted: '/opt/***/logs/dag_id=air_quality/run_id=scheduled__2023-12-11T04:00:00+00:00/task_id=Transform'
[2023-12-17T11:19:06.990+0000] {task_command.py:416} INFO - Running <TaskInstance: air_quality.Transform scheduled__2023-12-11T04:00:00+00:00 [running]> on host 1a58977f5573
[2023-12-17T11:19:07.184+0000] {taskinstance.py:1662} INFO - Exporting env vars: AIRFLOW_CTX_DAG_OWNER='ghifari' AIRFLOW_CTX_DAG_ID='air_quality' AIRFLOW_CTX_TASK_ID='Transform' AIRFLOW_CTX_EXECUTION_DATE='2023-12-11T04:00:00+00:00' AIRFLOW_CTX_TRY_NUMBER='1' AIRFLOW_CTX_DAG_RUN_ID='scheduled__2023-12-11T04:00:00+00:00'
[2023-12-17T11:19:08.313+0000] {python.py:194} INFO - Done. Returned value was:       city country unit  last_value       lat         lng
0  Jakarta      ID   o3      -0.999 -6.182536  106.834236
[2023-12-17T11:19:08.438+0000] {taskinstance.py:1400} INFO - Marking task as SUCCESS. dag_id=air_quality, task_id=Transform, execution_date=20231211T040000, start_date=20231217T111906, end_date=20231217T111908
[2023-12-17T11:19:08.584+0000] {local_task_job_runner.py:228} INFO - Task exited with return code 0
[2023-12-17T11:19:08.669+0000] {taskinstance.py:2778} INFO - 1 downstream tasks scheduled from follow-on schedule check
[2023-12-17T12:18:15.815+0000] {logging_mixin.py:154} INFO - Changing /opt/***/logs/dag_id=air_quality/run_id=scheduled__2023-12-11T04:00:00+00:00/task_id=Transform permission to 509
[2023-12-17T12:18:15.818+0000] {logging_mixin.py:154} INFO - Failed to change /opt/***/logs/dag_id=air_quality/run_id=scheduled__2023-12-11T04:00:00+00:00/task_id=Transform permission to 509: [Errno 1] Operation not permitted: '/opt/***/logs/dag_id=air_quality/run_id=scheduled__2023-12-11T04:00:00+00:00/task_id=Transform'
[2023-12-17T12:18:15.975+0000] {logging_mixin.py:154} INFO - Changing /opt/***/logs/dag_id=air_quality/run_id=scheduled__2023-12-11T04:00:00+00:00/task_id=Transform permission to 509
[2023-12-17T12:18:15.976+0000] {logging_mixin.py:154} INFO - Failed to change /opt/***/logs/dag_id=air_quality/run_id=scheduled__2023-12-11T04:00:00+00:00/task_id=Transform permission to 509: [Errno 1] Operation not permitted: '/opt/***/logs/dag_id=air_quality/run_id=scheduled__2023-12-11T04:00:00+00:00/task_id=Transform'
[2023-12-17T12:18:16.084+0000] {taskinstance.py:1159} INFO - Dependencies all met for dep_context=non-requeueable deps ti=<TaskInstance: air_quality.Transform scheduled__2023-12-11T04:00:00+00:00 [queued]>
[2023-12-17T12:18:16.117+0000] {taskinstance.py:1159} INFO - Dependencies all met for dep_context=requeueable deps ti=<TaskInstance: air_quality.Transform scheduled__2023-12-11T04:00:00+00:00 [queued]>
[2023-12-17T12:18:16.119+0000] {taskinstance.py:1361} INFO - Starting attempt 1 of 2
[2023-12-17T12:18:16.163+0000] {taskinstance.py:1382} INFO - Executing <Task(PythonOperator): Transform> on 2023-12-11 04:00:00+00:00
[2023-12-17T12:18:16.173+0000] {standard_task_runner.py:57} INFO - Started process 4123 to run task
[2023-12-17T12:18:16.205+0000] {standard_task_runner.py:84} INFO - Running: ['***', 'tasks', 'run', 'air_quality', 'Transform', 'scheduled__2023-12-11T04:00:00+00:00', '--job-id', '611', '--raw', '--subdir', 'DAGS_FOLDER/airQuality.py', '--cfg-path', '/tmp/tmpu46yy689']
[2023-12-17T12:18:16.210+0000] {standard_task_runner.py:85} INFO - Job 611: Subtask Transform
[2023-12-17T12:18:16.386+0000] {logging_mixin.py:154} INFO - Changing /opt/***/logs/dag_id=air_quality/run_id=scheduled__2023-12-11T04:00:00+00:00/task_id=Transform permission to 509
[2023-12-17T12:18:16.387+0000] {logging_mixin.py:154} INFO - Failed to change /opt/***/logs/dag_id=air_quality/run_id=scheduled__2023-12-11T04:00:00+00:00/task_id=Transform permission to 509: [Errno 1] Operation not permitted: '/opt/***/logs/dag_id=air_quality/run_id=scheduled__2023-12-11T04:00:00+00:00/task_id=Transform'
[2023-12-17T12:18:16.395+0000] {task_command.py:416} INFO - Running <TaskInstance: air_quality.Transform scheduled__2023-12-11T04:00:00+00:00 [running]> on host 1a58977f5573
[2023-12-17T12:18:16.744+0000] {taskinstance.py:1662} INFO - Exporting env vars: AIRFLOW_CTX_DAG_OWNER='ghifari' AIRFLOW_CTX_DAG_ID='air_quality' AIRFLOW_CTX_TASK_ID='Transform' AIRFLOW_CTX_EXECUTION_DATE='2023-12-11T04:00:00+00:00' AIRFLOW_CTX_TRY_NUMBER='1' AIRFLOW_CTX_DAG_RUN_ID='scheduled__2023-12-11T04:00:00+00:00'
[2023-12-17T12:18:18.047+0000] {python.py:194} INFO - Done. Returned value was:       city country  unit  last_value       lat         lng
0  Jakarta      ID  pm25      -999.0 -6.182536  106.834236
[2023-12-17T12:18:18.129+0000] {taskinstance.py:1400} INFO - Marking task as SUCCESS. dag_id=air_quality, task_id=Transform, execution_date=20231211T040000, start_date=20231217T121816, end_date=20231217T121818
[2023-12-17T12:18:18.197+0000] {local_task_job_runner.py:228} INFO - Task exited with return code 0
[2023-12-17T12:18:18.268+0000] {taskinstance.py:2778} INFO - 1 downstream tasks scheduled from follow-on schedule check
[2023-12-17T12:18:50.234+0000] {logging_mixin.py:154} INFO - Changing /opt/***/logs/dag_id=air_quality/run_id=scheduled__2023-12-11T04:00:00+00:00/task_id=Transform permission to 509
[2023-12-17T12:18:50.236+0000] {logging_mixin.py:154} INFO - Failed to change /opt/***/logs/dag_id=air_quality/run_id=scheduled__2023-12-11T04:00:00+00:00/task_id=Transform permission to 509: [Errno 1] Operation not permitted: '/opt/***/logs/dag_id=air_quality/run_id=scheduled__2023-12-11T04:00:00+00:00/task_id=Transform'
[2023-12-17T12:18:50.305+0000] {logging_mixin.py:154} INFO - Changing /opt/***/logs/dag_id=air_quality/run_id=scheduled__2023-12-11T04:00:00+00:00/task_id=Transform permission to 509
[2023-12-17T12:18:50.308+0000] {logging_mixin.py:154} INFO - Failed to change /opt/***/logs/dag_id=air_quality/run_id=scheduled__2023-12-11T04:00:00+00:00/task_id=Transform permission to 509: [Errno 1] Operation not permitted: '/opt/***/logs/dag_id=air_quality/run_id=scheduled__2023-12-11T04:00:00+00:00/task_id=Transform'
[2023-12-17T12:18:50.384+0000] {taskinstance.py:1159} INFO - Dependencies all met for dep_context=non-requeueable deps ti=<TaskInstance: air_quality.Transform scheduled__2023-12-11T04:00:00+00:00 [queued]>
[2023-12-17T12:18:50.406+0000] {taskinstance.py:1159} INFO - Dependencies all met for dep_context=requeueable deps ti=<TaskInstance: air_quality.Transform scheduled__2023-12-11T04:00:00+00:00 [queued]>
[2023-12-17T12:18:50.407+0000] {taskinstance.py:1361} INFO - Starting attempt 1 of 2
[2023-12-17T12:18:50.434+0000] {taskinstance.py:1382} INFO - Executing <Task(PythonOperator): Transform> on 2023-12-11 04:00:00+00:00
[2023-12-17T12:18:50.442+0000] {standard_task_runner.py:57} INFO - Started process 4455 to run task
[2023-12-17T12:18:50.447+0000] {standard_task_runner.py:84} INFO - Running: ['***', 'tasks', 'run', 'air_quality', 'Transform', 'scheduled__2023-12-11T04:00:00+00:00', '--job-id', '679', '--raw', '--subdir', 'DAGS_FOLDER/airQuality.py', '--cfg-path', '/tmp/tmpadgsecrb']
[2023-12-17T12:18:50.449+0000] {standard_task_runner.py:85} INFO - Job 679: Subtask Transform
[2023-12-17T12:18:50.543+0000] {logging_mixin.py:154} INFO - Changing /opt/***/logs/dag_id=air_quality/run_id=scheduled__2023-12-11T04:00:00+00:00/task_id=Transform permission to 509
[2023-12-17T12:18:50.544+0000] {logging_mixin.py:154} INFO - Failed to change /opt/***/logs/dag_id=air_quality/run_id=scheduled__2023-12-11T04:00:00+00:00/task_id=Transform permission to 509: [Errno 1] Operation not permitted: '/opt/***/logs/dag_id=air_quality/run_id=scheduled__2023-12-11T04:00:00+00:00/task_id=Transform'
[2023-12-17T12:18:50.546+0000] {task_command.py:416} INFO - Running <TaskInstance: air_quality.Transform scheduled__2023-12-11T04:00:00+00:00 [running]> on host 1a58977f5573
[2023-12-17T12:18:50.696+0000] {taskinstance.py:1662} INFO - Exporting env vars: AIRFLOW_CTX_DAG_OWNER='ghifari' AIRFLOW_CTX_DAG_ID='air_quality' AIRFLOW_CTX_TASK_ID='Transform' AIRFLOW_CTX_EXECUTION_DATE='2023-12-11T04:00:00+00:00' AIRFLOW_CTX_TRY_NUMBER='1' AIRFLOW_CTX_DAG_RUN_ID='scheduled__2023-12-11T04:00:00+00:00'
[2023-12-17T12:18:51.648+0000] {python.py:194} INFO - Done. Returned value was:       city country  unit  last_value       lat         lng
0  Jakarta      ID  pm25      -999.0 -6.182536  106.834236
[2023-12-17T12:18:51.722+0000] {taskinstance.py:1400} INFO - Marking task as SUCCESS. dag_id=air_quality, task_id=Transform, execution_date=20231211T040000, start_date=20231217T121850, end_date=20231217T121851
[2023-12-17T12:18:51.784+0000] {local_task_job_runner.py:228} INFO - Task exited with return code 0
[2023-12-17T12:18:51.842+0000] {taskinstance.py:2778} INFO - 1 downstream tasks scheduled from follow-on schedule check
[2023-12-28T16:51:52.791+0000] {logging_mixin.py:154} INFO - Changing /opt/***/logs/dag_id=air_quality/run_id=scheduled__2023-12-11T04:00:00+00:00/task_id=Transform permission to 509
[2023-12-28T16:51:52.796+0000] {logging_mixin.py:154} INFO - Failed to change /opt/***/logs/dag_id=air_quality/run_id=scheduled__2023-12-11T04:00:00+00:00/task_id=Transform permission to 509: [Errno 1] Operation not permitted: '/opt/***/logs/dag_id=air_quality/run_id=scheduled__2023-12-11T04:00:00+00:00/task_id=Transform'
[2023-12-28T16:51:52.971+0000] {logging_mixin.py:154} INFO - Changing /opt/***/logs/dag_id=air_quality/run_id=scheduled__2023-12-11T04:00:00+00:00/task_id=Transform permission to 509
[2023-12-28T16:51:52.973+0000] {logging_mixin.py:154} INFO - Failed to change /opt/***/logs/dag_id=air_quality/run_id=scheduled__2023-12-11T04:00:00+00:00/task_id=Transform permission to 509: [Errno 1] Operation not permitted: '/opt/***/logs/dag_id=air_quality/run_id=scheduled__2023-12-11T04:00:00+00:00/task_id=Transform'
[2023-12-28T16:51:53.137+0000] {taskinstance.py:1149} INFO - Dependencies not met for <TaskInstance: air_quality.Transform scheduled__2023-12-11T04:00:00+00:00 [skipped]>, dependency 'Task Instance State' FAILED: Task is in the 'skipped' state.
[2023-12-28T16:51:53.145+0000] {local_task_job_runner.py:154} INFO - Task is not able to be run
[2023-12-28T16:54:51.341+0000] {logging_mixin.py:154} INFO - Changing /opt/***/logs/dag_id=air_quality/run_id=scheduled__2023-12-11T04:00:00+00:00/task_id=Transform permission to 509
[2023-12-28T16:54:51.359+0000] {logging_mixin.py:154} INFO - Failed to change /opt/***/logs/dag_id=air_quality/run_id=scheduled__2023-12-11T04:00:00+00:00/task_id=Transform permission to 509: [Errno 1] Operation not permitted: '/opt/***/logs/dag_id=air_quality/run_id=scheduled__2023-12-11T04:00:00+00:00/task_id=Transform'
[2023-12-28T16:54:51.545+0000] {logging_mixin.py:154} INFO - Changing /opt/***/logs/dag_id=air_quality/run_id=scheduled__2023-12-11T04:00:00+00:00/task_id=Transform permission to 509
[2023-12-28T16:54:51.547+0000] {logging_mixin.py:154} INFO - Failed to change /opt/***/logs/dag_id=air_quality/run_id=scheduled__2023-12-11T04:00:00+00:00/task_id=Transform permission to 509: [Errno 1] Operation not permitted: '/opt/***/logs/dag_id=air_quality/run_id=scheduled__2023-12-11T04:00:00+00:00/task_id=Transform'
[2023-12-28T16:54:51.712+0000] {taskinstance.py:1159} INFO - Dependencies all met for dep_context=non-requeueable deps ti=<TaskInstance: air_quality.Transform scheduled__2023-12-11T04:00:00+00:00 [queued]>
[2023-12-28T16:54:51.744+0000] {taskinstance.py:1159} INFO - Dependencies all met for dep_context=requeueable deps ti=<TaskInstance: air_quality.Transform scheduled__2023-12-11T04:00:00+00:00 [queued]>
[2023-12-28T16:54:51.746+0000] {taskinstance.py:1361} INFO - Starting attempt 1 of 2
[2023-12-28T16:54:51.825+0000] {taskinstance.py:1382} INFO - Executing <Task(PythonOperator): Transform> on 2023-12-11 04:00:00+00:00
[2023-12-28T16:54:51.834+0000] {standard_task_runner.py:57} INFO - Started process 1219 to run task
[2023-12-28T16:54:51.858+0000] {standard_task_runner.py:84} INFO - Running: ['***', 'tasks', 'run', 'air_quality', 'Transform', 'scheduled__2023-12-11T04:00:00+00:00', '--job-id', '1114', '--raw', '--subdir', 'DAGS_FOLDER/airQuality.py', '--cfg-path', '/tmp/tmpljnzh13d']
[2023-12-28T16:54:51.867+0000] {standard_task_runner.py:85} INFO - Job 1114: Subtask Transform
[2023-12-28T16:54:52.108+0000] {logging_mixin.py:154} INFO - Changing /opt/***/logs/dag_id=air_quality/run_id=scheduled__2023-12-11T04:00:00+00:00/task_id=Transform permission to 509
[2023-12-28T16:54:52.110+0000] {logging_mixin.py:154} INFO - Failed to change /opt/***/logs/dag_id=air_quality/run_id=scheduled__2023-12-11T04:00:00+00:00/task_id=Transform permission to 509: [Errno 1] Operation not permitted: '/opt/***/logs/dag_id=air_quality/run_id=scheduled__2023-12-11T04:00:00+00:00/task_id=Transform'
[2023-12-28T16:54:52.137+0000] {task_command.py:416} INFO - Running <TaskInstance: air_quality.Transform scheduled__2023-12-11T04:00:00+00:00 [running]> on host d67dd4682ccf
[2023-12-28T16:54:52.534+0000] {taskinstance.py:1662} INFO - Exporting env vars: AIRFLOW_CTX_DAG_OWNER='ghifari' AIRFLOW_CTX_DAG_ID='air_quality' AIRFLOW_CTX_TASK_ID='Transform' AIRFLOW_CTX_EXECUTION_DATE='2023-12-11T04:00:00+00:00' AIRFLOW_CTX_TRY_NUMBER='1' AIRFLOW_CTX_DAG_RUN_ID='scheduled__2023-12-11T04:00:00+00:00'
[2023-12-28T16:54:55.753+0000] {python.py:194} INFO - Done. Returned value was:       city country unit  last_value       lat         lng
0  Jakarta      ID   o3      -0.999 -6.182536  106.834236
[2023-12-28T16:54:55.943+0000] {taskinstance.py:1400} INFO - Marking task as SUCCESS. dag_id=air_quality, task_id=Transform, execution_date=20231211T040000, start_date=20231228T165451, end_date=20231228T165455
[2023-12-28T16:54:57.371+0000] {local_task_job_runner.py:228} INFO - Task exited with return code 0
[2023-12-28T16:54:57.669+0000] {taskinstance.py:2778} INFO - 1 downstream tasks scheduled from follow-on schedule check
