[2023-12-17T11:18:22.066+0000] {logging_mixin.py:154} INFO - Changing /opt/***/logs/dag_id=air_quality/run_id=scheduled__2023-11-26T04:00:00+00:00/task_id=Check_Response permission to 509
[2023-12-17T11:18:22.069+0000] {logging_mixin.py:154} INFO - Failed to change /opt/***/logs/dag_id=air_quality/run_id=scheduled__2023-11-26T04:00:00+00:00/task_id=Check_Response permission to 509: [Errno 1] Operation not permitted: '/opt/***/logs/dag_id=air_quality/run_id=scheduled__2023-11-26T04:00:00+00:00/task_id=Check_Response'
[2023-12-17T11:18:22.132+0000] {logging_mixin.py:154} INFO - Changing /opt/***/logs/dag_id=air_quality/run_id=scheduled__2023-11-26T04:00:00+00:00/task_id=Check_Response permission to 509
[2023-12-17T11:18:22.133+0000] {logging_mixin.py:154} INFO - Failed to change /opt/***/logs/dag_id=air_quality/run_id=scheduled__2023-11-26T04:00:00+00:00/task_id=Check_Response permission to 509: [Errno 1] Operation not permitted: '/opt/***/logs/dag_id=air_quality/run_id=scheduled__2023-11-26T04:00:00+00:00/task_id=Check_Response'
[2023-12-17T11:18:22.232+0000] {taskinstance.py:1159} INFO - Dependencies all met for dep_context=non-requeueable deps ti=<TaskInstance: air_quality.Check_Response scheduled__2023-11-26T04:00:00+00:00 [queued]>
[2023-12-17T11:18:22.260+0000] {taskinstance.py:1159} INFO - Dependencies all met for dep_context=requeueable deps ti=<TaskInstance: air_quality.Check_Response scheduled__2023-11-26T04:00:00+00:00 [queued]>
[2023-12-17T11:18:22.266+0000] {taskinstance.py:1361} INFO - Starting attempt 1 of 2
[2023-12-17T11:18:22.344+0000] {taskinstance.py:1382} INFO - Executing <Task(BranchPythonOperator): Check_Response> on 2023-11-26 04:00:00+00:00
[2023-12-17T11:18:22.362+0000] {standard_task_runner.py:57} INFO - Started process 1985 to run task
[2023-12-17T11:18:22.367+0000] {standard_task_runner.py:84} INFO - Running: ['***', 'tasks', 'run', 'air_quality', 'Check_Response', 'scheduled__2023-11-26T04:00:00+00:00', '--job-id', '294', '--raw', '--subdir', 'DAGS_FOLDER/airQuality.py', '--cfg-path', '/tmp/tmpkkfgwmjw']
[2023-12-17T11:18:22.369+0000] {standard_task_runner.py:85} INFO - Job 294: Subtask Check_Response
[2023-12-17T11:18:22.594+0000] {logging_mixin.py:154} INFO - Changing /opt/***/logs/dag_id=air_quality/run_id=scheduled__2023-11-26T04:00:00+00:00/task_id=Check_Response permission to 509
[2023-12-17T11:18:22.598+0000] {logging_mixin.py:154} INFO - Failed to change /opt/***/logs/dag_id=air_quality/run_id=scheduled__2023-11-26T04:00:00+00:00/task_id=Check_Response permission to 509: [Errno 1] Operation not permitted: '/opt/***/logs/dag_id=air_quality/run_id=scheduled__2023-11-26T04:00:00+00:00/task_id=Check_Response'
[2023-12-17T11:18:22.604+0000] {task_command.py:416} INFO - Running <TaskInstance: air_quality.Check_Response scheduled__2023-11-26T04:00:00+00:00 [running]> on host 1a58977f5573
[2023-12-17T11:18:22.941+0000] {taskinstance.py:1662} INFO - Exporting env vars: AIRFLOW_CTX_DAG_OWNER='ghifari' AIRFLOW_CTX_DAG_ID='air_quality' AIRFLOW_CTX_TASK_ID='Check_Response' AIRFLOW_CTX_EXECUTION_DATE='2023-11-26T04:00:00+00:00' AIRFLOW_CTX_TRY_NUMBER='1' AIRFLOW_CTX_DAG_RUN_ID='scheduled__2023-11-26T04:00:00+00:00'
[2023-12-17T11:18:22.972+0000] {airQuality.py:112} INFO - Data Found: {'city': ['Jakarta'], 'country': ['ID'], 'unit': ['o3'], 'last_value': [-0.999], 'lat': [-6.182536], 'lng': [106.834236]}
[2023-12-17T11:18:22.976+0000] {python.py:194} INFO - Done. Returned value was: Transform
[2023-12-17T11:18:22.977+0000] {python.py:227} INFO - Branch callable return Transform
[2023-12-17T11:18:22.978+0000] {skipmixin.py:173} INFO - Following branch Transform
[2023-12-17T11:18:23.044+0000] {skipmixin.py:239} INFO - Skipping tasks [('Error_Response', -1)]
[2023-12-17T11:18:23.270+0000] {taskinstance.py:1400} INFO - Marking task as SUCCESS. dag_id=air_quality, task_id=Check_Response, execution_date=20231126T040000, start_date=20231217T111822, end_date=20231217T111823
[2023-12-17T11:18:23.371+0000] {local_task_job_runner.py:228} INFO - Task exited with return code 0
[2023-12-17T11:18:24.012+0000] {taskinstance.py:2778} INFO - 0 downstream tasks scheduled from follow-on schedule check
[2023-12-28T16:51:30.239+0000] {logging_mixin.py:154} INFO - Changing /opt/***/logs/dag_id=air_quality/run_id=scheduled__2023-11-26T04:00:00+00:00/task_id=Check_Response permission to 509
[2023-12-28T16:51:30.242+0000] {logging_mixin.py:154} INFO - Failed to change /opt/***/logs/dag_id=air_quality/run_id=scheduled__2023-11-26T04:00:00+00:00/task_id=Check_Response permission to 509: [Errno 1] Operation not permitted: '/opt/***/logs/dag_id=air_quality/run_id=scheduled__2023-11-26T04:00:00+00:00/task_id=Check_Response'
[2023-12-28T16:51:30.315+0000] {logging_mixin.py:154} INFO - Changing /opt/***/logs/dag_id=air_quality/run_id=scheduled__2023-11-26T04:00:00+00:00/task_id=Check_Response permission to 509
[2023-12-28T16:51:30.317+0000] {logging_mixin.py:154} INFO - Failed to change /opt/***/logs/dag_id=air_quality/run_id=scheduled__2023-11-26T04:00:00+00:00/task_id=Check_Response permission to 509: [Errno 1] Operation not permitted: '/opt/***/logs/dag_id=air_quality/run_id=scheduled__2023-11-26T04:00:00+00:00/task_id=Check_Response'
[2023-12-28T16:51:30.385+0000] {taskinstance.py:1159} INFO - Dependencies all met for dep_context=non-requeueable deps ti=<TaskInstance: air_quality.Check_Response scheduled__2023-11-26T04:00:00+00:00 [queued]>
[2023-12-28T16:51:30.408+0000] {taskinstance.py:1159} INFO - Dependencies all met for dep_context=requeueable deps ti=<TaskInstance: air_quality.Check_Response scheduled__2023-11-26T04:00:00+00:00 [queued]>
[2023-12-28T16:51:30.409+0000] {taskinstance.py:1361} INFO - Starting attempt 1 of 2
[2023-12-28T16:51:30.453+0000] {taskinstance.py:1382} INFO - Executing <Task(BranchPythonOperator): Check_Response> on 2023-11-26 04:00:00+00:00
[2023-12-28T16:51:30.460+0000] {standard_task_runner.py:57} INFO - Started process 107 to run task
[2023-12-28T16:51:30.468+0000] {standard_task_runner.py:84} INFO - Running: ['***', 'tasks', 'run', 'air_quality', 'Check_Response', 'scheduled__2023-11-26T04:00:00+00:00', '--job-id', '810', '--raw', '--subdir', 'DAGS_FOLDER/airQuality.py', '--cfg-path', '/tmp/tmp9pworyo6']
[2023-12-28T16:51:30.471+0000] {standard_task_runner.py:85} INFO - Job 810: Subtask Check_Response
[2023-12-28T16:51:30.573+0000] {logging_mixin.py:154} INFO - Changing /opt/***/logs/dag_id=air_quality/run_id=scheduled__2023-11-26T04:00:00+00:00/task_id=Check_Response permission to 509
[2023-12-28T16:51:30.574+0000] {logging_mixin.py:154} INFO - Failed to change /opt/***/logs/dag_id=air_quality/run_id=scheduled__2023-11-26T04:00:00+00:00/task_id=Check_Response permission to 509: [Errno 1] Operation not permitted: '/opt/***/logs/dag_id=air_quality/run_id=scheduled__2023-11-26T04:00:00+00:00/task_id=Check_Response'
[2023-12-28T16:51:30.579+0000] {task_command.py:416} INFO - Running <TaskInstance: air_quality.Check_Response scheduled__2023-11-26T04:00:00+00:00 [running]> on host d67dd4682ccf
[2023-12-28T16:51:30.717+0000] {taskinstance.py:1662} INFO - Exporting env vars: AIRFLOW_CTX_DAG_OWNER='ghifari' AIRFLOW_CTX_DAG_ID='air_quality' AIRFLOW_CTX_TASK_ID='Check_Response' AIRFLOW_CTX_EXECUTION_DATE='2023-11-26T04:00:00+00:00' AIRFLOW_CTX_TRY_NUMBER='1' AIRFLOW_CTX_DAG_RUN_ID='scheduled__2023-11-26T04:00:00+00:00'
[2023-12-28T16:51:30.745+0000] {airQuality.py:90} INFO - Data Found: {'city': ['Jakarta'], 'country': ['ID'], 'unit': ['o3'], 'last_value': [-0.999], 'lat': [-6.182536], 'lng': [106.834236]}
[2023-12-28T16:51:30.748+0000] {python.py:194} INFO - Done. Returned value was: Transform
[2023-12-28T16:51:30.752+0000] {python.py:227} INFO - Branch callable return Transform
[2023-12-28T16:51:30.763+0000] {skipmixin.py:173} INFO - Following branch Transform
[2023-12-28T16:51:30.824+0000] {skipmixin.py:239} INFO - Skipping tasks [('Error_Response', -1)]
[2023-12-28T16:51:30.974+0000] {taskinstance.py:1400} INFO - Marking task as SUCCESS. dag_id=air_quality, task_id=Check_Response, execution_date=20231126T040000, start_date=20231228T165130, end_date=20231228T165130
[2023-12-28T16:51:31.068+0000] {local_task_job_runner.py:228} INFO - Task exited with return code 0
[2023-12-28T16:51:31.252+0000] {taskinstance.py:2778} INFO - 1 downstream tasks scheduled from follow-on schedule check
[2023-12-28T16:54:03.119+0000] {logging_mixin.py:154} INFO - Changing /opt/***/logs/dag_id=air_quality/run_id=scheduled__2023-11-26T04:00:00+00:00/task_id=Check_Response permission to 509
[2023-12-28T16:54:03.124+0000] {logging_mixin.py:154} INFO - Failed to change /opt/***/logs/dag_id=air_quality/run_id=scheduled__2023-11-26T04:00:00+00:00/task_id=Check_Response permission to 509: [Errno 1] Operation not permitted: '/opt/***/logs/dag_id=air_quality/run_id=scheduled__2023-11-26T04:00:00+00:00/task_id=Check_Response'
[2023-12-28T16:54:03.212+0000] {logging_mixin.py:154} INFO - Changing /opt/***/logs/dag_id=air_quality/run_id=scheduled__2023-11-26T04:00:00+00:00/task_id=Check_Response permission to 509
[2023-12-28T16:54:03.213+0000] {logging_mixin.py:154} INFO - Failed to change /opt/***/logs/dag_id=air_quality/run_id=scheduled__2023-11-26T04:00:00+00:00/task_id=Check_Response permission to 509: [Errno 1] Operation not permitted: '/opt/***/logs/dag_id=air_quality/run_id=scheduled__2023-11-26T04:00:00+00:00/task_id=Check_Response'
[2023-12-28T16:54:03.312+0000] {taskinstance.py:1159} INFO - Dependencies all met for dep_context=non-requeueable deps ti=<TaskInstance: air_quality.Check_Response scheduled__2023-11-26T04:00:00+00:00 [queued]>
[2023-12-28T16:54:03.334+0000] {taskinstance.py:1159} INFO - Dependencies all met for dep_context=requeueable deps ti=<TaskInstance: air_quality.Check_Response scheduled__2023-11-26T04:00:00+00:00 [queued]>
[2023-12-28T16:54:03.338+0000] {taskinstance.py:1361} INFO - Starting attempt 1 of 2
[2023-12-28T16:54:03.372+0000] {taskinstance.py:1382} INFO - Executing <Task(BranchPythonOperator): Check_Response> on 2023-11-26 04:00:00+00:00
[2023-12-28T16:54:03.382+0000] {standard_task_runner.py:57} INFO - Started process 799 to run task
[2023-12-28T16:54:03.400+0000] {standard_task_runner.py:84} INFO - Running: ['***', 'tasks', 'run', 'air_quality', 'Check_Response', 'scheduled__2023-11-26T04:00:00+00:00', '--job-id', '1013', '--raw', '--subdir', 'DAGS_FOLDER/airQuality.py', '--cfg-path', '/tmp/tmph8ev9rhi']
[2023-12-28T16:54:03.411+0000] {standard_task_runner.py:85} INFO - Job 1013: Subtask Check_Response
[2023-12-28T16:54:03.542+0000] {logging_mixin.py:154} INFO - Changing /opt/***/logs/dag_id=air_quality/run_id=scheduled__2023-11-26T04:00:00+00:00/task_id=Check_Response permission to 509
[2023-12-28T16:54:03.552+0000] {logging_mixin.py:154} INFO - Failed to change /opt/***/logs/dag_id=air_quality/run_id=scheduled__2023-11-26T04:00:00+00:00/task_id=Check_Response permission to 509: [Errno 1] Operation not permitted: '/opt/***/logs/dag_id=air_quality/run_id=scheduled__2023-11-26T04:00:00+00:00/task_id=Check_Response'
[2023-12-28T16:54:03.572+0000] {task_command.py:416} INFO - Running <TaskInstance: air_quality.Check_Response scheduled__2023-11-26T04:00:00+00:00 [running]> on host d67dd4682ccf
[2023-12-28T16:54:03.770+0000] {taskinstance.py:1662} INFO - Exporting env vars: AIRFLOW_CTX_DAG_OWNER='ghifari' AIRFLOW_CTX_DAG_ID='air_quality' AIRFLOW_CTX_TASK_ID='Check_Response' AIRFLOW_CTX_EXECUTION_DATE='2023-11-26T04:00:00+00:00' AIRFLOW_CTX_TRY_NUMBER='1' AIRFLOW_CTX_DAG_RUN_ID='scheduled__2023-11-26T04:00:00+00:00'
[2023-12-28T16:54:03.802+0000] {airQuality.py:90} INFO - Data Found: {'city': ['Jakarta'], 'country': ['ID'], 'unit': ['o3'], 'last_value': [-0.999], 'lat': [-6.182536], 'lng': [106.834236]}
[2023-12-28T16:54:03.803+0000] {python.py:194} INFO - Done. Returned value was: Transform
[2023-12-28T16:54:03.805+0000] {python.py:227} INFO - Branch callable return Transform
[2023-12-28T16:54:03.809+0000] {skipmixin.py:173} INFO - Following branch Transform
[2023-12-28T16:54:03.898+0000] {skipmixin.py:239} INFO - Skipping tasks [('Error_Response', -1)]
[2023-12-28T16:54:04.097+0000] {taskinstance.py:1400} INFO - Marking task as SUCCESS. dag_id=air_quality, task_id=Check_Response, execution_date=20231126T040000, start_date=20231228T165403, end_date=20231228T165404
[2023-12-28T16:54:04.164+0000] {local_task_job_runner.py:228} INFO - Task exited with return code 0
[2023-12-28T16:54:04.281+0000] {taskinstance.py:2778} INFO - 1 downstream tasks scheduled from follow-on schedule check
