[2023-12-17T11:18:28.662+0000] {logging_mixin.py:154} INFO - Changing /opt/***/logs/dag_id=air_quality/run_id=scheduled__2023-11-28T04:00:00+00:00/task_id=Transform permission to 509
[2023-12-17T11:18:28.683+0000] {logging_mixin.py:154} INFO - Failed to change /opt/***/logs/dag_id=air_quality/run_id=scheduled__2023-11-28T04:00:00+00:00/task_id=Transform permission to 509: [Errno 1] Operation not permitted: '/opt/***/logs/dag_id=air_quality/run_id=scheduled__2023-11-28T04:00:00+00:00/task_id=Transform'
[2023-12-17T11:18:28.861+0000] {logging_mixin.py:154} INFO - Changing /opt/***/logs/dag_id=air_quality/run_id=scheduled__2023-11-28T04:00:00+00:00/task_id=Transform permission to 509
[2023-12-17T11:18:28.864+0000] {logging_mixin.py:154} INFO - Failed to change /opt/***/logs/dag_id=air_quality/run_id=scheduled__2023-11-28T04:00:00+00:00/task_id=Transform permission to 509: [Errno 1] Operation not permitted: '/opt/***/logs/dag_id=air_quality/run_id=scheduled__2023-11-28T04:00:00+00:00/task_id=Transform'
[2023-12-17T11:18:29.188+0000] {taskinstance.py:1159} INFO - Dependencies all met for dep_context=non-requeueable deps ti=<TaskInstance: air_quality.Transform scheduled__2023-11-28T04:00:00+00:00 [queued]>
[2023-12-17T11:18:29.249+0000] {taskinstance.py:1159} INFO - Dependencies all met for dep_context=requeueable deps ti=<TaskInstance: air_quality.Transform scheduled__2023-11-28T04:00:00+00:00 [queued]>
[2023-12-17T11:18:29.251+0000] {taskinstance.py:1361} INFO - Starting attempt 1 of 2
[2023-12-17T11:18:29.398+0000] {taskinstance.py:1382} INFO - Executing <Task(PythonOperator): Transform> on 2023-11-28 04:00:00+00:00
[2023-12-17T11:18:29.410+0000] {standard_task_runner.py:57} INFO - Started process 2028 to run task
[2023-12-17T11:18:29.428+0000] {standard_task_runner.py:84} INFO - Running: ['***', 'tasks', 'run', 'air_quality', 'Transform', 'scheduled__2023-11-28T04:00:00+00:00', '--job-id', '314', '--raw', '--subdir', 'DAGS_FOLDER/airQuality.py', '--cfg-path', '/tmp/tmpf_h0849c']
[2023-12-17T11:18:29.432+0000] {standard_task_runner.py:85} INFO - Job 314: Subtask Transform
[2023-12-17T11:18:29.737+0000] {logging_mixin.py:154} INFO - Changing /opt/***/logs/dag_id=air_quality/run_id=scheduled__2023-11-28T04:00:00+00:00/task_id=Transform permission to 509
[2023-12-17T11:18:29.748+0000] {logging_mixin.py:154} INFO - Failed to change /opt/***/logs/dag_id=air_quality/run_id=scheduled__2023-11-28T04:00:00+00:00/task_id=Transform permission to 509: [Errno 1] Operation not permitted: '/opt/***/logs/dag_id=air_quality/run_id=scheduled__2023-11-28T04:00:00+00:00/task_id=Transform'
[2023-12-17T11:18:29.783+0000] {task_command.py:416} INFO - Running <TaskInstance: air_quality.Transform scheduled__2023-11-28T04:00:00+00:00 [running]> on host 1a58977f5573
[2023-12-17T11:18:30.320+0000] {taskinstance.py:1662} INFO - Exporting env vars: AIRFLOW_CTX_DAG_OWNER='ghifari' AIRFLOW_CTX_DAG_ID='air_quality' AIRFLOW_CTX_TASK_ID='Transform' AIRFLOW_CTX_EXECUTION_DATE='2023-11-28T04:00:00+00:00' AIRFLOW_CTX_TRY_NUMBER='1' AIRFLOW_CTX_DAG_RUN_ID='scheduled__2023-11-28T04:00:00+00:00'
[2023-12-17T11:18:34.688+0000] {python.py:194} INFO - Done. Returned value was:       city country unit  last_value       lat         lng
0  Jakarta      ID   o3      -0.999 -6.182536  106.834236
[2023-12-17T11:18:34.873+0000] {taskinstance.py:1400} INFO - Marking task as SUCCESS. dag_id=air_quality, task_id=Transform, execution_date=20231128T040000, start_date=20231217T111829, end_date=20231217T111834
[2023-12-17T11:18:35.004+0000] {local_task_job_runner.py:228} INFO - Task exited with return code 0
[2023-12-17T11:18:35.167+0000] {taskinstance.py:2778} INFO - 1 downstream tasks scheduled from follow-on schedule check
[2023-12-28T16:51:34.556+0000] {logging_mixin.py:154} INFO - Changing /opt/***/logs/dag_id=air_quality/run_id=scheduled__2023-11-28T04:00:00+00:00/task_id=Transform permission to 509
[2023-12-28T16:51:34.560+0000] {logging_mixin.py:154} INFO - Failed to change /opt/***/logs/dag_id=air_quality/run_id=scheduled__2023-11-28T04:00:00+00:00/task_id=Transform permission to 509: [Errno 1] Operation not permitted: '/opt/***/logs/dag_id=air_quality/run_id=scheduled__2023-11-28T04:00:00+00:00/task_id=Transform'
[2023-12-28T16:51:34.756+0000] {logging_mixin.py:154} INFO - Changing /opt/***/logs/dag_id=air_quality/run_id=scheduled__2023-11-28T04:00:00+00:00/task_id=Transform permission to 509
[2023-12-28T16:51:34.758+0000] {logging_mixin.py:154} INFO - Failed to change /opt/***/logs/dag_id=air_quality/run_id=scheduled__2023-11-28T04:00:00+00:00/task_id=Transform permission to 509: [Errno 1] Operation not permitted: '/opt/***/logs/dag_id=air_quality/run_id=scheduled__2023-11-28T04:00:00+00:00/task_id=Transform'
[2023-12-28T16:51:34.900+0000] {taskinstance.py:1159} INFO - Dependencies all met for dep_context=non-requeueable deps ti=<TaskInstance: air_quality.Transform scheduled__2023-11-28T04:00:00+00:00 [queued]>
[2023-12-28T16:51:34.936+0000] {taskinstance.py:1159} INFO - Dependencies all met for dep_context=requeueable deps ti=<TaskInstance: air_quality.Transform scheduled__2023-11-28T04:00:00+00:00 [queued]>
[2023-12-28T16:51:34.937+0000] {taskinstance.py:1361} INFO - Starting attempt 1 of 2
[2023-12-28T16:51:35.089+0000] {taskinstance.py:1382} INFO - Executing <Task(PythonOperator): Transform> on 2023-11-28 04:00:00+00:00
[2023-12-28T16:51:35.112+0000] {standard_task_runner.py:57} INFO - Started process 143 to run task
[2023-12-28T16:51:35.130+0000] {standard_task_runner.py:84} INFO - Running: ['***', 'tasks', 'run', 'air_quality', 'Transform', 'scheduled__2023-11-28T04:00:00+00:00', '--job-id', '828', '--raw', '--subdir', 'DAGS_FOLDER/airQuality.py', '--cfg-path', '/tmp/tmpf7fk0saq']
[2023-12-28T16:51:35.135+0000] {standard_task_runner.py:85} INFO - Job 828: Subtask Transform
[2023-12-28T16:51:35.396+0000] {logging_mixin.py:154} INFO - Changing /opt/***/logs/dag_id=air_quality/run_id=scheduled__2023-11-28T04:00:00+00:00/task_id=Transform permission to 509
[2023-12-28T16:51:35.398+0000] {logging_mixin.py:154} INFO - Failed to change /opt/***/logs/dag_id=air_quality/run_id=scheduled__2023-11-28T04:00:00+00:00/task_id=Transform permission to 509: [Errno 1] Operation not permitted: '/opt/***/logs/dag_id=air_quality/run_id=scheduled__2023-11-28T04:00:00+00:00/task_id=Transform'
[2023-12-28T16:51:35.411+0000] {task_command.py:416} INFO - Running <TaskInstance: air_quality.Transform scheduled__2023-11-28T04:00:00+00:00 [running]> on host d67dd4682ccf
[2023-12-28T16:51:35.788+0000] {taskinstance.py:1662} INFO - Exporting env vars: AIRFLOW_CTX_DAG_OWNER='ghifari' AIRFLOW_CTX_DAG_ID='air_quality' AIRFLOW_CTX_TASK_ID='Transform' AIRFLOW_CTX_EXECUTION_DATE='2023-11-28T04:00:00+00:00' AIRFLOW_CTX_TRY_NUMBER='1' AIRFLOW_CTX_DAG_RUN_ID='scheduled__2023-11-28T04:00:00+00:00'
[2023-12-28T16:51:37.676+0000] {python.py:194} INFO - Done. Returned value was:       city country unit  last_value       lat         lng
0  Jakarta      ID   o3      -0.999 -6.182536  106.834236
[2023-12-28T16:51:37.925+0000] {taskinstance.py:1400} INFO - Marking task as SUCCESS. dag_id=air_quality, task_id=Transform, execution_date=20231128T040000, start_date=20231228T165134, end_date=20231228T165137
[2023-12-28T16:51:38.081+0000] {local_task_job_runner.py:228} INFO - Task exited with return code 0
[2023-12-28T16:51:38.326+0000] {taskinstance.py:2778} INFO - 1 downstream tasks scheduled from follow-on schedule check
[2023-12-28T16:54:08.058+0000] {logging_mixin.py:154} INFO - Changing /opt/***/logs/dag_id=air_quality/run_id=scheduled__2023-11-28T04:00:00+00:00/task_id=Transform permission to 509
[2023-12-28T16:54:08.062+0000] {logging_mixin.py:154} INFO - Failed to change /opt/***/logs/dag_id=air_quality/run_id=scheduled__2023-11-28T04:00:00+00:00/task_id=Transform permission to 509: [Errno 1] Operation not permitted: '/opt/***/logs/dag_id=air_quality/run_id=scheduled__2023-11-28T04:00:00+00:00/task_id=Transform'
[2023-12-28T16:54:08.208+0000] {logging_mixin.py:154} INFO - Changing /opt/***/logs/dag_id=air_quality/run_id=scheduled__2023-11-28T04:00:00+00:00/task_id=Transform permission to 509
[2023-12-28T16:54:08.211+0000] {logging_mixin.py:154} INFO - Failed to change /opt/***/logs/dag_id=air_quality/run_id=scheduled__2023-11-28T04:00:00+00:00/task_id=Transform permission to 509: [Errno 1] Operation not permitted: '/opt/***/logs/dag_id=air_quality/run_id=scheduled__2023-11-28T04:00:00+00:00/task_id=Transform'
[2023-12-28T16:54:08.390+0000] {taskinstance.py:1159} INFO - Dependencies all met for dep_context=non-requeueable deps ti=<TaskInstance: air_quality.Transform scheduled__2023-11-28T04:00:00+00:00 [queued]>
[2023-12-28T16:54:08.458+0000] {taskinstance.py:1159} INFO - Dependencies all met for dep_context=requeueable deps ti=<TaskInstance: air_quality.Transform scheduled__2023-11-28T04:00:00+00:00 [queued]>
[2023-12-28T16:54:08.461+0000] {taskinstance.py:1361} INFO - Starting attempt 1 of 2
[2023-12-28T16:54:08.546+0000] {taskinstance.py:1382} INFO - Executing <Task(PythonOperator): Transform> on 2023-11-28 04:00:00+00:00
[2023-12-28T16:54:08.560+0000] {standard_task_runner.py:57} INFO - Started process 832 to run task
[2023-12-28T16:54:08.596+0000] {standard_task_runner.py:84} INFO - Running: ['***', 'tasks', 'run', 'air_quality', 'Transform', 'scheduled__2023-11-28T04:00:00+00:00', '--job-id', '1028', '--raw', '--subdir', 'DAGS_FOLDER/airQuality.py', '--cfg-path', '/tmp/tmpceg8rt4n']
[2023-12-28T16:54:08.607+0000] {standard_task_runner.py:85} INFO - Job 1028: Subtask Transform
[2023-12-28T16:54:08.862+0000] {logging_mixin.py:154} INFO - Changing /opt/***/logs/dag_id=air_quality/run_id=scheduled__2023-11-28T04:00:00+00:00/task_id=Transform permission to 509
[2023-12-28T16:54:08.870+0000] {logging_mixin.py:154} INFO - Failed to change /opt/***/logs/dag_id=air_quality/run_id=scheduled__2023-11-28T04:00:00+00:00/task_id=Transform permission to 509: [Errno 1] Operation not permitted: '/opt/***/logs/dag_id=air_quality/run_id=scheduled__2023-11-28T04:00:00+00:00/task_id=Transform'
[2023-12-28T16:54:08.898+0000] {task_command.py:416} INFO - Running <TaskInstance: air_quality.Transform scheduled__2023-11-28T04:00:00+00:00 [running]> on host d67dd4682ccf
[2023-12-28T16:54:09.548+0000] {taskinstance.py:1662} INFO - Exporting env vars: AIRFLOW_CTX_DAG_OWNER='ghifari' AIRFLOW_CTX_DAG_ID='air_quality' AIRFLOW_CTX_TASK_ID='Transform' AIRFLOW_CTX_EXECUTION_DATE='2023-11-28T04:00:00+00:00' AIRFLOW_CTX_TRY_NUMBER='1' AIRFLOW_CTX_DAG_RUN_ID='scheduled__2023-11-28T04:00:00+00:00'
[2023-12-28T16:54:12.450+0000] {python.py:194} INFO - Done. Returned value was:       city country unit  last_value       lat         lng
0  Jakarta      ID   o3      -0.999 -6.182536  106.834236
[2023-12-28T16:54:12.780+0000] {taskinstance.py:1400} INFO - Marking task as SUCCESS. dag_id=air_quality, task_id=Transform, execution_date=20231128T040000, start_date=20231228T165408, end_date=20231228T165412
[2023-12-28T16:54:13.009+0000] {local_task_job_runner.py:228} INFO - Task exited with return code 0
[2023-12-28T16:54:13.282+0000] {taskinstance.py:2778} INFO - 1 downstream tasks scheduled from follow-on schedule check
