[2023-12-17T12:13:09.811+0000] {logging_mixin.py:154} INFO - Changing /opt/***/logs/dag_id=air_quality/run_id=manual__2023-12-17T12:12:49.185416+00:00/task_id=Insert_Data permission to 509
[2023-12-17T12:13:09.814+0000] {logging_mixin.py:154} INFO - Failed to change /opt/***/logs/dag_id=air_quality/run_id=manual__2023-12-17T12:12:49.185416+00:00/task_id=Insert_Data permission to 509: [Errno 1] Operation not permitted: '/opt/***/logs/dag_id=air_quality/run_id=manual__2023-12-17T12:12:49.185416+00:00/task_id=Insert_Data'
[2023-12-17T12:13:09.871+0000] {logging_mixin.py:154} INFO - Changing /opt/***/logs/dag_id=air_quality/run_id=manual__2023-12-17T12:12:49.185416+00:00/task_id=Insert_Data permission to 509
[2023-12-17T12:13:09.872+0000] {logging_mixin.py:154} INFO - Failed to change /opt/***/logs/dag_id=air_quality/run_id=manual__2023-12-17T12:12:49.185416+00:00/task_id=Insert_Data permission to 509: [Errno 1] Operation not permitted: '/opt/***/logs/dag_id=air_quality/run_id=manual__2023-12-17T12:12:49.185416+00:00/task_id=Insert_Data'
[2023-12-17T12:13:09.959+0000] {taskinstance.py:1159} INFO - Dependencies all met for dep_context=non-requeueable deps ti=<TaskInstance: air_quality.Insert_Data manual__2023-12-17T12:12:49.185416+00:00 [queued]>
[2023-12-17T12:13:09.982+0000] {taskinstance.py:1159} INFO - Dependencies all met for dep_context=requeueable deps ti=<TaskInstance: air_quality.Insert_Data manual__2023-12-17T12:12:49.185416+00:00 [queued]>
[2023-12-17T12:13:09.983+0000] {taskinstance.py:1361} INFO - Starting attempt 1 of 2
[2023-12-17T12:13:10.009+0000] {taskinstance.py:1382} INFO - Executing <Task(PythonOperator): Insert_Data> on 2023-12-17 12:12:49.185416+00:00
[2023-12-17T12:13:10.015+0000] {standard_task_runner.py:57} INFO - Started process 3578 to run task
[2023-12-17T12:13:10.020+0000] {standard_task_runner.py:84} INFO - Running: ['***', 'tasks', 'run', 'air_quality', 'Insert_Data', 'manual__2023-12-17T12:12:49.185416+00:00', '--job-id', '488', '--raw', '--subdir', 'DAGS_FOLDER/airQuality.py', '--cfg-path', '/tmp/tmpcsszkxu9']
[2023-12-17T12:13:10.022+0000] {standard_task_runner.py:85} INFO - Job 488: Subtask Insert_Data
[2023-12-17T12:13:10.098+0000] {logging_mixin.py:154} INFO - Changing /opt/***/logs/dag_id=air_quality/run_id=manual__2023-12-17T12:12:49.185416+00:00/task_id=Insert_Data permission to 509
[2023-12-17T12:13:10.099+0000] {logging_mixin.py:154} INFO - Failed to change /opt/***/logs/dag_id=air_quality/run_id=manual__2023-12-17T12:12:49.185416+00:00/task_id=Insert_Data permission to 509: [Errno 1] Operation not permitted: '/opt/***/logs/dag_id=air_quality/run_id=manual__2023-12-17T12:12:49.185416+00:00/task_id=Insert_Data'
[2023-12-17T12:13:10.103+0000] {task_command.py:416} INFO - Running <TaskInstance: air_quality.Insert_Data manual__2023-12-17T12:12:49.185416+00:00 [running]> on host 1a58977f5573
[2023-12-17T12:13:10.236+0000] {taskinstance.py:1662} INFO - Exporting env vars: AIRFLOW_CTX_DAG_OWNER='ghifari' AIRFLOW_CTX_DAG_ID='air_quality' AIRFLOW_CTX_TASK_ID='Insert_Data' AIRFLOW_CTX_EXECUTION_DATE='2023-12-17T12:12:49.185416+00:00' AIRFLOW_CTX_TRY_NUMBER='1' AIRFLOW_CTX_DAG_RUN_ID='manual__2023-12-17T12:12:49.185416+00:00'
[2023-12-17T12:13:11.056+0000] {logging_mixin.py:154} INFO - city           object
country        object
unit           object
last_value    float64
lat           float64
lng           float64
dtype: object
[2023-12-17T12:13:11.076+0000] {base.py:73} INFO - Using connection ID 'neonServerDB-Postgres' for task execution.
[2023-12-17T12:13:11.768+0000] {python.py:194} INFO - Done. Returned value was: None
[2023-12-17T12:13:11.789+0000] {taskinstance.py:1400} INFO - Marking task as SUCCESS. dag_id=air_quality, task_id=Insert_Data, execution_date=20231217T121249, start_date=20231217T121309, end_date=20231217T121311
[2023-12-17T12:13:11.880+0000] {local_task_job_runner.py:228} INFO - Task exited with return code 0
[2023-12-17T12:13:11.918+0000] {taskinstance.py:2778} INFO - 0 downstream tasks scheduled from follow-on schedule check
