[2023-12-17T11:18:40.363+0000] {logging_mixin.py:154} INFO - Changing /opt/***/logs/dag_id=air_quality/run_id=scheduled__2023-12-04T04:00:00+00:00/task_id=Create_Table permission to 509
[2023-12-17T11:18:40.365+0000] {logging_mixin.py:154} INFO - Failed to change /opt/***/logs/dag_id=air_quality/run_id=scheduled__2023-12-04T04:00:00+00:00/task_id=Create_Table permission to 509: [Errno 1] Operation not permitted: '/opt/***/logs/dag_id=air_quality/run_id=scheduled__2023-12-04T04:00:00+00:00/task_id=Create_Table'
[2023-12-17T11:18:40.568+0000] {logging_mixin.py:154} INFO - Changing /opt/***/logs/dag_id=air_quality/run_id=scheduled__2023-12-04T04:00:00+00:00/task_id=Create_Table permission to 509
[2023-12-17T11:18:40.573+0000] {logging_mixin.py:154} INFO - Failed to change /opt/***/logs/dag_id=air_quality/run_id=scheduled__2023-12-04T04:00:00+00:00/task_id=Create_Table permission to 509: [Errno 1] Operation not permitted: '/opt/***/logs/dag_id=air_quality/run_id=scheduled__2023-12-04T04:00:00+00:00/task_id=Create_Table'
[2023-12-17T11:18:40.730+0000] {taskinstance.py:1159} INFO - Dependencies all met for dep_context=non-requeueable deps ti=<TaskInstance: air_quality.Create_Table scheduled__2023-12-04T04:00:00+00:00 [queued]>
[2023-12-17T11:18:40.778+0000] {taskinstance.py:1159} INFO - Dependencies all met for dep_context=requeueable deps ti=<TaskInstance: air_quality.Create_Table scheduled__2023-12-04T04:00:00+00:00 [queued]>
[2023-12-17T11:18:40.782+0000] {taskinstance.py:1361} INFO - Starting attempt 1 of 2
[2023-12-17T11:18:40.849+0000] {taskinstance.py:1382} INFO - Executing <Task(PythonOperator): Create_Table> on 2023-12-04 04:00:00+00:00
[2023-12-17T11:18:40.856+0000] {standard_task_runner.py:57} INFO - Started process 2099 to run task
[2023-12-17T11:18:40.878+0000] {standard_task_runner.py:84} INFO - Running: ['***', 'tasks', 'run', 'air_quality', 'Create_Table', 'scheduled__2023-12-04T04:00:00+00:00', '--job-id', '344', '--raw', '--subdir', 'DAGS_FOLDER/airQuality.py', '--cfg-path', '/tmp/tmpqy2esdc1']
[2023-12-17T11:18:40.890+0000] {standard_task_runner.py:85} INFO - Job 344: Subtask Create_Table
[2023-12-17T11:18:41.070+0000] {logging_mixin.py:154} INFO - Changing /opt/***/logs/dag_id=air_quality/run_id=scheduled__2023-12-04T04:00:00+00:00/task_id=Create_Table permission to 509
[2023-12-17T11:18:41.071+0000] {logging_mixin.py:154} INFO - Failed to change /opt/***/logs/dag_id=air_quality/run_id=scheduled__2023-12-04T04:00:00+00:00/task_id=Create_Table permission to 509: [Errno 1] Operation not permitted: '/opt/***/logs/dag_id=air_quality/run_id=scheduled__2023-12-04T04:00:00+00:00/task_id=Create_Table'
[2023-12-17T11:18:41.076+0000] {task_command.py:416} INFO - Running <TaskInstance: air_quality.Create_Table scheduled__2023-12-04T04:00:00+00:00 [running]> on host 1a58977f5573
[2023-12-17T11:18:41.335+0000] {taskinstance.py:1662} INFO - Exporting env vars: AIRFLOW_CTX_DAG_OWNER='ghifari' AIRFLOW_CTX_DAG_ID='air_quality' AIRFLOW_CTX_TASK_ID='Create_Table' AIRFLOW_CTX_EXECUTION_DATE='2023-12-04T04:00:00+00:00' AIRFLOW_CTX_TRY_NUMBER='1' AIRFLOW_CTX_DAG_RUN_ID='scheduled__2023-12-04T04:00:00+00:00'
[2023-12-17T11:18:41.380+0000] {base.py:73} INFO - Using connection ID 'neonServerDB-Postgres' for task execution.
[2023-12-17T11:18:44.355+0000] {airQuality.py:160} INFO - Table air_quality Already Exist
[2023-12-17T11:18:44.406+0000] {python.py:194} INFO - Done. Returned value was: 
        CREATE TABLE air_quality (
            id serial primary key, 
            city varchar(250),
            country varchar(250), 
            unit varchar(20), 
            last_value float8, 
            lat float8,
            lng float8
        )
    
[2023-12-17T11:18:44.482+0000] {taskinstance.py:1400} INFO - Marking task as SUCCESS. dag_id=air_quality, task_id=Create_Table, execution_date=20231204T040000, start_date=20231217T111840, end_date=20231217T111844
[2023-12-17T11:18:44.565+0000] {local_task_job_runner.py:228} INFO - Task exited with return code 0
[2023-12-17T11:18:44.644+0000] {taskinstance.py:2778} INFO - 1 downstream tasks scheduled from follow-on schedule check
[2023-12-17T12:18:37.656+0000] {logging_mixin.py:154} INFO - Changing /opt/***/logs/dag_id=air_quality/run_id=scheduled__2023-12-04T04:00:00+00:00/task_id=Create_Table permission to 509
[2023-12-17T12:18:37.659+0000] {logging_mixin.py:154} INFO - Failed to change /opt/***/logs/dag_id=air_quality/run_id=scheduled__2023-12-04T04:00:00+00:00/task_id=Create_Table permission to 509: [Errno 1] Operation not permitted: '/opt/***/logs/dag_id=air_quality/run_id=scheduled__2023-12-04T04:00:00+00:00/task_id=Create_Table'
[2023-12-17T12:18:37.728+0000] {logging_mixin.py:154} INFO - Changing /opt/***/logs/dag_id=air_quality/run_id=scheduled__2023-12-04T04:00:00+00:00/task_id=Create_Table permission to 509
[2023-12-17T12:18:37.729+0000] {logging_mixin.py:154} INFO - Failed to change /opt/***/logs/dag_id=air_quality/run_id=scheduled__2023-12-04T04:00:00+00:00/task_id=Create_Table permission to 509: [Errno 1] Operation not permitted: '/opt/***/logs/dag_id=air_quality/run_id=scheduled__2023-12-04T04:00:00+00:00/task_id=Create_Table'
[2023-12-17T12:18:37.811+0000] {taskinstance.py:1159} INFO - Dependencies all met for dep_context=non-requeueable deps ti=<TaskInstance: air_quality.Create_Table scheduled__2023-12-04T04:00:00+00:00 [queued]>
[2023-12-17T12:18:37.832+0000] {taskinstance.py:1159} INFO - Dependencies all met for dep_context=requeueable deps ti=<TaskInstance: air_quality.Create_Table scheduled__2023-12-04T04:00:00+00:00 [queued]>
[2023-12-17T12:18:37.833+0000] {taskinstance.py:1361} INFO - Starting attempt 1 of 2
[2023-12-17T12:18:37.865+0000] {taskinstance.py:1382} INFO - Executing <Task(PythonOperator): Create_Table> on 2023-12-04 04:00:00+00:00
[2023-12-17T12:18:37.874+0000] {standard_task_runner.py:57} INFO - Started process 4360 to run task
[2023-12-17T12:18:37.882+0000] {standard_task_runner.py:84} INFO - Running: ['***', 'tasks', 'run', 'air_quality', 'Create_Table', 'scheduled__2023-12-04T04:00:00+00:00', '--job-id', '658', '--raw', '--subdir', 'DAGS_FOLDER/airQuality.py', '--cfg-path', '/tmp/tmp44l45ube']
[2023-12-17T12:18:37.885+0000] {standard_task_runner.py:85} INFO - Job 658: Subtask Create_Table
[2023-12-17T12:18:37.987+0000] {logging_mixin.py:154} INFO - Changing /opt/***/logs/dag_id=air_quality/run_id=scheduled__2023-12-04T04:00:00+00:00/task_id=Create_Table permission to 509
[2023-12-17T12:18:37.988+0000] {logging_mixin.py:154} INFO - Failed to change /opt/***/logs/dag_id=air_quality/run_id=scheduled__2023-12-04T04:00:00+00:00/task_id=Create_Table permission to 509: [Errno 1] Operation not permitted: '/opt/***/logs/dag_id=air_quality/run_id=scheduled__2023-12-04T04:00:00+00:00/task_id=Create_Table'
[2023-12-17T12:18:37.993+0000] {task_command.py:416} INFO - Running <TaskInstance: air_quality.Create_Table scheduled__2023-12-04T04:00:00+00:00 [running]> on host 1a58977f5573
[2023-12-17T12:18:38.176+0000] {taskinstance.py:1662} INFO - Exporting env vars: AIRFLOW_CTX_DAG_OWNER='ghifari' AIRFLOW_CTX_DAG_ID='air_quality' AIRFLOW_CTX_TASK_ID='Create_Table' AIRFLOW_CTX_EXECUTION_DATE='2023-12-04T04:00:00+00:00' AIRFLOW_CTX_TRY_NUMBER='1' AIRFLOW_CTX_DAG_RUN_ID='scheduled__2023-12-04T04:00:00+00:00'
[2023-12-17T12:18:38.195+0000] {base.py:73} INFO - Using connection ID 'neonServerDB-Postgres' for task execution.
[2023-12-17T12:18:38.653+0000] {airQuality.py:161} INFO - Table air_quality Already Exist
[2023-12-17T12:18:38.670+0000] {python.py:194} INFO - Done. Returned value was: 
        CREATE TABLE air_quality (
            id serial primary key, 
            city varchar(250),
            country varchar(250), 
            unit varchar(20), 
            last_value float8, 
            lat float8,
            lng float8
        )
    
[2023-12-17T12:18:38.694+0000] {taskinstance.py:1400} INFO - Marking task as SUCCESS. dag_id=air_quality, task_id=Create_Table, execution_date=20231204T040000, start_date=20231217T121837, end_date=20231217T121838
[2023-12-17T12:18:38.738+0000] {local_task_job_runner.py:228} INFO - Task exited with return code 0
[2023-12-17T12:18:38.770+0000] {taskinstance.py:2778} INFO - 1 downstream tasks scheduled from follow-on schedule check
[2023-12-28T16:54:26.295+0000] {logging_mixin.py:154} INFO - Changing /opt/***/logs/dag_id=air_quality/run_id=scheduled__2023-12-04T04:00:00+00:00/task_id=Create_Table permission to 509
[2023-12-28T16:54:26.299+0000] {logging_mixin.py:154} INFO - Failed to change /opt/***/logs/dag_id=air_quality/run_id=scheduled__2023-12-04T04:00:00+00:00/task_id=Create_Table permission to 509: [Errno 1] Operation not permitted: '/opt/***/logs/dag_id=air_quality/run_id=scheduled__2023-12-04T04:00:00+00:00/task_id=Create_Table'
[2023-12-28T16:54:26.421+0000] {logging_mixin.py:154} INFO - Changing /opt/***/logs/dag_id=air_quality/run_id=scheduled__2023-12-04T04:00:00+00:00/task_id=Create_Table permission to 509
[2023-12-28T16:54:26.423+0000] {logging_mixin.py:154} INFO - Failed to change /opt/***/logs/dag_id=air_quality/run_id=scheduled__2023-12-04T04:00:00+00:00/task_id=Create_Table permission to 509: [Errno 1] Operation not permitted: '/opt/***/logs/dag_id=air_quality/run_id=scheduled__2023-12-04T04:00:00+00:00/task_id=Create_Table'
[2023-12-28T16:54:26.622+0000] {taskinstance.py:1159} INFO - Dependencies all met for dep_context=non-requeueable deps ti=<TaskInstance: air_quality.Create_Table scheduled__2023-12-04T04:00:00+00:00 [queued]>
[2023-12-28T16:54:26.687+0000] {taskinstance.py:1159} INFO - Dependencies all met for dep_context=requeueable deps ti=<TaskInstance: air_quality.Create_Table scheduled__2023-12-04T04:00:00+00:00 [queued]>
[2023-12-28T16:54:26.701+0000] {taskinstance.py:1361} INFO - Starting attempt 1 of 2
[2023-12-28T16:54:26.757+0000] {taskinstance.py:1382} INFO - Executing <Task(PythonOperator): Create_Table> on 2023-12-04 04:00:00+00:00
[2023-12-28T16:54:26.777+0000] {standard_task_runner.py:57} INFO - Started process 928 to run task
[2023-12-28T16:54:26.808+0000] {standard_task_runner.py:84} INFO - Running: ['***', 'tasks', 'run', 'air_quality', 'Create_Table', 'scheduled__2023-12-04T04:00:00+00:00', '--job-id', '1066', '--raw', '--subdir', 'DAGS_FOLDER/airQuality.py', '--cfg-path', '/tmp/tmpy5pq30v6']
[2023-12-28T16:54:26.821+0000] {standard_task_runner.py:85} INFO - Job 1066: Subtask Create_Table
[2023-12-28T16:54:27.039+0000] {logging_mixin.py:154} INFO - Changing /opt/***/logs/dag_id=air_quality/run_id=scheduled__2023-12-04T04:00:00+00:00/task_id=Create_Table permission to 509
[2023-12-28T16:54:27.044+0000] {logging_mixin.py:154} INFO - Failed to change /opt/***/logs/dag_id=air_quality/run_id=scheduled__2023-12-04T04:00:00+00:00/task_id=Create_Table permission to 509: [Errno 1] Operation not permitted: '/opt/***/logs/dag_id=air_quality/run_id=scheduled__2023-12-04T04:00:00+00:00/task_id=Create_Table'
[2023-12-28T16:54:27.056+0000] {task_command.py:416} INFO - Running <TaskInstance: air_quality.Create_Table scheduled__2023-12-04T04:00:00+00:00 [running]> on host d67dd4682ccf
[2023-12-28T16:54:27.519+0000] {taskinstance.py:1662} INFO - Exporting env vars: AIRFLOW_CTX_DAG_OWNER='ghifari' AIRFLOW_CTX_DAG_ID='air_quality' AIRFLOW_CTX_TASK_ID='Create_Table' AIRFLOW_CTX_EXECUTION_DATE='2023-12-04T04:00:00+00:00' AIRFLOW_CTX_TRY_NUMBER='1' AIRFLOW_CTX_DAG_RUN_ID='scheduled__2023-12-04T04:00:00+00:00'
[2023-12-28T16:54:27.649+0000] {base.py:73} INFO - Using connection ID 'neonServerDB-Postgres' for task execution.
[2023-12-28T16:54:27.912+0000] {airQuality.py:139} INFO - Table air_quality Already Exist
[2023-12-28T16:54:28.077+0000] {python.py:194} INFO - Done. Returned value was: 
        CREATE TABLE air_quality (
            id serial primary key, 
            city varchar(250),
            country varchar(250), 
            unit varchar(20), 
            last_value float8, 
            lat float8,
            lng float8
        )
    
[2023-12-28T16:54:28.256+0000] {taskinstance.py:1400} INFO - Marking task as SUCCESS. dag_id=air_quality, task_id=Create_Table, execution_date=20231204T040000, start_date=20231228T165426, end_date=20231228T165428
[2023-12-28T16:54:28.441+0000] {local_task_job_runner.py:228} INFO - Task exited with return code 0
[2023-12-28T16:54:29.044+0000] {taskinstance.py:2778} INFO - 1 downstream tasks scheduled from follow-on schedule check
