[2023-12-17T12:17:34.781+0000] {logging_mixin.py:154} INFO - Changing /opt/***/logs/dag_id=air_quality/run_id=scheduled__2023-12-01T04:00:00+00:00/task_id=Transform permission to 509
[2023-12-17T12:17:34.787+0000] {logging_mixin.py:154} INFO - Failed to change /opt/***/logs/dag_id=air_quality/run_id=scheduled__2023-12-01T04:00:00+00:00/task_id=Transform permission to 509: [Errno 1] Operation not permitted: '/opt/***/logs/dag_id=air_quality/run_id=scheduled__2023-12-01T04:00:00+00:00/task_id=Transform'
[2023-12-17T12:17:34.966+0000] {logging_mixin.py:154} INFO - Changing /opt/***/logs/dag_id=air_quality/run_id=scheduled__2023-12-01T04:00:00+00:00/task_id=Transform permission to 509
[2023-12-17T12:17:34.968+0000] {logging_mixin.py:154} INFO - Failed to change /opt/***/logs/dag_id=air_quality/run_id=scheduled__2023-12-01T04:00:00+00:00/task_id=Transform permission to 509: [Errno 1] Operation not permitted: '/opt/***/logs/dag_id=air_quality/run_id=scheduled__2023-12-01T04:00:00+00:00/task_id=Transform'
[2023-12-17T12:17:35.112+0000] {taskinstance.py:1159} INFO - Dependencies all met for dep_context=non-requeueable deps ti=<TaskInstance: air_quality.Transform scheduled__2023-12-01T04:00:00+00:00 [queued]>
[2023-12-17T12:17:35.152+0000] {taskinstance.py:1159} INFO - Dependencies all met for dep_context=requeueable deps ti=<TaskInstance: air_quality.Transform scheduled__2023-12-01T04:00:00+00:00 [queued]>
[2023-12-17T12:17:35.157+0000] {taskinstance.py:1361} INFO - Starting attempt 2 of 3
[2023-12-17T12:17:35.225+0000] {taskinstance.py:1382} INFO - Executing <Task(PythonOperator): Transform> on 2023-12-01 04:00:00+00:00
[2023-12-17T12:17:35.231+0000] {standard_task_runner.py:57} INFO - Started process 3735 to run task
[2023-12-17T12:17:35.244+0000] {standard_task_runner.py:84} INFO - Running: ['***', 'tasks', 'run', 'air_quality', 'Transform', 'scheduled__2023-12-01T04:00:00+00:00', '--job-id', '530', '--raw', '--subdir', 'DAGS_FOLDER/airQuality.py', '--cfg-path', '/tmp/tmpl8c5db0p']
[2023-12-17T12:17:35.266+0000] {standard_task_runner.py:85} INFO - Job 530: Subtask Transform
[2023-12-17T12:17:35.475+0000] {logging_mixin.py:154} INFO - Changing /opt/***/logs/dag_id=air_quality/run_id=scheduled__2023-12-01T04:00:00+00:00/task_id=Transform permission to 509
[2023-12-17T12:17:35.483+0000] {logging_mixin.py:154} INFO - Failed to change /opt/***/logs/dag_id=air_quality/run_id=scheduled__2023-12-01T04:00:00+00:00/task_id=Transform permission to 509: [Errno 1] Operation not permitted: '/opt/***/logs/dag_id=air_quality/run_id=scheduled__2023-12-01T04:00:00+00:00/task_id=Transform'
[2023-12-17T12:17:35.505+0000] {task_command.py:416} INFO - Running <TaskInstance: air_quality.Transform scheduled__2023-12-01T04:00:00+00:00 [running]> on host 1a58977f5573
[2023-12-17T12:17:35.951+0000] {taskinstance.py:1662} INFO - Exporting env vars: AIRFLOW_CTX_DAG_OWNER='ghifari' AIRFLOW_CTX_DAG_ID='air_quality' AIRFLOW_CTX_TASK_ID='Transform' AIRFLOW_CTX_EXECUTION_DATE='2023-12-01T04:00:00+00:00' AIRFLOW_CTX_TRY_NUMBER='2' AIRFLOW_CTX_DAG_RUN_ID='scheduled__2023-12-01T04:00:00+00:00'
[2023-12-17T12:17:40.819+0000] {python.py:194} INFO - Done. Returned value was:       city country  unit  last_value       lat         lng
0  Jakarta      ID  pm25      -999.0 -6.182536  106.834236
[2023-12-17T12:17:40.956+0000] {taskinstance.py:1400} INFO - Marking task as SUCCESS. dag_id=air_quality, task_id=Transform, execution_date=20231201T040000, start_date=20231217T121735, end_date=20231217T121740
[2023-12-17T12:17:41.072+0000] {local_task_job_runner.py:228} INFO - Task exited with return code 0
[2023-12-17T12:17:41.511+0000] {taskinstance.py:2778} INFO - 0 downstream tasks scheduled from follow-on schedule check
