[2023-12-17T06:07:34.265+0000] {logging_mixin.py:154} INFO - Changing /opt/***/logs/dag_id=air_quality/run_id=manual__2023-12-17T06:07:30.606974+00:00/task_id=Check_Response permission to 509
[2023-12-17T06:07:34.267+0000] {logging_mixin.py:154} INFO - Failed to change /opt/***/logs/dag_id=air_quality/run_id=manual__2023-12-17T06:07:30.606974+00:00/task_id=Check_Response permission to 509: [Errno 1] Operation not permitted: '/opt/***/logs/dag_id=air_quality/run_id=manual__2023-12-17T06:07:30.606974+00:00/task_id=Check_Response'
[2023-12-17T06:07:34.328+0000] {logging_mixin.py:154} INFO - Changing /opt/***/logs/dag_id=air_quality/run_id=manual__2023-12-17T06:07:30.606974+00:00/task_id=Check_Response permission to 509
[2023-12-17T06:07:34.330+0000] {logging_mixin.py:154} INFO - Failed to change /opt/***/logs/dag_id=air_quality/run_id=manual__2023-12-17T06:07:30.606974+00:00/task_id=Check_Response permission to 509: [Errno 1] Operation not permitted: '/opt/***/logs/dag_id=air_quality/run_id=manual__2023-12-17T06:07:30.606974+00:00/task_id=Check_Response'
[2023-12-17T06:07:34.386+0000] {taskinstance.py:1159} INFO - Dependencies all met for dep_context=non-requeueable deps ti=<TaskInstance: air_quality.Check_Response manual__2023-12-17T06:07:30.606974+00:00 [queued]>
[2023-12-17T06:07:34.405+0000] {taskinstance.py:1159} INFO - Dependencies all met for dep_context=requeueable deps ti=<TaskInstance: air_quality.Check_Response manual__2023-12-17T06:07:30.606974+00:00 [queued]>
[2023-12-17T06:07:34.406+0000] {taskinstance.py:1361} INFO - Starting attempt 1 of 2
[2023-12-17T06:07:34.440+0000] {taskinstance.py:1382} INFO - Executing <Task(BranchPythonOperator): Check_Response> on 2023-12-17 06:07:30.606974+00:00
[2023-12-17T06:07:34.447+0000] {standard_task_runner.py:57} INFO - Started process 393 to run task
[2023-12-17T06:07:34.454+0000] {standard_task_runner.py:84} INFO - Running: ['***', 'tasks', 'run', 'air_quality', 'Check_Response', 'manual__2023-12-17T06:07:30.606974+00:00', '--job-id', '241', '--raw', '--subdir', 'DAGS_FOLDER/airQuality.py', '--cfg-path', '/tmp/tmpf680sy8m']
[2023-12-17T06:07:34.456+0000] {standard_task_runner.py:85} INFO - Job 241: Subtask Check_Response
[2023-12-17T06:07:34.536+0000] {logging_mixin.py:154} INFO - Changing /opt/***/logs/dag_id=air_quality/run_id=manual__2023-12-17T06:07:30.606974+00:00/task_id=Check_Response permission to 509
[2023-12-17T06:07:34.537+0000] {logging_mixin.py:154} INFO - Failed to change /opt/***/logs/dag_id=air_quality/run_id=manual__2023-12-17T06:07:30.606974+00:00/task_id=Check_Response permission to 509: [Errno 1] Operation not permitted: '/opt/***/logs/dag_id=air_quality/run_id=manual__2023-12-17T06:07:30.606974+00:00/task_id=Check_Response'
[2023-12-17T06:07:34.539+0000] {task_command.py:416} INFO - Running <TaskInstance: air_quality.Check_Response manual__2023-12-17T06:07:30.606974+00:00 [running]> on host 1a58977f5573
[2023-12-17T06:07:34.647+0000] {taskinstance.py:1662} INFO - Exporting env vars: AIRFLOW_CTX_DAG_OWNER='ghifari' AIRFLOW_CTX_DAG_ID='air_quality' AIRFLOW_CTX_TASK_ID='Check_Response' AIRFLOW_CTX_EXECUTION_DATE='2023-12-17T06:07:30.606974+00:00' AIRFLOW_CTX_TRY_NUMBER='1' AIRFLOW_CTX_DAG_RUN_ID='manual__2023-12-17T06:07:30.606974+00:00'
[2023-12-17T06:07:34.661+0000] {airQuality.py:177} INFO - Data Found: {'city': ['Jakarta'], 'country': ['ID'], 'unit': ['o3'], 'last_value': [-0.999], 'lat': [-6.182536], 'lng': [106.834236]}
[2023-12-17T06:07:34.661+0000] {python.py:194} INFO - Done. Returned value was: Transform
[2023-12-17T06:07:34.662+0000] {python.py:227} INFO - Branch callable return Transform
[2023-12-17T06:07:34.662+0000] {skipmixin.py:173} INFO - Following branch Transform
[2023-12-17T06:07:34.677+0000] {skipmixin.py:239} INFO - Skipping tasks [('Error_Response', -1)]
[2023-12-17T06:07:34.731+0000] {taskinstance.py:1400} INFO - Marking task as SUCCESS. dag_id=air_quality, task_id=Check_Response, execution_date=20231217T060730, start_date=20231217T060734, end_date=20231217T060734
[2023-12-17T06:07:34.787+0000] {local_task_job_runner.py:228} INFO - Task exited with return code 0
[2023-12-17T06:07:34.850+0000] {taskinstance.py:2778} INFO - 1 downstream tasks scheduled from follow-on schedule check
