[2023-12-17T11:19:18.410+0000] {logging_mixin.py:154} INFO - Changing /opt/***/logs/dag_id=air_quality/run_id=scheduled__2023-12-16T04:00:00+00:00/task_id=Insert_Data permission to 509
[2023-12-17T11:19:18.417+0000] {logging_mixin.py:154} INFO - Failed to change /opt/***/logs/dag_id=air_quality/run_id=scheduled__2023-12-16T04:00:00+00:00/task_id=Insert_Data permission to 509: [Errno 1] Operation not permitted: '/opt/***/logs/dag_id=air_quality/run_id=scheduled__2023-12-16T04:00:00+00:00/task_id=Insert_Data'
[2023-12-17T11:19:18.659+0000] {logging_mixin.py:154} INFO - Changing /opt/***/logs/dag_id=air_quality/run_id=scheduled__2023-12-16T04:00:00+00:00/task_id=Insert_Data permission to 509
[2023-12-17T11:19:18.678+0000] {logging_mixin.py:154} INFO - Failed to change /opt/***/logs/dag_id=air_quality/run_id=scheduled__2023-12-16T04:00:00+00:00/task_id=Insert_Data permission to 509: [Errno 1] Operation not permitted: '/opt/***/logs/dag_id=air_quality/run_id=scheduled__2023-12-16T04:00:00+00:00/task_id=Insert_Data'
[2023-12-17T11:19:18.919+0000] {taskinstance.py:1159} INFO - Dependencies all met for dep_context=non-requeueable deps ti=<TaskInstance: air_quality.Insert_Data scheduled__2023-12-16T04:00:00+00:00 [queued]>
[2023-12-17T11:19:18.976+0000] {taskinstance.py:1159} INFO - Dependencies all met for dep_context=requeueable deps ti=<TaskInstance: air_quality.Insert_Data scheduled__2023-12-16T04:00:00+00:00 [queued]>
[2023-12-17T11:19:18.982+0000] {taskinstance.py:1361} INFO - Starting attempt 1 of 2
[2023-12-17T11:19:19.066+0000] {taskinstance.py:1382} INFO - Executing <Task(PythonOperator): Insert_Data> on 2023-12-16 04:00:00+00:00
[2023-12-17T11:19:19.087+0000] {standard_task_runner.py:57} INFO - Started process 2485 to run task
[2023-12-17T11:19:19.095+0000] {standard_task_runner.py:84} INFO - Running: ['***', 'tasks', 'run', 'air_quality', 'Insert_Data', 'scheduled__2023-12-16T04:00:00+00:00', '--job-id', '428', '--raw', '--subdir', 'DAGS_FOLDER/airQuality.py', '--cfg-path', '/tmp/tmpjlhhglgx']
[2023-12-17T11:19:19.104+0000] {standard_task_runner.py:85} INFO - Job 428: Subtask Insert_Data
[2023-12-17T11:19:19.421+0000] {logging_mixin.py:154} INFO - Changing /opt/***/logs/dag_id=air_quality/run_id=scheduled__2023-12-16T04:00:00+00:00/task_id=Insert_Data permission to 509
[2023-12-17T11:19:19.422+0000] {logging_mixin.py:154} INFO - Failed to change /opt/***/logs/dag_id=air_quality/run_id=scheduled__2023-12-16T04:00:00+00:00/task_id=Insert_Data permission to 509: [Errno 1] Operation not permitted: '/opt/***/logs/dag_id=air_quality/run_id=scheduled__2023-12-16T04:00:00+00:00/task_id=Insert_Data'
[2023-12-17T11:19:19.445+0000] {task_command.py:416} INFO - Running <TaskInstance: air_quality.Insert_Data scheduled__2023-12-16T04:00:00+00:00 [running]> on host 1a58977f5573
[2023-12-17T11:19:19.829+0000] {taskinstance.py:1662} INFO - Exporting env vars: AIRFLOW_CTX_DAG_OWNER='ghifari' AIRFLOW_CTX_DAG_ID='air_quality' AIRFLOW_CTX_TASK_ID='Insert_Data' AIRFLOW_CTX_EXECUTION_DATE='2023-12-16T04:00:00+00:00' AIRFLOW_CTX_TRY_NUMBER='1' AIRFLOW_CTX_DAG_RUN_ID='scheduled__2023-12-16T04:00:00+00:00'
[2023-12-17T11:19:21.992+0000] {logging_mixin.py:154} INFO - city           object
country        object
unit           object
last_value    float64
lat           float64
lng           float64
dtype: object
[2023-12-17T11:19:22.037+0000] {base.py:73} INFO - Using connection ID 'neonServerDB-Postgres' for task execution.
[2023-12-17T11:19:23.557+0000] {python.py:194} INFO - Done. Returned value was: None
[2023-12-17T11:19:23.596+0000] {taskinstance.py:1400} INFO - Marking task as SUCCESS. dag_id=air_quality, task_id=Insert_Data, execution_date=20231216T040000, start_date=20231217T111918, end_date=20231217T111923
[2023-12-17T11:19:23.812+0000] {local_task_job_runner.py:228} INFO - Task exited with return code 0
[2023-12-17T11:19:23.875+0000] {taskinstance.py:2778} INFO - 0 downstream tasks scheduled from follow-on schedule check
[2023-12-17T12:18:31.340+0000] {logging_mixin.py:154} INFO - Changing /opt/***/logs/dag_id=air_quality/run_id=scheduled__2023-12-16T04:00:00+00:00/task_id=Insert_Data permission to 509
[2023-12-17T12:18:31.345+0000] {logging_mixin.py:154} INFO - Failed to change /opt/***/logs/dag_id=air_quality/run_id=scheduled__2023-12-16T04:00:00+00:00/task_id=Insert_Data permission to 509: [Errno 1] Operation not permitted: '/opt/***/logs/dag_id=air_quality/run_id=scheduled__2023-12-16T04:00:00+00:00/task_id=Insert_Data'
[2023-12-17T12:18:31.459+0000] {logging_mixin.py:154} INFO - Changing /opt/***/logs/dag_id=air_quality/run_id=scheduled__2023-12-16T04:00:00+00:00/task_id=Insert_Data permission to 509
[2023-12-17T12:18:31.460+0000] {logging_mixin.py:154} INFO - Failed to change /opt/***/logs/dag_id=air_quality/run_id=scheduled__2023-12-16T04:00:00+00:00/task_id=Insert_Data permission to 509: [Errno 1] Operation not permitted: '/opt/***/logs/dag_id=air_quality/run_id=scheduled__2023-12-16T04:00:00+00:00/task_id=Insert_Data'
[2023-12-17T12:18:31.589+0000] {taskinstance.py:1159} INFO - Dependencies all met for dep_context=non-requeueable deps ti=<TaskInstance: air_quality.Insert_Data scheduled__2023-12-16T04:00:00+00:00 [queued]>
[2023-12-17T12:18:31.625+0000] {taskinstance.py:1159} INFO - Dependencies all met for dep_context=requeueable deps ti=<TaskInstance: air_quality.Insert_Data scheduled__2023-12-16T04:00:00+00:00 [queued]>
[2023-12-17T12:18:31.626+0000] {taskinstance.py:1361} INFO - Starting attempt 1 of 2
[2023-12-17T12:18:31.660+0000] {taskinstance.py:1382} INFO - Executing <Task(PythonOperator): Insert_Data> on 2023-12-16 04:00:00+00:00
[2023-12-17T12:18:31.671+0000] {standard_task_runner.py:57} INFO - Started process 4289 to run task
[2023-12-17T12:18:31.683+0000] {standard_task_runner.py:84} INFO - Running: ['***', 'tasks', 'run', 'air_quality', 'Insert_Data', 'scheduled__2023-12-16T04:00:00+00:00', '--job-id', '649', '--raw', '--subdir', 'DAGS_FOLDER/airQuality.py', '--cfg-path', '/tmp/tmp9uduwm2s']
[2023-12-17T12:18:31.686+0000] {standard_task_runner.py:85} INFO - Job 649: Subtask Insert_Data
[2023-12-17T12:18:31.816+0000] {logging_mixin.py:154} INFO - Changing /opt/***/logs/dag_id=air_quality/run_id=scheduled__2023-12-16T04:00:00+00:00/task_id=Insert_Data permission to 509
[2023-12-17T12:18:31.817+0000] {logging_mixin.py:154} INFO - Failed to change /opt/***/logs/dag_id=air_quality/run_id=scheduled__2023-12-16T04:00:00+00:00/task_id=Insert_Data permission to 509: [Errno 1] Operation not permitted: '/opt/***/logs/dag_id=air_quality/run_id=scheduled__2023-12-16T04:00:00+00:00/task_id=Insert_Data'
[2023-12-17T12:18:31.821+0000] {task_command.py:416} INFO - Running <TaskInstance: air_quality.Insert_Data scheduled__2023-12-16T04:00:00+00:00 [running]> on host 1a58977f5573
[2023-12-17T12:18:32.122+0000] {taskinstance.py:1662} INFO - Exporting env vars: AIRFLOW_CTX_DAG_OWNER='ghifari' AIRFLOW_CTX_DAG_ID='air_quality' AIRFLOW_CTX_TASK_ID='Insert_Data' AIRFLOW_CTX_EXECUTION_DATE='2023-12-16T04:00:00+00:00' AIRFLOW_CTX_TRY_NUMBER='1' AIRFLOW_CTX_DAG_RUN_ID='scheduled__2023-12-16T04:00:00+00:00'
[2023-12-17T12:18:33.342+0000] {logging_mixin.py:154} INFO - city           object
country        object
unit           object
last_value    float64
lat           float64
lng           float64
dtype: object
[2023-12-17T12:18:33.390+0000] {base.py:73} INFO - Using connection ID 'neonServerDB-Postgres' for task execution.
[2023-12-17T12:18:35.106+0000] {python.py:194} INFO - Done. Returned value was: None
[2023-12-17T12:18:35.131+0000] {taskinstance.py:1400} INFO - Marking task as SUCCESS. dag_id=air_quality, task_id=Insert_Data, execution_date=20231216T040000, start_date=20231217T121831, end_date=20231217T121835
[2023-12-17T12:18:35.224+0000] {local_task_job_runner.py:228} INFO - Task exited with return code 0
[2023-12-17T12:18:35.385+0000] {taskinstance.py:2778} INFO - 0 downstream tasks scheduled from follow-on schedule check
[2023-12-17T12:19:15.660+0000] {logging_mixin.py:154} INFO - Changing /opt/***/logs/dag_id=air_quality/run_id=scheduled__2023-12-16T04:00:00+00:00/task_id=Insert_Data permission to 509
[2023-12-17T12:19:15.662+0000] {logging_mixin.py:154} INFO - Failed to change /opt/***/logs/dag_id=air_quality/run_id=scheduled__2023-12-16T04:00:00+00:00/task_id=Insert_Data permission to 509: [Errno 1] Operation not permitted: '/opt/***/logs/dag_id=air_quality/run_id=scheduled__2023-12-16T04:00:00+00:00/task_id=Insert_Data'
[2023-12-17T12:19:15.707+0000] {logging_mixin.py:154} INFO - Changing /opt/***/logs/dag_id=air_quality/run_id=scheduled__2023-12-16T04:00:00+00:00/task_id=Insert_Data permission to 509
[2023-12-17T12:19:15.709+0000] {logging_mixin.py:154} INFO - Failed to change /opt/***/logs/dag_id=air_quality/run_id=scheduled__2023-12-16T04:00:00+00:00/task_id=Insert_Data permission to 509: [Errno 1] Operation not permitted: '/opt/***/logs/dag_id=air_quality/run_id=scheduled__2023-12-16T04:00:00+00:00/task_id=Insert_Data'
[2023-12-17T12:19:15.776+0000] {taskinstance.py:1159} INFO - Dependencies all met for dep_context=non-requeueable deps ti=<TaskInstance: air_quality.Insert_Data scheduled__2023-12-16T04:00:00+00:00 [queued]>
[2023-12-17T12:19:15.793+0000] {taskinstance.py:1159} INFO - Dependencies all met for dep_context=requeueable deps ti=<TaskInstance: air_quality.Insert_Data scheduled__2023-12-16T04:00:00+00:00 [queued]>
[2023-12-17T12:19:15.793+0000] {taskinstance.py:1361} INFO - Starting attempt 1 of 2
[2023-12-17T12:19:15.813+0000] {taskinstance.py:1382} INFO - Executing <Task(PythonOperator): Insert_Data> on 2023-12-16 04:00:00+00:00
[2023-12-17T12:19:15.820+0000] {standard_task_runner.py:57} INFO - Started process 4633 to run task
[2023-12-17T12:19:15.824+0000] {standard_task_runner.py:84} INFO - Running: ['***', 'tasks', 'run', 'air_quality', 'Insert_Data', 'scheduled__2023-12-16T04:00:00+00:00', '--job-id', '722', '--raw', '--subdir', 'DAGS_FOLDER/airQuality.py', '--cfg-path', '/tmp/tmp6gnzm1p4']
[2023-12-17T12:19:15.826+0000] {standard_task_runner.py:85} INFO - Job 722: Subtask Insert_Data
[2023-12-17T12:19:15.893+0000] {logging_mixin.py:154} INFO - Changing /opt/***/logs/dag_id=air_quality/run_id=scheduled__2023-12-16T04:00:00+00:00/task_id=Insert_Data permission to 509
[2023-12-17T12:19:15.894+0000] {logging_mixin.py:154} INFO - Failed to change /opt/***/logs/dag_id=air_quality/run_id=scheduled__2023-12-16T04:00:00+00:00/task_id=Insert_Data permission to 509: [Errno 1] Operation not permitted: '/opt/***/logs/dag_id=air_quality/run_id=scheduled__2023-12-16T04:00:00+00:00/task_id=Insert_Data'
[2023-12-17T12:19:15.896+0000] {task_command.py:416} INFO - Running <TaskInstance: air_quality.Insert_Data scheduled__2023-12-16T04:00:00+00:00 [running]> on host 1a58977f5573
[2023-12-17T12:19:16.011+0000] {taskinstance.py:1662} INFO - Exporting env vars: AIRFLOW_CTX_DAG_OWNER='ghifari' AIRFLOW_CTX_DAG_ID='air_quality' AIRFLOW_CTX_TASK_ID='Insert_Data' AIRFLOW_CTX_EXECUTION_DATE='2023-12-16T04:00:00+00:00' AIRFLOW_CTX_TRY_NUMBER='1' AIRFLOW_CTX_DAG_RUN_ID='scheduled__2023-12-16T04:00:00+00:00'
[2023-12-17T12:19:16.733+0000] {logging_mixin.py:154} INFO - city           object
country        object
unit           object
last_value    float64
lat           float64
lng           float64
dtype: object
[2023-12-17T12:19:16.746+0000] {base.py:73} INFO - Using connection ID 'neonServerDB-Postgres' for task execution.
[2023-12-17T12:19:17.292+0000] {python.py:194} INFO - Done. Returned value was: None
[2023-12-17T12:19:17.304+0000] {taskinstance.py:1400} INFO - Marking task as SUCCESS. dag_id=air_quality, task_id=Insert_Data, execution_date=20231216T040000, start_date=20231217T121915, end_date=20231217T121917
[2023-12-17T12:19:17.363+0000] {local_task_job_runner.py:228} INFO - Task exited with return code 0
[2023-12-17T12:19:17.384+0000] {taskinstance.py:2778} INFO - 0 downstream tasks scheduled from follow-on schedule check
[2023-12-28T16:52:16.120+0000] {logging_mixin.py:154} INFO - Changing /opt/***/logs/dag_id=air_quality/run_id=scheduled__2023-12-16T04:00:00+00:00/task_id=Insert_Data permission to 509
[2023-12-28T16:52:16.135+0000] {logging_mixin.py:154} INFO - Failed to change /opt/***/logs/dag_id=air_quality/run_id=scheduled__2023-12-16T04:00:00+00:00/task_id=Insert_Data permission to 509: [Errno 1] Operation not permitted: '/opt/***/logs/dag_id=air_quality/run_id=scheduled__2023-12-16T04:00:00+00:00/task_id=Insert_Data'
[2023-12-28T16:52:16.377+0000] {logging_mixin.py:154} INFO - Changing /opt/***/logs/dag_id=air_quality/run_id=scheduled__2023-12-16T04:00:00+00:00/task_id=Insert_Data permission to 509
[2023-12-28T16:52:16.410+0000] {logging_mixin.py:154} INFO - Failed to change /opt/***/logs/dag_id=air_quality/run_id=scheduled__2023-12-16T04:00:00+00:00/task_id=Insert_Data permission to 509: [Errno 1] Operation not permitted: '/opt/***/logs/dag_id=air_quality/run_id=scheduled__2023-12-16T04:00:00+00:00/task_id=Insert_Data'
[2023-12-28T16:52:16.603+0000] {taskinstance.py:1159} INFO - Dependencies all met for dep_context=non-requeueable deps ti=<TaskInstance: air_quality.Insert_Data scheduled__2023-12-16T04:00:00+00:00 [queued]>
[2023-12-28T16:52:16.684+0000] {taskinstance.py:1159} INFO - Dependencies all met for dep_context=requeueable deps ti=<TaskInstance: air_quality.Insert_Data scheduled__2023-12-16T04:00:00+00:00 [queued]>
[2023-12-28T16:52:16.687+0000] {taskinstance.py:1361} INFO - Starting attempt 1 of 2
[2023-12-28T16:52:16.761+0000] {taskinstance.py:1382} INFO - Executing <Task(PythonOperator): Insert_Data> on 2023-12-16 04:00:00+00:00
[2023-12-28T16:52:16.771+0000] {standard_task_runner.py:57} INFO - Started process 418 to run task
[2023-12-28T16:52:16.823+0000] {standard_task_runner.py:84} INFO - Running: ['***', 'tasks', 'run', 'air_quality', 'Insert_Data', 'scheduled__2023-12-16T04:00:00+00:00', '--job-id', '928', '--raw', '--subdir', 'DAGS_FOLDER/airQuality.py', '--cfg-path', '/tmp/tmp0bz7d_0w']
[2023-12-28T16:52:16.830+0000] {standard_task_runner.py:85} INFO - Job 928: Subtask Insert_Data
[2023-12-28T16:52:17.195+0000] {logging_mixin.py:154} INFO - Changing /opt/***/logs/dag_id=air_quality/run_id=scheduled__2023-12-16T04:00:00+00:00/task_id=Insert_Data permission to 509
[2023-12-28T16:52:17.217+0000] {logging_mixin.py:154} INFO - Failed to change /opt/***/logs/dag_id=air_quality/run_id=scheduled__2023-12-16T04:00:00+00:00/task_id=Insert_Data permission to 509: [Errno 1] Operation not permitted: '/opt/***/logs/dag_id=air_quality/run_id=scheduled__2023-12-16T04:00:00+00:00/task_id=Insert_Data'
[2023-12-28T16:52:17.225+0000] {task_command.py:416} INFO - Running <TaskInstance: air_quality.Insert_Data scheduled__2023-12-16T04:00:00+00:00 [running]> on host d67dd4682ccf
[2023-12-28T16:52:17.829+0000] {taskinstance.py:1662} INFO - Exporting env vars: AIRFLOW_CTX_DAG_OWNER='ghifari' AIRFLOW_CTX_DAG_ID='air_quality' AIRFLOW_CTX_TASK_ID='Insert_Data' AIRFLOW_CTX_EXECUTION_DATE='2023-12-16T04:00:00+00:00' AIRFLOW_CTX_TRY_NUMBER='1' AIRFLOW_CTX_DAG_RUN_ID='scheduled__2023-12-16T04:00:00+00:00'
[2023-12-28T16:52:19.696+0000] {logging_mixin.py:154} INFO - city           object
country        object
unit           object
last_value    float64
lat           float64
lng           float64
dtype: object
[2023-12-28T16:52:19.729+0000] {base.py:73} INFO - Using connection ID 'neonServerDB-Postgres' for task execution.
[2023-12-28T16:52:20.236+0000] {python.py:194} INFO - Done. Returned value was: None
[2023-12-28T16:52:20.299+0000] {taskinstance.py:1400} INFO - Marking task as SUCCESS. dag_id=air_quality, task_id=Insert_Data, execution_date=20231216T040000, start_date=20231228T165216, end_date=20231228T165220
[2023-12-28T16:52:20.436+0000] {local_task_job_runner.py:228} INFO - Task exited with return code 0
[2023-12-28T16:52:20.751+0000] {taskinstance.py:2778} INFO - 0 downstream tasks scheduled from follow-on schedule check
[2023-12-28T16:55:22.647+0000] {logging_mixin.py:154} INFO - Changing /opt/***/logs/dag_id=air_quality/run_id=scheduled__2023-12-16T04:00:00+00:00/task_id=Insert_Data permission to 509
[2023-12-28T16:55:22.653+0000] {logging_mixin.py:154} INFO - Failed to change /opt/***/logs/dag_id=air_quality/run_id=scheduled__2023-12-16T04:00:00+00:00/task_id=Insert_Data permission to 509: [Errno 1] Operation not permitted: '/opt/***/logs/dag_id=air_quality/run_id=scheduled__2023-12-16T04:00:00+00:00/task_id=Insert_Data'
[2023-12-28T16:55:22.835+0000] {logging_mixin.py:154} INFO - Changing /opt/***/logs/dag_id=air_quality/run_id=scheduled__2023-12-16T04:00:00+00:00/task_id=Insert_Data permission to 509
[2023-12-28T16:55:22.854+0000] {logging_mixin.py:154} INFO - Failed to change /opt/***/logs/dag_id=air_quality/run_id=scheduled__2023-12-16T04:00:00+00:00/task_id=Insert_Data permission to 509: [Errno 1] Operation not permitted: '/opt/***/logs/dag_id=air_quality/run_id=scheduled__2023-12-16T04:00:00+00:00/task_id=Insert_Data'
[2023-12-28T16:55:22.999+0000] {taskinstance.py:1159} INFO - Dependencies all met for dep_context=non-requeueable deps ti=<TaskInstance: air_quality.Insert_Data scheduled__2023-12-16T04:00:00+00:00 [queued]>
[2023-12-28T16:55:23.073+0000] {taskinstance.py:1159} INFO - Dependencies all met for dep_context=requeueable deps ti=<TaskInstance: air_quality.Insert_Data scheduled__2023-12-16T04:00:00+00:00 [queued]>
[2023-12-28T16:55:23.074+0000] {taskinstance.py:1361} INFO - Starting attempt 1 of 2
[2023-12-28T16:55:23.166+0000] {taskinstance.py:1382} INFO - Executing <Task(PythonOperator): Insert_Data> on 2023-12-16 04:00:00+00:00
[2023-12-28T16:55:23.195+0000] {standard_task_runner.py:57} INFO - Started process 1445 to run task
[2023-12-28T16:55:23.200+0000] {standard_task_runner.py:84} INFO - Running: ['***', 'tasks', 'run', 'air_quality', 'Insert_Data', 'scheduled__2023-12-16T04:00:00+00:00', '--job-id', '1179', '--raw', '--subdir', 'DAGS_FOLDER/airQuality.py', '--cfg-path', '/tmp/tmpp3wmllc3']
[2023-12-28T16:55:23.214+0000] {standard_task_runner.py:85} INFO - Job 1179: Subtask Insert_Data
[2023-12-28T16:55:23.492+0000] {logging_mixin.py:154} INFO - Changing /opt/***/logs/dag_id=air_quality/run_id=scheduled__2023-12-16T04:00:00+00:00/task_id=Insert_Data permission to 509
[2023-12-28T16:55:23.499+0000] {logging_mixin.py:154} INFO - Failed to change /opt/***/logs/dag_id=air_quality/run_id=scheduled__2023-12-16T04:00:00+00:00/task_id=Insert_Data permission to 509: [Errno 1] Operation not permitted: '/opt/***/logs/dag_id=air_quality/run_id=scheduled__2023-12-16T04:00:00+00:00/task_id=Insert_Data'
[2023-12-28T16:55:23.510+0000] {task_command.py:416} INFO - Running <TaskInstance: air_quality.Insert_Data scheduled__2023-12-16T04:00:00+00:00 [running]> on host d67dd4682ccf
[2023-12-28T16:55:23.810+0000] {taskinstance.py:1662} INFO - Exporting env vars: AIRFLOW_CTX_DAG_OWNER='ghifari' AIRFLOW_CTX_DAG_ID='air_quality' AIRFLOW_CTX_TASK_ID='Insert_Data' AIRFLOW_CTX_EXECUTION_DATE='2023-12-16T04:00:00+00:00' AIRFLOW_CTX_TRY_NUMBER='1' AIRFLOW_CTX_DAG_RUN_ID='scheduled__2023-12-16T04:00:00+00:00'
[2023-12-28T16:55:25.062+0000] {logging_mixin.py:154} INFO - city           object
country        object
unit           object
last_value    float64
lat           float64
lng           float64
dtype: object
[2023-12-28T16:55:25.084+0000] {base.py:73} INFO - Using connection ID 'neonServerDB-Postgres' for task execution.
[2023-12-28T16:55:25.335+0000] {python.py:194} INFO - Done. Returned value was: None
[2023-12-28T16:55:25.361+0000] {taskinstance.py:1400} INFO - Marking task as SUCCESS. dag_id=air_quality, task_id=Insert_Data, execution_date=20231216T040000, start_date=20231228T165523, end_date=20231228T165525
[2023-12-28T16:55:25.453+0000] {local_task_job_runner.py:228} INFO - Task exited with return code 0
[2023-12-28T16:55:25.500+0000] {taskinstance.py:2778} INFO - 0 downstream tasks scheduled from follow-on schedule check
