[2023-12-17T11:18:37.810+0000] {logging_mixin.py:154} INFO - Changing /opt/***/logs/dag_id=air_quality/run_id=scheduled__2023-11-23T04:00:00+00:00/task_id=CheckTable permission to 509
[2023-12-17T11:18:37.813+0000] {logging_mixin.py:154} INFO - Failed to change /opt/***/logs/dag_id=air_quality/run_id=scheduled__2023-11-23T04:00:00+00:00/task_id=CheckTable permission to 509: [Errno 1] Operation not permitted: '/opt/***/logs/dag_id=air_quality/run_id=scheduled__2023-11-23T04:00:00+00:00/task_id=CheckTable'
[2023-12-17T11:18:37.992+0000] {logging_mixin.py:154} INFO - Changing /opt/***/logs/dag_id=air_quality/run_id=scheduled__2023-11-23T04:00:00+00:00/task_id=CheckTable permission to 509
[2023-12-17T11:18:37.993+0000] {logging_mixin.py:154} INFO - Failed to change /opt/***/logs/dag_id=air_quality/run_id=scheduled__2023-11-23T04:00:00+00:00/task_id=CheckTable permission to 509: [Errno 1] Operation not permitted: '/opt/***/logs/dag_id=air_quality/run_id=scheduled__2023-11-23T04:00:00+00:00/task_id=CheckTable'
[2023-12-17T11:18:38.140+0000] {taskinstance.py:1159} INFO - Dependencies all met for dep_context=non-requeueable deps ti=<TaskInstance: air_quality.CheckTable scheduled__2023-11-23T04:00:00+00:00 [queued]>
[2023-12-17T11:18:38.230+0000] {taskinstance.py:1159} INFO - Dependencies all met for dep_context=requeueable deps ti=<TaskInstance: air_quality.CheckTable scheduled__2023-11-23T04:00:00+00:00 [queued]>
[2023-12-17T11:18:38.238+0000] {taskinstance.py:1361} INFO - Starting attempt 1 of 2
[2023-12-17T11:18:38.584+0000] {taskinstance.py:1382} INFO - Executing <Task(BranchPythonOperator): CheckTable> on 2023-11-23 04:00:00+00:00
[2023-12-17T11:18:38.597+0000] {standard_task_runner.py:57} INFO - Started process 2085 to run task
[2023-12-17T11:18:38.618+0000] {standard_task_runner.py:84} INFO - Running: ['***', 'tasks', 'run', 'air_quality', 'CheckTable', 'scheduled__2023-11-23T04:00:00+00:00', '--job-id', '334', '--raw', '--subdir', 'DAGS_FOLDER/airQuality.py', '--cfg-path', '/tmp/tmpbhhb7_sm']
[2023-12-17T11:18:38.629+0000] {standard_task_runner.py:85} INFO - Job 334: Subtask CheckTable
[2023-12-17T11:18:38.892+0000] {logging_mixin.py:154} INFO - Changing /opt/***/logs/dag_id=air_quality/run_id=scheduled__2023-11-23T04:00:00+00:00/task_id=CheckTable permission to 509
[2023-12-17T11:18:38.894+0000] {logging_mixin.py:154} INFO - Failed to change /opt/***/logs/dag_id=air_quality/run_id=scheduled__2023-11-23T04:00:00+00:00/task_id=CheckTable permission to 509: [Errno 1] Operation not permitted: '/opt/***/logs/dag_id=air_quality/run_id=scheduled__2023-11-23T04:00:00+00:00/task_id=CheckTable'
[2023-12-17T11:18:38.898+0000] {task_command.py:416} INFO - Running <TaskInstance: air_quality.CheckTable scheduled__2023-11-23T04:00:00+00:00 [running]> on host 1a58977f5573
[2023-12-17T11:18:39.389+0000] {taskinstance.py:1662} INFO - Exporting env vars: AIRFLOW_CTX_DAG_OWNER='ghifari' AIRFLOW_CTX_DAG_ID='air_quality' AIRFLOW_CTX_TASK_ID='CheckTable' AIRFLOW_CTX_EXECUTION_DATE='2023-11-23T04:00:00+00:00' AIRFLOW_CTX_TRY_NUMBER='1' AIRFLOW_CTX_DAG_RUN_ID='scheduled__2023-11-23T04:00:00+00:00'
[2023-12-17T11:18:39.437+0000] {airQuality.py:204} INFO - Table Created: 
        CREATE TABLE air_quality (
            id serial primary key, 
            city varchar(250),
            country varchar(250), 
            unit varchar(20), 
            last_value float8, 
            lat float8,
            lng float8
        )
    
[2023-12-17T11:18:39.438+0000] {python.py:194} INFO - Done. Returned value was: Insert_Data
[2023-12-17T11:18:39.439+0000] {python.py:227} INFO - Branch callable return Insert_Data
[2023-12-17T11:18:39.440+0000] {skipmixin.py:173} INFO - Following branch Insert_Data
[2023-12-17T11:18:39.500+0000] {skipmixin.py:239} INFO - Skipping tasks []
[2023-12-17T11:18:39.692+0000] {taskinstance.py:1400} INFO - Marking task as SUCCESS. dag_id=air_quality, task_id=CheckTable, execution_date=20231123T040000, start_date=20231217T111838, end_date=20231217T111839
[2023-12-17T11:18:39.765+0000] {local_task_job_runner.py:228} INFO - Task exited with return code 0
[2023-12-17T11:18:39.868+0000] {taskinstance.py:2778} INFO - 1 downstream tasks scheduled from follow-on schedule check
[2023-12-28T16:54:20.546+0000] {logging_mixin.py:154} INFO - Changing /opt/***/logs/dag_id=air_quality/run_id=scheduled__2023-11-23T04:00:00+00:00/task_id=CheckTable permission to 509
[2023-12-28T16:54:20.551+0000] {logging_mixin.py:154} INFO - Failed to change /opt/***/logs/dag_id=air_quality/run_id=scheduled__2023-11-23T04:00:00+00:00/task_id=CheckTable permission to 509: [Errno 1] Operation not permitted: '/opt/***/logs/dag_id=air_quality/run_id=scheduled__2023-11-23T04:00:00+00:00/task_id=CheckTable'
[2023-12-28T16:54:20.764+0000] {logging_mixin.py:154} INFO - Changing /opt/***/logs/dag_id=air_quality/run_id=scheduled__2023-11-23T04:00:00+00:00/task_id=CheckTable permission to 509
[2023-12-28T16:54:20.767+0000] {logging_mixin.py:154} INFO - Failed to change /opt/***/logs/dag_id=air_quality/run_id=scheduled__2023-11-23T04:00:00+00:00/task_id=CheckTable permission to 509: [Errno 1] Operation not permitted: '/opt/***/logs/dag_id=air_quality/run_id=scheduled__2023-11-23T04:00:00+00:00/task_id=CheckTable'
[2023-12-28T16:54:20.918+0000] {taskinstance.py:1159} INFO - Dependencies all met for dep_context=non-requeueable deps ti=<TaskInstance: air_quality.CheckTable scheduled__2023-11-23T04:00:00+00:00 [queued]>
[2023-12-28T16:54:20.954+0000] {taskinstance.py:1159} INFO - Dependencies all met for dep_context=requeueable deps ti=<TaskInstance: air_quality.CheckTable scheduled__2023-11-23T04:00:00+00:00 [queued]>
[2023-12-28T16:54:20.957+0000] {taskinstance.py:1361} INFO - Starting attempt 1 of 2
[2023-12-28T16:54:21.053+0000] {taskinstance.py:1382} INFO - Executing <Task(BranchPythonOperator): CheckTable> on 2023-11-23 04:00:00+00:00
[2023-12-28T16:54:21.065+0000] {standard_task_runner.py:57} INFO - Started process 903 to run task
[2023-12-28T16:54:21.075+0000] {standard_task_runner.py:84} INFO - Running: ['***', 'tasks', 'run', 'air_quality', 'CheckTable', 'scheduled__2023-11-23T04:00:00+00:00', '--job-id', '1056', '--raw', '--subdir', 'DAGS_FOLDER/airQuality.py', '--cfg-path', '/tmp/tmpog8ujpdc']
[2023-12-28T16:54:21.099+0000] {standard_task_runner.py:85} INFO - Job 1056: Subtask CheckTable
[2023-12-28T16:54:21.486+0000] {logging_mixin.py:154} INFO - Changing /opt/***/logs/dag_id=air_quality/run_id=scheduled__2023-11-23T04:00:00+00:00/task_id=CheckTable permission to 509
[2023-12-28T16:54:21.489+0000] {logging_mixin.py:154} INFO - Failed to change /opt/***/logs/dag_id=air_quality/run_id=scheduled__2023-11-23T04:00:00+00:00/task_id=CheckTable permission to 509: [Errno 1] Operation not permitted: '/opt/***/logs/dag_id=air_quality/run_id=scheduled__2023-11-23T04:00:00+00:00/task_id=CheckTable'
[2023-12-28T16:54:21.541+0000] {task_command.py:416} INFO - Running <TaskInstance: air_quality.CheckTable scheduled__2023-11-23T04:00:00+00:00 [running]> on host d67dd4682ccf
[2023-12-28T16:54:22.255+0000] {taskinstance.py:1662} INFO - Exporting env vars: AIRFLOW_CTX_DAG_OWNER='ghifari' AIRFLOW_CTX_DAG_ID='air_quality' AIRFLOW_CTX_TASK_ID='CheckTable' AIRFLOW_CTX_EXECUTION_DATE='2023-11-23T04:00:00+00:00' AIRFLOW_CTX_TRY_NUMBER='1' AIRFLOW_CTX_DAG_RUN_ID='scheduled__2023-11-23T04:00:00+00:00'
[2023-12-28T16:54:22.354+0000] {airQuality.py:183} INFO - Table Created: 
        CREATE TABLE air_quality (
            id serial primary key, 
            city varchar(250),
            country varchar(250), 
            unit varchar(20), 
            last_value float8, 
            lat float8,
            lng float8
        )
    
[2023-12-28T16:54:22.360+0000] {python.py:194} INFO - Done. Returned value was: Insert_Data
[2023-12-28T16:54:22.363+0000] {python.py:227} INFO - Branch callable return Insert_Data
[2023-12-28T16:54:22.365+0000] {skipmixin.py:173} INFO - Following branch Insert_Data
[2023-12-28T16:54:22.426+0000] {skipmixin.py:239} INFO - Skipping tasks []
[2023-12-28T16:54:22.638+0000] {taskinstance.py:1400} INFO - Marking task as SUCCESS. dag_id=air_quality, task_id=CheckTable, execution_date=20231123T040000, start_date=20231228T165420, end_date=20231228T165422
[2023-12-28T16:54:22.985+0000] {local_task_job_runner.py:228} INFO - Task exited with return code 0
[2023-12-28T16:54:23.585+0000] {taskinstance.py:2778} INFO - 0 downstream tasks scheduled from follow-on schedule check
