[2023-12-17T12:17:52.521+0000] {logging_mixin.py:154} INFO - Changing /opt/***/logs/dag_id=air_quality/run_id=scheduled__2023-11-23T04:00:00+00:00/task_id=CheckTable permission to 509
[2023-12-17T12:17:52.535+0000] {logging_mixin.py:154} INFO - Failed to change /opt/***/logs/dag_id=air_quality/run_id=scheduled__2023-11-23T04:00:00+00:00/task_id=CheckTable permission to 509: [Errno 1] Operation not permitted: '/opt/***/logs/dag_id=air_quality/run_id=scheduled__2023-11-23T04:00:00+00:00/task_id=CheckTable'
[2023-12-17T12:17:52.706+0000] {logging_mixin.py:154} INFO - Changing /opt/***/logs/dag_id=air_quality/run_id=scheduled__2023-11-23T04:00:00+00:00/task_id=CheckTable permission to 509
[2023-12-17T12:17:52.712+0000] {logging_mixin.py:154} INFO - Failed to change /opt/***/logs/dag_id=air_quality/run_id=scheduled__2023-11-23T04:00:00+00:00/task_id=CheckTable permission to 509: [Errno 1] Operation not permitted: '/opt/***/logs/dag_id=air_quality/run_id=scheduled__2023-11-23T04:00:00+00:00/task_id=CheckTable'
[2023-12-17T12:17:52.937+0000] {taskinstance.py:1159} INFO - Dependencies all met for dep_context=non-requeueable deps ti=<TaskInstance: air_quality.CheckTable scheduled__2023-11-23T04:00:00+00:00 [queued]>
[2023-12-17T12:17:53.009+0000] {taskinstance.py:1159} INFO - Dependencies all met for dep_context=requeueable deps ti=<TaskInstance: air_quality.CheckTable scheduled__2023-11-23T04:00:00+00:00 [queued]>
[2023-12-17T12:17:53.012+0000] {taskinstance.py:1361} INFO - Starting attempt 2 of 3
[2023-12-17T12:17:53.231+0000] {taskinstance.py:1382} INFO - Executing <Task(BranchPythonOperator): CheckTable> on 2023-11-23 04:00:00+00:00
[2023-12-17T12:17:53.256+0000] {standard_task_runner.py:57} INFO - Started process 3821 to run task
[2023-12-17T12:17:53.283+0000] {standard_task_runner.py:84} INFO - Running: ['***', 'tasks', 'run', 'air_quality', 'CheckTable', 'scheduled__2023-11-23T04:00:00+00:00', '--job-id', '557', '--raw', '--subdir', 'DAGS_FOLDER/airQuality.py', '--cfg-path', '/tmp/tmp2stejckv']
[2023-12-17T12:17:53.318+0000] {standard_task_runner.py:85} INFO - Job 557: Subtask CheckTable
[2023-12-17T12:17:53.618+0000] {logging_mixin.py:154} INFO - Changing /opt/***/logs/dag_id=air_quality/run_id=scheduled__2023-11-23T04:00:00+00:00/task_id=CheckTable permission to 509
[2023-12-17T12:17:53.623+0000] {logging_mixin.py:154} INFO - Failed to change /opt/***/logs/dag_id=air_quality/run_id=scheduled__2023-11-23T04:00:00+00:00/task_id=CheckTable permission to 509: [Errno 1] Operation not permitted: '/opt/***/logs/dag_id=air_quality/run_id=scheduled__2023-11-23T04:00:00+00:00/task_id=CheckTable'
[2023-12-17T12:17:53.627+0000] {task_command.py:416} INFO - Running <TaskInstance: air_quality.CheckTable scheduled__2023-11-23T04:00:00+00:00 [running]> on host 1a58977f5573
[2023-12-17T12:17:53.989+0000] {taskinstance.py:1662} INFO - Exporting env vars: AIRFLOW_CTX_DAG_OWNER='ghifari' AIRFLOW_CTX_DAG_ID='air_quality' AIRFLOW_CTX_TASK_ID='CheckTable' AIRFLOW_CTX_EXECUTION_DATE='2023-11-23T04:00:00+00:00' AIRFLOW_CTX_TRY_NUMBER='2' AIRFLOW_CTX_DAG_RUN_ID='scheduled__2023-11-23T04:00:00+00:00'
[2023-12-17T12:17:54.081+0000] {airQuality.py:205} INFO - Table Created: 
        CREATE TABLE air_quality (
            id serial primary key, 
            city varchar(250),
            country varchar(250), 
            unit varchar(20), 
            last_value float8, 
            lat float8,
            lng float8
        )
    
[2023-12-17T12:17:54.085+0000] {python.py:194} INFO - Done. Returned value was: Insert_Data
[2023-12-17T12:17:54.093+0000] {python.py:227} INFO - Branch callable return Insert_Data
[2023-12-17T12:17:54.095+0000] {skipmixin.py:173} INFO - Following branch Insert_Data
[2023-12-17T12:17:54.170+0000] {skipmixin.py:239} INFO - Skipping tasks []
[2023-12-17T12:17:54.398+0000] {taskinstance.py:1400} INFO - Marking task as SUCCESS. dag_id=air_quality, task_id=CheckTable, execution_date=20231123T040000, start_date=20231217T121752, end_date=20231217T121754
[2023-12-17T12:17:54.531+0000] {local_task_job_runner.py:228} INFO - Task exited with return code 0
[2023-12-17T12:17:55.063+0000] {taskinstance.py:2778} INFO - 0 downstream tasks scheduled from follow-on schedule check
