[2023-12-28T16:08:57.288+0000] {logging_mixin.py:154} INFO - Changing /opt/***/logs/dag_id=air_quality/run_id=scheduled__2023-12-20T04:00:00+00:00/task_id=Transform permission to 509
[2023-12-28T16:08:57.304+0000] {logging_mixin.py:154} INFO - Failed to change /opt/***/logs/dag_id=air_quality/run_id=scheduled__2023-12-20T04:00:00+00:00/task_id=Transform permission to 509: [Errno 1] Operation not permitted: '/opt/***/logs/dag_id=air_quality/run_id=scheduled__2023-12-20T04:00:00+00:00/task_id=Transform'
[2023-12-28T16:08:57.613+0000] {logging_mixin.py:154} INFO - Changing /opt/***/logs/dag_id=air_quality/run_id=scheduled__2023-12-20T04:00:00+00:00/task_id=Transform permission to 509
[2023-12-28T16:08:57.622+0000] {logging_mixin.py:154} INFO - Failed to change /opt/***/logs/dag_id=air_quality/run_id=scheduled__2023-12-20T04:00:00+00:00/task_id=Transform permission to 509: [Errno 1] Operation not permitted: '/opt/***/logs/dag_id=air_quality/run_id=scheduled__2023-12-20T04:00:00+00:00/task_id=Transform'
[2023-12-28T16:08:57.997+0000] {taskinstance.py:1159} INFO - Dependencies all met for dep_context=non-requeueable deps ti=<TaskInstance: air_quality.Transform scheduled__2023-12-20T04:00:00+00:00 [queued]>
[2023-12-28T16:08:58.090+0000] {taskinstance.py:1159} INFO - Dependencies all met for dep_context=requeueable deps ti=<TaskInstance: air_quality.Transform scheduled__2023-12-20T04:00:00+00:00 [queued]>
[2023-12-28T16:08:58.101+0000] {taskinstance.py:1361} INFO - Starting attempt 1 of 2
[2023-12-28T16:08:58.232+0000] {taskinstance.py:1382} INFO - Executing <Task(PythonOperator): Transform> on 2023-12-20 04:00:00+00:00
[2023-12-28T16:08:58.253+0000] {standard_task_runner.py:57} INFO - Started process 538 to run task
[2023-12-28T16:08:58.309+0000] {standard_task_runner.py:84} INFO - Running: ['***', 'tasks', 'run', 'air_quality', 'Transform', 'scheduled__2023-12-20T04:00:00+00:00', '--job-id', '760', '--raw', '--subdir', 'DAGS_FOLDER/airQuality.py', '--cfg-path', '/tmp/tmp_wi09nz1']
[2023-12-28T16:08:58.347+0000] {standard_task_runner.py:85} INFO - Job 760: Subtask Transform
[2023-12-28T16:08:58.682+0000] {logging_mixin.py:154} INFO - Changing /opt/***/logs/dag_id=air_quality/run_id=scheduled__2023-12-20T04:00:00+00:00/task_id=Transform permission to 509
[2023-12-28T16:08:58.687+0000] {logging_mixin.py:154} INFO - Failed to change /opt/***/logs/dag_id=air_quality/run_id=scheduled__2023-12-20T04:00:00+00:00/task_id=Transform permission to 509: [Errno 1] Operation not permitted: '/opt/***/logs/dag_id=air_quality/run_id=scheduled__2023-12-20T04:00:00+00:00/task_id=Transform'
[2023-12-28T16:08:58.706+0000] {task_command.py:416} INFO - Running <TaskInstance: air_quality.Transform scheduled__2023-12-20T04:00:00+00:00 [running]> on host d67dd4682ccf
[2023-12-28T16:08:59.176+0000] {taskinstance.py:1662} INFO - Exporting env vars: AIRFLOW_CTX_DAG_OWNER='ghifari' AIRFLOW_CTX_DAG_ID='air_quality' AIRFLOW_CTX_TASK_ID='Transform' AIRFLOW_CTX_EXECUTION_DATE='2023-12-20T04:00:00+00:00' AIRFLOW_CTX_TRY_NUMBER='1' AIRFLOW_CTX_DAG_RUN_ID='scheduled__2023-12-20T04:00:00+00:00'
[2023-12-28T16:09:02.457+0000] {python.py:194} INFO - Done. Returned value was:       city country  unit  last_value       lat         lng
0  Jakarta      ID  pm25      -999.0 -6.182536  106.834236
[2023-12-28T16:09:02.679+0000] {taskinstance.py:1400} INFO - Marking task as SUCCESS. dag_id=air_quality, task_id=Transform, execution_date=20231220T040000, start_date=20231228T160858, end_date=20231228T160902
[2023-12-28T16:09:02.989+0000] {local_task_job_runner.py:228} INFO - Task exited with return code 0
[2023-12-28T16:09:03.167+0000] {taskinstance.py:2778} INFO - 1 downstream tasks scheduled from follow-on schedule check
[2023-12-28T16:52:04.647+0000] {logging_mixin.py:154} INFO - Changing /opt/***/logs/dag_id=air_quality/run_id=scheduled__2023-12-20T04:00:00+00:00/task_id=Transform permission to 509
[2023-12-28T16:52:04.650+0000] {logging_mixin.py:154} INFO - Failed to change /opt/***/logs/dag_id=air_quality/run_id=scheduled__2023-12-20T04:00:00+00:00/task_id=Transform permission to 509: [Errno 1] Operation not permitted: '/opt/***/logs/dag_id=air_quality/run_id=scheduled__2023-12-20T04:00:00+00:00/task_id=Transform'
[2023-12-28T16:52:04.765+0000] {logging_mixin.py:154} INFO - Changing /opt/***/logs/dag_id=air_quality/run_id=scheduled__2023-12-20T04:00:00+00:00/task_id=Transform permission to 509
[2023-12-28T16:52:04.768+0000] {logging_mixin.py:154} INFO - Failed to change /opt/***/logs/dag_id=air_quality/run_id=scheduled__2023-12-20T04:00:00+00:00/task_id=Transform permission to 509: [Errno 1] Operation not permitted: '/opt/***/logs/dag_id=air_quality/run_id=scheduled__2023-12-20T04:00:00+00:00/task_id=Transform'
[2023-12-28T16:52:04.936+0000] {taskinstance.py:1159} INFO - Dependencies all met for dep_context=non-requeueable deps ti=<TaskInstance: air_quality.Transform scheduled__2023-12-20T04:00:00+00:00 [queued]>
[2023-12-28T16:52:04.978+0000] {taskinstance.py:1159} INFO - Dependencies all met for dep_context=requeueable deps ti=<TaskInstance: air_quality.Transform scheduled__2023-12-20T04:00:00+00:00 [queued]>
[2023-12-28T16:52:04.979+0000] {taskinstance.py:1361} INFO - Starting attempt 1 of 2
[2023-12-28T16:52:05.030+0000] {taskinstance.py:1382} INFO - Executing <Task(PythonOperator): Transform> on 2023-12-20 04:00:00+00:00
[2023-12-28T16:52:05.042+0000] {standard_task_runner.py:57} INFO - Started process 312 to run task
[2023-12-28T16:52:05.066+0000] {standard_task_runner.py:84} INFO - Running: ['***', 'tasks', 'run', 'air_quality', 'Transform', 'scheduled__2023-12-20T04:00:00+00:00', '--job-id', '901', '--raw', '--subdir', 'DAGS_FOLDER/airQuality.py', '--cfg-path', '/tmp/tmpov2wqi17']
[2023-12-28T16:52:05.068+0000] {standard_task_runner.py:85} INFO - Job 901: Subtask Transform
[2023-12-28T16:52:05.429+0000] {logging_mixin.py:154} INFO - Changing /opt/***/logs/dag_id=air_quality/run_id=scheduled__2023-12-20T04:00:00+00:00/task_id=Transform permission to 509
[2023-12-28T16:52:05.430+0000] {logging_mixin.py:154} INFO - Failed to change /opt/***/logs/dag_id=air_quality/run_id=scheduled__2023-12-20T04:00:00+00:00/task_id=Transform permission to 509: [Errno 1] Operation not permitted: '/opt/***/logs/dag_id=air_quality/run_id=scheduled__2023-12-20T04:00:00+00:00/task_id=Transform'
[2023-12-28T16:52:05.449+0000] {task_command.py:416} INFO - Running <TaskInstance: air_quality.Transform scheduled__2023-12-20T04:00:00+00:00 [running]> on host d67dd4682ccf
[2023-12-28T16:52:06.004+0000] {taskinstance.py:1662} INFO - Exporting env vars: AIRFLOW_CTX_DAG_OWNER='ghifari' AIRFLOW_CTX_DAG_ID='air_quality' AIRFLOW_CTX_TASK_ID='Transform' AIRFLOW_CTX_EXECUTION_DATE='2023-12-20T04:00:00+00:00' AIRFLOW_CTX_TRY_NUMBER='1' AIRFLOW_CTX_DAG_RUN_ID='scheduled__2023-12-20T04:00:00+00:00'
[2023-12-28T16:52:09.198+0000] {python.py:194} INFO - Done. Returned value was:       city country unit  last_value       lat         lng
0  Jakarta      ID   o3      -0.999 -6.182536  106.834236
[2023-12-28T16:52:09.426+0000] {taskinstance.py:1400} INFO - Marking task as SUCCESS. dag_id=air_quality, task_id=Transform, execution_date=20231220T040000, start_date=20231228T165204, end_date=20231228T165209
[2023-12-28T16:52:09.660+0000] {local_task_job_runner.py:228} INFO - Task exited with return code 0
[2023-12-28T16:52:09.855+0000] {taskinstance.py:2778} INFO - 1 downstream tasks scheduled from follow-on schedule check
[2023-12-28T16:52:39.702+0000] {logging_mixin.py:154} INFO - Changing /opt/***/logs/dag_id=air_quality/run_id=scheduled__2023-12-20T04:00:00+00:00/task_id=Transform permission to 509
[2023-12-28T16:52:39.705+0000] {logging_mixin.py:154} INFO - Failed to change /opt/***/logs/dag_id=air_quality/run_id=scheduled__2023-12-20T04:00:00+00:00/task_id=Transform permission to 509: [Errno 1] Operation not permitted: '/opt/***/logs/dag_id=air_quality/run_id=scheduled__2023-12-20T04:00:00+00:00/task_id=Transform'
[2023-12-28T16:52:39.796+0000] {logging_mixin.py:154} INFO - Changing /opt/***/logs/dag_id=air_quality/run_id=scheduled__2023-12-20T04:00:00+00:00/task_id=Transform permission to 509
[2023-12-28T16:52:39.798+0000] {logging_mixin.py:154} INFO - Failed to change /opt/***/logs/dag_id=air_quality/run_id=scheduled__2023-12-20T04:00:00+00:00/task_id=Transform permission to 509: [Errno 1] Operation not permitted: '/opt/***/logs/dag_id=air_quality/run_id=scheduled__2023-12-20T04:00:00+00:00/task_id=Transform'
[2023-12-28T16:52:39.915+0000] {taskinstance.py:1159} INFO - Dependencies all met for dep_context=non-requeueable deps ti=<TaskInstance: air_quality.Transform scheduled__2023-12-20T04:00:00+00:00 [queued]>
[2023-12-28T16:52:39.973+0000] {taskinstance.py:1159} INFO - Dependencies all met for dep_context=requeueable deps ti=<TaskInstance: air_quality.Transform scheduled__2023-12-20T04:00:00+00:00 [queued]>
[2023-12-28T16:52:39.982+0000] {taskinstance.py:1361} INFO - Starting attempt 1 of 2
[2023-12-28T16:52:40.032+0000] {taskinstance.py:1382} INFO - Executing <Task(PythonOperator): Transform> on 2023-12-20 04:00:00+00:00
[2023-12-28T16:52:40.046+0000] {standard_task_runner.py:57} INFO - Started process 643 to run task
[2023-12-28T16:52:40.056+0000] {standard_task_runner.py:84} INFO - Running: ['***', 'tasks', 'run', 'air_quality', 'Transform', 'scheduled__2023-12-20T04:00:00+00:00', '--job-id', '975', '--raw', '--subdir', 'DAGS_FOLDER/airQuality.py', '--cfg-path', '/tmp/tmprj_jhum5']
[2023-12-28T16:52:40.060+0000] {standard_task_runner.py:85} INFO - Job 975: Subtask Transform
[2023-12-28T16:52:40.400+0000] {logging_mixin.py:154} INFO - Changing /opt/***/logs/dag_id=air_quality/run_id=scheduled__2023-12-20T04:00:00+00:00/task_id=Transform permission to 509
[2023-12-28T16:52:40.402+0000] {logging_mixin.py:154} INFO - Failed to change /opt/***/logs/dag_id=air_quality/run_id=scheduled__2023-12-20T04:00:00+00:00/task_id=Transform permission to 509: [Errno 1] Operation not permitted: '/opt/***/logs/dag_id=air_quality/run_id=scheduled__2023-12-20T04:00:00+00:00/task_id=Transform'
[2023-12-28T16:52:40.408+0000] {task_command.py:416} INFO - Running <TaskInstance: air_quality.Transform scheduled__2023-12-20T04:00:00+00:00 [running]> on host d67dd4682ccf
[2023-12-28T16:52:40.849+0000] {taskinstance.py:1662} INFO - Exporting env vars: AIRFLOW_CTX_DAG_OWNER='ghifari' AIRFLOW_CTX_DAG_ID='air_quality' AIRFLOW_CTX_TASK_ID='Transform' AIRFLOW_CTX_EXECUTION_DATE='2023-12-20T04:00:00+00:00' AIRFLOW_CTX_TRY_NUMBER='1' AIRFLOW_CTX_DAG_RUN_ID='scheduled__2023-12-20T04:00:00+00:00'
[2023-12-28T16:52:43.060+0000] {python.py:194} INFO - Done. Returned value was:       city country unit  last_value       lat         lng
0  Jakarta      ID   o3      -0.999 -6.182536  106.834236
[2023-12-28T16:52:43.186+0000] {taskinstance.py:1400} INFO - Marking task as SUCCESS. dag_id=air_quality, task_id=Transform, execution_date=20231220T040000, start_date=20231228T165239, end_date=20231228T165243
[2023-12-28T16:52:43.261+0000] {local_task_job_runner.py:228} INFO - Task exited with return code 0
[2023-12-28T16:52:43.337+0000] {taskinstance.py:2778} INFO - 1 downstream tasks scheduled from follow-on schedule check
[2023-12-28T16:55:06.570+0000] {logging_mixin.py:154} INFO - Changing /opt/***/logs/dag_id=air_quality/run_id=scheduled__2023-12-20T04:00:00+00:00/task_id=Transform permission to 509
[2023-12-28T16:55:06.576+0000] {logging_mixin.py:154} INFO - Failed to change /opt/***/logs/dag_id=air_quality/run_id=scheduled__2023-12-20T04:00:00+00:00/task_id=Transform permission to 509: [Errno 1] Operation not permitted: '/opt/***/logs/dag_id=air_quality/run_id=scheduled__2023-12-20T04:00:00+00:00/task_id=Transform'
[2023-12-28T16:55:06.692+0000] {logging_mixin.py:154} INFO - Changing /opt/***/logs/dag_id=air_quality/run_id=scheduled__2023-12-20T04:00:00+00:00/task_id=Transform permission to 509
[2023-12-28T16:55:06.693+0000] {logging_mixin.py:154} INFO - Failed to change /opt/***/logs/dag_id=air_quality/run_id=scheduled__2023-12-20T04:00:00+00:00/task_id=Transform permission to 509: [Errno 1] Operation not permitted: '/opt/***/logs/dag_id=air_quality/run_id=scheduled__2023-12-20T04:00:00+00:00/task_id=Transform'
[2023-12-28T16:55:06.826+0000] {taskinstance.py:1159} INFO - Dependencies all met for dep_context=non-requeueable deps ti=<TaskInstance: air_quality.Transform scheduled__2023-12-20T04:00:00+00:00 [queued]>
[2023-12-28T16:55:06.870+0000] {taskinstance.py:1159} INFO - Dependencies all met for dep_context=requeueable deps ti=<TaskInstance: air_quality.Transform scheduled__2023-12-20T04:00:00+00:00 [queued]>
[2023-12-28T16:55:06.871+0000] {taskinstance.py:1361} INFO - Starting attempt 1 of 2
[2023-12-28T16:55:06.923+0000] {taskinstance.py:1382} INFO - Executing <Task(PythonOperator): Transform> on 2023-12-20 04:00:00+00:00
[2023-12-28T16:55:06.936+0000] {standard_task_runner.py:57} INFO - Started process 1295 to run task
[2023-12-28T16:55:06.951+0000] {standard_task_runner.py:84} INFO - Running: ['***', 'tasks', 'run', 'air_quality', 'Transform', 'scheduled__2023-12-20T04:00:00+00:00', '--job-id', '1145', '--raw', '--subdir', 'DAGS_FOLDER/airQuality.py', '--cfg-path', '/tmp/tmpm6rz9mel']
[2023-12-28T16:55:06.955+0000] {standard_task_runner.py:85} INFO - Job 1145: Subtask Transform
[2023-12-28T16:55:07.219+0000] {logging_mixin.py:154} INFO - Changing /opt/***/logs/dag_id=air_quality/run_id=scheduled__2023-12-20T04:00:00+00:00/task_id=Transform permission to 509
[2023-12-28T16:55:07.229+0000] {logging_mixin.py:154} INFO - Failed to change /opt/***/logs/dag_id=air_quality/run_id=scheduled__2023-12-20T04:00:00+00:00/task_id=Transform permission to 509: [Errno 1] Operation not permitted: '/opt/***/logs/dag_id=air_quality/run_id=scheduled__2023-12-20T04:00:00+00:00/task_id=Transform'
[2023-12-28T16:55:07.233+0000] {task_command.py:416} INFO - Running <TaskInstance: air_quality.Transform scheduled__2023-12-20T04:00:00+00:00 [running]> on host d67dd4682ccf
[2023-12-28T16:55:07.600+0000] {taskinstance.py:1662} INFO - Exporting env vars: AIRFLOW_CTX_DAG_OWNER='ghifari' AIRFLOW_CTX_DAG_ID='air_quality' AIRFLOW_CTX_TASK_ID='Transform' AIRFLOW_CTX_EXECUTION_DATE='2023-12-20T04:00:00+00:00' AIRFLOW_CTX_TRY_NUMBER='1' AIRFLOW_CTX_DAG_RUN_ID='scheduled__2023-12-20T04:00:00+00:00'
[2023-12-28T16:55:10.210+0000] {python.py:194} INFO - Done. Returned value was:       city country unit  last_value       lat         lng
0  Jakarta      ID   o3      -0.999 -6.182536  106.834236
[2023-12-28T16:55:10.409+0000] {taskinstance.py:1400} INFO - Marking task as SUCCESS. dag_id=air_quality, task_id=Transform, execution_date=20231220T040000, start_date=20231228T165506, end_date=20231228T165510
[2023-12-28T16:55:10.555+0000] {local_task_job_runner.py:228} INFO - Task exited with return code 0
[2023-12-28T16:55:10.714+0000] {taskinstance.py:2778} INFO - 1 downstream tasks scheduled from follow-on schedule check
