[2023-12-17T11:41:32.197+0000] {logging_mixin.py:154} INFO - Changing /opt/***/logs/dag_id=air_quality/run_id=manual__2023-12-17T11:41:30.854830+00:00/task_id=Extract permission to 509
[2023-12-17T11:41:32.198+0000] {logging_mixin.py:154} INFO - Failed to change /opt/***/logs/dag_id=air_quality/run_id=manual__2023-12-17T11:41:30.854830+00:00/task_id=Extract permission to 509: [Errno 1] Operation not permitted: '/opt/***/logs/dag_id=air_quality/run_id=manual__2023-12-17T11:41:30.854830+00:00/task_id=Extract'
[2023-12-17T11:41:32.237+0000] {logging_mixin.py:154} INFO - Changing /opt/***/logs/dag_id=air_quality/run_id=manual__2023-12-17T11:41:30.854830+00:00/task_id=Extract permission to 509
[2023-12-17T11:41:32.238+0000] {logging_mixin.py:154} INFO - Failed to change /opt/***/logs/dag_id=air_quality/run_id=manual__2023-12-17T11:41:30.854830+00:00/task_id=Extract permission to 509: [Errno 1] Operation not permitted: '/opt/***/logs/dag_id=air_quality/run_id=manual__2023-12-17T11:41:30.854830+00:00/task_id=Extract'
[2023-12-17T11:41:32.272+0000] {taskinstance.py:1159} INFO - Dependencies all met for dep_context=non-requeueable deps ti=<TaskInstance: air_quality.Extract manual__2023-12-17T11:41:30.854830+00:00 [queued]>
[2023-12-17T11:41:32.283+0000] {taskinstance.py:1159} INFO - Dependencies all met for dep_context=requeueable deps ti=<TaskInstance: air_quality.Extract manual__2023-12-17T11:41:30.854830+00:00 [queued]>
[2023-12-17T11:41:32.284+0000] {taskinstance.py:1361} INFO - Starting attempt 1 of 2
[2023-12-17T11:41:32.300+0000] {taskinstance.py:1382} INFO - Executing <Task(PythonOperator): Extract> on 2023-12-17 11:41:30.854830+00:00
[2023-12-17T11:41:32.304+0000] {standard_task_runner.py:57} INFO - Started process 2965 to run task
[2023-12-17T11:41:32.308+0000] {standard_task_runner.py:84} INFO - Running: ['***', 'tasks', 'run', 'air_quality', 'Extract', 'manual__2023-12-17T11:41:30.854830+00:00', '--job-id', '446', '--raw', '--subdir', 'DAGS_FOLDER/airQuality.py', '--cfg-path', '/tmp/tmpyefsi830']
[2023-12-17T11:41:32.309+0000] {standard_task_runner.py:85} INFO - Job 446: Subtask Extract
[2023-12-17T11:41:32.361+0000] {logging_mixin.py:154} INFO - Changing /opt/***/logs/dag_id=air_quality/run_id=manual__2023-12-17T11:41:30.854830+00:00/task_id=Extract permission to 509
[2023-12-17T11:41:32.361+0000] {logging_mixin.py:154} INFO - Failed to change /opt/***/logs/dag_id=air_quality/run_id=manual__2023-12-17T11:41:30.854830+00:00/task_id=Extract permission to 509: [Errno 1] Operation not permitted: '/opt/***/logs/dag_id=air_quality/run_id=manual__2023-12-17T11:41:30.854830+00:00/task_id=Extract'
[2023-12-17T11:41:32.364+0000] {task_command.py:416} INFO - Running <TaskInstance: air_quality.Extract manual__2023-12-17T11:41:30.854830+00:00 [running]> on host 1a58977f5573
[2023-12-17T11:41:32.463+0000] {taskinstance.py:1662} INFO - Exporting env vars: AIRFLOW_CTX_DAG_OWNER='ghifari' AIRFLOW_CTX_DAG_ID='air_quality' AIRFLOW_CTX_TASK_ID='Extract' AIRFLOW_CTX_EXECUTION_DATE='2023-12-17T11:41:30.854830+00:00' AIRFLOW_CTX_TRY_NUMBER='1' AIRFLOW_CTX_DAG_RUN_ID='manual__2023-12-17T11:41:30.854830+00:00'
[2023-12-17T11:41:32.730+0000] {python.py:194} INFO - Done. Returned value was: list index out of range
Please check key results.
[2023-12-17T11:41:32.781+0000] {taskinstance.py:1400} INFO - Marking task as SUCCESS. dag_id=air_quality, task_id=Extract, execution_date=20231217T114130, start_date=20231217T114132, end_date=20231217T114132
[2023-12-17T11:41:32.842+0000] {local_task_job_runner.py:228} INFO - Task exited with return code 0
[2023-12-17T11:41:32.910+0000] {taskinstance.py:2778} INFO - 1 downstream tasks scheduled from follow-on schedule check
