[2023-12-17T12:12:55.880+0000] {logging_mixin.py:154} INFO - Changing /opt/***/logs/dag_id=air_quality/run_id=manual__2023-12-17T12:12:49.185416+00:00/task_id=Transform permission to 509
[2023-12-17T12:12:55.884+0000] {logging_mixin.py:154} INFO - Failed to change /opt/***/logs/dag_id=air_quality/run_id=manual__2023-12-17T12:12:49.185416+00:00/task_id=Transform permission to 509: [Errno 1] Operation not permitted: '/opt/***/logs/dag_id=air_quality/run_id=manual__2023-12-17T12:12:49.185416+00:00/task_id=Transform'
[2023-12-17T12:12:56.004+0000] {logging_mixin.py:154} INFO - Changing /opt/***/logs/dag_id=air_quality/run_id=manual__2023-12-17T12:12:49.185416+00:00/task_id=Transform permission to 509
[2023-12-17T12:12:56.006+0000] {logging_mixin.py:154} INFO - Failed to change /opt/***/logs/dag_id=air_quality/run_id=manual__2023-12-17T12:12:49.185416+00:00/task_id=Transform permission to 509: [Errno 1] Operation not permitted: '/opt/***/logs/dag_id=air_quality/run_id=manual__2023-12-17T12:12:49.185416+00:00/task_id=Transform'
[2023-12-17T12:12:56.170+0000] {taskinstance.py:1159} INFO - Dependencies all met for dep_context=non-requeueable deps ti=<TaskInstance: air_quality.Transform manual__2023-12-17T12:12:49.185416+00:00 [queued]>
[2023-12-17T12:12:56.217+0000] {taskinstance.py:1159} INFO - Dependencies all met for dep_context=requeueable deps ti=<TaskInstance: air_quality.Transform manual__2023-12-17T12:12:49.185416+00:00 [queued]>
[2023-12-17T12:12:56.219+0000] {taskinstance.py:1361} INFO - Starting attempt 1 of 2
[2023-12-17T12:12:56.286+0000] {taskinstance.py:1382} INFO - Executing <Task(PythonOperator): Transform> on 2023-12-17 12:12:49.185416+00:00
[2023-12-17T12:12:56.301+0000] {standard_task_runner.py:57} INFO - Started process 3563 to run task
[2023-12-17T12:12:56.314+0000] {standard_task_runner.py:84} INFO - Running: ['***', 'tasks', 'run', 'air_quality', 'Transform', 'manual__2023-12-17T12:12:49.185416+00:00', '--job-id', '485', '--raw', '--subdir', 'DAGS_FOLDER/airQuality.py', '--cfg-path', '/tmp/tmpm6lemm4h']
[2023-12-17T12:12:56.318+0000] {standard_task_runner.py:85} INFO - Job 485: Subtask Transform
[2023-12-17T12:12:56.529+0000] {logging_mixin.py:154} INFO - Changing /opt/***/logs/dag_id=air_quality/run_id=manual__2023-12-17T12:12:49.185416+00:00/task_id=Transform permission to 509
[2023-12-17T12:12:56.531+0000] {logging_mixin.py:154} INFO - Failed to change /opt/***/logs/dag_id=air_quality/run_id=manual__2023-12-17T12:12:49.185416+00:00/task_id=Transform permission to 509: [Errno 1] Operation not permitted: '/opt/***/logs/dag_id=air_quality/run_id=manual__2023-12-17T12:12:49.185416+00:00/task_id=Transform'
[2023-12-17T12:12:56.538+0000] {task_command.py:416} INFO - Running <TaskInstance: air_quality.Transform manual__2023-12-17T12:12:49.185416+00:00 [running]> on host 1a58977f5573
[2023-12-17T12:12:56.913+0000] {taskinstance.py:1662} INFO - Exporting env vars: AIRFLOW_CTX_DAG_OWNER='ghifari' AIRFLOW_CTX_DAG_ID='air_quality' AIRFLOW_CTX_TASK_ID='Transform' AIRFLOW_CTX_EXECUTION_DATE='2023-12-17T12:12:49.185416+00:00' AIRFLOW_CTX_TRY_NUMBER='1' AIRFLOW_CTX_DAG_RUN_ID='manual__2023-12-17T12:12:49.185416+00:00'
[2023-12-17T12:12:58.508+0000] {python.py:194} INFO - Done. Returned value was:       city country unit  last_value       lat         lng
0  Jakarta      ID   o3      -0.999 -6.182536  106.834236
[2023-12-17T12:12:58.632+0000] {taskinstance.py:1400} INFO - Marking task as SUCCESS. dag_id=air_quality, task_id=Transform, execution_date=20231217T121249, start_date=20231217T121256, end_date=20231217T121258
[2023-12-17T12:12:58.746+0000] {local_task_job_runner.py:228} INFO - Task exited with return code 0
[2023-12-17T12:12:58.915+0000] {taskinstance.py:2778} INFO - 1 downstream tasks scheduled from follow-on schedule check
