[2023-12-17T11:19:15.635+0000] {logging_mixin.py:154} INFO - Changing /opt/***/logs/dag_id=air_quality/run_id=scheduled__2023-12-14T04:00:00+00:00/task_id=CheckTable permission to 509
[2023-12-17T11:19:15.641+0000] {logging_mixin.py:154} INFO - Failed to change /opt/***/logs/dag_id=air_quality/run_id=scheduled__2023-12-14T04:00:00+00:00/task_id=CheckTable permission to 509: [Errno 1] Operation not permitted: '/opt/***/logs/dag_id=air_quality/run_id=scheduled__2023-12-14T04:00:00+00:00/task_id=CheckTable'
[2023-12-17T11:19:15.862+0000] {logging_mixin.py:154} INFO - Changing /opt/***/logs/dag_id=air_quality/run_id=scheduled__2023-12-14T04:00:00+00:00/task_id=CheckTable permission to 509
[2023-12-17T11:19:15.863+0000] {logging_mixin.py:154} INFO - Failed to change /opt/***/logs/dag_id=air_quality/run_id=scheduled__2023-12-14T04:00:00+00:00/task_id=CheckTable permission to 509: [Errno 1] Operation not permitted: '/opt/***/logs/dag_id=air_quality/run_id=scheduled__2023-12-14T04:00:00+00:00/task_id=CheckTable'
[2023-12-17T11:19:15.979+0000] {taskinstance.py:1159} INFO - Dependencies all met for dep_context=non-requeueable deps ti=<TaskInstance: air_quality.CheckTable scheduled__2023-12-14T04:00:00+00:00 [queued]>
[2023-12-17T11:19:16.019+0000] {taskinstance.py:1159} INFO - Dependencies all met for dep_context=requeueable deps ti=<TaskInstance: air_quality.CheckTable scheduled__2023-12-14T04:00:00+00:00 [queued]>
[2023-12-17T11:19:16.020+0000] {taskinstance.py:1361} INFO - Starting attempt 1 of 2
[2023-12-17T11:19:16.080+0000] {taskinstance.py:1382} INFO - Executing <Task(BranchPythonOperator): CheckTable> on 2023-12-14 04:00:00+00:00
[2023-12-17T11:19:16.091+0000] {standard_task_runner.py:57} INFO - Started process 2474 to run task
[2023-12-17T11:19:16.098+0000] {standard_task_runner.py:84} INFO - Running: ['***', 'tasks', 'run', 'air_quality', 'CheckTable', 'scheduled__2023-12-14T04:00:00+00:00', '--job-id', '422', '--raw', '--subdir', 'DAGS_FOLDER/airQuality.py', '--cfg-path', '/tmp/tmprw5xhnl6']
[2023-12-17T11:19:16.109+0000] {standard_task_runner.py:85} INFO - Job 422: Subtask CheckTable
[2023-12-17T11:19:16.294+0000] {logging_mixin.py:154} INFO - Changing /opt/***/logs/dag_id=air_quality/run_id=scheduled__2023-12-14T04:00:00+00:00/task_id=CheckTable permission to 509
[2023-12-17T11:19:16.298+0000] {logging_mixin.py:154} INFO - Failed to change /opt/***/logs/dag_id=air_quality/run_id=scheduled__2023-12-14T04:00:00+00:00/task_id=CheckTable permission to 509: [Errno 1] Operation not permitted: '/opt/***/logs/dag_id=air_quality/run_id=scheduled__2023-12-14T04:00:00+00:00/task_id=CheckTable'
[2023-12-17T11:19:16.302+0000] {task_command.py:416} INFO - Running <TaskInstance: air_quality.CheckTable scheduled__2023-12-14T04:00:00+00:00 [running]> on host 1a58977f5573
[2023-12-17T11:19:16.584+0000] {taskinstance.py:1662} INFO - Exporting env vars: AIRFLOW_CTX_DAG_OWNER='ghifari' AIRFLOW_CTX_DAG_ID='air_quality' AIRFLOW_CTX_TASK_ID='CheckTable' AIRFLOW_CTX_EXECUTION_DATE='2023-12-14T04:00:00+00:00' AIRFLOW_CTX_TRY_NUMBER='1' AIRFLOW_CTX_DAG_RUN_ID='scheduled__2023-12-14T04:00:00+00:00'
[2023-12-17T11:19:16.633+0000] {airQuality.py:204} INFO - Table Created: 
        CREATE TABLE air_quality (
            id serial primary key, 
            city varchar(250),
            country varchar(250), 
            unit varchar(20), 
            last_value float8, 
            lat float8,
            lng float8
        )
    
[2023-12-17T11:19:16.637+0000] {python.py:194} INFO - Done. Returned value was: Insert_Data
[2023-12-17T11:19:16.639+0000] {python.py:227} INFO - Branch callable return Insert_Data
[2023-12-17T11:19:16.640+0000] {skipmixin.py:173} INFO - Following branch Insert_Data
[2023-12-17T11:19:16.680+0000] {skipmixin.py:239} INFO - Skipping tasks []
[2023-12-17T11:19:16.810+0000] {taskinstance.py:1400} INFO - Marking task as SUCCESS. dag_id=air_quality, task_id=CheckTable, execution_date=20231214T040000, start_date=20231217T111915, end_date=20231217T111916
[2023-12-17T11:19:16.925+0000] {local_task_job_runner.py:228} INFO - Task exited with return code 0
[2023-12-17T11:19:16.983+0000] {taskinstance.py:2778} INFO - 1 downstream tasks scheduled from follow-on schedule check
[2023-12-17T12:18:24.379+0000] {logging_mixin.py:154} INFO - Changing /opt/***/logs/dag_id=air_quality/run_id=scheduled__2023-12-14T04:00:00+00:00/task_id=CheckTable permission to 509
[2023-12-17T12:18:24.382+0000] {logging_mixin.py:154} INFO - Failed to change /opt/***/logs/dag_id=air_quality/run_id=scheduled__2023-12-14T04:00:00+00:00/task_id=CheckTable permission to 509: [Errno 1] Operation not permitted: '/opt/***/logs/dag_id=air_quality/run_id=scheduled__2023-12-14T04:00:00+00:00/task_id=CheckTable'
[2023-12-17T12:18:24.779+0000] {logging_mixin.py:154} INFO - Changing /opt/***/logs/dag_id=air_quality/run_id=scheduled__2023-12-14T04:00:00+00:00/task_id=CheckTable permission to 509
[2023-12-17T12:18:24.781+0000] {logging_mixin.py:154} INFO - Failed to change /opt/***/logs/dag_id=air_quality/run_id=scheduled__2023-12-14T04:00:00+00:00/task_id=CheckTable permission to 509: [Errno 1] Operation not permitted: '/opt/***/logs/dag_id=air_quality/run_id=scheduled__2023-12-14T04:00:00+00:00/task_id=CheckTable'
[2023-12-17T12:18:24.919+0000] {taskinstance.py:1159} INFO - Dependencies all met for dep_context=non-requeueable deps ti=<TaskInstance: air_quality.CheckTable scheduled__2023-12-14T04:00:00+00:00 [queued]>
[2023-12-17T12:18:25.010+0000] {taskinstance.py:1159} INFO - Dependencies all met for dep_context=requeueable deps ti=<TaskInstance: air_quality.CheckTable scheduled__2023-12-14T04:00:00+00:00 [queued]>
[2023-12-17T12:18:25.015+0000] {taskinstance.py:1361} INFO - Starting attempt 1 of 2
[2023-12-17T12:18:25.162+0000] {taskinstance.py:1382} INFO - Executing <Task(BranchPythonOperator): CheckTable> on 2023-12-14 04:00:00+00:00
[2023-12-17T12:18:25.173+0000] {standard_task_runner.py:57} INFO - Started process 4191 to run task
[2023-12-17T12:18:25.211+0000] {standard_task_runner.py:84} INFO - Running: ['***', 'tasks', 'run', 'air_quality', 'CheckTable', 'scheduled__2023-12-14T04:00:00+00:00', '--job-id', '630', '--raw', '--subdir', 'DAGS_FOLDER/airQuality.py', '--cfg-path', '/tmp/tmpenbvc3v4']
[2023-12-17T12:18:25.214+0000] {standard_task_runner.py:85} INFO - Job 630: Subtask CheckTable
[2023-12-17T12:18:25.416+0000] {logging_mixin.py:154} INFO - Changing /opt/***/logs/dag_id=air_quality/run_id=scheduled__2023-12-14T04:00:00+00:00/task_id=CheckTable permission to 509
[2023-12-17T12:18:25.422+0000] {logging_mixin.py:154} INFO - Failed to change /opt/***/logs/dag_id=air_quality/run_id=scheduled__2023-12-14T04:00:00+00:00/task_id=CheckTable permission to 509: [Errno 1] Operation not permitted: '/opt/***/logs/dag_id=air_quality/run_id=scheduled__2023-12-14T04:00:00+00:00/task_id=CheckTable'
[2023-12-17T12:18:25.467+0000] {task_command.py:416} INFO - Running <TaskInstance: air_quality.CheckTable scheduled__2023-12-14T04:00:00+00:00 [running]> on host 1a58977f5573
[2023-12-17T12:18:25.852+0000] {taskinstance.py:1662} INFO - Exporting env vars: AIRFLOW_CTX_DAG_OWNER='ghifari' AIRFLOW_CTX_DAG_ID='air_quality' AIRFLOW_CTX_TASK_ID='CheckTable' AIRFLOW_CTX_EXECUTION_DATE='2023-12-14T04:00:00+00:00' AIRFLOW_CTX_TRY_NUMBER='1' AIRFLOW_CTX_DAG_RUN_ID='scheduled__2023-12-14T04:00:00+00:00'
[2023-12-17T12:18:25.879+0000] {airQuality.py:205} INFO - Table Created: 
        CREATE TABLE air_quality (
            id serial primary key, 
            city varchar(250),
            country varchar(250), 
            unit varchar(20), 
            last_value float8, 
            lat float8,
            lng float8
        )
    
[2023-12-17T12:18:25.883+0000] {python.py:194} INFO - Done. Returned value was: Insert_Data
[2023-12-17T12:18:25.884+0000] {python.py:227} INFO - Branch callable return Insert_Data
[2023-12-17T12:18:25.885+0000] {skipmixin.py:173} INFO - Following branch Insert_Data
[2023-12-17T12:18:25.923+0000] {skipmixin.py:239} INFO - Skipping tasks []
[2023-12-17T12:18:26.035+0000] {taskinstance.py:1400} INFO - Marking task as SUCCESS. dag_id=air_quality, task_id=CheckTable, execution_date=20231214T040000, start_date=20231217T121824, end_date=20231217T121826
[2023-12-17T12:18:26.110+0000] {local_task_job_runner.py:228} INFO - Task exited with return code 0
[2023-12-17T12:18:26.226+0000] {taskinstance.py:2778} INFO - 1 downstream tasks scheduled from follow-on schedule check
[2023-12-17T12:19:13.593+0000] {logging_mixin.py:154} INFO - Changing /opt/***/logs/dag_id=air_quality/run_id=scheduled__2023-12-14T04:00:00+00:00/task_id=CheckTable permission to 509
[2023-12-17T12:19:13.595+0000] {logging_mixin.py:154} INFO - Failed to change /opt/***/logs/dag_id=air_quality/run_id=scheduled__2023-12-14T04:00:00+00:00/task_id=CheckTable permission to 509: [Errno 1] Operation not permitted: '/opt/***/logs/dag_id=air_quality/run_id=scheduled__2023-12-14T04:00:00+00:00/task_id=CheckTable'
[2023-12-17T12:19:13.657+0000] {logging_mixin.py:154} INFO - Changing /opt/***/logs/dag_id=air_quality/run_id=scheduled__2023-12-14T04:00:00+00:00/task_id=CheckTable permission to 509
[2023-12-17T12:19:13.659+0000] {logging_mixin.py:154} INFO - Failed to change /opt/***/logs/dag_id=air_quality/run_id=scheduled__2023-12-14T04:00:00+00:00/task_id=CheckTable permission to 509: [Errno 1] Operation not permitted: '/opt/***/logs/dag_id=air_quality/run_id=scheduled__2023-12-14T04:00:00+00:00/task_id=CheckTable'
[2023-12-17T12:19:13.723+0000] {taskinstance.py:1159} INFO - Dependencies all met for dep_context=non-requeueable deps ti=<TaskInstance: air_quality.CheckTable scheduled__2023-12-14T04:00:00+00:00 [queued]>
[2023-12-17T12:19:13.742+0000] {taskinstance.py:1159} INFO - Dependencies all met for dep_context=requeueable deps ti=<TaskInstance: air_quality.CheckTable scheduled__2023-12-14T04:00:00+00:00 [queued]>
[2023-12-17T12:19:13.743+0000] {taskinstance.py:1361} INFO - Starting attempt 1 of 2
[2023-12-17T12:19:13.785+0000] {taskinstance.py:1382} INFO - Executing <Task(BranchPythonOperator): CheckTable> on 2023-12-14 04:00:00+00:00
[2023-12-17T12:19:13.793+0000] {standard_task_runner.py:57} INFO - Started process 4626 to run task
[2023-12-17T12:19:13.800+0000] {standard_task_runner.py:84} INFO - Running: ['***', 'tasks', 'run', 'air_quality', 'CheckTable', 'scheduled__2023-12-14T04:00:00+00:00', '--job-id', '718', '--raw', '--subdir', 'DAGS_FOLDER/airQuality.py', '--cfg-path', '/tmp/tmpnqxjyxyf']
[2023-12-17T12:19:13.803+0000] {standard_task_runner.py:85} INFO - Job 718: Subtask CheckTable
[2023-12-17T12:19:13.897+0000] {logging_mixin.py:154} INFO - Changing /opt/***/logs/dag_id=air_quality/run_id=scheduled__2023-12-14T04:00:00+00:00/task_id=CheckTable permission to 509
[2023-12-17T12:19:13.898+0000] {logging_mixin.py:154} INFO - Failed to change /opt/***/logs/dag_id=air_quality/run_id=scheduled__2023-12-14T04:00:00+00:00/task_id=CheckTable permission to 509: [Errno 1] Operation not permitted: '/opt/***/logs/dag_id=air_quality/run_id=scheduled__2023-12-14T04:00:00+00:00/task_id=CheckTable'
[2023-12-17T12:19:13.902+0000] {task_command.py:416} INFO - Running <TaskInstance: air_quality.CheckTable scheduled__2023-12-14T04:00:00+00:00 [running]> on host 1a58977f5573
[2023-12-17T12:19:14.096+0000] {taskinstance.py:1662} INFO - Exporting env vars: AIRFLOW_CTX_DAG_OWNER='ghifari' AIRFLOW_CTX_DAG_ID='air_quality' AIRFLOW_CTX_TASK_ID='CheckTable' AIRFLOW_CTX_EXECUTION_DATE='2023-12-14T04:00:00+00:00' AIRFLOW_CTX_TRY_NUMBER='1' AIRFLOW_CTX_DAG_RUN_ID='scheduled__2023-12-14T04:00:00+00:00'
[2023-12-17T12:19:14.124+0000] {airQuality.py:205} INFO - Table Created: 
        CREATE TABLE air_quality (
            id serial primary key, 
            city varchar(250),
            country varchar(250), 
            unit varchar(20), 
            last_value float8, 
            lat float8,
            lng float8
        )
    
[2023-12-17T12:19:14.125+0000] {python.py:194} INFO - Done. Returned value was: Insert_Data
[2023-12-17T12:19:14.126+0000] {python.py:227} INFO - Branch callable return Insert_Data
[2023-12-17T12:19:14.127+0000] {skipmixin.py:173} INFO - Following branch Insert_Data
[2023-12-17T12:19:14.143+0000] {skipmixin.py:239} INFO - Skipping tasks []
[2023-12-17T12:19:14.216+0000] {taskinstance.py:1400} INFO - Marking task as SUCCESS. dag_id=air_quality, task_id=CheckTable, execution_date=20231214T040000, start_date=20231217T121913, end_date=20231217T121914
[2023-12-17T12:19:14.297+0000] {local_task_job_runner.py:228} INFO - Task exited with return code 0
[2023-12-17T12:19:14.349+0000] {taskinstance.py:2778} INFO - 1 downstream tasks scheduled from follow-on schedule check
[2023-12-28T16:52:09.254+0000] {logging_mixin.py:154} INFO - Changing /opt/***/logs/dag_id=air_quality/run_id=scheduled__2023-12-14T04:00:00+00:00/task_id=CheckTable permission to 509
[2023-12-28T16:52:09.259+0000] {logging_mixin.py:154} INFO - Failed to change /opt/***/logs/dag_id=air_quality/run_id=scheduled__2023-12-14T04:00:00+00:00/task_id=CheckTable permission to 509: [Errno 1] Operation not permitted: '/opt/***/logs/dag_id=air_quality/run_id=scheduled__2023-12-14T04:00:00+00:00/task_id=CheckTable'
[2023-12-28T16:52:09.494+0000] {logging_mixin.py:154} INFO - Changing /opt/***/logs/dag_id=air_quality/run_id=scheduled__2023-12-14T04:00:00+00:00/task_id=CheckTable permission to 509
[2023-12-28T16:52:09.495+0000] {logging_mixin.py:154} INFO - Failed to change /opt/***/logs/dag_id=air_quality/run_id=scheduled__2023-12-14T04:00:00+00:00/task_id=CheckTable permission to 509: [Errno 1] Operation not permitted: '/opt/***/logs/dag_id=air_quality/run_id=scheduled__2023-12-14T04:00:00+00:00/task_id=CheckTable'
[2023-12-28T16:52:09.696+0000] {taskinstance.py:1159} INFO - Dependencies all met for dep_context=non-requeueable deps ti=<TaskInstance: air_quality.CheckTable scheduled__2023-12-14T04:00:00+00:00 [queued]>
[2023-12-28T16:52:09.747+0000] {taskinstance.py:1159} INFO - Dependencies all met for dep_context=requeueable deps ti=<TaskInstance: air_quality.CheckTable scheduled__2023-12-14T04:00:00+00:00 [queued]>
[2023-12-28T16:52:09.757+0000] {taskinstance.py:1361} INFO - Starting attempt 1 of 2
[2023-12-28T16:52:09.889+0000] {taskinstance.py:1382} INFO - Executing <Task(BranchPythonOperator): CheckTable> on 2023-12-14 04:00:00+00:00
[2023-12-28T16:52:09.907+0000] {standard_task_runner.py:57} INFO - Started process 340 to run task
[2023-12-28T16:52:09.926+0000] {standard_task_runner.py:84} INFO - Running: ['***', 'tasks', 'run', 'air_quality', 'CheckTable', 'scheduled__2023-12-14T04:00:00+00:00', '--job-id', '911', '--raw', '--subdir', 'DAGS_FOLDER/airQuality.py', '--cfg-path', '/tmp/tmplww4wzk6']
[2023-12-28T16:52:09.931+0000] {standard_task_runner.py:85} INFO - Job 911: Subtask CheckTable
[2023-12-28T16:52:10.136+0000] {logging_mixin.py:154} INFO - Changing /opt/***/logs/dag_id=air_quality/run_id=scheduled__2023-12-14T04:00:00+00:00/task_id=CheckTable permission to 509
[2023-12-28T16:52:10.146+0000] {logging_mixin.py:154} INFO - Failed to change /opt/***/logs/dag_id=air_quality/run_id=scheduled__2023-12-14T04:00:00+00:00/task_id=CheckTable permission to 509: [Errno 1] Operation not permitted: '/opt/***/logs/dag_id=air_quality/run_id=scheduled__2023-12-14T04:00:00+00:00/task_id=CheckTable'
[2023-12-28T16:52:10.168+0000] {task_command.py:416} INFO - Running <TaskInstance: air_quality.CheckTable scheduled__2023-12-14T04:00:00+00:00 [running]> on host d67dd4682ccf
[2023-12-28T16:52:10.625+0000] {taskinstance.py:1662} INFO - Exporting env vars: AIRFLOW_CTX_DAG_OWNER='ghifari' AIRFLOW_CTX_DAG_ID='air_quality' AIRFLOW_CTX_TASK_ID='CheckTable' AIRFLOW_CTX_EXECUTION_DATE='2023-12-14T04:00:00+00:00' AIRFLOW_CTX_TRY_NUMBER='1' AIRFLOW_CTX_DAG_RUN_ID='scheduled__2023-12-14T04:00:00+00:00'
[2023-12-28T16:52:10.681+0000] {airQuality.py:183} INFO - Table Created: 
        CREATE TABLE air_quality (
            id serial primary key, 
            city varchar(250),
            country varchar(250), 
            unit varchar(20), 
            last_value float8, 
            lat float8,
            lng float8
        )
    
[2023-12-28T16:52:10.686+0000] {python.py:194} INFO - Done. Returned value was: Insert_Data
[2023-12-28T16:52:10.690+0000] {python.py:227} INFO - Branch callable return Insert_Data
[2023-12-28T16:52:10.693+0000] {skipmixin.py:173} INFO - Following branch Insert_Data
[2023-12-28T16:52:10.755+0000] {skipmixin.py:239} INFO - Skipping tasks []
[2023-12-28T16:52:10.883+0000] {taskinstance.py:1400} INFO - Marking task as SUCCESS. dag_id=air_quality, task_id=CheckTable, execution_date=20231214T040000, start_date=20231228T165209, end_date=20231228T165210
[2023-12-28T16:52:11.111+0000] {local_task_job_runner.py:228} INFO - Task exited with return code 0
[2023-12-28T16:52:11.239+0000] {taskinstance.py:2778} INFO - 1 downstream tasks scheduled from follow-on schedule check
[2023-12-28T16:55:13.722+0000] {logging_mixin.py:154} INFO - Changing /opt/***/logs/dag_id=air_quality/run_id=scheduled__2023-12-14T04:00:00+00:00/task_id=CheckTable permission to 509
[2023-12-28T16:55:13.725+0000] {logging_mixin.py:154} INFO - Failed to change /opt/***/logs/dag_id=air_quality/run_id=scheduled__2023-12-14T04:00:00+00:00/task_id=CheckTable permission to 509: [Errno 1] Operation not permitted: '/opt/***/logs/dag_id=air_quality/run_id=scheduled__2023-12-14T04:00:00+00:00/task_id=CheckTable'
[2023-12-28T16:55:13.859+0000] {logging_mixin.py:154} INFO - Changing /opt/***/logs/dag_id=air_quality/run_id=scheduled__2023-12-14T04:00:00+00:00/task_id=CheckTable permission to 509
[2023-12-28T16:55:13.861+0000] {logging_mixin.py:154} INFO - Failed to change /opt/***/logs/dag_id=air_quality/run_id=scheduled__2023-12-14T04:00:00+00:00/task_id=CheckTable permission to 509: [Errno 1] Operation not permitted: '/opt/***/logs/dag_id=air_quality/run_id=scheduled__2023-12-14T04:00:00+00:00/task_id=CheckTable'
[2023-12-28T16:55:14.053+0000] {taskinstance.py:1159} INFO - Dependencies all met for dep_context=non-requeueable deps ti=<TaskInstance: air_quality.CheckTable scheduled__2023-12-14T04:00:00+00:00 [queued]>
[2023-12-28T16:55:14.094+0000] {taskinstance.py:1159} INFO - Dependencies all met for dep_context=requeueable deps ti=<TaskInstance: air_quality.CheckTable scheduled__2023-12-14T04:00:00+00:00 [queued]>
[2023-12-28T16:55:14.095+0000] {taskinstance.py:1361} INFO - Starting attempt 1 of 2
[2023-12-28T16:55:14.165+0000] {taskinstance.py:1382} INFO - Executing <Task(BranchPythonOperator): CheckTable> on 2023-12-14 04:00:00+00:00
[2023-12-28T16:55:14.180+0000] {standard_task_runner.py:57} INFO - Started process 1331 to run task
[2023-12-28T16:55:14.225+0000] {standard_task_runner.py:84} INFO - Running: ['***', 'tasks', 'run', 'air_quality', 'CheckTable', 'scheduled__2023-12-14T04:00:00+00:00', '--job-id', '1161', '--raw', '--subdir', 'DAGS_FOLDER/airQuality.py', '--cfg-path', '/tmp/tmpvph8x4v3']
[2023-12-28T16:55:14.234+0000] {standard_task_runner.py:85} INFO - Job 1161: Subtask CheckTable
[2023-12-28T16:55:14.605+0000] {logging_mixin.py:154} INFO - Changing /opt/***/logs/dag_id=air_quality/run_id=scheduled__2023-12-14T04:00:00+00:00/task_id=CheckTable permission to 509
[2023-12-28T16:55:14.613+0000] {logging_mixin.py:154} INFO - Failed to change /opt/***/logs/dag_id=air_quality/run_id=scheduled__2023-12-14T04:00:00+00:00/task_id=CheckTable permission to 509: [Errno 1] Operation not permitted: '/opt/***/logs/dag_id=air_quality/run_id=scheduled__2023-12-14T04:00:00+00:00/task_id=CheckTable'
[2023-12-28T16:55:14.625+0000] {task_command.py:416} INFO - Running <TaskInstance: air_quality.CheckTable scheduled__2023-12-14T04:00:00+00:00 [running]> on host d67dd4682ccf
[2023-12-28T16:55:15.004+0000] {taskinstance.py:1662} INFO - Exporting env vars: AIRFLOW_CTX_DAG_OWNER='ghifari' AIRFLOW_CTX_DAG_ID='air_quality' AIRFLOW_CTX_TASK_ID='CheckTable' AIRFLOW_CTX_EXECUTION_DATE='2023-12-14T04:00:00+00:00' AIRFLOW_CTX_TRY_NUMBER='1' AIRFLOW_CTX_DAG_RUN_ID='scheduled__2023-12-14T04:00:00+00:00'
[2023-12-28T16:55:15.038+0000] {airQuality.py:183} INFO - Table Created: 
        CREATE TABLE air_quality (
            id serial primary key, 
            city varchar(250),
            country varchar(250), 
            unit varchar(20), 
            last_value float8, 
            lat float8,
            lng float8
        )
    
[2023-12-28T16:55:15.043+0000] {python.py:194} INFO - Done. Returned value was: Insert_Data
[2023-12-28T16:55:15.044+0000] {python.py:227} INFO - Branch callable return Insert_Data
[2023-12-28T16:55:15.046+0000] {skipmixin.py:173} INFO - Following branch Insert_Data
[2023-12-28T16:55:15.074+0000] {skipmixin.py:239} INFO - Skipping tasks []
[2023-12-28T16:55:15.208+0000] {taskinstance.py:1400} INFO - Marking task as SUCCESS. dag_id=air_quality, task_id=CheckTable, execution_date=20231214T040000, start_date=20231228T165514, end_date=20231228T165515
[2023-12-28T16:55:15.343+0000] {local_task_job_runner.py:228} INFO - Task exited with return code 0
[2023-12-28T16:55:15.926+0000] {taskinstance.py:2778} INFO - 0 downstream tasks scheduled from follow-on schedule check
