[2023-12-17T11:19:20.056+0000] {logging_mixin.py:154} INFO - Changing /opt/***/logs/dag_id=air_quality/run_id=scheduled__2023-12-09T04:00:00+00:00/task_id=Insert_Data permission to 509
[2023-12-17T11:19:20.071+0000] {logging_mixin.py:154} INFO - Failed to change /opt/***/logs/dag_id=air_quality/run_id=scheduled__2023-12-09T04:00:00+00:00/task_id=Insert_Data permission to 509: [Errno 1] Operation not permitted: '/opt/***/logs/dag_id=air_quality/run_id=scheduled__2023-12-09T04:00:00+00:00/task_id=Insert_Data'
[2023-12-17T11:19:20.424+0000] {logging_mixin.py:154} INFO - Changing /opt/***/logs/dag_id=air_quality/run_id=scheduled__2023-12-09T04:00:00+00:00/task_id=Insert_Data permission to 509
[2023-12-17T11:19:20.444+0000] {logging_mixin.py:154} INFO - Failed to change /opt/***/logs/dag_id=air_quality/run_id=scheduled__2023-12-09T04:00:00+00:00/task_id=Insert_Data permission to 509: [Errno 1] Operation not permitted: '/opt/***/logs/dag_id=air_quality/run_id=scheduled__2023-12-09T04:00:00+00:00/task_id=Insert_Data'
[2023-12-17T11:19:20.745+0000] {taskinstance.py:1159} INFO - Dependencies all met for dep_context=non-requeueable deps ti=<TaskInstance: air_quality.Insert_Data scheduled__2023-12-09T04:00:00+00:00 [queued]>
[2023-12-17T11:19:20.856+0000] {taskinstance.py:1159} INFO - Dependencies all met for dep_context=requeueable deps ti=<TaskInstance: air_quality.Insert_Data scheduled__2023-12-09T04:00:00+00:00 [queued]>
[2023-12-17T11:19:20.867+0000] {taskinstance.py:1361} INFO - Starting attempt 1 of 2
[2023-12-17T11:19:20.966+0000] {taskinstance.py:1382} INFO - Executing <Task(PythonOperator): Insert_Data> on 2023-12-09 04:00:00+00:00
[2023-12-17T11:19:20.982+0000] {standard_task_runner.py:57} INFO - Started process 2499 to run task
[2023-12-17T11:19:21.012+0000] {standard_task_runner.py:84} INFO - Running: ['***', 'tasks', 'run', 'air_quality', 'Insert_Data', 'scheduled__2023-12-09T04:00:00+00:00', '--job-id', '431', '--raw', '--subdir', 'DAGS_FOLDER/airQuality.py', '--cfg-path', '/tmp/tmppj47w3j2']
[2023-12-17T11:19:21.027+0000] {standard_task_runner.py:85} INFO - Job 431: Subtask Insert_Data
[2023-12-17T11:19:21.291+0000] {logging_mixin.py:154} INFO - Changing /opt/***/logs/dag_id=air_quality/run_id=scheduled__2023-12-09T04:00:00+00:00/task_id=Insert_Data permission to 509
[2023-12-17T11:19:21.293+0000] {logging_mixin.py:154} INFO - Failed to change /opt/***/logs/dag_id=air_quality/run_id=scheduled__2023-12-09T04:00:00+00:00/task_id=Insert_Data permission to 509: [Errno 1] Operation not permitted: '/opt/***/logs/dag_id=air_quality/run_id=scheduled__2023-12-09T04:00:00+00:00/task_id=Insert_Data'
[2023-12-17T11:19:21.297+0000] {task_command.py:416} INFO - Running <TaskInstance: air_quality.Insert_Data scheduled__2023-12-09T04:00:00+00:00 [running]> on host 1a58977f5573
[2023-12-17T11:19:21.558+0000] {taskinstance.py:1662} INFO - Exporting env vars: AIRFLOW_CTX_DAG_OWNER='ghifari' AIRFLOW_CTX_DAG_ID='air_quality' AIRFLOW_CTX_TASK_ID='Insert_Data' AIRFLOW_CTX_EXECUTION_DATE='2023-12-09T04:00:00+00:00' AIRFLOW_CTX_TRY_NUMBER='1' AIRFLOW_CTX_DAG_RUN_ID='scheduled__2023-12-09T04:00:00+00:00'
[2023-12-17T11:19:23.107+0000] {logging_mixin.py:154} INFO - city           object
country        object
unit           object
last_value    float64
lat           float64
lng           float64
dtype: object
[2023-12-17T11:19:23.121+0000] {base.py:73} INFO - Using connection ID 'neonServerDB-Postgres' for task execution.
[2023-12-17T11:19:23.638+0000] {python.py:194} INFO - Done. Returned value was: None
[2023-12-17T11:19:23.674+0000] {taskinstance.py:1400} INFO - Marking task as SUCCESS. dag_id=air_quality, task_id=Insert_Data, execution_date=20231209T040000, start_date=20231217T111920, end_date=20231217T111923
[2023-12-17T11:19:23.798+0000] {local_task_job_runner.py:228} INFO - Task exited with return code 0
[2023-12-17T11:19:23.859+0000] {taskinstance.py:2778} INFO - 0 downstream tasks scheduled from follow-on schedule check
[2023-12-17T12:18:25.676+0000] {logging_mixin.py:154} INFO - Changing /opt/***/logs/dag_id=air_quality/run_id=scheduled__2023-12-09T04:00:00+00:00/task_id=Insert_Data permission to 509
[2023-12-17T12:18:25.678+0000] {logging_mixin.py:154} INFO - Failed to change /opt/***/logs/dag_id=air_quality/run_id=scheduled__2023-12-09T04:00:00+00:00/task_id=Insert_Data permission to 509: [Errno 1] Operation not permitted: '/opt/***/logs/dag_id=air_quality/run_id=scheduled__2023-12-09T04:00:00+00:00/task_id=Insert_Data'
[2023-12-17T12:18:25.826+0000] {logging_mixin.py:154} INFO - Changing /opt/***/logs/dag_id=air_quality/run_id=scheduled__2023-12-09T04:00:00+00:00/task_id=Insert_Data permission to 509
[2023-12-17T12:18:25.827+0000] {logging_mixin.py:154} INFO - Failed to change /opt/***/logs/dag_id=air_quality/run_id=scheduled__2023-12-09T04:00:00+00:00/task_id=Insert_Data permission to 509: [Errno 1] Operation not permitted: '/opt/***/logs/dag_id=air_quality/run_id=scheduled__2023-12-09T04:00:00+00:00/task_id=Insert_Data'
[2023-12-17T12:18:25.945+0000] {taskinstance.py:1159} INFO - Dependencies all met for dep_context=non-requeueable deps ti=<TaskInstance: air_quality.Insert_Data scheduled__2023-12-09T04:00:00+00:00 [queued]>
[2023-12-17T12:18:25.975+0000] {taskinstance.py:1159} INFO - Dependencies all met for dep_context=requeueable deps ti=<TaskInstance: air_quality.Insert_Data scheduled__2023-12-09T04:00:00+00:00 [queued]>
[2023-12-17T12:18:25.977+0000] {taskinstance.py:1361} INFO - Starting attempt 1 of 2
[2023-12-17T12:18:26.016+0000] {taskinstance.py:1382} INFO - Executing <Task(PythonOperator): Insert_Data> on 2023-12-09 04:00:00+00:00
[2023-12-17T12:18:26.028+0000] {standard_task_runner.py:57} INFO - Started process 4196 to run task
[2023-12-17T12:18:26.052+0000] {standard_task_runner.py:84} INFO - Running: ['***', 'tasks', 'run', 'air_quality', 'Insert_Data', 'scheduled__2023-12-09T04:00:00+00:00', '--job-id', '634', '--raw', '--subdir', 'DAGS_FOLDER/airQuality.py', '--cfg-path', '/tmp/tmpcfvmfx4v']
[2023-12-17T12:18:26.054+0000] {standard_task_runner.py:85} INFO - Job 634: Subtask Insert_Data
[2023-12-17T12:18:26.255+0000] {logging_mixin.py:154} INFO - Changing /opt/***/logs/dag_id=air_quality/run_id=scheduled__2023-12-09T04:00:00+00:00/task_id=Insert_Data permission to 509
[2023-12-17T12:18:26.257+0000] {logging_mixin.py:154} INFO - Failed to change /opt/***/logs/dag_id=air_quality/run_id=scheduled__2023-12-09T04:00:00+00:00/task_id=Insert_Data permission to 509: [Errno 1] Operation not permitted: '/opt/***/logs/dag_id=air_quality/run_id=scheduled__2023-12-09T04:00:00+00:00/task_id=Insert_Data'
[2023-12-17T12:18:26.275+0000] {task_command.py:416} INFO - Running <TaskInstance: air_quality.Insert_Data scheduled__2023-12-09T04:00:00+00:00 [running]> on host 1a58977f5573
[2023-12-17T12:18:26.593+0000] {taskinstance.py:1662} INFO - Exporting env vars: AIRFLOW_CTX_DAG_OWNER='ghifari' AIRFLOW_CTX_DAG_ID='air_quality' AIRFLOW_CTX_TASK_ID='Insert_Data' AIRFLOW_CTX_EXECUTION_DATE='2023-12-09T04:00:00+00:00' AIRFLOW_CTX_TRY_NUMBER='1' AIRFLOW_CTX_DAG_RUN_ID='scheduled__2023-12-09T04:00:00+00:00'
[2023-12-17T12:18:28.560+0000] {logging_mixin.py:154} INFO - city           object
country        object
unit           object
last_value    float64
lat           float64
lng           float64
dtype: object
[2023-12-17T12:18:28.628+0000] {base.py:73} INFO - Using connection ID 'neonServerDB-Postgres' for task execution.
[2023-12-17T12:18:29.352+0000] {python.py:194} INFO - Done. Returned value was: None
[2023-12-17T12:18:29.402+0000] {taskinstance.py:1400} INFO - Marking task as SUCCESS. dag_id=air_quality, task_id=Insert_Data, execution_date=20231209T040000, start_date=20231217T121825, end_date=20231217T121829
[2023-12-17T12:18:29.524+0000] {local_task_job_runner.py:228} INFO - Task exited with return code 0
[2023-12-17T12:18:29.593+0000] {taskinstance.py:2778} INFO - 0 downstream tasks scheduled from follow-on schedule check
[2023-12-17T12:18:58.005+0000] {logging_mixin.py:154} INFO - Changing /opt/***/logs/dag_id=air_quality/run_id=scheduled__2023-12-09T04:00:00+00:00/task_id=Insert_Data permission to 509
[2023-12-17T12:18:58.008+0000] {logging_mixin.py:154} INFO - Failed to change /opt/***/logs/dag_id=air_quality/run_id=scheduled__2023-12-09T04:00:00+00:00/task_id=Insert_Data permission to 509: [Errno 1] Operation not permitted: '/opt/***/logs/dag_id=air_quality/run_id=scheduled__2023-12-09T04:00:00+00:00/task_id=Insert_Data'
[2023-12-17T12:18:58.072+0000] {logging_mixin.py:154} INFO - Changing /opt/***/logs/dag_id=air_quality/run_id=scheduled__2023-12-09T04:00:00+00:00/task_id=Insert_Data permission to 509
[2023-12-17T12:18:58.073+0000] {logging_mixin.py:154} INFO - Failed to change /opt/***/logs/dag_id=air_quality/run_id=scheduled__2023-12-09T04:00:00+00:00/task_id=Insert_Data permission to 509: [Errno 1] Operation not permitted: '/opt/***/logs/dag_id=air_quality/run_id=scheduled__2023-12-09T04:00:00+00:00/task_id=Insert_Data'
[2023-12-17T12:18:58.151+0000] {taskinstance.py:1159} INFO - Dependencies all met for dep_context=non-requeueable deps ti=<TaskInstance: air_quality.Insert_Data scheduled__2023-12-09T04:00:00+00:00 [queued]>
[2023-12-17T12:18:58.176+0000] {taskinstance.py:1159} INFO - Dependencies all met for dep_context=requeueable deps ti=<TaskInstance: air_quality.Insert_Data scheduled__2023-12-09T04:00:00+00:00 [queued]>
[2023-12-17T12:18:58.177+0000] {taskinstance.py:1361} INFO - Starting attempt 1 of 2
[2023-12-17T12:18:58.204+0000] {taskinstance.py:1382} INFO - Executing <Task(PythonOperator): Insert_Data> on 2023-12-09 04:00:00+00:00
[2023-12-17T12:18:58.210+0000] {standard_task_runner.py:57} INFO - Started process 4499 to run task
[2023-12-17T12:18:58.217+0000] {standard_task_runner.py:84} INFO - Running: ['***', 'tasks', 'run', 'air_quality', 'Insert_Data', 'scheduled__2023-12-09T04:00:00+00:00', '--job-id', '695', '--raw', '--subdir', 'DAGS_FOLDER/airQuality.py', '--cfg-path', '/tmp/tmpyzc69rh4']
[2023-12-17T12:18:58.220+0000] {standard_task_runner.py:85} INFO - Job 695: Subtask Insert_Data
[2023-12-17T12:18:58.317+0000] {logging_mixin.py:154} INFO - Changing /opt/***/logs/dag_id=air_quality/run_id=scheduled__2023-12-09T04:00:00+00:00/task_id=Insert_Data permission to 509
[2023-12-17T12:18:58.318+0000] {logging_mixin.py:154} INFO - Failed to change /opt/***/logs/dag_id=air_quality/run_id=scheduled__2023-12-09T04:00:00+00:00/task_id=Insert_Data permission to 509: [Errno 1] Operation not permitted: '/opt/***/logs/dag_id=air_quality/run_id=scheduled__2023-12-09T04:00:00+00:00/task_id=Insert_Data'
[2023-12-17T12:18:58.322+0000] {task_command.py:416} INFO - Running <TaskInstance: air_quality.Insert_Data scheduled__2023-12-09T04:00:00+00:00 [running]> on host 1a58977f5573
[2023-12-17T12:18:58.509+0000] {taskinstance.py:1662} INFO - Exporting env vars: AIRFLOW_CTX_DAG_OWNER='ghifari' AIRFLOW_CTX_DAG_ID='air_quality' AIRFLOW_CTX_TASK_ID='Insert_Data' AIRFLOW_CTX_EXECUTION_DATE='2023-12-09T04:00:00+00:00' AIRFLOW_CTX_TRY_NUMBER='1' AIRFLOW_CTX_DAG_RUN_ID='scheduled__2023-12-09T04:00:00+00:00'
[2023-12-17T12:18:59.522+0000] {logging_mixin.py:154} INFO - city           object
country        object
unit           object
last_value    float64
lat           float64
lng           float64
dtype: object
[2023-12-17T12:18:59.542+0000] {base.py:73} INFO - Using connection ID 'neonServerDB-Postgres' for task execution.
[2023-12-17T12:18:59.995+0000] {python.py:194} INFO - Done. Returned value was: None
[2023-12-17T12:19:00.014+0000] {taskinstance.py:1400} INFO - Marking task as SUCCESS. dag_id=air_quality, task_id=Insert_Data, execution_date=20231209T040000, start_date=20231217T121858, end_date=20231217T121900
[2023-12-17T12:19:00.080+0000] {local_task_job_runner.py:228} INFO - Task exited with return code 0
[2023-12-17T12:19:00.106+0000] {taskinstance.py:2778} INFO - 0 downstream tasks scheduled from follow-on schedule check
[2023-12-28T16:52:09.222+0000] {logging_mixin.py:154} INFO - Changing /opt/***/logs/dag_id=air_quality/run_id=scheduled__2023-12-09T04:00:00+00:00/task_id=Insert_Data permission to 509
[2023-12-28T16:52:09.241+0000] {logging_mixin.py:154} INFO - Failed to change /opt/***/logs/dag_id=air_quality/run_id=scheduled__2023-12-09T04:00:00+00:00/task_id=Insert_Data permission to 509: [Errno 1] Operation not permitted: '/opt/***/logs/dag_id=air_quality/run_id=scheduled__2023-12-09T04:00:00+00:00/task_id=Insert_Data'
[2023-12-28T16:52:09.420+0000] {logging_mixin.py:154} INFO - Changing /opt/***/logs/dag_id=air_quality/run_id=scheduled__2023-12-09T04:00:00+00:00/task_id=Insert_Data permission to 509
[2023-12-28T16:52:09.422+0000] {logging_mixin.py:154} INFO - Failed to change /opt/***/logs/dag_id=air_quality/run_id=scheduled__2023-12-09T04:00:00+00:00/task_id=Insert_Data permission to 509: [Errno 1] Operation not permitted: '/opt/***/logs/dag_id=air_quality/run_id=scheduled__2023-12-09T04:00:00+00:00/task_id=Insert_Data'
[2023-12-28T16:52:09.678+0000] {taskinstance.py:1159} INFO - Dependencies all met for dep_context=non-requeueable deps ti=<TaskInstance: air_quality.Insert_Data scheduled__2023-12-09T04:00:00+00:00 [queued]>
[2023-12-28T16:52:09.761+0000] {taskinstance.py:1159} INFO - Dependencies all met for dep_context=requeueable deps ti=<TaskInstance: air_quality.Insert_Data scheduled__2023-12-09T04:00:00+00:00 [queued]>
[2023-12-28T16:52:09.768+0000] {taskinstance.py:1361} INFO - Starting attempt 1 of 2
[2023-12-28T16:52:09.878+0000] {taskinstance.py:1382} INFO - Executing <Task(PythonOperator): Insert_Data> on 2023-12-09 04:00:00+00:00
[2023-12-28T16:52:09.913+0000] {standard_task_runner.py:84} INFO - Running: ['***', 'tasks', 'run', 'air_quality', 'Insert_Data', 'scheduled__2023-12-09T04:00:00+00:00', '--job-id', '910', '--raw', '--subdir', 'DAGS_FOLDER/airQuality.py', '--cfg-path', '/tmp/tmp5p_v22sr']
[2023-12-28T16:52:09.930+0000] {standard_task_runner.py:85} INFO - Job 910: Subtask Insert_Data
[2023-12-28T16:52:09.891+0000] {standard_task_runner.py:57} INFO - Started process 339 to run task
[2023-12-28T16:52:10.221+0000] {logging_mixin.py:154} INFO - Changing /opt/***/logs/dag_id=air_quality/run_id=scheduled__2023-12-09T04:00:00+00:00/task_id=Insert_Data permission to 509
[2023-12-28T16:52:10.241+0000] {logging_mixin.py:154} INFO - Failed to change /opt/***/logs/dag_id=air_quality/run_id=scheduled__2023-12-09T04:00:00+00:00/task_id=Insert_Data permission to 509: [Errno 1] Operation not permitted: '/opt/***/logs/dag_id=air_quality/run_id=scheduled__2023-12-09T04:00:00+00:00/task_id=Insert_Data'
[2023-12-28T16:52:10.245+0000] {task_command.py:416} INFO - Running <TaskInstance: air_quality.Insert_Data scheduled__2023-12-09T04:00:00+00:00 [running]> on host d67dd4682ccf
[2023-12-28T16:52:10.698+0000] {taskinstance.py:1662} INFO - Exporting env vars: AIRFLOW_CTX_DAG_OWNER='ghifari' AIRFLOW_CTX_DAG_ID='air_quality' AIRFLOW_CTX_TASK_ID='Insert_Data' AIRFLOW_CTX_EXECUTION_DATE='2023-12-09T04:00:00+00:00' AIRFLOW_CTX_TRY_NUMBER='1' AIRFLOW_CTX_DAG_RUN_ID='scheduled__2023-12-09T04:00:00+00:00'
[2023-12-28T16:52:13.951+0000] {logging_mixin.py:154} INFO - city           object
country        object
unit           object
last_value    float64
lat           float64
lng           float64
dtype: object
[2023-12-28T16:52:14.001+0000] {base.py:73} INFO - Using connection ID 'neonServerDB-Postgres' for task execution.
[2023-12-28T16:52:14.267+0000] {python.py:194} INFO - Done. Returned value was: None
[2023-12-28T16:52:14.306+0000] {taskinstance.py:1400} INFO - Marking task as SUCCESS. dag_id=air_quality, task_id=Insert_Data, execution_date=20231209T040000, start_date=20231228T165209, end_date=20231228T165214
[2023-12-28T16:52:14.522+0000] {local_task_job_runner.py:228} INFO - Task exited with return code 0
[2023-12-28T16:52:14.596+0000] {taskinstance.py:2778} INFO - 0 downstream tasks scheduled from follow-on schedule check
[2023-12-28T16:55:12.897+0000] {logging_mixin.py:154} INFO - Changing /opt/***/logs/dag_id=air_quality/run_id=scheduled__2023-12-09T04:00:00+00:00/task_id=Insert_Data permission to 509
[2023-12-28T16:55:12.903+0000] {logging_mixin.py:154} INFO - Failed to change /opt/***/logs/dag_id=air_quality/run_id=scheduled__2023-12-09T04:00:00+00:00/task_id=Insert_Data permission to 509: [Errno 1] Operation not permitted: '/opt/***/logs/dag_id=air_quality/run_id=scheduled__2023-12-09T04:00:00+00:00/task_id=Insert_Data'
[2023-12-28T16:55:13.057+0000] {logging_mixin.py:154} INFO - Changing /opt/***/logs/dag_id=air_quality/run_id=scheduled__2023-12-09T04:00:00+00:00/task_id=Insert_Data permission to 509
[2023-12-28T16:55:13.058+0000] {logging_mixin.py:154} INFO - Failed to change /opt/***/logs/dag_id=air_quality/run_id=scheduled__2023-12-09T04:00:00+00:00/task_id=Insert_Data permission to 509: [Errno 1] Operation not permitted: '/opt/***/logs/dag_id=air_quality/run_id=scheduled__2023-12-09T04:00:00+00:00/task_id=Insert_Data'
[2023-12-28T16:55:13.265+0000] {taskinstance.py:1159} INFO - Dependencies all met for dep_context=non-requeueable deps ti=<TaskInstance: air_quality.Insert_Data scheduled__2023-12-09T04:00:00+00:00 [queued]>
[2023-12-28T16:55:13.381+0000] {taskinstance.py:1159} INFO - Dependencies all met for dep_context=requeueable deps ti=<TaskInstance: air_quality.Insert_Data scheduled__2023-12-09T04:00:00+00:00 [queued]>
[2023-12-28T16:55:13.383+0000] {taskinstance.py:1361} INFO - Starting attempt 1 of 2
[2023-12-28T16:55:13.490+0000] {taskinstance.py:1382} INFO - Executing <Task(PythonOperator): Insert_Data> on 2023-12-09 04:00:00+00:00
[2023-12-28T16:55:13.509+0000] {standard_task_runner.py:57} INFO - Started process 1329 to run task
[2023-12-28T16:55:13.531+0000] {standard_task_runner.py:84} INFO - Running: ['***', 'tasks', 'run', 'air_quality', 'Insert_Data', 'scheduled__2023-12-09T04:00:00+00:00', '--job-id', '1160', '--raw', '--subdir', 'DAGS_FOLDER/airQuality.py', '--cfg-path', '/tmp/tmpxu1quo9h']
[2023-12-28T16:55:13.548+0000] {standard_task_runner.py:85} INFO - Job 1160: Subtask Insert_Data
[2023-12-28T16:55:13.727+0000] {logging_mixin.py:154} INFO - Changing /opt/***/logs/dag_id=air_quality/run_id=scheduled__2023-12-09T04:00:00+00:00/task_id=Insert_Data permission to 509
[2023-12-28T16:55:13.729+0000] {logging_mixin.py:154} INFO - Failed to change /opt/***/logs/dag_id=air_quality/run_id=scheduled__2023-12-09T04:00:00+00:00/task_id=Insert_Data permission to 509: [Errno 1] Operation not permitted: '/opt/***/logs/dag_id=air_quality/run_id=scheduled__2023-12-09T04:00:00+00:00/task_id=Insert_Data'
[2023-12-28T16:55:13.733+0000] {task_command.py:416} INFO - Running <TaskInstance: air_quality.Insert_Data scheduled__2023-12-09T04:00:00+00:00 [running]> on host d67dd4682ccf
[2023-12-28T16:55:14.112+0000] {taskinstance.py:1662} INFO - Exporting env vars: AIRFLOW_CTX_DAG_OWNER='ghifari' AIRFLOW_CTX_DAG_ID='air_quality' AIRFLOW_CTX_TASK_ID='Insert_Data' AIRFLOW_CTX_EXECUTION_DATE='2023-12-09T04:00:00+00:00' AIRFLOW_CTX_TRY_NUMBER='1' AIRFLOW_CTX_DAG_RUN_ID='scheduled__2023-12-09T04:00:00+00:00'
[2023-12-28T16:55:17.017+0000] {logging_mixin.py:154} INFO - city           object
country        object
unit           object
last_value    float64
lat           float64
lng           float64
dtype: object
[2023-12-28T16:55:17.066+0000] {base.py:73} INFO - Using connection ID 'neonServerDB-Postgres' for task execution.
[2023-12-28T16:55:17.451+0000] {python.py:194} INFO - Done. Returned value was: None
[2023-12-28T16:55:17.482+0000] {taskinstance.py:1400} INFO - Marking task as SUCCESS. dag_id=air_quality, task_id=Insert_Data, execution_date=20231209T040000, start_date=20231228T165513, end_date=20231228T165517
[2023-12-28T16:55:17.642+0000] {local_task_job_runner.py:228} INFO - Task exited with return code 0
[2023-12-28T16:55:17.815+0000] {taskinstance.py:2778} INFO - 0 downstream tasks scheduled from follow-on schedule check
