[2023-12-17T11:19:06.474+0000] {logging_mixin.py:154} INFO - Changing /opt/***/logs/dag_id=air_quality/run_id=scheduled__2023-12-16T04:00:00+00:00/task_id=Check_Response permission to 509
[2023-12-17T11:19:06.476+0000] {logging_mixin.py:154} INFO - Failed to change /opt/***/logs/dag_id=air_quality/run_id=scheduled__2023-12-16T04:00:00+00:00/task_id=Check_Response permission to 509: [Errno 1] Operation not permitted: '/opt/***/logs/dag_id=air_quality/run_id=scheduled__2023-12-16T04:00:00+00:00/task_id=Check_Response'
[2023-12-17T11:19:06.578+0000] {logging_mixin.py:154} INFO - Changing /opt/***/logs/dag_id=air_quality/run_id=scheduled__2023-12-16T04:00:00+00:00/task_id=Check_Response permission to 509
[2023-12-17T11:19:06.582+0000] {logging_mixin.py:154} INFO - Failed to change /opt/***/logs/dag_id=air_quality/run_id=scheduled__2023-12-16T04:00:00+00:00/task_id=Check_Response permission to 509: [Errno 1] Operation not permitted: '/opt/***/logs/dag_id=air_quality/run_id=scheduled__2023-12-16T04:00:00+00:00/task_id=Check_Response'
[2023-12-17T11:19:06.700+0000] {taskinstance.py:1159} INFO - Dependencies all met for dep_context=non-requeueable deps ti=<TaskInstance: air_quality.Check_Response scheduled__2023-12-16T04:00:00+00:00 [queued]>
[2023-12-17T11:19:06.743+0000] {taskinstance.py:1159} INFO - Dependencies all met for dep_context=requeueable deps ti=<TaskInstance: air_quality.Check_Response scheduled__2023-12-16T04:00:00+00:00 [queued]>
[2023-12-17T11:19:06.744+0000] {taskinstance.py:1361} INFO - Starting attempt 1 of 2
[2023-12-17T11:19:06.805+0000] {taskinstance.py:1382} INFO - Executing <Task(BranchPythonOperator): Check_Response> on 2023-12-16 04:00:00+00:00
[2023-12-17T11:19:06.816+0000] {standard_task_runner.py:57} INFO - Started process 2419 to run task
[2023-12-17T11:19:06.825+0000] {standard_task_runner.py:84} INFO - Running: ['***', 'tasks', 'run', 'air_quality', 'Check_Response', 'scheduled__2023-12-16T04:00:00+00:00', '--job-id', '395', '--raw', '--subdir', 'DAGS_FOLDER/airQuality.py', '--cfg-path', '/tmp/tmpm9ojz758']
[2023-12-17T11:19:06.830+0000] {standard_task_runner.py:85} INFO - Job 395: Subtask Check_Response
[2023-12-17T11:19:06.961+0000] {logging_mixin.py:154} INFO - Changing /opt/***/logs/dag_id=air_quality/run_id=scheduled__2023-12-16T04:00:00+00:00/task_id=Check_Response permission to 509
[2023-12-17T11:19:06.962+0000] {logging_mixin.py:154} INFO - Failed to change /opt/***/logs/dag_id=air_quality/run_id=scheduled__2023-12-16T04:00:00+00:00/task_id=Check_Response permission to 509: [Errno 1] Operation not permitted: '/opt/***/logs/dag_id=air_quality/run_id=scheduled__2023-12-16T04:00:00+00:00/task_id=Check_Response'
[2023-12-17T11:19:06.966+0000] {task_command.py:416} INFO - Running <TaskInstance: air_quality.Check_Response scheduled__2023-12-16T04:00:00+00:00 [running]> on host 1a58977f5573
[2023-12-17T11:19:07.194+0000] {taskinstance.py:1662} INFO - Exporting env vars: AIRFLOW_CTX_DAG_OWNER='ghifari' AIRFLOW_CTX_DAG_ID='air_quality' AIRFLOW_CTX_TASK_ID='Check_Response' AIRFLOW_CTX_EXECUTION_DATE='2023-12-16T04:00:00+00:00' AIRFLOW_CTX_TRY_NUMBER='1' AIRFLOW_CTX_DAG_RUN_ID='scheduled__2023-12-16T04:00:00+00:00'
[2023-12-17T11:19:07.224+0000] {airQuality.py:112} INFO - Data Found: {'city': ['Jakarta'], 'country': ['ID'], 'unit': ['o3'], 'last_value': [-0.999], 'lat': [-6.182536], 'lng': [106.834236]}
[2023-12-17T11:19:07.225+0000] {python.py:194} INFO - Done. Returned value was: Transform
[2023-12-17T11:19:07.227+0000] {python.py:227} INFO - Branch callable return Transform
[2023-12-17T11:19:07.228+0000] {skipmixin.py:173} INFO - Following branch Transform
[2023-12-17T11:19:07.265+0000] {skipmixin.py:239} INFO - Skipping tasks [('Error_Response', -1)]
[2023-12-17T11:19:07.395+0000] {taskinstance.py:1400} INFO - Marking task as SUCCESS. dag_id=air_quality, task_id=Check_Response, execution_date=20231216T040000, start_date=20231217T111906, end_date=20231217T111907
[2023-12-17T11:19:07.450+0000] {local_task_job_runner.py:228} INFO - Task exited with return code 0
[2023-12-17T11:19:07.532+0000] {taskinstance.py:2778} INFO - 1 downstream tasks scheduled from follow-on schedule check
[2023-12-17T12:18:15.733+0000] {logging_mixin.py:154} INFO - Changing /opt/***/logs/dag_id=air_quality/run_id=scheduled__2023-12-16T04:00:00+00:00/task_id=Check_Response permission to 509
[2023-12-17T12:18:15.737+0000] {logging_mixin.py:154} INFO - Failed to change /opt/***/logs/dag_id=air_quality/run_id=scheduled__2023-12-16T04:00:00+00:00/task_id=Check_Response permission to 509: [Errno 1] Operation not permitted: '/opt/***/logs/dag_id=air_quality/run_id=scheduled__2023-12-16T04:00:00+00:00/task_id=Check_Response'
[2023-12-17T12:18:15.861+0000] {logging_mixin.py:154} INFO - Changing /opt/***/logs/dag_id=air_quality/run_id=scheduled__2023-12-16T04:00:00+00:00/task_id=Check_Response permission to 509
[2023-12-17T12:18:15.863+0000] {logging_mixin.py:154} INFO - Failed to change /opt/***/logs/dag_id=air_quality/run_id=scheduled__2023-12-16T04:00:00+00:00/task_id=Check_Response permission to 509: [Errno 1] Operation not permitted: '/opt/***/logs/dag_id=air_quality/run_id=scheduled__2023-12-16T04:00:00+00:00/task_id=Check_Response'
[2023-12-17T12:18:16.003+0000] {taskinstance.py:1159} INFO - Dependencies all met for dep_context=non-requeueable deps ti=<TaskInstance: air_quality.Check_Response scheduled__2023-12-16T04:00:00+00:00 [queued]>
[2023-12-17T12:18:16.031+0000] {taskinstance.py:1159} INFO - Dependencies all met for dep_context=requeueable deps ti=<TaskInstance: air_quality.Check_Response scheduled__2023-12-16T04:00:00+00:00 [queued]>
[2023-12-17T12:18:16.032+0000] {taskinstance.py:1361} INFO - Starting attempt 1 of 2
[2023-12-17T12:18:16.078+0000] {taskinstance.py:1382} INFO - Executing <Task(BranchPythonOperator): Check_Response> on 2023-12-16 04:00:00+00:00
[2023-12-17T12:18:16.091+0000] {standard_task_runner.py:57} INFO - Started process 4121 to run task
[2023-12-17T12:18:16.101+0000] {standard_task_runner.py:84} INFO - Running: ['***', 'tasks', 'run', 'air_quality', 'Check_Response', 'scheduled__2023-12-16T04:00:00+00:00', '--job-id', '609', '--raw', '--subdir', 'DAGS_FOLDER/airQuality.py', '--cfg-path', '/tmp/tmp1fo7gcib']
[2023-12-17T12:18:16.104+0000] {standard_task_runner.py:85} INFO - Job 609: Subtask Check_Response
[2023-12-17T12:18:16.229+0000] {logging_mixin.py:154} INFO - Changing /opt/***/logs/dag_id=air_quality/run_id=scheduled__2023-12-16T04:00:00+00:00/task_id=Check_Response permission to 509
[2023-12-17T12:18:16.231+0000] {logging_mixin.py:154} INFO - Failed to change /opt/***/logs/dag_id=air_quality/run_id=scheduled__2023-12-16T04:00:00+00:00/task_id=Check_Response permission to 509: [Errno 1] Operation not permitted: '/opt/***/logs/dag_id=air_quality/run_id=scheduled__2023-12-16T04:00:00+00:00/task_id=Check_Response'
[2023-12-17T12:18:16.235+0000] {task_command.py:416} INFO - Running <TaskInstance: air_quality.Check_Response scheduled__2023-12-16T04:00:00+00:00 [running]> on host 1a58977f5573
[2023-12-17T12:18:16.585+0000] {taskinstance.py:1662} INFO - Exporting env vars: AIRFLOW_CTX_DAG_OWNER='ghifari' AIRFLOW_CTX_DAG_ID='air_quality' AIRFLOW_CTX_TASK_ID='Check_Response' AIRFLOW_CTX_EXECUTION_DATE='2023-12-16T04:00:00+00:00' AIRFLOW_CTX_TRY_NUMBER='1' AIRFLOW_CTX_DAG_RUN_ID='scheduled__2023-12-16T04:00:00+00:00'
[2023-12-17T12:18:16.638+0000] {airQuality.py:112} INFO - Data Found: {'city': ['Jakarta'], 'country': ['ID'], 'unit': ['pm25'], 'last_value': [-999.0], 'lat': [-6.182536], 'lng': [106.834236]}
[2023-12-17T12:18:16.640+0000] {python.py:194} INFO - Done. Returned value was: Transform
[2023-12-17T12:18:16.641+0000] {python.py:227} INFO - Branch callable return Transform
[2023-12-17T12:18:16.643+0000] {skipmixin.py:173} INFO - Following branch Transform
[2023-12-17T12:18:16.710+0000] {skipmixin.py:239} INFO - Skipping tasks [('Error_Response', -1)]
[2023-12-17T12:18:16.887+0000] {taskinstance.py:1400} INFO - Marking task as SUCCESS. dag_id=air_quality, task_id=Check_Response, execution_date=20231216T040000, start_date=20231217T121816, end_date=20231217T121816
[2023-12-17T12:18:16.932+0000] {local_task_job_runner.py:228} INFO - Task exited with return code 0
[2023-12-17T12:18:17.035+0000] {taskinstance.py:2778} INFO - 1 downstream tasks scheduled from follow-on schedule check
[2023-12-17T12:19:06.069+0000] {logging_mixin.py:154} INFO - Changing /opt/***/logs/dag_id=air_quality/run_id=scheduled__2023-12-16T04:00:00+00:00/task_id=Check_Response permission to 509
[2023-12-17T12:19:06.071+0000] {logging_mixin.py:154} INFO - Failed to change /opt/***/logs/dag_id=air_quality/run_id=scheduled__2023-12-16T04:00:00+00:00/task_id=Check_Response permission to 509: [Errno 1] Operation not permitted: '/opt/***/logs/dag_id=air_quality/run_id=scheduled__2023-12-16T04:00:00+00:00/task_id=Check_Response'
[2023-12-17T12:19:06.123+0000] {logging_mixin.py:154} INFO - Changing /opt/***/logs/dag_id=air_quality/run_id=scheduled__2023-12-16T04:00:00+00:00/task_id=Check_Response permission to 509
[2023-12-17T12:19:06.124+0000] {logging_mixin.py:154} INFO - Failed to change /opt/***/logs/dag_id=air_quality/run_id=scheduled__2023-12-16T04:00:00+00:00/task_id=Check_Response permission to 509: [Errno 1] Operation not permitted: '/opt/***/logs/dag_id=air_quality/run_id=scheduled__2023-12-16T04:00:00+00:00/task_id=Check_Response'
[2023-12-17T12:19:06.179+0000] {taskinstance.py:1159} INFO - Dependencies all met for dep_context=non-requeueable deps ti=<TaskInstance: air_quality.Check_Response scheduled__2023-12-16T04:00:00+00:00 [queued]>
[2023-12-17T12:19:06.196+0000] {taskinstance.py:1159} INFO - Dependencies all met for dep_context=requeueable deps ti=<TaskInstance: air_quality.Check_Response scheduled__2023-12-16T04:00:00+00:00 [queued]>
[2023-12-17T12:19:06.197+0000] {taskinstance.py:1361} INFO - Starting attempt 1 of 2
[2023-12-17T12:19:06.220+0000] {taskinstance.py:1382} INFO - Executing <Task(BranchPythonOperator): Check_Response> on 2023-12-16 04:00:00+00:00
[2023-12-17T12:19:06.229+0000] {standard_task_runner.py:57} INFO - Started process 4584 to run task
[2023-12-17T12:19:06.234+0000] {standard_task_runner.py:84} INFO - Running: ['***', 'tasks', 'run', 'air_quality', 'Check_Response', 'scheduled__2023-12-16T04:00:00+00:00', '--job-id', '705', '--raw', '--subdir', 'DAGS_FOLDER/airQuality.py', '--cfg-path', '/tmp/tmpxaqgx27u']
[2023-12-17T12:19:06.236+0000] {standard_task_runner.py:85} INFO - Job 705: Subtask Check_Response
[2023-12-17T12:19:06.313+0000] {logging_mixin.py:154} INFO - Changing /opt/***/logs/dag_id=air_quality/run_id=scheduled__2023-12-16T04:00:00+00:00/task_id=Check_Response permission to 509
[2023-12-17T12:19:06.314+0000] {logging_mixin.py:154} INFO - Failed to change /opt/***/logs/dag_id=air_quality/run_id=scheduled__2023-12-16T04:00:00+00:00/task_id=Check_Response permission to 509: [Errno 1] Operation not permitted: '/opt/***/logs/dag_id=air_quality/run_id=scheduled__2023-12-16T04:00:00+00:00/task_id=Check_Response'
[2023-12-17T12:19:06.317+0000] {task_command.py:416} INFO - Running <TaskInstance: air_quality.Check_Response scheduled__2023-12-16T04:00:00+00:00 [running]> on host 1a58977f5573
[2023-12-17T12:19:06.452+0000] {taskinstance.py:1662} INFO - Exporting env vars: AIRFLOW_CTX_DAG_OWNER='ghifari' AIRFLOW_CTX_DAG_ID='air_quality' AIRFLOW_CTX_TASK_ID='Check_Response' AIRFLOW_CTX_EXECUTION_DATE='2023-12-16T04:00:00+00:00' AIRFLOW_CTX_TRY_NUMBER='1' AIRFLOW_CTX_DAG_RUN_ID='scheduled__2023-12-16T04:00:00+00:00'
[2023-12-17T12:19:06.470+0000] {airQuality.py:112} INFO - Data Found: {'city': ['Jakarta'], 'country': ['ID'], 'unit': ['pm25'], 'last_value': [-999.0], 'lat': [-6.182536], 'lng': [106.834236]}
[2023-12-17T12:19:06.471+0000] {python.py:194} INFO - Done. Returned value was: Transform
[2023-12-17T12:19:06.471+0000] {python.py:227} INFO - Branch callable return Transform
[2023-12-17T12:19:06.472+0000] {skipmixin.py:173} INFO - Following branch Transform
[2023-12-17T12:19:06.497+0000] {skipmixin.py:239} INFO - Skipping tasks [('Error_Response', -1)]
[2023-12-17T12:19:06.564+0000] {taskinstance.py:1400} INFO - Marking task as SUCCESS. dag_id=air_quality, task_id=Check_Response, execution_date=20231216T040000, start_date=20231217T121906, end_date=20231217T121906
[2023-12-17T12:19:06.608+0000] {local_task_job_runner.py:228} INFO - Task exited with return code 0
[2023-12-17T12:19:06.670+0000] {taskinstance.py:2778} INFO - 1 downstream tasks scheduled from follow-on schedule check
[2023-12-28T16:51:52.565+0000] {logging_mixin.py:154} INFO - Changing /opt/***/logs/dag_id=air_quality/run_id=scheduled__2023-12-16T04:00:00+00:00/task_id=Check_Response permission to 509
[2023-12-28T16:51:52.569+0000] {logging_mixin.py:154} INFO - Failed to change /opt/***/logs/dag_id=air_quality/run_id=scheduled__2023-12-16T04:00:00+00:00/task_id=Check_Response permission to 509: [Errno 1] Operation not permitted: '/opt/***/logs/dag_id=air_quality/run_id=scheduled__2023-12-16T04:00:00+00:00/task_id=Check_Response'
[2023-12-28T16:51:52.669+0000] {logging_mixin.py:154} INFO - Changing /opt/***/logs/dag_id=air_quality/run_id=scheduled__2023-12-16T04:00:00+00:00/task_id=Check_Response permission to 509
[2023-12-28T16:51:52.670+0000] {logging_mixin.py:154} INFO - Failed to change /opt/***/logs/dag_id=air_quality/run_id=scheduled__2023-12-16T04:00:00+00:00/task_id=Check_Response permission to 509: [Errno 1] Operation not permitted: '/opt/***/logs/dag_id=air_quality/run_id=scheduled__2023-12-16T04:00:00+00:00/task_id=Check_Response'
[2023-12-28T16:51:52.796+0000] {taskinstance.py:1159} INFO - Dependencies all met for dep_context=non-requeueable deps ti=<TaskInstance: air_quality.Check_Response scheduled__2023-12-16T04:00:00+00:00 [queued]>
[2023-12-28T16:51:52.853+0000] {taskinstance.py:1159} INFO - Dependencies all met for dep_context=requeueable deps ti=<TaskInstance: air_quality.Check_Response scheduled__2023-12-16T04:00:00+00:00 [queued]>
[2023-12-28T16:51:52.886+0000] {taskinstance.py:1361} INFO - Starting attempt 1 of 2
[2023-12-28T16:51:52.945+0000] {taskinstance.py:1382} INFO - Executing <Task(BranchPythonOperator): Check_Response> on 2023-12-16 04:00:00+00:00
[2023-12-28T16:51:52.958+0000] {standard_task_runner.py:57} INFO - Started process 247 to run task
[2023-12-28T16:51:52.974+0000] {standard_task_runner.py:84} INFO - Running: ['***', 'tasks', 'run', 'air_quality', 'Check_Response', 'scheduled__2023-12-16T04:00:00+00:00', '--job-id', '870', '--raw', '--subdir', 'DAGS_FOLDER/airQuality.py', '--cfg-path', '/tmp/tmpw6g4z898']
[2023-12-28T16:51:52.977+0000] {standard_task_runner.py:85} INFO - Job 870: Subtask Check_Response
[2023-12-28T16:51:53.205+0000] {logging_mixin.py:154} INFO - Changing /opt/***/logs/dag_id=air_quality/run_id=scheduled__2023-12-16T04:00:00+00:00/task_id=Check_Response permission to 509
[2023-12-28T16:51:53.207+0000] {logging_mixin.py:154} INFO - Failed to change /opt/***/logs/dag_id=air_quality/run_id=scheduled__2023-12-16T04:00:00+00:00/task_id=Check_Response permission to 509: [Errno 1] Operation not permitted: '/opt/***/logs/dag_id=air_quality/run_id=scheduled__2023-12-16T04:00:00+00:00/task_id=Check_Response'
[2023-12-28T16:51:53.239+0000] {task_command.py:416} INFO - Running <TaskInstance: air_quality.Check_Response scheduled__2023-12-16T04:00:00+00:00 [running]> on host d67dd4682ccf
[2023-12-28T16:51:53.849+0000] {taskinstance.py:1662} INFO - Exporting env vars: AIRFLOW_CTX_DAG_OWNER='ghifari' AIRFLOW_CTX_DAG_ID='air_quality' AIRFLOW_CTX_TASK_ID='Check_Response' AIRFLOW_CTX_EXECUTION_DATE='2023-12-16T04:00:00+00:00' AIRFLOW_CTX_TRY_NUMBER='1' AIRFLOW_CTX_DAG_RUN_ID='scheduled__2023-12-16T04:00:00+00:00'
[2023-12-28T16:51:53.903+0000] {airQuality.py:90} INFO - Data Found: {'city': ['Jakarta'], 'country': ['ID'], 'unit': ['o3'], 'last_value': [-0.999], 'lat': [-6.182536], 'lng': [106.834236]}
[2023-12-28T16:51:53.909+0000] {python.py:194} INFO - Done. Returned value was: Transform
[2023-12-28T16:51:53.910+0000] {python.py:227} INFO - Branch callable return Transform
[2023-12-28T16:51:53.911+0000] {skipmixin.py:173} INFO - Following branch Transform
[2023-12-28T16:51:54.016+0000] {skipmixin.py:239} INFO - Skipping tasks [('Error_Response', -1)]
[2023-12-28T16:51:54.290+0000] {taskinstance.py:1400} INFO - Marking task as SUCCESS. dag_id=air_quality, task_id=Check_Response, execution_date=20231216T040000, start_date=20231228T165152, end_date=20231228T165154
[2023-12-28T16:51:54.416+0000] {local_task_job_runner.py:228} INFO - Task exited with return code 0
[2023-12-28T16:51:54.813+0000] {taskinstance.py:2778} INFO - 1 downstream tasks scheduled from follow-on schedule check
[2023-12-28T16:54:52.744+0000] {logging_mixin.py:154} INFO - Changing /opt/***/logs/dag_id=air_quality/run_id=scheduled__2023-12-16T04:00:00+00:00/task_id=Check_Response permission to 509
[2023-12-28T16:54:52.756+0000] {logging_mixin.py:154} INFO - Failed to change /opt/***/logs/dag_id=air_quality/run_id=scheduled__2023-12-16T04:00:00+00:00/task_id=Check_Response permission to 509: [Errno 1] Operation not permitted: '/opt/***/logs/dag_id=air_quality/run_id=scheduled__2023-12-16T04:00:00+00:00/task_id=Check_Response'
[2023-12-28T16:54:52.921+0000] {logging_mixin.py:154} INFO - Changing /opt/***/logs/dag_id=air_quality/run_id=scheduled__2023-12-16T04:00:00+00:00/task_id=Check_Response permission to 509
[2023-12-28T16:54:52.922+0000] {logging_mixin.py:154} INFO - Failed to change /opt/***/logs/dag_id=air_quality/run_id=scheduled__2023-12-16T04:00:00+00:00/task_id=Check_Response permission to 509: [Errno 1] Operation not permitted: '/opt/***/logs/dag_id=air_quality/run_id=scheduled__2023-12-16T04:00:00+00:00/task_id=Check_Response'
[2023-12-28T16:54:53.022+0000] {taskinstance.py:1159} INFO - Dependencies all met for dep_context=non-requeueable deps ti=<TaskInstance: air_quality.Check_Response scheduled__2023-12-16T04:00:00+00:00 [queued]>
[2023-12-28T16:54:53.077+0000] {taskinstance.py:1159} INFO - Dependencies all met for dep_context=requeueable deps ti=<TaskInstance: air_quality.Check_Response scheduled__2023-12-16T04:00:00+00:00 [queued]>
[2023-12-28T16:54:53.096+0000] {taskinstance.py:1361} INFO - Starting attempt 1 of 2
[2023-12-28T16:54:53.166+0000] {taskinstance.py:1382} INFO - Executing <Task(BranchPythonOperator): Check_Response> on 2023-12-16 04:00:00+00:00
[2023-12-28T16:54:53.189+0000] {standard_task_runner.py:57} INFO - Started process 1227 to run task
[2023-12-28T16:54:53.243+0000] {standard_task_runner.py:84} INFO - Running: ['***', 'tasks', 'run', 'air_quality', 'Check_Response', 'scheduled__2023-12-16T04:00:00+00:00', '--job-id', '1120', '--raw', '--subdir', 'DAGS_FOLDER/airQuality.py', '--cfg-path', '/tmp/tmpj7amed3l']
[2023-12-28T16:54:53.251+0000] {standard_task_runner.py:85} INFO - Job 1120: Subtask Check_Response
[2023-12-28T16:54:53.528+0000] {logging_mixin.py:154} INFO - Changing /opt/***/logs/dag_id=air_quality/run_id=scheduled__2023-12-16T04:00:00+00:00/task_id=Check_Response permission to 509
[2023-12-28T16:54:53.530+0000] {logging_mixin.py:154} INFO - Failed to change /opt/***/logs/dag_id=air_quality/run_id=scheduled__2023-12-16T04:00:00+00:00/task_id=Check_Response permission to 509: [Errno 1] Operation not permitted: '/opt/***/logs/dag_id=air_quality/run_id=scheduled__2023-12-16T04:00:00+00:00/task_id=Check_Response'
[2023-12-28T16:54:53.533+0000] {task_command.py:416} INFO - Running <TaskInstance: air_quality.Check_Response scheduled__2023-12-16T04:00:00+00:00 [running]> on host d67dd4682ccf
[2023-12-28T16:54:54.073+0000] {taskinstance.py:1662} INFO - Exporting env vars: AIRFLOW_CTX_DAG_OWNER='ghifari' AIRFLOW_CTX_DAG_ID='air_quality' AIRFLOW_CTX_TASK_ID='Check_Response' AIRFLOW_CTX_EXECUTION_DATE='2023-12-16T04:00:00+00:00' AIRFLOW_CTX_TRY_NUMBER='1' AIRFLOW_CTX_DAG_RUN_ID='scheduled__2023-12-16T04:00:00+00:00'
[2023-12-28T16:54:54.111+0000] {airQuality.py:90} INFO - Data Found: {'city': ['Jakarta'], 'country': ['ID'], 'unit': ['o3'], 'last_value': [-0.999], 'lat': [-6.182536], 'lng': [106.834236]}
[2023-12-28T16:54:54.116+0000] {python.py:194} INFO - Done. Returned value was: Transform
[2023-12-28T16:54:54.120+0000] {python.py:227} INFO - Branch callable return Transform
[2023-12-28T16:54:54.121+0000] {skipmixin.py:173} INFO - Following branch Transform
[2023-12-28T16:54:54.210+0000] {skipmixin.py:239} INFO - Skipping tasks [('Error_Response', -1)]
[2023-12-28T16:54:54.423+0000] {taskinstance.py:1400} INFO - Marking task as SUCCESS. dag_id=air_quality, task_id=Check_Response, execution_date=20231216T040000, start_date=20231228T165453, end_date=20231228T165454
[2023-12-28T16:54:54.547+0000] {local_task_job_runner.py:228} INFO - Task exited with return code 0
[2023-12-28T16:54:54.936+0000] {taskinstance.py:2778} INFO - 1 downstream tasks scheduled from follow-on schedule check
