[2023-12-17T11:18:47.250+0000] {logging_mixin.py:154} INFO - Changing /opt/***/logs/dag_id=air_quality/run_id=scheduled__2023-12-04T04:00:00+00:00/task_id=CheckTable permission to 509
[2023-12-17T11:18:47.261+0000] {logging_mixin.py:154} INFO - Failed to change /opt/***/logs/dag_id=air_quality/run_id=scheduled__2023-12-04T04:00:00+00:00/task_id=CheckTable permission to 509: [Errno 1] Operation not permitted: '/opt/***/logs/dag_id=air_quality/run_id=scheduled__2023-12-04T04:00:00+00:00/task_id=CheckTable'
[2023-12-17T11:18:47.466+0000] {logging_mixin.py:154} INFO - Changing /opt/***/logs/dag_id=air_quality/run_id=scheduled__2023-12-04T04:00:00+00:00/task_id=CheckTable permission to 509
[2023-12-17T11:18:47.469+0000] {logging_mixin.py:154} INFO - Failed to change /opt/***/logs/dag_id=air_quality/run_id=scheduled__2023-12-04T04:00:00+00:00/task_id=CheckTable permission to 509: [Errno 1] Operation not permitted: '/opt/***/logs/dag_id=air_quality/run_id=scheduled__2023-12-04T04:00:00+00:00/task_id=CheckTable'
[2023-12-17T11:18:47.601+0000] {taskinstance.py:1159} INFO - Dependencies all met for dep_context=non-requeueable deps ti=<TaskInstance: air_quality.CheckTable scheduled__2023-12-04T04:00:00+00:00 [queued]>
[2023-12-17T11:18:47.635+0000] {taskinstance.py:1159} INFO - Dependencies all met for dep_context=requeueable deps ti=<TaskInstance: air_quality.CheckTable scheduled__2023-12-04T04:00:00+00:00 [queued]>
[2023-12-17T11:18:47.636+0000] {taskinstance.py:1361} INFO - Starting attempt 1 of 2
[2023-12-17T11:18:47.773+0000] {taskinstance.py:1382} INFO - Executing <Task(BranchPythonOperator): CheckTable> on 2023-12-04 04:00:00+00:00
[2023-12-17T11:18:47.782+0000] {standard_task_runner.py:57} INFO - Started process 2202 to run task
[2023-12-17T11:18:47.798+0000] {standard_task_runner.py:84} INFO - Running: ['***', 'tasks', 'run', 'air_quality', 'CheckTable', 'scheduled__2023-12-04T04:00:00+00:00', '--job-id', '364', '--raw', '--subdir', 'DAGS_FOLDER/airQuality.py', '--cfg-path', '/tmp/tmpmqkit4am']
[2023-12-17T11:18:47.804+0000] {standard_task_runner.py:85} INFO - Job 364: Subtask CheckTable
[2023-12-17T11:18:48.039+0000] {logging_mixin.py:154} INFO - Changing /opt/***/logs/dag_id=air_quality/run_id=scheduled__2023-12-04T04:00:00+00:00/task_id=CheckTable permission to 509
[2023-12-17T11:18:48.044+0000] {logging_mixin.py:154} INFO - Failed to change /opt/***/logs/dag_id=air_quality/run_id=scheduled__2023-12-04T04:00:00+00:00/task_id=CheckTable permission to 509: [Errno 1] Operation not permitted: '/opt/***/logs/dag_id=air_quality/run_id=scheduled__2023-12-04T04:00:00+00:00/task_id=CheckTable'
[2023-12-17T11:18:48.059+0000] {task_command.py:416} INFO - Running <TaskInstance: air_quality.CheckTable scheduled__2023-12-04T04:00:00+00:00 [running]> on host 1a58977f5573
[2023-12-17T11:18:48.386+0000] {taskinstance.py:1662} INFO - Exporting env vars: AIRFLOW_CTX_DAG_OWNER='ghifari' AIRFLOW_CTX_DAG_ID='air_quality' AIRFLOW_CTX_TASK_ID='CheckTable' AIRFLOW_CTX_EXECUTION_DATE='2023-12-04T04:00:00+00:00' AIRFLOW_CTX_TRY_NUMBER='1' AIRFLOW_CTX_DAG_RUN_ID='scheduled__2023-12-04T04:00:00+00:00'
[2023-12-17T11:18:48.417+0000] {airQuality.py:204} INFO - Table Created: 
        CREATE TABLE air_quality (
            id serial primary key, 
            city varchar(250),
            country varchar(250), 
            unit varchar(20), 
            last_value float8, 
            lat float8,
            lng float8
        )
    
[2023-12-17T11:18:48.422+0000] {python.py:194} INFO - Done. Returned value was: Insert_Data
[2023-12-17T11:18:48.425+0000] {python.py:227} INFO - Branch callable return Insert_Data
[2023-12-17T11:18:48.431+0000] {skipmixin.py:173} INFO - Following branch Insert_Data
[2023-12-17T11:18:48.465+0000] {skipmixin.py:239} INFO - Skipping tasks []
[2023-12-17T11:18:48.749+0000] {taskinstance.py:1400} INFO - Marking task as SUCCESS. dag_id=air_quality, task_id=CheckTable, execution_date=20231204T040000, start_date=20231217T111847, end_date=20231217T111848
[2023-12-17T11:18:48.890+0000] {local_task_job_runner.py:228} INFO - Task exited with return code 0
[2023-12-17T11:18:49.136+0000] {taskinstance.py:2778} INFO - 0 downstream tasks scheduled from follow-on schedule check
[2023-12-17T12:18:40.221+0000] {logging_mixin.py:154} INFO - Changing /opt/***/logs/dag_id=air_quality/run_id=scheduled__2023-12-04T04:00:00+00:00/task_id=CheckTable permission to 509
[2023-12-17T12:18:40.223+0000] {logging_mixin.py:154} INFO - Failed to change /opt/***/logs/dag_id=air_quality/run_id=scheduled__2023-12-04T04:00:00+00:00/task_id=CheckTable permission to 509: [Errno 1] Operation not permitted: '/opt/***/logs/dag_id=air_quality/run_id=scheduled__2023-12-04T04:00:00+00:00/task_id=CheckTable'
[2023-12-17T12:18:40.270+0000] {logging_mixin.py:154} INFO - Changing /opt/***/logs/dag_id=air_quality/run_id=scheduled__2023-12-04T04:00:00+00:00/task_id=CheckTable permission to 509
[2023-12-17T12:18:40.271+0000] {logging_mixin.py:154} INFO - Failed to change /opt/***/logs/dag_id=air_quality/run_id=scheduled__2023-12-04T04:00:00+00:00/task_id=CheckTable permission to 509: [Errno 1] Operation not permitted: '/opt/***/logs/dag_id=air_quality/run_id=scheduled__2023-12-04T04:00:00+00:00/task_id=CheckTable'
[2023-12-17T12:18:40.315+0000] {taskinstance.py:1159} INFO - Dependencies all met for dep_context=non-requeueable deps ti=<TaskInstance: air_quality.CheckTable scheduled__2023-12-04T04:00:00+00:00 [queued]>
[2023-12-17T12:18:40.329+0000] {taskinstance.py:1159} INFO - Dependencies all met for dep_context=requeueable deps ti=<TaskInstance: air_quality.CheckTable scheduled__2023-12-04T04:00:00+00:00 [queued]>
[2023-12-17T12:18:40.330+0000] {taskinstance.py:1361} INFO - Starting attempt 1 of 2
[2023-12-17T12:18:40.348+0000] {taskinstance.py:1382} INFO - Executing <Task(BranchPythonOperator): CheckTable> on 2023-12-04 04:00:00+00:00
[2023-12-17T12:18:40.354+0000] {standard_task_runner.py:57} INFO - Started process 4367 to run task
[2023-12-17T12:18:40.359+0000] {standard_task_runner.py:84} INFO - Running: ['***', 'tasks', 'run', 'air_quality', 'CheckTable', 'scheduled__2023-12-04T04:00:00+00:00', '--job-id', '662', '--raw', '--subdir', 'DAGS_FOLDER/airQuality.py', '--cfg-path', '/tmp/tmpg4kv4z99']
[2023-12-17T12:18:40.361+0000] {standard_task_runner.py:85} INFO - Job 662: Subtask CheckTable
[2023-12-17T12:18:40.444+0000] {logging_mixin.py:154} INFO - Changing /opt/***/logs/dag_id=air_quality/run_id=scheduled__2023-12-04T04:00:00+00:00/task_id=CheckTable permission to 509
[2023-12-17T12:18:40.444+0000] {logging_mixin.py:154} INFO - Failed to change /opt/***/logs/dag_id=air_quality/run_id=scheduled__2023-12-04T04:00:00+00:00/task_id=CheckTable permission to 509: [Errno 1] Operation not permitted: '/opt/***/logs/dag_id=air_quality/run_id=scheduled__2023-12-04T04:00:00+00:00/task_id=CheckTable'
[2023-12-17T12:18:40.448+0000] {task_command.py:416} INFO - Running <TaskInstance: air_quality.CheckTable scheduled__2023-12-04T04:00:00+00:00 [running]> on host 1a58977f5573
[2023-12-17T12:18:40.572+0000] {taskinstance.py:1662} INFO - Exporting env vars: AIRFLOW_CTX_DAG_OWNER='ghifari' AIRFLOW_CTX_DAG_ID='air_quality' AIRFLOW_CTX_TASK_ID='CheckTable' AIRFLOW_CTX_EXECUTION_DATE='2023-12-04T04:00:00+00:00' AIRFLOW_CTX_TRY_NUMBER='1' AIRFLOW_CTX_DAG_RUN_ID='scheduled__2023-12-04T04:00:00+00:00'
[2023-12-17T12:18:40.590+0000] {airQuality.py:205} INFO - Table Created: 
        CREATE TABLE air_quality (
            id serial primary key, 
            city varchar(250),
            country varchar(250), 
            unit varchar(20), 
            last_value float8, 
            lat float8,
            lng float8
        )
    
[2023-12-17T12:18:40.592+0000] {python.py:194} INFO - Done. Returned value was: Insert_Data
[2023-12-17T12:18:40.593+0000] {python.py:227} INFO - Branch callable return Insert_Data
[2023-12-17T12:18:40.593+0000] {skipmixin.py:173} INFO - Following branch Insert_Data
[2023-12-17T12:18:40.615+0000] {skipmixin.py:239} INFO - Skipping tasks []
[2023-12-17T12:18:40.667+0000] {taskinstance.py:1400} INFO - Marking task as SUCCESS. dag_id=air_quality, task_id=CheckTable, execution_date=20231204T040000, start_date=20231217T121840, end_date=20231217T121840
[2023-12-17T12:18:40.731+0000] {local_task_job_runner.py:228} INFO - Task exited with return code 0
[2023-12-17T12:18:40.775+0000] {taskinstance.py:2778} INFO - 1 downstream tasks scheduled from follow-on schedule check
[2023-12-28T16:54:31.815+0000] {logging_mixin.py:154} INFO - Changing /opt/***/logs/dag_id=air_quality/run_id=scheduled__2023-12-04T04:00:00+00:00/task_id=CheckTable permission to 509
[2023-12-28T16:54:31.818+0000] {logging_mixin.py:154} INFO - Failed to change /opt/***/logs/dag_id=air_quality/run_id=scheduled__2023-12-04T04:00:00+00:00/task_id=CheckTable permission to 509: [Errno 1] Operation not permitted: '/opt/***/logs/dag_id=air_quality/run_id=scheduled__2023-12-04T04:00:00+00:00/task_id=CheckTable'
[2023-12-28T16:54:31.976+0000] {logging_mixin.py:154} INFO - Changing /opt/***/logs/dag_id=air_quality/run_id=scheduled__2023-12-04T04:00:00+00:00/task_id=CheckTable permission to 509
[2023-12-28T16:54:31.980+0000] {logging_mixin.py:154} INFO - Failed to change /opt/***/logs/dag_id=air_quality/run_id=scheduled__2023-12-04T04:00:00+00:00/task_id=CheckTable permission to 509: [Errno 1] Operation not permitted: '/opt/***/logs/dag_id=air_quality/run_id=scheduled__2023-12-04T04:00:00+00:00/task_id=CheckTable'
[2023-12-28T16:54:32.137+0000] {taskinstance.py:1159} INFO - Dependencies all met for dep_context=non-requeueable deps ti=<TaskInstance: air_quality.CheckTable scheduled__2023-12-04T04:00:00+00:00 [queued]>
[2023-12-28T16:54:32.171+0000] {taskinstance.py:1159} INFO - Dependencies all met for dep_context=requeueable deps ti=<TaskInstance: air_quality.CheckTable scheduled__2023-12-04T04:00:00+00:00 [queued]>
[2023-12-28T16:54:32.173+0000] {taskinstance.py:1361} INFO - Starting attempt 1 of 2
[2023-12-28T16:54:32.235+0000] {taskinstance.py:1382} INFO - Executing <Task(BranchPythonOperator): CheckTable> on 2023-12-04 04:00:00+00:00
[2023-12-28T16:54:32.251+0000] {standard_task_runner.py:57} INFO - Started process 985 to run task
[2023-12-28T16:54:32.291+0000] {standard_task_runner.py:84} INFO - Running: ['***', 'tasks', 'run', 'air_quality', 'CheckTable', 'scheduled__2023-12-04T04:00:00+00:00', '--job-id', '1082', '--raw', '--subdir', 'DAGS_FOLDER/airQuality.py', '--cfg-path', '/tmp/tmpzuwfhel8']
[2023-12-28T16:54:32.299+0000] {standard_task_runner.py:85} INFO - Job 1082: Subtask CheckTable
[2023-12-28T16:54:32.598+0000] {logging_mixin.py:154} INFO - Changing /opt/***/logs/dag_id=air_quality/run_id=scheduled__2023-12-04T04:00:00+00:00/task_id=CheckTable permission to 509
[2023-12-28T16:54:32.601+0000] {logging_mixin.py:154} INFO - Failed to change /opt/***/logs/dag_id=air_quality/run_id=scheduled__2023-12-04T04:00:00+00:00/task_id=CheckTable permission to 509: [Errno 1] Operation not permitted: '/opt/***/logs/dag_id=air_quality/run_id=scheduled__2023-12-04T04:00:00+00:00/task_id=CheckTable'
[2023-12-28T16:54:32.606+0000] {task_command.py:416} INFO - Running <TaskInstance: air_quality.CheckTable scheduled__2023-12-04T04:00:00+00:00 [running]> on host d67dd4682ccf
[2023-12-28T16:54:33.029+0000] {taskinstance.py:1662} INFO - Exporting env vars: AIRFLOW_CTX_DAG_OWNER='ghifari' AIRFLOW_CTX_DAG_ID='air_quality' AIRFLOW_CTX_TASK_ID='CheckTable' AIRFLOW_CTX_EXECUTION_DATE='2023-12-04T04:00:00+00:00' AIRFLOW_CTX_TRY_NUMBER='1' AIRFLOW_CTX_DAG_RUN_ID='scheduled__2023-12-04T04:00:00+00:00'
[2023-12-28T16:54:33.077+0000] {airQuality.py:183} INFO - Table Created: 
        CREATE TABLE air_quality (
            id serial primary key, 
            city varchar(250),
            country varchar(250), 
            unit varchar(20), 
            last_value float8, 
            lat float8,
            lng float8
        )
    
[2023-12-28T16:54:33.081+0000] {python.py:194} INFO - Done. Returned value was: Insert_Data
[2023-12-28T16:54:33.083+0000] {python.py:227} INFO - Branch callable return Insert_Data
[2023-12-28T16:54:33.086+0000] {skipmixin.py:173} INFO - Following branch Insert_Data
[2023-12-28T16:54:33.123+0000] {skipmixin.py:239} INFO - Skipping tasks []
[2023-12-28T16:54:33.310+0000] {taskinstance.py:1400} INFO - Marking task as SUCCESS. dag_id=air_quality, task_id=CheckTable, execution_date=20231204T040000, start_date=20231228T165432, end_date=20231228T165433
[2023-12-28T16:54:33.445+0000] {local_task_job_runner.py:228} INFO - Task exited with return code 0
[2023-12-28T16:54:33.711+0000] {taskinstance.py:2778} INFO - 1 downstream tasks scheduled from follow-on schedule check
