[2023-12-17T11:18:29.025+0000] {logging_mixin.py:154} INFO - Changing /opt/***/logs/dag_id=air_quality/run_id=scheduled__2023-11-29T04:00:00+00:00/task_id=Transform permission to 509
[2023-12-17T11:18:29.027+0000] {logging_mixin.py:154} INFO - Failed to change /opt/***/logs/dag_id=air_quality/run_id=scheduled__2023-11-29T04:00:00+00:00/task_id=Transform permission to 509: [Errno 1] Operation not permitted: '/opt/***/logs/dag_id=air_quality/run_id=scheduled__2023-11-29T04:00:00+00:00/task_id=Transform'
[2023-12-17T11:18:29.135+0000] {logging_mixin.py:154} INFO - Changing /opt/***/logs/dag_id=air_quality/run_id=scheduled__2023-11-29T04:00:00+00:00/task_id=Transform permission to 509
[2023-12-17T11:18:29.136+0000] {logging_mixin.py:154} INFO - Failed to change /opt/***/logs/dag_id=air_quality/run_id=scheduled__2023-11-29T04:00:00+00:00/task_id=Transform permission to 509: [Errno 1] Operation not permitted: '/opt/***/logs/dag_id=air_quality/run_id=scheduled__2023-11-29T04:00:00+00:00/task_id=Transform'
[2023-12-17T11:18:29.329+0000] {taskinstance.py:1159} INFO - Dependencies all met for dep_context=non-requeueable deps ti=<TaskInstance: air_quality.Transform scheduled__2023-11-29T04:00:00+00:00 [queued]>
[2023-12-17T11:18:29.402+0000] {taskinstance.py:1159} INFO - Dependencies all met for dep_context=requeueable deps ti=<TaskInstance: air_quality.Transform scheduled__2023-11-29T04:00:00+00:00 [queued]>
[2023-12-17T11:18:29.403+0000] {taskinstance.py:1361} INFO - Starting attempt 1 of 2
[2023-12-17T11:18:29.499+0000] {taskinstance.py:1382} INFO - Executing <Task(PythonOperator): Transform> on 2023-11-29 04:00:00+00:00
[2023-12-17T11:18:29.512+0000] {standard_task_runner.py:57} INFO - Started process 2031 to run task
[2023-12-17T11:18:29.586+0000] {standard_task_runner.py:84} INFO - Running: ['***', 'tasks', 'run', 'air_quality', 'Transform', 'scheduled__2023-11-29T04:00:00+00:00', '--job-id', '315', '--raw', '--subdir', 'DAGS_FOLDER/airQuality.py', '--cfg-path', '/tmp/tmpt2pctb2_']
[2023-12-17T11:18:29.590+0000] {standard_task_runner.py:85} INFO - Job 315: Subtask Transform
[2023-12-17T11:18:29.856+0000] {logging_mixin.py:154} INFO - Changing /opt/***/logs/dag_id=air_quality/run_id=scheduled__2023-11-29T04:00:00+00:00/task_id=Transform permission to 509
[2023-12-17T11:18:29.858+0000] {logging_mixin.py:154} INFO - Failed to change /opt/***/logs/dag_id=air_quality/run_id=scheduled__2023-11-29T04:00:00+00:00/task_id=Transform permission to 509: [Errno 1] Operation not permitted: '/opt/***/logs/dag_id=air_quality/run_id=scheduled__2023-11-29T04:00:00+00:00/task_id=Transform'
[2023-12-17T11:18:29.882+0000] {task_command.py:416} INFO - Running <TaskInstance: air_quality.Transform scheduled__2023-11-29T04:00:00+00:00 [running]> on host 1a58977f5573
[2023-12-17T11:18:30.457+0000] {taskinstance.py:1662} INFO - Exporting env vars: AIRFLOW_CTX_DAG_OWNER='ghifari' AIRFLOW_CTX_DAG_ID='air_quality' AIRFLOW_CTX_TASK_ID='Transform' AIRFLOW_CTX_EXECUTION_DATE='2023-11-29T04:00:00+00:00' AIRFLOW_CTX_TRY_NUMBER='1' AIRFLOW_CTX_DAG_RUN_ID='scheduled__2023-11-29T04:00:00+00:00'
[2023-12-17T11:18:32.359+0000] {python.py:194} INFO - Done. Returned value was:       city country unit  last_value       lat         lng
0  Jakarta      ID   o3      -0.999 -6.182536  106.834236
[2023-12-17T11:18:32.550+0000] {taskinstance.py:1400} INFO - Marking task as SUCCESS. dag_id=air_quality, task_id=Transform, execution_date=20231129T040000, start_date=20231217T111829, end_date=20231217T111832
[2023-12-17T11:18:32.642+0000] {local_task_job_runner.py:228} INFO - Task exited with return code 0
[2023-12-17T11:18:32.718+0000] {taskinstance.py:2778} INFO - 1 downstream tasks scheduled from follow-on schedule check
[2023-12-28T16:51:34.891+0000] {logging_mixin.py:154} INFO - Changing /opt/***/logs/dag_id=air_quality/run_id=scheduled__2023-11-29T04:00:00+00:00/task_id=Transform permission to 509
[2023-12-28T16:51:34.896+0000] {logging_mixin.py:154} INFO - Failed to change /opt/***/logs/dag_id=air_quality/run_id=scheduled__2023-11-29T04:00:00+00:00/task_id=Transform permission to 509: [Errno 1] Operation not permitted: '/opt/***/logs/dag_id=air_quality/run_id=scheduled__2023-11-29T04:00:00+00:00/task_id=Transform'
[2023-12-28T16:51:35.171+0000] {logging_mixin.py:154} INFO - Changing /opt/***/logs/dag_id=air_quality/run_id=scheduled__2023-11-29T04:00:00+00:00/task_id=Transform permission to 509
[2023-12-28T16:51:35.181+0000] {logging_mixin.py:154} INFO - Failed to change /opt/***/logs/dag_id=air_quality/run_id=scheduled__2023-11-29T04:00:00+00:00/task_id=Transform permission to 509: [Errno 1] Operation not permitted: '/opt/***/logs/dag_id=air_quality/run_id=scheduled__2023-11-29T04:00:00+00:00/task_id=Transform'
[2023-12-28T16:51:35.348+0000] {taskinstance.py:1159} INFO - Dependencies all met for dep_context=non-requeueable deps ti=<TaskInstance: air_quality.Transform scheduled__2023-11-29T04:00:00+00:00 [queued]>
[2023-12-28T16:51:35.414+0000] {taskinstance.py:1159} INFO - Dependencies all met for dep_context=requeueable deps ti=<TaskInstance: air_quality.Transform scheduled__2023-11-29T04:00:00+00:00 [queued]>
[2023-12-28T16:51:35.421+0000] {taskinstance.py:1361} INFO - Starting attempt 1 of 2
[2023-12-28T16:51:35.508+0000] {taskinstance.py:1382} INFO - Executing <Task(PythonOperator): Transform> on 2023-11-29 04:00:00+00:00
[2023-12-28T16:51:35.530+0000] {standard_task_runner.py:57} INFO - Started process 146 to run task
[2023-12-28T16:51:35.538+0000] {standard_task_runner.py:84} INFO - Running: ['***', 'tasks', 'run', 'air_quality', 'Transform', 'scheduled__2023-11-29T04:00:00+00:00', '--job-id', '829', '--raw', '--subdir', 'DAGS_FOLDER/airQuality.py', '--cfg-path', '/tmp/tmpkpru71bs']
[2023-12-28T16:51:35.541+0000] {standard_task_runner.py:85} INFO - Job 829: Subtask Transform
[2023-12-28T16:51:35.734+0000] {logging_mixin.py:154} INFO - Changing /opt/***/logs/dag_id=air_quality/run_id=scheduled__2023-11-29T04:00:00+00:00/task_id=Transform permission to 509
[2023-12-28T16:51:35.735+0000] {logging_mixin.py:154} INFO - Failed to change /opt/***/logs/dag_id=air_quality/run_id=scheduled__2023-11-29T04:00:00+00:00/task_id=Transform permission to 509: [Errno 1] Operation not permitted: '/opt/***/logs/dag_id=air_quality/run_id=scheduled__2023-11-29T04:00:00+00:00/task_id=Transform'
[2023-12-28T16:51:35.767+0000] {task_command.py:416} INFO - Running <TaskInstance: air_quality.Transform scheduled__2023-11-29T04:00:00+00:00 [running]> on host d67dd4682ccf
[2023-12-28T16:51:36.224+0000] {taskinstance.py:1662} INFO - Exporting env vars: AIRFLOW_CTX_DAG_OWNER='ghifari' AIRFLOW_CTX_DAG_ID='air_quality' AIRFLOW_CTX_TASK_ID='Transform' AIRFLOW_CTX_EXECUTION_DATE='2023-11-29T04:00:00+00:00' AIRFLOW_CTX_TRY_NUMBER='1' AIRFLOW_CTX_DAG_RUN_ID='scheduled__2023-11-29T04:00:00+00:00'
[2023-12-28T16:51:38.275+0000] {python.py:194} INFO - Done. Returned value was:       city country unit  last_value       lat         lng
0  Jakarta      ID   o3      -0.999 -6.182536  106.834236
[2023-12-28T16:51:38.571+0000] {taskinstance.py:1400} INFO - Marking task as SUCCESS. dag_id=air_quality, task_id=Transform, execution_date=20231129T040000, start_date=20231228T165135, end_date=20231228T165138
[2023-12-28T16:51:39.076+0000] {local_task_job_runner.py:228} INFO - Task exited with return code 0
[2023-12-28T16:51:39.214+0000] {taskinstance.py:2778} INFO - 1 downstream tasks scheduled from follow-on schedule check
[2023-12-28T16:54:09.791+0000] {logging_mixin.py:154} INFO - Changing /opt/***/logs/dag_id=air_quality/run_id=scheduled__2023-11-29T04:00:00+00:00/task_id=Transform permission to 509
[2023-12-28T16:54:09.794+0000] {logging_mixin.py:154} INFO - Failed to change /opt/***/logs/dag_id=air_quality/run_id=scheduled__2023-11-29T04:00:00+00:00/task_id=Transform permission to 509: [Errno 1] Operation not permitted: '/opt/***/logs/dag_id=air_quality/run_id=scheduled__2023-11-29T04:00:00+00:00/task_id=Transform'
[2023-12-28T16:54:09.960+0000] {logging_mixin.py:154} INFO - Changing /opt/***/logs/dag_id=air_quality/run_id=scheduled__2023-11-29T04:00:00+00:00/task_id=Transform permission to 509
[2023-12-28T16:54:09.970+0000] {logging_mixin.py:154} INFO - Failed to change /opt/***/logs/dag_id=air_quality/run_id=scheduled__2023-11-29T04:00:00+00:00/task_id=Transform permission to 509: [Errno 1] Operation not permitted: '/opt/***/logs/dag_id=air_quality/run_id=scheduled__2023-11-29T04:00:00+00:00/task_id=Transform'
[2023-12-28T16:54:10.164+0000] {taskinstance.py:1159} INFO - Dependencies all met for dep_context=non-requeueable deps ti=<TaskInstance: air_quality.Transform scheduled__2023-11-29T04:00:00+00:00 [queued]>
[2023-12-28T16:54:10.213+0000] {taskinstance.py:1159} INFO - Dependencies all met for dep_context=requeueable deps ti=<TaskInstance: air_quality.Transform scheduled__2023-11-29T04:00:00+00:00 [queued]>
[2023-12-28T16:54:10.216+0000] {taskinstance.py:1361} INFO - Starting attempt 1 of 2
[2023-12-28T16:54:10.280+0000] {taskinstance.py:1382} INFO - Executing <Task(PythonOperator): Transform> on 2023-11-29 04:00:00+00:00
[2023-12-28T16:54:10.313+0000] {standard_task_runner.py:57} INFO - Started process 844 to run task
[2023-12-28T16:54:10.347+0000] {standard_task_runner.py:84} INFO - Running: ['***', 'tasks', 'run', 'air_quality', 'Transform', 'scheduled__2023-11-29T04:00:00+00:00', '--job-id', '1033', '--raw', '--subdir', 'DAGS_FOLDER/airQuality.py', '--cfg-path', '/tmp/tmpraw24c4z']
[2023-12-28T16:54:10.351+0000] {standard_task_runner.py:85} INFO - Job 1033: Subtask Transform
[2023-12-28T16:54:10.629+0000] {logging_mixin.py:154} INFO - Changing /opt/***/logs/dag_id=air_quality/run_id=scheduled__2023-11-29T04:00:00+00:00/task_id=Transform permission to 509
[2023-12-28T16:54:10.660+0000] {logging_mixin.py:154} INFO - Failed to change /opt/***/logs/dag_id=air_quality/run_id=scheduled__2023-11-29T04:00:00+00:00/task_id=Transform permission to 509: [Errno 1] Operation not permitted: '/opt/***/logs/dag_id=air_quality/run_id=scheduled__2023-11-29T04:00:00+00:00/task_id=Transform'
[2023-12-28T16:54:10.691+0000] {task_command.py:416} INFO - Running <TaskInstance: air_quality.Transform scheduled__2023-11-29T04:00:00+00:00 [running]> on host d67dd4682ccf
[2023-12-28T16:54:11.222+0000] {taskinstance.py:1662} INFO - Exporting env vars: AIRFLOW_CTX_DAG_OWNER='ghifari' AIRFLOW_CTX_DAG_ID='air_quality' AIRFLOW_CTX_TASK_ID='Transform' AIRFLOW_CTX_EXECUTION_DATE='2023-11-29T04:00:00+00:00' AIRFLOW_CTX_TRY_NUMBER='1' AIRFLOW_CTX_DAG_RUN_ID='scheduled__2023-11-29T04:00:00+00:00'
[2023-12-28T16:54:14.154+0000] {python.py:194} INFO - Done. Returned value was:       city country unit  last_value       lat         lng
0  Jakarta      ID   o3      -0.999 -6.182536  106.834236
[2023-12-28T16:54:14.374+0000] {taskinstance.py:1400} INFO - Marking task as SUCCESS. dag_id=air_quality, task_id=Transform, execution_date=20231129T040000, start_date=20231228T165410, end_date=20231228T165414
[2023-12-28T16:54:14.528+0000] {local_task_job_runner.py:228} INFO - Task exited with return code 0
[2023-12-28T16:54:14.735+0000] {taskinstance.py:2778} INFO - 1 downstream tasks scheduled from follow-on schedule check
