[2023-12-13T12:33:04.016+0000] {logging_mixin.py:154} INFO - Changing /opt/***/logs/dag_id=air_quality/run_id=manual__2023-12-13T12:28:00.426872+00:00/task_id=fetchData permission to 509
[2023-12-13T12:33:04.017+0000] {logging_mixin.py:154} INFO - Failed to change /opt/***/logs/dag_id=air_quality/run_id=manual__2023-12-13T12:28:00.426872+00:00/task_id=fetchData permission to 509: [Errno 1] Operation not permitted: '/opt/***/logs/dag_id=air_quality/run_id=manual__2023-12-13T12:28:00.426872+00:00/task_id=fetchData'
[2023-12-13T12:33:04.052+0000] {logging_mixin.py:154} INFO - Changing /opt/***/logs/dag_id=air_quality/run_id=manual__2023-12-13T12:28:00.426872+00:00/task_id=fetchData permission to 509
[2023-12-13T12:33:04.053+0000] {logging_mixin.py:154} INFO - Failed to change /opt/***/logs/dag_id=air_quality/run_id=manual__2023-12-13T12:28:00.426872+00:00/task_id=fetchData permission to 509: [Errno 1] Operation not permitted: '/opt/***/logs/dag_id=air_quality/run_id=manual__2023-12-13T12:28:00.426872+00:00/task_id=fetchData'
[2023-12-13T12:33:04.089+0000] {taskinstance.py:1159} INFO - Dependencies all met for dep_context=non-requeueable deps ti=<TaskInstance: air_quality.fetchData manual__2023-12-13T12:28:00.426872+00:00 [queued]>
[2023-12-13T12:33:04.099+0000] {taskinstance.py:1159} INFO - Dependencies all met for dep_context=requeueable deps ti=<TaskInstance: air_quality.fetchData manual__2023-12-13T12:28:00.426872+00:00 [queued]>
[2023-12-13T12:33:04.100+0000] {taskinstance.py:1361} INFO - Starting attempt 2 of 2
[2023-12-13T12:33:04.121+0000] {taskinstance.py:1382} INFO - Executing <Task(_PythonDecoratedOperator): fetchData> on 2023-12-13 12:28:00.426872+00:00
[2023-12-13T12:33:04.125+0000] {standard_task_runner.py:57} INFO - Started process 815 to run task
[2023-12-13T12:33:04.130+0000] {standard_task_runner.py:84} INFO - Running: ['***', 'tasks', 'run', 'air_quality', 'fetchData', 'manual__2023-12-13T12:28:00.426872+00:00', '--job-id', '6', '--raw', '--subdir', 'DAGS_FOLDER/airQuality.py', '--cfg-path', '/tmp/tmpsv7nrpow']
[2023-12-13T12:33:04.131+0000] {standard_task_runner.py:85} INFO - Job 6: Subtask fetchData
[2023-12-13T12:33:04.194+0000] {logging_mixin.py:154} INFO - Changing /opt/***/logs/dag_id=air_quality/run_id=manual__2023-12-13T12:28:00.426872+00:00/task_id=fetchData permission to 509
[2023-12-13T12:33:04.195+0000] {logging_mixin.py:154} INFO - Failed to change /opt/***/logs/dag_id=air_quality/run_id=manual__2023-12-13T12:28:00.426872+00:00/task_id=fetchData permission to 509: [Errno 1] Operation not permitted: '/opt/***/logs/dag_id=air_quality/run_id=manual__2023-12-13T12:28:00.426872+00:00/task_id=fetchData'
[2023-12-13T12:33:04.199+0000] {task_command.py:416} INFO - Running <TaskInstance: air_quality.fetchData manual__2023-12-13T12:28:00.426872+00:00 [running]> on host d739bc9bef06
[2023-12-13T12:33:04.351+0000] {taskinstance.py:1662} INFO - Exporting env vars: AIRFLOW_CTX_DAG_OWNER='ghifari' AIRFLOW_CTX_DAG_ID='air_quality' AIRFLOW_CTX_TASK_ID='fetchData' AIRFLOW_CTX_EXECUTION_DATE='2023-12-13T12:28:00.426872+00:00' AIRFLOW_CTX_TRY_NUMBER='2' AIRFLOW_CTX_DAG_RUN_ID='manual__2023-12-13T12:28:00.426872+00:00'
[2023-12-13T12:33:04.354+0000] {taskinstance.py:1937} ERROR - Task failed with exception
Traceback (most recent call last):
  File "/home/airflow/.local/lib/python3.8/site-packages/airflow/decorators/base.py", line 221, in execute
    return_value = super().execute(context)
  File "/home/airflow/.local/lib/python3.8/site-packages/airflow/operators/python.py", line 192, in execute
    return_value = self.execute_callable()
  File "/home/airflow/.local/lib/python3.8/site-packages/airflow/operators/python.py", line 209, in execute_callable
    return self.python_callable(*self.op_args, **self.op_kwargs)
  File "/opt/airflow/dags/airQuality.py", line 35, in fetchData
    apiResult = ti.xcom_pull(
NameError: name 'ti' is not defined
[2023-12-13T12:33:04.393+0000] {taskinstance.py:1400} INFO - Marking task as FAILED. dag_id=air_quality, task_id=fetchData, execution_date=20231213T122800, start_date=20231213T123304, end_date=20231213T123304
[2023-12-13T12:33:04.418+0000] {standard_task_runner.py:104} ERROR - Failed to execute job 6 for task fetchData (name 'ti' is not defined; 815)
[2023-12-13T12:33:04.464+0000] {local_task_job_runner.py:228} INFO - Task exited with return code 1
[2023-12-13T12:33:04.499+0000] {taskinstance.py:2778} INFO - 0 downstream tasks scheduled from follow-on schedule check
