[2023-12-28T16:52:22.082+0000] {logging_mixin.py:154} INFO - Changing /opt/***/logs/dag_id=air_quality/run_id=scheduled__2023-12-23T04:00:00+00:00/task_id=CheckTable permission to 509
[2023-12-28T16:52:22.085+0000] {logging_mixin.py:154} INFO - Failed to change /opt/***/logs/dag_id=air_quality/run_id=scheduled__2023-12-23T04:00:00+00:00/task_id=CheckTable permission to 509: [Errno 1] Operation not permitted: '/opt/***/logs/dag_id=air_quality/run_id=scheduled__2023-12-23T04:00:00+00:00/task_id=CheckTable'
[2023-12-28T16:52:22.209+0000] {logging_mixin.py:154} INFO - Changing /opt/***/logs/dag_id=air_quality/run_id=scheduled__2023-12-23T04:00:00+00:00/task_id=CheckTable permission to 509
[2023-12-28T16:52:22.210+0000] {logging_mixin.py:154} INFO - Failed to change /opt/***/logs/dag_id=air_quality/run_id=scheduled__2023-12-23T04:00:00+00:00/task_id=CheckTable permission to 509: [Errno 1] Operation not permitted: '/opt/***/logs/dag_id=air_quality/run_id=scheduled__2023-12-23T04:00:00+00:00/task_id=CheckTable'
[2023-12-28T16:52:22.306+0000] {taskinstance.py:1159} INFO - Dependencies all met for dep_context=non-requeueable deps ti=<TaskInstance: air_quality.CheckTable scheduled__2023-12-23T04:00:00+00:00 [queued]>
[2023-12-28T16:52:22.347+0000] {taskinstance.py:1159} INFO - Dependencies all met for dep_context=requeueable deps ti=<TaskInstance: air_quality.CheckTable scheduled__2023-12-23T04:00:00+00:00 [queued]>
[2023-12-28T16:52:22.349+0000] {taskinstance.py:1361} INFO - Starting attempt 1 of 2
[2023-12-28T16:52:22.399+0000] {taskinstance.py:1382} INFO - Executing <Task(BranchPythonOperator): CheckTable> on 2023-12-23 04:00:00+00:00
[2023-12-28T16:52:22.414+0000] {standard_task_runner.py:57} INFO - Started process 490 to run task
[2023-12-28T16:52:22.430+0000] {standard_task_runner.py:84} INFO - Running: ['***', 'tasks', 'run', 'air_quality', 'CheckTable', 'scheduled__2023-12-23T04:00:00+00:00', '--job-id', '943', '--raw', '--subdir', 'DAGS_FOLDER/airQuality.py', '--cfg-path', '/tmp/tmpu7wdrmmw']
[2023-12-28T16:52:22.438+0000] {standard_task_runner.py:85} INFO - Job 943: Subtask CheckTable
[2023-12-28T16:52:22.614+0000] {logging_mixin.py:154} INFO - Changing /opt/***/logs/dag_id=air_quality/run_id=scheduled__2023-12-23T04:00:00+00:00/task_id=CheckTable permission to 509
[2023-12-28T16:52:22.617+0000] {logging_mixin.py:154} INFO - Failed to change /opt/***/logs/dag_id=air_quality/run_id=scheduled__2023-12-23T04:00:00+00:00/task_id=CheckTable permission to 509: [Errno 1] Operation not permitted: '/opt/***/logs/dag_id=air_quality/run_id=scheduled__2023-12-23T04:00:00+00:00/task_id=CheckTable'
[2023-12-28T16:52:22.621+0000] {task_command.py:416} INFO - Running <TaskInstance: air_quality.CheckTable scheduled__2023-12-23T04:00:00+00:00 [running]> on host d67dd4682ccf
[2023-12-28T16:52:22.878+0000] {taskinstance.py:1662} INFO - Exporting env vars: AIRFLOW_CTX_DAG_OWNER='ghifari' AIRFLOW_CTX_DAG_ID='air_quality' AIRFLOW_CTX_TASK_ID='CheckTable' AIRFLOW_CTX_EXECUTION_DATE='2023-12-23T04:00:00+00:00' AIRFLOW_CTX_TRY_NUMBER='1' AIRFLOW_CTX_DAG_RUN_ID='scheduled__2023-12-23T04:00:00+00:00'
[2023-12-28T16:52:22.913+0000] {airQuality.py:183} INFO - Table Created: 
        CREATE TABLE air_quality (
            id serial primary key, 
            city varchar(250),
            country varchar(250), 
            unit varchar(20), 
            last_value float8, 
            lat float8,
            lng float8
        )
    
[2023-12-28T16:52:22.915+0000] {python.py:194} INFO - Done. Returned value was: Insert_Data
[2023-12-28T16:52:22.916+0000] {python.py:227} INFO - Branch callable return Insert_Data
[2023-12-28T16:52:22.923+0000] {skipmixin.py:173} INFO - Following branch Insert_Data
[2023-12-28T16:52:22.941+0000] {skipmixin.py:239} INFO - Skipping tasks []
[2023-12-28T16:52:23.033+0000] {taskinstance.py:1400} INFO - Marking task as SUCCESS. dag_id=air_quality, task_id=CheckTable, execution_date=20231223T040000, start_date=20231228T165222, end_date=20231228T165223
[2023-12-28T16:52:23.091+0000] {local_task_job_runner.py:228} INFO - Task exited with return code 0
[2023-12-28T16:52:23.185+0000] {taskinstance.py:2778} INFO - 1 downstream tasks scheduled from follow-on schedule check
[2023-12-28T16:52:52.479+0000] {logging_mixin.py:154} INFO - Changing /opt/***/logs/dag_id=air_quality/run_id=scheduled__2023-12-23T04:00:00+00:00/task_id=CheckTable permission to 509
[2023-12-28T16:52:52.482+0000] {logging_mixin.py:154} INFO - Failed to change /opt/***/logs/dag_id=air_quality/run_id=scheduled__2023-12-23T04:00:00+00:00/task_id=CheckTable permission to 509: [Errno 1] Operation not permitted: '/opt/***/logs/dag_id=air_quality/run_id=scheduled__2023-12-23T04:00:00+00:00/task_id=CheckTable'
[2023-12-28T16:52:52.543+0000] {logging_mixin.py:154} INFO - Changing /opt/***/logs/dag_id=air_quality/run_id=scheduled__2023-12-23T04:00:00+00:00/task_id=CheckTable permission to 509
[2023-12-28T16:52:52.544+0000] {logging_mixin.py:154} INFO - Failed to change /opt/***/logs/dag_id=air_quality/run_id=scheduled__2023-12-23T04:00:00+00:00/task_id=CheckTable permission to 509: [Errno 1] Operation not permitted: '/opt/***/logs/dag_id=air_quality/run_id=scheduled__2023-12-23T04:00:00+00:00/task_id=CheckTable'
[2023-12-28T16:52:52.624+0000] {taskinstance.py:1159} INFO - Dependencies all met for dep_context=non-requeueable deps ti=<TaskInstance: air_quality.CheckTable scheduled__2023-12-23T04:00:00+00:00 [queued]>
[2023-12-28T16:52:52.644+0000] {taskinstance.py:1159} INFO - Dependencies all met for dep_context=requeueable deps ti=<TaskInstance: air_quality.CheckTable scheduled__2023-12-23T04:00:00+00:00 [queued]>
[2023-12-28T16:52:52.644+0000] {taskinstance.py:1361} INFO - Starting attempt 1 of 2
[2023-12-28T16:52:52.675+0000] {taskinstance.py:1382} INFO - Executing <Task(BranchPythonOperator): CheckTable> on 2023-12-23 04:00:00+00:00
[2023-12-28T16:52:52.685+0000] {standard_task_runner.py:57} INFO - Started process 682 to run task
[2023-12-28T16:52:52.702+0000] {standard_task_runner.py:84} INFO - Running: ['***', 'tasks', 'run', 'air_quality', 'CheckTable', 'scheduled__2023-12-23T04:00:00+00:00', '--job-id', '990', '--raw', '--subdir', 'DAGS_FOLDER/airQuality.py', '--cfg-path', '/tmp/tmpe52zvycm']
[2023-12-28T16:52:52.706+0000] {standard_task_runner.py:85} INFO - Job 990: Subtask CheckTable
[2023-12-28T16:52:52.882+0000] {logging_mixin.py:154} INFO - Changing /opt/***/logs/dag_id=air_quality/run_id=scheduled__2023-12-23T04:00:00+00:00/task_id=CheckTable permission to 509
[2023-12-28T16:52:52.884+0000] {logging_mixin.py:154} INFO - Failed to change /opt/***/logs/dag_id=air_quality/run_id=scheduled__2023-12-23T04:00:00+00:00/task_id=CheckTable permission to 509: [Errno 1] Operation not permitted: '/opt/***/logs/dag_id=air_quality/run_id=scheduled__2023-12-23T04:00:00+00:00/task_id=CheckTable'
[2023-12-28T16:52:52.888+0000] {task_command.py:416} INFO - Running <TaskInstance: air_quality.CheckTable scheduled__2023-12-23T04:00:00+00:00 [running]> on host d67dd4682ccf
[2023-12-28T16:52:53.104+0000] {taskinstance.py:1662} INFO - Exporting env vars: AIRFLOW_CTX_DAG_OWNER='ghifari' AIRFLOW_CTX_DAG_ID='air_quality' AIRFLOW_CTX_TASK_ID='CheckTable' AIRFLOW_CTX_EXECUTION_DATE='2023-12-23T04:00:00+00:00' AIRFLOW_CTX_TRY_NUMBER='1' AIRFLOW_CTX_DAG_RUN_ID='scheduled__2023-12-23T04:00:00+00:00'
[2023-12-28T16:52:53.139+0000] {airQuality.py:183} INFO - Table Created: 
        CREATE TABLE air_quality (
            id serial primary key, 
            city varchar(250),
            country varchar(250), 
            unit varchar(20), 
            last_value float8, 
            lat float8,
            lng float8
        )
    
[2023-12-28T16:52:53.140+0000] {python.py:194} INFO - Done. Returned value was: Insert_Data
[2023-12-28T16:52:53.141+0000] {python.py:227} INFO - Branch callable return Insert_Data
[2023-12-28T16:52:53.142+0000] {skipmixin.py:173} INFO - Following branch Insert_Data
[2023-12-28T16:52:53.168+0000] {skipmixin.py:239} INFO - Skipping tasks []
[2023-12-28T16:52:53.265+0000] {taskinstance.py:1400} INFO - Marking task as SUCCESS. dag_id=air_quality, task_id=CheckTable, execution_date=20231223T040000, start_date=20231228T165252, end_date=20231228T165253
[2023-12-28T16:52:53.313+0000] {local_task_job_runner.py:228} INFO - Task exited with return code 0
[2023-12-28T16:52:53.496+0000] {taskinstance.py:2778} INFO - 0 downstream tasks scheduled from follow-on schedule check
[2023-12-28T16:55:42.075+0000] {logging_mixin.py:154} INFO - Changing /opt/***/logs/dag_id=air_quality/run_id=scheduled__2023-12-23T04:00:00+00:00/task_id=CheckTable permission to 509
[2023-12-28T16:55:42.078+0000] {logging_mixin.py:154} INFO - Failed to change /opt/***/logs/dag_id=air_quality/run_id=scheduled__2023-12-23T04:00:00+00:00/task_id=CheckTable permission to 509: [Errno 1] Operation not permitted: '/opt/***/logs/dag_id=air_quality/run_id=scheduled__2023-12-23T04:00:00+00:00/task_id=CheckTable'
[2023-12-28T16:55:42.146+0000] {logging_mixin.py:154} INFO - Changing /opt/***/logs/dag_id=air_quality/run_id=scheduled__2023-12-23T04:00:00+00:00/task_id=CheckTable permission to 509
[2023-12-28T16:55:42.148+0000] {logging_mixin.py:154} INFO - Failed to change /opt/***/logs/dag_id=air_quality/run_id=scheduled__2023-12-23T04:00:00+00:00/task_id=CheckTable permission to 509: [Errno 1] Operation not permitted: '/opt/***/logs/dag_id=air_quality/run_id=scheduled__2023-12-23T04:00:00+00:00/task_id=CheckTable'
[2023-12-28T16:55:42.205+0000] {taskinstance.py:1159} INFO - Dependencies all met for dep_context=non-requeueable deps ti=<TaskInstance: air_quality.CheckTable scheduled__2023-12-23T04:00:00+00:00 [queued]>
[2023-12-28T16:55:42.222+0000] {taskinstance.py:1159} INFO - Dependencies all met for dep_context=requeueable deps ti=<TaskInstance: air_quality.CheckTable scheduled__2023-12-23T04:00:00+00:00 [queued]>
[2023-12-28T16:55:42.223+0000] {taskinstance.py:1361} INFO - Starting attempt 1 of 2
[2023-12-28T16:55:42.251+0000] {taskinstance.py:1382} INFO - Executing <Task(BranchPythonOperator): CheckTable> on 2023-12-23 04:00:00+00:00
[2023-12-28T16:55:42.258+0000] {standard_task_runner.py:57} INFO - Started process 1617 to run task
[2023-12-28T16:55:42.265+0000] {standard_task_runner.py:84} INFO - Running: ['***', 'tasks', 'run', 'air_quality', 'CheckTable', 'scheduled__2023-12-23T04:00:00+00:00', '--job-id', '1203', '--raw', '--subdir', 'DAGS_FOLDER/airQuality.py', '--cfg-path', '/tmp/tmpz9o1a451']
[2023-12-28T16:55:42.267+0000] {standard_task_runner.py:85} INFO - Job 1203: Subtask CheckTable
[2023-12-28T16:55:42.362+0000] {logging_mixin.py:154} INFO - Changing /opt/***/logs/dag_id=air_quality/run_id=scheduled__2023-12-23T04:00:00+00:00/task_id=CheckTable permission to 509
[2023-12-28T16:55:42.363+0000] {logging_mixin.py:154} INFO - Failed to change /opt/***/logs/dag_id=air_quality/run_id=scheduled__2023-12-23T04:00:00+00:00/task_id=CheckTable permission to 509: [Errno 1] Operation not permitted: '/opt/***/logs/dag_id=air_quality/run_id=scheduled__2023-12-23T04:00:00+00:00/task_id=CheckTable'
[2023-12-28T16:55:42.366+0000] {task_command.py:416} INFO - Running <TaskInstance: air_quality.CheckTable scheduled__2023-12-23T04:00:00+00:00 [running]> on host d67dd4682ccf
[2023-12-28T16:55:42.528+0000] {taskinstance.py:1662} INFO - Exporting env vars: AIRFLOW_CTX_DAG_OWNER='ghifari' AIRFLOW_CTX_DAG_ID='air_quality' AIRFLOW_CTX_TASK_ID='CheckTable' AIRFLOW_CTX_EXECUTION_DATE='2023-12-23T04:00:00+00:00' AIRFLOW_CTX_TRY_NUMBER='1' AIRFLOW_CTX_DAG_RUN_ID='scheduled__2023-12-23T04:00:00+00:00'
[2023-12-28T16:55:42.555+0000] {airQuality.py:183} INFO - Table Created: 
        CREATE TABLE air_quality (
            id serial primary key, 
            city varchar(250),
            country varchar(250), 
            unit varchar(20), 
            last_value float8, 
            lat float8,
            lng float8
        )
    
[2023-12-28T16:55:42.557+0000] {python.py:194} INFO - Done. Returned value was: Insert_Data
[2023-12-28T16:55:42.558+0000] {python.py:227} INFO - Branch callable return Insert_Data
[2023-12-28T16:55:42.559+0000] {skipmixin.py:173} INFO - Following branch Insert_Data
[2023-12-28T16:55:42.575+0000] {skipmixin.py:239} INFO - Skipping tasks []
[2023-12-28T16:55:42.627+0000] {taskinstance.py:1400} INFO - Marking task as SUCCESS. dag_id=air_quality, task_id=CheckTable, execution_date=20231223T040000, start_date=20231228T165542, end_date=20231228T165542
[2023-12-28T16:55:42.678+0000] {local_task_job_runner.py:228} INFO - Task exited with return code 0
[2023-12-28T16:55:42.764+0000] {taskinstance.py:2778} INFO - 1 downstream tasks scheduled from follow-on schedule check
