[2023-12-28T16:08:59.858+0000] {logging_mixin.py:154} INFO - Changing /opt/***/logs/dag_id=air_quality/run_id=scheduled__2023-12-27T04:00:00+00:00/task_id=Transform permission to 509
[2023-12-28T16:08:59.934+0000] {logging_mixin.py:154} INFO - Failed to change /opt/***/logs/dag_id=air_quality/run_id=scheduled__2023-12-27T04:00:00+00:00/task_id=Transform permission to 509: [Errno 1] Operation not permitted: '/opt/***/logs/dag_id=air_quality/run_id=scheduled__2023-12-27T04:00:00+00:00/task_id=Transform'
[2023-12-28T16:09:00.223+0000] {logging_mixin.py:154} INFO - Changing /opt/***/logs/dag_id=air_quality/run_id=scheduled__2023-12-27T04:00:00+00:00/task_id=Transform permission to 509
[2023-12-28T16:09:00.254+0000] {logging_mixin.py:154} INFO - Failed to change /opt/***/logs/dag_id=air_quality/run_id=scheduled__2023-12-27T04:00:00+00:00/task_id=Transform permission to 509: [Errno 1] Operation not permitted: '/opt/***/logs/dag_id=air_quality/run_id=scheduled__2023-12-27T04:00:00+00:00/task_id=Transform'
[2023-12-28T16:09:00.433+0000] {taskinstance.py:1159} INFO - Dependencies all met for dep_context=non-requeueable deps ti=<TaskInstance: air_quality.Transform scheduled__2023-12-27T04:00:00+00:00 [queued]>
[2023-12-28T16:09:00.489+0000] {taskinstance.py:1159} INFO - Dependencies all met for dep_context=requeueable deps ti=<TaskInstance: air_quality.Transform scheduled__2023-12-27T04:00:00+00:00 [queued]>
[2023-12-28T16:09:00.501+0000] {taskinstance.py:1361} INFO - Starting attempt 1 of 2
[2023-12-28T16:09:00.837+0000] {taskinstance.py:1382} INFO - Executing <Task(PythonOperator): Transform> on 2023-12-27 04:00:00+00:00
[2023-12-28T16:09:00.861+0000] {standard_task_runner.py:57} INFO - Started process 547 to run task
[2023-12-28T16:09:00.874+0000] {standard_task_runner.py:84} INFO - Running: ['***', 'tasks', 'run', 'air_quality', 'Transform', 'scheduled__2023-12-27T04:00:00+00:00', '--job-id', '764', '--raw', '--subdir', 'DAGS_FOLDER/airQuality.py', '--cfg-path', '/tmp/tmp7abl2qmu']
[2023-12-28T16:09:00.877+0000] {standard_task_runner.py:85} INFO - Job 764: Subtask Transform
[2023-12-28T16:09:02.352+0000] {logging_mixin.py:154} INFO - Changing /opt/***/logs/dag_id=air_quality/run_id=scheduled__2023-12-27T04:00:00+00:00/task_id=Transform permission to 509
[2023-12-28T16:09:02.353+0000] {logging_mixin.py:154} INFO - Failed to change /opt/***/logs/dag_id=air_quality/run_id=scheduled__2023-12-27T04:00:00+00:00/task_id=Transform permission to 509: [Errno 1] Operation not permitted: '/opt/***/logs/dag_id=air_quality/run_id=scheduled__2023-12-27T04:00:00+00:00/task_id=Transform'
[2023-12-28T16:09:02.357+0000] {task_command.py:416} INFO - Running <TaskInstance: air_quality.Transform scheduled__2023-12-27T04:00:00+00:00 [running]> on host d67dd4682ccf
[2023-12-28T16:09:03.032+0000] {taskinstance.py:1662} INFO - Exporting env vars: AIRFLOW_CTX_DAG_OWNER='ghifari' AIRFLOW_CTX_DAG_ID='air_quality' AIRFLOW_CTX_TASK_ID='Transform' AIRFLOW_CTX_EXECUTION_DATE='2023-12-27T04:00:00+00:00' AIRFLOW_CTX_TRY_NUMBER='1' AIRFLOW_CTX_DAG_RUN_ID='scheduled__2023-12-27T04:00:00+00:00'
[2023-12-28T16:09:09.535+0000] {python.py:194} INFO - Done. Returned value was:       city country  unit  last_value       lat         lng
0  Jakarta      ID  pm25      -999.0 -6.182536  106.834236
[2023-12-28T16:09:09.593+0000] {taskinstance.py:1400} INFO - Marking task as SUCCESS. dag_id=air_quality, task_id=Transform, execution_date=20231227T040000, start_date=20231228T160900, end_date=20231228T160909
[2023-12-28T16:09:09.645+0000] {local_task_job_runner.py:228} INFO - Task exited with return code 0
[2023-12-28T16:09:09.688+0000] {taskinstance.py:2778} INFO - 1 downstream tasks scheduled from follow-on schedule check
[2023-12-28T16:52:45.952+0000] {logging_mixin.py:154} INFO - Changing /opt/***/logs/dag_id=air_quality/run_id=scheduled__2023-12-27T04:00:00+00:00/task_id=Transform permission to 509
[2023-12-28T16:52:45.956+0000] {logging_mixin.py:154} INFO - Failed to change /opt/***/logs/dag_id=air_quality/run_id=scheduled__2023-12-27T04:00:00+00:00/task_id=Transform permission to 509: [Errno 1] Operation not permitted: '/opt/***/logs/dag_id=air_quality/run_id=scheduled__2023-12-27T04:00:00+00:00/task_id=Transform'
[2023-12-28T16:52:46.101+0000] {logging_mixin.py:154} INFO - Changing /opt/***/logs/dag_id=air_quality/run_id=scheduled__2023-12-27T04:00:00+00:00/task_id=Transform permission to 509
[2023-12-28T16:52:46.103+0000] {logging_mixin.py:154} INFO - Failed to change /opt/***/logs/dag_id=air_quality/run_id=scheduled__2023-12-27T04:00:00+00:00/task_id=Transform permission to 509: [Errno 1] Operation not permitted: '/opt/***/logs/dag_id=air_quality/run_id=scheduled__2023-12-27T04:00:00+00:00/task_id=Transform'
[2023-12-28T16:52:46.276+0000] {taskinstance.py:1159} INFO - Dependencies all met for dep_context=non-requeueable deps ti=<TaskInstance: air_quality.Transform scheduled__2023-12-27T04:00:00+00:00 [queued]>
[2023-12-28T16:52:46.310+0000] {taskinstance.py:1159} INFO - Dependencies all met for dep_context=requeueable deps ti=<TaskInstance: air_quality.Transform scheduled__2023-12-27T04:00:00+00:00 [queued]>
[2023-12-28T16:52:46.311+0000] {taskinstance.py:1361} INFO - Starting attempt 1 of 2
[2023-12-28T16:52:46.346+0000] {taskinstance.py:1382} INFO - Executing <Task(PythonOperator): Transform> on 2023-12-27 04:00:00+00:00
[2023-12-28T16:52:46.360+0000] {standard_task_runner.py:57} INFO - Started process 666 to run task
[2023-12-28T16:52:46.385+0000] {standard_task_runner.py:84} INFO - Running: ['***', 'tasks', 'run', 'air_quality', 'Transform', 'scheduled__2023-12-27T04:00:00+00:00', '--job-id', '982', '--raw', '--subdir', 'DAGS_FOLDER/airQuality.py', '--cfg-path', '/tmp/tmptbc1jfzq']
[2023-12-28T16:52:46.395+0000] {standard_task_runner.py:85} INFO - Job 982: Subtask Transform
[2023-12-28T16:52:46.648+0000] {logging_mixin.py:154} INFO - Changing /opt/***/logs/dag_id=air_quality/run_id=scheduled__2023-12-27T04:00:00+00:00/task_id=Transform permission to 509
[2023-12-28T16:52:46.651+0000] {logging_mixin.py:154} INFO - Failed to change /opt/***/logs/dag_id=air_quality/run_id=scheduled__2023-12-27T04:00:00+00:00/task_id=Transform permission to 509: [Errno 1] Operation not permitted: '/opt/***/logs/dag_id=air_quality/run_id=scheduled__2023-12-27T04:00:00+00:00/task_id=Transform'
[2023-12-28T16:52:46.663+0000] {task_command.py:416} INFO - Running <TaskInstance: air_quality.Transform scheduled__2023-12-27T04:00:00+00:00 [running]> on host d67dd4682ccf
[2023-12-28T16:52:46.941+0000] {taskinstance.py:1662} INFO - Exporting env vars: AIRFLOW_CTX_DAG_OWNER='ghifari' AIRFLOW_CTX_DAG_ID='air_quality' AIRFLOW_CTX_TASK_ID='Transform' AIRFLOW_CTX_EXECUTION_DATE='2023-12-27T04:00:00+00:00' AIRFLOW_CTX_TRY_NUMBER='1' AIRFLOW_CTX_DAG_RUN_ID='scheduled__2023-12-27T04:00:00+00:00'
[2023-12-28T16:52:47.779+0000] {python.py:194} INFO - Done. Returned value was:       city country unit  last_value       lat         lng
0  Jakarta      ID   o3      -0.999 -6.182536  106.834236
[2023-12-28T16:52:47.823+0000] {taskinstance.py:1400} INFO - Marking task as SUCCESS. dag_id=air_quality, task_id=Transform, execution_date=20231227T040000, start_date=20231228T165246, end_date=20231228T165247
[2023-12-28T16:52:47.894+0000] {local_task_job_runner.py:228} INFO - Task exited with return code 0
[2023-12-28T16:52:48.034+0000] {taskinstance.py:2778} INFO - 0 downstream tasks scheduled from follow-on schedule check
[2023-12-28T16:55:37.711+0000] {logging_mixin.py:154} INFO - Changing /opt/***/logs/dag_id=air_quality/run_id=scheduled__2023-12-27T04:00:00+00:00/task_id=Transform permission to 509
[2023-12-28T16:55:37.715+0000] {logging_mixin.py:154} INFO - Failed to change /opt/***/logs/dag_id=air_quality/run_id=scheduled__2023-12-27T04:00:00+00:00/task_id=Transform permission to 509: [Errno 1] Operation not permitted: '/opt/***/logs/dag_id=air_quality/run_id=scheduled__2023-12-27T04:00:00+00:00/task_id=Transform'
[2023-12-28T16:55:37.823+0000] {logging_mixin.py:154} INFO - Changing /opt/***/logs/dag_id=air_quality/run_id=scheduled__2023-12-27T04:00:00+00:00/task_id=Transform permission to 509
[2023-12-28T16:55:37.824+0000] {logging_mixin.py:154} INFO - Failed to change /opt/***/logs/dag_id=air_quality/run_id=scheduled__2023-12-27T04:00:00+00:00/task_id=Transform permission to 509: [Errno 1] Operation not permitted: '/opt/***/logs/dag_id=air_quality/run_id=scheduled__2023-12-27T04:00:00+00:00/task_id=Transform'
[2023-12-28T16:55:37.964+0000] {taskinstance.py:1159} INFO - Dependencies all met for dep_context=non-requeueable deps ti=<TaskInstance: air_quality.Transform scheduled__2023-12-27T04:00:00+00:00 [queued]>
[2023-12-28T16:55:38.002+0000] {taskinstance.py:1159} INFO - Dependencies all met for dep_context=requeueable deps ti=<TaskInstance: air_quality.Transform scheduled__2023-12-27T04:00:00+00:00 [queued]>
[2023-12-28T16:55:38.003+0000] {taskinstance.py:1361} INFO - Starting attempt 1 of 2
[2023-12-28T16:55:38.044+0000] {taskinstance.py:1382} INFO - Executing <Task(PythonOperator): Transform> on 2023-12-27 04:00:00+00:00
[2023-12-28T16:55:38.055+0000] {standard_task_runner.py:57} INFO - Started process 1602 to run task
[2023-12-28T16:55:38.065+0000] {standard_task_runner.py:84} INFO - Running: ['***', 'tasks', 'run', 'air_quality', 'Transform', 'scheduled__2023-12-27T04:00:00+00:00', '--job-id', '1198', '--raw', '--subdir', 'DAGS_FOLDER/airQuality.py', '--cfg-path', '/tmp/tmpufvkhsxh']
[2023-12-28T16:55:38.068+0000] {standard_task_runner.py:85} INFO - Job 1198: Subtask Transform
[2023-12-28T16:55:38.229+0000] {logging_mixin.py:154} INFO - Changing /opt/***/logs/dag_id=air_quality/run_id=scheduled__2023-12-27T04:00:00+00:00/task_id=Transform permission to 509
[2023-12-28T16:55:38.231+0000] {logging_mixin.py:154} INFO - Failed to change /opt/***/logs/dag_id=air_quality/run_id=scheduled__2023-12-27T04:00:00+00:00/task_id=Transform permission to 509: [Errno 1] Operation not permitted: '/opt/***/logs/dag_id=air_quality/run_id=scheduled__2023-12-27T04:00:00+00:00/task_id=Transform'
[2023-12-28T16:55:38.237+0000] {task_command.py:416} INFO - Running <TaskInstance: air_quality.Transform scheduled__2023-12-27T04:00:00+00:00 [running]> on host d67dd4682ccf
[2023-12-28T16:55:38.544+0000] {taskinstance.py:1662} INFO - Exporting env vars: AIRFLOW_CTX_DAG_OWNER='ghifari' AIRFLOW_CTX_DAG_ID='air_quality' AIRFLOW_CTX_TASK_ID='Transform' AIRFLOW_CTX_EXECUTION_DATE='2023-12-27T04:00:00+00:00' AIRFLOW_CTX_TRY_NUMBER='1' AIRFLOW_CTX_DAG_RUN_ID='scheduled__2023-12-27T04:00:00+00:00'
[2023-12-28T16:55:39.940+0000] {python.py:194} INFO - Done. Returned value was:       city country unit  last_value       lat         lng
0  Jakarta      ID   o3      -0.999 -6.182536  106.834236
[2023-12-28T16:55:40.031+0000] {taskinstance.py:1400} INFO - Marking task as SUCCESS. dag_id=air_quality, task_id=Transform, execution_date=20231227T040000, start_date=20231228T165537, end_date=20231228T165540
[2023-12-28T16:55:40.196+0000] {local_task_job_runner.py:228} INFO - Task exited with return code 0
[2023-12-28T16:55:40.265+0000] {taskinstance.py:2778} INFO - 1 downstream tasks scheduled from follow-on schedule check
