[2023-12-17T12:00:09.644+0000] {logging_mixin.py:154} INFO - Changing /opt/***/logs/dag_id=air_quality/run_id=manual__2023-12-17T11:59:53.704605+00:00/task_id=Insert_Data permission to 509
[2023-12-17T12:00:09.646+0000] {logging_mixin.py:154} INFO - Failed to change /opt/***/logs/dag_id=air_quality/run_id=manual__2023-12-17T11:59:53.704605+00:00/task_id=Insert_Data permission to 509: [Errno 1] Operation not permitted: '/opt/***/logs/dag_id=air_quality/run_id=manual__2023-12-17T11:59:53.704605+00:00/task_id=Insert_Data'
[2023-12-17T12:00:09.708+0000] {logging_mixin.py:154} INFO - Changing /opt/***/logs/dag_id=air_quality/run_id=manual__2023-12-17T11:59:53.704605+00:00/task_id=Insert_Data permission to 509
[2023-12-17T12:00:09.709+0000] {logging_mixin.py:154} INFO - Failed to change /opt/***/logs/dag_id=air_quality/run_id=manual__2023-12-17T11:59:53.704605+00:00/task_id=Insert_Data permission to 509: [Errno 1] Operation not permitted: '/opt/***/logs/dag_id=air_quality/run_id=manual__2023-12-17T11:59:53.704605+00:00/task_id=Insert_Data'
[2023-12-17T12:00:09.785+0000] {taskinstance.py:1159} INFO - Dependencies all met for dep_context=non-requeueable deps ti=<TaskInstance: air_quality.Insert_Data manual__2023-12-17T11:59:53.704605+00:00 [queued]>
[2023-12-17T12:00:09.813+0000] {taskinstance.py:1159} INFO - Dependencies all met for dep_context=requeueable deps ti=<TaskInstance: air_quality.Insert_Data manual__2023-12-17T11:59:53.704605+00:00 [queued]>
[2023-12-17T12:00:09.815+0000] {taskinstance.py:1361} INFO - Starting attempt 1 of 2
[2023-12-17T12:00:09.864+0000] {taskinstance.py:1382} INFO - Executing <Task(PythonOperator): Insert_Data> on 2023-12-17 11:59:53.704605+00:00
[2023-12-17T12:00:09.882+0000] {standard_task_runner.py:57} INFO - Started process 3368 to run task
[2023-12-17T12:00:09.893+0000] {standard_task_runner.py:84} INFO - Running: ['***', 'tasks', 'run', 'air_quality', 'Insert_Data', 'manual__2023-12-17T11:59:53.704605+00:00', '--job-id', '482', '--raw', '--subdir', 'DAGS_FOLDER/airQuality.py', '--cfg-path', '/tmp/tmpx7z22le6']
[2023-12-17T12:00:09.897+0000] {standard_task_runner.py:85} INFO - Job 482: Subtask Insert_Data
[2023-12-17T12:00:10.018+0000] {logging_mixin.py:154} INFO - Changing /opt/***/logs/dag_id=air_quality/run_id=manual__2023-12-17T11:59:53.704605+00:00/task_id=Insert_Data permission to 509
[2023-12-17T12:00:10.019+0000] {logging_mixin.py:154} INFO - Failed to change /opt/***/logs/dag_id=air_quality/run_id=manual__2023-12-17T11:59:53.704605+00:00/task_id=Insert_Data permission to 509: [Errno 1] Operation not permitted: '/opt/***/logs/dag_id=air_quality/run_id=manual__2023-12-17T11:59:53.704605+00:00/task_id=Insert_Data'
[2023-12-17T12:00:10.022+0000] {task_command.py:416} INFO - Running <TaskInstance: air_quality.Insert_Data manual__2023-12-17T11:59:53.704605+00:00 [running]> on host 1a58977f5573
[2023-12-17T12:00:10.166+0000] {taskinstance.py:1662} INFO - Exporting env vars: AIRFLOW_CTX_DAG_OWNER='ghifari' AIRFLOW_CTX_DAG_ID='air_quality' AIRFLOW_CTX_TASK_ID='Insert_Data' AIRFLOW_CTX_EXECUTION_DATE='2023-12-17T11:59:53.704605+00:00' AIRFLOW_CTX_TRY_NUMBER='1' AIRFLOW_CTX_DAG_RUN_ID='manual__2023-12-17T11:59:53.704605+00:00'
[2023-12-17T12:00:11.256+0000] {logging_mixin.py:154} INFO - city           object
country        object
unit           object
last_value    float64
lat           float64
lng           float64
dtype: object
[2023-12-17T12:00:11.295+0000] {base.py:73} INFO - Using connection ID 'neonServerDB-Postgres' for task execution.
[2023-12-17T12:00:12.033+0000] {python.py:194} INFO - Done. Returned value was: None
[2023-12-17T12:00:12.080+0000] {taskinstance.py:1400} INFO - Marking task as SUCCESS. dag_id=air_quality, task_id=Insert_Data, execution_date=20231217T115953, start_date=20231217T120009, end_date=20231217T120012
[2023-12-17T12:00:12.201+0000] {local_task_job_runner.py:228} INFO - Task exited with return code 0
[2023-12-17T12:00:12.290+0000] {taskinstance.py:2778} INFO - 0 downstream tasks scheduled from follow-on schedule check
