[2023-12-17T11:18:18.055+0000] {logging_mixin.py:154} INFO - Changing /opt/***/logs/dag_id=air_quality/run_id=scheduled__2023-11-23T04:00:00+00:00/task_id=Extract permission to 509
[2023-12-17T11:18:18.057+0000] {logging_mixin.py:154} INFO - Failed to change /opt/***/logs/dag_id=air_quality/run_id=scheduled__2023-11-23T04:00:00+00:00/task_id=Extract permission to 509: [Errno 1] Operation not permitted: '/opt/***/logs/dag_id=air_quality/run_id=scheduled__2023-11-23T04:00:00+00:00/task_id=Extract'
[2023-12-17T11:18:18.102+0000] {logging_mixin.py:154} INFO - Changing /opt/***/logs/dag_id=air_quality/run_id=scheduled__2023-11-23T04:00:00+00:00/task_id=Extract permission to 509
[2023-12-17T11:18:18.103+0000] {logging_mixin.py:154} INFO - Failed to change /opt/***/logs/dag_id=air_quality/run_id=scheduled__2023-11-23T04:00:00+00:00/task_id=Extract permission to 509: [Errno 1] Operation not permitted: '/opt/***/logs/dag_id=air_quality/run_id=scheduled__2023-11-23T04:00:00+00:00/task_id=Extract'
[2023-12-17T11:18:18.161+0000] {taskinstance.py:1159} INFO - Dependencies all met for dep_context=non-requeueable deps ti=<TaskInstance: air_quality.Extract scheduled__2023-11-23T04:00:00+00:00 [queued]>
[2023-12-17T11:18:18.180+0000] {taskinstance.py:1159} INFO - Dependencies all met for dep_context=requeueable deps ti=<TaskInstance: air_quality.Extract scheduled__2023-11-23T04:00:00+00:00 [queued]>
[2023-12-17T11:18:18.180+0000] {taskinstance.py:1361} INFO - Starting attempt 1 of 2
[2023-12-17T11:18:18.209+0000] {taskinstance.py:1382} INFO - Executing <Task(PythonOperator): Extract> on 2023-11-23 04:00:00+00:00
[2023-12-17T11:18:18.217+0000] {standard_task_runner.py:57} INFO - Started process 1958 to run task
[2023-12-17T11:18:18.223+0000] {standard_task_runner.py:84} INFO - Running: ['***', 'tasks', 'run', 'air_quality', 'Extract', 'scheduled__2023-11-23T04:00:00+00:00', '--job-id', '283', '--raw', '--subdir', 'DAGS_FOLDER/airQuality.py', '--cfg-path', '/tmp/tmp5qhfi8hh']
[2023-12-17T11:18:18.225+0000] {standard_task_runner.py:85} INFO - Job 283: Subtask Extract
[2023-12-17T11:18:18.316+0000] {logging_mixin.py:154} INFO - Changing /opt/***/logs/dag_id=air_quality/run_id=scheduled__2023-11-23T04:00:00+00:00/task_id=Extract permission to 509
[2023-12-17T11:18:18.318+0000] {logging_mixin.py:154} INFO - Failed to change /opt/***/logs/dag_id=air_quality/run_id=scheduled__2023-11-23T04:00:00+00:00/task_id=Extract permission to 509: [Errno 1] Operation not permitted: '/opt/***/logs/dag_id=air_quality/run_id=scheduled__2023-11-23T04:00:00+00:00/task_id=Extract'
[2023-12-17T11:18:18.320+0000] {task_command.py:416} INFO - Running <TaskInstance: air_quality.Extract scheduled__2023-11-23T04:00:00+00:00 [running]> on host 1a58977f5573
[2023-12-17T11:18:18.516+0000] {taskinstance.py:1662} INFO - Exporting env vars: AIRFLOW_CTX_DAG_OWNER='ghifari' AIRFLOW_CTX_DAG_ID='air_quality' AIRFLOW_CTX_TASK_ID='Extract' AIRFLOW_CTX_EXECUTION_DATE='2023-11-23T04:00:00+00:00' AIRFLOW_CTX_TRY_NUMBER='1' AIRFLOW_CTX_DAG_RUN_ID='scheduled__2023-11-23T04:00:00+00:00'
[2023-12-17T11:18:18.645+0000] {python.py:194} INFO - Done. Returned value was: {'city': ['Jakarta'], 'country': ['ID'], 'unit': ['o3'], 'last_value': [-0.999], 'lat': [-6.182536], 'lng': [106.834236]}
[2023-12-17T11:18:18.681+0000] {taskinstance.py:1400} INFO - Marking task as SUCCESS. dag_id=air_quality, task_id=Extract, execution_date=20231123T040000, start_date=20231217T111818, end_date=20231217T111818
[2023-12-17T11:18:18.795+0000] {local_task_job_runner.py:228} INFO - Task exited with return code 0
[2023-12-17T11:18:18.875+0000] {taskinstance.py:2778} INFO - 1 downstream tasks scheduled from follow-on schedule check
[2023-12-28T16:51:26.761+0000] {logging_mixin.py:154} INFO - Changing /opt/***/logs/dag_id=air_quality/run_id=scheduled__2023-11-23T04:00:00+00:00/task_id=Extract permission to 509
[2023-12-28T16:51:26.763+0000] {logging_mixin.py:154} INFO - Failed to change /opt/***/logs/dag_id=air_quality/run_id=scheduled__2023-11-23T04:00:00+00:00/task_id=Extract permission to 509: [Errno 1] Operation not permitted: '/opt/***/logs/dag_id=air_quality/run_id=scheduled__2023-11-23T04:00:00+00:00/task_id=Extract'
[2023-12-28T16:51:26.839+0000] {logging_mixin.py:154} INFO - Changing /opt/***/logs/dag_id=air_quality/run_id=scheduled__2023-11-23T04:00:00+00:00/task_id=Extract permission to 509
[2023-12-28T16:51:26.840+0000] {logging_mixin.py:154} INFO - Failed to change /opt/***/logs/dag_id=air_quality/run_id=scheduled__2023-11-23T04:00:00+00:00/task_id=Extract permission to 509: [Errno 1] Operation not permitted: '/opt/***/logs/dag_id=air_quality/run_id=scheduled__2023-11-23T04:00:00+00:00/task_id=Extract'
[2023-12-28T16:51:26.899+0000] {taskinstance.py:1159} INFO - Dependencies all met for dep_context=non-requeueable deps ti=<TaskInstance: air_quality.Extract scheduled__2023-11-23T04:00:00+00:00 [queued]>
[2023-12-28T16:51:26.917+0000] {taskinstance.py:1159} INFO - Dependencies all met for dep_context=requeueable deps ti=<TaskInstance: air_quality.Extract scheduled__2023-11-23T04:00:00+00:00 [queued]>
[2023-12-28T16:51:26.919+0000] {taskinstance.py:1361} INFO - Starting attempt 1 of 2
[2023-12-28T16:51:27.166+0000] {taskinstance.py:1382} INFO - Executing <Task(PythonOperator): Extract> on 2023-11-23 04:00:00+00:00
[2023-12-28T16:51:27.180+0000] {standard_task_runner.py:57} INFO - Started process 82 to run task
[2023-12-28T16:51:27.189+0000] {standard_task_runner.py:84} INFO - Running: ['***', 'tasks', 'run', 'air_quality', 'Extract', 'scheduled__2023-11-23T04:00:00+00:00', '--job-id', '798', '--raw', '--subdir', 'DAGS_FOLDER/airQuality.py', '--cfg-path', '/tmp/tmp09nc4nsv']
[2023-12-28T16:51:27.208+0000] {standard_task_runner.py:85} INFO - Job 798: Subtask Extract
[2023-12-28T16:51:27.347+0000] {logging_mixin.py:154} INFO - Changing /opt/***/logs/dag_id=air_quality/run_id=scheduled__2023-11-23T04:00:00+00:00/task_id=Extract permission to 509
[2023-12-28T16:51:27.348+0000] {logging_mixin.py:154} INFO - Failed to change /opt/***/logs/dag_id=air_quality/run_id=scheduled__2023-11-23T04:00:00+00:00/task_id=Extract permission to 509: [Errno 1] Operation not permitted: '/opt/***/logs/dag_id=air_quality/run_id=scheduled__2023-11-23T04:00:00+00:00/task_id=Extract'
[2023-12-28T16:51:27.351+0000] {task_command.py:416} INFO - Running <TaskInstance: air_quality.Extract scheduled__2023-11-23T04:00:00+00:00 [running]> on host d67dd4682ccf
[2023-12-28T16:51:27.575+0000] {taskinstance.py:1662} INFO - Exporting env vars: AIRFLOW_CTX_DAG_OWNER='ghifari' AIRFLOW_CTX_DAG_ID='air_quality' AIRFLOW_CTX_TASK_ID='Extract' AIRFLOW_CTX_EXECUTION_DATE='2023-11-23T04:00:00+00:00' AIRFLOW_CTX_TRY_NUMBER='1' AIRFLOW_CTX_DAG_RUN_ID='scheduled__2023-11-23T04:00:00+00:00'
[2023-12-28T16:51:28.041+0000] {python.py:194} INFO - Done. Returned value was: {'city': ['Jakarta'], 'country': ['ID'], 'unit': ['o3'], 'last_value': [-0.999], 'lat': [-6.182536], 'lng': [106.834236]}
[2023-12-28T16:51:28.091+0000] {taskinstance.py:1400} INFO - Marking task as SUCCESS. dag_id=air_quality, task_id=Extract, execution_date=20231123T040000, start_date=20231228T165126, end_date=20231228T165128
[2023-12-28T16:51:28.146+0000] {local_task_job_runner.py:228} INFO - Task exited with return code 0
[2023-12-28T16:51:28.218+0000] {taskinstance.py:2778} INFO - 1 downstream tasks scheduled from follow-on schedule check
[2023-12-28T16:54:00.484+0000] {logging_mixin.py:154} INFO - Changing /opt/***/logs/dag_id=air_quality/run_id=scheduled__2023-11-23T04:00:00+00:00/task_id=Extract permission to 509
[2023-12-28T16:54:00.486+0000] {logging_mixin.py:154} INFO - Failed to change /opt/***/logs/dag_id=air_quality/run_id=scheduled__2023-11-23T04:00:00+00:00/task_id=Extract permission to 509: [Errno 1] Operation not permitted: '/opt/***/logs/dag_id=air_quality/run_id=scheduled__2023-11-23T04:00:00+00:00/task_id=Extract'
[2023-12-28T16:54:00.527+0000] {logging_mixin.py:154} INFO - Changing /opt/***/logs/dag_id=air_quality/run_id=scheduled__2023-11-23T04:00:00+00:00/task_id=Extract permission to 509
[2023-12-28T16:54:00.528+0000] {logging_mixin.py:154} INFO - Failed to change /opt/***/logs/dag_id=air_quality/run_id=scheduled__2023-11-23T04:00:00+00:00/task_id=Extract permission to 509: [Errno 1] Operation not permitted: '/opt/***/logs/dag_id=air_quality/run_id=scheduled__2023-11-23T04:00:00+00:00/task_id=Extract'
[2023-12-28T16:54:00.577+0000] {taskinstance.py:1159} INFO - Dependencies all met for dep_context=non-requeueable deps ti=<TaskInstance: air_quality.Extract scheduled__2023-11-23T04:00:00+00:00 [queued]>
[2023-12-28T16:54:00.591+0000] {taskinstance.py:1159} INFO - Dependencies all met for dep_context=requeueable deps ti=<TaskInstance: air_quality.Extract scheduled__2023-11-23T04:00:00+00:00 [queued]>
[2023-12-28T16:54:00.592+0000] {taskinstance.py:1361} INFO - Starting attempt 1 of 2
[2023-12-28T16:54:00.615+0000] {taskinstance.py:1382} INFO - Executing <Task(PythonOperator): Extract> on 2023-11-23 04:00:00+00:00
[2023-12-28T16:54:00.621+0000] {standard_task_runner.py:57} INFO - Started process 773 to run task
[2023-12-28T16:54:00.625+0000] {standard_task_runner.py:84} INFO - Running: ['***', 'tasks', 'run', 'air_quality', 'Extract', 'scheduled__2023-11-23T04:00:00+00:00', '--job-id', '1002', '--raw', '--subdir', 'DAGS_FOLDER/airQuality.py', '--cfg-path', '/tmp/tmpu6c8e4k5']
[2023-12-28T16:54:00.627+0000] {standard_task_runner.py:85} INFO - Job 1002: Subtask Extract
[2023-12-28T16:54:00.713+0000] {logging_mixin.py:154} INFO - Changing /opt/***/logs/dag_id=air_quality/run_id=scheduled__2023-11-23T04:00:00+00:00/task_id=Extract permission to 509
[2023-12-28T16:54:00.715+0000] {logging_mixin.py:154} INFO - Failed to change /opt/***/logs/dag_id=air_quality/run_id=scheduled__2023-11-23T04:00:00+00:00/task_id=Extract permission to 509: [Errno 1] Operation not permitted: '/opt/***/logs/dag_id=air_quality/run_id=scheduled__2023-11-23T04:00:00+00:00/task_id=Extract'
[2023-12-28T16:54:00.719+0000] {task_command.py:416} INFO - Running <TaskInstance: air_quality.Extract scheduled__2023-11-23T04:00:00+00:00 [running]> on host d67dd4682ccf
[2023-12-28T16:54:00.858+0000] {taskinstance.py:1662} INFO - Exporting env vars: AIRFLOW_CTX_DAG_OWNER='ghifari' AIRFLOW_CTX_DAG_ID='air_quality' AIRFLOW_CTX_TASK_ID='Extract' AIRFLOW_CTX_EXECUTION_DATE='2023-11-23T04:00:00+00:00' AIRFLOW_CTX_TRY_NUMBER='1' AIRFLOW_CTX_DAG_RUN_ID='scheduled__2023-11-23T04:00:00+00:00'
[2023-12-28T16:54:00.965+0000] {python.py:194} INFO - Done. Returned value was: {'city': ['Jakarta'], 'country': ['ID'], 'unit': ['o3'], 'last_value': [-0.999], 'lat': [-6.182536], 'lng': [106.834236]}
[2023-12-28T16:54:01.010+0000] {taskinstance.py:1400} INFO - Marking task as SUCCESS. dag_id=air_quality, task_id=Extract, execution_date=20231123T040000, start_date=20231228T165400, end_date=20231228T165401
[2023-12-28T16:54:01.080+0000] {local_task_job_runner.py:228} INFO - Task exited with return code 0
[2023-12-28T16:54:01.255+0000] {taskinstance.py:2778} INFO - 0 downstream tasks scheduled from follow-on schedule check
