[2023-12-17T10:14:16.869+0000] {logging_mixin.py:154} INFO - Changing /opt/***/logs/dag_id=air_quality/run_id=manual__2023-12-17T10:14:12.539571+00:00/task_id=Transform permission to 509
[2023-12-17T10:14:16.871+0000] {logging_mixin.py:154} INFO - Failed to change /opt/***/logs/dag_id=air_quality/run_id=manual__2023-12-17T10:14:12.539571+00:00/task_id=Transform permission to 509: [Errno 1] Operation not permitted: '/opt/***/logs/dag_id=air_quality/run_id=manual__2023-12-17T10:14:12.539571+00:00/task_id=Transform'
[2023-12-17T10:14:16.905+0000] {logging_mixin.py:154} INFO - Changing /opt/***/logs/dag_id=air_quality/run_id=manual__2023-12-17T10:14:12.539571+00:00/task_id=Transform permission to 509
[2023-12-17T10:14:16.906+0000] {logging_mixin.py:154} INFO - Failed to change /opt/***/logs/dag_id=air_quality/run_id=manual__2023-12-17T10:14:12.539571+00:00/task_id=Transform permission to 509: [Errno 1] Operation not permitted: '/opt/***/logs/dag_id=air_quality/run_id=manual__2023-12-17T10:14:12.539571+00:00/task_id=Transform'
[2023-12-17T10:14:16.946+0000] {taskinstance.py:1159} INFO - Dependencies all met for dep_context=non-requeueable deps ti=<TaskInstance: air_quality.Transform manual__2023-12-17T10:14:12.539571+00:00 [queued]>
[2023-12-17T10:14:16.962+0000] {taskinstance.py:1159} INFO - Dependencies all met for dep_context=requeueable deps ti=<TaskInstance: air_quality.Transform manual__2023-12-17T10:14:12.539571+00:00 [queued]>
[2023-12-17T10:14:16.963+0000] {taskinstance.py:1361} INFO - Starting attempt 1 of 2
[2023-12-17T10:14:16.980+0000] {taskinstance.py:1382} INFO - Executing <Task(PythonOperator): Transform> on 2023-12-17 10:14:12.539571+00:00
[2023-12-17T10:14:16.984+0000] {standard_task_runner.py:57} INFO - Started process 942 to run task
[2023-12-17T10:14:16.988+0000] {standard_task_runner.py:84} INFO - Running: ['***', 'tasks', 'run', 'air_quality', 'Transform', 'manual__2023-12-17T10:14:12.539571+00:00', '--job-id', '261', '--raw', '--subdir', 'DAGS_FOLDER/airQuality.py', '--cfg-path', '/tmp/tmp9_nm6f6k']
[2023-12-17T10:14:16.989+0000] {standard_task_runner.py:85} INFO - Job 261: Subtask Transform
[2023-12-17T10:14:17.046+0000] {logging_mixin.py:154} INFO - Changing /opt/***/logs/dag_id=air_quality/run_id=manual__2023-12-17T10:14:12.539571+00:00/task_id=Transform permission to 509
[2023-12-17T10:14:17.046+0000] {logging_mixin.py:154} INFO - Failed to change /opt/***/logs/dag_id=air_quality/run_id=manual__2023-12-17T10:14:12.539571+00:00/task_id=Transform permission to 509: [Errno 1] Operation not permitted: '/opt/***/logs/dag_id=air_quality/run_id=manual__2023-12-17T10:14:12.539571+00:00/task_id=Transform'
[2023-12-17T10:14:17.049+0000] {task_command.py:416} INFO - Running <TaskInstance: air_quality.Transform manual__2023-12-17T10:14:12.539571+00:00 [running]> on host 1a58977f5573
[2023-12-17T10:14:17.137+0000] {taskinstance.py:1662} INFO - Exporting env vars: AIRFLOW_CTX_DAG_OWNER='ghifari' AIRFLOW_CTX_DAG_ID='air_quality' AIRFLOW_CTX_TASK_ID='Transform' AIRFLOW_CTX_EXECUTION_DATE='2023-12-17T10:14:12.539571+00:00' AIRFLOW_CTX_TRY_NUMBER='1' AIRFLOW_CTX_DAG_RUN_ID='manual__2023-12-17T10:14:12.539571+00:00'
[2023-12-17T10:14:17.871+0000] {python.py:194} INFO - Done. Returned value was:       city country unit  last_value       lat         lng
0  Jakarta      ID   o3      -0.999 -6.182536  106.834236
[2023-12-17T10:14:17.943+0000] {taskinstance.py:1400} INFO - Marking task as SUCCESS. dag_id=air_quality, task_id=Transform, execution_date=20231217T101412, start_date=20231217T101416, end_date=20231217T101417
[2023-12-17T10:14:18.005+0000] {local_task_job_runner.py:228} INFO - Task exited with return code 0
[2023-12-17T10:14:18.072+0000] {taskinstance.py:2778} INFO - 1 downstream tasks scheduled from follow-on schedule check
