[2023-12-28T16:14:23.088+0000] {logging_mixin.py:154} INFO - Changing /opt/***/logs/dag_id=air_quality/run_id=scheduled__2023-12-17T04:00:00+00:00/task_id=CheckTable permission to 509
[2023-12-28T16:14:23.090+0000] {logging_mixin.py:154} INFO - Failed to change /opt/***/logs/dag_id=air_quality/run_id=scheduled__2023-12-17T04:00:00+00:00/task_id=CheckTable permission to 509: [Errno 1] Operation not permitted: '/opt/***/logs/dag_id=air_quality/run_id=scheduled__2023-12-17T04:00:00+00:00/task_id=CheckTable'
[2023-12-28T16:14:23.142+0000] {logging_mixin.py:154} INFO - Changing /opt/***/logs/dag_id=air_quality/run_id=scheduled__2023-12-17T04:00:00+00:00/task_id=CheckTable permission to 509
[2023-12-28T16:14:23.143+0000] {logging_mixin.py:154} INFO - Failed to change /opt/***/logs/dag_id=air_quality/run_id=scheduled__2023-12-17T04:00:00+00:00/task_id=CheckTable permission to 509: [Errno 1] Operation not permitted: '/opt/***/logs/dag_id=air_quality/run_id=scheduled__2023-12-17T04:00:00+00:00/task_id=CheckTable'
[2023-12-28T16:14:23.219+0000] {taskinstance.py:1159} INFO - Dependencies all met for dep_context=non-requeueable deps ti=<TaskInstance: air_quality.CheckTable scheduled__2023-12-17T04:00:00+00:00 [queued]>
[2023-12-28T16:14:23.239+0000] {taskinstance.py:1159} INFO - Dependencies all met for dep_context=requeueable deps ti=<TaskInstance: air_quality.CheckTable scheduled__2023-12-17T04:00:00+00:00 [queued]>
[2023-12-28T16:14:23.240+0000] {taskinstance.py:1361} INFO - Starting attempt 1 of 2
[2023-12-28T16:14:23.265+0000] {taskinstance.py:1382} INFO - Executing <Task(BranchPythonOperator): CheckTable> on 2023-12-17 04:00:00+00:00
[2023-12-28T16:14:23.271+0000] {standard_task_runner.py:57} INFO - Started process 758 to run task
[2023-12-28T16:14:23.284+0000] {standard_task_runner.py:84} INFO - Running: ['***', 'tasks', 'run', 'air_quality', 'CheckTable', 'scheduled__2023-12-17T04:00:00+00:00', '--job-id', '793', '--raw', '--subdir', 'DAGS_FOLDER/airQuality.py', '--cfg-path', '/tmp/tmpx4__vhiy']
[2023-12-28T16:14:23.288+0000] {standard_task_runner.py:85} INFO - Job 793: Subtask CheckTable
[2023-12-28T16:14:23.487+0000] {logging_mixin.py:154} INFO - Changing /opt/***/logs/dag_id=air_quality/run_id=scheduled__2023-12-17T04:00:00+00:00/task_id=CheckTable permission to 509
[2023-12-28T16:14:23.488+0000] {logging_mixin.py:154} INFO - Failed to change /opt/***/logs/dag_id=air_quality/run_id=scheduled__2023-12-17T04:00:00+00:00/task_id=CheckTable permission to 509: [Errno 1] Operation not permitted: '/opt/***/logs/dag_id=air_quality/run_id=scheduled__2023-12-17T04:00:00+00:00/task_id=CheckTable'
[2023-12-28T16:14:23.493+0000] {task_command.py:416} INFO - Running <TaskInstance: air_quality.CheckTable scheduled__2023-12-17T04:00:00+00:00 [running]> on host d67dd4682ccf
[2023-12-28T16:14:23.705+0000] {taskinstance.py:1662} INFO - Exporting env vars: AIRFLOW_CTX_DAG_OWNER='ghifari' AIRFLOW_CTX_DAG_ID='air_quality' AIRFLOW_CTX_TASK_ID='CheckTable' AIRFLOW_CTX_EXECUTION_DATE='2023-12-17T04:00:00+00:00' AIRFLOW_CTX_TRY_NUMBER='1' AIRFLOW_CTX_DAG_RUN_ID='scheduled__2023-12-17T04:00:00+00:00'
[2023-12-28T16:14:23.733+0000] {airQuality.py:183} INFO - Table Created: 
        CREATE TABLE air_quality (
            id serial primary key, 
            city varchar(250),
            country varchar(250), 
            unit varchar(20), 
            last_value float8, 
            lat float8,
            lng float8
        )
    
[2023-12-28T16:14:23.735+0000] {python.py:194} INFO - Done. Returned value was: Insert_Data
[2023-12-28T16:14:23.736+0000] {python.py:227} INFO - Branch callable return Insert_Data
[2023-12-28T16:14:23.737+0000] {skipmixin.py:173} INFO - Following branch Insert_Data
[2023-12-28T16:14:23.751+0000] {skipmixin.py:239} INFO - Skipping tasks []
[2023-12-28T16:14:23.812+0000] {taskinstance.py:1400} INFO - Marking task as SUCCESS. dag_id=air_quality, task_id=CheckTable, execution_date=20231217T040000, start_date=20231228T161423, end_date=20231228T161423
[2023-12-28T16:14:23.874+0000] {local_task_job_runner.py:228} INFO - Task exited with return code 0
[2023-12-28T16:14:23.929+0000] {taskinstance.py:2778} INFO - 1 downstream tasks scheduled from follow-on schedule check
[2023-12-28T16:52:12.651+0000] {logging_mixin.py:154} INFO - Changing /opt/***/logs/dag_id=air_quality/run_id=scheduled__2023-12-17T04:00:00+00:00/task_id=CheckTable permission to 509
[2023-12-28T16:52:12.666+0000] {logging_mixin.py:154} INFO - Failed to change /opt/***/logs/dag_id=air_quality/run_id=scheduled__2023-12-17T04:00:00+00:00/task_id=CheckTable permission to 509: [Errno 1] Operation not permitted: '/opt/***/logs/dag_id=air_quality/run_id=scheduled__2023-12-17T04:00:00+00:00/task_id=CheckTable'
[2023-12-28T16:52:12.887+0000] {logging_mixin.py:154} INFO - Changing /opt/***/logs/dag_id=air_quality/run_id=scheduled__2023-12-17T04:00:00+00:00/task_id=CheckTable permission to 509
[2023-12-28T16:52:12.889+0000] {logging_mixin.py:154} INFO - Failed to change /opt/***/logs/dag_id=air_quality/run_id=scheduled__2023-12-17T04:00:00+00:00/task_id=CheckTable permission to 509: [Errno 1] Operation not permitted: '/opt/***/logs/dag_id=air_quality/run_id=scheduled__2023-12-17T04:00:00+00:00/task_id=CheckTable'
[2023-12-28T16:52:13.055+0000] {taskinstance.py:1159} INFO - Dependencies all met for dep_context=non-requeueable deps ti=<TaskInstance: air_quality.CheckTable scheduled__2023-12-17T04:00:00+00:00 [queued]>
[2023-12-28T16:52:13.107+0000] {taskinstance.py:1159} INFO - Dependencies all met for dep_context=requeueable deps ti=<TaskInstance: air_quality.CheckTable scheduled__2023-12-17T04:00:00+00:00 [queued]>
[2023-12-28T16:52:13.110+0000] {taskinstance.py:1361} INFO - Starting attempt 1 of 2
[2023-12-28T16:52:13.290+0000] {taskinstance.py:1382} INFO - Executing <Task(BranchPythonOperator): CheckTable> on 2023-12-17 04:00:00+00:00
[2023-12-28T16:52:13.315+0000] {standard_task_runner.py:57} INFO - Started process 361 to run task
[2023-12-28T16:52:13.349+0000] {standard_task_runner.py:84} INFO - Running: ['***', 'tasks', 'run', 'air_quality', 'CheckTable', 'scheduled__2023-12-17T04:00:00+00:00', '--job-id', '920', '--raw', '--subdir', 'DAGS_FOLDER/airQuality.py', '--cfg-path', '/tmp/tmp55utw4u0']
[2023-12-28T16:52:13.363+0000] {standard_task_runner.py:85} INFO - Job 920: Subtask CheckTable
[2023-12-28T16:52:13.702+0000] {logging_mixin.py:154} INFO - Changing /opt/***/logs/dag_id=air_quality/run_id=scheduled__2023-12-17T04:00:00+00:00/task_id=CheckTable permission to 509
[2023-12-28T16:52:13.707+0000] {logging_mixin.py:154} INFO - Failed to change /opt/***/logs/dag_id=air_quality/run_id=scheduled__2023-12-17T04:00:00+00:00/task_id=CheckTable permission to 509: [Errno 1] Operation not permitted: '/opt/***/logs/dag_id=air_quality/run_id=scheduled__2023-12-17T04:00:00+00:00/task_id=CheckTable'
[2023-12-28T16:52:13.716+0000] {task_command.py:416} INFO - Running <TaskInstance: air_quality.CheckTable scheduled__2023-12-17T04:00:00+00:00 [running]> on host d67dd4682ccf
[2023-12-28T16:52:14.058+0000] {taskinstance.py:1662} INFO - Exporting env vars: AIRFLOW_CTX_DAG_OWNER='ghifari' AIRFLOW_CTX_DAG_ID='air_quality' AIRFLOW_CTX_TASK_ID='CheckTable' AIRFLOW_CTX_EXECUTION_DATE='2023-12-17T04:00:00+00:00' AIRFLOW_CTX_TRY_NUMBER='1' AIRFLOW_CTX_DAG_RUN_ID='scheduled__2023-12-17T04:00:00+00:00'
[2023-12-28T16:52:14.130+0000] {airQuality.py:183} INFO - Table Created: 
        CREATE TABLE air_quality (
            id serial primary key, 
            city varchar(250),
            country varchar(250), 
            unit varchar(20), 
            last_value float8, 
            lat float8,
            lng float8
        )
    
[2023-12-28T16:52:14.140+0000] {python.py:194} INFO - Done. Returned value was: Insert_Data
[2023-12-28T16:52:14.141+0000] {python.py:227} INFO - Branch callable return Insert_Data
[2023-12-28T16:52:14.142+0000] {skipmixin.py:173} INFO - Following branch Insert_Data
[2023-12-28T16:52:14.179+0000] {skipmixin.py:239} INFO - Skipping tasks []
[2023-12-28T16:52:14.309+0000] {taskinstance.py:1400} INFO - Marking task as SUCCESS. dag_id=air_quality, task_id=CheckTable, execution_date=20231217T040000, start_date=20231228T165213, end_date=20231228T165214
[2023-12-28T16:52:14.421+0000] {local_task_job_runner.py:228} INFO - Task exited with return code 0
[2023-12-28T16:52:14.540+0000] {taskinstance.py:2778} INFO - 1 downstream tasks scheduled from follow-on schedule check
[2023-12-28T16:55:16.308+0000] {logging_mixin.py:154} INFO - Changing /opt/***/logs/dag_id=air_quality/run_id=scheduled__2023-12-17T04:00:00+00:00/task_id=CheckTable permission to 509
[2023-12-28T16:55:16.315+0000] {logging_mixin.py:154} INFO - Failed to change /opt/***/logs/dag_id=air_quality/run_id=scheduled__2023-12-17T04:00:00+00:00/task_id=CheckTable permission to 509: [Errno 1] Operation not permitted: '/opt/***/logs/dag_id=air_quality/run_id=scheduled__2023-12-17T04:00:00+00:00/task_id=CheckTable'
[2023-12-28T16:55:16.500+0000] {logging_mixin.py:154} INFO - Changing /opt/***/logs/dag_id=air_quality/run_id=scheduled__2023-12-17T04:00:00+00:00/task_id=CheckTable permission to 509
[2023-12-28T16:55:16.503+0000] {logging_mixin.py:154} INFO - Failed to change /opt/***/logs/dag_id=air_quality/run_id=scheduled__2023-12-17T04:00:00+00:00/task_id=CheckTable permission to 509: [Errno 1] Operation not permitted: '/opt/***/logs/dag_id=air_quality/run_id=scheduled__2023-12-17T04:00:00+00:00/task_id=CheckTable'
[2023-12-28T16:55:16.775+0000] {taskinstance.py:1159} INFO - Dependencies all met for dep_context=non-requeueable deps ti=<TaskInstance: air_quality.CheckTable scheduled__2023-12-17T04:00:00+00:00 [queued]>
[2023-12-28T16:55:16.805+0000] {taskinstance.py:1159} INFO - Dependencies all met for dep_context=requeueable deps ti=<TaskInstance: air_quality.CheckTable scheduled__2023-12-17T04:00:00+00:00 [queued]>
[2023-12-28T16:55:16.807+0000] {taskinstance.py:1361} INFO - Starting attempt 1 of 2
[2023-12-28T16:55:16.869+0000] {taskinstance.py:1382} INFO - Executing <Task(BranchPythonOperator): CheckTable> on 2023-12-17 04:00:00+00:00
[2023-12-28T16:55:16.879+0000] {standard_task_runner.py:57} INFO - Started process 1358 to run task
[2023-12-28T16:55:16.891+0000] {standard_task_runner.py:84} INFO - Running: ['***', 'tasks', 'run', 'air_quality', 'CheckTable', 'scheduled__2023-12-17T04:00:00+00:00', '--job-id', '1165', '--raw', '--subdir', 'DAGS_FOLDER/airQuality.py', '--cfg-path', '/tmp/tmpo5qhk36e']
[2023-12-28T16:55:16.902+0000] {standard_task_runner.py:85} INFO - Job 1165: Subtask CheckTable
[2023-12-28T16:55:17.158+0000] {logging_mixin.py:154} INFO - Changing /opt/***/logs/dag_id=air_quality/run_id=scheduled__2023-12-17T04:00:00+00:00/task_id=CheckTable permission to 509
[2023-12-28T16:55:17.159+0000] {logging_mixin.py:154} INFO - Failed to change /opt/***/logs/dag_id=air_quality/run_id=scheduled__2023-12-17T04:00:00+00:00/task_id=CheckTable permission to 509: [Errno 1] Operation not permitted: '/opt/***/logs/dag_id=air_quality/run_id=scheduled__2023-12-17T04:00:00+00:00/task_id=CheckTable'
[2023-12-28T16:55:17.163+0000] {task_command.py:416} INFO - Running <TaskInstance: air_quality.CheckTable scheduled__2023-12-17T04:00:00+00:00 [running]> on host d67dd4682ccf
[2023-12-28T16:55:17.587+0000] {taskinstance.py:1662} INFO - Exporting env vars: AIRFLOW_CTX_DAG_OWNER='ghifari' AIRFLOW_CTX_DAG_ID='air_quality' AIRFLOW_CTX_TASK_ID='CheckTable' AIRFLOW_CTX_EXECUTION_DATE='2023-12-17T04:00:00+00:00' AIRFLOW_CTX_TRY_NUMBER='1' AIRFLOW_CTX_DAG_RUN_ID='scheduled__2023-12-17T04:00:00+00:00'
[2023-12-28T16:55:17.634+0000] {airQuality.py:183} INFO - Table Created: 
        CREATE TABLE air_quality (
            id serial primary key, 
            city varchar(250),
            country varchar(250), 
            unit varchar(20), 
            last_value float8, 
            lat float8,
            lng float8
        )
    
[2023-12-28T16:55:17.641+0000] {python.py:194} INFO - Done. Returned value was: Insert_Data
[2023-12-28T16:55:17.649+0000] {python.py:227} INFO - Branch callable return Insert_Data
[2023-12-28T16:55:17.652+0000] {skipmixin.py:173} INFO - Following branch Insert_Data
[2023-12-28T16:55:17.718+0000] {skipmixin.py:239} INFO - Skipping tasks []
[2023-12-28T16:55:17.940+0000] {taskinstance.py:1400} INFO - Marking task as SUCCESS. dag_id=air_quality, task_id=CheckTable, execution_date=20231217T040000, start_date=20231228T165516, end_date=20231228T165517
[2023-12-28T16:55:18.177+0000] {local_task_job_runner.py:228} INFO - Task exited with return code 0
[2023-12-28T16:55:18.944+0000] {taskinstance.py:2778} INFO - 0 downstream tasks scheduled from follow-on schedule check
