[2023-12-17T11:18:22.639+0000] {logging_mixin.py:154} INFO - Changing /opt/***/logs/dag_id=air_quality/run_id=scheduled__2023-11-27T04:00:00+00:00/task_id=Check_Response permission to 509
[2023-12-17T11:18:22.641+0000] {logging_mixin.py:154} INFO - Failed to change /opt/***/logs/dag_id=air_quality/run_id=scheduled__2023-11-27T04:00:00+00:00/task_id=Check_Response permission to 509: [Errno 1] Operation not permitted: '/opt/***/logs/dag_id=air_quality/run_id=scheduled__2023-11-27T04:00:00+00:00/task_id=Check_Response'
[2023-12-17T11:18:22.741+0000] {logging_mixin.py:154} INFO - Changing /opt/***/logs/dag_id=air_quality/run_id=scheduled__2023-11-27T04:00:00+00:00/task_id=Check_Response permission to 509
[2023-12-17T11:18:22.742+0000] {logging_mixin.py:154} INFO - Failed to change /opt/***/logs/dag_id=air_quality/run_id=scheduled__2023-11-27T04:00:00+00:00/task_id=Check_Response permission to 509: [Errno 1] Operation not permitted: '/opt/***/logs/dag_id=air_quality/run_id=scheduled__2023-11-27T04:00:00+00:00/task_id=Check_Response'
[2023-12-17T11:18:22.912+0000] {taskinstance.py:1159} INFO - Dependencies all met for dep_context=non-requeueable deps ti=<TaskInstance: air_quality.Check_Response scheduled__2023-11-27T04:00:00+00:00 [queued]>
[2023-12-17T11:18:22.950+0000] {taskinstance.py:1159} INFO - Dependencies all met for dep_context=requeueable deps ti=<TaskInstance: air_quality.Check_Response scheduled__2023-11-27T04:00:00+00:00 [queued]>
[2023-12-17T11:18:22.953+0000] {taskinstance.py:1361} INFO - Starting attempt 1 of 2
[2023-12-17T11:18:23.033+0000] {taskinstance.py:1382} INFO - Executing <Task(BranchPythonOperator): Check_Response> on 2023-11-27 04:00:00+00:00
[2023-12-17T11:18:23.046+0000] {standard_task_runner.py:57} INFO - Started process 1993 to run task
[2023-12-17T11:18:23.064+0000] {standard_task_runner.py:84} INFO - Running: ['***', 'tasks', 'run', 'air_quality', 'Check_Response', 'scheduled__2023-11-27T04:00:00+00:00', '--job-id', '297', '--raw', '--subdir', 'DAGS_FOLDER/airQuality.py', '--cfg-path', '/tmp/tmpd0b1_ai3']
[2023-12-17T11:18:23.078+0000] {standard_task_runner.py:85} INFO - Job 297: Subtask Check_Response
[2023-12-17T11:18:23.418+0000] {logging_mixin.py:154} INFO - Changing /opt/***/logs/dag_id=air_quality/run_id=scheduled__2023-11-27T04:00:00+00:00/task_id=Check_Response permission to 509
[2023-12-17T11:18:23.424+0000] {logging_mixin.py:154} INFO - Failed to change /opt/***/logs/dag_id=air_quality/run_id=scheduled__2023-11-27T04:00:00+00:00/task_id=Check_Response permission to 509: [Errno 1] Operation not permitted: '/opt/***/logs/dag_id=air_quality/run_id=scheduled__2023-11-27T04:00:00+00:00/task_id=Check_Response'
[2023-12-17T11:18:23.442+0000] {task_command.py:416} INFO - Running <TaskInstance: air_quality.Check_Response scheduled__2023-11-27T04:00:00+00:00 [running]> on host 1a58977f5573
[2023-12-17T11:18:23.945+0000] {taskinstance.py:1662} INFO - Exporting env vars: AIRFLOW_CTX_DAG_OWNER='ghifari' AIRFLOW_CTX_DAG_ID='air_quality' AIRFLOW_CTX_TASK_ID='Check_Response' AIRFLOW_CTX_EXECUTION_DATE='2023-11-27T04:00:00+00:00' AIRFLOW_CTX_TRY_NUMBER='1' AIRFLOW_CTX_DAG_RUN_ID='scheduled__2023-11-27T04:00:00+00:00'
[2023-12-17T11:18:23.972+0000] {airQuality.py:112} INFO - Data Found: {'city': ['Jakarta'], 'country': ['ID'], 'unit': ['o3'], 'last_value': [-0.999], 'lat': [-6.182536], 'lng': [106.834236]}
[2023-12-17T11:18:23.975+0000] {python.py:194} INFO - Done. Returned value was: Transform
[2023-12-17T11:18:23.980+0000] {python.py:227} INFO - Branch callable return Transform
[2023-12-17T11:18:23.980+0000] {skipmixin.py:173} INFO - Following branch Transform
[2023-12-17T11:18:24.135+0000] {skipmixin.py:239} INFO - Skipping tasks [('Error_Response', -1)]
[2023-12-17T11:18:24.337+0000] {taskinstance.py:1400} INFO - Marking task as SUCCESS. dag_id=air_quality, task_id=Check_Response, execution_date=20231127T040000, start_date=20231217T111822, end_date=20231217T111824
[2023-12-17T11:18:24.479+0000] {local_task_job_runner.py:228} INFO - Task exited with return code 0
[2023-12-17T11:18:24.609+0000] {taskinstance.py:2778} INFO - 1 downstream tasks scheduled from follow-on schedule check
[2023-12-28T16:51:30.302+0000] {logging_mixin.py:154} INFO - Changing /opt/***/logs/dag_id=air_quality/run_id=scheduled__2023-11-27T04:00:00+00:00/task_id=Check_Response permission to 509
[2023-12-28T16:51:30.307+0000] {logging_mixin.py:154} INFO - Failed to change /opt/***/logs/dag_id=air_quality/run_id=scheduled__2023-11-27T04:00:00+00:00/task_id=Check_Response permission to 509: [Errno 1] Operation not permitted: '/opt/***/logs/dag_id=air_quality/run_id=scheduled__2023-11-27T04:00:00+00:00/task_id=Check_Response'
[2023-12-28T16:51:30.386+0000] {logging_mixin.py:154} INFO - Changing /opt/***/logs/dag_id=air_quality/run_id=scheduled__2023-11-27T04:00:00+00:00/task_id=Check_Response permission to 509
[2023-12-28T16:51:30.387+0000] {logging_mixin.py:154} INFO - Failed to change /opt/***/logs/dag_id=air_quality/run_id=scheduled__2023-11-27T04:00:00+00:00/task_id=Check_Response permission to 509: [Errno 1] Operation not permitted: '/opt/***/logs/dag_id=air_quality/run_id=scheduled__2023-11-27T04:00:00+00:00/task_id=Check_Response'
[2023-12-28T16:51:30.445+0000] {taskinstance.py:1159} INFO - Dependencies all met for dep_context=non-requeueable deps ti=<TaskInstance: air_quality.Check_Response scheduled__2023-11-27T04:00:00+00:00 [queued]>
[2023-12-28T16:51:30.464+0000] {taskinstance.py:1159} INFO - Dependencies all met for dep_context=requeueable deps ti=<TaskInstance: air_quality.Check_Response scheduled__2023-11-27T04:00:00+00:00 [queued]>
[2023-12-28T16:51:30.466+0000] {taskinstance.py:1361} INFO - Starting attempt 1 of 2
[2023-12-28T16:51:30.494+0000] {taskinstance.py:1382} INFO - Executing <Task(BranchPythonOperator): Check_Response> on 2023-11-27 04:00:00+00:00
[2023-12-28T16:51:30.503+0000] {standard_task_runner.py:57} INFO - Started process 108 to run task
[2023-12-28T16:51:30.509+0000] {standard_task_runner.py:84} INFO - Running: ['***', 'tasks', 'run', 'air_quality', 'Check_Response', 'scheduled__2023-11-27T04:00:00+00:00', '--job-id', '811', '--raw', '--subdir', 'DAGS_FOLDER/airQuality.py', '--cfg-path', '/tmp/tmp8sgl8ug2']
[2023-12-28T16:51:30.511+0000] {standard_task_runner.py:85} INFO - Job 811: Subtask Check_Response
[2023-12-28T16:51:30.605+0000] {logging_mixin.py:154} INFO - Changing /opt/***/logs/dag_id=air_quality/run_id=scheduled__2023-11-27T04:00:00+00:00/task_id=Check_Response permission to 509
[2023-12-28T16:51:30.606+0000] {logging_mixin.py:154} INFO - Failed to change /opt/***/logs/dag_id=air_quality/run_id=scheduled__2023-11-27T04:00:00+00:00/task_id=Check_Response permission to 509: [Errno 1] Operation not permitted: '/opt/***/logs/dag_id=air_quality/run_id=scheduled__2023-11-27T04:00:00+00:00/task_id=Check_Response'
[2023-12-28T16:51:30.609+0000] {task_command.py:416} INFO - Running <TaskInstance: air_quality.Check_Response scheduled__2023-11-27T04:00:00+00:00 [running]> on host d67dd4682ccf
[2023-12-28T16:51:30.745+0000] {taskinstance.py:1662} INFO - Exporting env vars: AIRFLOW_CTX_DAG_OWNER='ghifari' AIRFLOW_CTX_DAG_ID='air_quality' AIRFLOW_CTX_TASK_ID='Check_Response' AIRFLOW_CTX_EXECUTION_DATE='2023-11-27T04:00:00+00:00' AIRFLOW_CTX_TRY_NUMBER='1' AIRFLOW_CTX_DAG_RUN_ID='scheduled__2023-11-27T04:00:00+00:00'
[2023-12-28T16:51:30.779+0000] {airQuality.py:90} INFO - Data Found: {'city': ['Jakarta'], 'country': ['ID'], 'unit': ['o3'], 'last_value': [-0.999], 'lat': [-6.182536], 'lng': [106.834236]}
[2023-12-28T16:51:30.783+0000] {python.py:194} INFO - Done. Returned value was: Transform
[2023-12-28T16:51:30.785+0000] {python.py:227} INFO - Branch callable return Transform
[2023-12-28T16:51:30.786+0000] {skipmixin.py:173} INFO - Following branch Transform
[2023-12-28T16:51:30.843+0000] {skipmixin.py:239} INFO - Skipping tasks [('Error_Response', -1)]
[2023-12-28T16:51:31.025+0000] {taskinstance.py:1400} INFO - Marking task as SUCCESS. dag_id=air_quality, task_id=Check_Response, execution_date=20231127T040000, start_date=20231228T165130, end_date=20231228T165131
[2023-12-28T16:51:31.104+0000] {local_task_job_runner.py:228} INFO - Task exited with return code 0
[2023-12-28T16:51:31.223+0000] {taskinstance.py:2778} INFO - 1 downstream tasks scheduled from follow-on schedule check
[2023-12-28T16:54:03.853+0000] {logging_mixin.py:154} INFO - Changing /opt/***/logs/dag_id=air_quality/run_id=scheduled__2023-11-27T04:00:00+00:00/task_id=Check_Response permission to 509
[2023-12-28T16:54:03.856+0000] {logging_mixin.py:154} INFO - Failed to change /opt/***/logs/dag_id=air_quality/run_id=scheduled__2023-11-27T04:00:00+00:00/task_id=Check_Response permission to 509: [Errno 1] Operation not permitted: '/opt/***/logs/dag_id=air_quality/run_id=scheduled__2023-11-27T04:00:00+00:00/task_id=Check_Response'
[2023-12-28T16:54:03.995+0000] {logging_mixin.py:154} INFO - Changing /opt/***/logs/dag_id=air_quality/run_id=scheduled__2023-11-27T04:00:00+00:00/task_id=Check_Response permission to 509
[2023-12-28T16:54:03.997+0000] {logging_mixin.py:154} INFO - Failed to change /opt/***/logs/dag_id=air_quality/run_id=scheduled__2023-11-27T04:00:00+00:00/task_id=Check_Response permission to 509: [Errno 1] Operation not permitted: '/opt/***/logs/dag_id=air_quality/run_id=scheduled__2023-11-27T04:00:00+00:00/task_id=Check_Response'
[2023-12-28T16:54:04.137+0000] {taskinstance.py:1159} INFO - Dependencies all met for dep_context=non-requeueable deps ti=<TaskInstance: air_quality.Check_Response scheduled__2023-11-27T04:00:00+00:00 [queued]>
[2023-12-28T16:54:04.167+0000] {taskinstance.py:1159} INFO - Dependencies all met for dep_context=requeueable deps ti=<TaskInstance: air_quality.Check_Response scheduled__2023-11-27T04:00:00+00:00 [queued]>
[2023-12-28T16:54:04.168+0000] {taskinstance.py:1361} INFO - Starting attempt 1 of 2
[2023-12-28T16:54:04.222+0000] {taskinstance.py:1382} INFO - Executing <Task(BranchPythonOperator): Check_Response> on 2023-11-27 04:00:00+00:00
[2023-12-28T16:54:04.246+0000] {standard_task_runner.py:57} INFO - Started process 805 to run task
[2023-12-28T16:54:04.281+0000] {standard_task_runner.py:84} INFO - Running: ['***', 'tasks', 'run', 'air_quality', 'Check_Response', 'scheduled__2023-11-27T04:00:00+00:00', '--job-id', '1016', '--raw', '--subdir', 'DAGS_FOLDER/airQuality.py', '--cfg-path', '/tmp/tmprg4nwi9r']
[2023-12-28T16:54:04.285+0000] {standard_task_runner.py:85} INFO - Job 1016: Subtask Check_Response
[2023-12-28T16:54:04.481+0000] {logging_mixin.py:154} INFO - Changing /opt/***/logs/dag_id=air_quality/run_id=scheduled__2023-11-27T04:00:00+00:00/task_id=Check_Response permission to 509
[2023-12-28T16:54:04.483+0000] {logging_mixin.py:154} INFO - Failed to change /opt/***/logs/dag_id=air_quality/run_id=scheduled__2023-11-27T04:00:00+00:00/task_id=Check_Response permission to 509: [Errno 1] Operation not permitted: '/opt/***/logs/dag_id=air_quality/run_id=scheduled__2023-11-27T04:00:00+00:00/task_id=Check_Response'
[2023-12-28T16:54:04.488+0000] {task_command.py:416} INFO - Running <TaskInstance: air_quality.Check_Response scheduled__2023-11-27T04:00:00+00:00 [running]> on host d67dd4682ccf
[2023-12-28T16:54:04.796+0000] {taskinstance.py:1662} INFO - Exporting env vars: AIRFLOW_CTX_DAG_OWNER='ghifari' AIRFLOW_CTX_DAG_ID='air_quality' AIRFLOW_CTX_TASK_ID='Check_Response' AIRFLOW_CTX_EXECUTION_DATE='2023-11-27T04:00:00+00:00' AIRFLOW_CTX_TRY_NUMBER='1' AIRFLOW_CTX_DAG_RUN_ID='scheduled__2023-11-27T04:00:00+00:00'
[2023-12-28T16:54:04.836+0000] {airQuality.py:90} INFO - Data Found: {'city': ['Jakarta'], 'country': ['ID'], 'unit': ['o3'], 'last_value': [-0.999], 'lat': [-6.182536], 'lng': [106.834236]}
[2023-12-28T16:54:04.839+0000] {python.py:194} INFO - Done. Returned value was: Transform
[2023-12-28T16:54:04.843+0000] {python.py:227} INFO - Branch callable return Transform
[2023-12-28T16:54:04.853+0000] {skipmixin.py:173} INFO - Following branch Transform
[2023-12-28T16:54:04.925+0000] {skipmixin.py:239} INFO - Skipping tasks [('Error_Response', -1)]
[2023-12-28T16:54:05.166+0000] {taskinstance.py:1400} INFO - Marking task as SUCCESS. dag_id=air_quality, task_id=Check_Response, execution_date=20231127T040000, start_date=20231228T165404, end_date=20231228T165405
[2023-12-28T16:54:05.309+0000] {local_task_job_runner.py:228} INFO - Task exited with return code 0
[2023-12-28T16:54:05.663+0000] {taskinstance.py:2778} INFO - 1 downstream tasks scheduled from follow-on schedule check
