[2023-12-17T11:18:39.628+0000] {logging_mixin.py:154} INFO - Changing /opt/***/logs/dag_id=air_quality/run_id=scheduled__2023-11-22T04:00:00+00:00/task_id=CheckTable permission to 509
[2023-12-17T11:18:39.632+0000] {logging_mixin.py:154} INFO - Failed to change /opt/***/logs/dag_id=air_quality/run_id=scheduled__2023-11-22T04:00:00+00:00/task_id=CheckTable permission to 509: [Errno 1] Operation not permitted: '/opt/***/logs/dag_id=air_quality/run_id=scheduled__2023-11-22T04:00:00+00:00/task_id=CheckTable'
[2023-12-17T11:18:39.806+0000] {logging_mixin.py:154} INFO - Changing /opt/***/logs/dag_id=air_quality/run_id=scheduled__2023-11-22T04:00:00+00:00/task_id=CheckTable permission to 509
[2023-12-17T11:18:39.814+0000] {logging_mixin.py:154} INFO - Failed to change /opt/***/logs/dag_id=air_quality/run_id=scheduled__2023-11-22T04:00:00+00:00/task_id=CheckTable permission to 509: [Errno 1] Operation not permitted: '/opt/***/logs/dag_id=air_quality/run_id=scheduled__2023-11-22T04:00:00+00:00/task_id=CheckTable'
[2023-12-17T11:18:39.929+0000] {taskinstance.py:1159} INFO - Dependencies all met for dep_context=non-requeueable deps ti=<TaskInstance: air_quality.CheckTable scheduled__2023-11-22T04:00:00+00:00 [queued]>
[2023-12-17T11:18:39.994+0000] {taskinstance.py:1159} INFO - Dependencies all met for dep_context=requeueable deps ti=<TaskInstance: air_quality.CheckTable scheduled__2023-11-22T04:00:00+00:00 [queued]>
[2023-12-17T11:18:40.001+0000] {taskinstance.py:1361} INFO - Starting attempt 1 of 2
[2023-12-17T11:18:40.234+0000] {taskinstance.py:1382} INFO - Executing <Task(BranchPythonOperator): CheckTable> on 2023-11-22 04:00:00+00:00
[2023-12-17T11:18:40.288+0000] {standard_task_runner.py:57} INFO - Started process 2095 to run task
[2023-12-17T11:18:40.297+0000] {standard_task_runner.py:84} INFO - Running: ['***', 'tasks', 'run', 'air_quality', 'CheckTable', 'scheduled__2023-11-22T04:00:00+00:00', '--job-id', '342', '--raw', '--subdir', 'DAGS_FOLDER/airQuality.py', '--cfg-path', '/tmp/tmp3wn1voko']
[2023-12-17T11:18:40.309+0000] {standard_task_runner.py:85} INFO - Job 342: Subtask CheckTable
[2023-12-17T11:18:40.632+0000] {logging_mixin.py:154} INFO - Changing /opt/***/logs/dag_id=air_quality/run_id=scheduled__2023-11-22T04:00:00+00:00/task_id=CheckTable permission to 509
[2023-12-17T11:18:40.636+0000] {logging_mixin.py:154} INFO - Failed to change /opt/***/logs/dag_id=air_quality/run_id=scheduled__2023-11-22T04:00:00+00:00/task_id=CheckTable permission to 509: [Errno 1] Operation not permitted: '/opt/***/logs/dag_id=air_quality/run_id=scheduled__2023-11-22T04:00:00+00:00/task_id=CheckTable'
[2023-12-17T11:18:40.656+0000] {task_command.py:416} INFO - Running <TaskInstance: air_quality.CheckTable scheduled__2023-11-22T04:00:00+00:00 [running]> on host 1a58977f5573
[2023-12-17T11:18:41.023+0000] {taskinstance.py:1662} INFO - Exporting env vars: AIRFLOW_CTX_DAG_OWNER='ghifari' AIRFLOW_CTX_DAG_ID='air_quality' AIRFLOW_CTX_TASK_ID='CheckTable' AIRFLOW_CTX_EXECUTION_DATE='2023-11-22T04:00:00+00:00' AIRFLOW_CTX_TRY_NUMBER='1' AIRFLOW_CTX_DAG_RUN_ID='scheduled__2023-11-22T04:00:00+00:00'
[2023-12-17T11:18:41.052+0000] {airQuality.py:204} INFO - Table Created: 
        CREATE TABLE air_quality (
            id serial primary key, 
            city varchar(250),
            country varchar(250), 
            unit varchar(20), 
            last_value float8, 
            lat float8,
            lng float8
        )
    
[2023-12-17T11:18:41.053+0000] {python.py:194} INFO - Done. Returned value was: Insert_Data
[2023-12-17T11:18:41.054+0000] {python.py:227} INFO - Branch callable return Insert_Data
[2023-12-17T11:18:41.055+0000] {skipmixin.py:173} INFO - Following branch Insert_Data
[2023-12-17T11:18:41.131+0000] {skipmixin.py:239} INFO - Skipping tasks []
[2023-12-17T11:18:41.240+0000] {taskinstance.py:1400} INFO - Marking task as SUCCESS. dag_id=air_quality, task_id=CheckTable, execution_date=20231122T040000, start_date=20231217T111839, end_date=20231217T111841
[2023-12-17T11:18:41.356+0000] {local_task_job_runner.py:228} INFO - Task exited with return code 0
[2023-12-17T11:18:41.458+0000] {taskinstance.py:2778} INFO - 1 downstream tasks scheduled from follow-on schedule check
[2023-12-28T16:59:24.693+0000] {logging_mixin.py:154} INFO - Changing /opt/***/logs/dag_id=air_quality/run_id=scheduled__2023-11-22T04:00:00+00:00/task_id=CheckTable permission to 509
[2023-12-28T16:59:24.694+0000] {logging_mixin.py:154} INFO - Failed to change /opt/***/logs/dag_id=air_quality/run_id=scheduled__2023-11-22T04:00:00+00:00/task_id=CheckTable permission to 509: [Errno 1] Operation not permitted: '/opt/***/logs/dag_id=air_quality/run_id=scheduled__2023-11-22T04:00:00+00:00/task_id=CheckTable'
[2023-12-28T16:59:24.729+0000] {logging_mixin.py:154} INFO - Changing /opt/***/logs/dag_id=air_quality/run_id=scheduled__2023-11-22T04:00:00+00:00/task_id=CheckTable permission to 509
[2023-12-28T16:59:24.730+0000] {logging_mixin.py:154} INFO - Failed to change /opt/***/logs/dag_id=air_quality/run_id=scheduled__2023-11-22T04:00:00+00:00/task_id=CheckTable permission to 509: [Errno 1] Operation not permitted: '/opt/***/logs/dag_id=air_quality/run_id=scheduled__2023-11-22T04:00:00+00:00/task_id=CheckTable'
[2023-12-28T16:59:24.759+0000] {taskinstance.py:1159} INFO - Dependencies all met for dep_context=non-requeueable deps ti=<TaskInstance: air_quality.CheckTable scheduled__2023-11-22T04:00:00+00:00 [queued]>
[2023-12-28T16:59:24.769+0000] {taskinstance.py:1159} INFO - Dependencies all met for dep_context=requeueable deps ti=<TaskInstance: air_quality.CheckTable scheduled__2023-11-22T04:00:00+00:00 [queued]>
[2023-12-28T16:59:24.770+0000] {taskinstance.py:1361} INFO - Starting attempt 1 of 2
[2023-12-28T16:59:24.785+0000] {taskinstance.py:1382} INFO - Executing <Task(BranchPythonOperator): CheckTable> on 2023-11-22 04:00:00+00:00
[2023-12-28T16:59:24.790+0000] {standard_task_runner.py:57} INFO - Started process 1755 to run task
[2023-12-28T16:59:24.793+0000] {standard_task_runner.py:84} INFO - Running: ['***', 'tasks', 'run', 'air_quality', 'CheckTable', 'scheduled__2023-11-22T04:00:00+00:00', '--job-id', '1216', '--raw', '--subdir', 'DAGS_FOLDER/airQuality.py', '--cfg-path', '/tmp/tmpgv50xcai']
[2023-12-28T16:59:24.794+0000] {standard_task_runner.py:85} INFO - Job 1216: Subtask CheckTable
[2023-12-28T16:59:24.842+0000] {logging_mixin.py:154} INFO - Changing /opt/***/logs/dag_id=air_quality/run_id=scheduled__2023-11-22T04:00:00+00:00/task_id=CheckTable permission to 509
[2023-12-28T16:59:24.843+0000] {logging_mixin.py:154} INFO - Failed to change /opt/***/logs/dag_id=air_quality/run_id=scheduled__2023-11-22T04:00:00+00:00/task_id=CheckTable permission to 509: [Errno 1] Operation not permitted: '/opt/***/logs/dag_id=air_quality/run_id=scheduled__2023-11-22T04:00:00+00:00/task_id=CheckTable'
[2023-12-28T16:59:24.845+0000] {task_command.py:416} INFO - Running <TaskInstance: air_quality.CheckTable scheduled__2023-11-22T04:00:00+00:00 [running]> on host d67dd4682ccf
[2023-12-28T16:59:24.924+0000] {taskinstance.py:1662} INFO - Exporting env vars: AIRFLOW_CTX_DAG_OWNER='ghifari' AIRFLOW_CTX_DAG_ID='air_quality' AIRFLOW_CTX_TASK_ID='CheckTable' AIRFLOW_CTX_EXECUTION_DATE='2023-11-22T04:00:00+00:00' AIRFLOW_CTX_TRY_NUMBER='1' AIRFLOW_CTX_DAG_RUN_ID='scheduled__2023-11-22T04:00:00+00:00'
[2023-12-28T16:59:24.937+0000] {airQuality.py:183} INFO - Table Created: 
        CREATE TABLE air_quality (
            id serial primary key, 
            city varchar(250),
            country varchar(250), 
            unit varchar(20), 
            last_value float8, 
            lat float8,
            lng float8
        )
    
[2023-12-28T16:59:24.937+0000] {python.py:194} INFO - Done. Returned value was: Insert_Data
[2023-12-28T16:59:24.938+0000] {python.py:227} INFO - Branch callable return Insert_Data
[2023-12-28T16:59:24.939+0000] {skipmixin.py:173} INFO - Following branch Insert_Data
[2023-12-28T16:59:24.949+0000] {skipmixin.py:239} INFO - Skipping tasks []
[2023-12-28T16:59:24.982+0000] {taskinstance.py:1400} INFO - Marking task as SUCCESS. dag_id=air_quality, task_id=CheckTable, execution_date=20231122T040000, start_date=20231228T165924, end_date=20231228T165924
[2023-12-28T16:59:25.006+0000] {local_task_job_runner.py:228} INFO - Task exited with return code 0
[2023-12-28T16:59:25.035+0000] {taskinstance.py:2778} INFO - 1 downstream tasks scheduled from follow-on schedule check
