[2023-12-17T12:17:34.715+0000] {logging_mixin.py:154} INFO - Changing /opt/***/logs/dag_id=air_quality/run_id=scheduled__2023-12-06T04:00:00+00:00/task_id=Transform permission to 509
[2023-12-17T12:17:34.718+0000] {logging_mixin.py:154} INFO - Failed to change /opt/***/logs/dag_id=air_quality/run_id=scheduled__2023-12-06T04:00:00+00:00/task_id=Transform permission to 509: [Errno 1] Operation not permitted: '/opt/***/logs/dag_id=air_quality/run_id=scheduled__2023-12-06T04:00:00+00:00/task_id=Transform'
[2023-12-17T12:17:34.864+0000] {logging_mixin.py:154} INFO - Changing /opt/***/logs/dag_id=air_quality/run_id=scheduled__2023-12-06T04:00:00+00:00/task_id=Transform permission to 509
[2023-12-17T12:17:34.870+0000] {logging_mixin.py:154} INFO - Failed to change /opt/***/logs/dag_id=air_quality/run_id=scheduled__2023-12-06T04:00:00+00:00/task_id=Transform permission to 509: [Errno 1] Operation not permitted: '/opt/***/logs/dag_id=air_quality/run_id=scheduled__2023-12-06T04:00:00+00:00/task_id=Transform'
[2023-12-17T12:17:35.011+0000] {taskinstance.py:1159} INFO - Dependencies all met for dep_context=non-requeueable deps ti=<TaskInstance: air_quality.Transform scheduled__2023-12-06T04:00:00+00:00 [queued]>
[2023-12-17T12:17:35.059+0000] {taskinstance.py:1159} INFO - Dependencies all met for dep_context=requeueable deps ti=<TaskInstance: air_quality.Transform scheduled__2023-12-06T04:00:00+00:00 [queued]>
[2023-12-17T12:17:35.063+0000] {taskinstance.py:1361} INFO - Starting attempt 2 of 3
[2023-12-17T12:17:35.171+0000] {taskinstance.py:1382} INFO - Executing <Task(PythonOperator): Transform> on 2023-12-06 04:00:00+00:00
[2023-12-17T12:17:35.189+0000] {standard_task_runner.py:57} INFO - Started process 3734 to run task
[2023-12-17T12:17:35.219+0000] {standard_task_runner.py:84} INFO - Running: ['***', 'tasks', 'run', 'air_quality', 'Transform', 'scheduled__2023-12-06T04:00:00+00:00', '--job-id', '526', '--raw', '--subdir', 'DAGS_FOLDER/airQuality.py', '--cfg-path', '/tmp/tmp__59wvhe']
[2023-12-17T12:17:35.221+0000] {standard_task_runner.py:85} INFO - Job 526: Subtask Transform
[2023-12-17T12:17:35.409+0000] {logging_mixin.py:154} INFO - Changing /opt/***/logs/dag_id=air_quality/run_id=scheduled__2023-12-06T04:00:00+00:00/task_id=Transform permission to 509
[2023-12-17T12:17:35.410+0000] {logging_mixin.py:154} INFO - Failed to change /opt/***/logs/dag_id=air_quality/run_id=scheduled__2023-12-06T04:00:00+00:00/task_id=Transform permission to 509: [Errno 1] Operation not permitted: '/opt/***/logs/dag_id=air_quality/run_id=scheduled__2023-12-06T04:00:00+00:00/task_id=Transform'
[2023-12-17T12:17:35.413+0000] {task_command.py:416} INFO - Running <TaskInstance: air_quality.Transform scheduled__2023-12-06T04:00:00+00:00 [running]> on host 1a58977f5573
[2023-12-17T12:17:35.911+0000] {taskinstance.py:1662} INFO - Exporting env vars: AIRFLOW_CTX_DAG_OWNER='ghifari' AIRFLOW_CTX_DAG_ID='air_quality' AIRFLOW_CTX_TASK_ID='Transform' AIRFLOW_CTX_EXECUTION_DATE='2023-12-06T04:00:00+00:00' AIRFLOW_CTX_TRY_NUMBER='2' AIRFLOW_CTX_DAG_RUN_ID='scheduled__2023-12-06T04:00:00+00:00'
[2023-12-17T12:17:40.814+0000] {python.py:194} INFO - Done. Returned value was:       city country  unit  last_value       lat         lng
0  Jakarta      ID  pm25      -999.0 -6.182536  106.834236
[2023-12-17T12:17:41.069+0000] {taskinstance.py:1400} INFO - Marking task as SUCCESS. dag_id=air_quality, task_id=Transform, execution_date=20231206T040000, start_date=20231217T121735, end_date=20231217T121741
[2023-12-17T12:17:41.506+0000] {local_task_job_runner.py:228} INFO - Task exited with return code 0
[2023-12-17T12:17:41.647+0000] {taskinstance.py:2778} INFO - 1 downstream tasks scheduled from follow-on schedule check
