[2023-12-17T10:26:05.699+0000] {logging_mixin.py:154} INFO - Changing /opt/***/logs/dag_id=air_quality/run_id=manual__2023-12-17T10:26:00.537139+00:00/task_id=Create_Table permission to 509
[2023-12-17T10:26:05.700+0000] {logging_mixin.py:154} INFO - Failed to change /opt/***/logs/dag_id=air_quality/run_id=manual__2023-12-17T10:26:00.537139+00:00/task_id=Create_Table permission to 509: [Errno 1] Operation not permitted: '/opt/***/logs/dag_id=air_quality/run_id=manual__2023-12-17T10:26:00.537139+00:00/task_id=Create_Table'
[2023-12-17T10:26:05.750+0000] {logging_mixin.py:154} INFO - Changing /opt/***/logs/dag_id=air_quality/run_id=manual__2023-12-17T10:26:00.537139+00:00/task_id=Create_Table permission to 509
[2023-12-17T10:26:05.751+0000] {logging_mixin.py:154} INFO - Failed to change /opt/***/logs/dag_id=air_quality/run_id=manual__2023-12-17T10:26:00.537139+00:00/task_id=Create_Table permission to 509: [Errno 1] Operation not permitted: '/opt/***/logs/dag_id=air_quality/run_id=manual__2023-12-17T10:26:00.537139+00:00/task_id=Create_Table'
[2023-12-17T10:26:05.790+0000] {taskinstance.py:1159} INFO - Dependencies all met for dep_context=non-requeueable deps ti=<TaskInstance: air_quality.Create_Table manual__2023-12-17T10:26:00.537139+00:00 [queued]>
[2023-12-17T10:26:05.807+0000] {taskinstance.py:1159} INFO - Dependencies all met for dep_context=requeueable deps ti=<TaskInstance: air_quality.Create_Table manual__2023-12-17T10:26:00.537139+00:00 [queued]>
[2023-12-17T10:26:05.808+0000] {taskinstance.py:1361} INFO - Starting attempt 1 of 2
[2023-12-17T10:26:05.830+0000] {taskinstance.py:1382} INFO - Executing <Task(PythonOperator): Create_Table> on 2023-12-17 10:26:00.537139+00:00
[2023-12-17T10:26:05.837+0000] {standard_task_runner.py:57} INFO - Started process 1135 to run task
[2023-12-17T10:26:05.841+0000] {standard_task_runner.py:84} INFO - Running: ['***', 'tasks', 'run', 'air_quality', 'Create_Table', 'manual__2023-12-17T10:26:00.537139+00:00', '--job-id', '268', '--raw', '--subdir', 'DAGS_FOLDER/airQuality.py', '--cfg-path', '/tmp/tmp0_m7ltec']
[2023-12-17T10:26:05.843+0000] {standard_task_runner.py:85} INFO - Job 268: Subtask Create_Table
[2023-12-17T10:26:05.925+0000] {logging_mixin.py:154} INFO - Changing /opt/***/logs/dag_id=air_quality/run_id=manual__2023-12-17T10:26:00.537139+00:00/task_id=Create_Table permission to 509
[2023-12-17T10:26:05.926+0000] {logging_mixin.py:154} INFO - Failed to change /opt/***/logs/dag_id=air_quality/run_id=manual__2023-12-17T10:26:00.537139+00:00/task_id=Create_Table permission to 509: [Errno 1] Operation not permitted: '/opt/***/logs/dag_id=air_quality/run_id=manual__2023-12-17T10:26:00.537139+00:00/task_id=Create_Table'
[2023-12-17T10:26:05.929+0000] {task_command.py:416} INFO - Running <TaskInstance: air_quality.Create_Table manual__2023-12-17T10:26:00.537139+00:00 [running]> on host 1a58977f5573
[2023-12-17T10:26:06.011+0000] {taskinstance.py:1662} INFO - Exporting env vars: AIRFLOW_CTX_DAG_OWNER='ghifari' AIRFLOW_CTX_DAG_ID='air_quality' AIRFLOW_CTX_TASK_ID='Create_Table' AIRFLOW_CTX_EXECUTION_DATE='2023-12-17T10:26:00.537139+00:00' AIRFLOW_CTX_TRY_NUMBER='1' AIRFLOW_CTX_DAG_RUN_ID='manual__2023-12-17T10:26:00.537139+00:00'
[2023-12-17T10:26:06.021+0000] {base.py:73} INFO - Using connection ID 'neonServerDB-Postgres' for task execution.
[2023-12-17T10:26:09.001+0000] {airQuality.py:175} INFO - Table air_quality Already Exist
[2023-12-17T10:26:09.029+0000] {python.py:194} INFO - Done. Returned value was: 
        CREATE TABLE air_quality (
            id serial primary key, 
            city varchar(250),
            country varchar(250), 
            unit varchar(20), 
            last_value float8, 
            lat float8,
            lng float8
        )
    
[2023-12-17T10:26:09.057+0000] {taskinstance.py:1400} INFO - Marking task as SUCCESS. dag_id=air_quality, task_id=Create_Table, execution_date=20231217T102600, start_date=20231217T102605, end_date=20231217T102609
[2023-12-17T10:26:09.121+0000] {local_task_job_runner.py:228} INFO - Task exited with return code 0
[2023-12-17T10:26:09.170+0000] {taskinstance.py:2778} INFO - 2 downstream tasks scheduled from follow-on schedule check
