[2023-12-28T16:08:49.049+0000] {logging_mixin.py:154} INFO - Changing /opt/***/logs/dag_id=air_quality/run_id=scheduled__2023-12-17T04:00:00+00:00/task_id=Transform permission to 509
[2023-12-28T16:08:49.052+0000] {logging_mixin.py:154} INFO - Failed to change /opt/***/logs/dag_id=air_quality/run_id=scheduled__2023-12-17T04:00:00+00:00/task_id=Transform permission to 509: [Errno 1] Operation not permitted: '/opt/***/logs/dag_id=air_quality/run_id=scheduled__2023-12-17T04:00:00+00:00/task_id=Transform'
[2023-12-28T16:08:49.155+0000] {logging_mixin.py:154} INFO - Changing /opt/***/logs/dag_id=air_quality/run_id=scheduled__2023-12-17T04:00:00+00:00/task_id=Transform permission to 509
[2023-12-28T16:08:49.157+0000] {logging_mixin.py:154} INFO - Failed to change /opt/***/logs/dag_id=air_quality/run_id=scheduled__2023-12-17T04:00:00+00:00/task_id=Transform permission to 509: [Errno 1] Operation not permitted: '/opt/***/logs/dag_id=air_quality/run_id=scheduled__2023-12-17T04:00:00+00:00/task_id=Transform'
[2023-12-28T16:08:49.265+0000] {taskinstance.py:1159} INFO - Dependencies all met for dep_context=non-requeueable deps ti=<TaskInstance: air_quality.Transform scheduled__2023-12-17T04:00:00+00:00 [queued]>
[2023-12-28T16:08:49.311+0000] {taskinstance.py:1159} INFO - Dependencies all met for dep_context=requeueable deps ti=<TaskInstance: air_quality.Transform scheduled__2023-12-17T04:00:00+00:00 [queued]>
[2023-12-28T16:08:49.312+0000] {taskinstance.py:1361} INFO - Starting attempt 1 of 2
[2023-12-28T16:08:49.387+0000] {taskinstance.py:1382} INFO - Executing <Task(PythonOperator): Transform> on 2023-12-17 04:00:00+00:00
[2023-12-28T16:08:49.405+0000] {standard_task_runner.py:84} INFO - Running: ['***', 'tasks', 'run', 'air_quality', 'Transform', 'scheduled__2023-12-17T04:00:00+00:00', '--job-id', '745', '--raw', '--subdir', 'DAGS_FOLDER/airQuality.py', '--cfg-path', '/tmp/tmpguy9sa5j']
[2023-12-28T16:08:49.419+0000] {standard_task_runner.py:85} INFO - Job 745: Subtask Transform
[2023-12-28T16:08:49.398+0000] {standard_task_runner.py:57} INFO - Started process 503 to run task
[2023-12-28T16:08:49.701+0000] {logging_mixin.py:154} INFO - Changing /opt/***/logs/dag_id=air_quality/run_id=scheduled__2023-12-17T04:00:00+00:00/task_id=Transform permission to 509
[2023-12-28T16:08:49.707+0000] {logging_mixin.py:154} INFO - Failed to change /opt/***/logs/dag_id=air_quality/run_id=scheduled__2023-12-17T04:00:00+00:00/task_id=Transform permission to 509: [Errno 1] Operation not permitted: '/opt/***/logs/dag_id=air_quality/run_id=scheduled__2023-12-17T04:00:00+00:00/task_id=Transform'
[2023-12-28T16:08:49.731+0000] {task_command.py:416} INFO - Running <TaskInstance: air_quality.Transform scheduled__2023-12-17T04:00:00+00:00 [running]> on host d67dd4682ccf
[2023-12-28T16:08:50.269+0000] {taskinstance.py:1662} INFO - Exporting env vars: AIRFLOW_CTX_DAG_OWNER='ghifari' AIRFLOW_CTX_DAG_ID='air_quality' AIRFLOW_CTX_TASK_ID='Transform' AIRFLOW_CTX_EXECUTION_DATE='2023-12-17T04:00:00+00:00' AIRFLOW_CTX_TRY_NUMBER='1' AIRFLOW_CTX_DAG_RUN_ID='scheduled__2023-12-17T04:00:00+00:00'
[2023-12-28T16:09:02.309+0000] {python.py:194} INFO - Done. Returned value was:       city country  unit  last_value       lat         lng
0  Jakarta      ID  pm25      -999.0 -6.182536  106.834236
[2023-12-28T16:09:02.618+0000] {taskinstance.py:1400} INFO - Marking task as SUCCESS. dag_id=air_quality, task_id=Transform, execution_date=20231217T040000, start_date=20231228T160849, end_date=20231228T160902
[2023-12-28T16:09:02.993+0000] {local_task_job_runner.py:228} INFO - Task exited with return code 0
[2023-12-28T16:09:03.144+0000] {taskinstance.py:2778} INFO - 1 downstream tasks scheduled from follow-on schedule check
[2023-12-28T16:52:00.441+0000] {logging_mixin.py:154} INFO - Changing /opt/***/logs/dag_id=air_quality/run_id=scheduled__2023-12-17T04:00:00+00:00/task_id=Transform permission to 509
[2023-12-28T16:52:00.454+0000] {logging_mixin.py:154} INFO - Failed to change /opt/***/logs/dag_id=air_quality/run_id=scheduled__2023-12-17T04:00:00+00:00/task_id=Transform permission to 509: [Errno 1] Operation not permitted: '/opt/***/logs/dag_id=air_quality/run_id=scheduled__2023-12-17T04:00:00+00:00/task_id=Transform'
[2023-12-28T16:52:00.610+0000] {logging_mixin.py:154} INFO - Changing /opt/***/logs/dag_id=air_quality/run_id=scheduled__2023-12-17T04:00:00+00:00/task_id=Transform permission to 509
[2023-12-28T16:52:00.611+0000] {logging_mixin.py:154} INFO - Failed to change /opt/***/logs/dag_id=air_quality/run_id=scheduled__2023-12-17T04:00:00+00:00/task_id=Transform permission to 509: [Errno 1] Operation not permitted: '/opt/***/logs/dag_id=air_quality/run_id=scheduled__2023-12-17T04:00:00+00:00/task_id=Transform'
[2023-12-28T16:52:00.805+0000] {taskinstance.py:1159} INFO - Dependencies all met for dep_context=non-requeueable deps ti=<TaskInstance: air_quality.Transform scheduled__2023-12-17T04:00:00+00:00 [queued]>
[2023-12-28T16:52:00.863+0000] {taskinstance.py:1159} INFO - Dependencies all met for dep_context=requeueable deps ti=<TaskInstance: air_quality.Transform scheduled__2023-12-17T04:00:00+00:00 [queued]>
[2023-12-28T16:52:00.885+0000] {taskinstance.py:1361} INFO - Starting attempt 1 of 2
[2023-12-28T16:52:00.977+0000] {taskinstance.py:1382} INFO - Executing <Task(PythonOperator): Transform> on 2023-12-17 04:00:00+00:00
[2023-12-28T16:52:00.990+0000] {standard_task_runner.py:57} INFO - Started process 288 to run task
[2023-12-28T16:52:01.016+0000] {standard_task_runner.py:84} INFO - Running: ['***', 'tasks', 'run', 'air_quality', 'Transform', 'scheduled__2023-12-17T04:00:00+00:00', '--job-id', '889', '--raw', '--subdir', 'DAGS_FOLDER/airQuality.py', '--cfg-path', '/tmp/tmp7ewt2h8c']
[2023-12-28T16:52:01.022+0000] {standard_task_runner.py:85} INFO - Job 889: Subtask Transform
[2023-12-28T16:52:01.254+0000] {logging_mixin.py:154} INFO - Changing /opt/***/logs/dag_id=air_quality/run_id=scheduled__2023-12-17T04:00:00+00:00/task_id=Transform permission to 509
[2023-12-28T16:52:01.256+0000] {logging_mixin.py:154} INFO - Failed to change /opt/***/logs/dag_id=air_quality/run_id=scheduled__2023-12-17T04:00:00+00:00/task_id=Transform permission to 509: [Errno 1] Operation not permitted: '/opt/***/logs/dag_id=air_quality/run_id=scheduled__2023-12-17T04:00:00+00:00/task_id=Transform'
[2023-12-28T16:52:01.264+0000] {task_command.py:416} INFO - Running <TaskInstance: air_quality.Transform scheduled__2023-12-17T04:00:00+00:00 [running]> on host d67dd4682ccf
[2023-12-28T16:52:01.722+0000] {taskinstance.py:1662} INFO - Exporting env vars: AIRFLOW_CTX_DAG_OWNER='ghifari' AIRFLOW_CTX_DAG_ID='air_quality' AIRFLOW_CTX_TASK_ID='Transform' AIRFLOW_CTX_EXECUTION_DATE='2023-12-17T04:00:00+00:00' AIRFLOW_CTX_TRY_NUMBER='1' AIRFLOW_CTX_DAG_RUN_ID='scheduled__2023-12-17T04:00:00+00:00'
[2023-12-28T16:52:03.911+0000] {python.py:194} INFO - Done. Returned value was:       city country unit  last_value       lat         lng
0  Jakarta      ID   o3      -0.999 -6.182536  106.834236
[2023-12-28T16:52:04.113+0000] {taskinstance.py:1400} INFO - Marking task as SUCCESS. dag_id=air_quality, task_id=Transform, execution_date=20231217T040000, start_date=20231228T165200, end_date=20231228T165204
[2023-12-28T16:52:04.290+0000] {local_task_job_runner.py:228} INFO - Task exited with return code 0
[2023-12-28T16:52:04.523+0000] {taskinstance.py:2778} INFO - 1 downstream tasks scheduled from follow-on schedule check
[2023-12-28T16:52:29.427+0000] {logging_mixin.py:154} INFO - Changing /opt/***/logs/dag_id=air_quality/run_id=scheduled__2023-12-17T04:00:00+00:00/task_id=Transform permission to 509
[2023-12-28T16:52:29.429+0000] {logging_mixin.py:154} INFO - Failed to change /opt/***/logs/dag_id=air_quality/run_id=scheduled__2023-12-17T04:00:00+00:00/task_id=Transform permission to 509: [Errno 1] Operation not permitted: '/opt/***/logs/dag_id=air_quality/run_id=scheduled__2023-12-17T04:00:00+00:00/task_id=Transform'
[2023-12-28T16:52:29.480+0000] {logging_mixin.py:154} INFO - Changing /opt/***/logs/dag_id=air_quality/run_id=scheduled__2023-12-17T04:00:00+00:00/task_id=Transform permission to 509
[2023-12-28T16:52:29.481+0000] {logging_mixin.py:154} INFO - Failed to change /opt/***/logs/dag_id=air_quality/run_id=scheduled__2023-12-17T04:00:00+00:00/task_id=Transform permission to 509: [Errno 1] Operation not permitted: '/opt/***/logs/dag_id=air_quality/run_id=scheduled__2023-12-17T04:00:00+00:00/task_id=Transform'
[2023-12-28T16:52:29.557+0000] {taskinstance.py:1159} INFO - Dependencies all met for dep_context=non-requeueable deps ti=<TaskInstance: air_quality.Transform scheduled__2023-12-17T04:00:00+00:00 [queued]>
[2023-12-28T16:52:29.582+0000] {taskinstance.py:1159} INFO - Dependencies all met for dep_context=requeueable deps ti=<TaskInstance: air_quality.Transform scheduled__2023-12-17T04:00:00+00:00 [queued]>
[2023-12-28T16:52:29.584+0000] {taskinstance.py:1361} INFO - Starting attempt 1 of 2
[2023-12-28T16:52:29.614+0000] {taskinstance.py:1382} INFO - Executing <Task(PythonOperator): Transform> on 2023-12-17 04:00:00+00:00
[2023-12-28T16:52:29.622+0000] {standard_task_runner.py:57} INFO - Started process 596 to run task
[2023-12-28T16:52:29.629+0000] {standard_task_runner.py:84} INFO - Running: ['***', 'tasks', 'run', 'air_quality', 'Transform', 'scheduled__2023-12-17T04:00:00+00:00', '--job-id', '955', '--raw', '--subdir', 'DAGS_FOLDER/airQuality.py', '--cfg-path', '/tmp/tmpopo5gyi0']
[2023-12-28T16:52:29.631+0000] {standard_task_runner.py:85} INFO - Job 955: Subtask Transform
[2023-12-28T16:52:29.734+0000] {logging_mixin.py:154} INFO - Changing /opt/***/logs/dag_id=air_quality/run_id=scheduled__2023-12-17T04:00:00+00:00/task_id=Transform permission to 509
[2023-12-28T16:52:29.735+0000] {logging_mixin.py:154} INFO - Failed to change /opt/***/logs/dag_id=air_quality/run_id=scheduled__2023-12-17T04:00:00+00:00/task_id=Transform permission to 509: [Errno 1] Operation not permitted: '/opt/***/logs/dag_id=air_quality/run_id=scheduled__2023-12-17T04:00:00+00:00/task_id=Transform'
[2023-12-28T16:52:29.739+0000] {task_command.py:416} INFO - Running <TaskInstance: air_quality.Transform scheduled__2023-12-17T04:00:00+00:00 [running]> on host d67dd4682ccf
[2023-12-28T16:52:29.914+0000] {taskinstance.py:1662} INFO - Exporting env vars: AIRFLOW_CTX_DAG_OWNER='ghifari' AIRFLOW_CTX_DAG_ID='air_quality' AIRFLOW_CTX_TASK_ID='Transform' AIRFLOW_CTX_EXECUTION_DATE='2023-12-17T04:00:00+00:00' AIRFLOW_CTX_TRY_NUMBER='1' AIRFLOW_CTX_DAG_RUN_ID='scheduled__2023-12-17T04:00:00+00:00'
[2023-12-28T16:52:31.473+0000] {python.py:194} INFO - Done. Returned value was:       city country unit  last_value       lat         lng
0  Jakarta      ID   o3      -0.999 -6.182536  106.834236
[2023-12-28T16:52:31.640+0000] {taskinstance.py:1400} INFO - Marking task as SUCCESS. dag_id=air_quality, task_id=Transform, execution_date=20231217T040000, start_date=20231228T165229, end_date=20231228T165231
[2023-12-28T16:52:32.152+0000] {local_task_job_runner.py:228} INFO - Task exited with return code 0
[2023-12-28T16:52:32.363+0000] {taskinstance.py:2778} INFO - 1 downstream tasks scheduled from follow-on schedule check
[2023-12-28T16:55:02.616+0000] {logging_mixin.py:154} INFO - Changing /opt/***/logs/dag_id=air_quality/run_id=scheduled__2023-12-17T04:00:00+00:00/task_id=Transform permission to 509
[2023-12-28T16:55:02.621+0000] {logging_mixin.py:154} INFO - Failed to change /opt/***/logs/dag_id=air_quality/run_id=scheduled__2023-12-17T04:00:00+00:00/task_id=Transform permission to 509: [Errno 1] Operation not permitted: '/opt/***/logs/dag_id=air_quality/run_id=scheduled__2023-12-17T04:00:00+00:00/task_id=Transform'
[2023-12-28T16:55:02.958+0000] {logging_mixin.py:154} INFO - Changing /opt/***/logs/dag_id=air_quality/run_id=scheduled__2023-12-17T04:00:00+00:00/task_id=Transform permission to 509
[2023-12-28T16:55:02.973+0000] {logging_mixin.py:154} INFO - Failed to change /opt/***/logs/dag_id=air_quality/run_id=scheduled__2023-12-17T04:00:00+00:00/task_id=Transform permission to 509: [Errno 1] Operation not permitted: '/opt/***/logs/dag_id=air_quality/run_id=scheduled__2023-12-17T04:00:00+00:00/task_id=Transform'
[2023-12-28T16:55:03.236+0000] {taskinstance.py:1159} INFO - Dependencies all met for dep_context=non-requeueable deps ti=<TaskInstance: air_quality.Transform scheduled__2023-12-17T04:00:00+00:00 [queued]>
[2023-12-28T16:55:03.313+0000] {taskinstance.py:1159} INFO - Dependencies all met for dep_context=requeueable deps ti=<TaskInstance: air_quality.Transform scheduled__2023-12-17T04:00:00+00:00 [queued]>
[2023-12-28T16:55:03.317+0000] {taskinstance.py:1361} INFO - Starting attempt 1 of 2
[2023-12-28T16:55:03.717+0000] {taskinstance.py:1382} INFO - Executing <Task(PythonOperator): Transform> on 2023-12-17 04:00:00+00:00
[2023-12-28T16:55:03.732+0000] {standard_task_runner.py:57} INFO - Started process 1279 to run task
[2023-12-28T16:55:03.741+0000] {standard_task_runner.py:84} INFO - Running: ['***', 'tasks', 'run', 'air_quality', 'Transform', 'scheduled__2023-12-17T04:00:00+00:00', '--job-id', '1138', '--raw', '--subdir', 'DAGS_FOLDER/airQuality.py', '--cfg-path', '/tmp/tmpo_58hej0']
[2023-12-28T16:55:03.745+0000] {standard_task_runner.py:85} INFO - Job 1138: Subtask Transform
[2023-12-28T16:55:04.046+0000] {logging_mixin.py:154} INFO - Changing /opt/***/logs/dag_id=air_quality/run_id=scheduled__2023-12-17T04:00:00+00:00/task_id=Transform permission to 509
[2023-12-28T16:55:04.047+0000] {logging_mixin.py:154} INFO - Failed to change /opt/***/logs/dag_id=air_quality/run_id=scheduled__2023-12-17T04:00:00+00:00/task_id=Transform permission to 509: [Errno 1] Operation not permitted: '/opt/***/logs/dag_id=air_quality/run_id=scheduled__2023-12-17T04:00:00+00:00/task_id=Transform'
[2023-12-28T16:55:04.058+0000] {task_command.py:416} INFO - Running <TaskInstance: air_quality.Transform scheduled__2023-12-17T04:00:00+00:00 [running]> on host d67dd4682ccf
[2023-12-28T16:55:04.376+0000] {taskinstance.py:1662} INFO - Exporting env vars: AIRFLOW_CTX_DAG_OWNER='ghifari' AIRFLOW_CTX_DAG_ID='air_quality' AIRFLOW_CTX_TASK_ID='Transform' AIRFLOW_CTX_EXECUTION_DATE='2023-12-17T04:00:00+00:00' AIRFLOW_CTX_TRY_NUMBER='1' AIRFLOW_CTX_DAG_RUN_ID='scheduled__2023-12-17T04:00:00+00:00'
[2023-12-28T16:55:06.494+0000] {python.py:194} INFO - Done. Returned value was:       city country unit  last_value       lat         lng
0  Jakarta      ID   o3      -0.999 -6.182536  106.834236
[2023-12-28T16:55:06.661+0000] {taskinstance.py:1400} INFO - Marking task as SUCCESS. dag_id=air_quality, task_id=Transform, execution_date=20231217T040000, start_date=20231228T165503, end_date=20231228T165506
[2023-12-28T16:55:07.135+0000] {local_task_job_runner.py:228} INFO - Task exited with return code 0
[2023-12-28T16:55:07.273+0000] {taskinstance.py:2778} INFO - 1 downstream tasks scheduled from follow-on schedule check
