[2023-12-17T09:40:33.422+0000] {logging_mixin.py:154} INFO - Changing /opt/***/logs/dag_id=air_quality/run_id=manual__2023-12-17T09:40:31.955319+00:00/task_id=Check_Table permission to 509
[2023-12-17T09:40:33.423+0000] {logging_mixin.py:154} INFO - Failed to change /opt/***/logs/dag_id=air_quality/run_id=manual__2023-12-17T09:40:31.955319+00:00/task_id=Check_Table permission to 509: [Errno 1] Operation not permitted: '/opt/***/logs/dag_id=air_quality/run_id=manual__2023-12-17T09:40:31.955319+00:00/task_id=Check_Table'
[2023-12-17T09:40:33.458+0000] {logging_mixin.py:154} INFO - Changing /opt/***/logs/dag_id=air_quality/run_id=manual__2023-12-17T09:40:31.955319+00:00/task_id=Check_Table permission to 509
[2023-12-17T09:40:33.459+0000] {logging_mixin.py:154} INFO - Failed to change /opt/***/logs/dag_id=air_quality/run_id=manual__2023-12-17T09:40:31.955319+00:00/task_id=Check_Table permission to 509: [Errno 1] Operation not permitted: '/opt/***/logs/dag_id=air_quality/run_id=manual__2023-12-17T09:40:31.955319+00:00/task_id=Check_Table'
[2023-12-17T09:40:33.493+0000] {taskinstance.py:1159} INFO - Dependencies all met for dep_context=non-requeueable deps ti=<TaskInstance: air_quality.Check_Table manual__2023-12-17T09:40:31.955319+00:00 [queued]>
[2023-12-17T09:40:33.504+0000] {taskinstance.py:1159} INFO - Dependencies all met for dep_context=requeueable deps ti=<TaskInstance: air_quality.Check_Table manual__2023-12-17T09:40:31.955319+00:00 [queued]>
[2023-12-17T09:40:33.505+0000] {taskinstance.py:1361} INFO - Starting attempt 1 of 2
[2023-12-17T09:40:33.531+0000] {taskinstance.py:1382} INFO - Executing <Task(BranchPythonOperator): Check_Table> on 2023-12-17 09:40:31.955319+00:00
[2023-12-17T09:40:33.537+0000] {standard_task_runner.py:57} INFO - Started process 422 to run task
[2023-12-17T09:40:33.542+0000] {standard_task_runner.py:84} INFO - Running: ['***', 'tasks', 'run', 'air_quality', 'Check_Table', 'manual__2023-12-17T09:40:31.955319+00:00', '--job-id', '254', '--raw', '--subdir', 'DAGS_FOLDER/airQuality.py', '--cfg-path', '/tmp/tmp8okyue8f']
[2023-12-17T09:40:33.544+0000] {standard_task_runner.py:85} INFO - Job 254: Subtask Check_Table
[2023-12-17T09:40:33.608+0000] {logging_mixin.py:154} INFO - Changing /opt/***/logs/dag_id=air_quality/run_id=manual__2023-12-17T09:40:31.955319+00:00/task_id=Check_Table permission to 509
[2023-12-17T09:40:33.609+0000] {logging_mixin.py:154} INFO - Failed to change /opt/***/logs/dag_id=air_quality/run_id=manual__2023-12-17T09:40:31.955319+00:00/task_id=Check_Table permission to 509: [Errno 1] Operation not permitted: '/opt/***/logs/dag_id=air_quality/run_id=manual__2023-12-17T09:40:31.955319+00:00/task_id=Check_Table'
[2023-12-17T09:40:33.612+0000] {task_command.py:416} INFO - Running <TaskInstance: air_quality.Check_Table manual__2023-12-17T09:40:31.955319+00:00 [running]> on host 1a58977f5573
[2023-12-17T09:40:33.712+0000] {taskinstance.py:1662} INFO - Exporting env vars: AIRFLOW_CTX_DAG_OWNER='ghifari' AIRFLOW_CTX_DAG_ID='air_quality' AIRFLOW_CTX_TASK_ID='Check_Table' AIRFLOW_CTX_EXECUTION_DATE='2023-12-17T09:40:31.955319+00:00' AIRFLOW_CTX_TRY_NUMBER='1' AIRFLOW_CTX_DAG_RUN_ID='manual__2023-12-17T09:40:31.955319+00:00'
[2023-12-17T09:40:33.727+0000] {python.py:194} INFO - Done. Returned value was: None
[2023-12-17T09:40:33.728+0000] {python.py:227} INFO - Branch callable return None
[2023-12-17T09:40:33.728+0000] {skipmixin.py:173} INFO - Following branch None
[2023-12-17T09:40:33.740+0000] {taskinstance.py:1400} INFO - Marking task as SUCCESS. dag_id=air_quality, task_id=Check_Table, execution_date=20231217T094031, start_date=20231217T094033, end_date=20231217T094033
[2023-12-17T09:40:33.795+0000] {local_task_job_runner.py:228} INFO - Task exited with return code 0
[2023-12-17T09:40:33.852+0000] {taskinstance.py:2778} INFO - 0 downstream tasks scheduled from follow-on schedule check
