[2023-12-17T11:28:49.419+0000] {logging_mixin.py:154} INFO - Changing /opt/***/logs/dag_id=air_quality/run_id=manual__2023-12-17T11:28:47.692357+00:00/task_id=Extract permission to 509
[2023-12-17T11:28:49.421+0000] {logging_mixin.py:154} INFO - Failed to change /opt/***/logs/dag_id=air_quality/run_id=manual__2023-12-17T11:28:47.692357+00:00/task_id=Extract permission to 509: [Errno 1] Operation not permitted: '/opt/***/logs/dag_id=air_quality/run_id=manual__2023-12-17T11:28:47.692357+00:00/task_id=Extract'
[2023-12-17T11:28:49.457+0000] {logging_mixin.py:154} INFO - Changing /opt/***/logs/dag_id=air_quality/run_id=manual__2023-12-17T11:28:47.692357+00:00/task_id=Extract permission to 509
[2023-12-17T11:28:49.457+0000] {logging_mixin.py:154} INFO - Failed to change /opt/***/logs/dag_id=air_quality/run_id=manual__2023-12-17T11:28:47.692357+00:00/task_id=Extract permission to 509: [Errno 1] Operation not permitted: '/opt/***/logs/dag_id=air_quality/run_id=manual__2023-12-17T11:28:47.692357+00:00/task_id=Extract'
[2023-12-17T11:28:49.491+0000] {taskinstance.py:1159} INFO - Dependencies all met for dep_context=non-requeueable deps ti=<TaskInstance: air_quality.Extract manual__2023-12-17T11:28:47.692357+00:00 [queued]>
[2023-12-17T11:28:49.502+0000] {taskinstance.py:1159} INFO - Dependencies all met for dep_context=requeueable deps ti=<TaskInstance: air_quality.Extract manual__2023-12-17T11:28:47.692357+00:00 [queued]>
[2023-12-17T11:28:49.503+0000] {taskinstance.py:1361} INFO - Starting attempt 1 of 2
[2023-12-17T11:28:49.521+0000] {taskinstance.py:1382} INFO - Executing <Task(PythonOperator): Extract> on 2023-12-17 11:28:47.692357+00:00
[2023-12-17T11:28:49.526+0000] {standard_task_runner.py:57} INFO - Started process 2754 to run task
[2023-12-17T11:28:49.529+0000] {standard_task_runner.py:84} INFO - Running: ['***', 'tasks', 'run', 'air_quality', 'Extract', 'manual__2023-12-17T11:28:47.692357+00:00', '--job-id', '433', '--raw', '--subdir', 'DAGS_FOLDER/airQuality.py', '--cfg-path', '/tmp/tmpojrhc5bv']
[2023-12-17T11:28:49.531+0000] {standard_task_runner.py:85} INFO - Job 433: Subtask Extract
[2023-12-17T11:28:49.625+0000] {logging_mixin.py:154} INFO - Changing /opt/***/logs/dag_id=air_quality/run_id=manual__2023-12-17T11:28:47.692357+00:00/task_id=Extract permission to 509
[2023-12-17T11:28:49.626+0000] {logging_mixin.py:154} INFO - Failed to change /opt/***/logs/dag_id=air_quality/run_id=manual__2023-12-17T11:28:47.692357+00:00/task_id=Extract permission to 509: [Errno 1] Operation not permitted: '/opt/***/logs/dag_id=air_quality/run_id=manual__2023-12-17T11:28:47.692357+00:00/task_id=Extract'
[2023-12-17T11:28:49.631+0000] {task_command.py:416} INFO - Running <TaskInstance: air_quality.Extract manual__2023-12-17T11:28:47.692357+00:00 [running]> on host 1a58977f5573
[2023-12-17T11:28:49.836+0000] {taskinstance.py:1662} INFO - Exporting env vars: AIRFLOW_CTX_DAG_OWNER='ghifari' AIRFLOW_CTX_DAG_ID='air_quality' AIRFLOW_CTX_TASK_ID='Extract' AIRFLOW_CTX_EXECUTION_DATE='2023-12-17T11:28:47.692357+00:00' AIRFLOW_CTX_TRY_NUMBER='1' AIRFLOW_CTX_DAG_RUN_ID='manual__2023-12-17T11:28:47.692357+00:00'
[2023-12-17T11:28:50.786+0000] {python.py:194} INFO - Done. Returned value was: list index out of range
Please check key results.
[2023-12-17T11:28:50.817+0000] {taskinstance.py:1400} INFO - Marking task as SUCCESS. dag_id=air_quality, task_id=Extract, execution_date=20231217T112847, start_date=20231217T112849, end_date=20231217T112850
[2023-12-17T11:28:50.869+0000] {local_task_job_runner.py:228} INFO - Task exited with return code 0
[2023-12-17T11:28:50.910+0000] {taskinstance.py:2778} INFO - 1 downstream tasks scheduled from follow-on schedule check
