[2023-12-29T11:56:42.333+0000] {logging_mixin.py:154} INFO - Changing /opt/***/logs/dag_id=air_quality/run_id=scheduled__2023-12-28T04:00:00+00:00/task_id=Transform permission to 509
[2023-12-29T11:56:42.335+0000] {logging_mixin.py:154} INFO - Failed to change /opt/***/logs/dag_id=air_quality/run_id=scheduled__2023-12-28T04:00:00+00:00/task_id=Transform permission to 509: [Errno 1] Operation not permitted: '/opt/***/logs/dag_id=air_quality/run_id=scheduled__2023-12-28T04:00:00+00:00/task_id=Transform'
[2023-12-29T11:56:42.377+0000] {logging_mixin.py:154} INFO - Changing /opt/***/logs/dag_id=air_quality/run_id=scheduled__2023-12-28T04:00:00+00:00/task_id=Transform permission to 509
[2023-12-29T11:56:42.378+0000] {logging_mixin.py:154} INFO - Failed to change /opt/***/logs/dag_id=air_quality/run_id=scheduled__2023-12-28T04:00:00+00:00/task_id=Transform permission to 509: [Errno 1] Operation not permitted: '/opt/***/logs/dag_id=air_quality/run_id=scheduled__2023-12-28T04:00:00+00:00/task_id=Transform'
[2023-12-29T11:56:42.429+0000] {taskinstance.py:1159} INFO - Dependencies all met for dep_context=non-requeueable deps ti=<TaskInstance: air_quality.Transform scheduled__2023-12-28T04:00:00+00:00 [queued]>
[2023-12-29T11:56:42.446+0000] {taskinstance.py:1159} INFO - Dependencies all met for dep_context=requeueable deps ti=<TaskInstance: air_quality.Transform scheduled__2023-12-28T04:00:00+00:00 [queued]>
[2023-12-29T11:56:42.447+0000] {taskinstance.py:1361} INFO - Starting attempt 1 of 2
[2023-12-29T11:56:42.468+0000] {taskinstance.py:1382} INFO - Executing <Task(PythonOperator): Transform> on 2023-12-28 04:00:00+00:00
[2023-12-29T11:56:42.474+0000] {standard_task_runner.py:57} INFO - Started process 56 to run task
[2023-12-29T11:56:42.478+0000] {standard_task_runner.py:84} INFO - Running: ['***', 'tasks', 'run', 'air_quality', 'Transform', 'scheduled__2023-12-28T04:00:00+00:00', '--job-id', '1222', '--raw', '--subdir', 'DAGS_FOLDER/airQuality.py', '--cfg-path', '/tmp/tmpywywrb9o']
[2023-12-29T11:56:42.480+0000] {standard_task_runner.py:85} INFO - Job 1222: Subtask Transform
[2023-12-29T11:56:42.564+0000] {logging_mixin.py:154} INFO - Changing /opt/***/logs/dag_id=air_quality/run_id=scheduled__2023-12-28T04:00:00+00:00/task_id=Transform permission to 509
[2023-12-29T11:56:42.565+0000] {logging_mixin.py:154} INFO - Failed to change /opt/***/logs/dag_id=air_quality/run_id=scheduled__2023-12-28T04:00:00+00:00/task_id=Transform permission to 509: [Errno 1] Operation not permitted: '/opt/***/logs/dag_id=air_quality/run_id=scheduled__2023-12-28T04:00:00+00:00/task_id=Transform'
[2023-12-29T11:56:42.567+0000] {task_command.py:416} INFO - Running <TaskInstance: air_quality.Transform scheduled__2023-12-28T04:00:00+00:00 [running]> on host d67dd4682ccf
[2023-12-29T11:56:42.688+0000] {taskinstance.py:1662} INFO - Exporting env vars: AIRFLOW_CTX_DAG_OWNER='ghifari' AIRFLOW_CTX_DAG_ID='air_quality' AIRFLOW_CTX_TASK_ID='Transform' AIRFLOW_CTX_EXECUTION_DATE='2023-12-28T04:00:00+00:00' AIRFLOW_CTX_TRY_NUMBER='1' AIRFLOW_CTX_DAG_RUN_ID='scheduled__2023-12-28T04:00:00+00:00'
[2023-12-29T11:56:43.704+0000] {python.py:194} INFO - Done. Returned value was:       city country unit  last_value       lat         lng
0  Jakarta      ID   o3      -0.999 -6.182536  106.834236
[2023-12-29T11:56:43.794+0000] {taskinstance.py:1400} INFO - Marking task as SUCCESS. dag_id=air_quality, task_id=Transform, execution_date=20231228T040000, start_date=20231229T115642, end_date=20231229T115643
[2023-12-29T11:56:43.859+0000] {local_task_job_runner.py:228} INFO - Task exited with return code 0
[2023-12-29T11:56:43.983+0000] {taskinstance.py:2778} INFO - 1 downstream tasks scheduled from follow-on schedule check
