[2023-12-17T11:18:30.154+0000] {logging_mixin.py:154} INFO - Changing /opt/***/logs/dag_id=air_quality/run_id=scheduled__2023-12-07T04:00:00+00:00/task_id=Extract permission to 509
[2023-12-17T11:18:30.165+0000] {logging_mixin.py:154} INFO - Failed to change /opt/***/logs/dag_id=air_quality/run_id=scheduled__2023-12-07T04:00:00+00:00/task_id=Extract permission to 509: [Errno 1] Operation not permitted: '/opt/***/logs/dag_id=air_quality/run_id=scheduled__2023-12-07T04:00:00+00:00/task_id=Extract'
[2023-12-17T11:18:30.244+0000] {logging_mixin.py:154} INFO - Changing /opt/***/logs/dag_id=air_quality/run_id=scheduled__2023-12-07T04:00:00+00:00/task_id=Extract permission to 509
[2023-12-17T11:18:30.256+0000] {logging_mixin.py:154} INFO - Failed to change /opt/***/logs/dag_id=air_quality/run_id=scheduled__2023-12-07T04:00:00+00:00/task_id=Extract permission to 509: [Errno 1] Operation not permitted: '/opt/***/logs/dag_id=air_quality/run_id=scheduled__2023-12-07T04:00:00+00:00/task_id=Extract'
[2023-12-17T11:18:30.559+0000] {taskinstance.py:1159} INFO - Dependencies all met for dep_context=non-requeueable deps ti=<TaskInstance: air_quality.Extract scheduled__2023-12-07T04:00:00+00:00 [queued]>
[2023-12-17T11:18:30.583+0000] {taskinstance.py:1159} INFO - Dependencies all met for dep_context=requeueable deps ti=<TaskInstance: air_quality.Extract scheduled__2023-12-07T04:00:00+00:00 [queued]>
[2023-12-17T11:18:30.585+0000] {taskinstance.py:1361} INFO - Starting attempt 1 of 2
[2023-12-17T11:18:30.644+0000] {taskinstance.py:1382} INFO - Executing <Task(PythonOperator): Extract> on 2023-12-07 04:00:00+00:00
[2023-12-17T11:18:30.666+0000] {standard_task_runner.py:57} INFO - Started process 2033 to run task
[2023-12-17T11:18:30.731+0000] {standard_task_runner.py:84} INFO - Running: ['***', 'tasks', 'run', 'air_quality', 'Extract', 'scheduled__2023-12-07T04:00:00+00:00', '--job-id', '316', '--raw', '--subdir', 'DAGS_FOLDER/airQuality.py', '--cfg-path', '/tmp/tmpvkq_28me']
[2023-12-17T11:18:30.741+0000] {standard_task_runner.py:85} INFO - Job 316: Subtask Extract
[2023-12-17T11:18:30.926+0000] {logging_mixin.py:154} INFO - Changing /opt/***/logs/dag_id=air_quality/run_id=scheduled__2023-12-07T04:00:00+00:00/task_id=Extract permission to 509
[2023-12-17T11:18:30.931+0000] {logging_mixin.py:154} INFO - Failed to change /opt/***/logs/dag_id=air_quality/run_id=scheduled__2023-12-07T04:00:00+00:00/task_id=Extract permission to 509: [Errno 1] Operation not permitted: '/opt/***/logs/dag_id=air_quality/run_id=scheduled__2023-12-07T04:00:00+00:00/task_id=Extract'
[2023-12-17T11:18:30.954+0000] {task_command.py:416} INFO - Running <TaskInstance: air_quality.Extract scheduled__2023-12-07T04:00:00+00:00 [running]> on host 1a58977f5573
[2023-12-17T11:18:31.369+0000] {taskinstance.py:1662} INFO - Exporting env vars: AIRFLOW_CTX_DAG_OWNER='ghifari' AIRFLOW_CTX_DAG_ID='air_quality' AIRFLOW_CTX_TASK_ID='Extract' AIRFLOW_CTX_EXECUTION_DATE='2023-12-07T04:00:00+00:00' AIRFLOW_CTX_TRY_NUMBER='1' AIRFLOW_CTX_DAG_RUN_ID='scheduled__2023-12-07T04:00:00+00:00'
[2023-12-17T11:18:31.665+0000] {python.py:194} INFO - Done. Returned value was: {'city': ['Jakarta'], 'country': ['ID'], 'unit': ['o3'], 'last_value': [-0.999], 'lat': [-6.182536], 'lng': [106.834236]}
[2023-12-17T11:18:31.782+0000] {taskinstance.py:1400} INFO - Marking task as SUCCESS. dag_id=air_quality, task_id=Extract, execution_date=20231207T040000, start_date=20231217T111830, end_date=20231217T111831
[2023-12-17T11:18:31.858+0000] {local_task_job_runner.py:228} INFO - Task exited with return code 0
[2023-12-17T11:18:31.915+0000] {taskinstance.py:2778} INFO - 0 downstream tasks scheduled from follow-on schedule check
[2023-12-17T12:18:29.321+0000] {logging_mixin.py:154} INFO - Changing /opt/***/logs/dag_id=air_quality/run_id=scheduled__2023-12-07T04:00:00+00:00/task_id=Extract permission to 509
[2023-12-17T12:18:29.324+0000] {logging_mixin.py:154} INFO - Failed to change /opt/***/logs/dag_id=air_quality/run_id=scheduled__2023-12-07T04:00:00+00:00/task_id=Extract permission to 509: [Errno 1] Operation not permitted: '/opt/***/logs/dag_id=air_quality/run_id=scheduled__2023-12-07T04:00:00+00:00/task_id=Extract'
[2023-12-17T12:18:29.469+0000] {logging_mixin.py:154} INFO - Changing /opt/***/logs/dag_id=air_quality/run_id=scheduled__2023-12-07T04:00:00+00:00/task_id=Extract permission to 509
[2023-12-17T12:18:29.470+0000] {logging_mixin.py:154} INFO - Failed to change /opt/***/logs/dag_id=air_quality/run_id=scheduled__2023-12-07T04:00:00+00:00/task_id=Extract permission to 509: [Errno 1] Operation not permitted: '/opt/***/logs/dag_id=air_quality/run_id=scheduled__2023-12-07T04:00:00+00:00/task_id=Extract'
[2023-12-17T12:18:29.666+0000] {taskinstance.py:1159} INFO - Dependencies all met for dep_context=non-requeueable deps ti=<TaskInstance: air_quality.Extract scheduled__2023-12-07T04:00:00+00:00 [queued]>
[2023-12-17T12:18:29.688+0000] {taskinstance.py:1159} INFO - Dependencies all met for dep_context=requeueable deps ti=<TaskInstance: air_quality.Extract scheduled__2023-12-07T04:00:00+00:00 [queued]>
[2023-12-17T12:18:29.689+0000] {taskinstance.py:1361} INFO - Starting attempt 1 of 2
[2023-12-17T12:18:29.723+0000] {taskinstance.py:1382} INFO - Executing <Task(PythonOperator): Extract> on 2023-12-07 04:00:00+00:00
[2023-12-17T12:18:29.733+0000] {standard_task_runner.py:57} INFO - Started process 4243 to run task
[2023-12-17T12:18:29.739+0000] {standard_task_runner.py:84} INFO - Running: ['***', 'tasks', 'run', 'air_quality', 'Extract', 'scheduled__2023-12-07T04:00:00+00:00', '--job-id', '644', '--raw', '--subdir', 'DAGS_FOLDER/airQuality.py', '--cfg-path', '/tmp/tmpmq5522vn']
[2023-12-17T12:18:29.742+0000] {standard_task_runner.py:85} INFO - Job 644: Subtask Extract
[2023-12-17T12:18:29.862+0000] {logging_mixin.py:154} INFO - Changing /opt/***/logs/dag_id=air_quality/run_id=scheduled__2023-12-07T04:00:00+00:00/task_id=Extract permission to 509
[2023-12-17T12:18:29.863+0000] {logging_mixin.py:154} INFO - Failed to change /opt/***/logs/dag_id=air_quality/run_id=scheduled__2023-12-07T04:00:00+00:00/task_id=Extract permission to 509: [Errno 1] Operation not permitted: '/opt/***/logs/dag_id=air_quality/run_id=scheduled__2023-12-07T04:00:00+00:00/task_id=Extract'
[2023-12-17T12:18:29.867+0000] {task_command.py:416} INFO - Running <TaskInstance: air_quality.Extract scheduled__2023-12-07T04:00:00+00:00 [running]> on host 1a58977f5573
[2023-12-17T12:18:30.062+0000] {taskinstance.py:1662} INFO - Exporting env vars: AIRFLOW_CTX_DAG_OWNER='ghifari' AIRFLOW_CTX_DAG_ID='air_quality' AIRFLOW_CTX_TASK_ID='Extract' AIRFLOW_CTX_EXECUTION_DATE='2023-12-07T04:00:00+00:00' AIRFLOW_CTX_TRY_NUMBER='1' AIRFLOW_CTX_DAG_RUN_ID='scheduled__2023-12-07T04:00:00+00:00'
[2023-12-17T12:18:30.193+0000] {python.py:194} INFO - Done. Returned value was: {'city': ['Jakarta'], 'country': ['ID'], 'unit': ['pm25'], 'last_value': [-999.0], 'lat': [-6.182536], 'lng': [106.834236]}
[2023-12-17T12:18:30.261+0000] {taskinstance.py:1400} INFO - Marking task as SUCCESS. dag_id=air_quality, task_id=Extract, execution_date=20231207T040000, start_date=20231217T121829, end_date=20231217T121830
[2023-12-17T12:18:30.315+0000] {local_task_job_runner.py:228} INFO - Task exited with return code 0
[2023-12-17T12:18:30.390+0000] {taskinstance.py:2778} INFO - 1 downstream tasks scheduled from follow-on schedule check
[2023-12-28T16:51:37.190+0000] {logging_mixin.py:154} INFO - Changing /opt/***/logs/dag_id=air_quality/run_id=scheduled__2023-12-07T04:00:00+00:00/task_id=Extract permission to 509
[2023-12-28T16:51:37.196+0000] {logging_mixin.py:154} INFO - Failed to change /opt/***/logs/dag_id=air_quality/run_id=scheduled__2023-12-07T04:00:00+00:00/task_id=Extract permission to 509: [Errno 1] Operation not permitted: '/opt/***/logs/dag_id=air_quality/run_id=scheduled__2023-12-07T04:00:00+00:00/task_id=Extract'
[2023-12-28T16:51:37.301+0000] {logging_mixin.py:154} INFO - Changing /opt/***/logs/dag_id=air_quality/run_id=scheduled__2023-12-07T04:00:00+00:00/task_id=Extract permission to 509
[2023-12-28T16:51:37.303+0000] {logging_mixin.py:154} INFO - Failed to change /opt/***/logs/dag_id=air_quality/run_id=scheduled__2023-12-07T04:00:00+00:00/task_id=Extract permission to 509: [Errno 1] Operation not permitted: '/opt/***/logs/dag_id=air_quality/run_id=scheduled__2023-12-07T04:00:00+00:00/task_id=Extract'
[2023-12-28T16:51:37.460+0000] {taskinstance.py:1159} INFO - Dependencies all met for dep_context=non-requeueable deps ti=<TaskInstance: air_quality.Extract scheduled__2023-12-07T04:00:00+00:00 [queued]>
[2023-12-28T16:51:37.510+0000] {taskinstance.py:1159} INFO - Dependencies all met for dep_context=requeueable deps ti=<TaskInstance: air_quality.Extract scheduled__2023-12-07T04:00:00+00:00 [queued]>
[2023-12-28T16:51:37.516+0000] {taskinstance.py:1361} INFO - Starting attempt 1 of 2
[2023-12-28T16:51:37.586+0000] {taskinstance.py:1382} INFO - Executing <Task(PythonOperator): Extract> on 2023-12-07 04:00:00+00:00
[2023-12-28T16:51:37.594+0000] {standard_task_runner.py:57} INFO - Started process 159 to run task
[2023-12-28T16:51:37.643+0000] {standard_task_runner.py:84} INFO - Running: ['***', 'tasks', 'run', 'air_quality', 'Extract', 'scheduled__2023-12-07T04:00:00+00:00', '--job-id', '833', '--raw', '--subdir', 'DAGS_FOLDER/airQuality.py', '--cfg-path', '/tmp/tmp_f6xonkp']
[2023-12-28T16:51:37.649+0000] {standard_task_runner.py:85} INFO - Job 833: Subtask Extract
[2023-12-28T16:51:37.862+0000] {logging_mixin.py:154} INFO - Changing /opt/***/logs/dag_id=air_quality/run_id=scheduled__2023-12-07T04:00:00+00:00/task_id=Extract permission to 509
[2023-12-28T16:51:37.869+0000] {logging_mixin.py:154} INFO - Failed to change /opt/***/logs/dag_id=air_quality/run_id=scheduled__2023-12-07T04:00:00+00:00/task_id=Extract permission to 509: [Errno 1] Operation not permitted: '/opt/***/logs/dag_id=air_quality/run_id=scheduled__2023-12-07T04:00:00+00:00/task_id=Extract'
[2023-12-28T16:51:37.874+0000] {task_command.py:416} INFO - Running <TaskInstance: air_quality.Extract scheduled__2023-12-07T04:00:00+00:00 [running]> on host d67dd4682ccf
[2023-12-28T16:51:38.288+0000] {taskinstance.py:1662} INFO - Exporting env vars: AIRFLOW_CTX_DAG_OWNER='ghifari' AIRFLOW_CTX_DAG_ID='air_quality' AIRFLOW_CTX_TASK_ID='Extract' AIRFLOW_CTX_EXECUTION_DATE='2023-12-07T04:00:00+00:00' AIRFLOW_CTX_TRY_NUMBER='1' AIRFLOW_CTX_DAG_RUN_ID='scheduled__2023-12-07T04:00:00+00:00'
[2023-12-28T16:51:38.509+0000] {python.py:194} INFO - Done. Returned value was: {'city': ['Jakarta'], 'country': ['ID'], 'unit': ['o3'], 'last_value': [-0.999], 'lat': [-6.182536], 'lng': [106.834236]}
[2023-12-28T16:51:38.646+0000] {taskinstance.py:1400} INFO - Marking task as SUCCESS. dag_id=air_quality, task_id=Extract, execution_date=20231207T040000, start_date=20231228T165137, end_date=20231228T165138
[2023-12-28T16:51:38.727+0000] {local_task_job_runner.py:228} INFO - Task exited with return code 0
[2023-12-28T16:51:39.099+0000] {taskinstance.py:2778} INFO - 0 downstream tasks scheduled from follow-on schedule check
[2023-12-28T16:54:12.434+0000] {logging_mixin.py:154} INFO - Changing /opt/***/logs/dag_id=air_quality/run_id=scheduled__2023-12-07T04:00:00+00:00/task_id=Extract permission to 509
[2023-12-28T16:54:12.437+0000] {logging_mixin.py:154} INFO - Failed to change /opt/***/logs/dag_id=air_quality/run_id=scheduled__2023-12-07T04:00:00+00:00/task_id=Extract permission to 509: [Errno 1] Operation not permitted: '/opt/***/logs/dag_id=air_quality/run_id=scheduled__2023-12-07T04:00:00+00:00/task_id=Extract'
[2023-12-28T16:54:12.667+0000] {logging_mixin.py:154} INFO - Changing /opt/***/logs/dag_id=air_quality/run_id=scheduled__2023-12-07T04:00:00+00:00/task_id=Extract permission to 509
[2023-12-28T16:54:12.680+0000] {logging_mixin.py:154} INFO - Failed to change /opt/***/logs/dag_id=air_quality/run_id=scheduled__2023-12-07T04:00:00+00:00/task_id=Extract permission to 509: [Errno 1] Operation not permitted: '/opt/***/logs/dag_id=air_quality/run_id=scheduled__2023-12-07T04:00:00+00:00/task_id=Extract'
[2023-12-28T16:54:13.028+0000] {taskinstance.py:1159} INFO - Dependencies all met for dep_context=non-requeueable deps ti=<TaskInstance: air_quality.Extract scheduled__2023-12-07T04:00:00+00:00 [queued]>
[2023-12-28T16:54:13.170+0000] {taskinstance.py:1159} INFO - Dependencies all met for dep_context=requeueable deps ti=<TaskInstance: air_quality.Extract scheduled__2023-12-07T04:00:00+00:00 [queued]>
[2023-12-28T16:54:13.172+0000] {taskinstance.py:1361} INFO - Starting attempt 1 of 2
[2023-12-28T16:54:13.320+0000] {taskinstance.py:1382} INFO - Executing <Task(PythonOperator): Extract> on 2023-12-07 04:00:00+00:00
[2023-12-28T16:54:13.333+0000] {standard_task_runner.py:57} INFO - Started process 867 to run task
[2023-12-28T16:54:13.354+0000] {standard_task_runner.py:84} INFO - Running: ['***', 'tasks', 'run', 'air_quality', 'Extract', 'scheduled__2023-12-07T04:00:00+00:00', '--job-id', '1039', '--raw', '--subdir', 'DAGS_FOLDER/airQuality.py', '--cfg-path', '/tmp/tmphuv7oe53']
[2023-12-28T16:54:13.359+0000] {standard_task_runner.py:85} INFO - Job 1039: Subtask Extract
[2023-12-28T16:54:13.744+0000] {logging_mixin.py:154} INFO - Changing /opt/***/logs/dag_id=air_quality/run_id=scheduled__2023-12-07T04:00:00+00:00/task_id=Extract permission to 509
[2023-12-28T16:54:13.751+0000] {logging_mixin.py:154} INFO - Failed to change /opt/***/logs/dag_id=air_quality/run_id=scheduled__2023-12-07T04:00:00+00:00/task_id=Extract permission to 509: [Errno 1] Operation not permitted: '/opt/***/logs/dag_id=air_quality/run_id=scheduled__2023-12-07T04:00:00+00:00/task_id=Extract'
[2023-12-28T16:54:13.758+0000] {task_command.py:416} INFO - Running <TaskInstance: air_quality.Extract scheduled__2023-12-07T04:00:00+00:00 [running]> on host d67dd4682ccf
[2023-12-28T16:54:14.237+0000] {taskinstance.py:1662} INFO - Exporting env vars: AIRFLOW_CTX_DAG_OWNER='ghifari' AIRFLOW_CTX_DAG_ID='air_quality' AIRFLOW_CTX_TASK_ID='Extract' AIRFLOW_CTX_EXECUTION_DATE='2023-12-07T04:00:00+00:00' AIRFLOW_CTX_TRY_NUMBER='1' AIRFLOW_CTX_DAG_RUN_ID='scheduled__2023-12-07T04:00:00+00:00'
[2023-12-28T16:54:14.467+0000] {python.py:194} INFO - Done. Returned value was: {'city': ['Jakarta'], 'country': ['ID'], 'unit': ['o3'], 'last_value': [-0.999], 'lat': [-6.182536], 'lng': [106.834236]}
[2023-12-28T16:54:14.632+0000] {taskinstance.py:1400} INFO - Marking task as SUCCESS. dag_id=air_quality, task_id=Extract, execution_date=20231207T040000, start_date=20231228T165413, end_date=20231228T165414
[2023-12-28T16:54:14.750+0000] {local_task_job_runner.py:228} INFO - Task exited with return code 0
[2023-12-28T16:54:14.885+0000] {taskinstance.py:2778} INFO - 1 downstream tasks scheduled from follow-on schedule check
