[2023-12-17T11:19:11.062+0000] {logging_mixin.py:154} INFO - Changing /opt/***/logs/dag_id=air_quality/run_id=scheduled__2023-12-11T04:00:00+00:00/task_id=Create_Table permission to 509
[2023-12-17T11:19:11.065+0000] {logging_mixin.py:154} INFO - Failed to change /opt/***/logs/dag_id=air_quality/run_id=scheduled__2023-12-11T04:00:00+00:00/task_id=Create_Table permission to 509: [Errno 1] Operation not permitted: '/opt/***/logs/dag_id=air_quality/run_id=scheduled__2023-12-11T04:00:00+00:00/task_id=Create_Table'
[2023-12-17T11:19:11.140+0000] {logging_mixin.py:154} INFO - Changing /opt/***/logs/dag_id=air_quality/run_id=scheduled__2023-12-11T04:00:00+00:00/task_id=Create_Table permission to 509
[2023-12-17T11:19:11.142+0000] {logging_mixin.py:154} INFO - Failed to change /opt/***/logs/dag_id=air_quality/run_id=scheduled__2023-12-11T04:00:00+00:00/task_id=Create_Table permission to 509: [Errno 1] Operation not permitted: '/opt/***/logs/dag_id=air_quality/run_id=scheduled__2023-12-11T04:00:00+00:00/task_id=Create_Table'
[2023-12-17T11:19:11.219+0000] {taskinstance.py:1159} INFO - Dependencies all met for dep_context=non-requeueable deps ti=<TaskInstance: air_quality.Create_Table scheduled__2023-12-11T04:00:00+00:00 [queued]>
[2023-12-17T11:19:11.247+0000] {taskinstance.py:1159} INFO - Dependencies all met for dep_context=requeueable deps ti=<TaskInstance: air_quality.Create_Table scheduled__2023-12-11T04:00:00+00:00 [queued]>
[2023-12-17T11:19:11.255+0000] {taskinstance.py:1361} INFO - Starting attempt 1 of 2
[2023-12-17T11:19:11.304+0000] {taskinstance.py:1382} INFO - Executing <Task(PythonOperator): Create_Table> on 2023-12-11 04:00:00+00:00
[2023-12-17T11:19:11.329+0000] {standard_task_runner.py:57} INFO - Started process 2446 to run task
[2023-12-17T11:19:11.347+0000] {standard_task_runner.py:84} INFO - Running: ['***', 'tasks', 'run', 'air_quality', 'Create_Table', 'scheduled__2023-12-11T04:00:00+00:00', '--job-id', '405', '--raw', '--subdir', 'DAGS_FOLDER/airQuality.py', '--cfg-path', '/tmp/tmpdiygqulz']
[2023-12-17T11:19:11.367+0000] {standard_task_runner.py:85} INFO - Job 405: Subtask Create_Table
[2023-12-17T11:19:11.467+0000] {logging_mixin.py:154} INFO - Changing /opt/***/logs/dag_id=air_quality/run_id=scheduled__2023-12-11T04:00:00+00:00/task_id=Create_Table permission to 509
[2023-12-17T11:19:11.468+0000] {logging_mixin.py:154} INFO - Failed to change /opt/***/logs/dag_id=air_quality/run_id=scheduled__2023-12-11T04:00:00+00:00/task_id=Create_Table permission to 509: [Errno 1] Operation not permitted: '/opt/***/logs/dag_id=air_quality/run_id=scheduled__2023-12-11T04:00:00+00:00/task_id=Create_Table'
[2023-12-17T11:19:11.472+0000] {task_command.py:416} INFO - Running <TaskInstance: air_quality.Create_Table scheduled__2023-12-11T04:00:00+00:00 [running]> on host 1a58977f5573
[2023-12-17T11:19:11.707+0000] {taskinstance.py:1662} INFO - Exporting env vars: AIRFLOW_CTX_DAG_OWNER='ghifari' AIRFLOW_CTX_DAG_ID='air_quality' AIRFLOW_CTX_TASK_ID='Create_Table' AIRFLOW_CTX_EXECUTION_DATE='2023-12-11T04:00:00+00:00' AIRFLOW_CTX_TRY_NUMBER='1' AIRFLOW_CTX_DAG_RUN_ID='scheduled__2023-12-11T04:00:00+00:00'
[2023-12-17T11:19:11.743+0000] {base.py:73} INFO - Using connection ID 'neonServerDB-Postgres' for task execution.
[2023-12-17T11:19:13.164+0000] {airQuality.py:160} INFO - Table air_quality Already Exist
[2023-12-17T11:19:13.248+0000] {python.py:194} INFO - Done. Returned value was: 
        CREATE TABLE air_quality (
            id serial primary key, 
            city varchar(250),
            country varchar(250), 
            unit varchar(20), 
            last_value float8, 
            lat float8,
            lng float8
        )
    
[2023-12-17T11:19:13.297+0000] {taskinstance.py:1400} INFO - Marking task as SUCCESS. dag_id=air_quality, task_id=Create_Table, execution_date=20231211T040000, start_date=20231217T111911, end_date=20231217T111913
[2023-12-17T11:19:13.379+0000] {local_task_job_runner.py:228} INFO - Task exited with return code 0
[2023-12-17T11:19:13.444+0000] {taskinstance.py:2778} INFO - 1 downstream tasks scheduled from follow-on schedule check
[2023-12-17T12:18:19.878+0000] {logging_mixin.py:154} INFO - Changing /opt/***/logs/dag_id=air_quality/run_id=scheduled__2023-12-11T04:00:00+00:00/task_id=Create_Table permission to 509
[2023-12-17T12:18:19.881+0000] {logging_mixin.py:154} INFO - Failed to change /opt/***/logs/dag_id=air_quality/run_id=scheduled__2023-12-11T04:00:00+00:00/task_id=Create_Table permission to 509: [Errno 1] Operation not permitted: '/opt/***/logs/dag_id=air_quality/run_id=scheduled__2023-12-11T04:00:00+00:00/task_id=Create_Table'
[2023-12-17T12:18:20.049+0000] {logging_mixin.py:154} INFO - Changing /opt/***/logs/dag_id=air_quality/run_id=scheduled__2023-12-11T04:00:00+00:00/task_id=Create_Table permission to 509
[2023-12-17T12:18:20.051+0000] {logging_mixin.py:154} INFO - Failed to change /opt/***/logs/dag_id=air_quality/run_id=scheduled__2023-12-11T04:00:00+00:00/task_id=Create_Table permission to 509: [Errno 1] Operation not permitted: '/opt/***/logs/dag_id=air_quality/run_id=scheduled__2023-12-11T04:00:00+00:00/task_id=Create_Table'
[2023-12-17T12:18:20.189+0000] {taskinstance.py:1159} INFO - Dependencies all met for dep_context=non-requeueable deps ti=<TaskInstance: air_quality.Create_Table scheduled__2023-12-11T04:00:00+00:00 [queued]>
[2023-12-17T12:18:20.215+0000] {taskinstance.py:1159} INFO - Dependencies all met for dep_context=requeueable deps ti=<TaskInstance: air_quality.Create_Table scheduled__2023-12-11T04:00:00+00:00 [queued]>
[2023-12-17T12:18:20.216+0000] {taskinstance.py:1361} INFO - Starting attempt 1 of 2
[2023-12-17T12:18:20.273+0000] {taskinstance.py:1382} INFO - Executing <Task(PythonOperator): Create_Table> on 2023-12-11 04:00:00+00:00
[2023-12-17T12:18:20.283+0000] {standard_task_runner.py:57} INFO - Started process 4156 to run task
[2023-12-17T12:18:20.309+0000] {standard_task_runner.py:84} INFO - Running: ['***', 'tasks', 'run', 'air_quality', 'Create_Table', 'scheduled__2023-12-11T04:00:00+00:00', '--job-id', '620', '--raw', '--subdir', 'DAGS_FOLDER/airQuality.py', '--cfg-path', '/tmp/tmpm8wr9hs0']
[2023-12-17T12:18:20.311+0000] {standard_task_runner.py:85} INFO - Job 620: Subtask Create_Table
[2023-12-17T12:18:20.441+0000] {logging_mixin.py:154} INFO - Changing /opt/***/logs/dag_id=air_quality/run_id=scheduled__2023-12-11T04:00:00+00:00/task_id=Create_Table permission to 509
[2023-12-17T12:18:20.442+0000] {logging_mixin.py:154} INFO - Failed to change /opt/***/logs/dag_id=air_quality/run_id=scheduled__2023-12-11T04:00:00+00:00/task_id=Create_Table permission to 509: [Errno 1] Operation not permitted: '/opt/***/logs/dag_id=air_quality/run_id=scheduled__2023-12-11T04:00:00+00:00/task_id=Create_Table'
[2023-12-17T12:18:20.447+0000] {task_command.py:416} INFO - Running <TaskInstance: air_quality.Create_Table scheduled__2023-12-11T04:00:00+00:00 [running]> on host 1a58977f5573
[2023-12-17T12:18:20.710+0000] {taskinstance.py:1662} INFO - Exporting env vars: AIRFLOW_CTX_DAG_OWNER='ghifari' AIRFLOW_CTX_DAG_ID='air_quality' AIRFLOW_CTX_TASK_ID='Create_Table' AIRFLOW_CTX_EXECUTION_DATE='2023-12-11T04:00:00+00:00' AIRFLOW_CTX_TRY_NUMBER='1' AIRFLOW_CTX_DAG_RUN_ID='scheduled__2023-12-11T04:00:00+00:00'
[2023-12-17T12:18:20.736+0000] {base.py:73} INFO - Using connection ID 'neonServerDB-Postgres' for task execution.
[2023-12-17T12:18:21.232+0000] {airQuality.py:161} INFO - Table air_quality Already Exist
[2023-12-17T12:18:21.267+0000] {python.py:194} INFO - Done. Returned value was: 
        CREATE TABLE air_quality (
            id serial primary key, 
            city varchar(250),
            country varchar(250), 
            unit varchar(20), 
            last_value float8, 
            lat float8,
            lng float8
        )
    
[2023-12-17T12:18:21.360+0000] {taskinstance.py:1400} INFO - Marking task as SUCCESS. dag_id=air_quality, task_id=Create_Table, execution_date=20231211T040000, start_date=20231217T121820, end_date=20231217T121821
[2023-12-17T12:18:21.426+0000] {local_task_job_runner.py:228} INFO - Task exited with return code 0
[2023-12-17T12:18:21.518+0000] {taskinstance.py:2778} INFO - 1 downstream tasks scheduled from follow-on schedule check
[2023-12-17T12:18:53.594+0000] {logging_mixin.py:154} INFO - Changing /opt/***/logs/dag_id=air_quality/run_id=scheduled__2023-12-11T04:00:00+00:00/task_id=Create_Table permission to 509
[2023-12-17T12:18:53.597+0000] {logging_mixin.py:154} INFO - Failed to change /opt/***/logs/dag_id=air_quality/run_id=scheduled__2023-12-11T04:00:00+00:00/task_id=Create_Table permission to 509: [Errno 1] Operation not permitted: '/opt/***/logs/dag_id=air_quality/run_id=scheduled__2023-12-11T04:00:00+00:00/task_id=Create_Table'
[2023-12-17T12:18:53.688+0000] {logging_mixin.py:154} INFO - Changing /opt/***/logs/dag_id=air_quality/run_id=scheduled__2023-12-11T04:00:00+00:00/task_id=Create_Table permission to 509
[2023-12-17T12:18:53.689+0000] {logging_mixin.py:154} INFO - Failed to change /opt/***/logs/dag_id=air_quality/run_id=scheduled__2023-12-11T04:00:00+00:00/task_id=Create_Table permission to 509: [Errno 1] Operation not permitted: '/opt/***/logs/dag_id=air_quality/run_id=scheduled__2023-12-11T04:00:00+00:00/task_id=Create_Table'
[2023-12-17T12:18:53.759+0000] {taskinstance.py:1159} INFO - Dependencies all met for dep_context=non-requeueable deps ti=<TaskInstance: air_quality.Create_Table scheduled__2023-12-11T04:00:00+00:00 [queued]>
[2023-12-17T12:18:53.807+0000] {taskinstance.py:1159} INFO - Dependencies all met for dep_context=requeueable deps ti=<TaskInstance: air_quality.Create_Table scheduled__2023-12-11T04:00:00+00:00 [queued]>
[2023-12-17T12:18:53.808+0000] {taskinstance.py:1361} INFO - Starting attempt 1 of 2
[2023-12-17T12:18:53.925+0000] {taskinstance.py:1382} INFO - Executing <Task(PythonOperator): Create_Table> on 2023-12-11 04:00:00+00:00
[2023-12-17T12:18:53.935+0000] {standard_task_runner.py:57} INFO - Started process 4474 to run task
[2023-12-17T12:18:53.941+0000] {standard_task_runner.py:84} INFO - Running: ['***', 'tasks', 'run', 'air_quality', 'Create_Table', 'scheduled__2023-12-11T04:00:00+00:00', '--job-id', '686', '--raw', '--subdir', 'DAGS_FOLDER/airQuality.py', '--cfg-path', '/tmp/tmpjqv67492']
[2023-12-17T12:18:53.943+0000] {standard_task_runner.py:85} INFO - Job 686: Subtask Create_Table
[2023-12-17T12:18:54.034+0000] {logging_mixin.py:154} INFO - Changing /opt/***/logs/dag_id=air_quality/run_id=scheduled__2023-12-11T04:00:00+00:00/task_id=Create_Table permission to 509
[2023-12-17T12:18:54.036+0000] {logging_mixin.py:154} INFO - Failed to change /opt/***/logs/dag_id=air_quality/run_id=scheduled__2023-12-11T04:00:00+00:00/task_id=Create_Table permission to 509: [Errno 1] Operation not permitted: '/opt/***/logs/dag_id=air_quality/run_id=scheduled__2023-12-11T04:00:00+00:00/task_id=Create_Table'
[2023-12-17T12:18:54.039+0000] {task_command.py:416} INFO - Running <TaskInstance: air_quality.Create_Table scheduled__2023-12-11T04:00:00+00:00 [running]> on host 1a58977f5573
[2023-12-17T12:18:54.197+0000] {taskinstance.py:1662} INFO - Exporting env vars: AIRFLOW_CTX_DAG_OWNER='ghifari' AIRFLOW_CTX_DAG_ID='air_quality' AIRFLOW_CTX_TASK_ID='Create_Table' AIRFLOW_CTX_EXECUTION_DATE='2023-12-11T04:00:00+00:00' AIRFLOW_CTX_TRY_NUMBER='1' AIRFLOW_CTX_DAG_RUN_ID='scheduled__2023-12-11T04:00:00+00:00'
[2023-12-17T12:18:54.212+0000] {base.py:73} INFO - Using connection ID 'neonServerDB-Postgres' for task execution.
[2023-12-17T12:18:54.758+0000] {airQuality.py:161} INFO - Table air_quality Already Exist
[2023-12-17T12:18:54.780+0000] {python.py:194} INFO - Done. Returned value was: 
        CREATE TABLE air_quality (
            id serial primary key, 
            city varchar(250),
            country varchar(250), 
            unit varchar(20), 
            last_value float8, 
            lat float8,
            lng float8
        )
    
[2023-12-17T12:18:54.811+0000] {taskinstance.py:1400} INFO - Marking task as SUCCESS. dag_id=air_quality, task_id=Create_Table, execution_date=20231211T040000, start_date=20231217T121853, end_date=20231217T121854
[2023-12-17T12:18:54.876+0000] {local_task_job_runner.py:228} INFO - Task exited with return code 0
[2023-12-17T12:18:54.915+0000] {taskinstance.py:2778} INFO - 1 downstream tasks scheduled from follow-on schedule check
[2023-12-28T16:55:01.564+0000] {logging_mixin.py:154} INFO - Changing /opt/***/logs/dag_id=air_quality/run_id=scheduled__2023-12-11T04:00:00+00:00/task_id=Create_Table permission to 509
[2023-12-28T16:55:01.568+0000] {logging_mixin.py:154} INFO - Failed to change /opt/***/logs/dag_id=air_quality/run_id=scheduled__2023-12-11T04:00:00+00:00/task_id=Create_Table permission to 509: [Errno 1] Operation not permitted: '/opt/***/logs/dag_id=air_quality/run_id=scheduled__2023-12-11T04:00:00+00:00/task_id=Create_Table'
[2023-12-28T16:55:01.781+0000] {logging_mixin.py:154} INFO - Changing /opt/***/logs/dag_id=air_quality/run_id=scheduled__2023-12-11T04:00:00+00:00/task_id=Create_Table permission to 509
[2023-12-28T16:55:01.783+0000] {logging_mixin.py:154} INFO - Failed to change /opt/***/logs/dag_id=air_quality/run_id=scheduled__2023-12-11T04:00:00+00:00/task_id=Create_Table permission to 509: [Errno 1] Operation not permitted: '/opt/***/logs/dag_id=air_quality/run_id=scheduled__2023-12-11T04:00:00+00:00/task_id=Create_Table'
[2023-12-28T16:55:01.951+0000] {taskinstance.py:1159} INFO - Dependencies all met for dep_context=non-requeueable deps ti=<TaskInstance: air_quality.Create_Table scheduled__2023-12-11T04:00:00+00:00 [queued]>
[2023-12-28T16:55:02.010+0000] {taskinstance.py:1159} INFO - Dependencies all met for dep_context=requeueable deps ti=<TaskInstance: air_quality.Create_Table scheduled__2023-12-11T04:00:00+00:00 [queued]>
[2023-12-28T16:55:02.016+0000] {taskinstance.py:1361} INFO - Starting attempt 1 of 2
[2023-12-28T16:55:02.602+0000] {taskinstance.py:1382} INFO - Executing <Task(PythonOperator): Create_Table> on 2023-12-11 04:00:00+00:00
[2023-12-28T16:55:02.613+0000] {standard_task_runner.py:57} INFO - Started process 1276 to run task
[2023-12-28T16:55:02.629+0000] {standard_task_runner.py:84} INFO - Running: ['***', 'tasks', 'run', 'air_quality', 'Create_Table', 'scheduled__2023-12-11T04:00:00+00:00', '--job-id', '1135', '--raw', '--subdir', 'DAGS_FOLDER/airQuality.py', '--cfg-path', '/tmp/tmpk8vqo604']
[2023-12-28T16:55:02.644+0000] {standard_task_runner.py:85} INFO - Job 1135: Subtask Create_Table
[2023-12-28T16:55:03.039+0000] {logging_mixin.py:154} INFO - Changing /opt/***/logs/dag_id=air_quality/run_id=scheduled__2023-12-11T04:00:00+00:00/task_id=Create_Table permission to 509
[2023-12-28T16:55:03.054+0000] {logging_mixin.py:154} INFO - Failed to change /opt/***/logs/dag_id=air_quality/run_id=scheduled__2023-12-11T04:00:00+00:00/task_id=Create_Table permission to 509: [Errno 1] Operation not permitted: '/opt/***/logs/dag_id=air_quality/run_id=scheduled__2023-12-11T04:00:00+00:00/task_id=Create_Table'
[2023-12-28T16:55:03.121+0000] {task_command.py:416} INFO - Running <TaskInstance: air_quality.Create_Table scheduled__2023-12-11T04:00:00+00:00 [running]> on host d67dd4682ccf
[2023-12-28T16:55:03.587+0000] {taskinstance.py:1662} INFO - Exporting env vars: AIRFLOW_CTX_DAG_OWNER='ghifari' AIRFLOW_CTX_DAG_ID='air_quality' AIRFLOW_CTX_TASK_ID='Create_Table' AIRFLOW_CTX_EXECUTION_DATE='2023-12-11T04:00:00+00:00' AIRFLOW_CTX_TRY_NUMBER='1' AIRFLOW_CTX_DAG_RUN_ID='scheduled__2023-12-11T04:00:00+00:00'
[2023-12-28T16:55:03.622+0000] {base.py:73} INFO - Using connection ID 'neonServerDB-Postgres' for task execution.
[2023-12-28T16:55:07.980+0000] {airQuality.py:139} INFO - Table air_quality Already Exist
[2023-12-28T16:55:08.071+0000] {python.py:194} INFO - Done. Returned value was: 
        CREATE TABLE air_quality (
            id serial primary key, 
            city varchar(250),
            country varchar(250), 
            unit varchar(20), 
            last_value float8, 
            lat float8,
            lng float8
        )
    
[2023-12-28T16:55:08.257+0000] {taskinstance.py:1400} INFO - Marking task as SUCCESS. dag_id=air_quality, task_id=Create_Table, execution_date=20231211T040000, start_date=20231228T165501, end_date=20231228T165508
[2023-12-28T16:55:08.406+0000] {local_task_job_runner.py:228} INFO - Task exited with return code 0
[2023-12-28T16:55:08.516+0000] {taskinstance.py:2778} INFO - 1 downstream tasks scheduled from follow-on schedule check
