[2023-12-28T16:08:45.204+0000] {logging_mixin.py:154} INFO - Changing /opt/***/logs/dag_id=air_quality/run_id=scheduled__2023-12-17T04:00:00+00:00/task_id=Check_Response permission to 509
[2023-12-28T16:08:45.210+0000] {logging_mixin.py:154} INFO - Failed to change /opt/***/logs/dag_id=air_quality/run_id=scheduled__2023-12-17T04:00:00+00:00/task_id=Check_Response permission to 509: [Errno 1] Operation not permitted: '/opt/***/logs/dag_id=air_quality/run_id=scheduled__2023-12-17T04:00:00+00:00/task_id=Check_Response'
[2023-12-28T16:08:45.307+0000] {logging_mixin.py:154} INFO - Changing /opt/***/logs/dag_id=air_quality/run_id=scheduled__2023-12-17T04:00:00+00:00/task_id=Check_Response permission to 509
[2023-12-28T16:08:45.310+0000] {logging_mixin.py:154} INFO - Failed to change /opt/***/logs/dag_id=air_quality/run_id=scheduled__2023-12-17T04:00:00+00:00/task_id=Check_Response permission to 509: [Errno 1] Operation not permitted: '/opt/***/logs/dag_id=air_quality/run_id=scheduled__2023-12-17T04:00:00+00:00/task_id=Check_Response'
[2023-12-28T16:08:45.390+0000] {taskinstance.py:1159} INFO - Dependencies all met for dep_context=non-requeueable deps ti=<TaskInstance: air_quality.Check_Response scheduled__2023-12-17T04:00:00+00:00 [queued]>
[2023-12-28T16:08:45.436+0000] {taskinstance.py:1159} INFO - Dependencies all met for dep_context=requeueable deps ti=<TaskInstance: air_quality.Check_Response scheduled__2023-12-17T04:00:00+00:00 [queued]>
[2023-12-28T16:08:45.438+0000] {taskinstance.py:1361} INFO - Starting attempt 1 of 2
[2023-12-28T16:08:45.508+0000] {taskinstance.py:1382} INFO - Executing <Task(BranchPythonOperator): Check_Response> on 2023-12-17 04:00:00+00:00
[2023-12-28T16:08:45.518+0000] {standard_task_runner.py:57} INFO - Started process 480 to run task
[2023-12-28T16:08:45.534+0000] {standard_task_runner.py:84} INFO - Running: ['***', 'tasks', 'run', 'air_quality', 'Check_Response', 'scheduled__2023-12-17T04:00:00+00:00', '--job-id', '737', '--raw', '--subdir', 'DAGS_FOLDER/airQuality.py', '--cfg-path', '/tmp/tmpn2to_9kn']
[2023-12-28T16:08:45.539+0000] {standard_task_runner.py:85} INFO - Job 737: Subtask Check_Response
[2023-12-28T16:08:45.745+0000] {logging_mixin.py:154} INFO - Changing /opt/***/logs/dag_id=air_quality/run_id=scheduled__2023-12-17T04:00:00+00:00/task_id=Check_Response permission to 509
[2023-12-28T16:08:45.746+0000] {logging_mixin.py:154} INFO - Failed to change /opt/***/logs/dag_id=air_quality/run_id=scheduled__2023-12-17T04:00:00+00:00/task_id=Check_Response permission to 509: [Errno 1] Operation not permitted: '/opt/***/logs/dag_id=air_quality/run_id=scheduled__2023-12-17T04:00:00+00:00/task_id=Check_Response'
[2023-12-28T16:08:45.758+0000] {task_command.py:416} INFO - Running <TaskInstance: air_quality.Check_Response scheduled__2023-12-17T04:00:00+00:00 [running]> on host d67dd4682ccf
[2023-12-28T16:08:46.003+0000] {taskinstance.py:1662} INFO - Exporting env vars: AIRFLOW_CTX_DAG_OWNER='ghifari' AIRFLOW_CTX_DAG_ID='air_quality' AIRFLOW_CTX_TASK_ID='Check_Response' AIRFLOW_CTX_EXECUTION_DATE='2023-12-17T04:00:00+00:00' AIRFLOW_CTX_TRY_NUMBER='1' AIRFLOW_CTX_DAG_RUN_ID='scheduled__2023-12-17T04:00:00+00:00'
[2023-12-28T16:08:46.033+0000] {airQuality.py:90} INFO - Data Found: {'city': ['Jakarta'], 'country': ['ID'], 'unit': ['pm25'], 'last_value': [-999.0], 'lat': [-6.182536], 'lng': [106.834236]}
[2023-12-28T16:08:46.038+0000] {python.py:194} INFO - Done. Returned value was: Transform
[2023-12-28T16:08:46.039+0000] {python.py:227} INFO - Branch callable return Transform
[2023-12-28T16:08:46.041+0000] {skipmixin.py:173} INFO - Following branch Transform
[2023-12-28T16:08:46.075+0000] {skipmixin.py:239} INFO - Skipping tasks [('Error_Response', -1)]
[2023-12-28T16:08:46.236+0000] {taskinstance.py:1400} INFO - Marking task as SUCCESS. dag_id=air_quality, task_id=Check_Response, execution_date=20231217T040000, start_date=20231228T160845, end_date=20231228T160846
[2023-12-28T16:08:46.320+0000] {local_task_job_runner.py:228} INFO - Task exited with return code 0
[2023-12-28T16:08:46.481+0000] {taskinstance.py:2778} INFO - 1 downstream tasks scheduled from follow-on schedule check
[2023-12-28T16:51:54.421+0000] {logging_mixin.py:154} INFO - Changing /opt/***/logs/dag_id=air_quality/run_id=scheduled__2023-12-17T04:00:00+00:00/task_id=Check_Response permission to 509
[2023-12-28T16:51:54.424+0000] {logging_mixin.py:154} INFO - Failed to change /opt/***/logs/dag_id=air_quality/run_id=scheduled__2023-12-17T04:00:00+00:00/task_id=Check_Response permission to 509: [Errno 1] Operation not permitted: '/opt/***/logs/dag_id=air_quality/run_id=scheduled__2023-12-17T04:00:00+00:00/task_id=Check_Response'
[2023-12-28T16:51:54.584+0000] {logging_mixin.py:154} INFO - Changing /opt/***/logs/dag_id=air_quality/run_id=scheduled__2023-12-17T04:00:00+00:00/task_id=Check_Response permission to 509
[2023-12-28T16:51:54.585+0000] {logging_mixin.py:154} INFO - Failed to change /opt/***/logs/dag_id=air_quality/run_id=scheduled__2023-12-17T04:00:00+00:00/task_id=Check_Response permission to 509: [Errno 1] Operation not permitted: '/opt/***/logs/dag_id=air_quality/run_id=scheduled__2023-12-17T04:00:00+00:00/task_id=Check_Response'
[2023-12-28T16:51:54.721+0000] {taskinstance.py:1159} INFO - Dependencies all met for dep_context=non-requeueable deps ti=<TaskInstance: air_quality.Check_Response scheduled__2023-12-17T04:00:00+00:00 [queued]>
[2023-12-28T16:51:54.788+0000] {taskinstance.py:1159} INFO - Dependencies all met for dep_context=requeueable deps ti=<TaskInstance: air_quality.Check_Response scheduled__2023-12-17T04:00:00+00:00 [queued]>
[2023-12-28T16:51:54.789+0000] {taskinstance.py:1361} INFO - Starting attempt 1 of 2
[2023-12-28T16:51:54.907+0000] {taskinstance.py:1382} INFO - Executing <Task(BranchPythonOperator): Check_Response> on 2023-12-17 04:00:00+00:00
[2023-12-28T16:51:54.919+0000] {standard_task_runner.py:57} INFO - Started process 257 to run task
[2023-12-28T16:51:54.985+0000] {standard_task_runner.py:84} INFO - Running: ['***', 'tasks', 'run', 'air_quality', 'Check_Response', 'scheduled__2023-12-17T04:00:00+00:00', '--job-id', '876', '--raw', '--subdir', 'DAGS_FOLDER/airQuality.py', '--cfg-path', '/tmp/tmpoeh9gol1']
[2023-12-28T16:51:54.991+0000] {standard_task_runner.py:85} INFO - Job 876: Subtask Check_Response
[2023-12-28T16:51:55.348+0000] {logging_mixin.py:154} INFO - Changing /opt/***/logs/dag_id=air_quality/run_id=scheduled__2023-12-17T04:00:00+00:00/task_id=Check_Response permission to 509
[2023-12-28T16:51:55.355+0000] {logging_mixin.py:154} INFO - Failed to change /opt/***/logs/dag_id=air_quality/run_id=scheduled__2023-12-17T04:00:00+00:00/task_id=Check_Response permission to 509: [Errno 1] Operation not permitted: '/opt/***/logs/dag_id=air_quality/run_id=scheduled__2023-12-17T04:00:00+00:00/task_id=Check_Response'
[2023-12-28T16:51:55.363+0000] {task_command.py:416} INFO - Running <TaskInstance: air_quality.Check_Response scheduled__2023-12-17T04:00:00+00:00 [running]> on host d67dd4682ccf
[2023-12-28T16:51:55.753+0000] {taskinstance.py:1662} INFO - Exporting env vars: AIRFLOW_CTX_DAG_OWNER='ghifari' AIRFLOW_CTX_DAG_ID='air_quality' AIRFLOW_CTX_TASK_ID='Check_Response' AIRFLOW_CTX_EXECUTION_DATE='2023-12-17T04:00:00+00:00' AIRFLOW_CTX_TRY_NUMBER='1' AIRFLOW_CTX_DAG_RUN_ID='scheduled__2023-12-17T04:00:00+00:00'
[2023-12-28T16:51:55.810+0000] {airQuality.py:90} INFO - Data Found: {'city': ['Jakarta'], 'country': ['ID'], 'unit': ['o3'], 'last_value': [-0.999], 'lat': [-6.182536], 'lng': [106.834236]}
[2023-12-28T16:51:55.821+0000] {python.py:194} INFO - Done. Returned value was: Transform
[2023-12-28T16:51:55.826+0000] {python.py:227} INFO - Branch callable return Transform
[2023-12-28T16:51:55.831+0000] {skipmixin.py:173} INFO - Following branch Transform
[2023-12-28T16:51:55.976+0000] {skipmixin.py:239} INFO - Skipping tasks [('Error_Response', -1)]
[2023-12-28T16:51:56.462+0000] {taskinstance.py:1400} INFO - Marking task as SUCCESS. dag_id=air_quality, task_id=Check_Response, execution_date=20231217T040000, start_date=20231228T165154, end_date=20231228T165156
[2023-12-28T16:51:56.629+0000] {local_task_job_runner.py:228} INFO - Task exited with return code 0
[2023-12-28T16:51:56.907+0000] {taskinstance.py:2778} INFO - 1 downstream tasks scheduled from follow-on schedule check
[2023-12-28T16:52:25.712+0000] {logging_mixin.py:154} INFO - Changing /opt/***/logs/dag_id=air_quality/run_id=scheduled__2023-12-17T04:00:00+00:00/task_id=Check_Response permission to 509
[2023-12-28T16:52:25.715+0000] {logging_mixin.py:154} INFO - Failed to change /opt/***/logs/dag_id=air_quality/run_id=scheduled__2023-12-17T04:00:00+00:00/task_id=Check_Response permission to 509: [Errno 1] Operation not permitted: '/opt/***/logs/dag_id=air_quality/run_id=scheduled__2023-12-17T04:00:00+00:00/task_id=Check_Response'
[2023-12-28T16:52:25.823+0000] {logging_mixin.py:154} INFO - Changing /opt/***/logs/dag_id=air_quality/run_id=scheduled__2023-12-17T04:00:00+00:00/task_id=Check_Response permission to 509
[2023-12-28T16:52:25.824+0000] {logging_mixin.py:154} INFO - Failed to change /opt/***/logs/dag_id=air_quality/run_id=scheduled__2023-12-17T04:00:00+00:00/task_id=Check_Response permission to 509: [Errno 1] Operation not permitted: '/opt/***/logs/dag_id=air_quality/run_id=scheduled__2023-12-17T04:00:00+00:00/task_id=Check_Response'
[2023-12-28T16:52:25.915+0000] {taskinstance.py:1159} INFO - Dependencies all met for dep_context=non-requeueable deps ti=<TaskInstance: air_quality.Check_Response scheduled__2023-12-17T04:00:00+00:00 [queued]>
[2023-12-28T16:52:25.942+0000] {taskinstance.py:1159} INFO - Dependencies all met for dep_context=requeueable deps ti=<TaskInstance: air_quality.Check_Response scheduled__2023-12-17T04:00:00+00:00 [queued]>
[2023-12-28T16:52:25.944+0000] {taskinstance.py:1361} INFO - Starting attempt 1 of 2
[2023-12-28T16:52:26.095+0000] {taskinstance.py:1382} INFO - Executing <Task(BranchPythonOperator): Check_Response> on 2023-12-17 04:00:00+00:00
[2023-12-28T16:52:26.104+0000] {standard_task_runner.py:57} INFO - Started process 534 to run task
[2023-12-28T16:52:26.115+0000] {standard_task_runner.py:84} INFO - Running: ['***', 'tasks', 'run', 'air_quality', 'Check_Response', 'scheduled__2023-12-17T04:00:00+00:00', '--job-id', '951', '--raw', '--subdir', 'DAGS_FOLDER/airQuality.py', '--cfg-path', '/tmp/tmpqpvv3arz']
[2023-12-28T16:52:26.129+0000] {standard_task_runner.py:85} INFO - Job 951: Subtask Check_Response
[2023-12-28T16:52:26.317+0000] {logging_mixin.py:154} INFO - Changing /opt/***/logs/dag_id=air_quality/run_id=scheduled__2023-12-17T04:00:00+00:00/task_id=Check_Response permission to 509
[2023-12-28T16:52:26.318+0000] {logging_mixin.py:154} INFO - Failed to change /opt/***/logs/dag_id=air_quality/run_id=scheduled__2023-12-17T04:00:00+00:00/task_id=Check_Response permission to 509: [Errno 1] Operation not permitted: '/opt/***/logs/dag_id=air_quality/run_id=scheduled__2023-12-17T04:00:00+00:00/task_id=Check_Response'
[2023-12-28T16:52:26.322+0000] {task_command.py:416} INFO - Running <TaskInstance: air_quality.Check_Response scheduled__2023-12-17T04:00:00+00:00 [running]> on host d67dd4682ccf
[2023-12-28T16:52:26.618+0000] {taskinstance.py:1662} INFO - Exporting env vars: AIRFLOW_CTX_DAG_OWNER='ghifari' AIRFLOW_CTX_DAG_ID='air_quality' AIRFLOW_CTX_TASK_ID='Check_Response' AIRFLOW_CTX_EXECUTION_DATE='2023-12-17T04:00:00+00:00' AIRFLOW_CTX_TRY_NUMBER='1' AIRFLOW_CTX_DAG_RUN_ID='scheduled__2023-12-17T04:00:00+00:00'
[2023-12-28T16:52:26.657+0000] {airQuality.py:90} INFO - Data Found: {'city': ['Jakarta'], 'country': ['ID'], 'unit': ['o3'], 'last_value': [-0.999], 'lat': [-6.182536], 'lng': [106.834236]}
[2023-12-28T16:52:26.658+0000] {python.py:194} INFO - Done. Returned value was: Transform
[2023-12-28T16:52:26.659+0000] {python.py:227} INFO - Branch callable return Transform
[2023-12-28T16:52:26.660+0000] {skipmixin.py:173} INFO - Following branch Transform
[2023-12-28T16:52:26.710+0000] {skipmixin.py:239} INFO - Skipping tasks [('Error_Response', -1)]
[2023-12-28T16:52:26.860+0000] {taskinstance.py:1400} INFO - Marking task as SUCCESS. dag_id=air_quality, task_id=Check_Response, execution_date=20231217T040000, start_date=20231228T165225, end_date=20231228T165226
[2023-12-28T16:52:26.943+0000] {local_task_job_runner.py:228} INFO - Task exited with return code 0
[2023-12-28T16:52:27.051+0000] {taskinstance.py:2778} INFO - 1 downstream tasks scheduled from follow-on schedule check
[2023-12-28T16:54:56.745+0000] {logging_mixin.py:154} INFO - Changing /opt/***/logs/dag_id=air_quality/run_id=scheduled__2023-12-17T04:00:00+00:00/task_id=Check_Response permission to 509
[2023-12-28T16:54:56.773+0000] {logging_mixin.py:154} INFO - Failed to change /opt/***/logs/dag_id=air_quality/run_id=scheduled__2023-12-17T04:00:00+00:00/task_id=Check_Response permission to 509: [Errno 1] Operation not permitted: '/opt/***/logs/dag_id=air_quality/run_id=scheduled__2023-12-17T04:00:00+00:00/task_id=Check_Response'
[2023-12-28T16:54:57.089+0000] {logging_mixin.py:154} INFO - Changing /opt/***/logs/dag_id=air_quality/run_id=scheduled__2023-12-17T04:00:00+00:00/task_id=Check_Response permission to 509
[2023-12-28T16:54:57.093+0000] {logging_mixin.py:154} INFO - Failed to change /opt/***/logs/dag_id=air_quality/run_id=scheduled__2023-12-17T04:00:00+00:00/task_id=Check_Response permission to 509: [Errno 1] Operation not permitted: '/opt/***/logs/dag_id=air_quality/run_id=scheduled__2023-12-17T04:00:00+00:00/task_id=Check_Response'
[2023-12-28T16:54:57.336+0000] {taskinstance.py:1159} INFO - Dependencies all met for dep_context=non-requeueable deps ti=<TaskInstance: air_quality.Check_Response scheduled__2023-12-17T04:00:00+00:00 [queued]>
[2023-12-28T16:54:57.500+0000] {taskinstance.py:1159} INFO - Dependencies all met for dep_context=requeueable deps ti=<TaskInstance: air_quality.Check_Response scheduled__2023-12-17T04:00:00+00:00 [queued]>
[2023-12-28T16:54:57.511+0000] {taskinstance.py:1361} INFO - Starting attempt 1 of 2
[2023-12-28T16:54:57.639+0000] {taskinstance.py:1382} INFO - Executing <Task(BranchPythonOperator): Check_Response> on 2023-12-17 04:00:00+00:00
[2023-12-28T16:54:57.698+0000] {standard_task_runner.py:57} INFO - Started process 1254 to run task
[2023-12-28T16:54:57.762+0000] {standard_task_runner.py:84} INFO - Running: ['***', 'tasks', 'run', 'air_quality', 'Check_Response', 'scheduled__2023-12-17T04:00:00+00:00', '--job-id', '1126', '--raw', '--subdir', 'DAGS_FOLDER/airQuality.py', '--cfg-path', '/tmp/tmpwzzu76dw']
[2023-12-28T16:54:57.806+0000] {standard_task_runner.py:85} INFO - Job 1126: Subtask Check_Response
[2023-12-28T16:54:58.110+0000] {logging_mixin.py:154} INFO - Changing /opt/***/logs/dag_id=air_quality/run_id=scheduled__2023-12-17T04:00:00+00:00/task_id=Check_Response permission to 509
[2023-12-28T16:54:58.111+0000] {logging_mixin.py:154} INFO - Failed to change /opt/***/logs/dag_id=air_quality/run_id=scheduled__2023-12-17T04:00:00+00:00/task_id=Check_Response permission to 509: [Errno 1] Operation not permitted: '/opt/***/logs/dag_id=air_quality/run_id=scheduled__2023-12-17T04:00:00+00:00/task_id=Check_Response'
[2023-12-28T16:54:58.118+0000] {task_command.py:416} INFO - Running <TaskInstance: air_quality.Check_Response scheduled__2023-12-17T04:00:00+00:00 [running]> on host d67dd4682ccf
[2023-12-28T16:54:58.794+0000] {taskinstance.py:1662} INFO - Exporting env vars: AIRFLOW_CTX_DAG_OWNER='ghifari' AIRFLOW_CTX_DAG_ID='air_quality' AIRFLOW_CTX_TASK_ID='Check_Response' AIRFLOW_CTX_EXECUTION_DATE='2023-12-17T04:00:00+00:00' AIRFLOW_CTX_TRY_NUMBER='1' AIRFLOW_CTX_DAG_RUN_ID='scheduled__2023-12-17T04:00:00+00:00'
[2023-12-28T16:54:58.877+0000] {airQuality.py:90} INFO - Data Found: {'city': ['Jakarta'], 'country': ['ID'], 'unit': ['o3'], 'last_value': [-0.999], 'lat': [-6.182536], 'lng': [106.834236]}
[2023-12-28T16:54:58.885+0000] {python.py:194} INFO - Done. Returned value was: Transform
[2023-12-28T16:54:58.893+0000] {python.py:227} INFO - Branch callable return Transform
[2023-12-28T16:54:58.894+0000] {skipmixin.py:173} INFO - Following branch Transform
[2023-12-28T16:54:58.995+0000] {skipmixin.py:239} INFO - Skipping tasks [('Error_Response', -1)]
[2023-12-28T16:54:59.274+0000] {taskinstance.py:1400} INFO - Marking task as SUCCESS. dag_id=air_quality, task_id=Check_Response, execution_date=20231217T040000, start_date=20231228T165457, end_date=20231228T165459
[2023-12-28T16:54:59.408+0000] {local_task_job_runner.py:228} INFO - Task exited with return code 0
[2023-12-28T16:54:59.686+0000] {taskinstance.py:2778} INFO - 1 downstream tasks scheduled from follow-on schedule check
