[2023-12-28T16:08:51.255+0000] {logging_mixin.py:154} INFO - Changing /opt/***/logs/dag_id=air_quality/run_id=scheduled__2023-12-25T04:00:00+00:00/task_id=Check_Response permission to 509
[2023-12-28T16:08:51.260+0000] {logging_mixin.py:154} INFO - Failed to change /opt/***/logs/dag_id=air_quality/run_id=scheduled__2023-12-25T04:00:00+00:00/task_id=Check_Response permission to 509: [Errno 1] Operation not permitted: '/opt/***/logs/dag_id=air_quality/run_id=scheduled__2023-12-25T04:00:00+00:00/task_id=Check_Response'
[2023-12-28T16:08:51.374+0000] {logging_mixin.py:154} INFO - Changing /opt/***/logs/dag_id=air_quality/run_id=scheduled__2023-12-25T04:00:00+00:00/task_id=Check_Response permission to 509
[2023-12-28T16:08:51.381+0000] {logging_mixin.py:154} INFO - Failed to change /opt/***/logs/dag_id=air_quality/run_id=scheduled__2023-12-25T04:00:00+00:00/task_id=Check_Response permission to 509: [Errno 1] Operation not permitted: '/opt/***/logs/dag_id=air_quality/run_id=scheduled__2023-12-25T04:00:00+00:00/task_id=Check_Response'
[2023-12-28T16:08:51.504+0000] {taskinstance.py:1159} INFO - Dependencies all met for dep_context=non-requeueable deps ti=<TaskInstance: air_quality.Check_Response scheduled__2023-12-25T04:00:00+00:00 [queued]>
[2023-12-28T16:08:51.579+0000] {taskinstance.py:1159} INFO - Dependencies all met for dep_context=requeueable deps ti=<TaskInstance: air_quality.Check_Response scheduled__2023-12-25T04:00:00+00:00 [queued]>
[2023-12-28T16:08:51.586+0000] {taskinstance.py:1361} INFO - Starting attempt 1 of 2
[2023-12-28T16:08:51.675+0000] {taskinstance.py:1382} INFO - Executing <Task(BranchPythonOperator): Check_Response> on 2023-12-25 04:00:00+00:00
[2023-12-28T16:08:51.690+0000] {standard_task_runner.py:57} INFO - Started process 513 to run task
[2023-12-28T16:08:51.705+0000] {standard_task_runner.py:84} INFO - Running: ['***', 'tasks', 'run', 'air_quality', 'Check_Response', 'scheduled__2023-12-25T04:00:00+00:00', '--job-id', '749', '--raw', '--subdir', 'DAGS_FOLDER/airQuality.py', '--cfg-path', '/tmp/tmpy2ysht22']
[2023-12-28T16:08:51.718+0000] {standard_task_runner.py:85} INFO - Job 749: Subtask Check_Response
[2023-12-28T16:08:51.954+0000] {logging_mixin.py:154} INFO - Changing /opt/***/logs/dag_id=air_quality/run_id=scheduled__2023-12-25T04:00:00+00:00/task_id=Check_Response permission to 509
[2023-12-28T16:08:51.957+0000] {logging_mixin.py:154} INFO - Failed to change /opt/***/logs/dag_id=air_quality/run_id=scheduled__2023-12-25T04:00:00+00:00/task_id=Check_Response permission to 509: [Errno 1] Operation not permitted: '/opt/***/logs/dag_id=air_quality/run_id=scheduled__2023-12-25T04:00:00+00:00/task_id=Check_Response'
[2023-12-28T16:08:51.970+0000] {task_command.py:416} INFO - Running <TaskInstance: air_quality.Check_Response scheduled__2023-12-25T04:00:00+00:00 [running]> on host d67dd4682ccf
[2023-12-28T16:08:52.389+0000] {taskinstance.py:1662} INFO - Exporting env vars: AIRFLOW_CTX_DAG_OWNER='ghifari' AIRFLOW_CTX_DAG_ID='air_quality' AIRFLOW_CTX_TASK_ID='Check_Response' AIRFLOW_CTX_EXECUTION_DATE='2023-12-25T04:00:00+00:00' AIRFLOW_CTX_TRY_NUMBER='1' AIRFLOW_CTX_DAG_RUN_ID='scheduled__2023-12-25T04:00:00+00:00'
[2023-12-28T16:08:52.476+0000] {airQuality.py:90} INFO - Data Found: {'city': ['Jakarta'], 'country': ['ID'], 'unit': ['pm25'], 'last_value': [-999.0], 'lat': [-6.182536], 'lng': [106.834236]}
[2023-12-28T16:08:52.477+0000] {python.py:194} INFO - Done. Returned value was: Transform
[2023-12-28T16:08:52.478+0000] {python.py:227} INFO - Branch callable return Transform
[2023-12-28T16:08:52.479+0000] {skipmixin.py:173} INFO - Following branch Transform
[2023-12-28T16:08:52.528+0000] {skipmixin.py:239} INFO - Skipping tasks [('Error_Response', -1)]
[2023-12-28T16:08:52.817+0000] {taskinstance.py:1400} INFO - Marking task as SUCCESS. dag_id=air_quality, task_id=Check_Response, execution_date=20231225T040000, start_date=20231228T160851, end_date=20231228T160852
[2023-12-28T16:08:52.924+0000] {local_task_job_runner.py:228} INFO - Task exited with return code 0
[2023-12-28T16:08:53.109+0000] {taskinstance.py:2778} INFO - 1 downstream tasks scheduled from follow-on schedule check
[2023-12-28T16:52:06.085+0000] {logging_mixin.py:154} INFO - Changing /opt/***/logs/dag_id=air_quality/run_id=scheduled__2023-12-25T04:00:00+00:00/task_id=Check_Response permission to 509
[2023-12-28T16:52:06.089+0000] {logging_mixin.py:154} INFO - Failed to change /opt/***/logs/dag_id=air_quality/run_id=scheduled__2023-12-25T04:00:00+00:00/task_id=Check_Response permission to 509: [Errno 1] Operation not permitted: '/opt/***/logs/dag_id=air_quality/run_id=scheduled__2023-12-25T04:00:00+00:00/task_id=Check_Response'
[2023-12-28T16:52:06.197+0000] {logging_mixin.py:154} INFO - Changing /opt/***/logs/dag_id=air_quality/run_id=scheduled__2023-12-25T04:00:00+00:00/task_id=Check_Response permission to 509
[2023-12-28T16:52:06.204+0000] {logging_mixin.py:154} INFO - Failed to change /opt/***/logs/dag_id=air_quality/run_id=scheduled__2023-12-25T04:00:00+00:00/task_id=Check_Response permission to 509: [Errno 1] Operation not permitted: '/opt/***/logs/dag_id=air_quality/run_id=scheduled__2023-12-25T04:00:00+00:00/task_id=Check_Response'
[2023-12-28T16:52:06.432+0000] {taskinstance.py:1159} INFO - Dependencies all met for dep_context=non-requeueable deps ti=<TaskInstance: air_quality.Check_Response scheduled__2023-12-25T04:00:00+00:00 [queued]>
[2023-12-28T16:52:06.468+0000] {taskinstance.py:1159} INFO - Dependencies all met for dep_context=requeueable deps ti=<TaskInstance: air_quality.Check_Response scheduled__2023-12-25T04:00:00+00:00 [queued]>
[2023-12-28T16:52:06.469+0000] {taskinstance.py:1361} INFO - Starting attempt 1 of 2
[2023-12-28T16:52:06.555+0000] {taskinstance.py:1382} INFO - Executing <Task(BranchPythonOperator): Check_Response> on 2023-12-25 04:00:00+00:00
[2023-12-28T16:52:06.570+0000] {standard_task_runner.py:57} INFO - Started process 321 to run task
[2023-12-28T16:52:06.593+0000] {standard_task_runner.py:84} INFO - Running: ['***', 'tasks', 'run', 'air_quality', 'Check_Response', 'scheduled__2023-12-25T04:00:00+00:00', '--job-id', '903', '--raw', '--subdir', 'DAGS_FOLDER/airQuality.py', '--cfg-path', '/tmp/tmp4mz_9p8s']
[2023-12-28T16:52:06.596+0000] {standard_task_runner.py:85} INFO - Job 903: Subtask Check_Response
[2023-12-28T16:52:06.857+0000] {logging_mixin.py:154} INFO - Changing /opt/***/logs/dag_id=air_quality/run_id=scheduled__2023-12-25T04:00:00+00:00/task_id=Check_Response permission to 509
[2023-12-28T16:52:06.859+0000] {logging_mixin.py:154} INFO - Failed to change /opt/***/logs/dag_id=air_quality/run_id=scheduled__2023-12-25T04:00:00+00:00/task_id=Check_Response permission to 509: [Errno 1] Operation not permitted: '/opt/***/logs/dag_id=air_quality/run_id=scheduled__2023-12-25T04:00:00+00:00/task_id=Check_Response'
[2023-12-28T16:52:06.884+0000] {task_command.py:416} INFO - Running <TaskInstance: air_quality.Check_Response scheduled__2023-12-25T04:00:00+00:00 [running]> on host d67dd4682ccf
[2023-12-28T16:52:07.482+0000] {taskinstance.py:1662} INFO - Exporting env vars: AIRFLOW_CTX_DAG_OWNER='ghifari' AIRFLOW_CTX_DAG_ID='air_quality' AIRFLOW_CTX_TASK_ID='Check_Response' AIRFLOW_CTX_EXECUTION_DATE='2023-12-25T04:00:00+00:00' AIRFLOW_CTX_TRY_NUMBER='1' AIRFLOW_CTX_DAG_RUN_ID='scheduled__2023-12-25T04:00:00+00:00'
[2023-12-28T16:52:07.633+0000] {airQuality.py:90} INFO - Data Found: {'city': ['Jakarta'], 'country': ['ID'], 'unit': ['o3'], 'last_value': [-0.999], 'lat': [-6.182536], 'lng': [106.834236]}
[2023-12-28T16:52:07.644+0000] {python.py:194} INFO - Done. Returned value was: Transform
[2023-12-28T16:52:07.645+0000] {python.py:227} INFO - Branch callable return Transform
[2023-12-28T16:52:07.647+0000] {skipmixin.py:173} INFO - Following branch Transform
[2023-12-28T16:52:07.759+0000] {skipmixin.py:239} INFO - Skipping tasks [('Error_Response', -1)]
[2023-12-28T16:52:07.970+0000] {taskinstance.py:1400} INFO - Marking task as SUCCESS. dag_id=air_quality, task_id=Check_Response, execution_date=20231225T040000, start_date=20231228T165206, end_date=20231228T165207
[2023-12-28T16:52:08.123+0000] {local_task_job_runner.py:228} INFO - Task exited with return code 0
[2023-12-28T16:52:09.146+0000] {taskinstance.py:2778} INFO - 0 downstream tasks scheduled from follow-on schedule check
[2023-12-28T16:52:36.328+0000] {logging_mixin.py:154} INFO - Changing /opt/***/logs/dag_id=air_quality/run_id=scheduled__2023-12-25T04:00:00+00:00/task_id=Check_Response permission to 509
[2023-12-28T16:52:36.331+0000] {logging_mixin.py:154} INFO - Failed to change /opt/***/logs/dag_id=air_quality/run_id=scheduled__2023-12-25T04:00:00+00:00/task_id=Check_Response permission to 509: [Errno 1] Operation not permitted: '/opt/***/logs/dag_id=air_quality/run_id=scheduled__2023-12-25T04:00:00+00:00/task_id=Check_Response'
[2023-12-28T16:52:36.475+0000] {logging_mixin.py:154} INFO - Changing /opt/***/logs/dag_id=air_quality/run_id=scheduled__2023-12-25T04:00:00+00:00/task_id=Check_Response permission to 509
[2023-12-28T16:52:36.476+0000] {logging_mixin.py:154} INFO - Failed to change /opt/***/logs/dag_id=air_quality/run_id=scheduled__2023-12-25T04:00:00+00:00/task_id=Check_Response permission to 509: [Errno 1] Operation not permitted: '/opt/***/logs/dag_id=air_quality/run_id=scheduled__2023-12-25T04:00:00+00:00/task_id=Check_Response'
[2023-12-28T16:52:36.665+0000] {taskinstance.py:1159} INFO - Dependencies all met for dep_context=non-requeueable deps ti=<TaskInstance: air_quality.Check_Response scheduled__2023-12-25T04:00:00+00:00 [queued]>
[2023-12-28T16:52:36.713+0000] {taskinstance.py:1159} INFO - Dependencies all met for dep_context=requeueable deps ti=<TaskInstance: air_quality.Check_Response scheduled__2023-12-25T04:00:00+00:00 [queued]>
[2023-12-28T16:52:36.716+0000] {taskinstance.py:1361} INFO - Starting attempt 1 of 2
[2023-12-28T16:52:36.800+0000] {taskinstance.py:1382} INFO - Executing <Task(BranchPythonOperator): Check_Response> on 2023-12-25 04:00:00+00:00
[2023-12-28T16:52:36.809+0000] {standard_task_runner.py:57} INFO - Started process 625 to run task
[2023-12-28T16:52:36.820+0000] {standard_task_runner.py:84} INFO - Running: ['***', 'tasks', 'run', 'air_quality', 'Check_Response', 'scheduled__2023-12-25T04:00:00+00:00', '--job-id', '964', '--raw', '--subdir', 'DAGS_FOLDER/airQuality.py', '--cfg-path', '/tmp/tmpyg82utg5']
[2023-12-28T16:52:36.823+0000] {standard_task_runner.py:85} INFO - Job 964: Subtask Check_Response
[2023-12-28T16:52:37.064+0000] {logging_mixin.py:154} INFO - Changing /opt/***/logs/dag_id=air_quality/run_id=scheduled__2023-12-25T04:00:00+00:00/task_id=Check_Response permission to 509
[2023-12-28T16:52:37.065+0000] {logging_mixin.py:154} INFO - Failed to change /opt/***/logs/dag_id=air_quality/run_id=scheduled__2023-12-25T04:00:00+00:00/task_id=Check_Response permission to 509: [Errno 1] Operation not permitted: '/opt/***/logs/dag_id=air_quality/run_id=scheduled__2023-12-25T04:00:00+00:00/task_id=Check_Response'
[2023-12-28T16:52:37.070+0000] {task_command.py:416} INFO - Running <TaskInstance: air_quality.Check_Response scheduled__2023-12-25T04:00:00+00:00 [running]> on host d67dd4682ccf
[2023-12-28T16:52:37.446+0000] {taskinstance.py:1662} INFO - Exporting env vars: AIRFLOW_CTX_DAG_OWNER='ghifari' AIRFLOW_CTX_DAG_ID='air_quality' AIRFLOW_CTX_TASK_ID='Check_Response' AIRFLOW_CTX_EXECUTION_DATE='2023-12-25T04:00:00+00:00' AIRFLOW_CTX_TRY_NUMBER='1' AIRFLOW_CTX_DAG_RUN_ID='scheduled__2023-12-25T04:00:00+00:00'
[2023-12-28T16:52:37.499+0000] {airQuality.py:90} INFO - Data Found: {'city': ['Jakarta'], 'country': ['ID'], 'unit': ['o3'], 'last_value': [-0.999], 'lat': [-6.182536], 'lng': [106.834236]}
[2023-12-28T16:52:37.504+0000] {python.py:194} INFO - Done. Returned value was: Transform
[2023-12-28T16:52:37.509+0000] {python.py:227} INFO - Branch callable return Transform
[2023-12-28T16:52:37.511+0000] {skipmixin.py:173} INFO - Following branch Transform
[2023-12-28T16:52:37.591+0000] {skipmixin.py:239} INFO - Skipping tasks [('Error_Response', -1)]
[2023-12-28T16:52:37.798+0000] {taskinstance.py:1400} INFO - Marking task as SUCCESS. dag_id=air_quality, task_id=Check_Response, execution_date=20231225T040000, start_date=20231228T165236, end_date=20231228T165237
[2023-12-28T16:52:37.897+0000] {local_task_job_runner.py:228} INFO - Task exited with return code 0
[2023-12-28T16:52:38.044+0000] {taskinstance.py:2778} INFO - 1 downstream tasks scheduled from follow-on schedule check
[2023-12-28T16:55:33.825+0000] {logging_mixin.py:154} INFO - Changing /opt/***/logs/dag_id=air_quality/run_id=scheduled__2023-12-25T04:00:00+00:00/task_id=Check_Response permission to 509
[2023-12-28T16:55:33.829+0000] {logging_mixin.py:154} INFO - Failed to change /opt/***/logs/dag_id=air_quality/run_id=scheduled__2023-12-25T04:00:00+00:00/task_id=Check_Response permission to 509: [Errno 1] Operation not permitted: '/opt/***/logs/dag_id=air_quality/run_id=scheduled__2023-12-25T04:00:00+00:00/task_id=Check_Response'
[2023-12-28T16:55:33.965+0000] {logging_mixin.py:154} INFO - Changing /opt/***/logs/dag_id=air_quality/run_id=scheduled__2023-12-25T04:00:00+00:00/task_id=Check_Response permission to 509
[2023-12-28T16:55:33.968+0000] {logging_mixin.py:154} INFO - Failed to change /opt/***/logs/dag_id=air_quality/run_id=scheduled__2023-12-25T04:00:00+00:00/task_id=Check_Response permission to 509: [Errno 1] Operation not permitted: '/opt/***/logs/dag_id=air_quality/run_id=scheduled__2023-12-25T04:00:00+00:00/task_id=Check_Response'
[2023-12-28T16:55:34.122+0000] {taskinstance.py:1159} INFO - Dependencies all met for dep_context=non-requeueable deps ti=<TaskInstance: air_quality.Check_Response scheduled__2023-12-25T04:00:00+00:00 [queued]>
[2023-12-28T16:55:34.167+0000] {taskinstance.py:1159} INFO - Dependencies all met for dep_context=requeueable deps ti=<TaskInstance: air_quality.Check_Response scheduled__2023-12-25T04:00:00+00:00 [queued]>
[2023-12-28T16:55:34.174+0000] {taskinstance.py:1361} INFO - Starting attempt 1 of 2
[2023-12-28T16:55:34.228+0000] {taskinstance.py:1382} INFO - Executing <Task(BranchPythonOperator): Check_Response> on 2023-12-25 04:00:00+00:00
[2023-12-28T16:55:34.238+0000] {standard_task_runner.py:57} INFO - Started process 1590 to run task
[2023-12-28T16:55:34.245+0000] {standard_task_runner.py:84} INFO - Running: ['***', 'tasks', 'run', 'air_quality', 'Check_Response', 'scheduled__2023-12-25T04:00:00+00:00', '--job-id', '1191', '--raw', '--subdir', 'DAGS_FOLDER/airQuality.py', '--cfg-path', '/tmp/tmphvuimroe']
[2023-12-28T16:55:34.248+0000] {standard_task_runner.py:85} INFO - Job 1191: Subtask Check_Response
[2023-12-28T16:55:34.486+0000] {logging_mixin.py:154} INFO - Changing /opt/***/logs/dag_id=air_quality/run_id=scheduled__2023-12-25T04:00:00+00:00/task_id=Check_Response permission to 509
[2023-12-28T16:55:34.491+0000] {logging_mixin.py:154} INFO - Failed to change /opt/***/logs/dag_id=air_quality/run_id=scheduled__2023-12-25T04:00:00+00:00/task_id=Check_Response permission to 509: [Errno 1] Operation not permitted: '/opt/***/logs/dag_id=air_quality/run_id=scheduled__2023-12-25T04:00:00+00:00/task_id=Check_Response'
[2023-12-28T16:55:34.502+0000] {task_command.py:416} INFO - Running <TaskInstance: air_quality.Check_Response scheduled__2023-12-25T04:00:00+00:00 [running]> on host d67dd4682ccf
[2023-12-28T16:55:34.918+0000] {taskinstance.py:1662} INFO - Exporting env vars: AIRFLOW_CTX_DAG_OWNER='ghifari' AIRFLOW_CTX_DAG_ID='air_quality' AIRFLOW_CTX_TASK_ID='Check_Response' AIRFLOW_CTX_EXECUTION_DATE='2023-12-25T04:00:00+00:00' AIRFLOW_CTX_TRY_NUMBER='1' AIRFLOW_CTX_DAG_RUN_ID='scheduled__2023-12-25T04:00:00+00:00'
[2023-12-28T16:55:34.961+0000] {airQuality.py:90} INFO - Data Found: {'city': ['Jakarta'], 'country': ['ID'], 'unit': ['o3'], 'last_value': [-0.999], 'lat': [-6.182536], 'lng': [106.834236]}
[2023-12-28T16:55:34.967+0000] {python.py:194} INFO - Done. Returned value was: Transform
[2023-12-28T16:55:34.968+0000] {python.py:227} INFO - Branch callable return Transform
[2023-12-28T16:55:34.973+0000] {skipmixin.py:173} INFO - Following branch Transform
[2023-12-28T16:55:35.021+0000] {skipmixin.py:239} INFO - Skipping tasks [('Error_Response', -1)]
[2023-12-28T16:55:35.135+0000] {taskinstance.py:1400} INFO - Marking task as SUCCESS. dag_id=air_quality, task_id=Check_Response, execution_date=20231225T040000, start_date=20231228T165534, end_date=20231228T165535
[2023-12-28T16:55:35.199+0000] {local_task_job_runner.py:228} INFO - Task exited with return code 0
[2023-12-28T16:55:35.308+0000] {taskinstance.py:2778} INFO - 1 downstream tasks scheduled from follow-on schedule check
