[2023-12-28T16:52:24.700+0000] {logging_mixin.py:154} INFO - Changing /opt/***/logs/dag_id=air_quality/run_id=scheduled__2023-12-23T04:00:00+00:00/task_id=Insert_Data permission to 509
[2023-12-28T16:52:24.709+0000] {logging_mixin.py:154} INFO - Failed to change /opt/***/logs/dag_id=air_quality/run_id=scheduled__2023-12-23T04:00:00+00:00/task_id=Insert_Data permission to 509: [Errno 1] Operation not permitted: '/opt/***/logs/dag_id=air_quality/run_id=scheduled__2023-12-23T04:00:00+00:00/task_id=Insert_Data'
[2023-12-28T16:52:24.810+0000] {logging_mixin.py:154} INFO - Changing /opt/***/logs/dag_id=air_quality/run_id=scheduled__2023-12-23T04:00:00+00:00/task_id=Insert_Data permission to 509
[2023-12-28T16:52:24.811+0000] {logging_mixin.py:154} INFO - Failed to change /opt/***/logs/dag_id=air_quality/run_id=scheduled__2023-12-23T04:00:00+00:00/task_id=Insert_Data permission to 509: [Errno 1] Operation not permitted: '/opt/***/logs/dag_id=air_quality/run_id=scheduled__2023-12-23T04:00:00+00:00/task_id=Insert_Data'
[2023-12-28T16:52:24.915+0000] {taskinstance.py:1159} INFO - Dependencies all met for dep_context=non-requeueable deps ti=<TaskInstance: air_quality.Insert_Data scheduled__2023-12-23T04:00:00+00:00 [queued]>
[2023-12-28T16:52:24.947+0000] {taskinstance.py:1159} INFO - Dependencies all met for dep_context=requeueable deps ti=<TaskInstance: air_quality.Insert_Data scheduled__2023-12-23T04:00:00+00:00 [queued]>
[2023-12-28T16:52:24.948+0000] {taskinstance.py:1361} INFO - Starting attempt 1 of 2
[2023-12-28T16:52:25.008+0000] {taskinstance.py:1382} INFO - Executing <Task(PythonOperator): Insert_Data> on 2023-12-23 04:00:00+00:00
[2023-12-28T16:52:25.024+0000] {standard_task_runner.py:57} INFO - Started process 524 to run task
[2023-12-28T16:52:25.034+0000] {standard_task_runner.py:84} INFO - Running: ['***', 'tasks', 'run', 'air_quality', 'Insert_Data', 'scheduled__2023-12-23T04:00:00+00:00', '--job-id', '947', '--raw', '--subdir', 'DAGS_FOLDER/airQuality.py', '--cfg-path', '/tmp/tmpr7pcptfs']
[2023-12-28T16:52:25.040+0000] {standard_task_runner.py:85} INFO - Job 947: Subtask Insert_Data
[2023-12-28T16:52:25.283+0000] {logging_mixin.py:154} INFO - Changing /opt/***/logs/dag_id=air_quality/run_id=scheduled__2023-12-23T04:00:00+00:00/task_id=Insert_Data permission to 509
[2023-12-28T16:52:25.285+0000] {logging_mixin.py:154} INFO - Failed to change /opt/***/logs/dag_id=air_quality/run_id=scheduled__2023-12-23T04:00:00+00:00/task_id=Insert_Data permission to 509: [Errno 1] Operation not permitted: '/opt/***/logs/dag_id=air_quality/run_id=scheduled__2023-12-23T04:00:00+00:00/task_id=Insert_Data'
[2023-12-28T16:52:25.291+0000] {task_command.py:416} INFO - Running <TaskInstance: air_quality.Insert_Data scheduled__2023-12-23T04:00:00+00:00 [running]> on host d67dd4682ccf
[2023-12-28T16:52:25.564+0000] {taskinstance.py:1662} INFO - Exporting env vars: AIRFLOW_CTX_DAG_OWNER='ghifari' AIRFLOW_CTX_DAG_ID='air_quality' AIRFLOW_CTX_TASK_ID='Insert_Data' AIRFLOW_CTX_EXECUTION_DATE='2023-12-23T04:00:00+00:00' AIRFLOW_CTX_TRY_NUMBER='1' AIRFLOW_CTX_DAG_RUN_ID='scheduled__2023-12-23T04:00:00+00:00'
[2023-12-28T16:52:27.031+0000] {logging_mixin.py:154} INFO - city           object
country        object
unit           object
last_value    float64
lat           float64
lng           float64
dtype: object
[2023-12-28T16:52:27.059+0000] {base.py:73} INFO - Using connection ID 'neonServerDB-Postgres' for task execution.
[2023-12-28T16:52:28.442+0000] {python.py:194} INFO - Done. Returned value was: None
[2023-12-28T16:52:28.572+0000] {taskinstance.py:1400} INFO - Marking task as SUCCESS. dag_id=air_quality, task_id=Insert_Data, execution_date=20231223T040000, start_date=20231228T165224, end_date=20231228T165228
[2023-12-28T16:52:28.812+0000] {local_task_job_runner.py:228} INFO - Task exited with return code 0
[2023-12-28T16:52:28.935+0000] {taskinstance.py:2778} INFO - 0 downstream tasks scheduled from follow-on schedule check
[2023-12-28T16:55:43.392+0000] {logging_mixin.py:154} INFO - Changing /opt/***/logs/dag_id=air_quality/run_id=scheduled__2023-12-23T04:00:00+00:00/task_id=Insert_Data permission to 509
[2023-12-28T16:55:43.394+0000] {logging_mixin.py:154} INFO - Failed to change /opt/***/logs/dag_id=air_quality/run_id=scheduled__2023-12-23T04:00:00+00:00/task_id=Insert_Data permission to 509: [Errno 1] Operation not permitted: '/opt/***/logs/dag_id=air_quality/run_id=scheduled__2023-12-23T04:00:00+00:00/task_id=Insert_Data'
[2023-12-28T16:55:43.431+0000] {logging_mixin.py:154} INFO - Changing /opt/***/logs/dag_id=air_quality/run_id=scheduled__2023-12-23T04:00:00+00:00/task_id=Insert_Data permission to 509
[2023-12-28T16:55:43.432+0000] {logging_mixin.py:154} INFO - Failed to change /opt/***/logs/dag_id=air_quality/run_id=scheduled__2023-12-23T04:00:00+00:00/task_id=Insert_Data permission to 509: [Errno 1] Operation not permitted: '/opt/***/logs/dag_id=air_quality/run_id=scheduled__2023-12-23T04:00:00+00:00/task_id=Insert_Data'
[2023-12-28T16:55:43.476+0000] {taskinstance.py:1159} INFO - Dependencies all met for dep_context=non-requeueable deps ti=<TaskInstance: air_quality.Insert_Data scheduled__2023-12-23T04:00:00+00:00 [queued]>
[2023-12-28T16:55:43.491+0000] {taskinstance.py:1159} INFO - Dependencies all met for dep_context=requeueable deps ti=<TaskInstance: air_quality.Insert_Data scheduled__2023-12-23T04:00:00+00:00 [queued]>
[2023-12-28T16:55:43.492+0000] {taskinstance.py:1361} INFO - Starting attempt 1 of 2
[2023-12-28T16:55:43.509+0000] {taskinstance.py:1382} INFO - Executing <Task(PythonOperator): Insert_Data> on 2023-12-23 04:00:00+00:00
[2023-12-28T16:55:43.515+0000] {standard_task_runner.py:57} INFO - Started process 1622 to run task
[2023-12-28T16:55:43.518+0000] {standard_task_runner.py:84} INFO - Running: ['***', 'tasks', 'run', 'air_quality', 'Insert_Data', 'scheduled__2023-12-23T04:00:00+00:00', '--job-id', '1206', '--raw', '--subdir', 'DAGS_FOLDER/airQuality.py', '--cfg-path', '/tmp/tmpdi3dpm8f']
[2023-12-28T16:55:43.520+0000] {standard_task_runner.py:85} INFO - Job 1206: Subtask Insert_Data
[2023-12-28T16:55:43.577+0000] {logging_mixin.py:154} INFO - Changing /opt/***/logs/dag_id=air_quality/run_id=scheduled__2023-12-23T04:00:00+00:00/task_id=Insert_Data permission to 509
[2023-12-28T16:55:43.578+0000] {logging_mixin.py:154} INFO - Failed to change /opt/***/logs/dag_id=air_quality/run_id=scheduled__2023-12-23T04:00:00+00:00/task_id=Insert_Data permission to 509: [Errno 1] Operation not permitted: '/opt/***/logs/dag_id=air_quality/run_id=scheduled__2023-12-23T04:00:00+00:00/task_id=Insert_Data'
[2023-12-28T16:55:43.581+0000] {task_command.py:416} INFO - Running <TaskInstance: air_quality.Insert_Data scheduled__2023-12-23T04:00:00+00:00 [running]> on host d67dd4682ccf
[2023-12-28T16:55:43.678+0000] {taskinstance.py:1662} INFO - Exporting env vars: AIRFLOW_CTX_DAG_OWNER='ghifari' AIRFLOW_CTX_DAG_ID='air_quality' AIRFLOW_CTX_TASK_ID='Insert_Data' AIRFLOW_CTX_EXECUTION_DATE='2023-12-23T04:00:00+00:00' AIRFLOW_CTX_TRY_NUMBER='1' AIRFLOW_CTX_DAG_RUN_ID='scheduled__2023-12-23T04:00:00+00:00'
[2023-12-28T16:55:44.209+0000] {logging_mixin.py:154} INFO - city           object
country        object
unit           object
last_value    float64
lat           float64
lng           float64
dtype: object
[2023-12-28T16:55:44.219+0000] {base.py:73} INFO - Using connection ID 'neonServerDB-Postgres' for task execution.
[2023-12-28T16:55:48.451+0000] {python.py:194} INFO - Done. Returned value was: None
[2023-12-28T16:55:48.466+0000] {taskinstance.py:1400} INFO - Marking task as SUCCESS. dag_id=air_quality, task_id=Insert_Data, execution_date=20231223T040000, start_date=20231228T165543, end_date=20231228T165548
[2023-12-28T16:55:48.525+0000] {local_task_job_runner.py:228} INFO - Task exited with return code 0
[2023-12-28T16:55:48.553+0000] {taskinstance.py:2778} INFO - 0 downstream tasks scheduled from follow-on schedule check
