[2023-12-17T11:57:10.397+0000] {logging_mixin.py:154} INFO - Changing /opt/***/logs/dag_id=air_quality/run_id=manual__2023-12-17T11:56:54.481153+00:00/task_id=Insert_Data permission to 509
[2023-12-17T11:57:10.399+0000] {logging_mixin.py:154} INFO - Failed to change /opt/***/logs/dag_id=air_quality/run_id=manual__2023-12-17T11:56:54.481153+00:00/task_id=Insert_Data permission to 509: [Errno 1] Operation not permitted: '/opt/***/logs/dag_id=air_quality/run_id=manual__2023-12-17T11:56:54.481153+00:00/task_id=Insert_Data'
[2023-12-17T11:57:10.448+0000] {logging_mixin.py:154} INFO - Changing /opt/***/logs/dag_id=air_quality/run_id=manual__2023-12-17T11:56:54.481153+00:00/task_id=Insert_Data permission to 509
[2023-12-17T11:57:10.449+0000] {logging_mixin.py:154} INFO - Failed to change /opt/***/logs/dag_id=air_quality/run_id=manual__2023-12-17T11:56:54.481153+00:00/task_id=Insert_Data permission to 509: [Errno 1] Operation not permitted: '/opt/***/logs/dag_id=air_quality/run_id=manual__2023-12-17T11:56:54.481153+00:00/task_id=Insert_Data'
[2023-12-17T11:57:10.514+0000] {taskinstance.py:1159} INFO - Dependencies all met for dep_context=non-requeueable deps ti=<TaskInstance: air_quality.Insert_Data manual__2023-12-17T11:56:54.481153+00:00 [queued]>
[2023-12-17T11:57:10.535+0000] {taskinstance.py:1159} INFO - Dependencies all met for dep_context=requeueable deps ti=<TaskInstance: air_quality.Insert_Data manual__2023-12-17T11:56:54.481153+00:00 [queued]>
[2023-12-17T11:57:10.536+0000] {taskinstance.py:1361} INFO - Starting attempt 1 of 2
[2023-12-17T11:57:10.562+0000] {taskinstance.py:1382} INFO - Executing <Task(PythonOperator): Insert_Data> on 2023-12-17 11:56:54.481153+00:00
[2023-12-17T11:57:10.568+0000] {standard_task_runner.py:57} INFO - Started process 3302 to run task
[2023-12-17T11:57:10.573+0000] {standard_task_runner.py:84} INFO - Running: ['***', 'tasks', 'run', 'air_quality', 'Insert_Data', 'manual__2023-12-17T11:56:54.481153+00:00', '--job-id', '476', '--raw', '--subdir', 'DAGS_FOLDER/airQuality.py', '--cfg-path', '/tmp/tmpoqpila32']
[2023-12-17T11:57:10.575+0000] {standard_task_runner.py:85} INFO - Job 476: Subtask Insert_Data
[2023-12-17T11:57:10.657+0000] {logging_mixin.py:154} INFO - Changing /opt/***/logs/dag_id=air_quality/run_id=manual__2023-12-17T11:56:54.481153+00:00/task_id=Insert_Data permission to 509
[2023-12-17T11:57:10.658+0000] {logging_mixin.py:154} INFO - Failed to change /opt/***/logs/dag_id=air_quality/run_id=manual__2023-12-17T11:56:54.481153+00:00/task_id=Insert_Data permission to 509: [Errno 1] Operation not permitted: '/opt/***/logs/dag_id=air_quality/run_id=manual__2023-12-17T11:56:54.481153+00:00/task_id=Insert_Data'
[2023-12-17T11:57:10.661+0000] {task_command.py:416} INFO - Running <TaskInstance: air_quality.Insert_Data manual__2023-12-17T11:56:54.481153+00:00 [running]> on host 1a58977f5573
[2023-12-17T11:57:10.810+0000] {taskinstance.py:1662} INFO - Exporting env vars: AIRFLOW_CTX_DAG_OWNER='ghifari' AIRFLOW_CTX_DAG_ID='air_quality' AIRFLOW_CTX_TASK_ID='Insert_Data' AIRFLOW_CTX_EXECUTION_DATE='2023-12-17T11:56:54.481153+00:00' AIRFLOW_CTX_TRY_NUMBER='1' AIRFLOW_CTX_DAG_RUN_ID='manual__2023-12-17T11:56:54.481153+00:00'
[2023-12-17T11:57:11.688+0000] {logging_mixin.py:154} INFO - city           object
country        object
unit           object
last_value    float64
lat           float64
lng           float64
dtype: object
[2023-12-17T11:57:11.708+0000] {base.py:73} INFO - Using connection ID 'neonServerDB-Postgres' for task execution.
[2023-12-17T11:57:12.520+0000] {python.py:194} INFO - Done. Returned value was: None
[2023-12-17T11:57:12.543+0000] {taskinstance.py:1400} INFO - Marking task as SUCCESS. dag_id=air_quality, task_id=Insert_Data, execution_date=20231217T115654, start_date=20231217T115710, end_date=20231217T115712
[2023-12-17T11:57:12.595+0000] {local_task_job_runner.py:228} INFO - Task exited with return code 0
[2023-12-17T11:57:12.623+0000] {taskinstance.py:2778} INFO - 0 downstream tasks scheduled from follow-on schedule check
