[2023-12-17T11:18:28.388+0000] {logging_mixin.py:154} INFO - Changing /opt/***/logs/dag_id=air_quality/run_id=scheduled__2023-12-06T04:00:00+00:00/task_id=Extract permission to 509
[2023-12-17T11:18:28.391+0000] {logging_mixin.py:154} INFO - Failed to change /opt/***/logs/dag_id=air_quality/run_id=scheduled__2023-12-06T04:00:00+00:00/task_id=Extract permission to 509: [Errno 1] Operation not permitted: '/opt/***/logs/dag_id=air_quality/run_id=scheduled__2023-12-06T04:00:00+00:00/task_id=Extract'
[2023-12-17T11:18:28.618+0000] {logging_mixin.py:154} INFO - Changing /opt/***/logs/dag_id=air_quality/run_id=scheduled__2023-12-06T04:00:00+00:00/task_id=Extract permission to 509
[2023-12-17T11:18:28.621+0000] {logging_mixin.py:154} INFO - Failed to change /opt/***/logs/dag_id=air_quality/run_id=scheduled__2023-12-06T04:00:00+00:00/task_id=Extract permission to 509: [Errno 1] Operation not permitted: '/opt/***/logs/dag_id=air_quality/run_id=scheduled__2023-12-06T04:00:00+00:00/task_id=Extract'
[2023-12-17T11:18:28.861+0000] {taskinstance.py:1159} INFO - Dependencies all met for dep_context=non-requeueable deps ti=<TaskInstance: air_quality.Extract scheduled__2023-12-06T04:00:00+00:00 [queued]>
[2023-12-17T11:18:28.913+0000] {taskinstance.py:1159} INFO - Dependencies all met for dep_context=requeueable deps ti=<TaskInstance: air_quality.Extract scheduled__2023-12-06T04:00:00+00:00 [queued]>
[2023-12-17T11:18:28.917+0000] {taskinstance.py:1361} INFO - Starting attempt 1 of 2
[2023-12-17T11:18:29.332+0000] {taskinstance.py:1382} INFO - Executing <Task(PythonOperator): Extract> on 2023-12-06 04:00:00+00:00
[2023-12-17T11:18:29.358+0000] {standard_task_runner.py:57} INFO - Started process 2026 to run task
[2023-12-17T11:18:29.375+0000] {standard_task_runner.py:84} INFO - Running: ['***', 'tasks', 'run', 'air_quality', 'Extract', 'scheduled__2023-12-06T04:00:00+00:00', '--job-id', '310', '--raw', '--subdir', 'DAGS_FOLDER/airQuality.py', '--cfg-path', '/tmp/tmp2rfuvyo8']
[2023-12-17T11:18:29.381+0000] {standard_task_runner.py:85} INFO - Job 310: Subtask Extract
[2023-12-17T11:18:29.645+0000] {logging_mixin.py:154} INFO - Changing /opt/***/logs/dag_id=air_quality/run_id=scheduled__2023-12-06T04:00:00+00:00/task_id=Extract permission to 509
[2023-12-17T11:18:29.648+0000] {logging_mixin.py:154} INFO - Failed to change /opt/***/logs/dag_id=air_quality/run_id=scheduled__2023-12-06T04:00:00+00:00/task_id=Extract permission to 509: [Errno 1] Operation not permitted: '/opt/***/logs/dag_id=air_quality/run_id=scheduled__2023-12-06T04:00:00+00:00/task_id=Extract'
[2023-12-17T11:18:29.657+0000] {task_command.py:416} INFO - Running <TaskInstance: air_quality.Extract scheduled__2023-12-06T04:00:00+00:00 [running]> on host 1a58977f5573
[2023-12-17T11:18:30.184+0000] {taskinstance.py:1662} INFO - Exporting env vars: AIRFLOW_CTX_DAG_OWNER='ghifari' AIRFLOW_CTX_DAG_ID='air_quality' AIRFLOW_CTX_TASK_ID='Extract' AIRFLOW_CTX_EXECUTION_DATE='2023-12-06T04:00:00+00:00' AIRFLOW_CTX_TRY_NUMBER='1' AIRFLOW_CTX_DAG_RUN_ID='scheduled__2023-12-06T04:00:00+00:00'
[2023-12-17T11:18:30.635+0000] {python.py:194} INFO - Done. Returned value was: {'city': ['Jakarta'], 'country': ['ID'], 'unit': ['o3'], 'last_value': [-0.999], 'lat': [-6.182536], 'lng': [106.834236]}
[2023-12-17T11:18:30.745+0000] {taskinstance.py:1400} INFO - Marking task as SUCCESS. dag_id=air_quality, task_id=Extract, execution_date=20231206T040000, start_date=20231217T111828, end_date=20231217T111830
[2023-12-17T11:18:30.907+0000] {local_task_job_runner.py:228} INFO - Task exited with return code 0
[2023-12-17T11:18:31.061+0000] {taskinstance.py:2778} INFO - 1 downstream tasks scheduled from follow-on schedule check
[2023-12-17T12:18:28.281+0000] {logging_mixin.py:154} INFO - Changing /opt/***/logs/dag_id=air_quality/run_id=scheduled__2023-12-06T04:00:00+00:00/task_id=Extract permission to 509
[2023-12-17T12:18:28.285+0000] {logging_mixin.py:154} INFO - Failed to change /opt/***/logs/dag_id=air_quality/run_id=scheduled__2023-12-06T04:00:00+00:00/task_id=Extract permission to 509: [Errno 1] Operation not permitted: '/opt/***/logs/dag_id=air_quality/run_id=scheduled__2023-12-06T04:00:00+00:00/task_id=Extract'
[2023-12-17T12:18:28.457+0000] {logging_mixin.py:154} INFO - Changing /opt/***/logs/dag_id=air_quality/run_id=scheduled__2023-12-06T04:00:00+00:00/task_id=Extract permission to 509
[2023-12-17T12:18:28.476+0000] {logging_mixin.py:154} INFO - Failed to change /opt/***/logs/dag_id=air_quality/run_id=scheduled__2023-12-06T04:00:00+00:00/task_id=Extract permission to 509: [Errno 1] Operation not permitted: '/opt/***/logs/dag_id=air_quality/run_id=scheduled__2023-12-06T04:00:00+00:00/task_id=Extract'
[2023-12-17T12:18:28.592+0000] {taskinstance.py:1159} INFO - Dependencies all met for dep_context=non-requeueable deps ti=<TaskInstance: air_quality.Extract scheduled__2023-12-06T04:00:00+00:00 [queued]>
[2023-12-17T12:18:28.627+0000] {taskinstance.py:1159} INFO - Dependencies all met for dep_context=requeueable deps ti=<TaskInstance: air_quality.Extract scheduled__2023-12-06T04:00:00+00:00 [queued]>
[2023-12-17T12:18:28.637+0000] {taskinstance.py:1361} INFO - Starting attempt 1 of 2
[2023-12-17T12:18:28.722+0000] {taskinstance.py:1382} INFO - Executing <Task(PythonOperator): Extract> on 2023-12-06 04:00:00+00:00
[2023-12-17T12:18:28.737+0000] {standard_task_runner.py:84} INFO - Running: ['***', 'tasks', 'run', 'air_quality', 'Extract', 'scheduled__2023-12-06T04:00:00+00:00', '--job-id', '641', '--raw', '--subdir', 'DAGS_FOLDER/airQuality.py', '--cfg-path', '/tmp/tmptohb4r1l']
[2023-12-17T12:18:28.744+0000] {standard_task_runner.py:85} INFO - Job 641: Subtask Extract
[2023-12-17T12:18:28.729+0000] {standard_task_runner.py:57} INFO - Started process 4225 to run task
[2023-12-17T12:18:28.937+0000] {logging_mixin.py:154} INFO - Changing /opt/***/logs/dag_id=air_quality/run_id=scheduled__2023-12-06T04:00:00+00:00/task_id=Extract permission to 509
[2023-12-17T12:18:28.939+0000] {logging_mixin.py:154} INFO - Failed to change /opt/***/logs/dag_id=air_quality/run_id=scheduled__2023-12-06T04:00:00+00:00/task_id=Extract permission to 509: [Errno 1] Operation not permitted: '/opt/***/logs/dag_id=air_quality/run_id=scheduled__2023-12-06T04:00:00+00:00/task_id=Extract'
[2023-12-17T12:18:28.942+0000] {task_command.py:416} INFO - Running <TaskInstance: air_quality.Extract scheduled__2023-12-06T04:00:00+00:00 [running]> on host 1a58977f5573
[2023-12-17T12:18:29.472+0000] {taskinstance.py:1662} INFO - Exporting env vars: AIRFLOW_CTX_DAG_OWNER='ghifari' AIRFLOW_CTX_DAG_ID='air_quality' AIRFLOW_CTX_TASK_ID='Extract' AIRFLOW_CTX_EXECUTION_DATE='2023-12-06T04:00:00+00:00' AIRFLOW_CTX_TRY_NUMBER='1' AIRFLOW_CTX_DAG_RUN_ID='scheduled__2023-12-06T04:00:00+00:00'
[2023-12-17T12:18:29.656+0000] {python.py:194} INFO - Done. Returned value was: {'city': ['Jakarta'], 'country': ['ID'], 'unit': ['pm25'], 'last_value': [-999.0], 'lat': [-6.182536], 'lng': [106.834236]}
[2023-12-17T12:18:29.750+0000] {taskinstance.py:1400} INFO - Marking task as SUCCESS. dag_id=air_quality, task_id=Extract, execution_date=20231206T040000, start_date=20231217T121828, end_date=20231217T121829
[2023-12-17T12:18:29.850+0000] {local_task_job_runner.py:228} INFO - Task exited with return code 0
[2023-12-17T12:18:30.097+0000] {taskinstance.py:2778} INFO - 0 downstream tasks scheduled from follow-on schedule check
[2023-12-28T16:51:35.498+0000] {logging_mixin.py:154} INFO - Changing /opt/***/logs/dag_id=air_quality/run_id=scheduled__2023-12-06T04:00:00+00:00/task_id=Extract permission to 509
[2023-12-28T16:51:35.501+0000] {logging_mixin.py:154} INFO - Failed to change /opt/***/logs/dag_id=air_quality/run_id=scheduled__2023-12-06T04:00:00+00:00/task_id=Extract permission to 509: [Errno 1] Operation not permitted: '/opt/***/logs/dag_id=air_quality/run_id=scheduled__2023-12-06T04:00:00+00:00/task_id=Extract'
[2023-12-28T16:51:35.630+0000] {logging_mixin.py:154} INFO - Changing /opt/***/logs/dag_id=air_quality/run_id=scheduled__2023-12-06T04:00:00+00:00/task_id=Extract permission to 509
[2023-12-28T16:51:35.637+0000] {logging_mixin.py:154} INFO - Failed to change /opt/***/logs/dag_id=air_quality/run_id=scheduled__2023-12-06T04:00:00+00:00/task_id=Extract permission to 509: [Errno 1] Operation not permitted: '/opt/***/logs/dag_id=air_quality/run_id=scheduled__2023-12-06T04:00:00+00:00/task_id=Extract'
[2023-12-28T16:51:35.750+0000] {taskinstance.py:1159} INFO - Dependencies all met for dep_context=non-requeueable deps ti=<TaskInstance: air_quality.Extract scheduled__2023-12-06T04:00:00+00:00 [queued]>
[2023-12-28T16:51:35.780+0000] {taskinstance.py:1159} INFO - Dependencies all met for dep_context=requeueable deps ti=<TaskInstance: air_quality.Extract scheduled__2023-12-06T04:00:00+00:00 [queued]>
[2023-12-28T16:51:35.785+0000] {taskinstance.py:1361} INFO - Starting attempt 1 of 2
[2023-12-28T16:51:35.972+0000] {taskinstance.py:1382} INFO - Executing <Task(PythonOperator): Extract> on 2023-12-06 04:00:00+00:00
[2023-12-28T16:51:35.989+0000] {standard_task_runner.py:57} INFO - Started process 150 to run task
[2023-12-28T16:51:36.015+0000] {standard_task_runner.py:84} INFO - Running: ['***', 'tasks', 'run', 'air_quality', 'Extract', 'scheduled__2023-12-06T04:00:00+00:00', '--job-id', '830', '--raw', '--subdir', 'DAGS_FOLDER/airQuality.py', '--cfg-path', '/tmp/tmpc90o_8li']
[2023-12-28T16:51:36.024+0000] {standard_task_runner.py:85} INFO - Job 830: Subtask Extract
[2023-12-28T16:51:36.315+0000] {logging_mixin.py:154} INFO - Changing /opt/***/logs/dag_id=air_quality/run_id=scheduled__2023-12-06T04:00:00+00:00/task_id=Extract permission to 509
[2023-12-28T16:51:36.317+0000] {logging_mixin.py:154} INFO - Failed to change /opt/***/logs/dag_id=air_quality/run_id=scheduled__2023-12-06T04:00:00+00:00/task_id=Extract permission to 509: [Errno 1] Operation not permitted: '/opt/***/logs/dag_id=air_quality/run_id=scheduled__2023-12-06T04:00:00+00:00/task_id=Extract'
[2023-12-28T16:51:36.322+0000] {task_command.py:416} INFO - Running <TaskInstance: air_quality.Extract scheduled__2023-12-06T04:00:00+00:00 [running]> on host d67dd4682ccf
[2023-12-28T16:51:36.655+0000] {taskinstance.py:1662} INFO - Exporting env vars: AIRFLOW_CTX_DAG_OWNER='ghifari' AIRFLOW_CTX_DAG_ID='air_quality' AIRFLOW_CTX_TASK_ID='Extract' AIRFLOW_CTX_EXECUTION_DATE='2023-12-06T04:00:00+00:00' AIRFLOW_CTX_TRY_NUMBER='1' AIRFLOW_CTX_DAG_RUN_ID='scheduled__2023-12-06T04:00:00+00:00'
[2023-12-28T16:51:37.039+0000] {python.py:194} INFO - Done. Returned value was: {'city': ['Jakarta'], 'country': ['ID'], 'unit': ['o3'], 'last_value': [-0.999], 'lat': [-6.182536], 'lng': [106.834236]}
[2023-12-28T16:51:37.150+0000] {taskinstance.py:1400} INFO - Marking task as SUCCESS. dag_id=air_quality, task_id=Extract, execution_date=20231206T040000, start_date=20231228T165135, end_date=20231228T165137
[2023-12-28T16:51:37.237+0000] {local_task_job_runner.py:228} INFO - Task exited with return code 0
[2023-12-28T16:51:37.364+0000] {taskinstance.py:2778} INFO - 1 downstream tasks scheduled from follow-on schedule check
[2023-12-28T16:54:11.364+0000] {logging_mixin.py:154} INFO - Changing /opt/***/logs/dag_id=air_quality/run_id=scheduled__2023-12-06T04:00:00+00:00/task_id=Extract permission to 509
[2023-12-28T16:54:11.396+0000] {logging_mixin.py:154} INFO - Failed to change /opt/***/logs/dag_id=air_quality/run_id=scheduled__2023-12-06T04:00:00+00:00/task_id=Extract permission to 509: [Errno 1] Operation not permitted: '/opt/***/logs/dag_id=air_quality/run_id=scheduled__2023-12-06T04:00:00+00:00/task_id=Extract'
[2023-12-28T16:54:11.611+0000] {logging_mixin.py:154} INFO - Changing /opt/***/logs/dag_id=air_quality/run_id=scheduled__2023-12-06T04:00:00+00:00/task_id=Extract permission to 509
[2023-12-28T16:54:11.624+0000] {logging_mixin.py:154} INFO - Failed to change /opt/***/logs/dag_id=air_quality/run_id=scheduled__2023-12-06T04:00:00+00:00/task_id=Extract permission to 509: [Errno 1] Operation not permitted: '/opt/***/logs/dag_id=air_quality/run_id=scheduled__2023-12-06T04:00:00+00:00/task_id=Extract'
[2023-12-28T16:54:11.777+0000] {taskinstance.py:1159} INFO - Dependencies all met for dep_context=non-requeueable deps ti=<TaskInstance: air_quality.Extract scheduled__2023-12-06T04:00:00+00:00 [queued]>
[2023-12-28T16:54:11.876+0000] {taskinstance.py:1159} INFO - Dependencies all met for dep_context=requeueable deps ti=<TaskInstance: air_quality.Extract scheduled__2023-12-06T04:00:00+00:00 [queued]>
[2023-12-28T16:54:11.878+0000] {taskinstance.py:1361} INFO - Starting attempt 1 of 2
[2023-12-28T16:54:11.944+0000] {taskinstance.py:1382} INFO - Executing <Task(PythonOperator): Extract> on 2023-12-06 04:00:00+00:00
[2023-12-28T16:54:11.957+0000] {standard_task_runner.py:57} INFO - Started process 855 to run task
[2023-12-28T16:54:11.978+0000] {standard_task_runner.py:84} INFO - Running: ['***', 'tasks', 'run', 'air_quality', 'Extract', 'scheduled__2023-12-06T04:00:00+00:00', '--job-id', '1038', '--raw', '--subdir', 'DAGS_FOLDER/airQuality.py', '--cfg-path', '/tmp/tmpzwcn_r56']
[2023-12-28T16:54:11.990+0000] {standard_task_runner.py:85} INFO - Job 1038: Subtask Extract
[2023-12-28T16:54:12.268+0000] {logging_mixin.py:154} INFO - Changing /opt/***/logs/dag_id=air_quality/run_id=scheduled__2023-12-06T04:00:00+00:00/task_id=Extract permission to 509
[2023-12-28T16:54:12.280+0000] {logging_mixin.py:154} INFO - Failed to change /opt/***/logs/dag_id=air_quality/run_id=scheduled__2023-12-06T04:00:00+00:00/task_id=Extract permission to 509: [Errno 1] Operation not permitted: '/opt/***/logs/dag_id=air_quality/run_id=scheduled__2023-12-06T04:00:00+00:00/task_id=Extract'
[2023-12-28T16:54:12.313+0000] {task_command.py:416} INFO - Running <TaskInstance: air_quality.Extract scheduled__2023-12-06T04:00:00+00:00 [running]> on host d67dd4682ccf
[2023-12-28T16:54:12.868+0000] {taskinstance.py:1662} INFO - Exporting env vars: AIRFLOW_CTX_DAG_OWNER='ghifari' AIRFLOW_CTX_DAG_ID='air_quality' AIRFLOW_CTX_TASK_ID='Extract' AIRFLOW_CTX_EXECUTION_DATE='2023-12-06T04:00:00+00:00' AIRFLOW_CTX_TRY_NUMBER='1' AIRFLOW_CTX_DAG_RUN_ID='scheduled__2023-12-06T04:00:00+00:00'
[2023-12-28T16:54:13.249+0000] {python.py:194} INFO - Done. Returned value was: {'city': ['Jakarta'], 'country': ['ID'], 'unit': ['o3'], 'last_value': [-0.999], 'lat': [-6.182536], 'lng': [106.834236]}
[2023-12-28T16:54:13.442+0000] {taskinstance.py:1400} INFO - Marking task as SUCCESS. dag_id=air_quality, task_id=Extract, execution_date=20231206T040000, start_date=20231228T165411, end_date=20231228T165413
[2023-12-28T16:54:13.603+0000] {local_task_job_runner.py:228} INFO - Task exited with return code 0
[2023-12-28T16:54:13.739+0000] {taskinstance.py:2778} INFO - 1 downstream tasks scheduled from follow-on schedule check
