[2023-12-15T18:16:11.933+0000] {logging_mixin.py:154} INFO - Changing /opt/***/logs/dag_id=air_quality/run_id=manual__2023-12-15T18:16:10.436177+00:00/task_id=Insert_Data permission to 509
[2023-12-15T18:16:11.938+0000] {logging_mixin.py:154} INFO - Failed to change /opt/***/logs/dag_id=air_quality/run_id=manual__2023-12-15T18:16:10.436177+00:00/task_id=Insert_Data permission to 509: [Errno 1] Operation not permitted: '/opt/***/logs/dag_id=air_quality/run_id=manual__2023-12-15T18:16:10.436177+00:00/task_id=Insert_Data'
[2023-12-15T18:16:12.019+0000] {logging_mixin.py:154} INFO - Changing /opt/***/logs/dag_id=air_quality/run_id=manual__2023-12-15T18:16:10.436177+00:00/task_id=Insert_Data permission to 509
[2023-12-15T18:16:12.020+0000] {logging_mixin.py:154} INFO - Failed to change /opt/***/logs/dag_id=air_quality/run_id=manual__2023-12-15T18:16:10.436177+00:00/task_id=Insert_Data permission to 509: [Errno 1] Operation not permitted: '/opt/***/logs/dag_id=air_quality/run_id=manual__2023-12-15T18:16:10.436177+00:00/task_id=Insert_Data'
[2023-12-15T18:16:12.099+0000] {taskinstance.py:1159} INFO - Dependencies all met for dep_context=non-requeueable deps ti=<TaskInstance: air_quality.Insert_Data manual__2023-12-15T18:16:10.436177+00:00 [queued]>
[2023-12-15T18:16:12.118+0000] {taskinstance.py:1159} INFO - Dependencies all met for dep_context=requeueable deps ti=<TaskInstance: air_quality.Insert_Data manual__2023-12-15T18:16:10.436177+00:00 [queued]>
[2023-12-15T18:16:12.119+0000] {taskinstance.py:1361} INFO - Starting attempt 1 of 2
[2023-12-15T18:16:12.154+0000] {taskinstance.py:1382} INFO - Executing <Task(PythonOperator): Insert_Data> on 2023-12-15 18:16:10.436177+00:00
[2023-12-15T18:16:12.163+0000] {standard_task_runner.py:57} INFO - Started process 1831 to run task
[2023-12-15T18:16:12.169+0000] {standard_task_runner.py:84} INFO - Running: ['***', 'tasks', 'run', 'air_quality', 'Insert_Data', 'manual__2023-12-15T18:16:10.436177+00:00', '--job-id', '87', '--raw', '--subdir', 'DAGS_FOLDER/airQuality.py', '--cfg-path', '/tmp/tmpz89l4_kr']
[2023-12-15T18:16:12.172+0000] {standard_task_runner.py:85} INFO - Job 87: Subtask Insert_Data
[2023-12-15T18:16:12.269+0000] {logging_mixin.py:154} INFO - Changing /opt/***/logs/dag_id=air_quality/run_id=manual__2023-12-15T18:16:10.436177+00:00/task_id=Insert_Data permission to 509
[2023-12-15T18:16:12.270+0000] {logging_mixin.py:154} INFO - Failed to change /opt/***/logs/dag_id=air_quality/run_id=manual__2023-12-15T18:16:10.436177+00:00/task_id=Insert_Data permission to 509: [Errno 1] Operation not permitted: '/opt/***/logs/dag_id=air_quality/run_id=manual__2023-12-15T18:16:10.436177+00:00/task_id=Insert_Data'
[2023-12-15T18:16:12.274+0000] {task_command.py:416} INFO - Running <TaskInstance: air_quality.Insert_Data manual__2023-12-15T18:16:10.436177+00:00 [running]> on host d739bc9bef06
[2023-12-15T18:16:12.474+0000] {taskinstance.py:1662} INFO - Exporting env vars: AIRFLOW_CTX_DAG_OWNER='ghifari' AIRFLOW_CTX_DAG_ID='air_quality' AIRFLOW_CTX_TASK_ID='Insert_Data' AIRFLOW_CTX_EXECUTION_DATE='2023-12-15T18:16:10.436177+00:00' AIRFLOW_CTX_TRY_NUMBER='1' AIRFLOW_CTX_DAG_RUN_ID='manual__2023-12-15T18:16:10.436177+00:00'
[2023-12-15T18:16:12.505+0000] {taskinstance.py:1937} ERROR - Task failed with exception
Traceback (most recent call last):
  File "/home/airflow/.local/lib/python3.8/site-packages/airflow/operators/python.py", line 192, in execute
    return_value = self.execute_callable()
  File "/home/airflow/.local/lib/python3.8/site-packages/airflow/operators/python.py", line 209, in execute_callable
    return self.python_callable(*self.op_args, **self.op_kwargs)
  File "/opt/airflow/dags/airQuality.py", line 141, in insertValues
    result = resultTransformation.to_dict(orient='records')
AttributeError: 'NoneType' object has no attribute 'to_dict'
[2023-12-15T18:16:12.529+0000] {taskinstance.py:1400} INFO - Marking task as UP_FOR_RETRY. dag_id=air_quality, task_id=Insert_Data, execution_date=20231215T181610, start_date=20231215T181612, end_date=20231215T181612
[2023-12-15T18:16:12.562+0000] {standard_task_runner.py:104} ERROR - Failed to execute job 87 for task Insert_Data ('NoneType' object has no attribute 'to_dict'; 1831)
[2023-12-15T18:16:12.583+0000] {local_task_job_runner.py:228} INFO - Task exited with return code 1
[2023-12-15T18:16:12.630+0000] {taskinstance.py:2778} INFO - 0 downstream tasks scheduled from follow-on schedule check
