[2023-12-28T16:09:17.324+0000] {logging_mixin.py:154} INFO - Changing /opt/***/logs/dag_id=air_quality/run_id=scheduled__2023-12-21T04:00:00+00:00/task_id=Insert_Data permission to 509
[2023-12-28T16:09:17.326+0000] {logging_mixin.py:154} INFO - Failed to change /opt/***/logs/dag_id=air_quality/run_id=scheduled__2023-12-21T04:00:00+00:00/task_id=Insert_Data permission to 509: [Errno 1] Operation not permitted: '/opt/***/logs/dag_id=air_quality/run_id=scheduled__2023-12-21T04:00:00+00:00/task_id=Insert_Data'
[2023-12-28T16:09:17.411+0000] {logging_mixin.py:154} INFO - Changing /opt/***/logs/dag_id=air_quality/run_id=scheduled__2023-12-21T04:00:00+00:00/task_id=Insert_Data permission to 509
[2023-12-28T16:09:17.412+0000] {logging_mixin.py:154} INFO - Failed to change /opt/***/logs/dag_id=air_quality/run_id=scheduled__2023-12-21T04:00:00+00:00/task_id=Insert_Data permission to 509: [Errno 1] Operation not permitted: '/opt/***/logs/dag_id=air_quality/run_id=scheduled__2023-12-21T04:00:00+00:00/task_id=Insert_Data'
[2023-12-28T16:09:17.514+0000] {taskinstance.py:1159} INFO - Dependencies all met for dep_context=non-requeueable deps ti=<TaskInstance: air_quality.Insert_Data scheduled__2023-12-21T04:00:00+00:00 [queued]>
[2023-12-28T16:09:17.536+0000] {taskinstance.py:1159} INFO - Dependencies all met for dep_context=requeueable deps ti=<TaskInstance: air_quality.Insert_Data scheduled__2023-12-21T04:00:00+00:00 [queued]>
[2023-12-28T16:09:17.537+0000] {taskinstance.py:1361} INFO - Starting attempt 1 of 2
[2023-12-28T16:09:17.571+0000] {taskinstance.py:1382} INFO - Executing <Task(PythonOperator): Insert_Data> on 2023-12-21 04:00:00+00:00
[2023-12-28T16:09:17.580+0000] {standard_task_runner.py:57} INFO - Started process 584 to run task
[2023-12-28T16:09:17.587+0000] {standard_task_runner.py:84} INFO - Running: ['***', 'tasks', 'run', 'air_quality', 'Insert_Data', 'scheduled__2023-12-21T04:00:00+00:00', '--job-id', '782', '--raw', '--subdir', 'DAGS_FOLDER/airQuality.py', '--cfg-path', '/tmp/tmpciuz9w2h']
[2023-12-28T16:09:17.590+0000] {standard_task_runner.py:85} INFO - Job 782: Subtask Insert_Data
[2023-12-28T16:09:17.705+0000] {logging_mixin.py:154} INFO - Changing /opt/***/logs/dag_id=air_quality/run_id=scheduled__2023-12-21T04:00:00+00:00/task_id=Insert_Data permission to 509
[2023-12-28T16:09:17.707+0000] {logging_mixin.py:154} INFO - Failed to change /opt/***/logs/dag_id=air_quality/run_id=scheduled__2023-12-21T04:00:00+00:00/task_id=Insert_Data permission to 509: [Errno 1] Operation not permitted: '/opt/***/logs/dag_id=air_quality/run_id=scheduled__2023-12-21T04:00:00+00:00/task_id=Insert_Data'
[2023-12-28T16:09:17.711+0000] {task_command.py:416} INFO - Running <TaskInstance: air_quality.Insert_Data scheduled__2023-12-21T04:00:00+00:00 [running]> on host d67dd4682ccf
[2023-12-28T16:09:17.933+0000] {taskinstance.py:1662} INFO - Exporting env vars: AIRFLOW_CTX_DAG_OWNER='ghifari' AIRFLOW_CTX_DAG_ID='air_quality' AIRFLOW_CTX_TASK_ID='Insert_Data' AIRFLOW_CTX_EXECUTION_DATE='2023-12-21T04:00:00+00:00' AIRFLOW_CTX_TRY_NUMBER='1' AIRFLOW_CTX_DAG_RUN_ID='scheduled__2023-12-21T04:00:00+00:00'
[2023-12-28T16:09:19.558+0000] {logging_mixin.py:154} INFO - city           object
country        object
unit           object
last_value    float64
lat           float64
lng           float64
dtype: object
[2023-12-28T16:09:19.591+0000] {base.py:73} INFO - Using connection ID 'neonServerDB-Postgres' for task execution.
[2023-12-28T16:09:21.194+0000] {python.py:194} INFO - Done. Returned value was: None
[2023-12-28T16:09:21.222+0000] {taskinstance.py:1400} INFO - Marking task as SUCCESS. dag_id=air_quality, task_id=Insert_Data, execution_date=20231221T040000, start_date=20231228T160917, end_date=20231228T160921
[2023-12-28T16:09:21.447+0000] {local_task_job_runner.py:228} INFO - Task exited with return code 0
[2023-12-28T16:09:21.488+0000] {taskinstance.py:2778} INFO - 0 downstream tasks scheduled from follow-on schedule check
[2023-12-28T16:52:21.911+0000] {logging_mixin.py:154} INFO - Changing /opt/***/logs/dag_id=air_quality/run_id=scheduled__2023-12-21T04:00:00+00:00/task_id=Insert_Data permission to 509
[2023-12-28T16:52:21.917+0000] {logging_mixin.py:154} INFO - Failed to change /opt/***/logs/dag_id=air_quality/run_id=scheduled__2023-12-21T04:00:00+00:00/task_id=Insert_Data permission to 509: [Errno 1] Operation not permitted: '/opt/***/logs/dag_id=air_quality/run_id=scheduled__2023-12-21T04:00:00+00:00/task_id=Insert_Data'
[2023-12-28T16:52:22.053+0000] {logging_mixin.py:154} INFO - Changing /opt/***/logs/dag_id=air_quality/run_id=scheduled__2023-12-21T04:00:00+00:00/task_id=Insert_Data permission to 509
[2023-12-28T16:52:22.054+0000] {logging_mixin.py:154} INFO - Failed to change /opt/***/logs/dag_id=air_quality/run_id=scheduled__2023-12-21T04:00:00+00:00/task_id=Insert_Data permission to 509: [Errno 1] Operation not permitted: '/opt/***/logs/dag_id=air_quality/run_id=scheduled__2023-12-21T04:00:00+00:00/task_id=Insert_Data'
[2023-12-28T16:52:22.201+0000] {taskinstance.py:1159} INFO - Dependencies all met for dep_context=non-requeueable deps ti=<TaskInstance: air_quality.Insert_Data scheduled__2023-12-21T04:00:00+00:00 [queued]>
[2023-12-28T16:52:22.238+0000] {taskinstance.py:1159} INFO - Dependencies all met for dep_context=requeueable deps ti=<TaskInstance: air_quality.Insert_Data scheduled__2023-12-21T04:00:00+00:00 [queued]>
[2023-12-28T16:52:22.240+0000] {taskinstance.py:1361} INFO - Starting attempt 1 of 2
[2023-12-28T16:52:22.338+0000] {taskinstance.py:1382} INFO - Executing <Task(PythonOperator): Insert_Data> on 2023-12-21 04:00:00+00:00
[2023-12-28T16:52:22.352+0000] {standard_task_runner.py:57} INFO - Started process 487 to run task
[2023-12-28T16:52:22.367+0000] {standard_task_runner.py:84} INFO - Running: ['***', 'tasks', 'run', 'air_quality', 'Insert_Data', 'scheduled__2023-12-21T04:00:00+00:00', '--job-id', '940', '--raw', '--subdir', 'DAGS_FOLDER/airQuality.py', '--cfg-path', '/tmp/tmpqno65qnf']
[2023-12-28T16:52:22.373+0000] {standard_task_runner.py:85} INFO - Job 940: Subtask Insert_Data
[2023-12-28T16:52:22.586+0000] {logging_mixin.py:154} INFO - Changing /opt/***/logs/dag_id=air_quality/run_id=scheduled__2023-12-21T04:00:00+00:00/task_id=Insert_Data permission to 509
[2023-12-28T16:52:22.593+0000] {logging_mixin.py:154} INFO - Failed to change /opt/***/logs/dag_id=air_quality/run_id=scheduled__2023-12-21T04:00:00+00:00/task_id=Insert_Data permission to 509: [Errno 1] Operation not permitted: '/opt/***/logs/dag_id=air_quality/run_id=scheduled__2023-12-21T04:00:00+00:00/task_id=Insert_Data'
[2023-12-28T16:52:22.605+0000] {task_command.py:416} INFO - Running <TaskInstance: air_quality.Insert_Data scheduled__2023-12-21T04:00:00+00:00 [running]> on host d67dd4682ccf
[2023-12-28T16:52:22.912+0000] {taskinstance.py:1662} INFO - Exporting env vars: AIRFLOW_CTX_DAG_OWNER='ghifari' AIRFLOW_CTX_DAG_ID='air_quality' AIRFLOW_CTX_TASK_ID='Insert_Data' AIRFLOW_CTX_EXECUTION_DATE='2023-12-21T04:00:00+00:00' AIRFLOW_CTX_TRY_NUMBER='1' AIRFLOW_CTX_DAG_RUN_ID='scheduled__2023-12-21T04:00:00+00:00'
[2023-12-28T16:52:24.441+0000] {logging_mixin.py:154} INFO - city           object
country        object
unit           object
last_value    float64
lat           float64
lng           float64
dtype: object
[2023-12-28T16:52:24.486+0000] {base.py:73} INFO - Using connection ID 'neonServerDB-Postgres' for task execution.
[2023-12-28T16:52:24.754+0000] {python.py:194} INFO - Done. Returned value was: None
[2023-12-28T16:52:24.781+0000] {taskinstance.py:1400} INFO - Marking task as SUCCESS. dag_id=air_quality, task_id=Insert_Data, execution_date=20231221T040000, start_date=20231228T165222, end_date=20231228T165224
[2023-12-28T16:52:25.075+0000] {local_task_job_runner.py:228} INFO - Task exited with return code 0
[2023-12-28T16:52:25.145+0000] {taskinstance.py:2778} INFO - 0 downstream tasks scheduled from follow-on schedule check
[2023-12-28T16:52:54.760+0000] {logging_mixin.py:154} INFO - Changing /opt/***/logs/dag_id=air_quality/run_id=scheduled__2023-12-21T04:00:00+00:00/task_id=Insert_Data permission to 509
[2023-12-28T16:52:54.762+0000] {logging_mixin.py:154} INFO - Failed to change /opt/***/logs/dag_id=air_quality/run_id=scheduled__2023-12-21T04:00:00+00:00/task_id=Insert_Data permission to 509: [Errno 1] Operation not permitted: '/opt/***/logs/dag_id=air_quality/run_id=scheduled__2023-12-21T04:00:00+00:00/task_id=Insert_Data'
[2023-12-28T16:52:54.821+0000] {logging_mixin.py:154} INFO - Changing /opt/***/logs/dag_id=air_quality/run_id=scheduled__2023-12-21T04:00:00+00:00/task_id=Insert_Data permission to 509
[2023-12-28T16:52:54.822+0000] {logging_mixin.py:154} INFO - Failed to change /opt/***/logs/dag_id=air_quality/run_id=scheduled__2023-12-21T04:00:00+00:00/task_id=Insert_Data permission to 509: [Errno 1] Operation not permitted: '/opt/***/logs/dag_id=air_quality/run_id=scheduled__2023-12-21T04:00:00+00:00/task_id=Insert_Data'
[2023-12-28T16:52:54.887+0000] {taskinstance.py:1159} INFO - Dependencies all met for dep_context=non-requeueable deps ti=<TaskInstance: air_quality.Insert_Data scheduled__2023-12-21T04:00:00+00:00 [queued]>
[2023-12-28T16:52:54.905+0000] {taskinstance.py:1159} INFO - Dependencies all met for dep_context=requeueable deps ti=<TaskInstance: air_quality.Insert_Data scheduled__2023-12-21T04:00:00+00:00 [queued]>
[2023-12-28T16:52:54.906+0000] {taskinstance.py:1361} INFO - Starting attempt 1 of 2
[2023-12-28T16:52:54.930+0000] {taskinstance.py:1382} INFO - Executing <Task(PythonOperator): Insert_Data> on 2023-12-21 04:00:00+00:00
[2023-12-28T16:52:54.937+0000] {standard_task_runner.py:57} INFO - Started process 694 to run task
[2023-12-28T16:52:54.942+0000] {standard_task_runner.py:84} INFO - Running: ['***', 'tasks', 'run', 'air_quality', 'Insert_Data', 'scheduled__2023-12-21T04:00:00+00:00', '--job-id', '996', '--raw', '--subdir', 'DAGS_FOLDER/airQuality.py', '--cfg-path', '/tmp/tmpe8vbtyog']
[2023-12-28T16:52:54.944+0000] {standard_task_runner.py:85} INFO - Job 996: Subtask Insert_Data
[2023-12-28T16:52:55.027+0000] {logging_mixin.py:154} INFO - Changing /opt/***/logs/dag_id=air_quality/run_id=scheduled__2023-12-21T04:00:00+00:00/task_id=Insert_Data permission to 509
[2023-12-28T16:52:55.029+0000] {logging_mixin.py:154} INFO - Failed to change /opt/***/logs/dag_id=air_quality/run_id=scheduled__2023-12-21T04:00:00+00:00/task_id=Insert_Data permission to 509: [Errno 1] Operation not permitted: '/opt/***/logs/dag_id=air_quality/run_id=scheduled__2023-12-21T04:00:00+00:00/task_id=Insert_Data'
[2023-12-28T16:52:55.033+0000] {task_command.py:416} INFO - Running <TaskInstance: air_quality.Insert_Data scheduled__2023-12-21T04:00:00+00:00 [running]> on host d67dd4682ccf
[2023-12-28T16:52:55.185+0000] {taskinstance.py:1662} INFO - Exporting env vars: AIRFLOW_CTX_DAG_OWNER='ghifari' AIRFLOW_CTX_DAG_ID='air_quality' AIRFLOW_CTX_TASK_ID='Insert_Data' AIRFLOW_CTX_EXECUTION_DATE='2023-12-21T04:00:00+00:00' AIRFLOW_CTX_TRY_NUMBER='1' AIRFLOW_CTX_DAG_RUN_ID='scheduled__2023-12-21T04:00:00+00:00'
[2023-12-28T16:52:56.041+0000] {logging_mixin.py:154} INFO - city           object
country        object
unit           object
last_value    float64
lat           float64
lng           float64
dtype: object
[2023-12-28T16:52:56.063+0000] {base.py:73} INFO - Using connection ID 'neonServerDB-Postgres' for task execution.
[2023-12-28T16:52:59.297+0000] {python.py:194} INFO - Done. Returned value was: None
[2023-12-28T16:52:59.308+0000] {taskinstance.py:1400} INFO - Marking task as SUCCESS. dag_id=air_quality, task_id=Insert_Data, execution_date=20231221T040000, start_date=20231228T165254, end_date=20231228T165259
[2023-12-28T16:52:59.375+0000] {local_task_job_runner.py:228} INFO - Task exited with return code 0
[2023-12-28T16:52:59.395+0000] {taskinstance.py:2778} INFO - 0 downstream tasks scheduled from follow-on schedule check
[2023-12-28T16:55:24.374+0000] {logging_mixin.py:154} INFO - Changing /opt/***/logs/dag_id=air_quality/run_id=scheduled__2023-12-21T04:00:00+00:00/task_id=Insert_Data permission to 509
[2023-12-28T16:55:24.377+0000] {logging_mixin.py:154} INFO - Failed to change /opt/***/logs/dag_id=air_quality/run_id=scheduled__2023-12-21T04:00:00+00:00/task_id=Insert_Data permission to 509: [Errno 1] Operation not permitted: '/opt/***/logs/dag_id=air_quality/run_id=scheduled__2023-12-21T04:00:00+00:00/task_id=Insert_Data'
[2023-12-28T16:55:24.459+0000] {logging_mixin.py:154} INFO - Changing /opt/***/logs/dag_id=air_quality/run_id=scheduled__2023-12-21T04:00:00+00:00/task_id=Insert_Data permission to 509
[2023-12-28T16:55:24.460+0000] {logging_mixin.py:154} INFO - Failed to change /opt/***/logs/dag_id=air_quality/run_id=scheduled__2023-12-21T04:00:00+00:00/task_id=Insert_Data permission to 509: [Errno 1] Operation not permitted: '/opt/***/logs/dag_id=air_quality/run_id=scheduled__2023-12-21T04:00:00+00:00/task_id=Insert_Data'
[2023-12-28T16:55:24.561+0000] {taskinstance.py:1159} INFO - Dependencies all met for dep_context=non-requeueable deps ti=<TaskInstance: air_quality.Insert_Data scheduled__2023-12-21T04:00:00+00:00 [queued]>
[2023-12-28T16:55:24.616+0000] {taskinstance.py:1159} INFO - Dependencies all met for dep_context=requeueable deps ti=<TaskInstance: air_quality.Insert_Data scheduled__2023-12-21T04:00:00+00:00 [queued]>
[2023-12-28T16:55:24.620+0000] {taskinstance.py:1361} INFO - Starting attempt 1 of 2
[2023-12-28T16:55:24.669+0000] {taskinstance.py:1382} INFO - Executing <Task(PythonOperator): Insert_Data> on 2023-12-21 04:00:00+00:00
[2023-12-28T16:55:24.679+0000] {standard_task_runner.py:57} INFO - Started process 1487 to run task
[2023-12-28T16:55:24.687+0000] {standard_task_runner.py:84} INFO - Running: ['***', 'tasks', 'run', 'air_quality', 'Insert_Data', 'scheduled__2023-12-21T04:00:00+00:00', '--job-id', '1183', '--raw', '--subdir', 'DAGS_FOLDER/airQuality.py', '--cfg-path', '/tmp/tmpoxryyd7q']
[2023-12-28T16:55:24.690+0000] {standard_task_runner.py:85} INFO - Job 1183: Subtask Insert_Data
[2023-12-28T16:55:24.820+0000] {logging_mixin.py:154} INFO - Changing /opt/***/logs/dag_id=air_quality/run_id=scheduled__2023-12-21T04:00:00+00:00/task_id=Insert_Data permission to 509
[2023-12-28T16:55:24.821+0000] {logging_mixin.py:154} INFO - Failed to change /opt/***/logs/dag_id=air_quality/run_id=scheduled__2023-12-21T04:00:00+00:00/task_id=Insert_Data permission to 509: [Errno 1] Operation not permitted: '/opt/***/logs/dag_id=air_quality/run_id=scheduled__2023-12-21T04:00:00+00:00/task_id=Insert_Data'
[2023-12-28T16:55:24.826+0000] {task_command.py:416} INFO - Running <TaskInstance: air_quality.Insert_Data scheduled__2023-12-21T04:00:00+00:00 [running]> on host d67dd4682ccf
[2023-12-28T16:55:25.071+0000] {taskinstance.py:1662} INFO - Exporting env vars: AIRFLOW_CTX_DAG_OWNER='ghifari' AIRFLOW_CTX_DAG_ID='air_quality' AIRFLOW_CTX_TASK_ID='Insert_Data' AIRFLOW_CTX_EXECUTION_DATE='2023-12-21T04:00:00+00:00' AIRFLOW_CTX_TRY_NUMBER='1' AIRFLOW_CTX_DAG_RUN_ID='scheduled__2023-12-21T04:00:00+00:00'
[2023-12-28T16:55:26.169+0000] {logging_mixin.py:154} INFO - city           object
country        object
unit           object
last_value    float64
lat           float64
lng           float64
dtype: object
[2023-12-28T16:55:26.187+0000] {base.py:73} INFO - Using connection ID 'neonServerDB-Postgres' for task execution.
[2023-12-28T16:55:26.392+0000] {python.py:194} INFO - Done. Returned value was: None
[2023-12-28T16:55:26.405+0000] {taskinstance.py:1400} INFO - Marking task as SUCCESS. dag_id=air_quality, task_id=Insert_Data, execution_date=20231221T040000, start_date=20231228T165524, end_date=20231228T165526
[2023-12-28T16:55:26.473+0000] {local_task_job_runner.py:228} INFO - Task exited with return code 0
[2023-12-28T16:55:26.509+0000] {taskinstance.py:2778} INFO - 0 downstream tasks scheduled from follow-on schedule check
