[2023-12-17T11:18:43.712+0000] {logging_mixin.py:154} INFO - Changing /opt/***/logs/dag_id=air_quality/run_id=scheduled__2023-12-07T04:00:00+00:00/task_id=Create_Table permission to 509
[2023-12-17T11:18:43.718+0000] {logging_mixin.py:154} INFO - Failed to change /opt/***/logs/dag_id=air_quality/run_id=scheduled__2023-12-07T04:00:00+00:00/task_id=Create_Table permission to 509: [Errno 1] Operation not permitted: '/opt/***/logs/dag_id=air_quality/run_id=scheduled__2023-12-07T04:00:00+00:00/task_id=Create_Table'
[2023-12-17T11:18:43.805+0000] {logging_mixin.py:154} INFO - Changing /opt/***/logs/dag_id=air_quality/run_id=scheduled__2023-12-07T04:00:00+00:00/task_id=Create_Table permission to 509
[2023-12-17T11:18:43.807+0000] {logging_mixin.py:154} INFO - Failed to change /opt/***/logs/dag_id=air_quality/run_id=scheduled__2023-12-07T04:00:00+00:00/task_id=Create_Table permission to 509: [Errno 1] Operation not permitted: '/opt/***/logs/dag_id=air_quality/run_id=scheduled__2023-12-07T04:00:00+00:00/task_id=Create_Table'
[2023-12-17T11:18:43.944+0000] {taskinstance.py:1159} INFO - Dependencies all met for dep_context=non-requeueable deps ti=<TaskInstance: air_quality.Create_Table scheduled__2023-12-07T04:00:00+00:00 [queued]>
[2023-12-17T11:18:43.980+0000] {taskinstance.py:1159} INFO - Dependencies all met for dep_context=requeueable deps ti=<TaskInstance: air_quality.Create_Table scheduled__2023-12-07T04:00:00+00:00 [queued]>
[2023-12-17T11:18:43.983+0000] {taskinstance.py:1361} INFO - Starting attempt 1 of 2
[2023-12-17T11:18:44.058+0000] {taskinstance.py:1382} INFO - Executing <Task(PythonOperator): Create_Table> on 2023-12-07 04:00:00+00:00
[2023-12-17T11:18:44.066+0000] {standard_task_runner.py:57} INFO - Started process 2120 to run task
[2023-12-17T11:18:44.087+0000] {standard_task_runner.py:84} INFO - Running: ['***', 'tasks', 'run', 'air_quality', 'Create_Table', 'scheduled__2023-12-07T04:00:00+00:00', '--job-id', '353', '--raw', '--subdir', 'DAGS_FOLDER/airQuality.py', '--cfg-path', '/tmp/tmp3m0oimj4']
[2023-12-17T11:18:44.091+0000] {standard_task_runner.py:85} INFO - Job 353: Subtask Create_Table
[2023-12-17T11:18:44.301+0000] {logging_mixin.py:154} INFO - Changing /opt/***/logs/dag_id=air_quality/run_id=scheduled__2023-12-07T04:00:00+00:00/task_id=Create_Table permission to 509
[2023-12-17T11:18:44.303+0000] {logging_mixin.py:154} INFO - Failed to change /opt/***/logs/dag_id=air_quality/run_id=scheduled__2023-12-07T04:00:00+00:00/task_id=Create_Table permission to 509: [Errno 1] Operation not permitted: '/opt/***/logs/dag_id=air_quality/run_id=scheduled__2023-12-07T04:00:00+00:00/task_id=Create_Table'
[2023-12-17T11:18:44.306+0000] {task_command.py:416} INFO - Running <TaskInstance: air_quality.Create_Table scheduled__2023-12-07T04:00:00+00:00 [running]> on host 1a58977f5573
[2023-12-17T11:18:44.626+0000] {taskinstance.py:1662} INFO - Exporting env vars: AIRFLOW_CTX_DAG_OWNER='ghifari' AIRFLOW_CTX_DAG_ID='air_quality' AIRFLOW_CTX_TASK_ID='Create_Table' AIRFLOW_CTX_EXECUTION_DATE='2023-12-07T04:00:00+00:00' AIRFLOW_CTX_TRY_NUMBER='1' AIRFLOW_CTX_DAG_RUN_ID='scheduled__2023-12-07T04:00:00+00:00'
[2023-12-17T11:18:44.689+0000] {base.py:73} INFO - Using connection ID 'neonServerDB-Postgres' for task execution.
[2023-12-17T11:18:45.173+0000] {airQuality.py:160} INFO - Table air_quality Already Exist
[2023-12-17T11:18:45.209+0000] {python.py:194} INFO - Done. Returned value was: 
        CREATE TABLE air_quality (
            id serial primary key, 
            city varchar(250),
            country varchar(250), 
            unit varchar(20), 
            last_value float8, 
            lat float8,
            lng float8
        )
    
[2023-12-17T11:18:45.276+0000] {taskinstance.py:1400} INFO - Marking task as SUCCESS. dag_id=air_quality, task_id=Create_Table, execution_date=20231207T040000, start_date=20231217T111843, end_date=20231217T111845
[2023-12-17T11:18:45.330+0000] {local_task_job_runner.py:228} INFO - Task exited with return code 0
[2023-12-17T11:18:45.397+0000] {taskinstance.py:2778} INFO - 1 downstream tasks scheduled from follow-on schedule check
[2023-12-17T12:18:37.654+0000] {logging_mixin.py:154} INFO - Changing /opt/***/logs/dag_id=air_quality/run_id=scheduled__2023-12-07T04:00:00+00:00/task_id=Create_Table permission to 509
[2023-12-17T12:18:37.656+0000] {logging_mixin.py:154} INFO - Failed to change /opt/***/logs/dag_id=air_quality/run_id=scheduled__2023-12-07T04:00:00+00:00/task_id=Create_Table permission to 509: [Errno 1] Operation not permitted: '/opt/***/logs/dag_id=air_quality/run_id=scheduled__2023-12-07T04:00:00+00:00/task_id=Create_Table'
[2023-12-17T12:18:37.716+0000] {logging_mixin.py:154} INFO - Changing /opt/***/logs/dag_id=air_quality/run_id=scheduled__2023-12-07T04:00:00+00:00/task_id=Create_Table permission to 509
[2023-12-17T12:18:37.717+0000] {logging_mixin.py:154} INFO - Failed to change /opt/***/logs/dag_id=air_quality/run_id=scheduled__2023-12-07T04:00:00+00:00/task_id=Create_Table permission to 509: [Errno 1] Operation not permitted: '/opt/***/logs/dag_id=air_quality/run_id=scheduled__2023-12-07T04:00:00+00:00/task_id=Create_Table'
[2023-12-17T12:18:37.798+0000] {taskinstance.py:1159} INFO - Dependencies all met for dep_context=non-requeueable deps ti=<TaskInstance: air_quality.Create_Table scheduled__2023-12-07T04:00:00+00:00 [queued]>
[2023-12-17T12:18:37.819+0000] {taskinstance.py:1159} INFO - Dependencies all met for dep_context=requeueable deps ti=<TaskInstance: air_quality.Create_Table scheduled__2023-12-07T04:00:00+00:00 [queued]>
[2023-12-17T12:18:37.820+0000] {taskinstance.py:1361} INFO - Starting attempt 1 of 2
[2023-12-17T12:18:37.851+0000] {taskinstance.py:1382} INFO - Executing <Task(PythonOperator): Create_Table> on 2023-12-07 04:00:00+00:00
[2023-12-17T12:18:37.858+0000] {standard_task_runner.py:57} INFO - Started process 4359 to run task
[2023-12-17T12:18:37.864+0000] {standard_task_runner.py:84} INFO - Running: ['***', 'tasks', 'run', 'air_quality', 'Create_Table', 'scheduled__2023-12-07T04:00:00+00:00', '--job-id', '657', '--raw', '--subdir', 'DAGS_FOLDER/airQuality.py', '--cfg-path', '/tmp/tmp3q7kw73q']
[2023-12-17T12:18:37.871+0000] {standard_task_runner.py:85} INFO - Job 657: Subtask Create_Table
[2023-12-17T12:18:37.985+0000] {logging_mixin.py:154} INFO - Changing /opt/***/logs/dag_id=air_quality/run_id=scheduled__2023-12-07T04:00:00+00:00/task_id=Create_Table permission to 509
[2023-12-17T12:18:37.986+0000] {logging_mixin.py:154} INFO - Failed to change /opt/***/logs/dag_id=air_quality/run_id=scheduled__2023-12-07T04:00:00+00:00/task_id=Create_Table permission to 509: [Errno 1] Operation not permitted: '/opt/***/logs/dag_id=air_quality/run_id=scheduled__2023-12-07T04:00:00+00:00/task_id=Create_Table'
[2023-12-17T12:18:37.990+0000] {task_command.py:416} INFO - Running <TaskInstance: air_quality.Create_Table scheduled__2023-12-07T04:00:00+00:00 [running]> on host 1a58977f5573
[2023-12-17T12:18:38.169+0000] {taskinstance.py:1662} INFO - Exporting env vars: AIRFLOW_CTX_DAG_OWNER='ghifari' AIRFLOW_CTX_DAG_ID='air_quality' AIRFLOW_CTX_TASK_ID='Create_Table' AIRFLOW_CTX_EXECUTION_DATE='2023-12-07T04:00:00+00:00' AIRFLOW_CTX_TRY_NUMBER='1' AIRFLOW_CTX_DAG_RUN_ID='scheduled__2023-12-07T04:00:00+00:00'
[2023-12-17T12:18:38.187+0000] {base.py:73} INFO - Using connection ID 'neonServerDB-Postgres' for task execution.
[2023-12-17T12:18:38.652+0000] {airQuality.py:161} INFO - Table air_quality Already Exist
[2023-12-17T12:18:38.668+0000] {python.py:194} INFO - Done. Returned value was: 
        CREATE TABLE air_quality (
            id serial primary key, 
            city varchar(250),
            country varchar(250), 
            unit varchar(20), 
            last_value float8, 
            lat float8,
            lng float8
        )
    
[2023-12-17T12:18:38.694+0000] {taskinstance.py:1400} INFO - Marking task as SUCCESS. dag_id=air_quality, task_id=Create_Table, execution_date=20231207T040000, start_date=20231217T121837, end_date=20231217T121838
[2023-12-17T12:18:38.721+0000] {local_task_job_runner.py:228} INFO - Task exited with return code 0
[2023-12-17T12:18:38.755+0000] {taskinstance.py:2778} INFO - 1 downstream tasks scheduled from follow-on schedule check
[2023-12-28T16:51:51.026+0000] {logging_mixin.py:154} INFO - Changing /opt/***/logs/dag_id=air_quality/run_id=scheduled__2023-12-07T04:00:00+00:00/task_id=Create_Table permission to 509
[2023-12-28T16:51:51.048+0000] {logging_mixin.py:154} INFO - Failed to change /opt/***/logs/dag_id=air_quality/run_id=scheduled__2023-12-07T04:00:00+00:00/task_id=Create_Table permission to 509: [Errno 1] Operation not permitted: '/opt/***/logs/dag_id=air_quality/run_id=scheduled__2023-12-07T04:00:00+00:00/task_id=Create_Table'
[2023-12-28T16:51:51.268+0000] {logging_mixin.py:154} INFO - Changing /opt/***/logs/dag_id=air_quality/run_id=scheduled__2023-12-07T04:00:00+00:00/task_id=Create_Table permission to 509
[2023-12-28T16:51:51.273+0000] {logging_mixin.py:154} INFO - Failed to change /opt/***/logs/dag_id=air_quality/run_id=scheduled__2023-12-07T04:00:00+00:00/task_id=Create_Table permission to 509: [Errno 1] Operation not permitted: '/opt/***/logs/dag_id=air_quality/run_id=scheduled__2023-12-07T04:00:00+00:00/task_id=Create_Table'
[2023-12-28T16:51:51.647+0000] {taskinstance.py:1149} INFO - Dependencies not met for <TaskInstance: air_quality.Create_Table scheduled__2023-12-07T04:00:00+00:00 [skipped]>, dependency 'Task Instance State' FAILED: Task is in the 'skipped' state.
[2023-12-28T16:51:51.671+0000] {local_task_job_runner.py:154} INFO - Task is not able to be run
[2023-12-28T16:54:30.454+0000] {logging_mixin.py:154} INFO - Changing /opt/***/logs/dag_id=air_quality/run_id=scheduled__2023-12-07T04:00:00+00:00/task_id=Create_Table permission to 509
[2023-12-28T16:54:30.463+0000] {logging_mixin.py:154} INFO - Failed to change /opt/***/logs/dag_id=air_quality/run_id=scheduled__2023-12-07T04:00:00+00:00/task_id=Create_Table permission to 509: [Errno 1] Operation not permitted: '/opt/***/logs/dag_id=air_quality/run_id=scheduled__2023-12-07T04:00:00+00:00/task_id=Create_Table'
[2023-12-28T16:54:30.624+0000] {logging_mixin.py:154} INFO - Changing /opt/***/logs/dag_id=air_quality/run_id=scheduled__2023-12-07T04:00:00+00:00/task_id=Create_Table permission to 509
[2023-12-28T16:54:30.626+0000] {logging_mixin.py:154} INFO - Failed to change /opt/***/logs/dag_id=air_quality/run_id=scheduled__2023-12-07T04:00:00+00:00/task_id=Create_Table permission to 509: [Errno 1] Operation not permitted: '/opt/***/logs/dag_id=air_quality/run_id=scheduled__2023-12-07T04:00:00+00:00/task_id=Create_Table'
[2023-12-28T16:54:30.801+0000] {taskinstance.py:1159} INFO - Dependencies all met for dep_context=non-requeueable deps ti=<TaskInstance: air_quality.Create_Table scheduled__2023-12-07T04:00:00+00:00 [queued]>
[2023-12-28T16:54:30.834+0000] {taskinstance.py:1159} INFO - Dependencies all met for dep_context=requeueable deps ti=<TaskInstance: air_quality.Create_Table scheduled__2023-12-07T04:00:00+00:00 [queued]>
[2023-12-28T16:54:30.837+0000] {taskinstance.py:1361} INFO - Starting attempt 1 of 2
[2023-12-28T16:54:31.192+0000] {taskinstance.py:1382} INFO - Executing <Task(PythonOperator): Create_Table> on 2023-12-07 04:00:00+00:00
[2023-12-28T16:54:31.208+0000] {standard_task_runner.py:57} INFO - Started process 965 to run task
[2023-12-28T16:54:31.240+0000] {standard_task_runner.py:84} INFO - Running: ['***', 'tasks', 'run', 'air_quality', 'Create_Table', 'scheduled__2023-12-07T04:00:00+00:00', '--job-id', '1078', '--raw', '--subdir', 'DAGS_FOLDER/airQuality.py', '--cfg-path', '/tmp/tmppf8a3d19']
[2023-12-28T16:54:31.243+0000] {standard_task_runner.py:85} INFO - Job 1078: Subtask Create_Table
[2023-12-28T16:54:31.530+0000] {logging_mixin.py:154} INFO - Changing /opt/***/logs/dag_id=air_quality/run_id=scheduled__2023-12-07T04:00:00+00:00/task_id=Create_Table permission to 509
[2023-12-28T16:54:31.535+0000] {logging_mixin.py:154} INFO - Failed to change /opt/***/logs/dag_id=air_quality/run_id=scheduled__2023-12-07T04:00:00+00:00/task_id=Create_Table permission to 509: [Errno 1] Operation not permitted: '/opt/***/logs/dag_id=air_quality/run_id=scheduled__2023-12-07T04:00:00+00:00/task_id=Create_Table'
[2023-12-28T16:54:31.560+0000] {task_command.py:416} INFO - Running <TaskInstance: air_quality.Create_Table scheduled__2023-12-07T04:00:00+00:00 [running]> on host d67dd4682ccf
[2023-12-28T16:54:31.875+0000] {taskinstance.py:1662} INFO - Exporting env vars: AIRFLOW_CTX_DAG_OWNER='ghifari' AIRFLOW_CTX_DAG_ID='air_quality' AIRFLOW_CTX_TASK_ID='Create_Table' AIRFLOW_CTX_EXECUTION_DATE='2023-12-07T04:00:00+00:00' AIRFLOW_CTX_TRY_NUMBER='1' AIRFLOW_CTX_DAG_RUN_ID='scheduled__2023-12-07T04:00:00+00:00'
[2023-12-28T16:54:31.901+0000] {base.py:73} INFO - Using connection ID 'neonServerDB-Postgres' for task execution.
[2023-12-28T16:54:32.135+0000] {airQuality.py:139} INFO - Table air_quality Already Exist
[2023-12-28T16:54:32.177+0000] {python.py:194} INFO - Done. Returned value was: 
        CREATE TABLE air_quality (
            id serial primary key, 
            city varchar(250),
            country varchar(250), 
            unit varchar(20), 
            last_value float8, 
            lat float8,
            lng float8
        )
    
[2023-12-28T16:54:32.229+0000] {taskinstance.py:1400} INFO - Marking task as SUCCESS. dag_id=air_quality, task_id=Create_Table, execution_date=20231207T040000, start_date=20231228T165430, end_date=20231228T165432
[2023-12-28T16:54:32.301+0000] {local_task_job_runner.py:228} INFO - Task exited with return code 0
[2023-12-28T16:54:32.474+0000] {taskinstance.py:2778} INFO - 1 downstream tasks scheduled from follow-on schedule check
