[2023-12-28T16:08:46.261+0000] {logging_mixin.py:154} INFO - Changing /opt/***/logs/dag_id=air_quality/run_id=scheduled__2023-12-25T04:00:00+00:00/task_id=Extract permission to 509
[2023-12-28T16:08:46.262+0000] {logging_mixin.py:154} INFO - Failed to change /opt/***/logs/dag_id=air_quality/run_id=scheduled__2023-12-25T04:00:00+00:00/task_id=Extract permission to 509: [Errno 1] Operation not permitted: '/opt/***/logs/dag_id=air_quality/run_id=scheduled__2023-12-25T04:00:00+00:00/task_id=Extract'
[2023-12-28T16:08:46.380+0000] {logging_mixin.py:154} INFO - Changing /opt/***/logs/dag_id=air_quality/run_id=scheduled__2023-12-25T04:00:00+00:00/task_id=Extract permission to 509
[2023-12-28T16:08:46.381+0000] {logging_mixin.py:154} INFO - Failed to change /opt/***/logs/dag_id=air_quality/run_id=scheduled__2023-12-25T04:00:00+00:00/task_id=Extract permission to 509: [Errno 1] Operation not permitted: '/opt/***/logs/dag_id=air_quality/run_id=scheduled__2023-12-25T04:00:00+00:00/task_id=Extract'
[2023-12-28T16:08:46.507+0000] {taskinstance.py:1159} INFO - Dependencies all met for dep_context=non-requeueable deps ti=<TaskInstance: air_quality.Extract scheduled__2023-12-25T04:00:00+00:00 [queued]>
[2023-12-28T16:08:46.541+0000] {taskinstance.py:1159} INFO - Dependencies all met for dep_context=requeueable deps ti=<TaskInstance: air_quality.Extract scheduled__2023-12-25T04:00:00+00:00 [queued]>
[2023-12-28T16:08:46.543+0000] {taskinstance.py:1361} INFO - Starting attempt 1 of 2
[2023-12-28T16:08:46.958+0000] {taskinstance.py:1382} INFO - Executing <Task(PythonOperator): Extract> on 2023-12-25 04:00:00+00:00
[2023-12-28T16:08:46.990+0000] {standard_task_runner.py:57} INFO - Started process 496 to run task
[2023-12-28T16:08:47.010+0000] {standard_task_runner.py:84} INFO - Running: ['***', 'tasks', 'run', 'air_quality', 'Extract', 'scheduled__2023-12-25T04:00:00+00:00', '--job-id', '742', '--raw', '--subdir', 'DAGS_FOLDER/airQuality.py', '--cfg-path', '/tmp/tmpbotoq72x']
[2023-12-28T16:08:47.061+0000] {standard_task_runner.py:85} INFO - Job 742: Subtask Extract
[2023-12-28T16:08:47.327+0000] {logging_mixin.py:154} INFO - Changing /opt/***/logs/dag_id=air_quality/run_id=scheduled__2023-12-25T04:00:00+00:00/task_id=Extract permission to 509
[2023-12-28T16:08:47.328+0000] {logging_mixin.py:154} INFO - Failed to change /opt/***/logs/dag_id=air_quality/run_id=scheduled__2023-12-25T04:00:00+00:00/task_id=Extract permission to 509: [Errno 1] Operation not permitted: '/opt/***/logs/dag_id=air_quality/run_id=scheduled__2023-12-25T04:00:00+00:00/task_id=Extract'
[2023-12-28T16:08:47.336+0000] {task_command.py:416} INFO - Running <TaskInstance: air_quality.Extract scheduled__2023-12-25T04:00:00+00:00 [running]> on host d67dd4682ccf
[2023-12-28T16:08:47.695+0000] {taskinstance.py:1662} INFO - Exporting env vars: AIRFLOW_CTX_DAG_OWNER='ghifari' AIRFLOW_CTX_DAG_ID='air_quality' AIRFLOW_CTX_TASK_ID='Extract' AIRFLOW_CTX_EXECUTION_DATE='2023-12-25T04:00:00+00:00' AIRFLOW_CTX_TRY_NUMBER='1' AIRFLOW_CTX_DAG_RUN_ID='scheduled__2023-12-25T04:00:00+00:00'
[2023-12-28T16:08:47.849+0000] {python.py:194} INFO - Done. Returned value was: {'city': ['Jakarta'], 'country': ['ID'], 'unit': ['pm25'], 'last_value': [-999.0], 'lat': [-6.182536], 'lng': [106.834236]}
[2023-12-28T16:08:47.918+0000] {taskinstance.py:1400} INFO - Marking task as SUCCESS. dag_id=air_quality, task_id=Extract, execution_date=20231225T040000, start_date=20231228T160846, end_date=20231228T160847
[2023-12-28T16:08:48.139+0000] {local_task_job_runner.py:228} INFO - Task exited with return code 0
[2023-12-28T16:08:48.333+0000] {taskinstance.py:2778} INFO - 1 downstream tasks scheduled from follow-on schedule check
[2023-12-28T16:52:01.565+0000] {logging_mixin.py:154} INFO - Changing /opt/***/logs/dag_id=air_quality/run_id=scheduled__2023-12-25T04:00:00+00:00/task_id=Extract permission to 509
[2023-12-28T16:52:01.571+0000] {logging_mixin.py:154} INFO - Failed to change /opt/***/logs/dag_id=air_quality/run_id=scheduled__2023-12-25T04:00:00+00:00/task_id=Extract permission to 509: [Errno 1] Operation not permitted: '/opt/***/logs/dag_id=air_quality/run_id=scheduled__2023-12-25T04:00:00+00:00/task_id=Extract'
[2023-12-28T16:52:01.744+0000] {logging_mixin.py:154} INFO - Changing /opt/***/logs/dag_id=air_quality/run_id=scheduled__2023-12-25T04:00:00+00:00/task_id=Extract permission to 509
[2023-12-28T16:52:01.756+0000] {logging_mixin.py:154} INFO - Failed to change /opt/***/logs/dag_id=air_quality/run_id=scheduled__2023-12-25T04:00:00+00:00/task_id=Extract permission to 509: [Errno 1] Operation not permitted: '/opt/***/logs/dag_id=air_quality/run_id=scheduled__2023-12-25T04:00:00+00:00/task_id=Extract'
[2023-12-28T16:52:01.951+0000] {taskinstance.py:1159} INFO - Dependencies all met for dep_context=non-requeueable deps ti=<TaskInstance: air_quality.Extract scheduled__2023-12-25T04:00:00+00:00 [queued]>
[2023-12-28T16:52:02.011+0000] {taskinstance.py:1159} INFO - Dependencies all met for dep_context=requeueable deps ti=<TaskInstance: air_quality.Extract scheduled__2023-12-25T04:00:00+00:00 [queued]>
[2023-12-28T16:52:02.014+0000] {taskinstance.py:1361} INFO - Starting attempt 1 of 2
[2023-12-28T16:52:02.078+0000] {taskinstance.py:1382} INFO - Executing <Task(PythonOperator): Extract> on 2023-12-25 04:00:00+00:00
[2023-12-28T16:52:02.113+0000] {standard_task_runner.py:57} INFO - Started process 295 to run task
[2023-12-28T16:52:02.130+0000] {standard_task_runner.py:84} INFO - Running: ['***', 'tasks', 'run', 'air_quality', 'Extract', 'scheduled__2023-12-25T04:00:00+00:00', '--job-id', '890', '--raw', '--subdir', 'DAGS_FOLDER/airQuality.py', '--cfg-path', '/tmp/tmp7mqspye6']
[2023-12-28T16:52:02.134+0000] {standard_task_runner.py:85} INFO - Job 890: Subtask Extract
[2023-12-28T16:52:02.389+0000] {logging_mixin.py:154} INFO - Changing /opt/***/logs/dag_id=air_quality/run_id=scheduled__2023-12-25T04:00:00+00:00/task_id=Extract permission to 509
[2023-12-28T16:52:02.390+0000] {logging_mixin.py:154} INFO - Failed to change /opt/***/logs/dag_id=air_quality/run_id=scheduled__2023-12-25T04:00:00+00:00/task_id=Extract permission to 509: [Errno 1] Operation not permitted: '/opt/***/logs/dag_id=air_quality/run_id=scheduled__2023-12-25T04:00:00+00:00/task_id=Extract'
[2023-12-28T16:52:02.403+0000] {task_command.py:416} INFO - Running <TaskInstance: air_quality.Extract scheduled__2023-12-25T04:00:00+00:00 [running]> on host d67dd4682ccf
[2023-12-28T16:52:02.843+0000] {taskinstance.py:1662} INFO - Exporting env vars: AIRFLOW_CTX_DAG_OWNER='ghifari' AIRFLOW_CTX_DAG_ID='air_quality' AIRFLOW_CTX_TASK_ID='Extract' AIRFLOW_CTX_EXECUTION_DATE='2023-12-25T04:00:00+00:00' AIRFLOW_CTX_TRY_NUMBER='1' AIRFLOW_CTX_DAG_RUN_ID='scheduled__2023-12-25T04:00:00+00:00'
[2023-12-28T16:52:03.097+0000] {python.py:194} INFO - Done. Returned value was: {'city': ['Jakarta'], 'country': ['ID'], 'unit': ['o3'], 'last_value': [-0.999], 'lat': [-6.182536], 'lng': [106.834236]}
[2023-12-28T16:52:03.223+0000] {taskinstance.py:1400} INFO - Marking task as SUCCESS. dag_id=air_quality, task_id=Extract, execution_date=20231225T040000, start_date=20231228T165201, end_date=20231228T165203
[2023-12-28T16:52:03.338+0000] {local_task_job_runner.py:228} INFO - Task exited with return code 0
[2023-12-28T16:52:03.446+0000] {taskinstance.py:2778} INFO - 1 downstream tasks scheduled from follow-on schedule check
[2023-12-28T16:52:31.524+0000] {logging_mixin.py:154} INFO - Changing /opt/***/logs/dag_id=air_quality/run_id=scheduled__2023-12-25T04:00:00+00:00/task_id=Extract permission to 509
[2023-12-28T16:52:31.539+0000] {logging_mixin.py:154} INFO - Failed to change /opt/***/logs/dag_id=air_quality/run_id=scheduled__2023-12-25T04:00:00+00:00/task_id=Extract permission to 509: [Errno 1] Operation not permitted: '/opt/***/logs/dag_id=air_quality/run_id=scheduled__2023-12-25T04:00:00+00:00/task_id=Extract'
[2023-12-28T16:52:31.696+0000] {logging_mixin.py:154} INFO - Changing /opt/***/logs/dag_id=air_quality/run_id=scheduled__2023-12-25T04:00:00+00:00/task_id=Extract permission to 509
[2023-12-28T16:52:31.697+0000] {logging_mixin.py:154} INFO - Failed to change /opt/***/logs/dag_id=air_quality/run_id=scheduled__2023-12-25T04:00:00+00:00/task_id=Extract permission to 509: [Errno 1] Operation not permitted: '/opt/***/logs/dag_id=air_quality/run_id=scheduled__2023-12-25T04:00:00+00:00/task_id=Extract'
[2023-12-28T16:52:31.853+0000] {taskinstance.py:1159} INFO - Dependencies all met for dep_context=non-requeueable deps ti=<TaskInstance: air_quality.Extract scheduled__2023-12-25T04:00:00+00:00 [queued]>
[2023-12-28T16:52:31.903+0000] {taskinstance.py:1159} INFO - Dependencies all met for dep_context=requeueable deps ti=<TaskInstance: air_quality.Extract scheduled__2023-12-25T04:00:00+00:00 [queued]>
[2023-12-28T16:52:31.905+0000] {taskinstance.py:1361} INFO - Starting attempt 1 of 2
[2023-12-28T16:52:32.003+0000] {taskinstance.py:1382} INFO - Executing <Task(PythonOperator): Extract> on 2023-12-25 04:00:00+00:00
[2023-12-28T16:52:32.017+0000] {standard_task_runner.py:57} INFO - Started process 606 to run task
[2023-12-28T16:52:32.078+0000] {standard_task_runner.py:84} INFO - Running: ['***', 'tasks', 'run', 'air_quality', 'Extract', 'scheduled__2023-12-25T04:00:00+00:00', '--job-id', '957', '--raw', '--subdir', 'DAGS_FOLDER/airQuality.py', '--cfg-path', '/tmp/tmpsp0pxay3']
[2023-12-28T16:52:32.082+0000] {standard_task_runner.py:85} INFO - Job 957: Subtask Extract
[2023-12-28T16:52:32.318+0000] {logging_mixin.py:154} INFO - Changing /opt/***/logs/dag_id=air_quality/run_id=scheduled__2023-12-25T04:00:00+00:00/task_id=Extract permission to 509
[2023-12-28T16:52:32.321+0000] {logging_mixin.py:154} INFO - Failed to change /opt/***/logs/dag_id=air_quality/run_id=scheduled__2023-12-25T04:00:00+00:00/task_id=Extract permission to 509: [Errno 1] Operation not permitted: '/opt/***/logs/dag_id=air_quality/run_id=scheduled__2023-12-25T04:00:00+00:00/task_id=Extract'
[2023-12-28T16:52:32.335+0000] {task_command.py:416} INFO - Running <TaskInstance: air_quality.Extract scheduled__2023-12-25T04:00:00+00:00 [running]> on host d67dd4682ccf
[2023-12-28T16:52:32.965+0000] {taskinstance.py:1662} INFO - Exporting env vars: AIRFLOW_CTX_DAG_OWNER='ghifari' AIRFLOW_CTX_DAG_ID='air_quality' AIRFLOW_CTX_TASK_ID='Extract' AIRFLOW_CTX_EXECUTION_DATE='2023-12-25T04:00:00+00:00' AIRFLOW_CTX_TRY_NUMBER='1' AIRFLOW_CTX_DAG_RUN_ID='scheduled__2023-12-25T04:00:00+00:00'
[2023-12-28T16:52:33.397+0000] {python.py:194} INFO - Done. Returned value was: {'city': ['Jakarta'], 'country': ['ID'], 'unit': ['o3'], 'last_value': [-0.999], 'lat': [-6.182536], 'lng': [106.834236]}
[2023-12-28T16:52:33.456+0000] {taskinstance.py:1400} INFO - Marking task as SUCCESS. dag_id=air_quality, task_id=Extract, execution_date=20231225T040000, start_date=20231228T165231, end_date=20231228T165233
[2023-12-28T16:52:33.531+0000] {local_task_job_runner.py:228} INFO - Task exited with return code 0
[2023-12-28T16:52:33.690+0000] {taskinstance.py:2778} INFO - 1 downstream tasks scheduled from follow-on schedule check
[2023-12-28T16:55:30.858+0000] {logging_mixin.py:154} INFO - Changing /opt/***/logs/dag_id=air_quality/run_id=scheduled__2023-12-25T04:00:00+00:00/task_id=Extract permission to 509
[2023-12-28T16:55:30.864+0000] {logging_mixin.py:154} INFO - Failed to change /opt/***/logs/dag_id=air_quality/run_id=scheduled__2023-12-25T04:00:00+00:00/task_id=Extract permission to 509: [Errno 1] Operation not permitted: '/opt/***/logs/dag_id=air_quality/run_id=scheduled__2023-12-25T04:00:00+00:00/task_id=Extract'
[2023-12-28T16:55:30.947+0000] {logging_mixin.py:154} INFO - Changing /opt/***/logs/dag_id=air_quality/run_id=scheduled__2023-12-25T04:00:00+00:00/task_id=Extract permission to 509
[2023-12-28T16:55:30.949+0000] {logging_mixin.py:154} INFO - Failed to change /opt/***/logs/dag_id=air_quality/run_id=scheduled__2023-12-25T04:00:00+00:00/task_id=Extract permission to 509: [Errno 1] Operation not permitted: '/opt/***/logs/dag_id=air_quality/run_id=scheduled__2023-12-25T04:00:00+00:00/task_id=Extract'
[2023-12-28T16:55:31.039+0000] {taskinstance.py:1159} INFO - Dependencies all met for dep_context=non-requeueable deps ti=<TaskInstance: air_quality.Extract scheduled__2023-12-25T04:00:00+00:00 [queued]>
[2023-12-28T16:55:31.092+0000] {taskinstance.py:1159} INFO - Dependencies all met for dep_context=requeueable deps ti=<TaskInstance: air_quality.Extract scheduled__2023-12-25T04:00:00+00:00 [queued]>
[2023-12-28T16:55:31.094+0000] {taskinstance.py:1361} INFO - Starting attempt 1 of 2
[2023-12-28T16:55:31.282+0000] {taskinstance.py:1382} INFO - Executing <Task(PythonOperator): Extract> on 2023-12-25 04:00:00+00:00
[2023-12-28T16:55:31.294+0000] {standard_task_runner.py:57} INFO - Started process 1575 to run task
[2023-12-28T16:55:31.308+0000] {standard_task_runner.py:84} INFO - Running: ['***', 'tasks', 'run', 'air_quality', 'Extract', 'scheduled__2023-12-25T04:00:00+00:00', '--job-id', '1188', '--raw', '--subdir', 'DAGS_FOLDER/airQuality.py', '--cfg-path', '/tmp/tmph_uvk80a']
[2023-12-28T16:55:31.327+0000] {standard_task_runner.py:85} INFO - Job 1188: Subtask Extract
[2023-12-28T16:55:31.490+0000] {logging_mixin.py:154} INFO - Changing /opt/***/logs/dag_id=air_quality/run_id=scheduled__2023-12-25T04:00:00+00:00/task_id=Extract permission to 509
[2023-12-28T16:55:31.491+0000] {logging_mixin.py:154} INFO - Failed to change /opt/***/logs/dag_id=air_quality/run_id=scheduled__2023-12-25T04:00:00+00:00/task_id=Extract permission to 509: [Errno 1] Operation not permitted: '/opt/***/logs/dag_id=air_quality/run_id=scheduled__2023-12-25T04:00:00+00:00/task_id=Extract'
[2023-12-28T16:55:31.496+0000] {task_command.py:416} INFO - Running <TaskInstance: air_quality.Extract scheduled__2023-12-25T04:00:00+00:00 [running]> on host d67dd4682ccf
[2023-12-28T16:55:31.725+0000] {taskinstance.py:1662} INFO - Exporting env vars: AIRFLOW_CTX_DAG_OWNER='ghifari' AIRFLOW_CTX_DAG_ID='air_quality' AIRFLOW_CTX_TASK_ID='Extract' AIRFLOW_CTX_EXECUTION_DATE='2023-12-25T04:00:00+00:00' AIRFLOW_CTX_TRY_NUMBER='1' AIRFLOW_CTX_DAG_RUN_ID='scheduled__2023-12-25T04:00:00+00:00'
[2023-12-28T16:55:31.832+0000] {python.py:194} INFO - Done. Returned value was: {'city': ['Jakarta'], 'country': ['ID'], 'unit': ['o3'], 'last_value': [-0.999], 'lat': [-6.182536], 'lng': [106.834236]}
[2023-12-28T16:55:31.873+0000] {taskinstance.py:1400} INFO - Marking task as SUCCESS. dag_id=air_quality, task_id=Extract, execution_date=20231225T040000, start_date=20231228T165531, end_date=20231228T165531
[2023-12-28T16:55:31.942+0000] {local_task_job_runner.py:228} INFO - Task exited with return code 0
[2023-12-28T16:55:31.999+0000] {taskinstance.py:2778} INFO - 1 downstream tasks scheduled from follow-on schedule check
