[2023-12-16T12:52:59.198+0000] {logging_mixin.py:154} INFO - Changing /opt/***/logs/dag_id=air_quality/run_id=manual__2023-12-16T12:50:47.142901+00:00/task_id=Transform permission to 509
[2023-12-16T12:52:59.199+0000] {logging_mixin.py:154} INFO - Failed to change /opt/***/logs/dag_id=air_quality/run_id=manual__2023-12-16T12:50:47.142901+00:00/task_id=Transform permission to 509: [Errno 1] Operation not permitted: '/opt/***/logs/dag_id=air_quality/run_id=manual__2023-12-16T12:50:47.142901+00:00/task_id=Transform'
[2023-12-16T12:52:59.229+0000] {logging_mixin.py:154} INFO - Changing /opt/***/logs/dag_id=air_quality/run_id=manual__2023-12-16T12:50:47.142901+00:00/task_id=Transform permission to 509
[2023-12-16T12:52:59.229+0000] {logging_mixin.py:154} INFO - Failed to change /opt/***/logs/dag_id=air_quality/run_id=manual__2023-12-16T12:50:47.142901+00:00/task_id=Transform permission to 509: [Errno 1] Operation not permitted: '/opt/***/logs/dag_id=air_quality/run_id=manual__2023-12-16T12:50:47.142901+00:00/task_id=Transform'
[2023-12-16T12:52:59.265+0000] {taskinstance.py:1159} INFO - Dependencies all met for dep_context=non-requeueable deps ti=<TaskInstance: air_quality.Transform manual__2023-12-16T12:50:47.142901+00:00 [queued]>
[2023-12-16T12:52:59.277+0000] {taskinstance.py:1159} INFO - Dependencies all met for dep_context=requeueable deps ti=<TaskInstance: air_quality.Transform manual__2023-12-16T12:50:47.142901+00:00 [queued]>
[2023-12-16T12:52:59.278+0000] {taskinstance.py:1361} INFO - Starting attempt 2 of 3
[2023-12-16T12:52:59.295+0000] {taskinstance.py:1382} INFO - Executing <Task(PythonOperator): Transform> on 2023-12-16 12:50:47.142901+00:00
[2023-12-16T12:52:59.299+0000] {standard_task_runner.py:57} INFO - Started process 2133 to run task
[2023-12-16T12:52:59.302+0000] {standard_task_runner.py:84} INFO - Running: ['***', 'tasks', 'run', 'air_quality', 'Transform', 'manual__2023-12-16T12:50:47.142901+00:00', '--job-id', '154', '--raw', '--subdir', 'DAGS_FOLDER/airQuality.py', '--cfg-path', '/tmp/tmp580z4jgp']
[2023-12-16T12:52:59.304+0000] {standard_task_runner.py:85} INFO - Job 154: Subtask Transform
[2023-12-16T12:52:59.357+0000] {logging_mixin.py:154} INFO - Changing /opt/***/logs/dag_id=air_quality/run_id=manual__2023-12-16T12:50:47.142901+00:00/task_id=Transform permission to 509
[2023-12-16T12:52:59.358+0000] {logging_mixin.py:154} INFO - Failed to change /opt/***/logs/dag_id=air_quality/run_id=manual__2023-12-16T12:50:47.142901+00:00/task_id=Transform permission to 509: [Errno 1] Operation not permitted: '/opt/***/logs/dag_id=air_quality/run_id=manual__2023-12-16T12:50:47.142901+00:00/task_id=Transform'
[2023-12-16T12:52:59.361+0000] {task_command.py:416} INFO - Running <TaskInstance: air_quality.Transform manual__2023-12-16T12:50:47.142901+00:00 [running]> on host d739bc9bef06
[2023-12-16T12:52:59.483+0000] {taskinstance.py:1662} INFO - Exporting env vars: AIRFLOW_CTX_DAG_OWNER='ghifari' AIRFLOW_CTX_DAG_ID='air_quality' AIRFLOW_CTX_TASK_ID='Transform' AIRFLOW_CTX_EXECUTION_DATE='2023-12-16T12:50:47.142901+00:00' AIRFLOW_CTX_TRY_NUMBER='2' AIRFLOW_CTX_DAG_RUN_ID='manual__2023-12-16T12:50:47.142901+00:00'
[2023-12-16T12:52:59.998+0000] {python.py:194} INFO - Done. Returned value was:       city country  unit  last_value       lat         lng
0  Jakarta      ID  pm25      -999.0 -6.182536  106.834236
[2023-12-16T12:53:00.040+0000] {taskinstance.py:1400} INFO - Marking task as SUCCESS. dag_id=air_quality, task_id=Transform, execution_date=20231216T125047, start_date=20231216T125259, end_date=20231216T125300
[2023-12-16T12:53:00.078+0000] {local_task_job_runner.py:228} INFO - Task exited with return code 0
[2023-12-16T12:53:00.121+0000] {taskinstance.py:2778} INFO - 1 downstream tasks scheduled from follow-on schedule check
