[2023-12-28T16:09:17.251+0000] {logging_mixin.py:154} INFO - Changing /opt/***/logs/dag_id=air_quality/run_id=scheduled__2023-12-20T04:00:00+00:00/task_id=Insert_Data permission to 509
[2023-12-28T16:09:17.254+0000] {logging_mixin.py:154} INFO - Failed to change /opt/***/logs/dag_id=air_quality/run_id=scheduled__2023-12-20T04:00:00+00:00/task_id=Insert_Data permission to 509: [Errno 1] Operation not permitted: '/opt/***/logs/dag_id=air_quality/run_id=scheduled__2023-12-20T04:00:00+00:00/task_id=Insert_Data'
[2023-12-28T16:09:17.381+0000] {logging_mixin.py:154} INFO - Changing /opt/***/logs/dag_id=air_quality/run_id=scheduled__2023-12-20T04:00:00+00:00/task_id=Insert_Data permission to 509
[2023-12-28T16:09:17.383+0000] {logging_mixin.py:154} INFO - Failed to change /opt/***/logs/dag_id=air_quality/run_id=scheduled__2023-12-20T04:00:00+00:00/task_id=Insert_Data permission to 509: [Errno 1] Operation not permitted: '/opt/***/logs/dag_id=air_quality/run_id=scheduled__2023-12-20T04:00:00+00:00/task_id=Insert_Data'
[2023-12-28T16:09:17.467+0000] {taskinstance.py:1159} INFO - Dependencies all met for dep_context=non-requeueable deps ti=<TaskInstance: air_quality.Insert_Data scheduled__2023-12-20T04:00:00+00:00 [queued]>
[2023-12-28T16:09:17.499+0000] {taskinstance.py:1159} INFO - Dependencies all met for dep_context=requeueable deps ti=<TaskInstance: air_quality.Insert_Data scheduled__2023-12-20T04:00:00+00:00 [queued]>
[2023-12-28T16:09:17.500+0000] {taskinstance.py:1361} INFO - Starting attempt 1 of 2
[2023-12-28T16:09:17.576+0000] {taskinstance.py:1382} INFO - Executing <Task(PythonOperator): Insert_Data> on 2023-12-20 04:00:00+00:00
[2023-12-28T16:09:17.588+0000] {standard_task_runner.py:57} INFO - Started process 587 to run task
[2023-12-28T16:09:17.599+0000] {standard_task_runner.py:84} INFO - Running: ['***', 'tasks', 'run', 'air_quality', 'Insert_Data', 'scheduled__2023-12-20T04:00:00+00:00', '--job-id', '781', '--raw', '--subdir', 'DAGS_FOLDER/airQuality.py', '--cfg-path', '/tmp/tmpzlwtbell']
[2023-12-28T16:09:17.601+0000] {standard_task_runner.py:85} INFO - Job 781: Subtask Insert_Data
[2023-12-28T16:09:17.756+0000] {logging_mixin.py:154} INFO - Changing /opt/***/logs/dag_id=air_quality/run_id=scheduled__2023-12-20T04:00:00+00:00/task_id=Insert_Data permission to 509
[2023-12-28T16:09:17.757+0000] {logging_mixin.py:154} INFO - Failed to change /opt/***/logs/dag_id=air_quality/run_id=scheduled__2023-12-20T04:00:00+00:00/task_id=Insert_Data permission to 509: [Errno 1] Operation not permitted: '/opt/***/logs/dag_id=air_quality/run_id=scheduled__2023-12-20T04:00:00+00:00/task_id=Insert_Data'
[2023-12-28T16:09:17.761+0000] {task_command.py:416} INFO - Running <TaskInstance: air_quality.Insert_Data scheduled__2023-12-20T04:00:00+00:00 [running]> on host d67dd4682ccf
[2023-12-28T16:09:17.986+0000] {taskinstance.py:1662} INFO - Exporting env vars: AIRFLOW_CTX_DAG_OWNER='ghifari' AIRFLOW_CTX_DAG_ID='air_quality' AIRFLOW_CTX_TASK_ID='Insert_Data' AIRFLOW_CTX_EXECUTION_DATE='2023-12-20T04:00:00+00:00' AIRFLOW_CTX_TRY_NUMBER='1' AIRFLOW_CTX_DAG_RUN_ID='scheduled__2023-12-20T04:00:00+00:00'
[2023-12-28T16:09:19.550+0000] {logging_mixin.py:154} INFO - city           object
country        object
unit           object
last_value    float64
lat           float64
lng           float64
dtype: object
[2023-12-28T16:09:19.579+0000] {base.py:73} INFO - Using connection ID 'neonServerDB-Postgres' for task execution.
[2023-12-28T16:09:21.189+0000] {python.py:194} INFO - Done. Returned value was: None
[2023-12-28T16:09:21.211+0000] {taskinstance.py:1400} INFO - Marking task as SUCCESS. dag_id=air_quality, task_id=Insert_Data, execution_date=20231220T040000, start_date=20231228T160917, end_date=20231228T160921
[2023-12-28T16:09:21.447+0000] {local_task_job_runner.py:228} INFO - Task exited with return code 0
[2023-12-28T16:09:21.489+0000] {taskinstance.py:2778} INFO - 0 downstream tasks scheduled from follow-on schedule check
[2023-12-28T16:52:22.042+0000] {logging_mixin.py:154} INFO - Changing /opt/***/logs/dag_id=air_quality/run_id=scheduled__2023-12-20T04:00:00+00:00/task_id=Insert_Data permission to 509
[2023-12-28T16:52:22.046+0000] {logging_mixin.py:154} INFO - Failed to change /opt/***/logs/dag_id=air_quality/run_id=scheduled__2023-12-20T04:00:00+00:00/task_id=Insert_Data permission to 509: [Errno 1] Operation not permitted: '/opt/***/logs/dag_id=air_quality/run_id=scheduled__2023-12-20T04:00:00+00:00/task_id=Insert_Data'
[2023-12-28T16:52:22.157+0000] {logging_mixin.py:154} INFO - Changing /opt/***/logs/dag_id=air_quality/run_id=scheduled__2023-12-20T04:00:00+00:00/task_id=Insert_Data permission to 509
[2023-12-28T16:52:22.158+0000] {logging_mixin.py:154} INFO - Failed to change /opt/***/logs/dag_id=air_quality/run_id=scheduled__2023-12-20T04:00:00+00:00/task_id=Insert_Data permission to 509: [Errno 1] Operation not permitted: '/opt/***/logs/dag_id=air_quality/run_id=scheduled__2023-12-20T04:00:00+00:00/task_id=Insert_Data'
[2023-12-28T16:52:22.280+0000] {taskinstance.py:1159} INFO - Dependencies all met for dep_context=non-requeueable deps ti=<TaskInstance: air_quality.Insert_Data scheduled__2023-12-20T04:00:00+00:00 [queued]>
[2023-12-28T16:52:22.307+0000] {taskinstance.py:1159} INFO - Dependencies all met for dep_context=requeueable deps ti=<TaskInstance: air_quality.Insert_Data scheduled__2023-12-20T04:00:00+00:00 [queued]>
[2023-12-28T16:52:22.308+0000] {taskinstance.py:1361} INFO - Starting attempt 1 of 2
[2023-12-28T16:52:22.365+0000] {taskinstance.py:1382} INFO - Executing <Task(PythonOperator): Insert_Data> on 2023-12-20 04:00:00+00:00
[2023-12-28T16:52:22.375+0000] {standard_task_runner.py:57} INFO - Started process 488 to run task
[2023-12-28T16:52:22.386+0000] {standard_task_runner.py:84} INFO - Running: ['***', 'tasks', 'run', 'air_quality', 'Insert_Data', 'scheduled__2023-12-20T04:00:00+00:00', '--job-id', '942', '--raw', '--subdir', 'DAGS_FOLDER/airQuality.py', '--cfg-path', '/tmp/tmpeh1tgb2y']
[2023-12-28T16:52:22.389+0000] {standard_task_runner.py:85} INFO - Job 942: Subtask Insert_Data
[2023-12-28T16:52:22.551+0000] {logging_mixin.py:154} INFO - Changing /opt/***/logs/dag_id=air_quality/run_id=scheduled__2023-12-20T04:00:00+00:00/task_id=Insert_Data permission to 509
[2023-12-28T16:52:22.552+0000] {logging_mixin.py:154} INFO - Failed to change /opt/***/logs/dag_id=air_quality/run_id=scheduled__2023-12-20T04:00:00+00:00/task_id=Insert_Data permission to 509: [Errno 1] Operation not permitted: '/opt/***/logs/dag_id=air_quality/run_id=scheduled__2023-12-20T04:00:00+00:00/task_id=Insert_Data'
[2023-12-28T16:52:22.565+0000] {task_command.py:416} INFO - Running <TaskInstance: air_quality.Insert_Data scheduled__2023-12-20T04:00:00+00:00 [running]> on host d67dd4682ccf
[2023-12-28T16:52:22.846+0000] {taskinstance.py:1662} INFO - Exporting env vars: AIRFLOW_CTX_DAG_OWNER='ghifari' AIRFLOW_CTX_DAG_ID='air_quality' AIRFLOW_CTX_TASK_ID='Insert_Data' AIRFLOW_CTX_EXECUTION_DATE='2023-12-20T04:00:00+00:00' AIRFLOW_CTX_TRY_NUMBER='1' AIRFLOW_CTX_DAG_RUN_ID='scheduled__2023-12-20T04:00:00+00:00'
[2023-12-28T16:52:24.083+0000] {logging_mixin.py:154} INFO - city           object
country        object
unit           object
last_value    float64
lat           float64
lng           float64
dtype: object
[2023-12-28T16:52:24.116+0000] {base.py:73} INFO - Using connection ID 'neonServerDB-Postgres' for task execution.
[2023-12-28T16:52:24.476+0000] {python.py:194} INFO - Done. Returned value was: None
[2023-12-28T16:52:24.523+0000] {taskinstance.py:1400} INFO - Marking task as SUCCESS. dag_id=air_quality, task_id=Insert_Data, execution_date=20231220T040000, start_date=20231228T165222, end_date=20231228T165224
[2023-12-28T16:52:24.629+0000] {local_task_job_runner.py:228} INFO - Task exited with return code 0
[2023-12-28T16:52:24.684+0000] {taskinstance.py:2778} INFO - 0 downstream tasks scheduled from follow-on schedule check
[2023-12-28T16:52:54.762+0000] {logging_mixin.py:154} INFO - Changing /opt/***/logs/dag_id=air_quality/run_id=scheduled__2023-12-20T04:00:00+00:00/task_id=Insert_Data permission to 509
[2023-12-28T16:52:54.764+0000] {logging_mixin.py:154} INFO - Failed to change /opt/***/logs/dag_id=air_quality/run_id=scheduled__2023-12-20T04:00:00+00:00/task_id=Insert_Data permission to 509: [Errno 1] Operation not permitted: '/opt/***/logs/dag_id=air_quality/run_id=scheduled__2023-12-20T04:00:00+00:00/task_id=Insert_Data'
[2023-12-28T16:52:54.813+0000] {logging_mixin.py:154} INFO - Changing /opt/***/logs/dag_id=air_quality/run_id=scheduled__2023-12-20T04:00:00+00:00/task_id=Insert_Data permission to 509
[2023-12-28T16:52:54.815+0000] {logging_mixin.py:154} INFO - Failed to change /opt/***/logs/dag_id=air_quality/run_id=scheduled__2023-12-20T04:00:00+00:00/task_id=Insert_Data permission to 509: [Errno 1] Operation not permitted: '/opt/***/logs/dag_id=air_quality/run_id=scheduled__2023-12-20T04:00:00+00:00/task_id=Insert_Data'
[2023-12-28T16:52:54.881+0000] {taskinstance.py:1159} INFO - Dependencies all met for dep_context=non-requeueable deps ti=<TaskInstance: air_quality.Insert_Data scheduled__2023-12-20T04:00:00+00:00 [queued]>
[2023-12-28T16:52:54.900+0000] {taskinstance.py:1159} INFO - Dependencies all met for dep_context=requeueable deps ti=<TaskInstance: air_quality.Insert_Data scheduled__2023-12-20T04:00:00+00:00 [queued]>
[2023-12-28T16:52:54.901+0000] {taskinstance.py:1361} INFO - Starting attempt 1 of 2
[2023-12-28T16:52:54.924+0000] {taskinstance.py:1382} INFO - Executing <Task(PythonOperator): Insert_Data> on 2023-12-20 04:00:00+00:00
[2023-12-28T16:52:54.930+0000] {standard_task_runner.py:57} INFO - Started process 692 to run task
[2023-12-28T16:52:54.937+0000] {standard_task_runner.py:84} INFO - Running: ['***', 'tasks', 'run', 'air_quality', 'Insert_Data', 'scheduled__2023-12-20T04:00:00+00:00', '--job-id', '995', '--raw', '--subdir', 'DAGS_FOLDER/airQuality.py', '--cfg-path', '/tmp/tmp54m85nd2']
[2023-12-28T16:52:54.939+0000] {standard_task_runner.py:85} INFO - Job 995: Subtask Insert_Data
[2023-12-28T16:52:55.016+0000] {logging_mixin.py:154} INFO - Changing /opt/***/logs/dag_id=air_quality/run_id=scheduled__2023-12-20T04:00:00+00:00/task_id=Insert_Data permission to 509
[2023-12-28T16:52:55.017+0000] {logging_mixin.py:154} INFO - Failed to change /opt/***/logs/dag_id=air_quality/run_id=scheduled__2023-12-20T04:00:00+00:00/task_id=Insert_Data permission to 509: [Errno 1] Operation not permitted: '/opt/***/logs/dag_id=air_quality/run_id=scheduled__2023-12-20T04:00:00+00:00/task_id=Insert_Data'
[2023-12-28T16:52:55.021+0000] {task_command.py:416} INFO - Running <TaskInstance: air_quality.Insert_Data scheduled__2023-12-20T04:00:00+00:00 [running]> on host d67dd4682ccf
[2023-12-28T16:52:55.176+0000] {taskinstance.py:1662} INFO - Exporting env vars: AIRFLOW_CTX_DAG_OWNER='ghifari' AIRFLOW_CTX_DAG_ID='air_quality' AIRFLOW_CTX_TASK_ID='Insert_Data' AIRFLOW_CTX_EXECUTION_DATE='2023-12-20T04:00:00+00:00' AIRFLOW_CTX_TRY_NUMBER='1' AIRFLOW_CTX_DAG_RUN_ID='scheduled__2023-12-20T04:00:00+00:00'
[2023-12-28T16:52:56.054+0000] {logging_mixin.py:154} INFO - city           object
country        object
unit           object
last_value    float64
lat           float64
lng           float64
dtype: object
[2023-12-28T16:52:56.073+0000] {base.py:73} INFO - Using connection ID 'neonServerDB-Postgres' for task execution.
[2023-12-28T16:52:59.322+0000] {python.py:194} INFO - Done. Returned value was: None
[2023-12-28T16:52:59.335+0000] {taskinstance.py:1400} INFO - Marking task as SUCCESS. dag_id=air_quality, task_id=Insert_Data, execution_date=20231220T040000, start_date=20231228T165254, end_date=20231228T165259
[2023-12-28T16:52:59.370+0000] {local_task_job_runner.py:228} INFO - Task exited with return code 0
[2023-12-28T16:52:59.390+0000] {taskinstance.py:2778} INFO - 0 downstream tasks scheduled from follow-on schedule check
[2023-12-28T16:55:23.834+0000] {logging_mixin.py:154} INFO - Changing /opt/***/logs/dag_id=air_quality/run_id=scheduled__2023-12-20T04:00:00+00:00/task_id=Insert_Data permission to 509
[2023-12-28T16:55:23.836+0000] {logging_mixin.py:154} INFO - Failed to change /opt/***/logs/dag_id=air_quality/run_id=scheduled__2023-12-20T04:00:00+00:00/task_id=Insert_Data permission to 509: [Errno 1] Operation not permitted: '/opt/***/logs/dag_id=air_quality/run_id=scheduled__2023-12-20T04:00:00+00:00/task_id=Insert_Data'
[2023-12-28T16:55:23.924+0000] {logging_mixin.py:154} INFO - Changing /opt/***/logs/dag_id=air_quality/run_id=scheduled__2023-12-20T04:00:00+00:00/task_id=Insert_Data permission to 509
[2023-12-28T16:55:23.926+0000] {logging_mixin.py:154} INFO - Failed to change /opt/***/logs/dag_id=air_quality/run_id=scheduled__2023-12-20T04:00:00+00:00/task_id=Insert_Data permission to 509: [Errno 1] Operation not permitted: '/opt/***/logs/dag_id=air_quality/run_id=scheduled__2023-12-20T04:00:00+00:00/task_id=Insert_Data'
[2023-12-28T16:55:24.021+0000] {taskinstance.py:1159} INFO - Dependencies all met for dep_context=non-requeueable deps ti=<TaskInstance: air_quality.Insert_Data scheduled__2023-12-20T04:00:00+00:00 [queued]>
[2023-12-28T16:55:24.053+0000] {taskinstance.py:1159} INFO - Dependencies all met for dep_context=requeueable deps ti=<TaskInstance: air_quality.Insert_Data scheduled__2023-12-20T04:00:00+00:00 [queued]>
[2023-12-28T16:55:24.054+0000] {taskinstance.py:1361} INFO - Starting attempt 1 of 2
[2023-12-28T16:55:24.110+0000] {taskinstance.py:1382} INFO - Executing <Task(PythonOperator): Insert_Data> on 2023-12-20 04:00:00+00:00
[2023-12-28T16:55:24.118+0000] {standard_task_runner.py:57} INFO - Started process 1473 to run task
[2023-12-28T16:55:24.129+0000] {standard_task_runner.py:84} INFO - Running: ['***', 'tasks', 'run', 'air_quality', 'Insert_Data', 'scheduled__2023-12-20T04:00:00+00:00', '--job-id', '1181', '--raw', '--subdir', 'DAGS_FOLDER/airQuality.py', '--cfg-path', '/tmp/tmppqg04oat']
[2023-12-28T16:55:24.134+0000] {standard_task_runner.py:85} INFO - Job 1181: Subtask Insert_Data
[2023-12-28T16:55:24.277+0000] {logging_mixin.py:154} INFO - Changing /opt/***/logs/dag_id=air_quality/run_id=scheduled__2023-12-20T04:00:00+00:00/task_id=Insert_Data permission to 509
[2023-12-28T16:55:24.279+0000] {logging_mixin.py:154} INFO - Failed to change /opt/***/logs/dag_id=air_quality/run_id=scheduled__2023-12-20T04:00:00+00:00/task_id=Insert_Data permission to 509: [Errno 1] Operation not permitted: '/opt/***/logs/dag_id=air_quality/run_id=scheduled__2023-12-20T04:00:00+00:00/task_id=Insert_Data'
[2023-12-28T16:55:24.282+0000] {task_command.py:416} INFO - Running <TaskInstance: air_quality.Insert_Data scheduled__2023-12-20T04:00:00+00:00 [running]> on host d67dd4682ccf
[2023-12-28T16:55:24.515+0000] {taskinstance.py:1662} INFO - Exporting env vars: AIRFLOW_CTX_DAG_OWNER='ghifari' AIRFLOW_CTX_DAG_ID='air_quality' AIRFLOW_CTX_TASK_ID='Insert_Data' AIRFLOW_CTX_EXECUTION_DATE='2023-12-20T04:00:00+00:00' AIRFLOW_CTX_TRY_NUMBER='1' AIRFLOW_CTX_DAG_RUN_ID='scheduled__2023-12-20T04:00:00+00:00'
[2023-12-28T16:55:25.795+0000] {logging_mixin.py:154} INFO - city           object
country        object
unit           object
last_value    float64
lat           float64
lng           float64
dtype: object
[2023-12-28T16:55:25.815+0000] {base.py:73} INFO - Using connection ID 'neonServerDB-Postgres' for task execution.
[2023-12-28T16:55:26.054+0000] {python.py:194} INFO - Done. Returned value was: None
[2023-12-28T16:55:26.069+0000] {taskinstance.py:1400} INFO - Marking task as SUCCESS. dag_id=air_quality, task_id=Insert_Data, execution_date=20231220T040000, start_date=20231228T165524, end_date=20231228T165526
[2023-12-28T16:55:26.122+0000] {local_task_job_runner.py:228} INFO - Task exited with return code 0
[2023-12-28T16:55:26.155+0000] {taskinstance.py:2778} INFO - 0 downstream tasks scheduled from follow-on schedule check
