[2023-12-17T11:57:02.667+0000] {logging_mixin.py:154} INFO - Changing /opt/***/logs/dag_id=air_quality/run_id=manual__2023-12-17T11:56:54.481153+00:00/task_id=Transform permission to 509
[2023-12-17T11:57:02.672+0000] {logging_mixin.py:154} INFO - Failed to change /opt/***/logs/dag_id=air_quality/run_id=manual__2023-12-17T11:56:54.481153+00:00/task_id=Transform permission to 509: [Errno 1] Operation not permitted: '/opt/***/logs/dag_id=air_quality/run_id=manual__2023-12-17T11:56:54.481153+00:00/task_id=Transform'
[2023-12-17T11:57:02.766+0000] {logging_mixin.py:154} INFO - Changing /opt/***/logs/dag_id=air_quality/run_id=manual__2023-12-17T11:56:54.481153+00:00/task_id=Transform permission to 509
[2023-12-17T11:57:02.768+0000] {logging_mixin.py:154} INFO - Failed to change /opt/***/logs/dag_id=air_quality/run_id=manual__2023-12-17T11:56:54.481153+00:00/task_id=Transform permission to 509: [Errno 1] Operation not permitted: '/opt/***/logs/dag_id=air_quality/run_id=manual__2023-12-17T11:56:54.481153+00:00/task_id=Transform'
[2023-12-17T11:57:02.906+0000] {taskinstance.py:1159} INFO - Dependencies all met for dep_context=non-requeueable deps ti=<TaskInstance: air_quality.Transform manual__2023-12-17T11:56:54.481153+00:00 [queued]>
[2023-12-17T11:57:02.955+0000] {taskinstance.py:1159} INFO - Dependencies all met for dep_context=requeueable deps ti=<TaskInstance: air_quality.Transform manual__2023-12-17T11:56:54.481153+00:00 [queued]>
[2023-12-17T11:57:02.957+0000] {taskinstance.py:1361} INFO - Starting attempt 1 of 2
[2023-12-17T11:57:03.014+0000] {taskinstance.py:1382} INFO - Executing <Task(PythonOperator): Transform> on 2023-12-17 11:56:54.481153+00:00
[2023-12-17T11:57:03.026+0000] {standard_task_runner.py:57} INFO - Started process 3287 to run task
[2023-12-17T11:57:03.038+0000] {standard_task_runner.py:84} INFO - Running: ['***', 'tasks', 'run', 'air_quality', 'Transform', 'manual__2023-12-17T11:56:54.481153+00:00', '--job-id', '473', '--raw', '--subdir', 'DAGS_FOLDER/airQuality.py', '--cfg-path', '/tmp/tmpv8ga37er']
[2023-12-17T11:57:03.043+0000] {standard_task_runner.py:85} INFO - Job 473: Subtask Transform
[2023-12-17T11:57:03.176+0000] {logging_mixin.py:154} INFO - Changing /opt/***/logs/dag_id=air_quality/run_id=manual__2023-12-17T11:56:54.481153+00:00/task_id=Transform permission to 509
[2023-12-17T11:57:03.178+0000] {logging_mixin.py:154} INFO - Failed to change /opt/***/logs/dag_id=air_quality/run_id=manual__2023-12-17T11:56:54.481153+00:00/task_id=Transform permission to 509: [Errno 1] Operation not permitted: '/opt/***/logs/dag_id=air_quality/run_id=manual__2023-12-17T11:56:54.481153+00:00/task_id=Transform'
[2023-12-17T11:57:03.185+0000] {task_command.py:416} INFO - Running <TaskInstance: air_quality.Transform manual__2023-12-17T11:56:54.481153+00:00 [running]> on host 1a58977f5573
[2023-12-17T11:57:03.397+0000] {taskinstance.py:1662} INFO - Exporting env vars: AIRFLOW_CTX_DAG_OWNER='ghifari' AIRFLOW_CTX_DAG_ID='air_quality' AIRFLOW_CTX_TASK_ID='Transform' AIRFLOW_CTX_EXECUTION_DATE='2023-12-17T11:56:54.481153+00:00' AIRFLOW_CTX_TRY_NUMBER='1' AIRFLOW_CTX_DAG_RUN_ID='manual__2023-12-17T11:56:54.481153+00:00'
[2023-12-17T11:57:04.300+0000] {python.py:194} INFO - Done. Returned value was:       city country unit  last_value       lat         lng
0  Jakarta      ID   o3      -0.999 -6.182536  106.834236
[2023-12-17T11:57:04.364+0000] {taskinstance.py:1400} INFO - Marking task as SUCCESS. dag_id=air_quality, task_id=Transform, execution_date=20231217T115654, start_date=20231217T115702, end_date=20231217T115704
[2023-12-17T11:57:04.417+0000] {local_task_job_runner.py:228} INFO - Task exited with return code 0
[2023-12-17T11:57:04.470+0000] {taskinstance.py:2778} INFO - 1 downstream tasks scheduled from follow-on schedule check
