[2023-12-29T11:56:45.113+0000] {logging_mixin.py:154} INFO - Changing /opt/***/logs/dag_id=air_quality/run_id=scheduled__2023-12-28T04:00:00+00:00/task_id=Create_Table permission to 509
[2023-12-29T11:56:45.115+0000] {logging_mixin.py:154} INFO - Failed to change /opt/***/logs/dag_id=air_quality/run_id=scheduled__2023-12-28T04:00:00+00:00/task_id=Create_Table permission to 509: [Errno 1] Operation not permitted: '/opt/***/logs/dag_id=air_quality/run_id=scheduled__2023-12-28T04:00:00+00:00/task_id=Create_Table'
[2023-12-29T11:56:45.219+0000] {logging_mixin.py:154} INFO - Changing /opt/***/logs/dag_id=air_quality/run_id=scheduled__2023-12-28T04:00:00+00:00/task_id=Create_Table permission to 509
[2023-12-29T11:56:45.220+0000] {logging_mixin.py:154} INFO - Failed to change /opt/***/logs/dag_id=air_quality/run_id=scheduled__2023-12-28T04:00:00+00:00/task_id=Create_Table permission to 509: [Errno 1] Operation not permitted: '/opt/***/logs/dag_id=air_quality/run_id=scheduled__2023-12-28T04:00:00+00:00/task_id=Create_Table'
[2023-12-29T11:56:45.264+0000] {taskinstance.py:1159} INFO - Dependencies all met for dep_context=non-requeueable deps ti=<TaskInstance: air_quality.Create_Table scheduled__2023-12-28T04:00:00+00:00 [queued]>
[2023-12-29T11:56:45.275+0000] {taskinstance.py:1159} INFO - Dependencies all met for dep_context=requeueable deps ti=<TaskInstance: air_quality.Create_Table scheduled__2023-12-28T04:00:00+00:00 [queued]>
[2023-12-29T11:56:45.276+0000] {taskinstance.py:1361} INFO - Starting attempt 1 of 2
[2023-12-29T11:56:45.296+0000] {taskinstance.py:1382} INFO - Executing <Task(PythonOperator): Create_Table> on 2023-12-28 04:00:00+00:00
[2023-12-29T11:56:45.301+0000] {standard_task_runner.py:57} INFO - Started process 66 to run task
[2023-12-29T11:56:45.305+0000] {standard_task_runner.py:84} INFO - Running: ['***', 'tasks', 'run', 'air_quality', 'Create_Table', 'scheduled__2023-12-28T04:00:00+00:00', '--job-id', '1223', '--raw', '--subdir', 'DAGS_FOLDER/airQuality.py', '--cfg-path', '/tmp/tmp2jnj7ezc']
[2023-12-29T11:56:45.307+0000] {standard_task_runner.py:85} INFO - Job 1223: Subtask Create_Table
[2023-12-29T11:56:45.368+0000] {logging_mixin.py:154} INFO - Changing /opt/***/logs/dag_id=air_quality/run_id=scheduled__2023-12-28T04:00:00+00:00/task_id=Create_Table permission to 509
[2023-12-29T11:56:45.369+0000] {logging_mixin.py:154} INFO - Failed to change /opt/***/logs/dag_id=air_quality/run_id=scheduled__2023-12-28T04:00:00+00:00/task_id=Create_Table permission to 509: [Errno 1] Operation not permitted: '/opt/***/logs/dag_id=air_quality/run_id=scheduled__2023-12-28T04:00:00+00:00/task_id=Create_Table'
[2023-12-29T11:56:45.371+0000] {task_command.py:416} INFO - Running <TaskInstance: air_quality.Create_Table scheduled__2023-12-28T04:00:00+00:00 [running]> on host d67dd4682ccf
[2023-12-29T11:56:45.488+0000] {taskinstance.py:1662} INFO - Exporting env vars: AIRFLOW_CTX_DAG_OWNER='ghifari' AIRFLOW_CTX_DAG_ID='air_quality' AIRFLOW_CTX_TASK_ID='Create_Table' AIRFLOW_CTX_EXECUTION_DATE='2023-12-28T04:00:00+00:00' AIRFLOW_CTX_TRY_NUMBER='1' AIRFLOW_CTX_DAG_RUN_ID='scheduled__2023-12-28T04:00:00+00:00'
[2023-12-29T11:56:45.500+0000] {base.py:73} INFO - Using connection ID 'neonServerDB-Postgres' for task execution.
[2023-12-29T11:56:51.931+0000] {airQuality.py:137} INFO - Table air_quality Already Exist
[2023-12-29T11:56:51.966+0000] {python.py:194} INFO - Done. Returned value was: 
        CREATE TABLE air_quality (
            id serial primary key, 
            city varchar(250),
            country varchar(250), 
            unit varchar(20), 
            last_value float8, 
            lat float8,
            lng float8
        )
    
[2023-12-29T11:56:52.013+0000] {taskinstance.py:1400} INFO - Marking task as SUCCESS. dag_id=air_quality, task_id=Create_Table, execution_date=20231228T040000, start_date=20231229T115645, end_date=20231229T115652
[2023-12-29T11:56:52.089+0000] {local_task_job_runner.py:228} INFO - Task exited with return code 0
[2023-12-29T11:56:52.197+0000] {taskinstance.py:2778} INFO - 1 downstream tasks scheduled from follow-on schedule check
