[2023-12-17T11:51:02.904+0000] {logging_mixin.py:154} INFO - Changing /opt/***/logs/dag_id=air_quality/run_id=manual__2023-12-17T11:51:00.658959+00:00/task_id=Check_Response permission to 509
[2023-12-17T11:51:02.906+0000] {logging_mixin.py:154} INFO - Failed to change /opt/***/logs/dag_id=air_quality/run_id=manual__2023-12-17T11:51:00.658959+00:00/task_id=Check_Response permission to 509: [Errno 1] Operation not permitted: '/opt/***/logs/dag_id=air_quality/run_id=manual__2023-12-17T11:51:00.658959+00:00/task_id=Check_Response'
[2023-12-17T11:51:02.938+0000] {logging_mixin.py:154} INFO - Changing /opt/***/logs/dag_id=air_quality/run_id=manual__2023-12-17T11:51:00.658959+00:00/task_id=Check_Response permission to 509
[2023-12-17T11:51:02.939+0000] {logging_mixin.py:154} INFO - Failed to change /opt/***/logs/dag_id=air_quality/run_id=manual__2023-12-17T11:51:00.658959+00:00/task_id=Check_Response permission to 509: [Errno 1] Operation not permitted: '/opt/***/logs/dag_id=air_quality/run_id=manual__2023-12-17T11:51:00.658959+00:00/task_id=Check_Response'
[2023-12-17T11:51:02.976+0000] {taskinstance.py:1159} INFO - Dependencies all met for dep_context=non-requeueable deps ti=<TaskInstance: air_quality.Check_Response manual__2023-12-17T11:51:00.658959+00:00 [queued]>
[2023-12-17T11:51:02.989+0000] {taskinstance.py:1159} INFO - Dependencies all met for dep_context=requeueable deps ti=<TaskInstance: air_quality.Check_Response manual__2023-12-17T11:51:00.658959+00:00 [queued]>
[2023-12-17T11:51:02.990+0000] {taskinstance.py:1361} INFO - Starting attempt 1 of 2
[2023-12-17T11:51:03.007+0000] {taskinstance.py:1382} INFO - Executing <Task(BranchPythonOperator): Check_Response> on 2023-12-17 11:51:00.658959+00:00
[2023-12-17T11:51:03.011+0000] {standard_task_runner.py:57} INFO - Started process 3152 to run task
[2023-12-17T11:51:03.015+0000] {standard_task_runner.py:84} INFO - Running: ['***', 'tasks', 'run', 'air_quality', 'Check_Response', 'manual__2023-12-17T11:51:00.658959+00:00', '--job-id', '460', '--raw', '--subdir', 'DAGS_FOLDER/airQuality.py', '--cfg-path', '/tmp/tmp7cb7i_rv']
[2023-12-17T11:51:03.016+0000] {standard_task_runner.py:85} INFO - Job 460: Subtask Check_Response
[2023-12-17T11:51:03.069+0000] {logging_mixin.py:154} INFO - Changing /opt/***/logs/dag_id=air_quality/run_id=manual__2023-12-17T11:51:00.658959+00:00/task_id=Check_Response permission to 509
[2023-12-17T11:51:03.070+0000] {logging_mixin.py:154} INFO - Failed to change /opt/***/logs/dag_id=air_quality/run_id=manual__2023-12-17T11:51:00.658959+00:00/task_id=Check_Response permission to 509: [Errno 1] Operation not permitted: '/opt/***/logs/dag_id=air_quality/run_id=manual__2023-12-17T11:51:00.658959+00:00/task_id=Check_Response'
[2023-12-17T11:51:03.073+0000] {task_command.py:416} INFO - Running <TaskInstance: air_quality.Check_Response manual__2023-12-17T11:51:00.658959+00:00 [running]> on host 1a58977f5573
[2023-12-17T11:51:03.174+0000] {taskinstance.py:1662} INFO - Exporting env vars: AIRFLOW_CTX_DAG_OWNER='ghifari' AIRFLOW_CTX_DAG_ID='air_quality' AIRFLOW_CTX_TASK_ID='Check_Response' AIRFLOW_CTX_EXECUTION_DATE='2023-12-17T11:51:00.658959+00:00' AIRFLOW_CTX_TRY_NUMBER='1' AIRFLOW_CTX_DAG_RUN_ID='manual__2023-12-17T11:51:00.658959+00:00'
[2023-12-17T11:51:03.187+0000] {airQuality.py:112} INFO - Data Found: {'city': ['Jakarta'], 'country': ['ID'], 'unit': ['o3'], 'last_value': [-0.999], 'lat': [-6.182536], 'lng': [106.834236]}
[2023-12-17T11:51:03.188+0000] {python.py:194} INFO - Done. Returned value was: Transform
[2023-12-17T11:51:03.189+0000] {python.py:227} INFO - Branch callable return Transform
[2023-12-17T11:51:03.189+0000] {skipmixin.py:173} INFO - Following branch Transform
[2023-12-17T11:51:03.207+0000] {skipmixin.py:239} INFO - Skipping tasks [('Error_Response', -1)]
[2023-12-17T11:51:03.258+0000] {taskinstance.py:1400} INFO - Marking task as SUCCESS. dag_id=air_quality, task_id=Check_Response, execution_date=20231217T115100, start_date=20231217T115102, end_date=20231217T115103
[2023-12-17T11:51:03.309+0000] {local_task_job_runner.py:228} INFO - Task exited with return code 0
[2023-12-17T11:51:03.391+0000] {taskinstance.py:2778} INFO - 1 downstream tasks scheduled from follow-on schedule check
