[2023-12-28T16:08:58.969+0000] {logging_mixin.py:154} INFO - Changing /opt/***/logs/dag_id=air_quality/run_id=scheduled__2023-12-26T04:00:00+00:00/task_id=Transform permission to 509
[2023-12-28T16:08:58.972+0000] {logging_mixin.py:154} INFO - Failed to change /opt/***/logs/dag_id=air_quality/run_id=scheduled__2023-12-26T04:00:00+00:00/task_id=Transform permission to 509: [Errno 1] Operation not permitted: '/opt/***/logs/dag_id=air_quality/run_id=scheduled__2023-12-26T04:00:00+00:00/task_id=Transform'
[2023-12-28T16:08:59.101+0000] {logging_mixin.py:154} INFO - Changing /opt/***/logs/dag_id=air_quality/run_id=scheduled__2023-12-26T04:00:00+00:00/task_id=Transform permission to 509
[2023-12-28T16:08:59.103+0000] {logging_mixin.py:154} INFO - Failed to change /opt/***/logs/dag_id=air_quality/run_id=scheduled__2023-12-26T04:00:00+00:00/task_id=Transform permission to 509: [Errno 1] Operation not permitted: '/opt/***/logs/dag_id=air_quality/run_id=scheduled__2023-12-26T04:00:00+00:00/task_id=Transform'
[2023-12-28T16:08:59.259+0000] {taskinstance.py:1159} INFO - Dependencies all met for dep_context=non-requeueable deps ti=<TaskInstance: air_quality.Transform scheduled__2023-12-26T04:00:00+00:00 [queued]>
[2023-12-28T16:08:59.303+0000] {taskinstance.py:1159} INFO - Dependencies all met for dep_context=requeueable deps ti=<TaskInstance: air_quality.Transform scheduled__2023-12-26T04:00:00+00:00 [queued]>
[2023-12-28T16:08:59.310+0000] {taskinstance.py:1361} INFO - Starting attempt 1 of 2
[2023-12-28T16:08:59.376+0000] {taskinstance.py:1382} INFO - Executing <Task(PythonOperator): Transform> on 2023-12-26 04:00:00+00:00
[2023-12-28T16:08:59.385+0000] {standard_task_runner.py:57} INFO - Started process 540 to run task
[2023-12-28T16:08:59.418+0000] {standard_task_runner.py:84} INFO - Running: ['***', 'tasks', 'run', 'air_quality', 'Transform', 'scheduled__2023-12-26T04:00:00+00:00', '--job-id', '762', '--raw', '--subdir', 'DAGS_FOLDER/airQuality.py', '--cfg-path', '/tmp/tmpfy6iqjl6']
[2023-12-28T16:08:59.427+0000] {standard_task_runner.py:85} INFO - Job 762: Subtask Transform
[2023-12-28T16:08:59.761+0000] {logging_mixin.py:154} INFO - Changing /opt/***/logs/dag_id=air_quality/run_id=scheduled__2023-12-26T04:00:00+00:00/task_id=Transform permission to 509
[2023-12-28T16:08:59.776+0000] {logging_mixin.py:154} INFO - Failed to change /opt/***/logs/dag_id=air_quality/run_id=scheduled__2023-12-26T04:00:00+00:00/task_id=Transform permission to 509: [Errno 1] Operation not permitted: '/opt/***/logs/dag_id=air_quality/run_id=scheduled__2023-12-26T04:00:00+00:00/task_id=Transform'
[2023-12-28T16:08:59.835+0000] {task_command.py:416} INFO - Running <TaskInstance: air_quality.Transform scheduled__2023-12-26T04:00:00+00:00 [running]> on host d67dd4682ccf
[2023-12-28T16:09:00.449+0000] {taskinstance.py:1662} INFO - Exporting env vars: AIRFLOW_CTX_DAG_OWNER='ghifari' AIRFLOW_CTX_DAG_ID='air_quality' AIRFLOW_CTX_TASK_ID='Transform' AIRFLOW_CTX_EXECUTION_DATE='2023-12-26T04:00:00+00:00' AIRFLOW_CTX_TRY_NUMBER='1' AIRFLOW_CTX_DAG_RUN_ID='scheduled__2023-12-26T04:00:00+00:00'
[2023-12-28T16:09:03.976+0000] {python.py:194} INFO - Done. Returned value was:       city country  unit  last_value       lat         lng
0  Jakarta      ID  pm25      -999.0 -6.182536  106.834236
[2023-12-28T16:09:04.066+0000] {taskinstance.py:1400} INFO - Marking task as SUCCESS. dag_id=air_quality, task_id=Transform, execution_date=20231226T040000, start_date=20231228T160859, end_date=20231228T160904
[2023-12-28T16:09:04.519+0000] {local_task_job_runner.py:228} INFO - Task exited with return code 0
[2023-12-28T16:09:04.596+0000] {taskinstance.py:2778} INFO - 1 downstream tasks scheduled from follow-on schedule check
[2023-12-28T16:52:45.941+0000] {logging_mixin.py:154} INFO - Changing /opt/***/logs/dag_id=air_quality/run_id=scheduled__2023-12-26T04:00:00+00:00/task_id=Transform permission to 509
[2023-12-28T16:52:45.945+0000] {logging_mixin.py:154} INFO - Failed to change /opt/***/logs/dag_id=air_quality/run_id=scheduled__2023-12-26T04:00:00+00:00/task_id=Transform permission to 509: [Errno 1] Operation not permitted: '/opt/***/logs/dag_id=air_quality/run_id=scheduled__2023-12-26T04:00:00+00:00/task_id=Transform'
[2023-12-28T16:52:46.125+0000] {logging_mixin.py:154} INFO - Changing /opt/***/logs/dag_id=air_quality/run_id=scheduled__2023-12-26T04:00:00+00:00/task_id=Transform permission to 509
[2023-12-28T16:52:46.127+0000] {logging_mixin.py:154} INFO - Failed to change /opt/***/logs/dag_id=air_quality/run_id=scheduled__2023-12-26T04:00:00+00:00/task_id=Transform permission to 509: [Errno 1] Operation not permitted: '/opt/***/logs/dag_id=air_quality/run_id=scheduled__2023-12-26T04:00:00+00:00/task_id=Transform'
[2023-12-28T16:52:46.257+0000] {taskinstance.py:1159} INFO - Dependencies all met for dep_context=non-requeueable deps ti=<TaskInstance: air_quality.Transform scheduled__2023-12-26T04:00:00+00:00 [queued]>
[2023-12-28T16:52:46.288+0000] {taskinstance.py:1159} INFO - Dependencies all met for dep_context=requeueable deps ti=<TaskInstance: air_quality.Transform scheduled__2023-12-26T04:00:00+00:00 [queued]>
[2023-12-28T16:52:46.289+0000] {taskinstance.py:1361} INFO - Starting attempt 1 of 2
[2023-12-28T16:52:46.328+0000] {taskinstance.py:1382} INFO - Executing <Task(PythonOperator): Transform> on 2023-12-26 04:00:00+00:00
[2023-12-28T16:52:46.338+0000] {standard_task_runner.py:57} INFO - Started process 664 to run task
[2023-12-28T16:52:46.347+0000] {standard_task_runner.py:84} INFO - Running: ['***', 'tasks', 'run', 'air_quality', 'Transform', 'scheduled__2023-12-26T04:00:00+00:00', '--job-id', '981', '--raw', '--subdir', 'DAGS_FOLDER/airQuality.py', '--cfg-path', '/tmp/tmp447onix0']
[2023-12-28T16:52:46.350+0000] {standard_task_runner.py:85} INFO - Job 981: Subtask Transform
[2023-12-28T16:52:46.533+0000] {logging_mixin.py:154} INFO - Changing /opt/***/logs/dag_id=air_quality/run_id=scheduled__2023-12-26T04:00:00+00:00/task_id=Transform permission to 509
[2023-12-28T16:52:46.535+0000] {logging_mixin.py:154} INFO - Failed to change /opt/***/logs/dag_id=air_quality/run_id=scheduled__2023-12-26T04:00:00+00:00/task_id=Transform permission to 509: [Errno 1] Operation not permitted: '/opt/***/logs/dag_id=air_quality/run_id=scheduled__2023-12-26T04:00:00+00:00/task_id=Transform'
[2023-12-28T16:52:46.540+0000] {task_command.py:416} INFO - Running <TaskInstance: air_quality.Transform scheduled__2023-12-26T04:00:00+00:00 [running]> on host d67dd4682ccf
[2023-12-28T16:52:46.852+0000] {taskinstance.py:1662} INFO - Exporting env vars: AIRFLOW_CTX_DAG_OWNER='ghifari' AIRFLOW_CTX_DAG_ID='air_quality' AIRFLOW_CTX_TASK_ID='Transform' AIRFLOW_CTX_EXECUTION_DATE='2023-12-26T04:00:00+00:00' AIRFLOW_CTX_TRY_NUMBER='1' AIRFLOW_CTX_DAG_RUN_ID='scheduled__2023-12-26T04:00:00+00:00'
[2023-12-28T16:52:47.729+0000] {python.py:194} INFO - Done. Returned value was:       city country unit  last_value       lat         lng
0  Jakarta      ID   o3      -0.999 -6.182536  106.834236
[2023-12-28T16:52:47.774+0000] {taskinstance.py:1400} INFO - Marking task as SUCCESS. dag_id=air_quality, task_id=Transform, execution_date=20231226T040000, start_date=20231228T165246, end_date=20231228T165247
[2023-12-28T16:52:47.831+0000] {local_task_job_runner.py:228} INFO - Task exited with return code 0
[2023-12-28T16:52:47.869+0000] {taskinstance.py:2778} INFO - 1 downstream tasks scheduled from follow-on schedule check
[2023-12-28T16:55:37.685+0000] {logging_mixin.py:154} INFO - Changing /opt/***/logs/dag_id=air_quality/run_id=scheduled__2023-12-26T04:00:00+00:00/task_id=Transform permission to 509
[2023-12-28T16:55:37.689+0000] {logging_mixin.py:154} INFO - Failed to change /opt/***/logs/dag_id=air_quality/run_id=scheduled__2023-12-26T04:00:00+00:00/task_id=Transform permission to 509: [Errno 1] Operation not permitted: '/opt/***/logs/dag_id=air_quality/run_id=scheduled__2023-12-26T04:00:00+00:00/task_id=Transform'
[2023-12-28T16:55:37.773+0000] {logging_mixin.py:154} INFO - Changing /opt/***/logs/dag_id=air_quality/run_id=scheduled__2023-12-26T04:00:00+00:00/task_id=Transform permission to 509
[2023-12-28T16:55:37.778+0000] {logging_mixin.py:154} INFO - Failed to change /opt/***/logs/dag_id=air_quality/run_id=scheduled__2023-12-26T04:00:00+00:00/task_id=Transform permission to 509: [Errno 1] Operation not permitted: '/opt/***/logs/dag_id=air_quality/run_id=scheduled__2023-12-26T04:00:00+00:00/task_id=Transform'
[2023-12-28T16:55:37.967+0000] {taskinstance.py:1159} INFO - Dependencies all met for dep_context=non-requeueable deps ti=<TaskInstance: air_quality.Transform scheduled__2023-12-26T04:00:00+00:00 [queued]>
[2023-12-28T16:55:38.004+0000] {taskinstance.py:1159} INFO - Dependencies all met for dep_context=requeueable deps ti=<TaskInstance: air_quality.Transform scheduled__2023-12-26T04:00:00+00:00 [queued]>
[2023-12-28T16:55:38.007+0000] {taskinstance.py:1361} INFO - Starting attempt 1 of 2
[2023-12-28T16:55:38.052+0000] {taskinstance.py:1382} INFO - Executing <Task(PythonOperator): Transform> on 2023-12-26 04:00:00+00:00
[2023-12-28T16:55:38.059+0000] {standard_task_runner.py:57} INFO - Started process 1603 to run task
[2023-12-28T16:55:38.068+0000] {standard_task_runner.py:84} INFO - Running: ['***', 'tasks', 'run', 'air_quality', 'Transform', 'scheduled__2023-12-26T04:00:00+00:00', '--job-id', '1197', '--raw', '--subdir', 'DAGS_FOLDER/airQuality.py', '--cfg-path', '/tmp/tmp0x327mq7']
[2023-12-28T16:55:38.071+0000] {standard_task_runner.py:85} INFO - Job 1197: Subtask Transform
[2023-12-28T16:55:38.257+0000] {logging_mixin.py:154} INFO - Changing /opt/***/logs/dag_id=air_quality/run_id=scheduled__2023-12-26T04:00:00+00:00/task_id=Transform permission to 509
[2023-12-28T16:55:38.259+0000] {logging_mixin.py:154} INFO - Failed to change /opt/***/logs/dag_id=air_quality/run_id=scheduled__2023-12-26T04:00:00+00:00/task_id=Transform permission to 509: [Errno 1] Operation not permitted: '/opt/***/logs/dag_id=air_quality/run_id=scheduled__2023-12-26T04:00:00+00:00/task_id=Transform'
[2023-12-28T16:55:38.283+0000] {task_command.py:416} INFO - Running <TaskInstance: air_quality.Transform scheduled__2023-12-26T04:00:00+00:00 [running]> on host d67dd4682ccf
[2023-12-28T16:55:38.677+0000] {taskinstance.py:1662} INFO - Exporting env vars: AIRFLOW_CTX_DAG_OWNER='ghifari' AIRFLOW_CTX_DAG_ID='air_quality' AIRFLOW_CTX_TASK_ID='Transform' AIRFLOW_CTX_EXECUTION_DATE='2023-12-26T04:00:00+00:00' AIRFLOW_CTX_TRY_NUMBER='1' AIRFLOW_CTX_DAG_RUN_ID='scheduled__2023-12-26T04:00:00+00:00'
[2023-12-28T16:55:39.935+0000] {python.py:194} INFO - Done. Returned value was:       city country unit  last_value       lat         lng
0  Jakarta      ID   o3      -0.999 -6.182536  106.834236
[2023-12-28T16:55:40.022+0000] {taskinstance.py:1400} INFO - Marking task as SUCCESS. dag_id=air_quality, task_id=Transform, execution_date=20231226T040000, start_date=20231228T165537, end_date=20231228T165540
[2023-12-28T16:55:40.193+0000] {local_task_job_runner.py:228} INFO - Task exited with return code 0
[2023-12-28T16:55:40.258+0000] {taskinstance.py:2778} INFO - 1 downstream tasks scheduled from follow-on schedule check
