[2023-12-17T11:19:12.456+0000] {logging_mixin.py:154} INFO - Changing /opt/***/logs/dag_id=air_quality/run_id=scheduled__2023-12-15T04:00:00+00:00/task_id=Create_Table permission to 509
[2023-12-17T11:19:12.458+0000] {logging_mixin.py:154} INFO - Failed to change /opt/***/logs/dag_id=air_quality/run_id=scheduled__2023-12-15T04:00:00+00:00/task_id=Create_Table permission to 509: [Errno 1] Operation not permitted: '/opt/***/logs/dag_id=air_quality/run_id=scheduled__2023-12-15T04:00:00+00:00/task_id=Create_Table'
[2023-12-17T11:19:12.501+0000] {logging_mixin.py:154} INFO - Changing /opt/***/logs/dag_id=air_quality/run_id=scheduled__2023-12-15T04:00:00+00:00/task_id=Create_Table permission to 509
[2023-12-17T11:19:12.502+0000] {logging_mixin.py:154} INFO - Failed to change /opt/***/logs/dag_id=air_quality/run_id=scheduled__2023-12-15T04:00:00+00:00/task_id=Create_Table permission to 509: [Errno 1] Operation not permitted: '/opt/***/logs/dag_id=air_quality/run_id=scheduled__2023-12-15T04:00:00+00:00/task_id=Create_Table'
[2023-12-17T11:19:12.550+0000] {taskinstance.py:1159} INFO - Dependencies all met for dep_context=non-requeueable deps ti=<TaskInstance: air_quality.Create_Table scheduled__2023-12-15T04:00:00+00:00 [queued]>
[2023-12-17T11:19:12.566+0000] {taskinstance.py:1159} INFO - Dependencies all met for dep_context=requeueable deps ti=<TaskInstance: air_quality.Create_Table scheduled__2023-12-15T04:00:00+00:00 [queued]>
[2023-12-17T11:19:12.567+0000] {taskinstance.py:1361} INFO - Starting attempt 1 of 2
[2023-12-17T11:19:12.590+0000] {taskinstance.py:1382} INFO - Executing <Task(PythonOperator): Create_Table> on 2023-12-15 04:00:00+00:00
[2023-12-17T11:19:12.595+0000] {standard_task_runner.py:57} INFO - Started process 2455 to run task
[2023-12-17T11:19:12.600+0000] {standard_task_runner.py:84} INFO - Running: ['***', 'tasks', 'run', 'air_quality', 'Create_Table', 'scheduled__2023-12-15T04:00:00+00:00', '--job-id', '412', '--raw', '--subdir', 'DAGS_FOLDER/airQuality.py', '--cfg-path', '/tmp/tmpt4isjmp9']
[2023-12-17T11:19:12.602+0000] {standard_task_runner.py:85} INFO - Job 412: Subtask Create_Table
[2023-12-17T11:19:12.678+0000] {logging_mixin.py:154} INFO - Changing /opt/***/logs/dag_id=air_quality/run_id=scheduled__2023-12-15T04:00:00+00:00/task_id=Create_Table permission to 509
[2023-12-17T11:19:12.679+0000] {logging_mixin.py:154} INFO - Failed to change /opt/***/logs/dag_id=air_quality/run_id=scheduled__2023-12-15T04:00:00+00:00/task_id=Create_Table permission to 509: [Errno 1] Operation not permitted: '/opt/***/logs/dag_id=air_quality/run_id=scheduled__2023-12-15T04:00:00+00:00/task_id=Create_Table'
[2023-12-17T11:19:12.682+0000] {task_command.py:416} INFO - Running <TaskInstance: air_quality.Create_Table scheduled__2023-12-15T04:00:00+00:00 [running]> on host 1a58977f5573
[2023-12-17T11:19:12.808+0000] {taskinstance.py:1662} INFO - Exporting env vars: AIRFLOW_CTX_DAG_OWNER='ghifari' AIRFLOW_CTX_DAG_ID='air_quality' AIRFLOW_CTX_TASK_ID='Create_Table' AIRFLOW_CTX_EXECUTION_DATE='2023-12-15T04:00:00+00:00' AIRFLOW_CTX_TRY_NUMBER='1' AIRFLOW_CTX_DAG_RUN_ID='scheduled__2023-12-15T04:00:00+00:00'
[2023-12-17T11:19:12.824+0000] {base.py:73} INFO - Using connection ID 'neonServerDB-Postgres' for task execution.
[2023-12-17T11:19:13.342+0000] {airQuality.py:160} INFO - Table air_quality Already Exist
[2023-12-17T11:19:13.383+0000] {python.py:194} INFO - Done. Returned value was: 
        CREATE TABLE air_quality (
            id serial primary key, 
            city varchar(250),
            country varchar(250), 
            unit varchar(20), 
            last_value float8, 
            lat float8,
            lng float8
        )
    
[2023-12-17T11:19:13.420+0000] {taskinstance.py:1400} INFO - Marking task as SUCCESS. dag_id=air_quality, task_id=Create_Table, execution_date=20231215T040000, start_date=20231217T111912, end_date=20231217T111913
[2023-12-17T11:19:13.466+0000] {local_task_job_runner.py:228} INFO - Task exited with return code 0
[2023-12-17T11:19:13.544+0000] {taskinstance.py:2778} INFO - 1 downstream tasks scheduled from follow-on schedule check
[2023-12-17T12:18:22.300+0000] {logging_mixin.py:154} INFO - Changing /opt/***/logs/dag_id=air_quality/run_id=scheduled__2023-12-15T04:00:00+00:00/task_id=Create_Table permission to 509
[2023-12-17T12:18:22.303+0000] {logging_mixin.py:154} INFO - Failed to change /opt/***/logs/dag_id=air_quality/run_id=scheduled__2023-12-15T04:00:00+00:00/task_id=Create_Table permission to 509: [Errno 1] Operation not permitted: '/opt/***/logs/dag_id=air_quality/run_id=scheduled__2023-12-15T04:00:00+00:00/task_id=Create_Table'
[2023-12-17T12:18:22.371+0000] {logging_mixin.py:154} INFO - Changing /opt/***/logs/dag_id=air_quality/run_id=scheduled__2023-12-15T04:00:00+00:00/task_id=Create_Table permission to 509
[2023-12-17T12:18:22.373+0000] {logging_mixin.py:154} INFO - Failed to change /opt/***/logs/dag_id=air_quality/run_id=scheduled__2023-12-15T04:00:00+00:00/task_id=Create_Table permission to 509: [Errno 1] Operation not permitted: '/opt/***/logs/dag_id=air_quality/run_id=scheduled__2023-12-15T04:00:00+00:00/task_id=Create_Table'
[2023-12-17T12:18:22.442+0000] {taskinstance.py:1159} INFO - Dependencies all met for dep_context=non-requeueable deps ti=<TaskInstance: air_quality.Create_Table scheduled__2023-12-15T04:00:00+00:00 [queued]>
[2023-12-17T12:18:22.485+0000] {taskinstance.py:1159} INFO - Dependencies all met for dep_context=requeueable deps ti=<TaskInstance: air_quality.Create_Table scheduled__2023-12-15T04:00:00+00:00 [queued]>
[2023-12-17T12:18:22.487+0000] {taskinstance.py:1361} INFO - Starting attempt 1 of 2
[2023-12-17T12:18:22.529+0000] {taskinstance.py:1382} INFO - Executing <Task(PythonOperator): Create_Table> on 2023-12-15 04:00:00+00:00
[2023-12-17T12:18:22.554+0000] {standard_task_runner.py:57} INFO - Started process 4178 to run task
[2023-12-17T12:18:22.568+0000] {standard_task_runner.py:84} INFO - Running: ['***', 'tasks', 'run', 'air_quality', 'Create_Table', 'scheduled__2023-12-15T04:00:00+00:00', '--job-id', '625', '--raw', '--subdir', 'DAGS_FOLDER/airQuality.py', '--cfg-path', '/tmp/tmpu6cuoigt']
[2023-12-17T12:18:22.590+0000] {standard_task_runner.py:85} INFO - Job 625: Subtask Create_Table
[2023-12-17T12:18:22.802+0000] {logging_mixin.py:154} INFO - Changing /opt/***/logs/dag_id=air_quality/run_id=scheduled__2023-12-15T04:00:00+00:00/task_id=Create_Table permission to 509
[2023-12-17T12:18:22.812+0000] {logging_mixin.py:154} INFO - Failed to change /opt/***/logs/dag_id=air_quality/run_id=scheduled__2023-12-15T04:00:00+00:00/task_id=Create_Table permission to 509: [Errno 1] Operation not permitted: '/opt/***/logs/dag_id=air_quality/run_id=scheduled__2023-12-15T04:00:00+00:00/task_id=Create_Table'
[2023-12-17T12:18:22.827+0000] {task_command.py:416} INFO - Running <TaskInstance: air_quality.Create_Table scheduled__2023-12-15T04:00:00+00:00 [running]> on host 1a58977f5573
[2023-12-17T12:18:23.233+0000] {taskinstance.py:1662} INFO - Exporting env vars: AIRFLOW_CTX_DAG_OWNER='ghifari' AIRFLOW_CTX_DAG_ID='air_quality' AIRFLOW_CTX_TASK_ID='Create_Table' AIRFLOW_CTX_EXECUTION_DATE='2023-12-15T04:00:00+00:00' AIRFLOW_CTX_TRY_NUMBER='1' AIRFLOW_CTX_DAG_RUN_ID='scheduled__2023-12-15T04:00:00+00:00'
[2023-12-17T12:18:23.266+0000] {base.py:73} INFO - Using connection ID 'neonServerDB-Postgres' for task execution.
[2023-12-17T12:18:24.313+0000] {airQuality.py:161} INFO - Table air_quality Already Exist
[2023-12-17T12:18:24.433+0000] {python.py:194} INFO - Done. Returned value was: 
        CREATE TABLE air_quality (
            id serial primary key, 
            city varchar(250),
            country varchar(250), 
            unit varchar(20), 
            last_value float8, 
            lat float8,
            lng float8
        )
    
[2023-12-17T12:18:24.631+0000] {taskinstance.py:1400} INFO - Marking task as SUCCESS. dag_id=air_quality, task_id=Create_Table, execution_date=20231215T040000, start_date=20231217T121822, end_date=20231217T121824
[2023-12-17T12:18:25.122+0000] {local_task_job_runner.py:228} INFO - Task exited with return code 0
[2023-12-17T12:18:25.269+0000] {taskinstance.py:2778} INFO - 1 downstream tasks scheduled from follow-on schedule check
[2023-12-17T12:19:10.743+0000] {logging_mixin.py:154} INFO - Changing /opt/***/logs/dag_id=air_quality/run_id=scheduled__2023-12-15T04:00:00+00:00/task_id=Create_Table permission to 509
[2023-12-17T12:19:10.746+0000] {logging_mixin.py:154} INFO - Failed to change /opt/***/logs/dag_id=air_quality/run_id=scheduled__2023-12-15T04:00:00+00:00/task_id=Create_Table permission to 509: [Errno 1] Operation not permitted: '/opt/***/logs/dag_id=air_quality/run_id=scheduled__2023-12-15T04:00:00+00:00/task_id=Create_Table'
[2023-12-17T12:19:10.814+0000] {logging_mixin.py:154} INFO - Changing /opt/***/logs/dag_id=air_quality/run_id=scheduled__2023-12-15T04:00:00+00:00/task_id=Create_Table permission to 509
[2023-12-17T12:19:10.816+0000] {logging_mixin.py:154} INFO - Failed to change /opt/***/logs/dag_id=air_quality/run_id=scheduled__2023-12-15T04:00:00+00:00/task_id=Create_Table permission to 509: [Errno 1] Operation not permitted: '/opt/***/logs/dag_id=air_quality/run_id=scheduled__2023-12-15T04:00:00+00:00/task_id=Create_Table'
[2023-12-17T12:19:10.891+0000] {taskinstance.py:1159} INFO - Dependencies all met for dep_context=non-requeueable deps ti=<TaskInstance: air_quality.Create_Table scheduled__2023-12-15T04:00:00+00:00 [queued]>
[2023-12-17T12:19:10.916+0000] {taskinstance.py:1159} INFO - Dependencies all met for dep_context=requeueable deps ti=<TaskInstance: air_quality.Create_Table scheduled__2023-12-15T04:00:00+00:00 [queued]>
[2023-12-17T12:19:10.917+0000] {taskinstance.py:1361} INFO - Starting attempt 1 of 2
[2023-12-17T12:19:10.950+0000] {taskinstance.py:1382} INFO - Executing <Task(PythonOperator): Create_Table> on 2023-12-15 04:00:00+00:00
[2023-12-17T12:19:10.959+0000] {standard_task_runner.py:57} INFO - Started process 4604 to run task
[2023-12-17T12:19:10.966+0000] {standard_task_runner.py:84} INFO - Running: ['***', 'tasks', 'run', 'air_quality', 'Create_Table', 'scheduled__2023-12-15T04:00:00+00:00', '--job-id', '713', '--raw', '--subdir', 'DAGS_FOLDER/airQuality.py', '--cfg-path', '/tmp/tmp_o4e1oe7']
[2023-12-17T12:19:10.968+0000] {standard_task_runner.py:85} INFO - Job 713: Subtask Create_Table
[2023-12-17T12:19:11.080+0000] {logging_mixin.py:154} INFO - Changing /opt/***/logs/dag_id=air_quality/run_id=scheduled__2023-12-15T04:00:00+00:00/task_id=Create_Table permission to 509
[2023-12-17T12:19:11.081+0000] {logging_mixin.py:154} INFO - Failed to change /opt/***/logs/dag_id=air_quality/run_id=scheduled__2023-12-15T04:00:00+00:00/task_id=Create_Table permission to 509: [Errno 1] Operation not permitted: '/opt/***/logs/dag_id=air_quality/run_id=scheduled__2023-12-15T04:00:00+00:00/task_id=Create_Table'
[2023-12-17T12:19:11.085+0000] {task_command.py:416} INFO - Running <TaskInstance: air_quality.Create_Table scheduled__2023-12-15T04:00:00+00:00 [running]> on host 1a58977f5573
[2023-12-17T12:19:11.280+0000] {taskinstance.py:1662} INFO - Exporting env vars: AIRFLOW_CTX_DAG_OWNER='ghifari' AIRFLOW_CTX_DAG_ID='air_quality' AIRFLOW_CTX_TASK_ID='Create_Table' AIRFLOW_CTX_EXECUTION_DATE='2023-12-15T04:00:00+00:00' AIRFLOW_CTX_TRY_NUMBER='1' AIRFLOW_CTX_DAG_RUN_ID='scheduled__2023-12-15T04:00:00+00:00'
[2023-12-17T12:19:11.299+0000] {base.py:73} INFO - Using connection ID 'neonServerDB-Postgres' for task execution.
[2023-12-17T12:19:12.227+0000] {airQuality.py:161} INFO - Table air_quality Already Exist
[2023-12-17T12:19:12.261+0000] {python.py:194} INFO - Done. Returned value was: 
        CREATE TABLE air_quality (
            id serial primary key, 
            city varchar(250),
            country varchar(250), 
            unit varchar(20), 
            last_value float8, 
            lat float8,
            lng float8
        )
    
[2023-12-17T12:19:12.300+0000] {taskinstance.py:1400} INFO - Marking task as SUCCESS. dag_id=air_quality, task_id=Create_Table, execution_date=20231215T040000, start_date=20231217T121910, end_date=20231217T121912
[2023-12-17T12:19:12.365+0000] {local_task_job_runner.py:228} INFO - Task exited with return code 0
[2023-12-17T12:19:12.418+0000] {taskinstance.py:2778} INFO - 1 downstream tasks scheduled from follow-on schedule check
[2023-12-28T16:52:04.942+0000] {logging_mixin.py:154} INFO - Changing /opt/***/logs/dag_id=air_quality/run_id=scheduled__2023-12-15T04:00:00+00:00/task_id=Create_Table permission to 509
[2023-12-28T16:52:04.947+0000] {logging_mixin.py:154} INFO - Failed to change /opt/***/logs/dag_id=air_quality/run_id=scheduled__2023-12-15T04:00:00+00:00/task_id=Create_Table permission to 509: [Errno 1] Operation not permitted: '/opt/***/logs/dag_id=air_quality/run_id=scheduled__2023-12-15T04:00:00+00:00/task_id=Create_Table'
[2023-12-28T16:52:05.083+0000] {logging_mixin.py:154} INFO - Changing /opt/***/logs/dag_id=air_quality/run_id=scheduled__2023-12-15T04:00:00+00:00/task_id=Create_Table permission to 509
[2023-12-28T16:52:05.084+0000] {logging_mixin.py:154} INFO - Failed to change /opt/***/logs/dag_id=air_quality/run_id=scheduled__2023-12-15T04:00:00+00:00/task_id=Create_Table permission to 509: [Errno 1] Operation not permitted: '/opt/***/logs/dag_id=air_quality/run_id=scheduled__2023-12-15T04:00:00+00:00/task_id=Create_Table'
[2023-12-28T16:52:05.296+0000] {taskinstance.py:1159} INFO - Dependencies all met for dep_context=non-requeueable deps ti=<TaskInstance: air_quality.Create_Table scheduled__2023-12-15T04:00:00+00:00 [queued]>
[2023-12-28T16:52:05.347+0000] {taskinstance.py:1159} INFO - Dependencies all met for dep_context=requeueable deps ti=<TaskInstance: air_quality.Create_Table scheduled__2023-12-15T04:00:00+00:00 [queued]>
[2023-12-28T16:52:05.350+0000] {taskinstance.py:1361} INFO - Starting attempt 1 of 2
[2023-12-28T16:52:05.575+0000] {taskinstance.py:1382} INFO - Executing <Task(PythonOperator): Create_Table> on 2023-12-15 04:00:00+00:00
[2023-12-28T16:52:05.617+0000] {standard_task_runner.py:57} INFO - Started process 317 to run task
[2023-12-28T16:52:05.656+0000] {standard_task_runner.py:84} INFO - Running: ['***', 'tasks', 'run', 'air_quality', 'Create_Table', 'scheduled__2023-12-15T04:00:00+00:00', '--job-id', '902', '--raw', '--subdir', 'DAGS_FOLDER/airQuality.py', '--cfg-path', '/tmp/tmpn7w53rop']
[2023-12-28T16:52:05.661+0000] {standard_task_runner.py:85} INFO - Job 902: Subtask Create_Table
[2023-12-28T16:52:05.966+0000] {logging_mixin.py:154} INFO - Changing /opt/***/logs/dag_id=air_quality/run_id=scheduled__2023-12-15T04:00:00+00:00/task_id=Create_Table permission to 509
[2023-12-28T16:52:05.971+0000] {logging_mixin.py:154} INFO - Failed to change /opt/***/logs/dag_id=air_quality/run_id=scheduled__2023-12-15T04:00:00+00:00/task_id=Create_Table permission to 509: [Errno 1] Operation not permitted: '/opt/***/logs/dag_id=air_quality/run_id=scheduled__2023-12-15T04:00:00+00:00/task_id=Create_Table'
[2023-12-28T16:52:05.990+0000] {task_command.py:416} INFO - Running <TaskInstance: air_quality.Create_Table scheduled__2023-12-15T04:00:00+00:00 [running]> on host d67dd4682ccf
[2023-12-28T16:52:06.365+0000] {taskinstance.py:1662} INFO - Exporting env vars: AIRFLOW_CTX_DAG_OWNER='ghifari' AIRFLOW_CTX_DAG_ID='air_quality' AIRFLOW_CTX_TASK_ID='Create_Table' AIRFLOW_CTX_EXECUTION_DATE='2023-12-15T04:00:00+00:00' AIRFLOW_CTX_TRY_NUMBER='1' AIRFLOW_CTX_DAG_RUN_ID='scheduled__2023-12-15T04:00:00+00:00'
[2023-12-28T16:52:06.391+0000] {base.py:73} INFO - Using connection ID 'neonServerDB-Postgres' for task execution.
[2023-12-28T16:52:06.648+0000] {airQuality.py:139} INFO - Table air_quality Already Exist
[2023-12-28T16:52:06.746+0000] {python.py:194} INFO - Done. Returned value was: 
        CREATE TABLE air_quality (
            id serial primary key, 
            city varchar(250),
            country varchar(250), 
            unit varchar(20), 
            last_value float8, 
            lat float8,
            lng float8
        )
    
[2023-12-28T16:52:06.903+0000] {taskinstance.py:1400} INFO - Marking task as SUCCESS. dag_id=air_quality, task_id=Create_Table, execution_date=20231215T040000, start_date=20231228T165205, end_date=20231228T165206
[2023-12-28T16:52:07.101+0000] {local_task_job_runner.py:228} INFO - Task exited with return code 0
[2023-12-28T16:52:07.384+0000] {taskinstance.py:2778} INFO - 1 downstream tasks scheduled from follow-on schedule check
[2023-12-28T16:55:06.483+0000] {logging_mixin.py:154} INFO - Changing /opt/***/logs/dag_id=air_quality/run_id=scheduled__2023-12-15T04:00:00+00:00/task_id=Create_Table permission to 509
[2023-12-28T16:55:06.493+0000] {logging_mixin.py:154} INFO - Failed to change /opt/***/logs/dag_id=air_quality/run_id=scheduled__2023-12-15T04:00:00+00:00/task_id=Create_Table permission to 509: [Errno 1] Operation not permitted: '/opt/***/logs/dag_id=air_quality/run_id=scheduled__2023-12-15T04:00:00+00:00/task_id=Create_Table'
[2023-12-28T16:55:06.614+0000] {logging_mixin.py:154} INFO - Changing /opt/***/logs/dag_id=air_quality/run_id=scheduled__2023-12-15T04:00:00+00:00/task_id=Create_Table permission to 509
[2023-12-28T16:55:06.624+0000] {logging_mixin.py:154} INFO - Failed to change /opt/***/logs/dag_id=air_quality/run_id=scheduled__2023-12-15T04:00:00+00:00/task_id=Create_Table permission to 509: [Errno 1] Operation not permitted: '/opt/***/logs/dag_id=air_quality/run_id=scheduled__2023-12-15T04:00:00+00:00/task_id=Create_Table'
[2023-12-28T16:55:06.752+0000] {taskinstance.py:1159} INFO - Dependencies all met for dep_context=non-requeueable deps ti=<TaskInstance: air_quality.Create_Table scheduled__2023-12-15T04:00:00+00:00 [queued]>
[2023-12-28T16:55:06.796+0000] {taskinstance.py:1159} INFO - Dependencies all met for dep_context=requeueable deps ti=<TaskInstance: air_quality.Create_Table scheduled__2023-12-15T04:00:00+00:00 [queued]>
[2023-12-28T16:55:06.797+0000] {taskinstance.py:1361} INFO - Starting attempt 1 of 2
[2023-12-28T16:55:06.861+0000] {taskinstance.py:1382} INFO - Executing <Task(PythonOperator): Create_Table> on 2023-12-15 04:00:00+00:00
[2023-12-28T16:55:06.872+0000] {standard_task_runner.py:57} INFO - Started process 1294 to run task
[2023-12-28T16:55:06.885+0000] {standard_task_runner.py:84} INFO - Running: ['***', 'tasks', 'run', 'air_quality', 'Create_Table', 'scheduled__2023-12-15T04:00:00+00:00', '--job-id', '1144', '--raw', '--subdir', 'DAGS_FOLDER/airQuality.py', '--cfg-path', '/tmp/tmpiapu_cvy']
[2023-12-28T16:55:06.891+0000] {standard_task_runner.py:85} INFO - Job 1144: Subtask Create_Table
[2023-12-28T16:55:07.083+0000] {logging_mixin.py:154} INFO - Changing /opt/***/logs/dag_id=air_quality/run_id=scheduled__2023-12-15T04:00:00+00:00/task_id=Create_Table permission to 509
[2023-12-28T16:55:07.089+0000] {logging_mixin.py:154} INFO - Failed to change /opt/***/logs/dag_id=air_quality/run_id=scheduled__2023-12-15T04:00:00+00:00/task_id=Create_Table permission to 509: [Errno 1] Operation not permitted: '/opt/***/logs/dag_id=air_quality/run_id=scheduled__2023-12-15T04:00:00+00:00/task_id=Create_Table'
[2023-12-28T16:55:07.160+0000] {task_command.py:416} INFO - Running <TaskInstance: air_quality.Create_Table scheduled__2023-12-15T04:00:00+00:00 [running]> on host d67dd4682ccf
[2023-12-28T16:55:07.596+0000] {taskinstance.py:1662} INFO - Exporting env vars: AIRFLOW_CTX_DAG_OWNER='ghifari' AIRFLOW_CTX_DAG_ID='air_quality' AIRFLOW_CTX_TASK_ID='Create_Table' AIRFLOW_CTX_EXECUTION_DATE='2023-12-15T04:00:00+00:00' AIRFLOW_CTX_TRY_NUMBER='1' AIRFLOW_CTX_DAG_RUN_ID='scheduled__2023-12-15T04:00:00+00:00'
[2023-12-28T16:55:07.635+0000] {base.py:73} INFO - Using connection ID 'neonServerDB-Postgres' for task execution.
[2023-12-28T16:55:11.899+0000] {airQuality.py:139} INFO - Table air_quality Already Exist
[2023-12-28T16:55:11.993+0000] {python.py:194} INFO - Done. Returned value was: 
        CREATE TABLE air_quality (
            id serial primary key, 
            city varchar(250),
            country varchar(250), 
            unit varchar(20), 
            last_value float8, 
            lat float8,
            lng float8
        )
    
[2023-12-28T16:55:12.062+0000] {taskinstance.py:1400} INFO - Marking task as SUCCESS. dag_id=air_quality, task_id=Create_Table, execution_date=20231215T040000, start_date=20231228T165506, end_date=20231228T165512
[2023-12-28T16:55:12.227+0000] {local_task_job_runner.py:228} INFO - Task exited with return code 0
[2023-12-28T16:55:12.342+0000] {taskinstance.py:2778} INFO - 1 downstream tasks scheduled from follow-on schedule check
