[2023-12-17T11:18:34.967+0000] {logging_mixin.py:154} INFO - Changing /opt/***/logs/dag_id=air_quality/run_id=scheduled__2023-11-29T04:00:00+00:00/task_id=Create_Table permission to 509
[2023-12-17T11:18:34.970+0000] {logging_mixin.py:154} INFO - Failed to change /opt/***/logs/dag_id=air_quality/run_id=scheduled__2023-11-29T04:00:00+00:00/task_id=Create_Table permission to 509: [Errno 1] Operation not permitted: '/opt/***/logs/dag_id=air_quality/run_id=scheduled__2023-11-29T04:00:00+00:00/task_id=Create_Table'
[2023-12-17T11:18:35.111+0000] {logging_mixin.py:154} INFO - Changing /opt/***/logs/dag_id=air_quality/run_id=scheduled__2023-11-29T04:00:00+00:00/task_id=Create_Table permission to 509
[2023-12-17T11:18:35.113+0000] {logging_mixin.py:154} INFO - Failed to change /opt/***/logs/dag_id=air_quality/run_id=scheduled__2023-11-29T04:00:00+00:00/task_id=Create_Table permission to 509: [Errno 1] Operation not permitted: '/opt/***/logs/dag_id=air_quality/run_id=scheduled__2023-11-29T04:00:00+00:00/task_id=Create_Table'
[2023-12-17T11:18:35.293+0000] {taskinstance.py:1159} INFO - Dependencies all met for dep_context=non-requeueable deps ti=<TaskInstance: air_quality.Create_Table scheduled__2023-11-29T04:00:00+00:00 [queued]>
[2023-12-17T11:18:35.322+0000] {taskinstance.py:1159} INFO - Dependencies all met for dep_context=requeueable deps ti=<TaskInstance: air_quality.Create_Table scheduled__2023-11-29T04:00:00+00:00 [queued]>
[2023-12-17T11:18:35.323+0000] {taskinstance.py:1361} INFO - Starting attempt 1 of 2
[2023-12-17T11:18:35.363+0000] {taskinstance.py:1382} INFO - Executing <Task(PythonOperator): Create_Table> on 2023-11-29 04:00:00+00:00
[2023-12-17T11:18:35.373+0000] {standard_task_runner.py:57} INFO - Started process 2064 to run task
[2023-12-17T11:18:35.387+0000] {standard_task_runner.py:84} INFO - Running: ['***', 'tasks', 'run', 'air_quality', 'Create_Table', 'scheduled__2023-11-29T04:00:00+00:00', '--job-id', '331', '--raw', '--subdir', 'DAGS_FOLDER/airQuality.py', '--cfg-path', '/tmp/tmpm5rtc_jy']
[2023-12-17T11:18:35.392+0000] {standard_task_runner.py:85} INFO - Job 331: Subtask Create_Table
[2023-12-17T11:18:35.535+0000] {logging_mixin.py:154} INFO - Changing /opt/***/logs/dag_id=air_quality/run_id=scheduled__2023-11-29T04:00:00+00:00/task_id=Create_Table permission to 509
[2023-12-17T11:18:35.540+0000] {logging_mixin.py:154} INFO - Failed to change /opt/***/logs/dag_id=air_quality/run_id=scheduled__2023-11-29T04:00:00+00:00/task_id=Create_Table permission to 509: [Errno 1] Operation not permitted: '/opt/***/logs/dag_id=air_quality/run_id=scheduled__2023-11-29T04:00:00+00:00/task_id=Create_Table'
[2023-12-17T11:18:35.547+0000] {task_command.py:416} INFO - Running <TaskInstance: air_quality.Create_Table scheduled__2023-11-29T04:00:00+00:00 [running]> on host 1a58977f5573
[2023-12-17T11:18:35.741+0000] {taskinstance.py:1662} INFO - Exporting env vars: AIRFLOW_CTX_DAG_OWNER='ghifari' AIRFLOW_CTX_DAG_ID='air_quality' AIRFLOW_CTX_TASK_ID='Create_Table' AIRFLOW_CTX_EXECUTION_DATE='2023-11-29T04:00:00+00:00' AIRFLOW_CTX_TRY_NUMBER='1' AIRFLOW_CTX_DAG_RUN_ID='scheduled__2023-11-29T04:00:00+00:00'
[2023-12-17T11:18:35.767+0000] {base.py:73} INFO - Using connection ID 'neonServerDB-Postgres' for task execution.
[2023-12-17T11:18:40.252+0000] {airQuality.py:160} INFO - Table air_quality Already Exist
[2023-12-17T11:18:40.371+0000] {python.py:194} INFO - Done. Returned value was: 
        CREATE TABLE air_quality (
            id serial primary key, 
            city varchar(250),
            country varchar(250), 
            unit varchar(20), 
            last_value float8, 
            lat float8,
            lng float8
        )
    
[2023-12-17T11:18:40.529+0000] {taskinstance.py:1400} INFO - Marking task as SUCCESS. dag_id=air_quality, task_id=Create_Table, execution_date=20231129T040000, start_date=20231217T111835, end_date=20231217T111840
[2023-12-17T11:18:40.632+0000] {local_task_job_runner.py:228} INFO - Task exited with return code 0
[2023-12-17T11:18:40.767+0000] {taskinstance.py:2778} INFO - 1 downstream tasks scheduled from follow-on schedule check
[2023-12-28T16:54:18.496+0000] {logging_mixin.py:154} INFO - Changing /opt/***/logs/dag_id=air_quality/run_id=scheduled__2023-11-29T04:00:00+00:00/task_id=Create_Table permission to 509
[2023-12-28T16:54:18.514+0000] {logging_mixin.py:154} INFO - Failed to change /opt/***/logs/dag_id=air_quality/run_id=scheduled__2023-11-29T04:00:00+00:00/task_id=Create_Table permission to 509: [Errno 1] Operation not permitted: '/opt/***/logs/dag_id=air_quality/run_id=scheduled__2023-11-29T04:00:00+00:00/task_id=Create_Table'
[2023-12-28T16:54:18.705+0000] {logging_mixin.py:154} INFO - Changing /opt/***/logs/dag_id=air_quality/run_id=scheduled__2023-11-29T04:00:00+00:00/task_id=Create_Table permission to 509
[2023-12-28T16:54:18.708+0000] {logging_mixin.py:154} INFO - Failed to change /opt/***/logs/dag_id=air_quality/run_id=scheduled__2023-11-29T04:00:00+00:00/task_id=Create_Table permission to 509: [Errno 1] Operation not permitted: '/opt/***/logs/dag_id=air_quality/run_id=scheduled__2023-11-29T04:00:00+00:00/task_id=Create_Table'
[2023-12-28T16:54:18.917+0000] {taskinstance.py:1159} INFO - Dependencies all met for dep_context=non-requeueable deps ti=<TaskInstance: air_quality.Create_Table scheduled__2023-11-29T04:00:00+00:00 [queued]>
[2023-12-28T16:54:19.001+0000] {taskinstance.py:1159} INFO - Dependencies all met for dep_context=requeueable deps ti=<TaskInstance: air_quality.Create_Table scheduled__2023-11-29T04:00:00+00:00 [queued]>
[2023-12-28T16:54:19.003+0000] {taskinstance.py:1361} INFO - Starting attempt 1 of 2
[2023-12-28T16:54:19.068+0000] {taskinstance.py:1382} INFO - Executing <Task(PythonOperator): Create_Table> on 2023-11-29 04:00:00+00:00
[2023-12-28T16:54:19.085+0000] {standard_task_runner.py:57} INFO - Started process 893 to run task
[2023-12-28T16:54:19.096+0000] {standard_task_runner.py:84} INFO - Running: ['***', 'tasks', 'run', 'air_quality', 'Create_Table', 'scheduled__2023-11-29T04:00:00+00:00', '--job-id', '1051', '--raw', '--subdir', 'DAGS_FOLDER/airQuality.py', '--cfg-path', '/tmp/tmpqlswj2gd']
[2023-12-28T16:54:19.115+0000] {standard_task_runner.py:85} INFO - Job 1051: Subtask Create_Table
[2023-12-28T16:54:19.348+0000] {logging_mixin.py:154} INFO - Changing /opt/***/logs/dag_id=air_quality/run_id=scheduled__2023-11-29T04:00:00+00:00/task_id=Create_Table permission to 509
[2023-12-28T16:54:19.352+0000] {logging_mixin.py:154} INFO - Failed to change /opt/***/logs/dag_id=air_quality/run_id=scheduled__2023-11-29T04:00:00+00:00/task_id=Create_Table permission to 509: [Errno 1] Operation not permitted: '/opt/***/logs/dag_id=air_quality/run_id=scheduled__2023-11-29T04:00:00+00:00/task_id=Create_Table'
[2023-12-28T16:54:19.389+0000] {task_command.py:416} INFO - Running <TaskInstance: air_quality.Create_Table scheduled__2023-11-29T04:00:00+00:00 [running]> on host d67dd4682ccf
[2023-12-28T16:54:19.864+0000] {taskinstance.py:1662} INFO - Exporting env vars: AIRFLOW_CTX_DAG_OWNER='ghifari' AIRFLOW_CTX_DAG_ID='air_quality' AIRFLOW_CTX_TASK_ID='Create_Table' AIRFLOW_CTX_EXECUTION_DATE='2023-11-29T04:00:00+00:00' AIRFLOW_CTX_TRY_NUMBER='1' AIRFLOW_CTX_DAG_RUN_ID='scheduled__2023-11-29T04:00:00+00:00'
[2023-12-28T16:54:19.911+0000] {base.py:73} INFO - Using connection ID 'neonServerDB-Postgres' for task execution.
[2023-12-28T16:54:24.562+0000] {airQuality.py:139} INFO - Table air_quality Already Exist
[2023-12-28T16:54:24.620+0000] {python.py:194} INFO - Done. Returned value was: 
        CREATE TABLE air_quality (
            id serial primary key, 
            city varchar(250),
            country varchar(250), 
            unit varchar(20), 
            last_value float8, 
            lat float8,
            lng float8
        )
    
[2023-12-28T16:54:24.698+0000] {taskinstance.py:1400} INFO - Marking task as SUCCESS. dag_id=air_quality, task_id=Create_Table, execution_date=20231129T040000, start_date=20231228T165418, end_date=20231228T165424
[2023-12-28T16:54:24.776+0000] {local_task_job_runner.py:228} INFO - Task exited with return code 0
[2023-12-28T16:54:24.867+0000] {taskinstance.py:2778} INFO - 1 downstream tasks scheduled from follow-on schedule check
