[2023-12-17T12:17:56.047+0000] {logging_mixin.py:154} INFO - Changing /opt/***/logs/dag_id=air_quality/run_id=scheduled__2023-12-02T04:00:00+00:00/task_id=Insert_Data permission to 509
[2023-12-17T12:17:56.056+0000] {logging_mixin.py:154} INFO - Failed to change /opt/***/logs/dag_id=air_quality/run_id=scheduled__2023-12-02T04:00:00+00:00/task_id=Insert_Data permission to 509: [Errno 1] Operation not permitted: '/opt/***/logs/dag_id=air_quality/run_id=scheduled__2023-12-02T04:00:00+00:00/task_id=Insert_Data'
[2023-12-17T12:17:56.172+0000] {logging_mixin.py:154} INFO - Changing /opt/***/logs/dag_id=air_quality/run_id=scheduled__2023-12-02T04:00:00+00:00/task_id=Insert_Data permission to 509
[2023-12-17T12:17:56.173+0000] {logging_mixin.py:154} INFO - Failed to change /opt/***/logs/dag_id=air_quality/run_id=scheduled__2023-12-02T04:00:00+00:00/task_id=Insert_Data permission to 509: [Errno 1] Operation not permitted: '/opt/***/logs/dag_id=air_quality/run_id=scheduled__2023-12-02T04:00:00+00:00/task_id=Insert_Data'
[2023-12-17T12:17:56.277+0000] {taskinstance.py:1159} INFO - Dependencies all met for dep_context=non-requeueable deps ti=<TaskInstance: air_quality.Insert_Data scheduled__2023-12-02T04:00:00+00:00 [queued]>
[2023-12-17T12:17:56.317+0000] {taskinstance.py:1159} INFO - Dependencies all met for dep_context=requeueable deps ti=<TaskInstance: air_quality.Insert_Data scheduled__2023-12-02T04:00:00+00:00 [queued]>
[2023-12-17T12:17:56.320+0000] {taskinstance.py:1361} INFO - Starting attempt 2 of 3
[2023-12-17T12:17:56.401+0000] {taskinstance.py:1382} INFO - Executing <Task(PythonOperator): Insert_Data> on 2023-12-02 04:00:00+00:00
[2023-12-17T12:17:56.418+0000] {standard_task_runner.py:57} INFO - Started process 3842 to run task
[2023-12-17T12:17:56.439+0000] {standard_task_runner.py:84} INFO - Running: ['***', 'tasks', 'run', 'air_quality', 'Insert_Data', 'scheduled__2023-12-02T04:00:00+00:00', '--job-id', '571', '--raw', '--subdir', 'DAGS_FOLDER/airQuality.py', '--cfg-path', '/tmp/tmpg88koeew']
[2023-12-17T12:17:56.455+0000] {standard_task_runner.py:85} INFO - Job 571: Subtask Insert_Data
[2023-12-17T12:17:56.681+0000] {logging_mixin.py:154} INFO - Changing /opt/***/logs/dag_id=air_quality/run_id=scheduled__2023-12-02T04:00:00+00:00/task_id=Insert_Data permission to 509
[2023-12-17T12:17:56.686+0000] {logging_mixin.py:154} INFO - Failed to change /opt/***/logs/dag_id=air_quality/run_id=scheduled__2023-12-02T04:00:00+00:00/task_id=Insert_Data permission to 509: [Errno 1] Operation not permitted: '/opt/***/logs/dag_id=air_quality/run_id=scheduled__2023-12-02T04:00:00+00:00/task_id=Insert_Data'
[2023-12-17T12:17:56.708+0000] {task_command.py:416} INFO - Running <TaskInstance: air_quality.Insert_Data scheduled__2023-12-02T04:00:00+00:00 [running]> on host 1a58977f5573
[2023-12-17T12:17:57.029+0000] {taskinstance.py:1662} INFO - Exporting env vars: AIRFLOW_CTX_DAG_OWNER='ghifari' AIRFLOW_CTX_DAG_ID='air_quality' AIRFLOW_CTX_TASK_ID='Insert_Data' AIRFLOW_CTX_EXECUTION_DATE='2023-12-02T04:00:00+00:00' AIRFLOW_CTX_TRY_NUMBER='2' AIRFLOW_CTX_DAG_RUN_ID='scheduled__2023-12-02T04:00:00+00:00'
[2023-12-17T12:18:01.294+0000] {logging_mixin.py:154} INFO - city           object
country        object
unit           object
last_value    float64
lat           float64
lng           float64
dtype: object
[2023-12-17T12:18:01.353+0000] {base.py:73} INFO - Using connection ID 'neonServerDB-Postgres' for task execution.
[2023-12-17T12:18:02.043+0000] {python.py:194} INFO - Done. Returned value was: None
[2023-12-17T12:18:02.092+0000] {taskinstance.py:1400} INFO - Marking task as SUCCESS. dag_id=air_quality, task_id=Insert_Data, execution_date=20231202T040000, start_date=20231217T121756, end_date=20231217T121802
[2023-12-17T12:18:02.292+0000] {local_task_job_runner.py:228} INFO - Task exited with return code 0
[2023-12-17T12:18:02.440+0000] {taskinstance.py:2778} INFO - 0 downstream tasks scheduled from follow-on schedule check
