[2023-12-17T11:18:49.261+0000] {logging_mixin.py:154} INFO - Changing /opt/***/logs/dag_id=air_quality/run_id=scheduled__2023-12-06T04:00:00+00:00/task_id=CheckTable permission to 509
[2023-12-17T11:18:49.264+0000] {logging_mixin.py:154} INFO - Failed to change /opt/***/logs/dag_id=air_quality/run_id=scheduled__2023-12-06T04:00:00+00:00/task_id=CheckTable permission to 509: [Errno 1] Operation not permitted: '/opt/***/logs/dag_id=air_quality/run_id=scheduled__2023-12-06T04:00:00+00:00/task_id=CheckTable'
[2023-12-17T11:18:49.397+0000] {logging_mixin.py:154} INFO - Changing /opt/***/logs/dag_id=air_quality/run_id=scheduled__2023-12-06T04:00:00+00:00/task_id=CheckTable permission to 509
[2023-12-17T11:18:49.398+0000] {logging_mixin.py:154} INFO - Failed to change /opt/***/logs/dag_id=air_quality/run_id=scheduled__2023-12-06T04:00:00+00:00/task_id=CheckTable permission to 509: [Errno 1] Operation not permitted: '/opt/***/logs/dag_id=air_quality/run_id=scheduled__2023-12-06T04:00:00+00:00/task_id=CheckTable'
[2023-12-17T11:18:49.521+0000] {taskinstance.py:1159} INFO - Dependencies all met for dep_context=non-requeueable deps ti=<TaskInstance: air_quality.CheckTable scheduled__2023-12-06T04:00:00+00:00 [queued]>
[2023-12-17T11:18:49.551+0000] {taskinstance.py:1159} INFO - Dependencies all met for dep_context=requeueable deps ti=<TaskInstance: air_quality.CheckTable scheduled__2023-12-06T04:00:00+00:00 [queued]>
[2023-12-17T11:18:49.557+0000] {taskinstance.py:1361} INFO - Starting attempt 1 of 2
[2023-12-17T11:18:49.608+0000] {taskinstance.py:1382} INFO - Executing <Task(BranchPythonOperator): CheckTable> on 2023-12-06 04:00:00+00:00
[2023-12-17T11:18:49.618+0000] {standard_task_runner.py:57} INFO - Started process 2224 to run task
[2023-12-17T11:18:49.624+0000] {standard_task_runner.py:84} INFO - Running: ['***', 'tasks', 'run', 'air_quality', 'CheckTable', 'scheduled__2023-12-06T04:00:00+00:00', '--job-id', '367', '--raw', '--subdir', 'DAGS_FOLDER/airQuality.py', '--cfg-path', '/tmp/tmpdr1u74c4']
[2023-12-17T11:18:49.627+0000] {standard_task_runner.py:85} INFO - Job 367: Subtask CheckTable
[2023-12-17T11:18:49.780+0000] {logging_mixin.py:154} INFO - Changing /opt/***/logs/dag_id=air_quality/run_id=scheduled__2023-12-06T04:00:00+00:00/task_id=CheckTable permission to 509
[2023-12-17T11:18:49.782+0000] {logging_mixin.py:154} INFO - Failed to change /opt/***/logs/dag_id=air_quality/run_id=scheduled__2023-12-06T04:00:00+00:00/task_id=CheckTable permission to 509: [Errno 1] Operation not permitted: '/opt/***/logs/dag_id=air_quality/run_id=scheduled__2023-12-06T04:00:00+00:00/task_id=CheckTable'
[2023-12-17T11:18:49.786+0000] {task_command.py:416} INFO - Running <TaskInstance: air_quality.CheckTable scheduled__2023-12-06T04:00:00+00:00 [running]> on host 1a58977f5573
[2023-12-17T11:18:50.061+0000] {taskinstance.py:1662} INFO - Exporting env vars: AIRFLOW_CTX_DAG_OWNER='ghifari' AIRFLOW_CTX_DAG_ID='air_quality' AIRFLOW_CTX_TASK_ID='CheckTable' AIRFLOW_CTX_EXECUTION_DATE='2023-12-06T04:00:00+00:00' AIRFLOW_CTX_TRY_NUMBER='1' AIRFLOW_CTX_DAG_RUN_ID='scheduled__2023-12-06T04:00:00+00:00'
[2023-12-17T11:18:50.108+0000] {airQuality.py:204} INFO - Table Created: 
        CREATE TABLE air_quality (
            id serial primary key, 
            city varchar(250),
            country varchar(250), 
            unit varchar(20), 
            last_value float8, 
            lat float8,
            lng float8
        )
    
[2023-12-17T11:18:50.110+0000] {python.py:194} INFO - Done. Returned value was: Insert_Data
[2023-12-17T11:18:50.112+0000] {python.py:227} INFO - Branch callable return Insert_Data
[2023-12-17T11:18:50.115+0000] {skipmixin.py:173} INFO - Following branch Insert_Data
[2023-12-17T11:18:50.142+0000] {skipmixin.py:239} INFO - Skipping tasks []
[2023-12-17T11:18:50.288+0000] {taskinstance.py:1400} INFO - Marking task as SUCCESS. dag_id=air_quality, task_id=CheckTable, execution_date=20231206T040000, start_date=20231217T111849, end_date=20231217T111850
[2023-12-17T11:18:50.385+0000] {local_task_job_runner.py:228} INFO - Task exited with return code 0
[2023-12-17T11:18:50.467+0000] {taskinstance.py:2778} INFO - 1 downstream tasks scheduled from follow-on schedule check
[2023-12-17T12:18:40.486+0000] {logging_mixin.py:154} INFO - Changing /opt/***/logs/dag_id=air_quality/run_id=scheduled__2023-12-06T04:00:00+00:00/task_id=CheckTable permission to 509
[2023-12-17T12:18:40.488+0000] {logging_mixin.py:154} INFO - Failed to change /opt/***/logs/dag_id=air_quality/run_id=scheduled__2023-12-06T04:00:00+00:00/task_id=CheckTable permission to 509: [Errno 1] Operation not permitted: '/opt/***/logs/dag_id=air_quality/run_id=scheduled__2023-12-06T04:00:00+00:00/task_id=CheckTable'
[2023-12-17T12:18:40.527+0000] {logging_mixin.py:154} INFO - Changing /opt/***/logs/dag_id=air_quality/run_id=scheduled__2023-12-06T04:00:00+00:00/task_id=CheckTable permission to 509
[2023-12-17T12:18:40.528+0000] {logging_mixin.py:154} INFO - Failed to change /opt/***/logs/dag_id=air_quality/run_id=scheduled__2023-12-06T04:00:00+00:00/task_id=CheckTable permission to 509: [Errno 1] Operation not permitted: '/opt/***/logs/dag_id=air_quality/run_id=scheduled__2023-12-06T04:00:00+00:00/task_id=CheckTable'
[2023-12-17T12:18:40.586+0000] {taskinstance.py:1159} INFO - Dependencies all met for dep_context=non-requeueable deps ti=<TaskInstance: air_quality.CheckTable scheduled__2023-12-06T04:00:00+00:00 [queued]>
[2023-12-17T12:18:40.609+0000] {taskinstance.py:1159} INFO - Dependencies all met for dep_context=requeueable deps ti=<TaskInstance: air_quality.CheckTable scheduled__2023-12-06T04:00:00+00:00 [queued]>
[2023-12-17T12:18:40.610+0000] {taskinstance.py:1361} INFO - Starting attempt 1 of 2
[2023-12-17T12:18:40.635+0000] {taskinstance.py:1382} INFO - Executing <Task(BranchPythonOperator): CheckTable> on 2023-12-06 04:00:00+00:00
[2023-12-17T12:18:40.641+0000] {standard_task_runner.py:57} INFO - Started process 4370 to run task
[2023-12-17T12:18:40.647+0000] {standard_task_runner.py:84} INFO - Running: ['***', 'tasks', 'run', 'air_quality', 'CheckTable', 'scheduled__2023-12-06T04:00:00+00:00', '--job-id', '664', '--raw', '--subdir', 'DAGS_FOLDER/airQuality.py', '--cfg-path', '/tmp/tmp0h9f2auo']
[2023-12-17T12:18:40.649+0000] {standard_task_runner.py:85} INFO - Job 664: Subtask CheckTable
[2023-12-17T12:18:40.725+0000] {logging_mixin.py:154} INFO - Changing /opt/***/logs/dag_id=air_quality/run_id=scheduled__2023-12-06T04:00:00+00:00/task_id=CheckTable permission to 509
[2023-12-17T12:18:40.725+0000] {logging_mixin.py:154} INFO - Failed to change /opt/***/logs/dag_id=air_quality/run_id=scheduled__2023-12-06T04:00:00+00:00/task_id=CheckTable permission to 509: [Errno 1] Operation not permitted: '/opt/***/logs/dag_id=air_quality/run_id=scheduled__2023-12-06T04:00:00+00:00/task_id=CheckTable'
[2023-12-17T12:18:40.727+0000] {task_command.py:416} INFO - Running <TaskInstance: air_quality.CheckTable scheduled__2023-12-06T04:00:00+00:00 [running]> on host 1a58977f5573
[2023-12-17T12:18:40.851+0000] {taskinstance.py:1662} INFO - Exporting env vars: AIRFLOW_CTX_DAG_OWNER='ghifari' AIRFLOW_CTX_DAG_ID='air_quality' AIRFLOW_CTX_TASK_ID='CheckTable' AIRFLOW_CTX_EXECUTION_DATE='2023-12-06T04:00:00+00:00' AIRFLOW_CTX_TRY_NUMBER='1' AIRFLOW_CTX_DAG_RUN_ID='scheduled__2023-12-06T04:00:00+00:00'
[2023-12-17T12:18:40.869+0000] {airQuality.py:205} INFO - Table Created: 
        CREATE TABLE air_quality (
            id serial primary key, 
            city varchar(250),
            country varchar(250), 
            unit varchar(20), 
            last_value float8, 
            lat float8,
            lng float8
        )
    
[2023-12-17T12:18:40.870+0000] {python.py:194} INFO - Done. Returned value was: Insert_Data
[2023-12-17T12:18:40.870+0000] {python.py:227} INFO - Branch callable return Insert_Data
[2023-12-17T12:18:40.871+0000] {skipmixin.py:173} INFO - Following branch Insert_Data
[2023-12-17T12:18:40.885+0000] {skipmixin.py:239} INFO - Skipping tasks []
[2023-12-17T12:18:40.927+0000] {taskinstance.py:1400} INFO - Marking task as SUCCESS. dag_id=air_quality, task_id=CheckTable, execution_date=20231206T040000, start_date=20231217T121840, end_date=20231217T121840
[2023-12-17T12:18:40.979+0000] {local_task_job_runner.py:228} INFO - Task exited with return code 0
[2023-12-17T12:18:41.020+0000] {taskinstance.py:2778} INFO - 1 downstream tasks scheduled from follow-on schedule check
[2023-12-28T16:54:35.832+0000] {logging_mixin.py:154} INFO - Changing /opt/***/logs/dag_id=air_quality/run_id=scheduled__2023-12-06T04:00:00+00:00/task_id=CheckTable permission to 509
[2023-12-28T16:54:35.836+0000] {logging_mixin.py:154} INFO - Failed to change /opt/***/logs/dag_id=air_quality/run_id=scheduled__2023-12-06T04:00:00+00:00/task_id=CheckTable permission to 509: [Errno 1] Operation not permitted: '/opt/***/logs/dag_id=air_quality/run_id=scheduled__2023-12-06T04:00:00+00:00/task_id=CheckTable'
[2023-12-28T16:54:35.953+0000] {logging_mixin.py:154} INFO - Changing /opt/***/logs/dag_id=air_quality/run_id=scheduled__2023-12-06T04:00:00+00:00/task_id=CheckTable permission to 509
[2023-12-28T16:54:35.955+0000] {logging_mixin.py:154} INFO - Failed to change /opt/***/logs/dag_id=air_quality/run_id=scheduled__2023-12-06T04:00:00+00:00/task_id=CheckTable permission to 509: [Errno 1] Operation not permitted: '/opt/***/logs/dag_id=air_quality/run_id=scheduled__2023-12-06T04:00:00+00:00/task_id=CheckTable'
[2023-12-28T16:54:36.110+0000] {taskinstance.py:1159} INFO - Dependencies all met for dep_context=non-requeueable deps ti=<TaskInstance: air_quality.CheckTable scheduled__2023-12-06T04:00:00+00:00 [queued]>
[2023-12-28T16:54:36.144+0000] {taskinstance.py:1159} INFO - Dependencies all met for dep_context=requeueable deps ti=<TaskInstance: air_quality.CheckTable scheduled__2023-12-06T04:00:00+00:00 [queued]>
[2023-12-28T16:54:36.145+0000] {taskinstance.py:1361} INFO - Starting attempt 1 of 2
[2023-12-28T16:54:36.200+0000] {taskinstance.py:1382} INFO - Executing <Task(BranchPythonOperator): CheckTable> on 2023-12-06 04:00:00+00:00
[2023-12-28T16:54:36.213+0000] {standard_task_runner.py:57} INFO - Started process 1049 to run task
[2023-12-28T16:54:36.221+0000] {standard_task_runner.py:84} INFO - Running: ['***', 'tasks', 'run', 'air_quality', 'CheckTable', 'scheduled__2023-12-06T04:00:00+00:00', '--job-id', '1090', '--raw', '--subdir', 'DAGS_FOLDER/airQuality.py', '--cfg-path', '/tmp/tmpzgrnxv5q']
[2023-12-28T16:54:36.224+0000] {standard_task_runner.py:85} INFO - Job 1090: Subtask CheckTable
[2023-12-28T16:54:36.403+0000] {logging_mixin.py:154} INFO - Changing /opt/***/logs/dag_id=air_quality/run_id=scheduled__2023-12-06T04:00:00+00:00/task_id=CheckTable permission to 509
[2023-12-28T16:54:36.407+0000] {logging_mixin.py:154} INFO - Failed to change /opt/***/logs/dag_id=air_quality/run_id=scheduled__2023-12-06T04:00:00+00:00/task_id=CheckTable permission to 509: [Errno 1] Operation not permitted: '/opt/***/logs/dag_id=air_quality/run_id=scheduled__2023-12-06T04:00:00+00:00/task_id=CheckTable'
[2023-12-28T16:54:36.416+0000] {task_command.py:416} INFO - Running <TaskInstance: air_quality.CheckTable scheduled__2023-12-06T04:00:00+00:00 [running]> on host d67dd4682ccf
[2023-12-28T16:54:36.718+0000] {taskinstance.py:1662} INFO - Exporting env vars: AIRFLOW_CTX_DAG_OWNER='ghifari' AIRFLOW_CTX_DAG_ID='air_quality' AIRFLOW_CTX_TASK_ID='CheckTable' AIRFLOW_CTX_EXECUTION_DATE='2023-12-06T04:00:00+00:00' AIRFLOW_CTX_TRY_NUMBER='1' AIRFLOW_CTX_DAG_RUN_ID='scheduled__2023-12-06T04:00:00+00:00'
[2023-12-28T16:54:36.752+0000] {airQuality.py:183} INFO - Table Created: 
        CREATE TABLE air_quality (
            id serial primary key, 
            city varchar(250),
            country varchar(250), 
            unit varchar(20), 
            last_value float8, 
            lat float8,
            lng float8
        )
    
[2023-12-28T16:54:36.755+0000] {python.py:194} INFO - Done. Returned value was: Insert_Data
[2023-12-28T16:54:36.758+0000] {python.py:227} INFO - Branch callable return Insert_Data
[2023-12-28T16:54:36.763+0000] {skipmixin.py:173} INFO - Following branch Insert_Data
[2023-12-28T16:54:36.790+0000] {skipmixin.py:239} INFO - Skipping tasks []
[2023-12-28T16:54:36.945+0000] {taskinstance.py:1400} INFO - Marking task as SUCCESS. dag_id=air_quality, task_id=CheckTable, execution_date=20231206T040000, start_date=20231228T165436, end_date=20231228T165436
[2023-12-28T16:54:37.061+0000] {local_task_job_runner.py:228} INFO - Task exited with return code 0
[2023-12-28T16:54:37.205+0000] {taskinstance.py:2778} INFO - 1 downstream tasks scheduled from follow-on schedule check
