[2023-12-13T13:55:16.564+0000] {logging_mixin.py:154} INFO - Changing /opt/***/logs/dag_id=air_quality/run_id=manual__2023-12-13T13:55:15.743451+00:00/task_id=connectionHTTP permission to 509
[2023-12-13T13:55:16.565+0000] {logging_mixin.py:154} INFO - Failed to change /opt/***/logs/dag_id=air_quality/run_id=manual__2023-12-13T13:55:15.743451+00:00/task_id=connectionHTTP permission to 509: [Errno 1] Operation not permitted: '/opt/***/logs/dag_id=air_quality/run_id=manual__2023-12-13T13:55:15.743451+00:00/task_id=connectionHTTP'
[2023-12-13T13:55:16.592+0000] {logging_mixin.py:154} INFO - Changing /opt/***/logs/dag_id=air_quality/run_id=manual__2023-12-13T13:55:15.743451+00:00/task_id=connectionHTTP permission to 509
[2023-12-13T13:55:16.592+0000] {logging_mixin.py:154} INFO - Failed to change /opt/***/logs/dag_id=air_quality/run_id=manual__2023-12-13T13:55:15.743451+00:00/task_id=connectionHTTP permission to 509: [Errno 1] Operation not permitted: '/opt/***/logs/dag_id=air_quality/run_id=manual__2023-12-13T13:55:15.743451+00:00/task_id=connectionHTTP'
[2023-12-13T13:55:16.615+0000] {taskinstance.py:1159} INFO - Dependencies all met for dep_context=non-requeueable deps ti=<TaskInstance: air_quality.connectionHTTP manual__2023-12-13T13:55:15.743451+00:00 [queued]>
[2023-12-13T13:55:16.624+0000] {taskinstance.py:1159} INFO - Dependencies all met for dep_context=requeueable deps ti=<TaskInstance: air_quality.connectionHTTP manual__2023-12-13T13:55:15.743451+00:00 [queued]>
[2023-12-13T13:55:16.625+0000] {taskinstance.py:1361} INFO - Starting attempt 1 of 2
[2023-12-13T13:55:16.640+0000] {taskinstance.py:1382} INFO - Executing <Task(_PythonDecoratedOperator): connectionHTTP> on 2023-12-13 13:55:15.743451+00:00
[2023-12-13T13:55:16.645+0000] {standard_task_runner.py:57} INFO - Started process 2015 to run task
[2023-12-13T13:55:16.649+0000] {standard_task_runner.py:84} INFO - Running: ['***', 'tasks', 'run', 'air_quality', 'connectionHTTP', 'manual__2023-12-13T13:55:15.743451+00:00', '--job-id', '9', '--raw', '--subdir', 'DAGS_FOLDER/airQuality.py', '--cfg-path', '/tmp/tmpdlgiqzks']
[2023-12-13T13:55:16.650+0000] {standard_task_runner.py:85} INFO - Job 9: Subtask connectionHTTP
[2023-12-13T13:55:16.694+0000] {logging_mixin.py:154} INFO - Changing /opt/***/logs/dag_id=air_quality/run_id=manual__2023-12-13T13:55:15.743451+00:00/task_id=connectionHTTP permission to 509
[2023-12-13T13:55:16.694+0000] {logging_mixin.py:154} INFO - Failed to change /opt/***/logs/dag_id=air_quality/run_id=manual__2023-12-13T13:55:15.743451+00:00/task_id=connectionHTTP permission to 509: [Errno 1] Operation not permitted: '/opt/***/logs/dag_id=air_quality/run_id=manual__2023-12-13T13:55:15.743451+00:00/task_id=connectionHTTP'
[2023-12-13T13:55:16.696+0000] {task_command.py:416} INFO - Running <TaskInstance: air_quality.connectionHTTP manual__2023-12-13T13:55:15.743451+00:00 [running]> on host d739bc9bef06
[2023-12-13T13:55:16.785+0000] {taskinstance.py:1662} INFO - Exporting env vars: AIRFLOW_CTX_DAG_OWNER='ghifari' AIRFLOW_CTX_DAG_ID='air_quality' AIRFLOW_CTX_TASK_ID='connectionHTTP' AIRFLOW_CTX_EXECUTION_DATE='2023-12-13T13:55:15.743451+00:00' AIRFLOW_CTX_TRY_NUMBER='1' AIRFLOW_CTX_DAG_RUN_ID='manual__2023-12-13T13:55:15.743451+00:00'
[2023-12-13T13:55:16.787+0000] {taskinstance.py:1937} ERROR - Task failed with exception
Traceback (most recent call last):
  File "/home/airflow/.local/lib/python3.8/site-packages/airflow/decorators/base.py", line 221, in execute
    return_value = super().execute(context)
  File "/home/airflow/.local/lib/python3.8/site-packages/airflow/operators/python.py", line 192, in execute
    return_value = self.execute_callable()
  File "/home/airflow/.local/lib/python3.8/site-packages/airflow/operators/python.py", line 209, in execute_callable
    return self.python_callable(*self.op_args, **self.op_kwargs)
  File "/opt/airflow/dags/airQuality.py", line 39, in connectionHTTP
    response = SimpleHttpOperator(
  File "/home/airflow/.local/lib/python3.8/site-packages/airflow/models/baseoperator.py", line 437, in apply_defaults
    result = func(self, **kwargs, default_args=default_args)
  File "/home/airflow/.local/lib/python3.8/site-packages/airflow/providers/http/operators/http.py", line 101, in __init__
    super().__init__(**kwargs)
  File "/home/airflow/.local/lib/python3.8/site-packages/airflow/models/baseoperator.py", line 437, in apply_defaults
    result = func(self, **kwargs, default_args=default_args)
TypeError: __init__() missing 1 required positional argument: 'task_id'
[2023-12-13T13:55:16.800+0000] {taskinstance.py:1400} INFO - Marking task as UP_FOR_RETRY. dag_id=air_quality, task_id=connectionHTTP, execution_date=20231213T135515, start_date=20231213T135516, end_date=20231213T135516
[2023-12-13T13:55:16.812+0000] {standard_task_runner.py:104} ERROR - Failed to execute job 9 for task connectionHTTP (__init__() missing 1 required positional argument: 'task_id'; 2015)
[2023-12-13T13:55:16.821+0000] {local_task_job_runner.py:228} INFO - Task exited with return code 1
[2023-12-13T13:55:16.837+0000] {taskinstance.py:2778} INFO - 0 downstream tasks scheduled from follow-on schedule check
