[2023-12-17T11:18:38.369+0000] {logging_mixin.py:154} INFO - Changing /opt/***/logs/dag_id=air_quality/run_id=scheduled__2023-11-30T04:00:00+00:00/task_id=Create_Table permission to 509
[2023-12-17T11:18:38.372+0000] {logging_mixin.py:154} INFO - Failed to change /opt/***/logs/dag_id=air_quality/run_id=scheduled__2023-11-30T04:00:00+00:00/task_id=Create_Table permission to 509: [Errno 1] Operation not permitted: '/opt/***/logs/dag_id=air_quality/run_id=scheduled__2023-11-30T04:00:00+00:00/task_id=Create_Table'
[2023-12-17T11:18:38.464+0000] {logging_mixin.py:154} INFO - Changing /opt/***/logs/dag_id=air_quality/run_id=scheduled__2023-11-30T04:00:00+00:00/task_id=Create_Table permission to 509
[2023-12-17T11:18:38.465+0000] {logging_mixin.py:154} INFO - Failed to change /opt/***/logs/dag_id=air_quality/run_id=scheduled__2023-11-30T04:00:00+00:00/task_id=Create_Table permission to 509: [Errno 1] Operation not permitted: '/opt/***/logs/dag_id=air_quality/run_id=scheduled__2023-11-30T04:00:00+00:00/task_id=Create_Table'
[2023-12-17T11:18:38.563+0000] {taskinstance.py:1159} INFO - Dependencies all met for dep_context=non-requeueable deps ti=<TaskInstance: air_quality.Create_Table scheduled__2023-11-30T04:00:00+00:00 [queued]>
[2023-12-17T11:18:38.610+0000] {taskinstance.py:1159} INFO - Dependencies all met for dep_context=requeueable deps ti=<TaskInstance: air_quality.Create_Table scheduled__2023-11-30T04:00:00+00:00 [queued]>
[2023-12-17T11:18:38.614+0000] {taskinstance.py:1361} INFO - Starting attempt 1 of 2
[2023-12-17T11:18:38.670+0000] {taskinstance.py:1382} INFO - Executing <Task(PythonOperator): Create_Table> on 2023-11-30 04:00:00+00:00
[2023-12-17T11:18:38.693+0000] {standard_task_runner.py:57} INFO - Started process 2087 to run task
[2023-12-17T11:18:38.721+0000] {standard_task_runner.py:84} INFO - Running: ['***', 'tasks', 'run', 'air_quality', 'Create_Table', 'scheduled__2023-11-30T04:00:00+00:00', '--job-id', '340', '--raw', '--subdir', 'DAGS_FOLDER/airQuality.py', '--cfg-path', '/tmp/tmp0hxqkv_u']
[2023-12-17T11:18:38.724+0000] {standard_task_runner.py:85} INFO - Job 340: Subtask Create_Table
[2023-12-17T11:18:39.059+0000] {logging_mixin.py:154} INFO - Changing /opt/***/logs/dag_id=air_quality/run_id=scheduled__2023-11-30T04:00:00+00:00/task_id=Create_Table permission to 509
[2023-12-17T11:18:39.060+0000] {logging_mixin.py:154} INFO - Failed to change /opt/***/logs/dag_id=air_quality/run_id=scheduled__2023-11-30T04:00:00+00:00/task_id=Create_Table permission to 509: [Errno 1] Operation not permitted: '/opt/***/logs/dag_id=air_quality/run_id=scheduled__2023-11-30T04:00:00+00:00/task_id=Create_Table'
[2023-12-17T11:18:39.072+0000] {task_command.py:416} INFO - Running <TaskInstance: air_quality.Create_Table scheduled__2023-11-30T04:00:00+00:00 [running]> on host 1a58977f5573
[2023-12-17T11:18:39.433+0000] {taskinstance.py:1662} INFO - Exporting env vars: AIRFLOW_CTX_DAG_OWNER='ghifari' AIRFLOW_CTX_DAG_ID='air_quality' AIRFLOW_CTX_TASK_ID='Create_Table' AIRFLOW_CTX_EXECUTION_DATE='2023-11-30T04:00:00+00:00' AIRFLOW_CTX_TRY_NUMBER='1' AIRFLOW_CTX_DAG_RUN_ID='scheduled__2023-11-30T04:00:00+00:00'
[2023-12-17T11:18:39.490+0000] {base.py:73} INFO - Using connection ID 'neonServerDB-Postgres' for task execution.
[2023-12-17T11:18:43.987+0000] {airQuality.py:160} INFO - Table air_quality Already Exist
[2023-12-17T11:18:44.068+0000] {python.py:194} INFO - Done. Returned value was: 
        CREATE TABLE air_quality (
            id serial primary key, 
            city varchar(250),
            country varchar(250), 
            unit varchar(20), 
            last_value float8, 
            lat float8,
            lng float8
        )
    
[2023-12-17T11:18:44.194+0000] {taskinstance.py:1400} INFO - Marking task as SUCCESS. dag_id=air_quality, task_id=Create_Table, execution_date=20231130T040000, start_date=20231217T111838, end_date=20231217T111844
[2023-12-17T11:18:44.546+0000] {local_task_job_runner.py:228} INFO - Task exited with return code 0
[2023-12-17T11:18:44.703+0000] {taskinstance.py:2778} INFO - 1 downstream tasks scheduled from follow-on schedule check
[2023-12-28T16:54:19.318+0000] {logging_mixin.py:154} INFO - Changing /opt/***/logs/dag_id=air_quality/run_id=scheduled__2023-11-30T04:00:00+00:00/task_id=Create_Table permission to 509
[2023-12-28T16:54:19.325+0000] {logging_mixin.py:154} INFO - Failed to change /opt/***/logs/dag_id=air_quality/run_id=scheduled__2023-11-30T04:00:00+00:00/task_id=Create_Table permission to 509: [Errno 1] Operation not permitted: '/opt/***/logs/dag_id=air_quality/run_id=scheduled__2023-11-30T04:00:00+00:00/task_id=Create_Table'
[2023-12-28T16:54:19.458+0000] {logging_mixin.py:154} INFO - Changing /opt/***/logs/dag_id=air_quality/run_id=scheduled__2023-11-30T04:00:00+00:00/task_id=Create_Table permission to 509
[2023-12-28T16:54:19.464+0000] {logging_mixin.py:154} INFO - Failed to change /opt/***/logs/dag_id=air_quality/run_id=scheduled__2023-11-30T04:00:00+00:00/task_id=Create_Table permission to 509: [Errno 1] Operation not permitted: '/opt/***/logs/dag_id=air_quality/run_id=scheduled__2023-11-30T04:00:00+00:00/task_id=Create_Table'
[2023-12-28T16:54:19.637+0000] {taskinstance.py:1159} INFO - Dependencies all met for dep_context=non-requeueable deps ti=<TaskInstance: air_quality.Create_Table scheduled__2023-11-30T04:00:00+00:00 [queued]>
[2023-12-28T16:54:19.682+0000] {taskinstance.py:1159} INFO - Dependencies all met for dep_context=requeueable deps ti=<TaskInstance: air_quality.Create_Table scheduled__2023-11-30T04:00:00+00:00 [queued]>
[2023-12-28T16:54:19.683+0000] {taskinstance.py:1361} INFO - Starting attempt 1 of 2
[2023-12-28T16:54:19.814+0000] {taskinstance.py:1382} INFO - Executing <Task(PythonOperator): Create_Table> on 2023-11-30 04:00:00+00:00
[2023-12-28T16:54:19.826+0000] {standard_task_runner.py:57} INFO - Started process 896 to run task
[2023-12-28T16:54:19.845+0000] {standard_task_runner.py:84} INFO - Running: ['***', 'tasks', 'run', 'air_quality', 'Create_Table', 'scheduled__2023-11-30T04:00:00+00:00', '--job-id', '1053', '--raw', '--subdir', 'DAGS_FOLDER/airQuality.py', '--cfg-path', '/tmp/tmpaakpnb01']
[2023-12-28T16:54:19.849+0000] {standard_task_runner.py:85} INFO - Job 1053: Subtask Create_Table
[2023-12-28T16:54:20.110+0000] {logging_mixin.py:154} INFO - Changing /opt/***/logs/dag_id=air_quality/run_id=scheduled__2023-11-30T04:00:00+00:00/task_id=Create_Table permission to 509
[2023-12-28T16:54:20.116+0000] {logging_mixin.py:154} INFO - Failed to change /opt/***/logs/dag_id=air_quality/run_id=scheduled__2023-11-30T04:00:00+00:00/task_id=Create_Table permission to 509: [Errno 1] Operation not permitted: '/opt/***/logs/dag_id=air_quality/run_id=scheduled__2023-11-30T04:00:00+00:00/task_id=Create_Table'
[2023-12-28T16:54:20.123+0000] {task_command.py:416} INFO - Running <TaskInstance: air_quality.Create_Table scheduled__2023-11-30T04:00:00+00:00 [running]> on host d67dd4682ccf
[2023-12-28T16:54:20.502+0000] {taskinstance.py:1662} INFO - Exporting env vars: AIRFLOW_CTX_DAG_OWNER='ghifari' AIRFLOW_CTX_DAG_ID='air_quality' AIRFLOW_CTX_TASK_ID='Create_Table' AIRFLOW_CTX_EXECUTION_DATE='2023-11-30T04:00:00+00:00' AIRFLOW_CTX_TRY_NUMBER='1' AIRFLOW_CTX_DAG_RUN_ID='scheduled__2023-11-30T04:00:00+00:00'
[2023-12-28T16:54:20.528+0000] {base.py:73} INFO - Using connection ID 'neonServerDB-Postgres' for task execution.
[2023-12-28T16:54:24.770+0000] {airQuality.py:139} INFO - Table air_quality Already Exist
[2023-12-28T16:54:24.826+0000] {python.py:194} INFO - Done. Returned value was: 
        CREATE TABLE air_quality (
            id serial primary key, 
            city varchar(250),
            country varchar(250), 
            unit varchar(20), 
            last_value float8, 
            lat float8,
            lng float8
        )
    
[2023-12-28T16:54:24.968+0000] {taskinstance.py:1400} INFO - Marking task as SUCCESS. dag_id=air_quality, task_id=Create_Table, execution_date=20231130T040000, start_date=20231228T165419, end_date=20231228T165424
[2023-12-28T16:54:25.110+0000] {local_task_job_runner.py:228} INFO - Task exited with return code 0
[2023-12-28T16:54:25.725+0000] {taskinstance.py:2778} INFO - 0 downstream tasks scheduled from follow-on schedule check
