[2023-12-29T11:56:52.796+0000] {logging_mixin.py:154} INFO - Changing /opt/***/logs/dag_id=air_quality/run_id=scheduled__2023-12-28T04:00:00+00:00/task_id=CheckTable permission to 509
[2023-12-29T11:56:52.797+0000] {logging_mixin.py:154} INFO - Failed to change /opt/***/logs/dag_id=air_quality/run_id=scheduled__2023-12-28T04:00:00+00:00/task_id=CheckTable permission to 509: [Errno 1] Operation not permitted: '/opt/***/logs/dag_id=air_quality/run_id=scheduled__2023-12-28T04:00:00+00:00/task_id=CheckTable'
[2023-12-29T11:56:52.867+0000] {logging_mixin.py:154} INFO - Changing /opt/***/logs/dag_id=air_quality/run_id=scheduled__2023-12-28T04:00:00+00:00/task_id=CheckTable permission to 509
[2023-12-29T11:56:52.868+0000] {logging_mixin.py:154} INFO - Failed to change /opt/***/logs/dag_id=air_quality/run_id=scheduled__2023-12-28T04:00:00+00:00/task_id=CheckTable permission to 509: [Errno 1] Operation not permitted: '/opt/***/logs/dag_id=air_quality/run_id=scheduled__2023-12-28T04:00:00+00:00/task_id=CheckTable'
[2023-12-29T11:56:52.933+0000] {taskinstance.py:1159} INFO - Dependencies all met for dep_context=non-requeueable deps ti=<TaskInstance: air_quality.CheckTable scheduled__2023-12-28T04:00:00+00:00 [queued]>
[2023-12-29T11:56:52.949+0000] {taskinstance.py:1159} INFO - Dependencies all met for dep_context=requeueable deps ti=<TaskInstance: air_quality.CheckTable scheduled__2023-12-28T04:00:00+00:00 [queued]>
[2023-12-29T11:56:52.949+0000] {taskinstance.py:1361} INFO - Starting attempt 1 of 2
[2023-12-29T11:56:52.968+0000] {taskinstance.py:1382} INFO - Executing <Task(BranchPythonOperator): CheckTable> on 2023-12-28 04:00:00+00:00
[2023-12-29T11:56:52.974+0000] {standard_task_runner.py:57} INFO - Started process 69 to run task
[2023-12-29T11:56:52.978+0000] {standard_task_runner.py:84} INFO - Running: ['***', 'tasks', 'run', 'air_quality', 'CheckTable', 'scheduled__2023-12-28T04:00:00+00:00', '--job-id', '1224', '--raw', '--subdir', 'DAGS_FOLDER/airQuality.py', '--cfg-path', '/tmp/tmpwjwcrzzy']
[2023-12-29T11:56:52.979+0000] {standard_task_runner.py:85} INFO - Job 1224: Subtask CheckTable
[2023-12-29T11:56:53.037+0000] {logging_mixin.py:154} INFO - Changing /opt/***/logs/dag_id=air_quality/run_id=scheduled__2023-12-28T04:00:00+00:00/task_id=CheckTable permission to 509
[2023-12-29T11:56:53.039+0000] {logging_mixin.py:154} INFO - Failed to change /opt/***/logs/dag_id=air_quality/run_id=scheduled__2023-12-28T04:00:00+00:00/task_id=CheckTable permission to 509: [Errno 1] Operation not permitted: '/opt/***/logs/dag_id=air_quality/run_id=scheduled__2023-12-28T04:00:00+00:00/task_id=CheckTable'
[2023-12-29T11:56:53.042+0000] {task_command.py:416} INFO - Running <TaskInstance: air_quality.CheckTable scheduled__2023-12-28T04:00:00+00:00 [running]> on host d67dd4682ccf
[2023-12-29T11:56:53.149+0000] {taskinstance.py:1662} INFO - Exporting env vars: AIRFLOW_CTX_DAG_OWNER='ghifari' AIRFLOW_CTX_DAG_ID='air_quality' AIRFLOW_CTX_TASK_ID='CheckTable' AIRFLOW_CTX_EXECUTION_DATE='2023-12-28T04:00:00+00:00' AIRFLOW_CTX_TRY_NUMBER='1' AIRFLOW_CTX_DAG_RUN_ID='scheduled__2023-12-28T04:00:00+00:00'
[2023-12-29T11:56:53.164+0000] {airQuality.py:181} INFO - Table Created: 
        CREATE TABLE air_quality (
            id serial primary key, 
            city varchar(250),
            country varchar(250), 
            unit varchar(20), 
            last_value float8, 
            lat float8,
            lng float8
        )
    
[2023-12-29T11:56:53.165+0000] {python.py:194} INFO - Done. Returned value was: Insert_Data
[2023-12-29T11:56:53.165+0000] {python.py:227} INFO - Branch callable return Insert_Data
[2023-12-29T11:56:53.166+0000] {skipmixin.py:173} INFO - Following branch Insert_Data
[2023-12-29T11:56:53.176+0000] {skipmixin.py:239} INFO - Skipping tasks []
[2023-12-29T11:56:53.215+0000] {taskinstance.py:1400} INFO - Marking task as SUCCESS. dag_id=air_quality, task_id=CheckTable, execution_date=20231228T040000, start_date=20231229T115652, end_date=20231229T115653
[2023-12-29T11:56:53.271+0000] {local_task_job_runner.py:228} INFO - Task exited with return code 0
[2023-12-29T11:56:53.308+0000] {taskinstance.py:2778} INFO - 1 downstream tasks scheduled from follow-on schedule check
