[2023-12-17T11:18:42.716+0000] {logging_mixin.py:154} INFO - Changing /opt/***/logs/dag_id=air_quality/run_id=scheduled__2023-11-25T04:00:00+00:00/task_id=Insert_Data permission to 509
[2023-12-17T11:18:42.718+0000] {logging_mixin.py:154} INFO - Failed to change /opt/***/logs/dag_id=air_quality/run_id=scheduled__2023-11-25T04:00:00+00:00/task_id=Insert_Data permission to 509: [Errno 1] Operation not permitted: '/opt/***/logs/dag_id=air_quality/run_id=scheduled__2023-11-25T04:00:00+00:00/task_id=Insert_Data'
[2023-12-17T11:18:42.830+0000] {logging_mixin.py:154} INFO - Changing /opt/***/logs/dag_id=air_quality/run_id=scheduled__2023-11-25T04:00:00+00:00/task_id=Insert_Data permission to 509
[2023-12-17T11:18:42.842+0000] {logging_mixin.py:154} INFO - Failed to change /opt/***/logs/dag_id=air_quality/run_id=scheduled__2023-11-25T04:00:00+00:00/task_id=Insert_Data permission to 509: [Errno 1] Operation not permitted: '/opt/***/logs/dag_id=air_quality/run_id=scheduled__2023-11-25T04:00:00+00:00/task_id=Insert_Data'
[2023-12-17T11:18:42.975+0000] {taskinstance.py:1159} INFO - Dependencies all met for dep_context=non-requeueable deps ti=<TaskInstance: air_quality.Insert_Data scheduled__2023-11-25T04:00:00+00:00 [queued]>
[2023-12-17T11:18:43.005+0000] {taskinstance.py:1159} INFO - Dependencies all met for dep_context=requeueable deps ti=<TaskInstance: air_quality.Insert_Data scheduled__2023-11-25T04:00:00+00:00 [queued]>
[2023-12-17T11:18:43.006+0000] {taskinstance.py:1361} INFO - Starting attempt 1 of 2
[2023-12-17T11:18:43.051+0000] {taskinstance.py:1382} INFO - Executing <Task(PythonOperator): Insert_Data> on 2023-11-25 04:00:00+00:00
[2023-12-17T11:18:43.061+0000] {standard_task_runner.py:57} INFO - Started process 2112 to run task
[2023-12-17T11:18:43.067+0000] {standard_task_runner.py:84} INFO - Running: ['***', 'tasks', 'run', 'air_quality', 'Insert_Data', 'scheduled__2023-11-25T04:00:00+00:00', '--job-id', '349', '--raw', '--subdir', 'DAGS_FOLDER/airQuality.py', '--cfg-path', '/tmp/tmpgiyhgxnh']
[2023-12-17T11:18:43.077+0000] {standard_task_runner.py:85} INFO - Job 349: Subtask Insert_Data
[2023-12-17T11:18:43.278+0000] {logging_mixin.py:154} INFO - Changing /opt/***/logs/dag_id=air_quality/run_id=scheduled__2023-11-25T04:00:00+00:00/task_id=Insert_Data permission to 509
[2023-12-17T11:18:43.282+0000] {logging_mixin.py:154} INFO - Failed to change /opt/***/logs/dag_id=air_quality/run_id=scheduled__2023-11-25T04:00:00+00:00/task_id=Insert_Data permission to 509: [Errno 1] Operation not permitted: '/opt/***/logs/dag_id=air_quality/run_id=scheduled__2023-11-25T04:00:00+00:00/task_id=Insert_Data'
[2023-12-17T11:18:43.317+0000] {task_command.py:416} INFO - Running <TaskInstance: air_quality.Insert_Data scheduled__2023-11-25T04:00:00+00:00 [running]> on host 1a58977f5573
[2023-12-17T11:18:43.563+0000] {taskinstance.py:1662} INFO - Exporting env vars: AIRFLOW_CTX_DAG_OWNER='ghifari' AIRFLOW_CTX_DAG_ID='air_quality' AIRFLOW_CTX_TASK_ID='Insert_Data' AIRFLOW_CTX_EXECUTION_DATE='2023-11-25T04:00:00+00:00' AIRFLOW_CTX_TRY_NUMBER='1' AIRFLOW_CTX_DAG_RUN_ID='scheduled__2023-11-25T04:00:00+00:00'
[2023-12-17T11:18:45.199+0000] {logging_mixin.py:154} INFO - city           object
country        object
unit           object
last_value    float64
lat           float64
lng           float64
dtype: object
[2023-12-17T11:18:45.224+0000] {base.py:73} INFO - Using connection ID 'neonServerDB-Postgres' for task execution.
[2023-12-17T11:18:45.759+0000] {python.py:194} INFO - Done. Returned value was: None
[2023-12-17T11:18:45.793+0000] {taskinstance.py:1400} INFO - Marking task as SUCCESS. dag_id=air_quality, task_id=Insert_Data, execution_date=20231125T040000, start_date=20231217T111842, end_date=20231217T111845
[2023-12-17T11:18:45.932+0000] {local_task_job_runner.py:228} INFO - Task exited with return code 0
[2023-12-17T11:18:46.006+0000] {taskinstance.py:2778} INFO - 0 downstream tasks scheduled from follow-on schedule check
[2023-12-28T16:54:29.964+0000] {logging_mixin.py:154} INFO - Changing /opt/***/logs/dag_id=air_quality/run_id=scheduled__2023-11-25T04:00:00+00:00/task_id=Insert_Data permission to 509
[2023-12-28T16:54:29.968+0000] {logging_mixin.py:154} INFO - Failed to change /opt/***/logs/dag_id=air_quality/run_id=scheduled__2023-11-25T04:00:00+00:00/task_id=Insert_Data permission to 509: [Errno 1] Operation not permitted: '/opt/***/logs/dag_id=air_quality/run_id=scheduled__2023-11-25T04:00:00+00:00/task_id=Insert_Data'
[2023-12-28T16:54:30.133+0000] {logging_mixin.py:154} INFO - Changing /opt/***/logs/dag_id=air_quality/run_id=scheduled__2023-11-25T04:00:00+00:00/task_id=Insert_Data permission to 509
[2023-12-28T16:54:30.135+0000] {logging_mixin.py:154} INFO - Failed to change /opt/***/logs/dag_id=air_quality/run_id=scheduled__2023-11-25T04:00:00+00:00/task_id=Insert_Data permission to 509: [Errno 1] Operation not permitted: '/opt/***/logs/dag_id=air_quality/run_id=scheduled__2023-11-25T04:00:00+00:00/task_id=Insert_Data'
[2023-12-28T16:54:30.342+0000] {taskinstance.py:1159} INFO - Dependencies all met for dep_context=non-requeueable deps ti=<TaskInstance: air_quality.Insert_Data scheduled__2023-11-25T04:00:00+00:00 [queued]>
[2023-12-28T16:54:30.400+0000] {taskinstance.py:1159} INFO - Dependencies all met for dep_context=requeueable deps ti=<TaskInstance: air_quality.Insert_Data scheduled__2023-11-25T04:00:00+00:00 [queued]>
[2023-12-28T16:54:30.401+0000] {taskinstance.py:1361} INFO - Starting attempt 1 of 2
[2023-12-28T16:54:30.501+0000] {taskinstance.py:1382} INFO - Executing <Task(PythonOperator): Insert_Data> on 2023-11-25 04:00:00+00:00
[2023-12-28T16:54:30.517+0000] {standard_task_runner.py:57} INFO - Started process 963 to run task
[2023-12-28T16:54:30.533+0000] {standard_task_runner.py:84} INFO - Running: ['***', 'tasks', 'run', 'air_quality', 'Insert_Data', 'scheduled__2023-11-25T04:00:00+00:00', '--job-id', '1077', '--raw', '--subdir', 'DAGS_FOLDER/airQuality.py', '--cfg-path', '/tmp/tmpi68eod08']
[2023-12-28T16:54:30.539+0000] {standard_task_runner.py:85} INFO - Job 1077: Subtask Insert_Data
[2023-12-28T16:54:30.851+0000] {logging_mixin.py:154} INFO - Changing /opt/***/logs/dag_id=air_quality/run_id=scheduled__2023-11-25T04:00:00+00:00/task_id=Insert_Data permission to 509
[2023-12-28T16:54:30.853+0000] {logging_mixin.py:154} INFO - Failed to change /opt/***/logs/dag_id=air_quality/run_id=scheduled__2023-11-25T04:00:00+00:00/task_id=Insert_Data permission to 509: [Errno 1] Operation not permitted: '/opt/***/logs/dag_id=air_quality/run_id=scheduled__2023-11-25T04:00:00+00:00/task_id=Insert_Data'
[2023-12-28T16:54:30.881+0000] {task_command.py:416} INFO - Running <TaskInstance: air_quality.Insert_Data scheduled__2023-11-25T04:00:00+00:00 [running]> on host d67dd4682ccf
[2023-12-28T16:54:31.222+0000] {taskinstance.py:1662} INFO - Exporting env vars: AIRFLOW_CTX_DAG_OWNER='ghifari' AIRFLOW_CTX_DAG_ID='air_quality' AIRFLOW_CTX_TASK_ID='Insert_Data' AIRFLOW_CTX_EXECUTION_DATE='2023-11-25T04:00:00+00:00' AIRFLOW_CTX_TRY_NUMBER='1' AIRFLOW_CTX_DAG_RUN_ID='scheduled__2023-11-25T04:00:00+00:00'
[2023-12-28T16:54:33.387+0000] {logging_mixin.py:154} INFO - city           object
country        object
unit           object
last_value    float64
lat           float64
lng           float64
dtype: object
[2023-12-28T16:54:33.439+0000] {base.py:73} INFO - Using connection ID 'neonServerDB-Postgres' for task execution.
[2023-12-28T16:54:33.838+0000] {python.py:194} INFO - Done. Returned value was: None
[2023-12-28T16:54:33.917+0000] {taskinstance.py:1400} INFO - Marking task as SUCCESS. dag_id=air_quality, task_id=Insert_Data, execution_date=20231125T040000, start_date=20231228T165430, end_date=20231228T165433
[2023-12-28T16:54:34.066+0000] {local_task_job_runner.py:228} INFO - Task exited with return code 0
[2023-12-28T16:54:34.202+0000] {taskinstance.py:2778} INFO - 0 downstream tasks scheduled from follow-on schedule check
