[2023-12-12T22:22:51.908+0000] {processor.py:157} INFO - Started process (PID=53) to work on /home/airflow/.local/lib/python3.8/site-packages/airflow/example_dags/example_trigger_target_dag.py
[2023-12-12T22:22:51.911+0000] {processor.py:829} INFO - Processing file /home/airflow/.local/lib/python3.8/site-packages/airflow/example_dags/example_trigger_target_dag.py for tasks to queue
[2023-12-12T22:22:51.922+0000] {logging_mixin.py:154} INFO - [2023-12-12T22:22:51.921+0000] {dagbag.py:536} INFO - Filling up the DagBag from /home/airflow/.local/lib/python3.8/site-packages/airflow/example_dags/example_trigger_target_dag.py
[2023-12-12T22:22:51.971+0000] {processor.py:839} INFO - DAG(s) dict_keys(['example_trigger_target_dag']) retrieved from /home/airflow/.local/lib/python3.8/site-packages/airflow/example_dags/example_trigger_target_dag.py
[2023-12-12T22:22:52.905+0000] {logging_mixin.py:154} INFO - [2023-12-12T22:22:52.904+0000] {manager.py:499} INFO - Created Permission View: %s
[2023-12-12T22:22:52.950+0000] {logging_mixin.py:154} INFO - [2023-12-12T22:22:52.949+0000] {manager.py:499} INFO - Created Permission View: %s
[2023-12-12T22:22:52.976+0000] {logging_mixin.py:154} INFO - [2023-12-12T22:22:52.976+0000] {manager.py:499} INFO - Created Permission View: %s
[2023-12-12T22:22:52.978+0000] {logging_mixin.py:154} INFO - [2023-12-12T22:22:52.977+0000] {dag.py:2941} INFO - Sync 1 DAGs
[2023-12-12T22:22:53.061+0000] {logging_mixin.py:154} INFO - [2023-12-12T22:22:53.060+0000] {dag.py:2963} INFO - Creating ORM DAG for example_trigger_target_dag
[2023-12-12T22:22:53.064+0000] {logging_mixin.py:154} INFO - [2023-12-12T22:22:53.064+0000] {dag.py:3722} INFO - Setting next_dagrun for example_trigger_target_dag to None, run_after=None
[2023-12-12T22:22:53.134+0000] {processor.py:179} INFO - Processing /home/airflow/.local/lib/python3.8/site-packages/airflow/example_dags/example_trigger_target_dag.py took 1.258 seconds
[2023-12-12T22:23:23.695+0000] {processor.py:157} INFO - Started process (PID=107) to work on /home/airflow/.local/lib/python3.8/site-packages/airflow/example_dags/example_trigger_target_dag.py
[2023-12-12T22:23:23.705+0000] {processor.py:829} INFO - Processing file /home/airflow/.local/lib/python3.8/site-packages/airflow/example_dags/example_trigger_target_dag.py for tasks to queue
[2023-12-12T22:23:23.717+0000] {logging_mixin.py:154} INFO - [2023-12-12T22:23:23.716+0000] {dagbag.py:536} INFO - Filling up the DagBag from /home/airflow/.local/lib/python3.8/site-packages/airflow/example_dags/example_trigger_target_dag.py
[2023-12-12T22:23:23.750+0000] {processor.py:839} INFO - DAG(s) dict_keys(['example_trigger_target_dag']) retrieved from /home/airflow/.local/lib/python3.8/site-packages/airflow/example_dags/example_trigger_target_dag.py
[2023-12-12T22:23:23.837+0000] {logging_mixin.py:154} INFO - [2023-12-12T22:23:23.836+0000] {dag.py:2941} INFO - Sync 1 DAGs
[2023-12-12T22:23:23.884+0000] {logging_mixin.py:154} INFO - [2023-12-12T22:23:23.883+0000] {dag.py:3722} INFO - Setting next_dagrun for example_trigger_target_dag to None, run_after=None
[2023-12-12T22:23:23.948+0000] {processor.py:179} INFO - Processing /home/airflow/.local/lib/python3.8/site-packages/airflow/example_dags/example_trigger_target_dag.py took 0.272 seconds
[2023-12-12T22:23:54.424+0000] {processor.py:157} INFO - Started process (PID=161) to work on /home/airflow/.local/lib/python3.8/site-packages/airflow/example_dags/example_trigger_target_dag.py
[2023-12-12T22:23:54.426+0000] {processor.py:829} INFO - Processing file /home/airflow/.local/lib/python3.8/site-packages/airflow/example_dags/example_trigger_target_dag.py for tasks to queue
[2023-12-12T22:23:54.429+0000] {logging_mixin.py:154} INFO - [2023-12-12T22:23:54.428+0000] {dagbag.py:536} INFO - Filling up the DagBag from /home/airflow/.local/lib/python3.8/site-packages/airflow/example_dags/example_trigger_target_dag.py
[2023-12-12T22:23:54.437+0000] {processor.py:839} INFO - DAG(s) dict_keys(['example_trigger_target_dag']) retrieved from /home/airflow/.local/lib/python3.8/site-packages/airflow/example_dags/example_trigger_target_dag.py
[2023-12-12T22:23:54.459+0000] {logging_mixin.py:154} INFO - [2023-12-12T22:23:54.459+0000] {dag.py:2941} INFO - Sync 1 DAGs
[2023-12-12T22:23:54.475+0000] {logging_mixin.py:154} INFO - [2023-12-12T22:23:54.475+0000] {dag.py:3722} INFO - Setting next_dagrun for example_trigger_target_dag to None, run_after=None
[2023-12-12T22:23:54.497+0000] {processor.py:179} INFO - Processing /home/airflow/.local/lib/python3.8/site-packages/airflow/example_dags/example_trigger_target_dag.py took 0.078 seconds
[2023-12-12T22:24:24.945+0000] {processor.py:157} INFO - Started process (PID=215) to work on /home/airflow/.local/lib/python3.8/site-packages/airflow/example_dags/example_trigger_target_dag.py
[2023-12-12T22:24:24.947+0000] {processor.py:829} INFO - Processing file /home/airflow/.local/lib/python3.8/site-packages/airflow/example_dags/example_trigger_target_dag.py for tasks to queue
[2023-12-12T22:24:24.950+0000] {logging_mixin.py:154} INFO - [2023-12-12T22:24:24.949+0000] {dagbag.py:536} INFO - Filling up the DagBag from /home/airflow/.local/lib/python3.8/site-packages/airflow/example_dags/example_trigger_target_dag.py
[2023-12-12T22:24:24.957+0000] {processor.py:839} INFO - DAG(s) dict_keys(['example_trigger_target_dag']) retrieved from /home/airflow/.local/lib/python3.8/site-packages/airflow/example_dags/example_trigger_target_dag.py
[2023-12-12T22:24:24.981+0000] {logging_mixin.py:154} INFO - [2023-12-12T22:24:24.981+0000] {dag.py:2941} INFO - Sync 1 DAGs
[2023-12-12T22:24:24.996+0000] {logging_mixin.py:154} INFO - [2023-12-12T22:24:24.996+0000] {dag.py:3722} INFO - Setting next_dagrun for example_trigger_target_dag to None, run_after=None
[2023-12-12T22:24:25.022+0000] {processor.py:179} INFO - Processing /home/airflow/.local/lib/python3.8/site-packages/airflow/example_dags/example_trigger_target_dag.py took 0.081 seconds
[2023-12-12T22:24:55.580+0000] {processor.py:157} INFO - Started process (PID=269) to work on /home/airflow/.local/lib/python3.8/site-packages/airflow/example_dags/example_trigger_target_dag.py
[2023-12-12T22:24:55.581+0000] {processor.py:829} INFO - Processing file /home/airflow/.local/lib/python3.8/site-packages/airflow/example_dags/example_trigger_target_dag.py for tasks to queue
[2023-12-12T22:24:55.585+0000] {logging_mixin.py:154} INFO - [2023-12-12T22:24:55.585+0000] {dagbag.py:536} INFO - Filling up the DagBag from /home/airflow/.local/lib/python3.8/site-packages/airflow/example_dags/example_trigger_target_dag.py
[2023-12-12T22:24:55.593+0000] {processor.py:839} INFO - DAG(s) dict_keys(['example_trigger_target_dag']) retrieved from /home/airflow/.local/lib/python3.8/site-packages/airflow/example_dags/example_trigger_target_dag.py
[2023-12-12T22:24:55.623+0000] {logging_mixin.py:154} INFO - [2023-12-12T22:24:55.622+0000] {dag.py:2941} INFO - Sync 1 DAGs
[2023-12-12T22:24:55.649+0000] {logging_mixin.py:154} INFO - [2023-12-12T22:24:55.649+0000] {dag.py:3722} INFO - Setting next_dagrun for example_trigger_target_dag to None, run_after=None
[2023-12-12T22:24:55.685+0000] {processor.py:179} INFO - Processing /home/airflow/.local/lib/python3.8/site-packages/airflow/example_dags/example_trigger_target_dag.py took 0.110 seconds
[2023-12-12T22:25:25.744+0000] {processor.py:157} INFO - Started process (PID=323) to work on /home/airflow/.local/lib/python3.8/site-packages/airflow/example_dags/example_trigger_target_dag.py
[2023-12-12T22:25:25.745+0000] {processor.py:829} INFO - Processing file /home/airflow/.local/lib/python3.8/site-packages/airflow/example_dags/example_trigger_target_dag.py for tasks to queue
[2023-12-12T22:25:25.748+0000] {logging_mixin.py:154} INFO - [2023-12-12T22:25:25.747+0000] {dagbag.py:536} INFO - Filling up the DagBag from /home/airflow/.local/lib/python3.8/site-packages/airflow/example_dags/example_trigger_target_dag.py
[2023-12-12T22:25:25.754+0000] {processor.py:839} INFO - DAG(s) dict_keys(['example_trigger_target_dag']) retrieved from /home/airflow/.local/lib/python3.8/site-packages/airflow/example_dags/example_trigger_target_dag.py
[2023-12-12T22:25:25.781+0000] {logging_mixin.py:154} INFO - [2023-12-12T22:25:25.781+0000] {dag.py:2941} INFO - Sync 1 DAGs
[2023-12-12T22:25:25.803+0000] {logging_mixin.py:154} INFO - [2023-12-12T22:25:25.802+0000] {dag.py:3722} INFO - Setting next_dagrun for example_trigger_target_dag to None, run_after=None
[2023-12-12T22:25:25.839+0000] {processor.py:179} INFO - Processing /home/airflow/.local/lib/python3.8/site-packages/airflow/example_dags/example_trigger_target_dag.py took 0.099 seconds
[2023-12-12T22:25:55.993+0000] {processor.py:157} INFO - Started process (PID=377) to work on /home/airflow/.local/lib/python3.8/site-packages/airflow/example_dags/example_trigger_target_dag.py
[2023-12-12T22:25:55.996+0000] {processor.py:829} INFO - Processing file /home/airflow/.local/lib/python3.8/site-packages/airflow/example_dags/example_trigger_target_dag.py for tasks to queue
[2023-12-12T22:25:56.002+0000] {logging_mixin.py:154} INFO - [2023-12-12T22:25:56.002+0000] {dagbag.py:536} INFO - Filling up the DagBag from /home/airflow/.local/lib/python3.8/site-packages/airflow/example_dags/example_trigger_target_dag.py
[2023-12-12T22:25:56.023+0000] {processor.py:839} INFO - DAG(s) dict_keys(['example_trigger_target_dag']) retrieved from /home/airflow/.local/lib/python3.8/site-packages/airflow/example_dags/example_trigger_target_dag.py
[2023-12-12T22:25:56.056+0000] {logging_mixin.py:154} INFO - [2023-12-12T22:25:56.056+0000] {dag.py:2941} INFO - Sync 1 DAGs
[2023-12-12T22:25:56.075+0000] {logging_mixin.py:154} INFO - [2023-12-12T22:25:56.075+0000] {dag.py:3722} INFO - Setting next_dagrun for example_trigger_target_dag to None, run_after=None
[2023-12-12T22:25:56.107+0000] {processor.py:179} INFO - Processing /home/airflow/.local/lib/python3.8/site-packages/airflow/example_dags/example_trigger_target_dag.py took 0.124 seconds
[2023-12-12T22:26:26.687+0000] {processor.py:157} INFO - Started process (PID=431) to work on /home/airflow/.local/lib/python3.8/site-packages/airflow/example_dags/example_trigger_target_dag.py
[2023-12-12T22:26:26.689+0000] {processor.py:829} INFO - Processing file /home/airflow/.local/lib/python3.8/site-packages/airflow/example_dags/example_trigger_target_dag.py for tasks to queue
[2023-12-12T22:26:26.692+0000] {logging_mixin.py:154} INFO - [2023-12-12T22:26:26.692+0000] {dagbag.py:536} INFO - Filling up the DagBag from /home/airflow/.local/lib/python3.8/site-packages/airflow/example_dags/example_trigger_target_dag.py
[2023-12-12T22:26:26.701+0000] {processor.py:839} INFO - DAG(s) dict_keys(['example_trigger_target_dag']) retrieved from /home/airflow/.local/lib/python3.8/site-packages/airflow/example_dags/example_trigger_target_dag.py
[2023-12-12T22:26:26.726+0000] {logging_mixin.py:154} INFO - [2023-12-12T22:26:26.726+0000] {dag.py:2941} INFO - Sync 1 DAGs
[2023-12-12T22:26:26.741+0000] {logging_mixin.py:154} INFO - [2023-12-12T22:26:26.741+0000] {dag.py:3722} INFO - Setting next_dagrun for example_trigger_target_dag to None, run_after=None
[2023-12-12T22:26:26.764+0000] {processor.py:179} INFO - Processing /home/airflow/.local/lib/python3.8/site-packages/airflow/example_dags/example_trigger_target_dag.py took 0.082 seconds
[2023-12-12T22:26:56.881+0000] {processor.py:157} INFO - Started process (PID=485) to work on /home/airflow/.local/lib/python3.8/site-packages/airflow/example_dags/example_trigger_target_dag.py
[2023-12-12T22:26:56.883+0000] {processor.py:829} INFO - Processing file /home/airflow/.local/lib/python3.8/site-packages/airflow/example_dags/example_trigger_target_dag.py for tasks to queue
[2023-12-12T22:26:56.887+0000] {logging_mixin.py:154} INFO - [2023-12-12T22:26:56.886+0000] {dagbag.py:536} INFO - Filling up the DagBag from /home/airflow/.local/lib/python3.8/site-packages/airflow/example_dags/example_trigger_target_dag.py
[2023-12-12T22:26:56.896+0000] {processor.py:839} INFO - DAG(s) dict_keys(['example_trigger_target_dag']) retrieved from /home/airflow/.local/lib/python3.8/site-packages/airflow/example_dags/example_trigger_target_dag.py
[2023-12-12T22:26:56.928+0000] {logging_mixin.py:154} INFO - [2023-12-12T22:26:56.927+0000] {dag.py:2941} INFO - Sync 1 DAGs
[2023-12-12T22:26:56.947+0000] {logging_mixin.py:154} INFO - [2023-12-12T22:26:56.947+0000] {dag.py:3722} INFO - Setting next_dagrun for example_trigger_target_dag to None, run_after=None
[2023-12-12T22:26:56.985+0000] {processor.py:179} INFO - Processing /home/airflow/.local/lib/python3.8/site-packages/airflow/example_dags/example_trigger_target_dag.py took 0.109 seconds
[2023-12-12T22:27:27.583+0000] {processor.py:157} INFO - Started process (PID=539) to work on /home/airflow/.local/lib/python3.8/site-packages/airflow/example_dags/example_trigger_target_dag.py
[2023-12-12T22:27:27.585+0000] {processor.py:829} INFO - Processing file /home/airflow/.local/lib/python3.8/site-packages/airflow/example_dags/example_trigger_target_dag.py for tasks to queue
[2023-12-12T22:27:27.589+0000] {logging_mixin.py:154} INFO - [2023-12-12T22:27:27.589+0000] {dagbag.py:536} INFO - Filling up the DagBag from /home/airflow/.local/lib/python3.8/site-packages/airflow/example_dags/example_trigger_target_dag.py
[2023-12-12T22:27:27.602+0000] {processor.py:839} INFO - DAG(s) dict_keys(['example_trigger_target_dag']) retrieved from /home/airflow/.local/lib/python3.8/site-packages/airflow/example_dags/example_trigger_target_dag.py
[2023-12-12T22:27:27.645+0000] {logging_mixin.py:154} INFO - [2023-12-12T22:27:27.645+0000] {dag.py:2941} INFO - Sync 1 DAGs
[2023-12-12T22:27:27.674+0000] {logging_mixin.py:154} INFO - [2023-12-12T22:27:27.673+0000] {dag.py:3722} INFO - Setting next_dagrun for example_trigger_target_dag to None, run_after=None
[2023-12-12T22:27:27.739+0000] {processor.py:179} INFO - Processing /home/airflow/.local/lib/python3.8/site-packages/airflow/example_dags/example_trigger_target_dag.py took 0.165 seconds
[2023-12-12T22:27:58.509+0000] {processor.py:157} INFO - Started process (PID=593) to work on /home/airflow/.local/lib/python3.8/site-packages/airflow/example_dags/example_trigger_target_dag.py
[2023-12-12T22:27:58.512+0000] {processor.py:829} INFO - Processing file /home/airflow/.local/lib/python3.8/site-packages/airflow/example_dags/example_trigger_target_dag.py for tasks to queue
[2023-12-12T22:27:58.518+0000] {logging_mixin.py:154} INFO - [2023-12-12T22:27:58.517+0000] {dagbag.py:536} INFO - Filling up the DagBag from /home/airflow/.local/lib/python3.8/site-packages/airflow/example_dags/example_trigger_target_dag.py
[2023-12-12T22:27:58.533+0000] {processor.py:839} INFO - DAG(s) dict_keys(['example_trigger_target_dag']) retrieved from /home/airflow/.local/lib/python3.8/site-packages/airflow/example_dags/example_trigger_target_dag.py
[2023-12-12T22:27:58.570+0000] {logging_mixin.py:154} INFO - [2023-12-12T22:27:58.569+0000] {dag.py:2941} INFO - Sync 1 DAGs
[2023-12-12T22:27:58.589+0000] {logging_mixin.py:154} INFO - [2023-12-12T22:27:58.589+0000] {dag.py:3722} INFO - Setting next_dagrun for example_trigger_target_dag to None, run_after=None
[2023-12-12T22:27:58.621+0000] {processor.py:179} INFO - Processing /home/airflow/.local/lib/python3.8/site-packages/airflow/example_dags/example_trigger_target_dag.py took 0.122 seconds
[2023-12-12T22:28:28.979+0000] {processor.py:157} INFO - Started process (PID=647) to work on /home/airflow/.local/lib/python3.8/site-packages/airflow/example_dags/example_trigger_target_dag.py
[2023-12-12T22:28:28.980+0000] {processor.py:829} INFO - Processing file /home/airflow/.local/lib/python3.8/site-packages/airflow/example_dags/example_trigger_target_dag.py for tasks to queue
[2023-12-12T22:28:28.984+0000] {logging_mixin.py:154} INFO - [2023-12-12T22:28:28.984+0000] {dagbag.py:536} INFO - Filling up the DagBag from /home/airflow/.local/lib/python3.8/site-packages/airflow/example_dags/example_trigger_target_dag.py
[2023-12-12T22:28:28.993+0000] {processor.py:839} INFO - DAG(s) dict_keys(['example_trigger_target_dag']) retrieved from /home/airflow/.local/lib/python3.8/site-packages/airflow/example_dags/example_trigger_target_dag.py
[2023-12-12T22:28:29.019+0000] {logging_mixin.py:154} INFO - [2023-12-12T22:28:29.019+0000] {dag.py:2941} INFO - Sync 1 DAGs
[2023-12-12T22:28:29.036+0000] {logging_mixin.py:154} INFO - [2023-12-12T22:28:29.036+0000] {dag.py:3722} INFO - Setting next_dagrun for example_trigger_target_dag to None, run_after=None
[2023-12-12T22:28:29.062+0000] {processor.py:179} INFO - Processing /home/airflow/.local/lib/python3.8/site-packages/airflow/example_dags/example_trigger_target_dag.py took 0.089 seconds
