[2023-12-12T22:22:48.658+0000] {processor.py:157} INFO - Started process (PID=49) to work on /home/airflow/.local/lib/python3.8/site-packages/airflow/example_dags/example_branch_datetime_operator.py
[2023-12-12T22:22:48.662+0000] {processor.py:829} INFO - Processing file /home/airflow/.local/lib/python3.8/site-packages/airflow/example_dags/example_branch_datetime_operator.py for tasks to queue
[2023-12-12T22:22:48.675+0000] {logging_mixin.py:154} INFO - [2023-12-12T22:22:48.674+0000] {dagbag.py:536} INFO - Filling up the DagBag from /home/airflow/.local/lib/python3.8/site-packages/airflow/example_dags/example_branch_datetime_operator.py
[2023-12-12T22:22:48.734+0000] {processor.py:839} INFO - DAG(s) dict_keys(['example_branch_datetime_operator_2', 'example_branch_datetime_operator', 'example_branch_datetime_operator_3']) retrieved from /home/airflow/.local/lib/python3.8/site-packages/airflow/example_dags/example_branch_datetime_operator.py
[2023-12-12T22:22:49.345+0000] {logging_mixin.py:154} INFO - [2023-12-12T22:22:49.345+0000] {manager.py:499} INFO - Created Permission View: %s
[2023-12-12T22:22:49.382+0000] {logging_mixin.py:154} INFO - [2023-12-12T22:22:49.382+0000] {manager.py:499} INFO - Created Permission View: %s
[2023-12-12T22:22:49.406+0000] {logging_mixin.py:154} INFO - [2023-12-12T22:22:49.405+0000] {manager.py:499} INFO - Created Permission View: %s
[2023-12-12T22:22:49.445+0000] {logging_mixin.py:154} INFO - [2023-12-12T22:22:49.445+0000] {manager.py:499} INFO - Created Permission View: %s
[2023-12-12T22:22:49.466+0000] {logging_mixin.py:154} INFO - [2023-12-12T22:22:49.465+0000] {manager.py:499} INFO - Created Permission View: %s
[2023-12-12T22:22:49.487+0000] {logging_mixin.py:154} INFO - [2023-12-12T22:22:49.487+0000] {manager.py:499} INFO - Created Permission View: %s
[2023-12-12T22:22:49.527+0000] {logging_mixin.py:154} INFO - [2023-12-12T22:22:49.527+0000] {manager.py:499} INFO - Created Permission View: %s
[2023-12-12T22:22:49.551+0000] {logging_mixin.py:154} INFO - [2023-12-12T22:22:49.551+0000] {manager.py:499} INFO - Created Permission View: %s
[2023-12-12T22:22:49.575+0000] {logging_mixin.py:154} INFO - [2023-12-12T22:22:49.574+0000] {manager.py:499} INFO - Created Permission View: %s
[2023-12-12T22:22:49.579+0000] {logging_mixin.py:154} INFO - [2023-12-12T22:22:49.579+0000] {dag.py:2941} INFO - Sync 3 DAGs
[2023-12-12T22:22:49.671+0000] {logging_mixin.py:154} INFO - [2023-12-12T22:22:49.671+0000] {dag.py:2963} INFO - Creating ORM DAG for example_branch_datetime_operator_2
[2023-12-12T22:22:49.674+0000] {logging_mixin.py:154} INFO - [2023-12-12T22:22:49.673+0000] {dag.py:2963} INFO - Creating ORM DAG for example_branch_datetime_operator
[2023-12-12T22:22:49.676+0000] {logging_mixin.py:154} INFO - [2023-12-12T22:22:49.676+0000] {dag.py:2963} INFO - Creating ORM DAG for example_branch_datetime_operator_3
[2023-12-12T22:22:49.736+0000] {logging_mixin.py:154} INFO - [2023-12-12T22:22:49.735+0000] {dag.py:3722} INFO - Setting next_dagrun for example_branch_datetime_operator to 2023-12-11T00:00:00+00:00, run_after=2023-12-12T00:00:00+00:00
[2023-12-12T22:22:49.748+0000] {logging_mixin.py:154} INFO - [2023-12-12T22:22:49.747+0000] {dag.py:3722} INFO - Setting next_dagrun for example_branch_datetime_operator_2 to 2023-12-11T00:00:00+00:00, run_after=2023-12-12T00:00:00+00:00
[2023-12-12T22:22:49.754+0000] {logging_mixin.py:154} INFO - [2023-12-12T22:22:49.754+0000] {dag.py:3722} INFO - Setting next_dagrun for example_branch_datetime_operator_3 to 2023-12-11T00:00:00+00:00, run_after=2023-12-12T00:00:00+00:00
[2023-12-12T22:22:49.837+0000] {processor.py:179} INFO - Processing /home/airflow/.local/lib/python3.8/site-packages/airflow/example_dags/example_branch_datetime_operator.py took 1.189 seconds
[2023-12-12T22:23:20.384+0000] {processor.py:157} INFO - Started process (PID=103) to work on /home/airflow/.local/lib/python3.8/site-packages/airflow/example_dags/example_branch_datetime_operator.py
[2023-12-12T22:23:20.391+0000] {processor.py:829} INFO - Processing file /home/airflow/.local/lib/python3.8/site-packages/airflow/example_dags/example_branch_datetime_operator.py for tasks to queue
[2023-12-12T22:23:20.405+0000] {logging_mixin.py:154} INFO - [2023-12-12T22:23:20.403+0000] {dagbag.py:536} INFO - Filling up the DagBag from /home/airflow/.local/lib/python3.8/site-packages/airflow/example_dags/example_branch_datetime_operator.py
[2023-12-12T22:23:20.469+0000] {processor.py:839} INFO - DAG(s) dict_keys(['example_branch_datetime_operator', 'example_branch_datetime_operator_3', 'example_branch_datetime_operator_2']) retrieved from /home/airflow/.local/lib/python3.8/site-packages/airflow/example_dags/example_branch_datetime_operator.py
[2023-12-12T22:23:20.648+0000] {logging_mixin.py:154} INFO - [2023-12-12T22:23:20.648+0000] {dag.py:2941} INFO - Sync 3 DAGs
[2023-12-12T22:23:20.854+0000] {logging_mixin.py:154} INFO - [2023-12-12T22:23:20.853+0000] {dag.py:3722} INFO - Setting next_dagrun for example_branch_datetime_operator to 2023-12-11T00:00:00+00:00, run_after=2023-12-12T00:00:00+00:00
[2023-12-12T22:23:20.892+0000] {logging_mixin.py:154} INFO - [2023-12-12T22:23:20.891+0000] {dag.py:3722} INFO - Setting next_dagrun for example_branch_datetime_operator_2 to 2023-12-11T00:00:00+00:00, run_after=2023-12-12T00:00:00+00:00
[2023-12-12T22:23:20.921+0000] {logging_mixin.py:154} INFO - [2023-12-12T22:23:20.911+0000] {dag.py:3722} INFO - Setting next_dagrun for example_branch_datetime_operator_3 to 2023-12-11T00:00:00+00:00, run_after=2023-12-12T00:00:00+00:00
[2023-12-12T22:23:21.044+0000] {processor.py:179} INFO - Processing /home/airflow/.local/lib/python3.8/site-packages/airflow/example_dags/example_branch_datetime_operator.py took 0.680 seconds
[2023-12-12T22:23:51.122+0000] {processor.py:157} INFO - Started process (PID=157) to work on /home/airflow/.local/lib/python3.8/site-packages/airflow/example_dags/example_branch_datetime_operator.py
[2023-12-12T22:23:51.123+0000] {processor.py:829} INFO - Processing file /home/airflow/.local/lib/python3.8/site-packages/airflow/example_dags/example_branch_datetime_operator.py for tasks to queue
[2023-12-12T22:23:51.126+0000] {logging_mixin.py:154} INFO - [2023-12-12T22:23:51.126+0000] {dagbag.py:536} INFO - Filling up the DagBag from /home/airflow/.local/lib/python3.8/site-packages/airflow/example_dags/example_branch_datetime_operator.py
[2023-12-12T22:23:51.137+0000] {processor.py:839} INFO - DAG(s) dict_keys(['example_branch_datetime_operator', 'example_branch_datetime_operator_2', 'example_branch_datetime_operator_3']) retrieved from /home/airflow/.local/lib/python3.8/site-packages/airflow/example_dags/example_branch_datetime_operator.py
[2023-12-12T22:23:51.169+0000] {logging_mixin.py:154} INFO - [2023-12-12T22:23:51.169+0000] {dag.py:2941} INFO - Sync 3 DAGs
[2023-12-12T22:23:51.198+0000] {logging_mixin.py:154} INFO - [2023-12-12T22:23:51.198+0000] {dag.py:3722} INFO - Setting next_dagrun for example_branch_datetime_operator to 2023-12-11T00:00:00+00:00, run_after=2023-12-12T00:00:00+00:00
[2023-12-12T22:23:51.204+0000] {logging_mixin.py:154} INFO - [2023-12-12T22:23:51.204+0000] {dag.py:3722} INFO - Setting next_dagrun for example_branch_datetime_operator_2 to 2023-12-11T00:00:00+00:00, run_after=2023-12-12T00:00:00+00:00
[2023-12-12T22:23:51.208+0000] {logging_mixin.py:154} INFO - [2023-12-12T22:23:51.208+0000] {dag.py:3722} INFO - Setting next_dagrun for example_branch_datetime_operator_3 to 2023-12-11T00:00:00+00:00, run_after=2023-12-12T00:00:00+00:00
[2023-12-12T22:23:51.234+0000] {processor.py:179} INFO - Processing /home/airflow/.local/lib/python3.8/site-packages/airflow/example_dags/example_branch_datetime_operator.py took 0.115 seconds
[2023-12-12T22:24:21.611+0000] {processor.py:157} INFO - Started process (PID=211) to work on /home/airflow/.local/lib/python3.8/site-packages/airflow/example_dags/example_branch_datetime_operator.py
[2023-12-12T22:24:21.614+0000] {processor.py:829} INFO - Processing file /home/airflow/.local/lib/python3.8/site-packages/airflow/example_dags/example_branch_datetime_operator.py for tasks to queue
[2023-12-12T22:24:21.620+0000] {logging_mixin.py:154} INFO - [2023-12-12T22:24:21.619+0000] {dagbag.py:536} INFO - Filling up the DagBag from /home/airflow/.local/lib/python3.8/site-packages/airflow/example_dags/example_branch_datetime_operator.py
[2023-12-12T22:24:21.639+0000] {processor.py:839} INFO - DAG(s) dict_keys(['example_branch_datetime_operator_2', 'example_branch_datetime_operator_3', 'example_branch_datetime_operator']) retrieved from /home/airflow/.local/lib/python3.8/site-packages/airflow/example_dags/example_branch_datetime_operator.py
[2023-12-12T22:24:21.686+0000] {logging_mixin.py:154} INFO - [2023-12-12T22:24:21.685+0000] {dag.py:2941} INFO - Sync 3 DAGs
[2023-12-12T22:24:21.723+0000] {logging_mixin.py:154} INFO - [2023-12-12T22:24:21.723+0000] {dag.py:3722} INFO - Setting next_dagrun for example_branch_datetime_operator to 2023-12-11T00:00:00+00:00, run_after=2023-12-12T00:00:00+00:00
[2023-12-12T22:24:21.730+0000] {logging_mixin.py:154} INFO - [2023-12-12T22:24:21.730+0000] {dag.py:3722} INFO - Setting next_dagrun for example_branch_datetime_operator_2 to 2023-12-11T00:00:00+00:00, run_after=2023-12-12T00:00:00+00:00
[2023-12-12T22:24:21.734+0000] {logging_mixin.py:154} INFO - [2023-12-12T22:24:21.733+0000] {dag.py:3722} INFO - Setting next_dagrun for example_branch_datetime_operator_3 to 2023-12-11T00:00:00+00:00, run_after=2023-12-12T00:00:00+00:00
[2023-12-12T22:24:21.757+0000] {processor.py:179} INFO - Processing /home/airflow/.local/lib/python3.8/site-packages/airflow/example_dags/example_branch_datetime_operator.py took 0.150 seconds
[2023-12-12T22:24:52.246+0000] {processor.py:157} INFO - Started process (PID=265) to work on /home/airflow/.local/lib/python3.8/site-packages/airflow/example_dags/example_branch_datetime_operator.py
[2023-12-12T22:24:52.248+0000] {processor.py:829} INFO - Processing file /home/airflow/.local/lib/python3.8/site-packages/airflow/example_dags/example_branch_datetime_operator.py for tasks to queue
[2023-12-12T22:24:52.251+0000] {logging_mixin.py:154} INFO - [2023-12-12T22:24:52.251+0000] {dagbag.py:536} INFO - Filling up the DagBag from /home/airflow/.local/lib/python3.8/site-packages/airflow/example_dags/example_branch_datetime_operator.py
[2023-12-12T22:24:52.265+0000] {processor.py:839} INFO - DAG(s) dict_keys(['example_branch_datetime_operator', 'example_branch_datetime_operator_3', 'example_branch_datetime_operator_2']) retrieved from /home/airflow/.local/lib/python3.8/site-packages/airflow/example_dags/example_branch_datetime_operator.py
[2023-12-12T22:24:52.298+0000] {logging_mixin.py:154} INFO - [2023-12-12T22:24:52.297+0000] {dag.py:2941} INFO - Sync 3 DAGs
[2023-12-12T22:24:52.326+0000] {logging_mixin.py:154} INFO - [2023-12-12T22:24:52.326+0000] {dag.py:3722} INFO - Setting next_dagrun for example_branch_datetime_operator to 2023-12-11T00:00:00+00:00, run_after=2023-12-12T00:00:00+00:00
[2023-12-12T22:24:52.332+0000] {logging_mixin.py:154} INFO - [2023-12-12T22:24:52.332+0000] {dag.py:3722} INFO - Setting next_dagrun for example_branch_datetime_operator_2 to 2023-12-11T00:00:00+00:00, run_after=2023-12-12T00:00:00+00:00
[2023-12-12T22:24:52.336+0000] {logging_mixin.py:154} INFO - [2023-12-12T22:24:52.336+0000] {dag.py:3722} INFO - Setting next_dagrun for example_branch_datetime_operator_3 to 2023-12-11T00:00:00+00:00, run_after=2023-12-12T00:00:00+00:00
[2023-12-12T22:24:52.358+0000] {processor.py:179} INFO - Processing /home/airflow/.local/lib/python3.8/site-packages/airflow/example_dags/example_branch_datetime_operator.py took 0.117 seconds
[2023-12-12T22:25:22.448+0000] {processor.py:157} INFO - Started process (PID=319) to work on /home/airflow/.local/lib/python3.8/site-packages/airflow/example_dags/example_branch_datetime_operator.py
[2023-12-12T22:25:22.449+0000] {processor.py:829} INFO - Processing file /home/airflow/.local/lib/python3.8/site-packages/airflow/example_dags/example_branch_datetime_operator.py for tasks to queue
[2023-12-12T22:25:22.452+0000] {logging_mixin.py:154} INFO - [2023-12-12T22:25:22.452+0000] {dagbag.py:536} INFO - Filling up the DagBag from /home/airflow/.local/lib/python3.8/site-packages/airflow/example_dags/example_branch_datetime_operator.py
[2023-12-12T22:25:22.465+0000] {processor.py:839} INFO - DAG(s) dict_keys(['example_branch_datetime_operator_2', 'example_branch_datetime_operator_3', 'example_branch_datetime_operator']) retrieved from /home/airflow/.local/lib/python3.8/site-packages/airflow/example_dags/example_branch_datetime_operator.py
[2023-12-12T22:25:22.497+0000] {logging_mixin.py:154} INFO - [2023-12-12T22:25:22.497+0000] {dag.py:2941} INFO - Sync 3 DAGs
[2023-12-12T22:25:22.524+0000] {logging_mixin.py:154} INFO - [2023-12-12T22:25:22.523+0000] {dag.py:3722} INFO - Setting next_dagrun for example_branch_datetime_operator to 2023-12-11T00:00:00+00:00, run_after=2023-12-12T00:00:00+00:00
[2023-12-12T22:25:22.530+0000] {logging_mixin.py:154} INFO - [2023-12-12T22:25:22.530+0000] {dag.py:3722} INFO - Setting next_dagrun for example_branch_datetime_operator_2 to 2023-12-11T00:00:00+00:00, run_after=2023-12-12T00:00:00+00:00
[2023-12-12T22:25:22.534+0000] {logging_mixin.py:154} INFO - [2023-12-12T22:25:22.534+0000] {dag.py:3722} INFO - Setting next_dagrun for example_branch_datetime_operator_3 to 2023-12-11T00:00:00+00:00, run_after=2023-12-12T00:00:00+00:00
[2023-12-12T22:25:22.559+0000] {processor.py:179} INFO - Processing /home/airflow/.local/lib/python3.8/site-packages/airflow/example_dags/example_branch_datetime_operator.py took 0.115 seconds
[2023-12-12T22:25:52.766+0000] {processor.py:157} INFO - Started process (PID=373) to work on /home/airflow/.local/lib/python3.8/site-packages/airflow/example_dags/example_branch_datetime_operator.py
[2023-12-12T22:25:52.768+0000] {processor.py:829} INFO - Processing file /home/airflow/.local/lib/python3.8/site-packages/airflow/example_dags/example_branch_datetime_operator.py for tasks to queue
[2023-12-12T22:25:52.771+0000] {logging_mixin.py:154} INFO - [2023-12-12T22:25:52.771+0000] {dagbag.py:536} INFO - Filling up the DagBag from /home/airflow/.local/lib/python3.8/site-packages/airflow/example_dags/example_branch_datetime_operator.py
[2023-12-12T22:25:52.786+0000] {processor.py:839} INFO - DAG(s) dict_keys(['example_branch_datetime_operator_2', 'example_branch_datetime_operator_3', 'example_branch_datetime_operator']) retrieved from /home/airflow/.local/lib/python3.8/site-packages/airflow/example_dags/example_branch_datetime_operator.py
[2023-12-12T22:25:52.819+0000] {logging_mixin.py:154} INFO - [2023-12-12T22:25:52.819+0000] {dag.py:2941} INFO - Sync 3 DAGs
[2023-12-12T22:25:52.845+0000] {logging_mixin.py:154} INFO - [2023-12-12T22:25:52.845+0000] {dag.py:3722} INFO - Setting next_dagrun for example_branch_datetime_operator to 2023-12-11T00:00:00+00:00, run_after=2023-12-12T00:00:00+00:00
[2023-12-12T22:25:52.852+0000] {logging_mixin.py:154} INFO - [2023-12-12T22:25:52.851+0000] {dag.py:3722} INFO - Setting next_dagrun for example_branch_datetime_operator_2 to 2023-12-11T00:00:00+00:00, run_after=2023-12-12T00:00:00+00:00
[2023-12-12T22:25:52.855+0000] {logging_mixin.py:154} INFO - [2023-12-12T22:25:52.855+0000] {dag.py:3722} INFO - Setting next_dagrun for example_branch_datetime_operator_3 to 2023-12-11T00:00:00+00:00, run_after=2023-12-12T00:00:00+00:00
[2023-12-12T22:25:52.876+0000] {processor.py:179} INFO - Processing /home/airflow/.local/lib/python3.8/site-packages/airflow/example_dags/example_branch_datetime_operator.py took 0.115 seconds
[2023-12-12T22:26:23.357+0000] {processor.py:157} INFO - Started process (PID=427) to work on /home/airflow/.local/lib/python3.8/site-packages/airflow/example_dags/example_branch_datetime_operator.py
[2023-12-12T22:26:23.359+0000] {processor.py:829} INFO - Processing file /home/airflow/.local/lib/python3.8/site-packages/airflow/example_dags/example_branch_datetime_operator.py for tasks to queue
[2023-12-12T22:26:23.362+0000] {logging_mixin.py:154} INFO - [2023-12-12T22:26:23.362+0000] {dagbag.py:536} INFO - Filling up the DagBag from /home/airflow/.local/lib/python3.8/site-packages/airflow/example_dags/example_branch_datetime_operator.py
[2023-12-12T22:26:23.385+0000] {processor.py:839} INFO - DAG(s) dict_keys(['example_branch_datetime_operator', 'example_branch_datetime_operator_2', 'example_branch_datetime_operator_3']) retrieved from /home/airflow/.local/lib/python3.8/site-packages/airflow/example_dags/example_branch_datetime_operator.py
[2023-12-12T22:26:23.424+0000] {logging_mixin.py:154} INFO - [2023-12-12T22:26:23.424+0000] {dag.py:2941} INFO - Sync 3 DAGs
[2023-12-12T22:26:23.459+0000] {logging_mixin.py:154} INFO - [2023-12-12T22:26:23.458+0000] {dag.py:3722} INFO - Setting next_dagrun for example_branch_datetime_operator to 2023-12-11T00:00:00+00:00, run_after=2023-12-12T00:00:00+00:00
[2023-12-12T22:26:23.467+0000] {logging_mixin.py:154} INFO - [2023-12-12T22:26:23.467+0000] {dag.py:3722} INFO - Setting next_dagrun for example_branch_datetime_operator_2 to 2023-12-11T00:00:00+00:00, run_after=2023-12-12T00:00:00+00:00
[2023-12-12T22:26:23.472+0000] {logging_mixin.py:154} INFO - [2023-12-12T22:26:23.472+0000] {dag.py:3722} INFO - Setting next_dagrun for example_branch_datetime_operator_3 to 2023-12-11T00:00:00+00:00, run_after=2023-12-12T00:00:00+00:00
[2023-12-12T22:26:23.506+0000] {processor.py:179} INFO - Processing /home/airflow/.local/lib/python3.8/site-packages/airflow/example_dags/example_branch_datetime_operator.py took 0.156 seconds
[2023-12-12T22:26:53.539+0000] {processor.py:157} INFO - Started process (PID=482) to work on /home/airflow/.local/lib/python3.8/site-packages/airflow/example_dags/example_branch_datetime_operator.py
[2023-12-12T22:26:53.540+0000] {processor.py:829} INFO - Processing file /home/airflow/.local/lib/python3.8/site-packages/airflow/example_dags/example_branch_datetime_operator.py for tasks to queue
[2023-12-12T22:26:53.544+0000] {logging_mixin.py:154} INFO - [2023-12-12T22:26:53.543+0000] {dagbag.py:536} INFO - Filling up the DagBag from /home/airflow/.local/lib/python3.8/site-packages/airflow/example_dags/example_branch_datetime_operator.py
[2023-12-12T22:26:53.566+0000] {processor.py:839} INFO - DAG(s) dict_keys(['example_branch_datetime_operator_3', 'example_branch_datetime_operator_2', 'example_branch_datetime_operator']) retrieved from /home/airflow/.local/lib/python3.8/site-packages/airflow/example_dags/example_branch_datetime_operator.py
[2023-12-12T22:26:53.603+0000] {logging_mixin.py:154} INFO - [2023-12-12T22:26:53.603+0000] {dag.py:2941} INFO - Sync 3 DAGs
[2023-12-12T22:26:53.633+0000] {logging_mixin.py:154} INFO - [2023-12-12T22:26:53.633+0000] {dag.py:3722} INFO - Setting next_dagrun for example_branch_datetime_operator to 2023-12-11T00:00:00+00:00, run_after=2023-12-12T00:00:00+00:00
[2023-12-12T22:26:53.640+0000] {logging_mixin.py:154} INFO - [2023-12-12T22:26:53.640+0000] {dag.py:3722} INFO - Setting next_dagrun for example_branch_datetime_operator_2 to 2023-12-11T00:00:00+00:00, run_after=2023-12-12T00:00:00+00:00
[2023-12-12T22:26:53.645+0000] {logging_mixin.py:154} INFO - [2023-12-12T22:26:53.644+0000] {dag.py:3722} INFO - Setting next_dagrun for example_branch_datetime_operator_3 to 2023-12-11T00:00:00+00:00, run_after=2023-12-12T00:00:00+00:00
[2023-12-12T22:26:53.669+0000] {processor.py:179} INFO - Processing /home/airflow/.local/lib/python3.8/site-packages/airflow/example_dags/example_branch_datetime_operator.py took 0.135 seconds
[2023-12-12T22:27:24.220+0000] {processor.py:157} INFO - Started process (PID=535) to work on /home/airflow/.local/lib/python3.8/site-packages/airflow/example_dags/example_branch_datetime_operator.py
[2023-12-12T22:27:24.223+0000] {processor.py:829} INFO - Processing file /home/airflow/.local/lib/python3.8/site-packages/airflow/example_dags/example_branch_datetime_operator.py for tasks to queue
[2023-12-12T22:27:24.229+0000] {logging_mixin.py:154} INFO - [2023-12-12T22:27:24.228+0000] {dagbag.py:536} INFO - Filling up the DagBag from /home/airflow/.local/lib/python3.8/site-packages/airflow/example_dags/example_branch_datetime_operator.py
[2023-12-12T22:27:24.247+0000] {processor.py:839} INFO - DAG(s) dict_keys(['example_branch_datetime_operator_3', 'example_branch_datetime_operator_2', 'example_branch_datetime_operator']) retrieved from /home/airflow/.local/lib/python3.8/site-packages/airflow/example_dags/example_branch_datetime_operator.py
[2023-12-12T22:27:24.284+0000] {logging_mixin.py:154} INFO - [2023-12-12T22:27:24.283+0000] {dag.py:2941} INFO - Sync 3 DAGs
[2023-12-12T22:27:24.318+0000] {logging_mixin.py:154} INFO - [2023-12-12T22:27:24.318+0000] {dag.py:3722} INFO - Setting next_dagrun for example_branch_datetime_operator to 2023-12-11T00:00:00+00:00, run_after=2023-12-12T00:00:00+00:00
[2023-12-12T22:27:24.326+0000] {logging_mixin.py:154} INFO - [2023-12-12T22:27:24.325+0000] {dag.py:3722} INFO - Setting next_dagrun for example_branch_datetime_operator_2 to 2023-12-11T00:00:00+00:00, run_after=2023-12-12T00:00:00+00:00
[2023-12-12T22:27:24.330+0000] {logging_mixin.py:154} INFO - [2023-12-12T22:27:24.329+0000] {dag.py:3722} INFO - Setting next_dagrun for example_branch_datetime_operator_3 to 2023-12-11T00:00:00+00:00, run_after=2023-12-12T00:00:00+00:00
[2023-12-12T22:27:24.353+0000] {processor.py:179} INFO - Processing /home/airflow/.local/lib/python3.8/site-packages/airflow/example_dags/example_branch_datetime_operator.py took 0.156 seconds
[2023-12-12T22:27:55.169+0000] {processor.py:157} INFO - Started process (PID=589) to work on /home/airflow/.local/lib/python3.8/site-packages/airflow/example_dags/example_branch_datetime_operator.py
[2023-12-12T22:27:55.171+0000] {processor.py:829} INFO - Processing file /home/airflow/.local/lib/python3.8/site-packages/airflow/example_dags/example_branch_datetime_operator.py for tasks to queue
[2023-12-12T22:27:55.173+0000] {logging_mixin.py:154} INFO - [2023-12-12T22:27:55.173+0000] {dagbag.py:536} INFO - Filling up the DagBag from /home/airflow/.local/lib/python3.8/site-packages/airflow/example_dags/example_branch_datetime_operator.py
[2023-12-12T22:27:55.185+0000] {processor.py:839} INFO - DAG(s) dict_keys(['example_branch_datetime_operator_2', 'example_branch_datetime_operator_3', 'example_branch_datetime_operator']) retrieved from /home/airflow/.local/lib/python3.8/site-packages/airflow/example_dags/example_branch_datetime_operator.py
[2023-12-12T22:27:55.219+0000] {logging_mixin.py:154} INFO - [2023-12-12T22:27:55.218+0000] {dag.py:2941} INFO - Sync 3 DAGs
[2023-12-12T22:27:55.249+0000] {logging_mixin.py:154} INFO - [2023-12-12T22:27:55.249+0000] {dag.py:3722} INFO - Setting next_dagrun for example_branch_datetime_operator to 2023-12-11T00:00:00+00:00, run_after=2023-12-12T00:00:00+00:00
[2023-12-12T22:27:55.257+0000] {logging_mixin.py:154} INFO - [2023-12-12T22:27:55.257+0000] {dag.py:3722} INFO - Setting next_dagrun for example_branch_datetime_operator_2 to 2023-12-11T00:00:00+00:00, run_after=2023-12-12T00:00:00+00:00
[2023-12-12T22:27:55.262+0000] {logging_mixin.py:154} INFO - [2023-12-12T22:27:55.262+0000] {dag.py:3722} INFO - Setting next_dagrun for example_branch_datetime_operator_3 to 2023-12-11T00:00:00+00:00, run_after=2023-12-12T00:00:00+00:00
[2023-12-12T22:27:55.287+0000] {processor.py:179} INFO - Processing /home/airflow/.local/lib/python3.8/site-packages/airflow/example_dags/example_branch_datetime_operator.py took 0.122 seconds
[2023-12-12T22:28:25.555+0000] {processor.py:157} INFO - Started process (PID=643) to work on /home/airflow/.local/lib/python3.8/site-packages/airflow/example_dags/example_branch_datetime_operator.py
[2023-12-12T22:28:25.557+0000] {processor.py:829} INFO - Processing file /home/airflow/.local/lib/python3.8/site-packages/airflow/example_dags/example_branch_datetime_operator.py for tasks to queue
[2023-12-12T22:28:25.561+0000] {logging_mixin.py:154} INFO - [2023-12-12T22:28:25.561+0000] {dagbag.py:536} INFO - Filling up the DagBag from /home/airflow/.local/lib/python3.8/site-packages/airflow/example_dags/example_branch_datetime_operator.py
[2023-12-12T22:28:25.579+0000] {processor.py:839} INFO - DAG(s) dict_keys(['example_branch_datetime_operator_2', 'example_branch_datetime_operator', 'example_branch_datetime_operator_3']) retrieved from /home/airflow/.local/lib/python3.8/site-packages/airflow/example_dags/example_branch_datetime_operator.py
[2023-12-12T22:28:25.636+0000] {logging_mixin.py:154} INFO - [2023-12-12T22:28:25.636+0000] {dag.py:2941} INFO - Sync 3 DAGs
[2023-12-12T22:28:25.682+0000] {logging_mixin.py:154} INFO - [2023-12-12T22:28:25.682+0000] {dag.py:3722} INFO - Setting next_dagrun for example_branch_datetime_operator to 2023-12-11T00:00:00+00:00, run_after=2023-12-12T00:00:00+00:00
[2023-12-12T22:28:25.694+0000] {logging_mixin.py:154} INFO - [2023-12-12T22:28:25.694+0000] {dag.py:3722} INFO - Setting next_dagrun for example_branch_datetime_operator_2 to 2023-12-11T00:00:00+00:00, run_after=2023-12-12T00:00:00+00:00
[2023-12-12T22:28:25.702+0000] {logging_mixin.py:154} INFO - [2023-12-12T22:28:25.701+0000] {dag.py:3722} INFO - Setting next_dagrun for example_branch_datetime_operator_3 to 2023-12-11T00:00:00+00:00, run_after=2023-12-12T00:00:00+00:00
[2023-12-12T22:28:25.734+0000] {processor.py:179} INFO - Processing /home/airflow/.local/lib/python3.8/site-packages/airflow/example_dags/example_branch_datetime_operator.py took 0.186 seconds
