[2023-12-12T22:23:00.964+0000] {processor.py:157} INFO - Started process (PID=86) to work on /home/airflow/.local/lib/python3.8/site-packages/airflow/example_dags/example_sensor_decorator.py
[2023-12-12T22:23:00.966+0000] {processor.py:829} INFO - Processing file /home/airflow/.local/lib/python3.8/site-packages/airflow/example_dags/example_sensor_decorator.py for tasks to queue
[2023-12-12T22:23:00.974+0000] {logging_mixin.py:154} INFO - [2023-12-12T22:23:00.973+0000] {dagbag.py:536} INFO - Filling up the DagBag from /home/airflow/.local/lib/python3.8/site-packages/airflow/example_dags/example_sensor_decorator.py
[2023-12-12T22:23:00.988+0000] {processor.py:839} INFO - DAG(s) dict_keys(['example_sensor_decorator']) retrieved from /home/airflow/.local/lib/python3.8/site-packages/airflow/example_dags/example_sensor_decorator.py
[2023-12-12T22:23:01.335+0000] {logging_mixin.py:154} INFO - [2023-12-12T22:23:01.335+0000] {manager.py:499} INFO - Created Permission View: %s
[2023-12-12T22:23:01.362+0000] {logging_mixin.py:154} INFO - [2023-12-12T22:23:01.361+0000] {manager.py:499} INFO - Created Permission View: %s
[2023-12-12T22:23:01.382+0000] {logging_mixin.py:154} INFO - [2023-12-12T22:23:01.381+0000] {manager.py:499} INFO - Created Permission View: %s
[2023-12-12T22:23:01.383+0000] {logging_mixin.py:154} INFO - [2023-12-12T22:23:01.383+0000] {dag.py:2941} INFO - Sync 1 DAGs
[2023-12-12T22:23:01.427+0000] {logging_mixin.py:154} INFO - [2023-12-12T22:23:01.427+0000] {dag.py:2963} INFO - Creating ORM DAG for example_sensor_decorator
[2023-12-12T22:23:01.430+0000] {logging_mixin.py:154} INFO - [2023-12-12T22:23:01.429+0000] {dag.py:3722} INFO - Setting next_dagrun for example_sensor_decorator to None, run_after=None
[2023-12-12T22:23:01.481+0000] {processor.py:179} INFO - Processing /home/airflow/.local/lib/python3.8/site-packages/airflow/example_dags/example_sensor_decorator.py took 0.523 seconds
[2023-12-12T22:23:31.843+0000] {processor.py:157} INFO - Started process (PID=139) to work on /home/airflow/.local/lib/python3.8/site-packages/airflow/example_dags/example_sensor_decorator.py
[2023-12-12T22:23:31.849+0000] {processor.py:829} INFO - Processing file /home/airflow/.local/lib/python3.8/site-packages/airflow/example_dags/example_sensor_decorator.py for tasks to queue
[2023-12-12T22:23:31.862+0000] {logging_mixin.py:154} INFO - [2023-12-12T22:23:31.861+0000] {dagbag.py:536} INFO - Filling up the DagBag from /home/airflow/.local/lib/python3.8/site-packages/airflow/example_dags/example_sensor_decorator.py
[2023-12-12T22:23:31.889+0000] {processor.py:839} INFO - DAG(s) dict_keys(['example_sensor_decorator']) retrieved from /home/airflow/.local/lib/python3.8/site-packages/airflow/example_dags/example_sensor_decorator.py
[2023-12-12T22:23:31.964+0000] {logging_mixin.py:154} INFO - [2023-12-12T22:23:31.964+0000] {dag.py:2941} INFO - Sync 1 DAGs
[2023-12-12T22:23:32.032+0000] {logging_mixin.py:154} INFO - [2023-12-12T22:23:32.031+0000] {dag.py:3722} INFO - Setting next_dagrun for example_sensor_decorator to None, run_after=None
[2023-12-12T22:23:32.112+0000] {processor.py:179} INFO - Processing /home/airflow/.local/lib/python3.8/site-packages/airflow/example_dags/example_sensor_decorator.py took 0.285 seconds
[2023-12-12T22:24:02.615+0000] {processor.py:157} INFO - Started process (PID=194) to work on /home/airflow/.local/lib/python3.8/site-packages/airflow/example_dags/example_sensor_decorator.py
[2023-12-12T22:24:02.616+0000] {processor.py:829} INFO - Processing file /home/airflow/.local/lib/python3.8/site-packages/airflow/example_dags/example_sensor_decorator.py for tasks to queue
[2023-12-12T22:24:02.619+0000] {logging_mixin.py:154} INFO - [2023-12-12T22:24:02.619+0000] {dagbag.py:536} INFO - Filling up the DagBag from /home/airflow/.local/lib/python3.8/site-packages/airflow/example_dags/example_sensor_decorator.py
[2023-12-12T22:24:02.627+0000] {processor.py:839} INFO - DAG(s) dict_keys(['example_sensor_decorator']) retrieved from /home/airflow/.local/lib/python3.8/site-packages/airflow/example_dags/example_sensor_decorator.py
[2023-12-12T22:24:02.653+0000] {logging_mixin.py:154} INFO - [2023-12-12T22:24:02.652+0000] {dag.py:2941} INFO - Sync 1 DAGs
[2023-12-12T22:24:02.669+0000] {logging_mixin.py:154} INFO - [2023-12-12T22:24:02.669+0000] {dag.py:3722} INFO - Setting next_dagrun for example_sensor_decorator to None, run_after=None
[2023-12-12T22:24:02.692+0000] {processor.py:179} INFO - Processing /home/airflow/.local/lib/python3.8/site-packages/airflow/example_dags/example_sensor_decorator.py took 0.082 seconds
[2023-12-12T22:24:32.821+0000] {processor.py:157} INFO - Started process (PID=248) to work on /home/airflow/.local/lib/python3.8/site-packages/airflow/example_dags/example_sensor_decorator.py
[2023-12-12T22:24:32.822+0000] {processor.py:829} INFO - Processing file /home/airflow/.local/lib/python3.8/site-packages/airflow/example_dags/example_sensor_decorator.py for tasks to queue
[2023-12-12T22:24:32.826+0000] {logging_mixin.py:154} INFO - [2023-12-12T22:24:32.825+0000] {dagbag.py:536} INFO - Filling up the DagBag from /home/airflow/.local/lib/python3.8/site-packages/airflow/example_dags/example_sensor_decorator.py
[2023-12-12T22:24:32.833+0000] {processor.py:839} INFO - DAG(s) dict_keys(['example_sensor_decorator']) retrieved from /home/airflow/.local/lib/python3.8/site-packages/airflow/example_dags/example_sensor_decorator.py
[2023-12-12T22:24:32.858+0000] {logging_mixin.py:154} INFO - [2023-12-12T22:24:32.858+0000] {dag.py:2941} INFO - Sync 1 DAGs
[2023-12-12T22:24:32.872+0000] {logging_mixin.py:154} INFO - [2023-12-12T22:24:32.872+0000] {dag.py:3722} INFO - Setting next_dagrun for example_sensor_decorator to None, run_after=None
[2023-12-12T22:24:32.899+0000] {processor.py:179} INFO - Processing /home/airflow/.local/lib/python3.8/site-packages/airflow/example_dags/example_sensor_decorator.py took 0.082 seconds
[2023-12-12T22:25:03.526+0000] {processor.py:157} INFO - Started process (PID=302) to work on /home/airflow/.local/lib/python3.8/site-packages/airflow/example_dags/example_sensor_decorator.py
[2023-12-12T22:25:03.527+0000] {processor.py:829} INFO - Processing file /home/airflow/.local/lib/python3.8/site-packages/airflow/example_dags/example_sensor_decorator.py for tasks to queue
[2023-12-12T22:25:03.531+0000] {logging_mixin.py:154} INFO - [2023-12-12T22:25:03.530+0000] {dagbag.py:536} INFO - Filling up the DagBag from /home/airflow/.local/lib/python3.8/site-packages/airflow/example_dags/example_sensor_decorator.py
[2023-12-12T22:25:03.541+0000] {processor.py:839} INFO - DAG(s) dict_keys(['example_sensor_decorator']) retrieved from /home/airflow/.local/lib/python3.8/site-packages/airflow/example_dags/example_sensor_decorator.py
[2023-12-12T22:25:03.568+0000] {logging_mixin.py:154} INFO - [2023-12-12T22:25:03.568+0000] {dag.py:2941} INFO - Sync 1 DAGs
[2023-12-12T22:25:03.586+0000] {logging_mixin.py:154} INFO - [2023-12-12T22:25:03.586+0000] {dag.py:3722} INFO - Setting next_dagrun for example_sensor_decorator to None, run_after=None
[2023-12-12T22:25:03.617+0000] {processor.py:179} INFO - Processing /home/airflow/.local/lib/python3.8/site-packages/airflow/example_dags/example_sensor_decorator.py took 0.096 seconds
[2023-12-12T22:25:33.665+0000] {processor.py:157} INFO - Started process (PID=355) to work on /home/airflow/.local/lib/python3.8/site-packages/airflow/example_dags/example_sensor_decorator.py
[2023-12-12T22:25:33.666+0000] {processor.py:829} INFO - Processing file /home/airflow/.local/lib/python3.8/site-packages/airflow/example_dags/example_sensor_decorator.py for tasks to queue
[2023-12-12T22:25:33.670+0000] {logging_mixin.py:154} INFO - [2023-12-12T22:25:33.669+0000] {dagbag.py:536} INFO - Filling up the DagBag from /home/airflow/.local/lib/python3.8/site-packages/airflow/example_dags/example_sensor_decorator.py
[2023-12-12T22:25:33.679+0000] {processor.py:839} INFO - DAG(s) dict_keys(['example_sensor_decorator']) retrieved from /home/airflow/.local/lib/python3.8/site-packages/airflow/example_dags/example_sensor_decorator.py
[2023-12-12T22:25:33.707+0000] {logging_mixin.py:154} INFO - [2023-12-12T22:25:33.707+0000] {dag.py:2941} INFO - Sync 1 DAGs
[2023-12-12T22:25:33.723+0000] {logging_mixin.py:154} INFO - [2023-12-12T22:25:33.723+0000] {dag.py:3722} INFO - Setting next_dagrun for example_sensor_decorator to None, run_after=None
[2023-12-12T22:25:33.761+0000] {processor.py:179} INFO - Processing /home/airflow/.local/lib/python3.8/site-packages/airflow/example_dags/example_sensor_decorator.py took 0.100 seconds
[2023-12-12T22:26:04.031+0000] {processor.py:157} INFO - Started process (PID=410) to work on /home/airflow/.local/lib/python3.8/site-packages/airflow/example_dags/example_sensor_decorator.py
[2023-12-12T22:26:04.033+0000] {processor.py:829} INFO - Processing file /home/airflow/.local/lib/python3.8/site-packages/airflow/example_dags/example_sensor_decorator.py for tasks to queue
[2023-12-12T22:26:04.036+0000] {logging_mixin.py:154} INFO - [2023-12-12T22:26:04.035+0000] {dagbag.py:536} INFO - Filling up the DagBag from /home/airflow/.local/lib/python3.8/site-packages/airflow/example_dags/example_sensor_decorator.py
[2023-12-12T22:26:04.042+0000] {processor.py:839} INFO - DAG(s) dict_keys(['example_sensor_decorator']) retrieved from /home/airflow/.local/lib/python3.8/site-packages/airflow/example_dags/example_sensor_decorator.py
[2023-12-12T22:26:04.064+0000] {logging_mixin.py:154} INFO - [2023-12-12T22:26:04.064+0000] {dag.py:2941} INFO - Sync 1 DAGs
[2023-12-12T22:26:04.078+0000] {logging_mixin.py:154} INFO - [2023-12-12T22:26:04.078+0000] {dag.py:3722} INFO - Setting next_dagrun for example_sensor_decorator to None, run_after=None
[2023-12-12T22:26:04.103+0000] {processor.py:179} INFO - Processing /home/airflow/.local/lib/python3.8/site-packages/airflow/example_dags/example_sensor_decorator.py took 0.075 seconds
[2023-12-12T22:26:34.729+0000] {processor.py:157} INFO - Started process (PID=464) to work on /home/airflow/.local/lib/python3.8/site-packages/airflow/example_dags/example_sensor_decorator.py
[2023-12-12T22:26:34.731+0000] {processor.py:829} INFO - Processing file /home/airflow/.local/lib/python3.8/site-packages/airflow/example_dags/example_sensor_decorator.py for tasks to queue
[2023-12-12T22:26:34.736+0000] {logging_mixin.py:154} INFO - [2023-12-12T22:26:34.736+0000] {dagbag.py:536} INFO - Filling up the DagBag from /home/airflow/.local/lib/python3.8/site-packages/airflow/example_dags/example_sensor_decorator.py
[2023-12-12T22:26:34.747+0000] {processor.py:839} INFO - DAG(s) dict_keys(['example_sensor_decorator']) retrieved from /home/airflow/.local/lib/python3.8/site-packages/airflow/example_dags/example_sensor_decorator.py
[2023-12-12T22:26:34.779+0000] {logging_mixin.py:154} INFO - [2023-12-12T22:26:34.778+0000] {dag.py:2941} INFO - Sync 1 DAGs
[2023-12-12T22:26:34.801+0000] {logging_mixin.py:154} INFO - [2023-12-12T22:26:34.800+0000] {dag.py:3722} INFO - Setting next_dagrun for example_sensor_decorator to None, run_after=None
[2023-12-12T22:26:34.835+0000] {processor.py:179} INFO - Processing /home/airflow/.local/lib/python3.8/site-packages/airflow/example_dags/example_sensor_decorator.py took 0.113 seconds
[2023-12-12T22:27:05.365+0000] {processor.py:157} INFO - Started process (PID=518) to work on /home/airflow/.local/lib/python3.8/site-packages/airflow/example_dags/example_sensor_decorator.py
[2023-12-12T22:27:05.371+0000] {processor.py:829} INFO - Processing file /home/airflow/.local/lib/python3.8/site-packages/airflow/example_dags/example_sensor_decorator.py for tasks to queue
[2023-12-12T22:27:05.383+0000] {logging_mixin.py:154} INFO - [2023-12-12T22:27:05.382+0000] {dagbag.py:536} INFO - Filling up the DagBag from /home/airflow/.local/lib/python3.8/site-packages/airflow/example_dags/example_sensor_decorator.py
[2023-12-12T22:27:05.392+0000] {processor.py:839} INFO - DAG(s) dict_keys(['example_sensor_decorator']) retrieved from /home/airflow/.local/lib/python3.8/site-packages/airflow/example_dags/example_sensor_decorator.py
[2023-12-12T22:27:05.420+0000] {logging_mixin.py:154} INFO - [2023-12-12T22:27:05.420+0000] {dag.py:2941} INFO - Sync 1 DAGs
[2023-12-12T22:27:05.439+0000] {logging_mixin.py:154} INFO - [2023-12-12T22:27:05.438+0000] {dag.py:3722} INFO - Setting next_dagrun for example_sensor_decorator to None, run_after=None
[2023-12-12T22:27:05.461+0000] {processor.py:179} INFO - Processing /home/airflow/.local/lib/python3.8/site-packages/airflow/example_dags/example_sensor_decorator.py took 0.113 seconds
[2023-12-12T22:27:35.869+0000] {processor.py:157} INFO - Started process (PID=572) to work on /home/airflow/.local/lib/python3.8/site-packages/airflow/example_dags/example_sensor_decorator.py
[2023-12-12T22:27:35.870+0000] {processor.py:829} INFO - Processing file /home/airflow/.local/lib/python3.8/site-packages/airflow/example_dags/example_sensor_decorator.py for tasks to queue
[2023-12-12T22:27:35.873+0000] {logging_mixin.py:154} INFO - [2023-12-12T22:27:35.873+0000] {dagbag.py:536} INFO - Filling up the DagBag from /home/airflow/.local/lib/python3.8/site-packages/airflow/example_dags/example_sensor_decorator.py
[2023-12-12T22:27:35.881+0000] {processor.py:839} INFO - DAG(s) dict_keys(['example_sensor_decorator']) retrieved from /home/airflow/.local/lib/python3.8/site-packages/airflow/example_dags/example_sensor_decorator.py
[2023-12-12T22:27:35.911+0000] {logging_mixin.py:154} INFO - [2023-12-12T22:27:35.911+0000] {dag.py:2941} INFO - Sync 1 DAGs
[2023-12-12T22:27:35.929+0000] {logging_mixin.py:154} INFO - [2023-12-12T22:27:35.929+0000] {dag.py:3722} INFO - Setting next_dagrun for example_sensor_decorator to None, run_after=None
[2023-12-12T22:27:35.970+0000] {processor.py:179} INFO - Processing /home/airflow/.local/lib/python3.8/site-packages/airflow/example_dags/example_sensor_decorator.py took 0.106 seconds
[2023-12-12T22:28:06.016+0000] {processor.py:157} INFO - Started process (PID=625) to work on /home/airflow/.local/lib/python3.8/site-packages/airflow/example_dags/example_sensor_decorator.py
[2023-12-12T22:28:06.017+0000] {processor.py:829} INFO - Processing file /home/airflow/.local/lib/python3.8/site-packages/airflow/example_dags/example_sensor_decorator.py for tasks to queue
[2023-12-12T22:28:06.021+0000] {logging_mixin.py:154} INFO - [2023-12-12T22:28:06.020+0000] {dagbag.py:536} INFO - Filling up the DagBag from /home/airflow/.local/lib/python3.8/site-packages/airflow/example_dags/example_sensor_decorator.py
[2023-12-12T22:28:06.028+0000] {processor.py:839} INFO - DAG(s) dict_keys(['example_sensor_decorator']) retrieved from /home/airflow/.local/lib/python3.8/site-packages/airflow/example_dags/example_sensor_decorator.py
[2023-12-12T22:28:06.054+0000] {logging_mixin.py:154} INFO - [2023-12-12T22:28:06.054+0000] {dag.py:2941} INFO - Sync 1 DAGs
[2023-12-12T22:28:06.071+0000] {logging_mixin.py:154} INFO - [2023-12-12T22:28:06.071+0000] {dag.py:3722} INFO - Setting next_dagrun for example_sensor_decorator to None, run_after=None
[2023-12-12T22:28:06.096+0000] {processor.py:179} INFO - Processing /home/airflow/.local/lib/python3.8/site-packages/airflow/example_dags/example_sensor_decorator.py took 0.084 seconds
[2023-12-12T22:28:37.368+0000] {processor.py:157} INFO - Started process (PID=680) to work on /home/airflow/.local/lib/python3.8/site-packages/airflow/example_dags/example_sensor_decorator.py
[2023-12-12T22:28:37.371+0000] {processor.py:829} INFO - Processing file /home/airflow/.local/lib/python3.8/site-packages/airflow/example_dags/example_sensor_decorator.py for tasks to queue
[2023-12-12T22:28:37.401+0000] {logging_mixin.py:154} INFO - [2023-12-12T22:28:37.400+0000] {dagbag.py:536} INFO - Filling up the DagBag from /home/airflow/.local/lib/python3.8/site-packages/airflow/example_dags/example_sensor_decorator.py
[2023-12-12T22:28:37.459+0000] {processor.py:839} INFO - DAG(s) dict_keys(['example_sensor_decorator']) retrieved from /home/airflow/.local/lib/python3.8/site-packages/airflow/example_dags/example_sensor_decorator.py
[2023-12-12T22:28:37.557+0000] {logging_mixin.py:154} INFO - [2023-12-12T22:28:37.557+0000] {dag.py:2941} INFO - Sync 1 DAGs
[2023-12-12T22:28:37.592+0000] {logging_mixin.py:154} INFO - [2023-12-12T22:28:37.591+0000] {dag.py:3722} INFO - Setting next_dagrun for example_sensor_decorator to None, run_after=None
[2023-12-12T22:28:37.629+0000] {processor.py:179} INFO - Processing /home/airflow/.local/lib/python3.8/site-packages/airflow/example_dags/example_sensor_decorator.py took 0.267 seconds
