[2023-12-12T22:22:45.935+0000] {processor.py:157} INFO - Started process (PID=43) to work on /home/airflow/.local/lib/python3.8/site-packages/airflow/example_dags/example_skip_dag.py
[2023-12-12T22:22:45.938+0000] {processor.py:829} INFO - Processing file /home/airflow/.local/lib/python3.8/site-packages/airflow/example_dags/example_skip_dag.py for tasks to queue
[2023-12-12T22:22:45.946+0000] {logging_mixin.py:154} INFO - [2023-12-12T22:22:45.945+0000] {dagbag.py:536} INFO - Filling up the DagBag from /home/airflow/.local/lib/python3.8/site-packages/airflow/example_dags/example_skip_dag.py
[2023-12-12T22:22:45.991+0000] {processor.py:839} INFO - DAG(s) dict_keys(['example_skip_dag']) retrieved from /home/airflow/.local/lib/python3.8/site-packages/airflow/example_dags/example_skip_dag.py
[2023-12-12T22:22:46.326+0000] {logging_mixin.py:154} INFO - [2023-12-12T22:22:46.326+0000] {manager.py:499} INFO - Created Permission View: %s
[2023-12-12T22:22:46.357+0000] {logging_mixin.py:154} INFO - [2023-12-12T22:22:46.357+0000] {manager.py:499} INFO - Created Permission View: %s
[2023-12-12T22:22:46.380+0000] {logging_mixin.py:154} INFO - [2023-12-12T22:22:46.380+0000] {manager.py:499} INFO - Created Permission View: %s
[2023-12-12T22:22:46.382+0000] {logging_mixin.py:154} INFO - [2023-12-12T22:22:46.381+0000] {dag.py:2941} INFO - Sync 1 DAGs
[2023-12-12T22:22:46.426+0000] {logging_mixin.py:154} INFO - [2023-12-12T22:22:46.426+0000] {dag.py:2963} INFO - Creating ORM DAG for example_skip_dag
[2023-12-12T22:22:46.460+0000] {logging_mixin.py:154} INFO - [2023-12-12T22:22:46.459+0000] {dag.py:3722} INFO - Setting next_dagrun for example_skip_dag to 2023-12-11T22:22:46.458984+00:00, run_after=2023-12-12T22:22:46.458984+00:00
[2023-12-12T22:22:46.524+0000] {processor.py:179} INFO - Processing /home/airflow/.local/lib/python3.8/site-packages/airflow/example_dags/example_skip_dag.py took 0.607 seconds
[2023-12-12T22:23:17.348+0000] {processor.py:157} INFO - Started process (PID=97) to work on /home/airflow/.local/lib/python3.8/site-packages/airflow/example_dags/example_skip_dag.py
[2023-12-12T22:23:17.352+0000] {processor.py:829} INFO - Processing file /home/airflow/.local/lib/python3.8/site-packages/airflow/example_dags/example_skip_dag.py for tasks to queue
[2023-12-12T22:23:17.370+0000] {logging_mixin.py:154} INFO - [2023-12-12T22:23:17.369+0000] {dagbag.py:536} INFO - Filling up the DagBag from /home/airflow/.local/lib/python3.8/site-packages/airflow/example_dags/example_skip_dag.py
[2023-12-12T22:23:17.413+0000] {processor.py:839} INFO - DAG(s) dict_keys(['example_skip_dag']) retrieved from /home/airflow/.local/lib/python3.8/site-packages/airflow/example_dags/example_skip_dag.py
[2023-12-12T22:23:17.576+0000] {logging_mixin.py:154} INFO - [2023-12-12T22:23:17.576+0000] {dag.py:2941} INFO - Sync 1 DAGs
[2023-12-12T22:23:17.803+0000] {logging_mixin.py:154} INFO - [2023-12-12T22:23:17.802+0000] {dag.py:3722} INFO - Setting next_dagrun for example_skip_dag to 2023-12-11T22:23:17.802042+00:00, run_after=2023-12-12T22:23:17.802042+00:00
[2023-12-12T22:23:17.915+0000] {processor.py:179} INFO - Processing /home/airflow/.local/lib/python3.8/site-packages/airflow/example_dags/example_skip_dag.py took 0.583 seconds
[2023-12-12T22:23:48.702+0000] {processor.py:157} INFO - Started process (PID=151) to work on /home/airflow/.local/lib/python3.8/site-packages/airflow/example_dags/example_skip_dag.py
[2023-12-12T22:23:48.703+0000] {processor.py:829} INFO - Processing file /home/airflow/.local/lib/python3.8/site-packages/airflow/example_dags/example_skip_dag.py for tasks to queue
[2023-12-12T22:23:48.706+0000] {logging_mixin.py:154} INFO - [2023-12-12T22:23:48.706+0000] {dagbag.py:536} INFO - Filling up the DagBag from /home/airflow/.local/lib/python3.8/site-packages/airflow/example_dags/example_skip_dag.py
[2023-12-12T22:23:48.714+0000] {processor.py:839} INFO - DAG(s) dict_keys(['example_skip_dag']) retrieved from /home/airflow/.local/lib/python3.8/site-packages/airflow/example_dags/example_skip_dag.py
[2023-12-12T22:23:48.745+0000] {logging_mixin.py:154} INFO - [2023-12-12T22:23:48.745+0000] {dag.py:2941} INFO - Sync 1 DAGs
[2023-12-12T22:23:48.772+0000] {logging_mixin.py:154} INFO - [2023-12-12T22:23:48.771+0000] {dag.py:3722} INFO - Setting next_dagrun for example_skip_dag to 2023-12-11T22:23:48.771597+00:00, run_after=2023-12-12T22:23:48.771597+00:00
[2023-12-12T22:23:48.797+0000] {processor.py:179} INFO - Processing /home/airflow/.local/lib/python3.8/site-packages/airflow/example_dags/example_skip_dag.py took 0.098 seconds
[2023-12-12T22:24:19.142+0000] {processor.py:157} INFO - Started process (PID=205) to work on /home/airflow/.local/lib/python3.8/site-packages/airflow/example_dags/example_skip_dag.py
[2023-12-12T22:24:19.143+0000] {processor.py:829} INFO - Processing file /home/airflow/.local/lib/python3.8/site-packages/airflow/example_dags/example_skip_dag.py for tasks to queue
[2023-12-12T22:24:19.147+0000] {logging_mixin.py:154} INFO - [2023-12-12T22:24:19.147+0000] {dagbag.py:536} INFO - Filling up the DagBag from /home/airflow/.local/lib/python3.8/site-packages/airflow/example_dags/example_skip_dag.py
[2023-12-12T22:24:19.160+0000] {processor.py:839} INFO - DAG(s) dict_keys(['example_skip_dag']) retrieved from /home/airflow/.local/lib/python3.8/site-packages/airflow/example_dags/example_skip_dag.py
[2023-12-12T22:24:19.188+0000] {logging_mixin.py:154} INFO - [2023-12-12T22:24:19.188+0000] {dag.py:2941} INFO - Sync 1 DAGs
[2023-12-12T22:24:19.213+0000] {logging_mixin.py:154} INFO - [2023-12-12T22:24:19.213+0000] {dag.py:3722} INFO - Setting next_dagrun for example_skip_dag to 2023-12-11T22:24:19.213437+00:00, run_after=2023-12-12T22:24:19.213437+00:00
[2023-12-12T22:24:19.237+0000] {processor.py:179} INFO - Processing /home/airflow/.local/lib/python3.8/site-packages/airflow/example_dags/example_skip_dag.py took 0.100 seconds
[2023-12-12T22:24:49.734+0000] {processor.py:157} INFO - Started process (PID=259) to work on /home/airflow/.local/lib/python3.8/site-packages/airflow/example_dags/example_skip_dag.py
[2023-12-12T22:24:49.736+0000] {processor.py:829} INFO - Processing file /home/airflow/.local/lib/python3.8/site-packages/airflow/example_dags/example_skip_dag.py for tasks to queue
[2023-12-12T22:24:49.739+0000] {logging_mixin.py:154} INFO - [2023-12-12T22:24:49.738+0000] {dagbag.py:536} INFO - Filling up the DagBag from /home/airflow/.local/lib/python3.8/site-packages/airflow/example_dags/example_skip_dag.py
[2023-12-12T22:24:49.747+0000] {processor.py:839} INFO - DAG(s) dict_keys(['example_skip_dag']) retrieved from /home/airflow/.local/lib/python3.8/site-packages/airflow/example_dags/example_skip_dag.py
[2023-12-12T22:24:49.773+0000] {logging_mixin.py:154} INFO - [2023-12-12T22:24:49.773+0000] {dag.py:2941} INFO - Sync 1 DAGs
[2023-12-12T22:24:49.798+0000] {logging_mixin.py:154} INFO - [2023-12-12T22:24:49.798+0000] {dag.py:3722} INFO - Setting next_dagrun for example_skip_dag to 2023-12-11T22:24:49.797817+00:00, run_after=2023-12-12T22:24:49.797817+00:00
[2023-12-12T22:24:49.823+0000] {processor.py:179} INFO - Processing /home/airflow/.local/lib/python3.8/site-packages/airflow/example_dags/example_skip_dag.py took 0.094 seconds
[2023-12-12T22:25:19.925+0000] {processor.py:157} INFO - Started process (PID=313) to work on /home/airflow/.local/lib/python3.8/site-packages/airflow/example_dags/example_skip_dag.py
[2023-12-12T22:25:19.927+0000] {processor.py:829} INFO - Processing file /home/airflow/.local/lib/python3.8/site-packages/airflow/example_dags/example_skip_dag.py for tasks to queue
[2023-12-12T22:25:19.932+0000] {logging_mixin.py:154} INFO - [2023-12-12T22:25:19.931+0000] {dagbag.py:536} INFO - Filling up the DagBag from /home/airflow/.local/lib/python3.8/site-packages/airflow/example_dags/example_skip_dag.py
[2023-12-12T22:25:19.942+0000] {processor.py:839} INFO - DAG(s) dict_keys(['example_skip_dag']) retrieved from /home/airflow/.local/lib/python3.8/site-packages/airflow/example_dags/example_skip_dag.py
[2023-12-12T22:25:19.974+0000] {logging_mixin.py:154} INFO - [2023-12-12T22:25:19.974+0000] {dag.py:2941} INFO - Sync 1 DAGs
[2023-12-12T22:25:20.015+0000] {logging_mixin.py:154} INFO - [2023-12-12T22:25:20.015+0000] {dag.py:3722} INFO - Setting next_dagrun for example_skip_dag to 2023-12-11T22:25:20.015071+00:00, run_after=2023-12-12T22:25:20.015071+00:00
[2023-12-12T22:25:20.043+0000] {processor.py:179} INFO - Processing /home/airflow/.local/lib/python3.8/site-packages/airflow/example_dags/example_skip_dag.py took 0.124 seconds
[2023-12-12T22:25:50.204+0000] {processor.py:157} INFO - Started process (PID=367) to work on /home/airflow/.local/lib/python3.8/site-packages/airflow/example_dags/example_skip_dag.py
[2023-12-12T22:25:50.206+0000] {processor.py:829} INFO - Processing file /home/airflow/.local/lib/python3.8/site-packages/airflow/example_dags/example_skip_dag.py for tasks to queue
[2023-12-12T22:25:50.211+0000] {logging_mixin.py:154} INFO - [2023-12-12T22:25:50.211+0000] {dagbag.py:536} INFO - Filling up the DagBag from /home/airflow/.local/lib/python3.8/site-packages/airflow/example_dags/example_skip_dag.py
[2023-12-12T22:25:50.222+0000] {processor.py:839} INFO - DAG(s) dict_keys(['example_skip_dag']) retrieved from /home/airflow/.local/lib/python3.8/site-packages/airflow/example_dags/example_skip_dag.py
[2023-12-12T22:25:50.250+0000] {logging_mixin.py:154} INFO - [2023-12-12T22:25:50.250+0000] {dag.py:2941} INFO - Sync 1 DAGs
[2023-12-12T22:25:50.276+0000] {logging_mixin.py:154} INFO - [2023-12-12T22:25:50.276+0000] {dag.py:3722} INFO - Setting next_dagrun for example_skip_dag to 2023-12-11T22:25:50.276193+00:00, run_after=2023-12-12T22:25:50.276193+00:00
[2023-12-12T22:25:50.307+0000] {processor.py:179} INFO - Processing /home/airflow/.local/lib/python3.8/site-packages/airflow/example_dags/example_skip_dag.py took 0.110 seconds
[2023-12-12T22:26:20.831+0000] {processor.py:157} INFO - Started process (PID=421) to work on /home/airflow/.local/lib/python3.8/site-packages/airflow/example_dags/example_skip_dag.py
[2023-12-12T22:26:20.833+0000] {processor.py:829} INFO - Processing file /home/airflow/.local/lib/python3.8/site-packages/airflow/example_dags/example_skip_dag.py for tasks to queue
[2023-12-12T22:26:20.838+0000] {logging_mixin.py:154} INFO - [2023-12-12T22:26:20.837+0000] {dagbag.py:536} INFO - Filling up the DagBag from /home/airflow/.local/lib/python3.8/site-packages/airflow/example_dags/example_skip_dag.py
[2023-12-12T22:26:20.847+0000] {processor.py:839} INFO - DAG(s) dict_keys(['example_skip_dag']) retrieved from /home/airflow/.local/lib/python3.8/site-packages/airflow/example_dags/example_skip_dag.py
[2023-12-12T22:26:20.876+0000] {logging_mixin.py:154} INFO - [2023-12-12T22:26:20.875+0000] {dag.py:2941} INFO - Sync 1 DAGs
[2023-12-12T22:26:20.905+0000] {logging_mixin.py:154} INFO - [2023-12-12T22:26:20.905+0000] {dag.py:3722} INFO - Setting next_dagrun for example_skip_dag to 2023-12-11T22:26:20.905304+00:00, run_after=2023-12-12T22:26:20.905304+00:00
[2023-12-12T22:26:20.940+0000] {processor.py:179} INFO - Processing /home/airflow/.local/lib/python3.8/site-packages/airflow/example_dags/example_skip_dag.py took 0.114 seconds
[2023-12-12T22:26:51.028+0000] {processor.py:157} INFO - Started process (PID=475) to work on /home/airflow/.local/lib/python3.8/site-packages/airflow/example_dags/example_skip_dag.py
[2023-12-12T22:26:51.030+0000] {processor.py:829} INFO - Processing file /home/airflow/.local/lib/python3.8/site-packages/airflow/example_dags/example_skip_dag.py for tasks to queue
[2023-12-12T22:26:51.034+0000] {logging_mixin.py:154} INFO - [2023-12-12T22:26:51.033+0000] {dagbag.py:536} INFO - Filling up the DagBag from /home/airflow/.local/lib/python3.8/site-packages/airflow/example_dags/example_skip_dag.py
[2023-12-12T22:26:51.041+0000] {processor.py:839} INFO - DAG(s) dict_keys(['example_skip_dag']) retrieved from /home/airflow/.local/lib/python3.8/site-packages/airflow/example_dags/example_skip_dag.py
[2023-12-12T22:26:51.070+0000] {logging_mixin.py:154} INFO - [2023-12-12T22:26:51.069+0000] {dag.py:2941} INFO - Sync 1 DAGs
[2023-12-12T22:26:51.098+0000] {logging_mixin.py:154} INFO - [2023-12-12T22:26:51.098+0000] {dag.py:3722} INFO - Setting next_dagrun for example_skip_dag to 2023-12-11T22:26:51.098201+00:00, run_after=2023-12-12T22:26:51.098201+00:00
[2023-12-12T22:26:51.142+0000] {processor.py:179} INFO - Processing /home/airflow/.local/lib/python3.8/site-packages/airflow/example_dags/example_skip_dag.py took 0.117 seconds
[2023-12-12T22:27:21.557+0000] {processor.py:157} INFO - Started process (PID=529) to work on /home/airflow/.local/lib/python3.8/site-packages/airflow/example_dags/example_skip_dag.py
[2023-12-12T22:27:21.559+0000] {processor.py:829} INFO - Processing file /home/airflow/.local/lib/python3.8/site-packages/airflow/example_dags/example_skip_dag.py for tasks to queue
[2023-12-12T22:27:21.563+0000] {logging_mixin.py:154} INFO - [2023-12-12T22:27:21.563+0000] {dagbag.py:536} INFO - Filling up the DagBag from /home/airflow/.local/lib/python3.8/site-packages/airflow/example_dags/example_skip_dag.py
[2023-12-12T22:27:21.572+0000] {processor.py:839} INFO - DAG(s) dict_keys(['example_skip_dag']) retrieved from /home/airflow/.local/lib/python3.8/site-packages/airflow/example_dags/example_skip_dag.py
[2023-12-12T22:27:21.613+0000] {logging_mixin.py:154} INFO - [2023-12-12T22:27:21.612+0000] {dag.py:2941} INFO - Sync 1 DAGs
[2023-12-12T22:27:21.659+0000] {logging_mixin.py:154} INFO - [2023-12-12T22:27:21.658+0000] {dag.py:3722} INFO - Setting next_dagrun for example_skip_dag to 2023-12-11T22:27:21.658213+00:00, run_after=2023-12-12T22:27:21.658213+00:00
[2023-12-12T22:27:21.701+0000] {processor.py:179} INFO - Processing /home/airflow/.local/lib/python3.8/site-packages/airflow/example_dags/example_skip_dag.py took 0.150 seconds
[2023-12-12T22:27:52.110+0000] {processor.py:157} INFO - Started process (PID=583) to work on /home/airflow/.local/lib/python3.8/site-packages/airflow/example_dags/example_skip_dag.py
[2023-12-12T22:27:52.112+0000] {processor.py:829} INFO - Processing file /home/airflow/.local/lib/python3.8/site-packages/airflow/example_dags/example_skip_dag.py for tasks to queue
[2023-12-12T22:27:52.117+0000] {logging_mixin.py:154} INFO - [2023-12-12T22:27:52.116+0000] {dagbag.py:536} INFO - Filling up the DagBag from /home/airflow/.local/lib/python3.8/site-packages/airflow/example_dags/example_skip_dag.py
[2023-12-12T22:27:52.129+0000] {processor.py:839} INFO - DAG(s) dict_keys(['example_skip_dag']) retrieved from /home/airflow/.local/lib/python3.8/site-packages/airflow/example_dags/example_skip_dag.py
[2023-12-12T22:27:52.165+0000] {logging_mixin.py:154} INFO - [2023-12-12T22:27:52.164+0000] {dag.py:2941} INFO - Sync 1 DAGs
[2023-12-12T22:27:52.205+0000] {logging_mixin.py:154} INFO - [2023-12-12T22:27:52.204+0000] {dag.py:3722} INFO - Setting next_dagrun for example_skip_dag to 2023-12-11T22:27:52.204390+00:00, run_after=2023-12-12T22:27:52.204390+00:00
[2023-12-12T22:27:52.246+0000] {processor.py:179} INFO - Processing /home/airflow/.local/lib/python3.8/site-packages/airflow/example_dags/example_skip_dag.py took 0.141 seconds
[2023-12-12T22:28:22.990+0000] {processor.py:157} INFO - Started process (PID=637) to work on /home/airflow/.local/lib/python3.8/site-packages/airflow/example_dags/example_skip_dag.py
[2023-12-12T22:28:22.993+0000] {processor.py:829} INFO - Processing file /home/airflow/.local/lib/python3.8/site-packages/airflow/example_dags/example_skip_dag.py for tasks to queue
[2023-12-12T22:28:23.003+0000] {logging_mixin.py:154} INFO - [2023-12-12T22:28:23.002+0000] {dagbag.py:536} INFO - Filling up the DagBag from /home/airflow/.local/lib/python3.8/site-packages/airflow/example_dags/example_skip_dag.py
[2023-12-12T22:28:23.023+0000] {processor.py:839} INFO - DAG(s) dict_keys(['example_skip_dag']) retrieved from /home/airflow/.local/lib/python3.8/site-packages/airflow/example_dags/example_skip_dag.py
[2023-12-12T22:28:23.071+0000] {logging_mixin.py:154} INFO - [2023-12-12T22:28:23.071+0000] {dag.py:2941} INFO - Sync 1 DAGs
[2023-12-12T22:28:23.116+0000] {logging_mixin.py:154} INFO - [2023-12-12T22:28:23.116+0000] {dag.py:3722} INFO - Setting next_dagrun for example_skip_dag to 2023-12-11T22:28:23.115319+00:00, run_after=2023-12-12T22:28:23.115319+00:00
[2023-12-12T22:28:23.157+0000] {processor.py:179} INFO - Processing /home/airflow/.local/lib/python3.8/site-packages/airflow/example_dags/example_skip_dag.py took 0.185 seconds
