[2023-12-12T22:22:59.190+0000] {processor.py:157} INFO - Started process (PID=73) to work on /home/airflow/.local/lib/python3.8/site-packages/airflow/example_dags/example_branch_python_dop_operator_3.py
[2023-12-12T22:22:59.192+0000] {processor.py:829} INFO - Processing file /home/airflow/.local/lib/python3.8/site-packages/airflow/example_dags/example_branch_python_dop_operator_3.py for tasks to queue
[2023-12-12T22:22:59.196+0000] {logging_mixin.py:154} INFO - [2023-12-12T22:22:59.196+0000] {dagbag.py:536} INFO - Filling up the DagBag from /home/airflow/.local/lib/python3.8/site-packages/airflow/example_dags/example_branch_python_dop_operator_3.py
[2023-12-12T22:22:59.224+0000] {processor.py:839} INFO - DAG(s) dict_keys(['example_branch_dop_operator_v3']) retrieved from /home/airflow/.local/lib/python3.8/site-packages/airflow/example_dags/example_branch_python_dop_operator_3.py
[2023-12-12T22:22:59.479+0000] {logging_mixin.py:154} INFO - [2023-12-12T22:22:59.479+0000] {manager.py:499} INFO - Created Permission View: %s
[2023-12-12T22:22:59.516+0000] {logging_mixin.py:154} INFO - [2023-12-12T22:22:59.515+0000] {manager.py:499} INFO - Created Permission View: %s
[2023-12-12T22:22:59.536+0000] {logging_mixin.py:154} INFO - [2023-12-12T22:22:59.535+0000] {manager.py:499} INFO - Created Permission View: %s
[2023-12-12T22:22:59.538+0000] {logging_mixin.py:154} INFO - [2023-12-12T22:22:59.537+0000] {dag.py:2941} INFO - Sync 1 DAGs
[2023-12-12T22:22:59.566+0000] {logging_mixin.py:154} INFO - [2023-12-12T22:22:59.566+0000] {dag.py:2963} INFO - Creating ORM DAG for example_branch_dop_operator_v3
[2023-12-12T22:22:59.619+0000] {logging_mixin.py:154} INFO - [2023-12-12T22:22:59.619+0000] {dag.py:3722} INFO - Setting next_dagrun for example_branch_dop_operator_v3 to 2023-12-12T22:21:00+00:00, run_after=2023-12-12T22:22:00+00:00
[2023-12-12T22:22:59.689+0000] {processor.py:179} INFO - Processing /home/airflow/.local/lib/python3.8/site-packages/airflow/example_dags/example_branch_python_dop_operator_3.py took 0.509 seconds
[2023-12-12T22:23:30.045+0000] {processor.py:157} INFO - Started process (PID=134) to work on /home/airflow/.local/lib/python3.8/site-packages/airflow/example_dags/example_branch_python_dop_operator_3.py
[2023-12-12T22:23:30.048+0000] {processor.py:829} INFO - Processing file /home/airflow/.local/lib/python3.8/site-packages/airflow/example_dags/example_branch_python_dop_operator_3.py for tasks to queue
[2023-12-12T22:23:30.056+0000] {logging_mixin.py:154} INFO - [2023-12-12T22:23:30.055+0000] {dagbag.py:536} INFO - Filling up the DagBag from /home/airflow/.local/lib/python3.8/site-packages/airflow/example_dags/example_branch_python_dop_operator_3.py
[2023-12-12T22:23:30.076+0000] {processor.py:839} INFO - DAG(s) dict_keys(['example_branch_dop_operator_v3']) retrieved from /home/airflow/.local/lib/python3.8/site-packages/airflow/example_dags/example_branch_python_dop_operator_3.py
[2023-12-12T22:23:30.136+0000] {logging_mixin.py:154} INFO - [2023-12-12T22:23:30.135+0000] {dag.py:2941} INFO - Sync 1 DAGs
[2023-12-12T22:23:30.243+0000] {logging_mixin.py:154} INFO - [2023-12-12T22:23:30.243+0000] {dag.py:3722} INFO - Setting next_dagrun for example_branch_dop_operator_v3 to 2023-12-12T22:22:00+00:00, run_after=2023-12-12T22:23:00+00:00
[2023-12-12T22:23:30.385+0000] {processor.py:179} INFO - Processing /home/airflow/.local/lib/python3.8/site-packages/airflow/example_dags/example_branch_python_dop_operator_3.py took 0.353 seconds
[2023-12-12T22:24:00.991+0000] {processor.py:157} INFO - Started process (PID=188) to work on /home/airflow/.local/lib/python3.8/site-packages/airflow/example_dags/example_branch_python_dop_operator_3.py
[2023-12-12T22:24:00.993+0000] {processor.py:829} INFO - Processing file /home/airflow/.local/lib/python3.8/site-packages/airflow/example_dags/example_branch_python_dop_operator_3.py for tasks to queue
[2023-12-12T22:24:00.996+0000] {logging_mixin.py:154} INFO - [2023-12-12T22:24:00.995+0000] {dagbag.py:536} INFO - Filling up the DagBag from /home/airflow/.local/lib/python3.8/site-packages/airflow/example_dags/example_branch_python_dop_operator_3.py
[2023-12-12T22:24:01.007+0000] {processor.py:839} INFO - DAG(s) dict_keys(['example_branch_dop_operator_v3']) retrieved from /home/airflow/.local/lib/python3.8/site-packages/airflow/example_dags/example_branch_python_dop_operator_3.py
[2023-12-12T22:24:01.034+0000] {logging_mixin.py:154} INFO - [2023-12-12T22:24:01.033+0000] {dag.py:2941} INFO - Sync 1 DAGs
[2023-12-12T22:24:01.068+0000] {logging_mixin.py:154} INFO - [2023-12-12T22:24:01.067+0000] {dag.py:3722} INFO - Setting next_dagrun for example_branch_dop_operator_v3 to 2023-12-12T22:23:00+00:00, run_after=2023-12-12T22:24:00+00:00
[2023-12-12T22:24:01.098+0000] {processor.py:179} INFO - Processing /home/airflow/.local/lib/python3.8/site-packages/airflow/example_dags/example_branch_python_dop_operator_3.py took 0.111 seconds
[2023-12-12T22:24:31.462+0000] {processor.py:157} INFO - Started process (PID=242) to work on /home/airflow/.local/lib/python3.8/site-packages/airflow/example_dags/example_branch_python_dop_operator_3.py
[2023-12-12T22:24:31.463+0000] {processor.py:829} INFO - Processing file /home/airflow/.local/lib/python3.8/site-packages/airflow/example_dags/example_branch_python_dop_operator_3.py for tasks to queue
[2023-12-12T22:24:31.466+0000] {logging_mixin.py:154} INFO - [2023-12-12T22:24:31.466+0000] {dagbag.py:536} INFO - Filling up the DagBag from /home/airflow/.local/lib/python3.8/site-packages/airflow/example_dags/example_branch_python_dop_operator_3.py
[2023-12-12T22:24:31.478+0000] {processor.py:839} INFO - DAG(s) dict_keys(['example_branch_dop_operator_v3']) retrieved from /home/airflow/.local/lib/python3.8/site-packages/airflow/example_dags/example_branch_python_dop_operator_3.py
[2023-12-12T22:24:31.502+0000] {logging_mixin.py:154} INFO - [2023-12-12T22:24:31.502+0000] {dag.py:2941} INFO - Sync 1 DAGs
[2023-12-12T22:24:31.558+0000] {logging_mixin.py:154} INFO - [2023-12-12T22:24:31.557+0000] {dag.py:3722} INFO - Setting next_dagrun for example_branch_dop_operator_v3 to 2023-12-12T22:23:00+00:00, run_after=2023-12-12T22:24:00+00:00
[2023-12-12T22:24:31.599+0000] {processor.py:179} INFO - Processing /home/airflow/.local/lib/python3.8/site-packages/airflow/example_dags/example_branch_python_dop_operator_3.py took 0.142 seconds
[2023-12-12T22:25:02.096+0000] {processor.py:157} INFO - Started process (PID=296) to work on /home/airflow/.local/lib/python3.8/site-packages/airflow/example_dags/example_branch_python_dop_operator_3.py
[2023-12-12T22:25:02.097+0000] {processor.py:829} INFO - Processing file /home/airflow/.local/lib/python3.8/site-packages/airflow/example_dags/example_branch_python_dop_operator_3.py for tasks to queue
[2023-12-12T22:25:02.100+0000] {logging_mixin.py:154} INFO - [2023-12-12T22:25:02.100+0000] {dagbag.py:536} INFO - Filling up the DagBag from /home/airflow/.local/lib/python3.8/site-packages/airflow/example_dags/example_branch_python_dop_operator_3.py
[2023-12-12T22:25:02.112+0000] {processor.py:839} INFO - DAG(s) dict_keys(['example_branch_dop_operator_v3']) retrieved from /home/airflow/.local/lib/python3.8/site-packages/airflow/example_dags/example_branch_python_dop_operator_3.py
[2023-12-12T22:25:02.138+0000] {logging_mixin.py:154} INFO - [2023-12-12T22:25:02.138+0000] {dag.py:2941} INFO - Sync 1 DAGs
[2023-12-12T22:25:02.170+0000] {logging_mixin.py:154} INFO - [2023-12-12T22:25:02.170+0000] {dag.py:3722} INFO - Setting next_dagrun for example_branch_dop_operator_v3 to 2023-12-12T22:24:00+00:00, run_after=2023-12-12T22:25:00+00:00
[2023-12-12T22:25:02.197+0000] {processor.py:179} INFO - Processing /home/airflow/.local/lib/python3.8/site-packages/airflow/example_dags/example_branch_python_dop_operator_3.py took 0.106 seconds
[2023-12-12T22:25:32.227+0000] {processor.py:157} INFO - Started process (PID=350) to work on /home/airflow/.local/lib/python3.8/site-packages/airflow/example_dags/example_branch_python_dop_operator_3.py
[2023-12-12T22:25:32.229+0000] {processor.py:829} INFO - Processing file /home/airflow/.local/lib/python3.8/site-packages/airflow/example_dags/example_branch_python_dop_operator_3.py for tasks to queue
[2023-12-12T22:25:32.231+0000] {logging_mixin.py:154} INFO - [2023-12-12T22:25:32.231+0000] {dagbag.py:536} INFO - Filling up the DagBag from /home/airflow/.local/lib/python3.8/site-packages/airflow/example_dags/example_branch_python_dop_operator_3.py
[2023-12-12T22:25:32.242+0000] {processor.py:839} INFO - DAG(s) dict_keys(['example_branch_dop_operator_v3']) retrieved from /home/airflow/.local/lib/python3.8/site-packages/airflow/example_dags/example_branch_python_dop_operator_3.py
[2023-12-12T22:25:32.265+0000] {logging_mixin.py:154} INFO - [2023-12-12T22:25:32.265+0000] {dag.py:2941} INFO - Sync 1 DAGs
[2023-12-12T22:25:32.294+0000] {logging_mixin.py:154} INFO - [2023-12-12T22:25:32.293+0000] {dag.py:3722} INFO - Setting next_dagrun for example_branch_dop_operator_v3 to 2023-12-12T22:24:00+00:00, run_after=2023-12-12T22:25:00+00:00
[2023-12-12T22:25:32.316+0000] {processor.py:179} INFO - Processing /home/airflow/.local/lib/python3.8/site-packages/airflow/example_dags/example_branch_python_dop_operator_3.py took 0.093 seconds
[2023-12-12T22:26:02.474+0000] {processor.py:157} INFO - Started process (PID=403) to work on /home/airflow/.local/lib/python3.8/site-packages/airflow/example_dags/example_branch_python_dop_operator_3.py
[2023-12-12T22:26:02.475+0000] {processor.py:829} INFO - Processing file /home/airflow/.local/lib/python3.8/site-packages/airflow/example_dags/example_branch_python_dop_operator_3.py for tasks to queue
[2023-12-12T22:26:02.478+0000] {logging_mixin.py:154} INFO - [2023-12-12T22:26:02.478+0000] {dagbag.py:536} INFO - Filling up the DagBag from /home/airflow/.local/lib/python3.8/site-packages/airflow/example_dags/example_branch_python_dop_operator_3.py
[2023-12-12T22:26:02.489+0000] {processor.py:839} INFO - DAG(s) dict_keys(['example_branch_dop_operator_v3']) retrieved from /home/airflow/.local/lib/python3.8/site-packages/airflow/example_dags/example_branch_python_dop_operator_3.py
[2023-12-12T22:26:02.515+0000] {logging_mixin.py:154} INFO - [2023-12-12T22:26:02.514+0000] {dag.py:2941} INFO - Sync 1 DAGs
[2023-12-12T22:26:02.547+0000] {logging_mixin.py:154} INFO - [2023-12-12T22:26:02.546+0000] {dag.py:3722} INFO - Setting next_dagrun for example_branch_dop_operator_v3 to 2023-12-12T22:25:00+00:00, run_after=2023-12-12T22:26:00+00:00
[2023-12-12T22:26:02.580+0000] {processor.py:179} INFO - Processing /home/airflow/.local/lib/python3.8/site-packages/airflow/example_dags/example_branch_python_dop_operator_3.py took 0.110 seconds
[2023-12-12T22:26:33.200+0000] {processor.py:157} INFO - Started process (PID=458) to work on /home/airflow/.local/lib/python3.8/site-packages/airflow/example_dags/example_branch_python_dop_operator_3.py
[2023-12-12T22:26:33.202+0000] {processor.py:829} INFO - Processing file /home/airflow/.local/lib/python3.8/site-packages/airflow/example_dags/example_branch_python_dop_operator_3.py for tasks to queue
[2023-12-12T22:26:33.205+0000] {logging_mixin.py:154} INFO - [2023-12-12T22:26:33.205+0000] {dagbag.py:536} INFO - Filling up the DagBag from /home/airflow/.local/lib/python3.8/site-packages/airflow/example_dags/example_branch_python_dop_operator_3.py
[2023-12-12T22:26:33.216+0000] {processor.py:839} INFO - DAG(s) dict_keys(['example_branch_dop_operator_v3']) retrieved from /home/airflow/.local/lib/python3.8/site-packages/airflow/example_dags/example_branch_python_dop_operator_3.py
[2023-12-12T22:26:33.241+0000] {logging_mixin.py:154} INFO - [2023-12-12T22:26:33.240+0000] {dag.py:2941} INFO - Sync 1 DAGs
[2023-12-12T22:26:33.269+0000] {logging_mixin.py:154} INFO - [2023-12-12T22:26:33.269+0000] {dag.py:3722} INFO - Setting next_dagrun for example_branch_dop_operator_v3 to 2023-12-12T22:25:00+00:00, run_after=2023-12-12T22:26:00+00:00
[2023-12-12T22:26:33.289+0000] {processor.py:179} INFO - Processing /home/airflow/.local/lib/python3.8/site-packages/airflow/example_dags/example_branch_python_dop_operator_3.py took 0.093 seconds
[2023-12-12T22:27:03.906+0000] {processor.py:157} INFO - Started process (PID=512) to work on /home/airflow/.local/lib/python3.8/site-packages/airflow/example_dags/example_branch_python_dop_operator_3.py
[2023-12-12T22:27:03.908+0000] {processor.py:829} INFO - Processing file /home/airflow/.local/lib/python3.8/site-packages/airflow/example_dags/example_branch_python_dop_operator_3.py for tasks to queue
[2023-12-12T22:27:03.912+0000] {logging_mixin.py:154} INFO - [2023-12-12T22:27:03.912+0000] {dagbag.py:536} INFO - Filling up the DagBag from /home/airflow/.local/lib/python3.8/site-packages/airflow/example_dags/example_branch_python_dop_operator_3.py
[2023-12-12T22:27:03.926+0000] {processor.py:839} INFO - DAG(s) dict_keys(['example_branch_dop_operator_v3']) retrieved from /home/airflow/.local/lib/python3.8/site-packages/airflow/example_dags/example_branch_python_dop_operator_3.py
[2023-12-12T22:27:03.952+0000] {logging_mixin.py:154} INFO - [2023-12-12T22:27:03.952+0000] {dag.py:2941} INFO - Sync 1 DAGs
[2023-12-12T22:27:03.985+0000] {logging_mixin.py:154} INFO - [2023-12-12T22:27:03.984+0000] {dag.py:3722} INFO - Setting next_dagrun for example_branch_dop_operator_v3 to 2023-12-12T22:26:00+00:00, run_after=2023-12-12T22:27:00+00:00
[2023-12-12T22:27:04.006+0000] {processor.py:179} INFO - Processing /home/airflow/.local/lib/python3.8/site-packages/airflow/example_dags/example_branch_python_dop_operator_3.py took 0.104 seconds
[2023-12-12T22:27:34.531+0000] {processor.py:157} INFO - Started process (PID=566) to work on /home/airflow/.local/lib/python3.8/site-packages/airflow/example_dags/example_branch_python_dop_operator_3.py
[2023-12-12T22:27:34.532+0000] {processor.py:829} INFO - Processing file /home/airflow/.local/lib/python3.8/site-packages/airflow/example_dags/example_branch_python_dop_operator_3.py for tasks to queue
[2023-12-12T22:27:34.535+0000] {logging_mixin.py:154} INFO - [2023-12-12T22:27:34.535+0000] {dagbag.py:536} INFO - Filling up the DagBag from /home/airflow/.local/lib/python3.8/site-packages/airflow/example_dags/example_branch_python_dop_operator_3.py
[2023-12-12T22:27:34.545+0000] {processor.py:839} INFO - DAG(s) dict_keys(['example_branch_dop_operator_v3']) retrieved from /home/airflow/.local/lib/python3.8/site-packages/airflow/example_dags/example_branch_python_dop_operator_3.py
[2023-12-12T22:27:34.569+0000] {logging_mixin.py:154} INFO - [2023-12-12T22:27:34.569+0000] {dag.py:2941} INFO - Sync 1 DAGs
[2023-12-12T22:27:34.604+0000] {logging_mixin.py:154} INFO - [2023-12-12T22:27:34.604+0000] {dag.py:3722} INFO - Setting next_dagrun for example_branch_dop_operator_v3 to 2023-12-12T22:26:00+00:00, run_after=2023-12-12T22:27:00+00:00
[2023-12-12T22:27:34.628+0000] {processor.py:179} INFO - Processing /home/airflow/.local/lib/python3.8/site-packages/airflow/example_dags/example_branch_python_dop_operator_3.py took 0.100 seconds
[2023-12-12T22:28:04.717+0000] {processor.py:157} INFO - Started process (PID=620) to work on /home/airflow/.local/lib/python3.8/site-packages/airflow/example_dags/example_branch_python_dop_operator_3.py
[2023-12-12T22:28:04.719+0000] {processor.py:829} INFO - Processing file /home/airflow/.local/lib/python3.8/site-packages/airflow/example_dags/example_branch_python_dop_operator_3.py for tasks to queue
[2023-12-12T22:28:04.723+0000] {logging_mixin.py:154} INFO - [2023-12-12T22:28:04.722+0000] {dagbag.py:536} INFO - Filling up the DagBag from /home/airflow/.local/lib/python3.8/site-packages/airflow/example_dags/example_branch_python_dop_operator_3.py
[2023-12-12T22:28:04.735+0000] {processor.py:839} INFO - DAG(s) dict_keys(['example_branch_dop_operator_v3']) retrieved from /home/airflow/.local/lib/python3.8/site-packages/airflow/example_dags/example_branch_python_dop_operator_3.py
[2023-12-12T22:28:04.763+0000] {logging_mixin.py:154} INFO - [2023-12-12T22:28:04.763+0000] {dag.py:2941} INFO - Sync 1 DAGs
[2023-12-12T22:28:04.793+0000] {logging_mixin.py:154} INFO - [2023-12-12T22:28:04.793+0000] {dag.py:3722} INFO - Setting next_dagrun for example_branch_dop_operator_v3 to 2023-12-12T22:27:00+00:00, run_after=2023-12-12T22:28:00+00:00
[2023-12-12T22:28:04.828+0000] {processor.py:179} INFO - Processing /home/airflow/.local/lib/python3.8/site-packages/airflow/example_dags/example_branch_python_dop_operator_3.py took 0.116 seconds
[2023-12-12T22:28:34.940+0000] {processor.py:157} INFO - Started process (PID=674) to work on /home/airflow/.local/lib/python3.8/site-packages/airflow/example_dags/example_branch_python_dop_operator_3.py
[2023-12-12T22:28:34.941+0000] {processor.py:829} INFO - Processing file /home/airflow/.local/lib/python3.8/site-packages/airflow/example_dags/example_branch_python_dop_operator_3.py for tasks to queue
[2023-12-12T22:28:34.945+0000] {logging_mixin.py:154} INFO - [2023-12-12T22:28:34.944+0000] {dagbag.py:536} INFO - Filling up the DagBag from /home/airflow/.local/lib/python3.8/site-packages/airflow/example_dags/example_branch_python_dop_operator_3.py
[2023-12-12T22:28:34.961+0000] {processor.py:839} INFO - DAG(s) dict_keys(['example_branch_dop_operator_v3']) retrieved from /home/airflow/.local/lib/python3.8/site-packages/airflow/example_dags/example_branch_python_dop_operator_3.py
[2023-12-12T22:28:34.989+0000] {logging_mixin.py:154} INFO - [2023-12-12T22:28:34.989+0000] {dag.py:2941} INFO - Sync 1 DAGs
[2023-12-12T22:28:35.023+0000] {logging_mixin.py:154} INFO - [2023-12-12T22:28:35.023+0000] {dag.py:3722} INFO - Setting next_dagrun for example_branch_dop_operator_v3 to 2023-12-12T22:27:00+00:00, run_after=2023-12-12T22:28:00+00:00
[2023-12-12T22:28:35.055+0000] {processor.py:179} INFO - Processing /home/airflow/.local/lib/python3.8/site-packages/airflow/example_dags/example_branch_python_dop_operator_3.py took 0.119 seconds
