[2023-12-12T22:22:49.983+0000] {processor.py:157} INFO - Started process (PID=52) to work on /home/airflow/.local/lib/python3.8/site-packages/airflow/example_dags/example_time_delta_sensor_async.py
[2023-12-12T22:22:49.989+0000] {processor.py:829} INFO - Processing file /home/airflow/.local/lib/python3.8/site-packages/airflow/example_dags/example_time_delta_sensor_async.py for tasks to queue
[2023-12-12T22:22:49.999+0000] {logging_mixin.py:154} INFO - [2023-12-12T22:22:49.999+0000] {dagbag.py:536} INFO - Filling up the DagBag from /home/airflow/.local/lib/python3.8/site-packages/airflow/example_dags/example_time_delta_sensor_async.py
[2023-12-12T22:22:50.026+0000] {processor.py:839} INFO - DAG(s) dict_keys(['example_time_delta_sensor_async']) retrieved from /home/airflow/.local/lib/python3.8/site-packages/airflow/example_dags/example_time_delta_sensor_async.py
[2023-12-12T22:22:51.347+0000] {logging_mixin.py:154} INFO - [2023-12-12T22:22:51.347+0000] {manager.py:499} INFO - Created Permission View: %s
[2023-12-12T22:22:51.411+0000] {logging_mixin.py:154} INFO - [2023-12-12T22:22:51.410+0000] {manager.py:499} INFO - Created Permission View: %s
[2023-12-12T22:22:51.466+0000] {logging_mixin.py:154} INFO - [2023-12-12T22:22:51.465+0000] {manager.py:499} INFO - Created Permission View: %s
[2023-12-12T22:22:51.468+0000] {logging_mixin.py:154} INFO - [2023-12-12T22:22:51.468+0000] {dag.py:2941} INFO - Sync 1 DAGs
[2023-12-12T22:22:51.604+0000] {logging_mixin.py:154} INFO - [2023-12-12T22:22:51.603+0000] {dag.py:2963} INFO - Creating ORM DAG for example_time_delta_sensor_async
[2023-12-12T22:22:51.611+0000] {logging_mixin.py:154} INFO - [2023-12-12T22:22:51.609+0000] {dag.py:3722} INFO - Setting next_dagrun for example_time_delta_sensor_async to None, run_after=None
[2023-12-12T22:22:51.755+0000] {processor.py:179} INFO - Processing /home/airflow/.local/lib/python3.8/site-packages/airflow/example_dags/example_time_delta_sensor_async.py took 1.817 seconds
[2023-12-12T22:23:22.207+0000] {processor.py:157} INFO - Started process (PID=106) to work on /home/airflow/.local/lib/python3.8/site-packages/airflow/example_dags/example_time_delta_sensor_async.py
[2023-12-12T22:23:22.213+0000] {processor.py:829} INFO - Processing file /home/airflow/.local/lib/python3.8/site-packages/airflow/example_dags/example_time_delta_sensor_async.py for tasks to queue
[2023-12-12T22:23:22.227+0000] {logging_mixin.py:154} INFO - [2023-12-12T22:23:22.226+0000] {dagbag.py:536} INFO - Filling up the DagBag from /home/airflow/.local/lib/python3.8/site-packages/airflow/example_dags/example_time_delta_sensor_async.py
[2023-12-12T22:23:22.252+0000] {processor.py:839} INFO - DAG(s) dict_keys(['example_time_delta_sensor_async']) retrieved from /home/airflow/.local/lib/python3.8/site-packages/airflow/example_dags/example_time_delta_sensor_async.py
[2023-12-12T22:23:22.372+0000] {logging_mixin.py:154} INFO - [2023-12-12T22:23:22.367+0000] {dag.py:2941} INFO - Sync 1 DAGs
[2023-12-12T22:23:22.439+0000] {logging_mixin.py:154} INFO - [2023-12-12T22:23:22.439+0000] {dag.py:3722} INFO - Setting next_dagrun for example_time_delta_sensor_async to None, run_after=None
[2023-12-12T22:23:22.522+0000] {processor.py:179} INFO - Processing /home/airflow/.local/lib/python3.8/site-packages/airflow/example_dags/example_time_delta_sensor_async.py took 0.335 seconds
[2023-12-12T22:23:53.289+0000] {processor.py:157} INFO - Started process (PID=160) to work on /home/airflow/.local/lib/python3.8/site-packages/airflow/example_dags/example_time_delta_sensor_async.py
[2023-12-12T22:23:53.291+0000] {processor.py:829} INFO - Processing file /home/airflow/.local/lib/python3.8/site-packages/airflow/example_dags/example_time_delta_sensor_async.py for tasks to queue
[2023-12-12T22:23:53.294+0000] {logging_mixin.py:154} INFO - [2023-12-12T22:23:53.294+0000] {dagbag.py:536} INFO - Filling up the DagBag from /home/airflow/.local/lib/python3.8/site-packages/airflow/example_dags/example_time_delta_sensor_async.py
[2023-12-12T22:23:53.301+0000] {processor.py:839} INFO - DAG(s) dict_keys(['example_time_delta_sensor_async']) retrieved from /home/airflow/.local/lib/python3.8/site-packages/airflow/example_dags/example_time_delta_sensor_async.py
[2023-12-12T22:23:53.326+0000] {logging_mixin.py:154} INFO - [2023-12-12T22:23:53.325+0000] {dag.py:2941} INFO - Sync 1 DAGs
[2023-12-12T22:23:53.344+0000] {logging_mixin.py:154} INFO - [2023-12-12T22:23:53.344+0000] {dag.py:3722} INFO - Setting next_dagrun for example_time_delta_sensor_async to None, run_after=None
[2023-12-12T22:23:53.371+0000] {processor.py:179} INFO - Processing /home/airflow/.local/lib/python3.8/site-packages/airflow/example_dags/example_time_delta_sensor_async.py took 0.087 seconds
[2023-12-12T22:24:23.779+0000] {processor.py:157} INFO - Started process (PID=214) to work on /home/airflow/.local/lib/python3.8/site-packages/airflow/example_dags/example_time_delta_sensor_async.py
[2023-12-12T22:24:23.781+0000] {processor.py:829} INFO - Processing file /home/airflow/.local/lib/python3.8/site-packages/airflow/example_dags/example_time_delta_sensor_async.py for tasks to queue
[2023-12-12T22:24:23.785+0000] {logging_mixin.py:154} INFO - [2023-12-12T22:24:23.784+0000] {dagbag.py:536} INFO - Filling up the DagBag from /home/airflow/.local/lib/python3.8/site-packages/airflow/example_dags/example_time_delta_sensor_async.py
[2023-12-12T22:24:23.791+0000] {processor.py:839} INFO - DAG(s) dict_keys(['example_time_delta_sensor_async']) retrieved from /home/airflow/.local/lib/python3.8/site-packages/airflow/example_dags/example_time_delta_sensor_async.py
[2023-12-12T22:24:23.818+0000] {logging_mixin.py:154} INFO - [2023-12-12T22:24:23.817+0000] {dag.py:2941} INFO - Sync 1 DAGs
[2023-12-12T22:24:23.838+0000] {logging_mixin.py:154} INFO - [2023-12-12T22:24:23.838+0000] {dag.py:3722} INFO - Setting next_dagrun for example_time_delta_sensor_async to None, run_after=None
[2023-12-12T22:24:23.871+0000] {processor.py:179} INFO - Processing /home/airflow/.local/lib/python3.8/site-packages/airflow/example_dags/example_time_delta_sensor_async.py took 0.096 seconds
[2023-12-12T22:24:54.397+0000] {processor.py:157} INFO - Started process (PID=268) to work on /home/airflow/.local/lib/python3.8/site-packages/airflow/example_dags/example_time_delta_sensor_async.py
[2023-12-12T22:24:54.399+0000] {processor.py:829} INFO - Processing file /home/airflow/.local/lib/python3.8/site-packages/airflow/example_dags/example_time_delta_sensor_async.py for tasks to queue
[2023-12-12T22:24:54.402+0000] {logging_mixin.py:154} INFO - [2023-12-12T22:24:54.402+0000] {dagbag.py:536} INFO - Filling up the DagBag from /home/airflow/.local/lib/python3.8/site-packages/airflow/example_dags/example_time_delta_sensor_async.py
[2023-12-12T22:24:54.413+0000] {processor.py:839} INFO - DAG(s) dict_keys(['example_time_delta_sensor_async']) retrieved from /home/airflow/.local/lib/python3.8/site-packages/airflow/example_dags/example_time_delta_sensor_async.py
[2023-12-12T22:24:54.472+0000] {logging_mixin.py:154} INFO - [2023-12-12T22:24:54.471+0000] {dag.py:2941} INFO - Sync 1 DAGs
[2023-12-12T22:24:54.498+0000] {logging_mixin.py:154} INFO - [2023-12-12T22:24:54.498+0000] {dag.py:3722} INFO - Setting next_dagrun for example_time_delta_sensor_async to None, run_after=None
[2023-12-12T22:24:54.536+0000] {processor.py:179} INFO - Processing /home/airflow/.local/lib/python3.8/site-packages/airflow/example_dags/example_time_delta_sensor_async.py took 0.145 seconds
[2023-12-12T22:25:24.628+0000] {processor.py:157} INFO - Started process (PID=322) to work on /home/airflow/.local/lib/python3.8/site-packages/airflow/example_dags/example_time_delta_sensor_async.py
[2023-12-12T22:25:24.630+0000] {processor.py:829} INFO - Processing file /home/airflow/.local/lib/python3.8/site-packages/airflow/example_dags/example_time_delta_sensor_async.py for tasks to queue
[2023-12-12T22:25:24.634+0000] {logging_mixin.py:154} INFO - [2023-12-12T22:25:24.634+0000] {dagbag.py:536} INFO - Filling up the DagBag from /home/airflow/.local/lib/python3.8/site-packages/airflow/example_dags/example_time_delta_sensor_async.py
[2023-12-12T22:25:24.641+0000] {processor.py:839} INFO - DAG(s) dict_keys(['example_time_delta_sensor_async']) retrieved from /home/airflow/.local/lib/python3.8/site-packages/airflow/example_dags/example_time_delta_sensor_async.py
[2023-12-12T22:25:24.662+0000] {logging_mixin.py:154} INFO - [2023-12-12T22:25:24.662+0000] {dag.py:2941} INFO - Sync 1 DAGs
[2023-12-12T22:25:24.677+0000] {logging_mixin.py:154} INFO - [2023-12-12T22:25:24.677+0000] {dag.py:3722} INFO - Setting next_dagrun for example_time_delta_sensor_async to None, run_after=None
[2023-12-12T22:25:24.702+0000] {processor.py:179} INFO - Processing /home/airflow/.local/lib/python3.8/site-packages/airflow/example_dags/example_time_delta_sensor_async.py took 0.082 seconds
[2023-12-12T22:25:54.919+0000] {processor.py:157} INFO - Started process (PID=376) to work on /home/airflow/.local/lib/python3.8/site-packages/airflow/example_dags/example_time_delta_sensor_async.py
[2023-12-12T22:25:54.920+0000] {processor.py:829} INFO - Processing file /home/airflow/.local/lib/python3.8/site-packages/airflow/example_dags/example_time_delta_sensor_async.py for tasks to queue
[2023-12-12T22:25:54.923+0000] {logging_mixin.py:154} INFO - [2023-12-12T22:25:54.923+0000] {dagbag.py:536} INFO - Filling up the DagBag from /home/airflow/.local/lib/python3.8/site-packages/airflow/example_dags/example_time_delta_sensor_async.py
[2023-12-12T22:25:54.929+0000] {processor.py:839} INFO - DAG(s) dict_keys(['example_time_delta_sensor_async']) retrieved from /home/airflow/.local/lib/python3.8/site-packages/airflow/example_dags/example_time_delta_sensor_async.py
[2023-12-12T22:25:54.952+0000] {logging_mixin.py:154} INFO - [2023-12-12T22:25:54.952+0000] {dag.py:2941} INFO - Sync 1 DAGs
[2023-12-12T22:25:54.966+0000] {logging_mixin.py:154} INFO - [2023-12-12T22:25:54.965+0000] {dag.py:3722} INFO - Setting next_dagrun for example_time_delta_sensor_async to None, run_after=None
[2023-12-12T22:25:54.996+0000] {processor.py:179} INFO - Processing /home/airflow/.local/lib/python3.8/site-packages/airflow/example_dags/example_time_delta_sensor_async.py took 0.081 seconds
[2023-12-12T22:26:25.539+0000] {processor.py:157} INFO - Started process (PID=430) to work on /home/airflow/.local/lib/python3.8/site-packages/airflow/example_dags/example_time_delta_sensor_async.py
[2023-12-12T22:26:25.540+0000] {processor.py:829} INFO - Processing file /home/airflow/.local/lib/python3.8/site-packages/airflow/example_dags/example_time_delta_sensor_async.py for tasks to queue
[2023-12-12T22:26:25.543+0000] {logging_mixin.py:154} INFO - [2023-12-12T22:26:25.543+0000] {dagbag.py:536} INFO - Filling up the DagBag from /home/airflow/.local/lib/python3.8/site-packages/airflow/example_dags/example_time_delta_sensor_async.py
[2023-12-12T22:26:25.549+0000] {processor.py:839} INFO - DAG(s) dict_keys(['example_time_delta_sensor_async']) retrieved from /home/airflow/.local/lib/python3.8/site-packages/airflow/example_dags/example_time_delta_sensor_async.py
[2023-12-12T22:26:25.574+0000] {logging_mixin.py:154} INFO - [2023-12-12T22:26:25.574+0000] {dag.py:2941} INFO - Sync 1 DAGs
[2023-12-12T22:26:25.589+0000] {logging_mixin.py:154} INFO - [2023-12-12T22:26:25.588+0000] {dag.py:3722} INFO - Setting next_dagrun for example_time_delta_sensor_async to None, run_after=None
[2023-12-12T22:26:25.616+0000] {processor.py:179} INFO - Processing /home/airflow/.local/lib/python3.8/site-packages/airflow/example_dags/example_time_delta_sensor_async.py took 0.081 seconds
[2023-12-12T22:26:55.697+0000] {processor.py:157} INFO - Started process (PID=484) to work on /home/airflow/.local/lib/python3.8/site-packages/airflow/example_dags/example_time_delta_sensor_async.py
[2023-12-12T22:26:55.700+0000] {processor.py:829} INFO - Processing file /home/airflow/.local/lib/python3.8/site-packages/airflow/example_dags/example_time_delta_sensor_async.py for tasks to queue
[2023-12-12T22:26:55.705+0000] {logging_mixin.py:154} INFO - [2023-12-12T22:26:55.704+0000] {dagbag.py:536} INFO - Filling up the DagBag from /home/airflow/.local/lib/python3.8/site-packages/airflow/example_dags/example_time_delta_sensor_async.py
[2023-12-12T22:26:55.714+0000] {processor.py:839} INFO - DAG(s) dict_keys(['example_time_delta_sensor_async']) retrieved from /home/airflow/.local/lib/python3.8/site-packages/airflow/example_dags/example_time_delta_sensor_async.py
[2023-12-12T22:26:55.750+0000] {logging_mixin.py:154} INFO - [2023-12-12T22:26:55.750+0000] {dag.py:2941} INFO - Sync 1 DAGs
[2023-12-12T22:26:55.771+0000] {logging_mixin.py:154} INFO - [2023-12-12T22:26:55.771+0000] {dag.py:3722} INFO - Setting next_dagrun for example_time_delta_sensor_async to None, run_after=None
[2023-12-12T22:26:55.812+0000] {processor.py:179} INFO - Processing /home/airflow/.local/lib/python3.8/site-packages/airflow/example_dags/example_time_delta_sensor_async.py took 0.121 seconds
[2023-12-12T22:27:26.390+0000] {processor.py:157} INFO - Started process (PID=538) to work on /home/airflow/.local/lib/python3.8/site-packages/airflow/example_dags/example_time_delta_sensor_async.py
[2023-12-12T22:27:26.392+0000] {processor.py:829} INFO - Processing file /home/airflow/.local/lib/python3.8/site-packages/airflow/example_dags/example_time_delta_sensor_async.py for tasks to queue
[2023-12-12T22:27:26.396+0000] {logging_mixin.py:154} INFO - [2023-12-12T22:27:26.395+0000] {dagbag.py:536} INFO - Filling up the DagBag from /home/airflow/.local/lib/python3.8/site-packages/airflow/example_dags/example_time_delta_sensor_async.py
[2023-12-12T22:27:26.403+0000] {processor.py:839} INFO - DAG(s) dict_keys(['example_time_delta_sensor_async']) retrieved from /home/airflow/.local/lib/python3.8/site-packages/airflow/example_dags/example_time_delta_sensor_async.py
[2023-12-12T22:27:26.431+0000] {logging_mixin.py:154} INFO - [2023-12-12T22:27:26.431+0000] {dag.py:2941} INFO - Sync 1 DAGs
[2023-12-12T22:27:26.448+0000] {logging_mixin.py:154} INFO - [2023-12-12T22:27:26.448+0000] {dag.py:3722} INFO - Setting next_dagrun for example_time_delta_sensor_async to None, run_after=None
[2023-12-12T22:27:26.474+0000] {processor.py:179} INFO - Processing /home/airflow/.local/lib/python3.8/site-packages/airflow/example_dags/example_time_delta_sensor_async.py took 0.089 seconds
[2023-12-12T22:27:57.345+0000] {processor.py:157} INFO - Started process (PID=592) to work on /home/airflow/.local/lib/python3.8/site-packages/airflow/example_dags/example_time_delta_sensor_async.py
[2023-12-12T22:27:57.347+0000] {processor.py:829} INFO - Processing file /home/airflow/.local/lib/python3.8/site-packages/airflow/example_dags/example_time_delta_sensor_async.py for tasks to queue
[2023-12-12T22:27:57.351+0000] {logging_mixin.py:154} INFO - [2023-12-12T22:27:57.351+0000] {dagbag.py:536} INFO - Filling up the DagBag from /home/airflow/.local/lib/python3.8/site-packages/airflow/example_dags/example_time_delta_sensor_async.py
[2023-12-12T22:27:57.360+0000] {processor.py:839} INFO - DAG(s) dict_keys(['example_time_delta_sensor_async']) retrieved from /home/airflow/.local/lib/python3.8/site-packages/airflow/example_dags/example_time_delta_sensor_async.py
[2023-12-12T22:27:57.388+0000] {logging_mixin.py:154} INFO - [2023-12-12T22:27:57.388+0000] {dag.py:2941} INFO - Sync 1 DAGs
[2023-12-12T22:27:57.405+0000] {logging_mixin.py:154} INFO - [2023-12-12T22:27:57.405+0000] {dag.py:3722} INFO - Setting next_dagrun for example_time_delta_sensor_async to None, run_after=None
[2023-12-12T22:27:57.433+0000] {processor.py:179} INFO - Processing /home/airflow/.local/lib/python3.8/site-packages/airflow/example_dags/example_time_delta_sensor_async.py took 0.093 seconds
[2023-12-12T22:28:27.777+0000] {processor.py:157} INFO - Started process (PID=646) to work on /home/airflow/.local/lib/python3.8/site-packages/airflow/example_dags/example_time_delta_sensor_async.py
[2023-12-12T22:28:27.779+0000] {processor.py:829} INFO - Processing file /home/airflow/.local/lib/python3.8/site-packages/airflow/example_dags/example_time_delta_sensor_async.py for tasks to queue
[2023-12-12T22:28:27.792+0000] {logging_mixin.py:154} INFO - [2023-12-12T22:28:27.792+0000] {dagbag.py:536} INFO - Filling up the DagBag from /home/airflow/.local/lib/python3.8/site-packages/airflow/example_dags/example_time_delta_sensor_async.py
[2023-12-12T22:28:27.802+0000] {processor.py:839} INFO - DAG(s) dict_keys(['example_time_delta_sensor_async']) retrieved from /home/airflow/.local/lib/python3.8/site-packages/airflow/example_dags/example_time_delta_sensor_async.py
[2023-12-12T22:28:27.847+0000] {logging_mixin.py:154} INFO - [2023-12-12T22:28:27.846+0000] {dag.py:2941} INFO - Sync 1 DAGs
[2023-12-12T22:28:27.874+0000] {logging_mixin.py:154} INFO - [2023-12-12T22:28:27.873+0000] {dag.py:3722} INFO - Setting next_dagrun for example_time_delta_sensor_async to None, run_after=None
[2023-12-12T22:28:27.902+0000] {processor.py:179} INFO - Processing /home/airflow/.local/lib/python3.8/site-packages/airflow/example_dags/example_time_delta_sensor_async.py took 0.133 seconds
