[2023-12-12T22:22:48.714+0000] {processor.py:157} INFO - Started process (PID=50) to work on /home/airflow/.local/lib/python3.8/site-packages/airflow/example_dags/example_complex.py
[2023-12-12T22:22:48.719+0000] {processor.py:829} INFO - Processing file /home/airflow/.local/lib/python3.8/site-packages/airflow/example_dags/example_complex.py for tasks to queue
[2023-12-12T22:22:48.727+0000] {logging_mixin.py:154} INFO - [2023-12-12T22:22:48.727+0000] {dagbag.py:536} INFO - Filling up the DagBag from /home/airflow/.local/lib/python3.8/site-packages/airflow/example_dags/example_complex.py
[2023-12-12T22:22:48.814+0000] {processor.py:839} INFO - DAG(s) dict_keys(['example_complex']) retrieved from /home/airflow/.local/lib/python3.8/site-packages/airflow/example_dags/example_complex.py
[2023-12-12T22:22:49.545+0000] {logging_mixin.py:154} INFO - [2023-12-12T22:22:49.544+0000] {manager.py:499} INFO - Created Permission View: %s
[2023-12-12T22:22:49.586+0000] {logging_mixin.py:154} INFO - [2023-12-12T22:22:49.586+0000] {manager.py:499} INFO - Created Permission View: %s
[2023-12-12T22:22:49.612+0000] {logging_mixin.py:154} INFO - [2023-12-12T22:22:49.612+0000] {manager.py:499} INFO - Created Permission View: %s
[2023-12-12T22:22:49.614+0000] {logging_mixin.py:154} INFO - [2023-12-12T22:22:49.614+0000] {dag.py:2941} INFO - Sync 1 DAGs
[2023-12-12T22:22:49.696+0000] {logging_mixin.py:154} INFO - [2023-12-12T22:22:49.695+0000] {dag.py:2963} INFO - Creating ORM DAG for example_complex
[2023-12-12T22:22:49.700+0000] {logging_mixin.py:154} INFO - [2023-12-12T22:22:49.698+0000] {dag.py:3722} INFO - Setting next_dagrun for example_complex to None, run_after=None
[2023-12-12T22:22:49.793+0000] {processor.py:179} INFO - Processing /home/airflow/.local/lib/python3.8/site-packages/airflow/example_dags/example_complex.py took 1.094 seconds
[2023-12-12T22:23:20.406+0000] {processor.py:157} INFO - Started process (PID=104) to work on /home/airflow/.local/lib/python3.8/site-packages/airflow/example_dags/example_complex.py
[2023-12-12T22:23:20.411+0000] {processor.py:829} INFO - Processing file /home/airflow/.local/lib/python3.8/site-packages/airflow/example_dags/example_complex.py for tasks to queue
[2023-12-12T22:23:20.442+0000] {logging_mixin.py:154} INFO - [2023-12-12T22:23:20.441+0000] {dagbag.py:536} INFO - Filling up the DagBag from /home/airflow/.local/lib/python3.8/site-packages/airflow/example_dags/example_complex.py
[2023-12-12T22:23:20.523+0000] {processor.py:839} INFO - DAG(s) dict_keys(['example_complex']) retrieved from /home/airflow/.local/lib/python3.8/site-packages/airflow/example_dags/example_complex.py
[2023-12-12T22:23:20.738+0000] {logging_mixin.py:154} INFO - [2023-12-12T22:23:20.738+0000] {dag.py:2941} INFO - Sync 1 DAGs
[2023-12-12T22:23:20.838+0000] {logging_mixin.py:154} INFO - [2023-12-12T22:23:20.838+0000] {dag.py:3722} INFO - Setting next_dagrun for example_complex to None, run_after=None
[2023-12-12T22:23:21.020+0000] {processor.py:179} INFO - Processing /home/airflow/.local/lib/python3.8/site-packages/airflow/example_dags/example_complex.py took 0.639 seconds
[2023-12-12T22:23:51.124+0000] {processor.py:157} INFO - Started process (PID=158) to work on /home/airflow/.local/lib/python3.8/site-packages/airflow/example_dags/example_complex.py
[2023-12-12T22:23:51.125+0000] {processor.py:829} INFO - Processing file /home/airflow/.local/lib/python3.8/site-packages/airflow/example_dags/example_complex.py for tasks to queue
[2023-12-12T22:23:51.128+0000] {logging_mixin.py:154} INFO - [2023-12-12T22:23:51.127+0000] {dagbag.py:536} INFO - Filling up the DagBag from /home/airflow/.local/lib/python3.8/site-packages/airflow/example_dags/example_complex.py
[2023-12-12T22:23:51.141+0000] {processor.py:839} INFO - DAG(s) dict_keys(['example_complex']) retrieved from /home/airflow/.local/lib/python3.8/site-packages/airflow/example_dags/example_complex.py
[2023-12-12T22:23:51.174+0000] {logging_mixin.py:154} INFO - [2023-12-12T22:23:51.174+0000] {dag.py:2941} INFO - Sync 1 DAGs
[2023-12-12T22:23:51.189+0000] {logging_mixin.py:154} INFO - [2023-12-12T22:23:51.189+0000] {dag.py:3722} INFO - Setting next_dagrun for example_complex to None, run_after=None
[2023-12-12T22:23:51.221+0000] {processor.py:179} INFO - Processing /home/airflow/.local/lib/python3.8/site-packages/airflow/example_dags/example_complex.py took 0.101 seconds
[2023-12-12T22:24:21.613+0000] {processor.py:157} INFO - Started process (PID=212) to work on /home/airflow/.local/lib/python3.8/site-packages/airflow/example_dags/example_complex.py
[2023-12-12T22:24:21.616+0000] {processor.py:829} INFO - Processing file /home/airflow/.local/lib/python3.8/site-packages/airflow/example_dags/example_complex.py for tasks to queue
[2023-12-12T22:24:21.621+0000] {logging_mixin.py:154} INFO - [2023-12-12T22:24:21.620+0000] {dagbag.py:536} INFO - Filling up the DagBag from /home/airflow/.local/lib/python3.8/site-packages/airflow/example_dags/example_complex.py
[2023-12-12T22:24:21.639+0000] {processor.py:839} INFO - DAG(s) dict_keys(['example_complex']) retrieved from /home/airflow/.local/lib/python3.8/site-packages/airflow/example_dags/example_complex.py
[2023-12-12T22:24:21.685+0000] {logging_mixin.py:154} INFO - [2023-12-12T22:24:21.684+0000] {dag.py:2941} INFO - Sync 1 DAGs
[2023-12-12T22:24:21.703+0000] {logging_mixin.py:154} INFO - [2023-12-12T22:24:21.703+0000] {dag.py:3722} INFO - Setting next_dagrun for example_complex to None, run_after=None
[2023-12-12T22:24:21.735+0000] {processor.py:179} INFO - Processing /home/airflow/.local/lib/python3.8/site-packages/airflow/example_dags/example_complex.py took 0.127 seconds
[2023-12-12T22:24:52.247+0000] {processor.py:157} INFO - Started process (PID=266) to work on /home/airflow/.local/lib/python3.8/site-packages/airflow/example_dags/example_complex.py
[2023-12-12T22:24:52.249+0000] {processor.py:829} INFO - Processing file /home/airflow/.local/lib/python3.8/site-packages/airflow/example_dags/example_complex.py for tasks to queue
[2023-12-12T22:24:52.252+0000] {logging_mixin.py:154} INFO - [2023-12-12T22:24:52.252+0000] {dagbag.py:536} INFO - Filling up the DagBag from /home/airflow/.local/lib/python3.8/site-packages/airflow/example_dags/example_complex.py
[2023-12-12T22:24:52.268+0000] {processor.py:839} INFO - DAG(s) dict_keys(['example_complex']) retrieved from /home/airflow/.local/lib/python3.8/site-packages/airflow/example_dags/example_complex.py
[2023-12-12T22:24:52.303+0000] {logging_mixin.py:154} INFO - [2023-12-12T22:24:52.303+0000] {dag.py:2941} INFO - Sync 1 DAGs
[2023-12-12T22:24:52.317+0000] {logging_mixin.py:154} INFO - [2023-12-12T22:24:52.317+0000] {dag.py:3722} INFO - Setting next_dagrun for example_complex to None, run_after=None
[2023-12-12T22:24:52.344+0000] {processor.py:179} INFO - Processing /home/airflow/.local/lib/python3.8/site-packages/airflow/example_dags/example_complex.py took 0.103 seconds
[2023-12-12T22:25:22.448+0000] {processor.py:157} INFO - Started process (PID=320) to work on /home/airflow/.local/lib/python3.8/site-packages/airflow/example_dags/example_complex.py
[2023-12-12T22:25:22.449+0000] {processor.py:829} INFO - Processing file /home/airflow/.local/lib/python3.8/site-packages/airflow/example_dags/example_complex.py for tasks to queue
[2023-12-12T22:25:22.452+0000] {logging_mixin.py:154} INFO - [2023-12-12T22:25:22.452+0000] {dagbag.py:536} INFO - Filling up the DagBag from /home/airflow/.local/lib/python3.8/site-packages/airflow/example_dags/example_complex.py
[2023-12-12T22:25:22.467+0000] {processor.py:839} INFO - DAG(s) dict_keys(['example_complex']) retrieved from /home/airflow/.local/lib/python3.8/site-packages/airflow/example_dags/example_complex.py
[2023-12-12T22:25:22.501+0000] {logging_mixin.py:154} INFO - [2023-12-12T22:25:22.501+0000] {dag.py:2941} INFO - Sync 1 DAGs
[2023-12-12T22:25:22.515+0000] {logging_mixin.py:154} INFO - [2023-12-12T22:25:22.515+0000] {dag.py:3722} INFO - Setting next_dagrun for example_complex to None, run_after=None
[2023-12-12T22:25:22.541+0000] {processor.py:179} INFO - Processing /home/airflow/.local/lib/python3.8/site-packages/airflow/example_dags/example_complex.py took 0.098 seconds
[2023-12-12T22:25:52.767+0000] {processor.py:157} INFO - Started process (PID=374) to work on /home/airflow/.local/lib/python3.8/site-packages/airflow/example_dags/example_complex.py
[2023-12-12T22:25:52.768+0000] {processor.py:829} INFO - Processing file /home/airflow/.local/lib/python3.8/site-packages/airflow/example_dags/example_complex.py for tasks to queue
[2023-12-12T22:25:52.772+0000] {logging_mixin.py:154} INFO - [2023-12-12T22:25:52.771+0000] {dagbag.py:536} INFO - Filling up the DagBag from /home/airflow/.local/lib/python3.8/site-packages/airflow/example_dags/example_complex.py
[2023-12-12T22:25:52.787+0000] {processor.py:839} INFO - DAG(s) dict_keys(['example_complex']) retrieved from /home/airflow/.local/lib/python3.8/site-packages/airflow/example_dags/example_complex.py
[2023-12-12T22:25:52.822+0000] {logging_mixin.py:154} INFO - [2023-12-12T22:25:52.822+0000] {dag.py:2941} INFO - Sync 1 DAGs
[2023-12-12T22:25:52.836+0000] {logging_mixin.py:154} INFO - [2023-12-12T22:25:52.836+0000] {dag.py:3722} INFO - Setting next_dagrun for example_complex to None, run_after=None
[2023-12-12T22:25:52.859+0000] {processor.py:179} INFO - Processing /home/airflow/.local/lib/python3.8/site-packages/airflow/example_dags/example_complex.py took 0.096 seconds
[2023-12-12T22:26:23.359+0000] {processor.py:157} INFO - Started process (PID=428) to work on /home/airflow/.local/lib/python3.8/site-packages/airflow/example_dags/example_complex.py
[2023-12-12T22:26:23.361+0000] {processor.py:829} INFO - Processing file /home/airflow/.local/lib/python3.8/site-packages/airflow/example_dags/example_complex.py for tasks to queue
[2023-12-12T22:26:23.364+0000] {logging_mixin.py:154} INFO - [2023-12-12T22:26:23.364+0000] {dagbag.py:536} INFO - Filling up the DagBag from /home/airflow/.local/lib/python3.8/site-packages/airflow/example_dags/example_complex.py
[2023-12-12T22:26:23.386+0000] {processor.py:839} INFO - DAG(s) dict_keys(['example_complex']) retrieved from /home/airflow/.local/lib/python3.8/site-packages/airflow/example_dags/example_complex.py
[2023-12-12T22:26:23.432+0000] {logging_mixin.py:154} INFO - [2023-12-12T22:26:23.432+0000] {dag.py:2941} INFO - Sync 1 DAGs
[2023-12-12T22:26:23.451+0000] {logging_mixin.py:154} INFO - [2023-12-12T22:26:23.451+0000] {dag.py:3722} INFO - Setting next_dagrun for example_complex to None, run_after=None
[2023-12-12T22:26:23.482+0000] {processor.py:179} INFO - Processing /home/airflow/.local/lib/python3.8/site-packages/airflow/example_dags/example_complex.py took 0.127 seconds
[2023-12-12T22:26:53.529+0000] {processor.py:157} INFO - Started process (PID=481) to work on /home/airflow/.local/lib/python3.8/site-packages/airflow/example_dags/example_complex.py
[2023-12-12T22:26:53.531+0000] {processor.py:829} INFO - Processing file /home/airflow/.local/lib/python3.8/site-packages/airflow/example_dags/example_complex.py for tasks to queue
[2023-12-12T22:26:53.535+0000] {logging_mixin.py:154} INFO - [2023-12-12T22:26:53.534+0000] {dagbag.py:536} INFO - Filling up the DagBag from /home/airflow/.local/lib/python3.8/site-packages/airflow/example_dags/example_complex.py
[2023-12-12T22:26:53.554+0000] {processor.py:839} INFO - DAG(s) dict_keys(['example_complex']) retrieved from /home/airflow/.local/lib/python3.8/site-packages/airflow/example_dags/example_complex.py
[2023-12-12T22:26:53.596+0000] {logging_mixin.py:154} INFO - [2023-12-12T22:26:53.596+0000] {dag.py:2941} INFO - Sync 1 DAGs
[2023-12-12T22:26:53.612+0000] {logging_mixin.py:154} INFO - [2023-12-12T22:26:53.612+0000] {dag.py:3722} INFO - Setting next_dagrun for example_complex to None, run_after=None
[2023-12-12T22:26:53.638+0000] {processor.py:179} INFO - Processing /home/airflow/.local/lib/python3.8/site-packages/airflow/example_dags/example_complex.py took 0.113 seconds
[2023-12-12T22:27:24.221+0000] {processor.py:157} INFO - Started process (PID=536) to work on /home/airflow/.local/lib/python3.8/site-packages/airflow/example_dags/example_complex.py
[2023-12-12T22:27:24.224+0000] {processor.py:829} INFO - Processing file /home/airflow/.local/lib/python3.8/site-packages/airflow/example_dags/example_complex.py for tasks to queue
[2023-12-12T22:27:24.229+0000] {logging_mixin.py:154} INFO - [2023-12-12T22:27:24.228+0000] {dagbag.py:536} INFO - Filling up the DagBag from /home/airflow/.local/lib/python3.8/site-packages/airflow/example_dags/example_complex.py
[2023-12-12T22:27:24.249+0000] {processor.py:839} INFO - DAG(s) dict_keys(['example_complex']) retrieved from /home/airflow/.local/lib/python3.8/site-packages/airflow/example_dags/example_complex.py
[2023-12-12T22:27:24.288+0000] {logging_mixin.py:154} INFO - [2023-12-12T22:27:24.287+0000] {dag.py:2941} INFO - Sync 1 DAGs
[2023-12-12T22:27:24.309+0000] {logging_mixin.py:154} INFO - [2023-12-12T22:27:24.309+0000] {dag.py:3722} INFO - Setting next_dagrun for example_complex to None, run_after=None
[2023-12-12T22:27:24.335+0000] {processor.py:179} INFO - Processing /home/airflow/.local/lib/python3.8/site-packages/airflow/example_dags/example_complex.py took 0.124 seconds
[2023-12-12T22:27:55.171+0000] {processor.py:157} INFO - Started process (PID=590) to work on /home/airflow/.local/lib/python3.8/site-packages/airflow/example_dags/example_complex.py
[2023-12-12T22:27:55.172+0000] {processor.py:829} INFO - Processing file /home/airflow/.local/lib/python3.8/site-packages/airflow/example_dags/example_complex.py for tasks to queue
[2023-12-12T22:27:55.175+0000] {logging_mixin.py:154} INFO - [2023-12-12T22:27:55.175+0000] {dagbag.py:536} INFO - Filling up the DagBag from /home/airflow/.local/lib/python3.8/site-packages/airflow/example_dags/example_complex.py
[2023-12-12T22:27:55.188+0000] {processor.py:839} INFO - DAG(s) dict_keys(['example_complex']) retrieved from /home/airflow/.local/lib/python3.8/site-packages/airflow/example_dags/example_complex.py
[2023-12-12T22:27:55.223+0000] {logging_mixin.py:154} INFO - [2023-12-12T22:27:55.223+0000] {dag.py:2941} INFO - Sync 1 DAGs
[2023-12-12T22:27:55.238+0000] {logging_mixin.py:154} INFO - [2023-12-12T22:27:55.238+0000] {dag.py:3722} INFO - Setting next_dagrun for example_complex to None, run_after=None
[2023-12-12T22:27:55.267+0000] {processor.py:179} INFO - Processing /home/airflow/.local/lib/python3.8/site-packages/airflow/example_dags/example_complex.py took 0.099 seconds
[2023-12-12T22:28:25.555+0000] {processor.py:157} INFO - Started process (PID=644) to work on /home/airflow/.local/lib/python3.8/site-packages/airflow/example_dags/example_complex.py
[2023-12-12T22:28:25.557+0000] {processor.py:829} INFO - Processing file /home/airflow/.local/lib/python3.8/site-packages/airflow/example_dags/example_complex.py for tasks to queue
[2023-12-12T22:28:25.562+0000] {logging_mixin.py:154} INFO - [2023-12-12T22:28:25.561+0000] {dagbag.py:536} INFO - Filling up the DagBag from /home/airflow/.local/lib/python3.8/site-packages/airflow/example_dags/example_complex.py
[2023-12-12T22:28:25.585+0000] {processor.py:839} INFO - DAG(s) dict_keys(['example_complex']) retrieved from /home/airflow/.local/lib/python3.8/site-packages/airflow/example_dags/example_complex.py
[2023-12-12T22:28:25.646+0000] {logging_mixin.py:154} INFO - [2023-12-12T22:28:25.646+0000] {dag.py:2941} INFO - Sync 1 DAGs
[2023-12-12T22:28:25.669+0000] {logging_mixin.py:154} INFO - [2023-12-12T22:28:25.669+0000] {dag.py:3722} INFO - Setting next_dagrun for example_complex to None, run_after=None
[2023-12-12T22:28:25.710+0000] {processor.py:179} INFO - Processing /home/airflow/.local/lib/python3.8/site-packages/airflow/example_dags/example_complex.py took 0.161 seconds
