[2023-12-12T22:22:55.126+0000] {processor.py:157} INFO - Started process (PID=60) to work on /home/airflow/.local/lib/python3.8/site-packages/airflow/example_dags/example_branch_day_of_week_operator.py
[2023-12-12T22:22:55.129+0000] {processor.py:829} INFO - Processing file /home/airflow/.local/lib/python3.8/site-packages/airflow/example_dags/example_branch_day_of_week_operator.py for tasks to queue
[2023-12-12T22:22:55.135+0000] {logging_mixin.py:154} INFO - [2023-12-12T22:22:55.134+0000] {dagbag.py:536} INFO - Filling up the DagBag from /home/airflow/.local/lib/python3.8/site-packages/airflow/example_dags/example_branch_day_of_week_operator.py
[2023-12-12T22:22:55.193+0000] {processor.py:839} INFO - DAG(s) dict_keys(['example_weekday_branch_operator']) retrieved from /home/airflow/.local/lib/python3.8/site-packages/airflow/example_dags/example_branch_day_of_week_operator.py
[2023-12-12T22:22:55.659+0000] {logging_mixin.py:154} INFO - [2023-12-12T22:22:55.658+0000] {manager.py:499} INFO - Created Permission View: %s
[2023-12-12T22:22:55.684+0000] {logging_mixin.py:154} INFO - [2023-12-12T22:22:55.684+0000] {manager.py:499} INFO - Created Permission View: %s
[2023-12-12T22:22:55.703+0000] {logging_mixin.py:154} INFO - [2023-12-12T22:22:55.702+0000] {manager.py:499} INFO - Created Permission View: %s
[2023-12-12T22:22:55.705+0000] {logging_mixin.py:154} INFO - [2023-12-12T22:22:55.704+0000] {dag.py:2941} INFO - Sync 1 DAGs
[2023-12-12T22:22:55.736+0000] {logging_mixin.py:154} INFO - [2023-12-12T22:22:55.736+0000] {dag.py:2963} INFO - Creating ORM DAG for example_weekday_branch_operator
[2023-12-12T22:22:55.775+0000] {logging_mixin.py:154} INFO - [2023-12-12T22:22:55.774+0000] {dag.py:3722} INFO - Setting next_dagrun for example_weekday_branch_operator to 2023-12-11T00:00:00+00:00, run_after=2023-12-12T00:00:00+00:00
[2023-12-12T22:22:55.823+0000] {processor.py:179} INFO - Processing /home/airflow/.local/lib/python3.8/site-packages/airflow/example_dags/example_branch_day_of_week_operator.py took 0.712 seconds
[2023-12-12T22:23:26.538+0000] {processor.py:157} INFO - Started process (PID=114) to work on /home/airflow/.local/lib/python3.8/site-packages/airflow/example_dags/example_branch_day_of_week_operator.py
[2023-12-12T22:23:26.540+0000] {processor.py:829} INFO - Processing file /home/airflow/.local/lib/python3.8/site-packages/airflow/example_dags/example_branch_day_of_week_operator.py for tasks to queue
[2023-12-12T22:23:26.544+0000] {logging_mixin.py:154} INFO - [2023-12-12T22:23:26.543+0000] {dagbag.py:536} INFO - Filling up the DagBag from /home/airflow/.local/lib/python3.8/site-packages/airflow/example_dags/example_branch_day_of_week_operator.py
[2023-12-12T22:23:26.567+0000] {processor.py:839} INFO - DAG(s) dict_keys(['example_weekday_branch_operator']) retrieved from /home/airflow/.local/lib/python3.8/site-packages/airflow/example_dags/example_branch_day_of_week_operator.py
[2023-12-12T22:23:26.592+0000] {logging_mixin.py:154} INFO - [2023-12-12T22:23:26.591+0000] {dag.py:2941} INFO - Sync 1 DAGs
[2023-12-12T22:23:26.645+0000] {logging_mixin.py:154} INFO - [2023-12-12T22:23:26.644+0000] {dag.py:3722} INFO - Setting next_dagrun for example_weekday_branch_operator to 2023-12-11T00:00:00+00:00, run_after=2023-12-12T00:00:00+00:00
[2023-12-12T22:23:26.710+0000] {processor.py:179} INFO - Processing /home/airflow/.local/lib/python3.8/site-packages/airflow/example_dags/example_branch_day_of_week_operator.py took 0.180 seconds
[2023-12-12T22:23:56.859+0000] {processor.py:157} INFO - Started process (PID=168) to work on /home/airflow/.local/lib/python3.8/site-packages/airflow/example_dags/example_branch_day_of_week_operator.py
[2023-12-12T22:23:56.862+0000] {processor.py:829} INFO - Processing file /home/airflow/.local/lib/python3.8/site-packages/airflow/example_dags/example_branch_day_of_week_operator.py for tasks to queue
[2023-12-12T22:23:56.868+0000] {logging_mixin.py:154} INFO - [2023-12-12T22:23:56.867+0000] {dagbag.py:536} INFO - Filling up the DagBag from /home/airflow/.local/lib/python3.8/site-packages/airflow/example_dags/example_branch_day_of_week_operator.py
[2023-12-12T22:23:56.884+0000] {processor.py:839} INFO - DAG(s) dict_keys(['example_weekday_branch_operator']) retrieved from /home/airflow/.local/lib/python3.8/site-packages/airflow/example_dags/example_branch_day_of_week_operator.py
[2023-12-12T22:23:56.911+0000] {logging_mixin.py:154} INFO - [2023-12-12T22:23:56.911+0000] {dag.py:2941} INFO - Sync 1 DAGs
[2023-12-12T22:23:56.938+0000] {logging_mixin.py:154} INFO - [2023-12-12T22:23:56.938+0000] {dag.py:3722} INFO - Setting next_dagrun for example_weekday_branch_operator to 2023-12-11T00:00:00+00:00, run_after=2023-12-12T00:00:00+00:00
[2023-12-12T22:23:56.965+0000] {processor.py:179} INFO - Processing /home/airflow/.local/lib/python3.8/site-packages/airflow/example_dags/example_branch_day_of_week_operator.py took 0.114 seconds
[2023-12-12T22:24:27.376+0000] {processor.py:157} INFO - Started process (PID=222) to work on /home/airflow/.local/lib/python3.8/site-packages/airflow/example_dags/example_branch_day_of_week_operator.py
[2023-12-12T22:24:27.379+0000] {processor.py:829} INFO - Processing file /home/airflow/.local/lib/python3.8/site-packages/airflow/example_dags/example_branch_day_of_week_operator.py for tasks to queue
[2023-12-12T22:24:27.384+0000] {logging_mixin.py:154} INFO - [2023-12-12T22:24:27.383+0000] {dagbag.py:536} INFO - Filling up the DagBag from /home/airflow/.local/lib/python3.8/site-packages/airflow/example_dags/example_branch_day_of_week_operator.py
[2023-12-12T22:24:27.396+0000] {processor.py:839} INFO - DAG(s) dict_keys(['example_weekday_branch_operator']) retrieved from /home/airflow/.local/lib/python3.8/site-packages/airflow/example_dags/example_branch_day_of_week_operator.py
[2023-12-12T22:24:27.423+0000] {logging_mixin.py:154} INFO - [2023-12-12T22:24:27.423+0000] {dag.py:2941} INFO - Sync 1 DAGs
[2023-12-12T22:24:27.464+0000] {logging_mixin.py:154} INFO - [2023-12-12T22:24:27.464+0000] {dag.py:3722} INFO - Setting next_dagrun for example_weekday_branch_operator to 2023-12-11T00:00:00+00:00, run_after=2023-12-12T00:00:00+00:00
[2023-12-12T22:24:27.492+0000] {processor.py:179} INFO - Processing /home/airflow/.local/lib/python3.8/site-packages/airflow/example_dags/example_branch_day_of_week_operator.py took 0.124 seconds
[2023-12-12T22:24:58.013+0000] {processor.py:157} INFO - Started process (PID=276) to work on /home/airflow/.local/lib/python3.8/site-packages/airflow/example_dags/example_branch_day_of_week_operator.py
[2023-12-12T22:24:58.014+0000] {processor.py:829} INFO - Processing file /home/airflow/.local/lib/python3.8/site-packages/airflow/example_dags/example_branch_day_of_week_operator.py for tasks to queue
[2023-12-12T22:24:58.019+0000] {logging_mixin.py:154} INFO - [2023-12-12T22:24:58.018+0000] {dagbag.py:536} INFO - Filling up the DagBag from /home/airflow/.local/lib/python3.8/site-packages/airflow/example_dags/example_branch_day_of_week_operator.py
[2023-12-12T22:24:58.033+0000] {processor.py:839} INFO - DAG(s) dict_keys(['example_weekday_branch_operator']) retrieved from /home/airflow/.local/lib/python3.8/site-packages/airflow/example_dags/example_branch_day_of_week_operator.py
[2023-12-12T22:24:58.061+0000] {logging_mixin.py:154} INFO - [2023-12-12T22:24:58.060+0000] {dag.py:2941} INFO - Sync 1 DAGs
[2023-12-12T22:24:58.087+0000] {logging_mixin.py:154} INFO - [2023-12-12T22:24:58.087+0000] {dag.py:3722} INFO - Setting next_dagrun for example_weekday_branch_operator to 2023-12-11T00:00:00+00:00, run_after=2023-12-12T00:00:00+00:00
[2023-12-12T22:24:58.110+0000] {processor.py:179} INFO - Processing /home/airflow/.local/lib/python3.8/site-packages/airflow/example_dags/example_branch_day_of_week_operator.py took 0.103 seconds
[2023-12-12T22:25:28.225+0000] {processor.py:157} INFO - Started process (PID=330) to work on /home/airflow/.local/lib/python3.8/site-packages/airflow/example_dags/example_branch_day_of_week_operator.py
[2023-12-12T22:25:28.228+0000] {processor.py:829} INFO - Processing file /home/airflow/.local/lib/python3.8/site-packages/airflow/example_dags/example_branch_day_of_week_operator.py for tasks to queue
[2023-12-12T22:25:28.233+0000] {logging_mixin.py:154} INFO - [2023-12-12T22:25:28.232+0000] {dagbag.py:536} INFO - Filling up the DagBag from /home/airflow/.local/lib/python3.8/site-packages/airflow/example_dags/example_branch_day_of_week_operator.py
[2023-12-12T22:25:28.265+0000] {processor.py:839} INFO - DAG(s) dict_keys(['example_weekday_branch_operator']) retrieved from /home/airflow/.local/lib/python3.8/site-packages/airflow/example_dags/example_branch_day_of_week_operator.py
[2023-12-12T22:25:28.299+0000] {logging_mixin.py:154} INFO - [2023-12-12T22:25:28.299+0000] {dag.py:2941} INFO - Sync 1 DAGs
[2023-12-12T22:25:28.337+0000] {logging_mixin.py:154} INFO - [2023-12-12T22:25:28.336+0000] {dag.py:3722} INFO - Setting next_dagrun for example_weekday_branch_operator to 2023-12-11T00:00:00+00:00, run_after=2023-12-12T00:00:00+00:00
[2023-12-12T22:25:28.364+0000] {processor.py:179} INFO - Processing /home/airflow/.local/lib/python3.8/site-packages/airflow/example_dags/example_branch_day_of_week_operator.py took 0.147 seconds
[2023-12-12T22:25:58.461+0000] {processor.py:157} INFO - Started process (PID=384) to work on /home/airflow/.local/lib/python3.8/site-packages/airflow/example_dags/example_branch_day_of_week_operator.py
[2023-12-12T22:25:58.462+0000] {processor.py:829} INFO - Processing file /home/airflow/.local/lib/python3.8/site-packages/airflow/example_dags/example_branch_day_of_week_operator.py for tasks to queue
[2023-12-12T22:25:58.465+0000] {logging_mixin.py:154} INFO - [2023-12-12T22:25:58.465+0000] {dagbag.py:536} INFO - Filling up the DagBag from /home/airflow/.local/lib/python3.8/site-packages/airflow/example_dags/example_branch_day_of_week_operator.py
[2023-12-12T22:25:58.474+0000] {processor.py:839} INFO - DAG(s) dict_keys(['example_weekday_branch_operator']) retrieved from /home/airflow/.local/lib/python3.8/site-packages/airflow/example_dags/example_branch_day_of_week_operator.py
[2023-12-12T22:25:58.500+0000] {logging_mixin.py:154} INFO - [2023-12-12T22:25:58.500+0000] {dag.py:2941} INFO - Sync 1 DAGs
[2023-12-12T22:25:58.527+0000] {logging_mixin.py:154} INFO - [2023-12-12T22:25:58.527+0000] {dag.py:3722} INFO - Setting next_dagrun for example_weekday_branch_operator to 2023-12-11T00:00:00+00:00, run_after=2023-12-12T00:00:00+00:00
[2023-12-12T22:25:58.549+0000] {processor.py:179} INFO - Processing /home/airflow/.local/lib/python3.8/site-packages/airflow/example_dags/example_branch_day_of_week_operator.py took 0.094 seconds
[2023-12-12T22:26:29.130+0000] {processor.py:157} INFO - Started process (PID=438) to work on /home/airflow/.local/lib/python3.8/site-packages/airflow/example_dags/example_branch_day_of_week_operator.py
[2023-12-12T22:26:29.132+0000] {processor.py:829} INFO - Processing file /home/airflow/.local/lib/python3.8/site-packages/airflow/example_dags/example_branch_day_of_week_operator.py for tasks to queue
[2023-12-12T22:26:29.135+0000] {logging_mixin.py:154} INFO - [2023-12-12T22:26:29.134+0000] {dagbag.py:536} INFO - Filling up the DagBag from /home/airflow/.local/lib/python3.8/site-packages/airflow/example_dags/example_branch_day_of_week_operator.py
[2023-12-12T22:26:29.145+0000] {processor.py:839} INFO - DAG(s) dict_keys(['example_weekday_branch_operator']) retrieved from /home/airflow/.local/lib/python3.8/site-packages/airflow/example_dags/example_branch_day_of_week_operator.py
[2023-12-12T22:26:29.173+0000] {logging_mixin.py:154} INFO - [2023-12-12T22:26:29.173+0000] {dag.py:2941} INFO - Sync 1 DAGs
[2023-12-12T22:26:29.201+0000] {logging_mixin.py:154} INFO - [2023-12-12T22:26:29.201+0000] {dag.py:3722} INFO - Setting next_dagrun for example_weekday_branch_operator to 2023-12-11T00:00:00+00:00, run_after=2023-12-12T00:00:00+00:00
[2023-12-12T22:26:29.229+0000] {processor.py:179} INFO - Processing /home/airflow/.local/lib/python3.8/site-packages/airflow/example_dags/example_branch_day_of_week_operator.py took 0.103 seconds
[2023-12-12T22:26:59.653+0000] {processor.py:157} INFO - Started process (PID=492) to work on /home/airflow/.local/lib/python3.8/site-packages/airflow/example_dags/example_branch_day_of_week_operator.py
[2023-12-12T22:26:59.657+0000] {processor.py:829} INFO - Processing file /home/airflow/.local/lib/python3.8/site-packages/airflow/example_dags/example_branch_day_of_week_operator.py for tasks to queue
[2023-12-12T22:26:59.665+0000] {logging_mixin.py:154} INFO - [2023-12-12T22:26:59.664+0000] {dagbag.py:536} INFO - Filling up the DagBag from /home/airflow/.local/lib/python3.8/site-packages/airflow/example_dags/example_branch_day_of_week_operator.py
[2023-12-12T22:26:59.689+0000] {processor.py:839} INFO - DAG(s) dict_keys(['example_weekday_branch_operator']) retrieved from /home/airflow/.local/lib/python3.8/site-packages/airflow/example_dags/example_branch_day_of_week_operator.py
[2023-12-12T22:26:59.734+0000] {logging_mixin.py:154} INFO - [2023-12-12T22:26:59.734+0000] {dag.py:2941} INFO - Sync 1 DAGs
[2023-12-12T22:26:59.785+0000] {logging_mixin.py:154} INFO - [2023-12-12T22:26:59.785+0000] {dag.py:3722} INFO - Setting next_dagrun for example_weekday_branch_operator to 2023-12-11T00:00:00+00:00, run_after=2023-12-12T00:00:00+00:00
[2023-12-12T22:26:59.818+0000] {processor.py:179} INFO - Processing /home/airflow/.local/lib/python3.8/site-packages/airflow/example_dags/example_branch_day_of_week_operator.py took 0.178 seconds
[2023-12-12T22:27:30.161+0000] {processor.py:157} INFO - Started process (PID=546) to work on /home/airflow/.local/lib/python3.8/site-packages/airflow/example_dags/example_branch_day_of_week_operator.py
[2023-12-12T22:27:30.163+0000] {processor.py:829} INFO - Processing file /home/airflow/.local/lib/python3.8/site-packages/airflow/example_dags/example_branch_day_of_week_operator.py for tasks to queue
[2023-12-12T22:27:30.168+0000] {logging_mixin.py:154} INFO - [2023-12-12T22:27:30.167+0000] {dagbag.py:536} INFO - Filling up the DagBag from /home/airflow/.local/lib/python3.8/site-packages/airflow/example_dags/example_branch_day_of_week_operator.py
[2023-12-12T22:27:30.189+0000] {processor.py:839} INFO - DAG(s) dict_keys(['example_weekday_branch_operator']) retrieved from /home/airflow/.local/lib/python3.8/site-packages/airflow/example_dags/example_branch_day_of_week_operator.py
[2023-12-12T22:27:30.226+0000] {logging_mixin.py:154} INFO - [2023-12-12T22:27:30.226+0000] {dag.py:2941} INFO - Sync 1 DAGs
[2023-12-12T22:27:30.260+0000] {logging_mixin.py:154} INFO - [2023-12-12T22:27:30.260+0000] {dag.py:3722} INFO - Setting next_dagrun for example_weekday_branch_operator to 2023-12-11T00:00:00+00:00, run_after=2023-12-12T00:00:00+00:00
[2023-12-12T22:27:30.287+0000] {processor.py:179} INFO - Processing /home/airflow/.local/lib/python3.8/site-packages/airflow/example_dags/example_branch_day_of_week_operator.py took 0.131 seconds
[2023-12-12T22:28:01.165+0000] {processor.py:157} INFO - Started process (PID=607) to work on /home/airflow/.local/lib/python3.8/site-packages/airflow/example_dags/example_branch_day_of_week_operator.py
[2023-12-12T22:28:01.170+0000] {processor.py:829} INFO - Processing file /home/airflow/.local/lib/python3.8/site-packages/airflow/example_dags/example_branch_day_of_week_operator.py for tasks to queue
[2023-12-12T22:28:01.182+0000] {logging_mixin.py:154} INFO - [2023-12-12T22:28:01.180+0000] {dagbag.py:536} INFO - Filling up the DagBag from /home/airflow/.local/lib/python3.8/site-packages/airflow/example_dags/example_branch_day_of_week_operator.py
[2023-12-12T22:28:01.230+0000] {processor.py:839} INFO - DAG(s) dict_keys(['example_weekday_branch_operator']) retrieved from /home/airflow/.local/lib/python3.8/site-packages/airflow/example_dags/example_branch_day_of_week_operator.py
[2023-12-12T22:28:01.337+0000] {logging_mixin.py:154} INFO - [2023-12-12T22:28:01.336+0000] {dag.py:2941} INFO - Sync 1 DAGs
[2023-12-12T22:28:01.380+0000] {logging_mixin.py:154} INFO - [2023-12-12T22:28:01.379+0000] {dag.py:3722} INFO - Setting next_dagrun for example_weekday_branch_operator to 2023-12-11T00:00:00+00:00, run_after=2023-12-12T00:00:00+00:00
[2023-12-12T22:28:01.404+0000] {processor.py:179} INFO - Processing /home/airflow/.local/lib/python3.8/site-packages/airflow/example_dags/example_branch_day_of_week_operator.py took 0.255 seconds
[2023-12-12T22:28:31.516+0000] {processor.py:157} INFO - Started process (PID=661) to work on /home/airflow/.local/lib/python3.8/site-packages/airflow/example_dags/example_branch_day_of_week_operator.py
[2023-12-12T22:28:31.518+0000] {processor.py:829} INFO - Processing file /home/airflow/.local/lib/python3.8/site-packages/airflow/example_dags/example_branch_day_of_week_operator.py for tasks to queue
[2023-12-12T22:28:31.524+0000] {logging_mixin.py:154} INFO - [2023-12-12T22:28:31.524+0000] {dagbag.py:536} INFO - Filling up the DagBag from /home/airflow/.local/lib/python3.8/site-packages/airflow/example_dags/example_branch_day_of_week_operator.py
[2023-12-12T22:28:31.542+0000] {processor.py:839} INFO - DAG(s) dict_keys(['example_weekday_branch_operator']) retrieved from /home/airflow/.local/lib/python3.8/site-packages/airflow/example_dags/example_branch_day_of_week_operator.py
[2023-12-12T22:28:31.582+0000] {logging_mixin.py:154} INFO - [2023-12-12T22:28:31.582+0000] {dag.py:2941} INFO - Sync 1 DAGs
[2023-12-12T22:28:31.619+0000] {logging_mixin.py:154} INFO - [2023-12-12T22:28:31.619+0000] {dag.py:3722} INFO - Setting next_dagrun for example_weekday_branch_operator to 2023-12-11T00:00:00+00:00, run_after=2023-12-12T00:00:00+00:00
[2023-12-12T22:28:31.649+0000] {processor.py:179} INFO - Processing /home/airflow/.local/lib/python3.8/site-packages/airflow/example_dags/example_branch_day_of_week_operator.py took 0.140 seconds
