[2023-12-12T22:23:01.793+0000] {processor.py:157} INFO - Started process (PID=88) to work on /home/airflow/.local/lib/python3.8/site-packages/airflow/example_dags/example_dynamic_task_mapping_with_no_taskflow_operators.py
[2023-12-12T22:23:01.795+0000] {processor.py:829} INFO - Processing file /home/airflow/.local/lib/python3.8/site-packages/airflow/example_dags/example_dynamic_task_mapping_with_no_taskflow_operators.py for tasks to queue
[2023-12-12T22:23:01.800+0000] {logging_mixin.py:154} INFO - [2023-12-12T22:23:01.800+0000] {dagbag.py:536} INFO - Filling up the DagBag from /home/airflow/.local/lib/python3.8/site-packages/airflow/example_dags/example_dynamic_task_mapping_with_no_taskflow_operators.py
[2023-12-12T22:23:01.817+0000] {processor.py:839} INFO - DAG(s) dict_keys(['example_dynamic_task_mapping_with_no_taskflow_operators']) retrieved from /home/airflow/.local/lib/python3.8/site-packages/airflow/example_dags/example_dynamic_task_mapping_with_no_taskflow_operators.py
[2023-12-12T22:23:02.103+0000] {logging_mixin.py:154} INFO - [2023-12-12T22:23:02.103+0000] {manager.py:499} INFO - Created Permission View: %s
[2023-12-12T22:23:02.123+0000] {logging_mixin.py:154} INFO - [2023-12-12T22:23:02.123+0000] {manager.py:499} INFO - Created Permission View: %s
[2023-12-12T22:23:02.138+0000] {logging_mixin.py:154} INFO - [2023-12-12T22:23:02.137+0000] {manager.py:499} INFO - Created Permission View: %s
[2023-12-12T22:23:02.139+0000] {logging_mixin.py:154} INFO - [2023-12-12T22:23:02.138+0000] {dag.py:2941} INFO - Sync 1 DAGs
[2023-12-12T22:23:02.160+0000] {logging_mixin.py:154} INFO - [2023-12-12T22:23:02.159+0000] {dag.py:2963} INFO - Creating ORM DAG for example_dynamic_task_mapping_with_no_taskflow_operators
[2023-12-12T22:23:02.182+0000] {logging_mixin.py:154} INFO - [2023-12-12T22:23:02.181+0000] {dag.py:3722} INFO - Setting next_dagrun for example_dynamic_task_mapping_with_no_taskflow_operators to 2023-12-11T22:23:02.181268+00:00, run_after=2023-12-12T22:23:02.181268+00:00
[2023-12-12T22:23:02.552+0000] {processor.py:179} INFO - Processing /home/airflow/.local/lib/python3.8/site-packages/airflow/example_dags/example_dynamic_task_mapping_with_no_taskflow_operators.py took 0.765 seconds
[2023-12-12T22:23:33.200+0000] {processor.py:157} INFO - Started process (PID=142) to work on /home/airflow/.local/lib/python3.8/site-packages/airflow/example_dags/example_dynamic_task_mapping_with_no_taskflow_operators.py
[2023-12-12T22:23:33.202+0000] {processor.py:829} INFO - Processing file /home/airflow/.local/lib/python3.8/site-packages/airflow/example_dags/example_dynamic_task_mapping_with_no_taskflow_operators.py for tasks to queue
[2023-12-12T22:23:33.210+0000] {logging_mixin.py:154} INFO - [2023-12-12T22:23:33.209+0000] {dagbag.py:536} INFO - Filling up the DagBag from /home/airflow/.local/lib/python3.8/site-packages/airflow/example_dags/example_dynamic_task_mapping_with_no_taskflow_operators.py
[2023-12-12T22:23:33.230+0000] {processor.py:839} INFO - DAG(s) dict_keys(['example_dynamic_task_mapping_with_no_taskflow_operators']) retrieved from /home/airflow/.local/lib/python3.8/site-packages/airflow/example_dags/example_dynamic_task_mapping_with_no_taskflow_operators.py
[2023-12-12T22:23:33.272+0000] {logging_mixin.py:154} INFO - [2023-12-12T22:23:33.272+0000] {dag.py:2941} INFO - Sync 1 DAGs
[2023-12-12T22:23:33.336+0000] {logging_mixin.py:154} INFO - [2023-12-12T22:23:33.336+0000] {dag.py:3722} INFO - Setting next_dagrun for example_dynamic_task_mapping_with_no_taskflow_operators to 2023-12-11T22:23:33.335579+00:00, run_after=2023-12-12T22:23:33.335579+00:00
[2023-12-12T22:23:33.389+0000] {processor.py:179} INFO - Processing /home/airflow/.local/lib/python3.8/site-packages/airflow/example_dags/example_dynamic_task_mapping_with_no_taskflow_operators.py took 0.196 seconds
[2023-12-12T22:24:03.751+0000] {processor.py:157} INFO - Started process (PID=196) to work on /home/airflow/.local/lib/python3.8/site-packages/airflow/example_dags/example_dynamic_task_mapping_with_no_taskflow_operators.py
[2023-12-12T22:24:03.753+0000] {processor.py:829} INFO - Processing file /home/airflow/.local/lib/python3.8/site-packages/airflow/example_dags/example_dynamic_task_mapping_with_no_taskflow_operators.py for tasks to queue
[2023-12-12T22:24:03.756+0000] {logging_mixin.py:154} INFO - [2023-12-12T22:24:03.756+0000] {dagbag.py:536} INFO - Filling up the DagBag from /home/airflow/.local/lib/python3.8/site-packages/airflow/example_dags/example_dynamic_task_mapping_with_no_taskflow_operators.py
[2023-12-12T22:24:03.767+0000] {processor.py:839} INFO - DAG(s) dict_keys(['example_dynamic_task_mapping_with_no_taskflow_operators']) retrieved from /home/airflow/.local/lib/python3.8/site-packages/airflow/example_dags/example_dynamic_task_mapping_with_no_taskflow_operators.py
[2023-12-12T22:24:03.794+0000] {logging_mixin.py:154} INFO - [2023-12-12T22:24:03.794+0000] {dag.py:2941} INFO - Sync 1 DAGs
[2023-12-12T22:24:03.821+0000] {logging_mixin.py:154} INFO - [2023-12-12T22:24:03.820+0000] {dag.py:3722} INFO - Setting next_dagrun for example_dynamic_task_mapping_with_no_taskflow_operators to 2023-12-11T22:24:03.820575+00:00, run_after=2023-12-12T22:24:03.820575+00:00
[2023-12-12T22:24:03.843+0000] {processor.py:179} INFO - Processing /home/airflow/.local/lib/python3.8/site-packages/airflow/example_dags/example_dynamic_task_mapping_with_no_taskflow_operators.py took 0.099 seconds
[2023-12-12T22:24:33.960+0000] {processor.py:157} INFO - Started process (PID=249) to work on /home/airflow/.local/lib/python3.8/site-packages/airflow/example_dags/example_dynamic_task_mapping_with_no_taskflow_operators.py
[2023-12-12T22:24:33.962+0000] {processor.py:829} INFO - Processing file /home/airflow/.local/lib/python3.8/site-packages/airflow/example_dags/example_dynamic_task_mapping_with_no_taskflow_operators.py for tasks to queue
[2023-12-12T22:24:33.968+0000] {logging_mixin.py:154} INFO - [2023-12-12T22:24:33.967+0000] {dagbag.py:536} INFO - Filling up the DagBag from /home/airflow/.local/lib/python3.8/site-packages/airflow/example_dags/example_dynamic_task_mapping_with_no_taskflow_operators.py
[2023-12-12T22:24:33.981+0000] {processor.py:839} INFO - DAG(s) dict_keys(['example_dynamic_task_mapping_with_no_taskflow_operators']) retrieved from /home/airflow/.local/lib/python3.8/site-packages/airflow/example_dags/example_dynamic_task_mapping_with_no_taskflow_operators.py
[2023-12-12T22:24:34.006+0000] {logging_mixin.py:154} INFO - [2023-12-12T22:24:34.006+0000] {dag.py:2941} INFO - Sync 1 DAGs
[2023-12-12T22:24:34.032+0000] {logging_mixin.py:154} INFO - [2023-12-12T22:24:34.032+0000] {dag.py:3722} INFO - Setting next_dagrun for example_dynamic_task_mapping_with_no_taskflow_operators to 2023-12-11T22:24:34.031714+00:00, run_after=2023-12-12T22:24:34.031714+00:00
[2023-12-12T22:24:34.073+0000] {processor.py:179} INFO - Processing /home/airflow/.local/lib/python3.8/site-packages/airflow/example_dags/example_dynamic_task_mapping_with_no_taskflow_operators.py took 0.117 seconds
[2023-12-12T22:25:04.678+0000] {processor.py:157} INFO - Started process (PID=304) to work on /home/airflow/.local/lib/python3.8/site-packages/airflow/example_dags/example_dynamic_task_mapping_with_no_taskflow_operators.py
[2023-12-12T22:25:04.679+0000] {processor.py:829} INFO - Processing file /home/airflow/.local/lib/python3.8/site-packages/airflow/example_dags/example_dynamic_task_mapping_with_no_taskflow_operators.py for tasks to queue
[2023-12-12T22:25:04.682+0000] {logging_mixin.py:154} INFO - [2023-12-12T22:25:04.682+0000] {dagbag.py:536} INFO - Filling up the DagBag from /home/airflow/.local/lib/python3.8/site-packages/airflow/example_dags/example_dynamic_task_mapping_with_no_taskflow_operators.py
[2023-12-12T22:25:04.690+0000] {processor.py:839} INFO - DAG(s) dict_keys(['example_dynamic_task_mapping_with_no_taskflow_operators']) retrieved from /home/airflow/.local/lib/python3.8/site-packages/airflow/example_dags/example_dynamic_task_mapping_with_no_taskflow_operators.py
[2023-12-12T22:25:04.712+0000] {logging_mixin.py:154} INFO - [2023-12-12T22:25:04.712+0000] {dag.py:2941} INFO - Sync 1 DAGs
[2023-12-12T22:25:04.736+0000] {logging_mixin.py:154} INFO - [2023-12-12T22:25:04.736+0000] {dag.py:3722} INFO - Setting next_dagrun for example_dynamic_task_mapping_with_no_taskflow_operators to 2023-12-11T22:25:04.736111+00:00, run_after=2023-12-12T22:25:04.736111+00:00
[2023-12-12T22:25:04.767+0000] {processor.py:179} INFO - Processing /home/airflow/.local/lib/python3.8/site-packages/airflow/example_dags/example_dynamic_task_mapping_with_no_taskflow_operators.py took 0.092 seconds
[2023-12-12T22:25:34.839+0000] {processor.py:157} INFO - Started process (PID=357) to work on /home/airflow/.local/lib/python3.8/site-packages/airflow/example_dags/example_dynamic_task_mapping_with_no_taskflow_operators.py
[2023-12-12T22:25:34.841+0000] {processor.py:829} INFO - Processing file /home/airflow/.local/lib/python3.8/site-packages/airflow/example_dags/example_dynamic_task_mapping_with_no_taskflow_operators.py for tasks to queue
[2023-12-12T22:25:34.845+0000] {logging_mixin.py:154} INFO - [2023-12-12T22:25:34.845+0000] {dagbag.py:536} INFO - Filling up the DagBag from /home/airflow/.local/lib/python3.8/site-packages/airflow/example_dags/example_dynamic_task_mapping_with_no_taskflow_operators.py
[2023-12-12T22:25:34.855+0000] {processor.py:839} INFO - DAG(s) dict_keys(['example_dynamic_task_mapping_with_no_taskflow_operators']) retrieved from /home/airflow/.local/lib/python3.8/site-packages/airflow/example_dags/example_dynamic_task_mapping_with_no_taskflow_operators.py
[2023-12-12T22:25:34.893+0000] {logging_mixin.py:154} INFO - [2023-12-12T22:25:34.892+0000] {dag.py:2941} INFO - Sync 1 DAGs
[2023-12-12T22:25:34.924+0000] {logging_mixin.py:154} INFO - [2023-12-12T22:25:34.924+0000] {dag.py:3722} INFO - Setting next_dagrun for example_dynamic_task_mapping_with_no_taskflow_operators to 2023-12-11T22:25:34.924304+00:00, run_after=2023-12-12T22:25:34.924304+00:00
[2023-12-12T22:25:34.975+0000] {processor.py:179} INFO - Processing /home/airflow/.local/lib/python3.8/site-packages/airflow/example_dags/example_dynamic_task_mapping_with_no_taskflow_operators.py took 0.142 seconds
[2023-12-12T22:26:05.179+0000] {processor.py:157} INFO - Started process (PID=411) to work on /home/airflow/.local/lib/python3.8/site-packages/airflow/example_dags/example_dynamic_task_mapping_with_no_taskflow_operators.py
[2023-12-12T22:26:05.180+0000] {processor.py:829} INFO - Processing file /home/airflow/.local/lib/python3.8/site-packages/airflow/example_dags/example_dynamic_task_mapping_with_no_taskflow_operators.py for tasks to queue
[2023-12-12T22:26:05.184+0000] {logging_mixin.py:154} INFO - [2023-12-12T22:26:05.184+0000] {dagbag.py:536} INFO - Filling up the DagBag from /home/airflow/.local/lib/python3.8/site-packages/airflow/example_dags/example_dynamic_task_mapping_with_no_taskflow_operators.py
[2023-12-12T22:26:05.194+0000] {processor.py:839} INFO - DAG(s) dict_keys(['example_dynamic_task_mapping_with_no_taskflow_operators']) retrieved from /home/airflow/.local/lib/python3.8/site-packages/airflow/example_dags/example_dynamic_task_mapping_with_no_taskflow_operators.py
[2023-12-12T22:26:05.219+0000] {logging_mixin.py:154} INFO - [2023-12-12T22:26:05.219+0000] {dag.py:2941} INFO - Sync 1 DAGs
[2023-12-12T22:26:05.246+0000] {logging_mixin.py:154} INFO - [2023-12-12T22:26:05.246+0000] {dag.py:3722} INFO - Setting next_dagrun for example_dynamic_task_mapping_with_no_taskflow_operators to 2023-12-11T22:26:05.246059+00:00, run_after=2023-12-12T22:26:05.246059+00:00
[2023-12-12T22:26:05.270+0000] {processor.py:179} INFO - Processing /home/airflow/.local/lib/python3.8/site-packages/airflow/example_dags/example_dynamic_task_mapping_with_no_taskflow_operators.py took 0.097 seconds
[2023-12-12T22:26:35.760+0000] {processor.py:157} INFO - Started process (PID=465) to work on /home/airflow/.local/lib/python3.8/site-packages/airflow/example_dags/example_dynamic_task_mapping_with_no_taskflow_operators.py
[2023-12-12T22:26:35.762+0000] {processor.py:829} INFO - Processing file /home/airflow/.local/lib/python3.8/site-packages/airflow/example_dags/example_dynamic_task_mapping_with_no_taskflow_operators.py for tasks to queue
[2023-12-12T22:26:35.766+0000] {logging_mixin.py:154} INFO - [2023-12-12T22:26:35.766+0000] {dagbag.py:536} INFO - Filling up the DagBag from /home/airflow/.local/lib/python3.8/site-packages/airflow/example_dags/example_dynamic_task_mapping_with_no_taskflow_operators.py
[2023-12-12T22:26:35.778+0000] {processor.py:839} INFO - DAG(s) dict_keys(['example_dynamic_task_mapping_with_no_taskflow_operators']) retrieved from /home/airflow/.local/lib/python3.8/site-packages/airflow/example_dags/example_dynamic_task_mapping_with_no_taskflow_operators.py
[2023-12-12T22:26:35.804+0000] {logging_mixin.py:154} INFO - [2023-12-12T22:26:35.803+0000] {dag.py:2941} INFO - Sync 1 DAGs
[2023-12-12T22:26:35.828+0000] {logging_mixin.py:154} INFO - [2023-12-12T22:26:35.828+0000] {dag.py:3722} INFO - Setting next_dagrun for example_dynamic_task_mapping_with_no_taskflow_operators to 2023-12-11T22:26:35.828442+00:00, run_after=2023-12-12T22:26:35.828442+00:00
[2023-12-12T22:26:35.851+0000] {processor.py:179} INFO - Processing /home/airflow/.local/lib/python3.8/site-packages/airflow/example_dags/example_dynamic_task_mapping_with_no_taskflow_operators.py took 0.098 seconds
[2023-12-12T22:27:06.435+0000] {processor.py:157} INFO - Started process (PID=519) to work on /home/airflow/.local/lib/python3.8/site-packages/airflow/example_dags/example_dynamic_task_mapping_with_no_taskflow_operators.py
[2023-12-12T22:27:06.437+0000] {processor.py:829} INFO - Processing file /home/airflow/.local/lib/python3.8/site-packages/airflow/example_dags/example_dynamic_task_mapping_with_no_taskflow_operators.py for tasks to queue
[2023-12-12T22:27:06.439+0000] {logging_mixin.py:154} INFO - [2023-12-12T22:27:06.439+0000] {dagbag.py:536} INFO - Filling up the DagBag from /home/airflow/.local/lib/python3.8/site-packages/airflow/example_dags/example_dynamic_task_mapping_with_no_taskflow_operators.py
[2023-12-12T22:27:06.446+0000] {processor.py:839} INFO - DAG(s) dict_keys(['example_dynamic_task_mapping_with_no_taskflow_operators']) retrieved from /home/airflow/.local/lib/python3.8/site-packages/airflow/example_dags/example_dynamic_task_mapping_with_no_taskflow_operators.py
[2023-12-12T22:27:06.468+0000] {logging_mixin.py:154} INFO - [2023-12-12T22:27:06.468+0000] {dag.py:2941} INFO - Sync 1 DAGs
[2023-12-12T22:27:06.495+0000] {logging_mixin.py:154} INFO - [2023-12-12T22:27:06.495+0000] {dag.py:3722} INFO - Setting next_dagrun for example_dynamic_task_mapping_with_no_taskflow_operators to 2023-12-11T22:27:06.494885+00:00, run_after=2023-12-12T22:27:06.494885+00:00
[2023-12-12T22:27:06.522+0000] {processor.py:179} INFO - Processing /home/airflow/.local/lib/python3.8/site-packages/airflow/example_dags/example_dynamic_task_mapping_with_no_taskflow_operators.py took 0.090 seconds
[2023-12-12T22:27:37.015+0000] {processor.py:157} INFO - Started process (PID=573) to work on /home/airflow/.local/lib/python3.8/site-packages/airflow/example_dags/example_dynamic_task_mapping_with_no_taskflow_operators.py
[2023-12-12T22:27:37.016+0000] {processor.py:829} INFO - Processing file /home/airflow/.local/lib/python3.8/site-packages/airflow/example_dags/example_dynamic_task_mapping_with_no_taskflow_operators.py for tasks to queue
[2023-12-12T22:27:37.019+0000] {logging_mixin.py:154} INFO - [2023-12-12T22:27:37.019+0000] {dagbag.py:536} INFO - Filling up the DagBag from /home/airflow/.local/lib/python3.8/site-packages/airflow/example_dags/example_dynamic_task_mapping_with_no_taskflow_operators.py
[2023-12-12T22:27:37.026+0000] {processor.py:839} INFO - DAG(s) dict_keys(['example_dynamic_task_mapping_with_no_taskflow_operators']) retrieved from /home/airflow/.local/lib/python3.8/site-packages/airflow/example_dags/example_dynamic_task_mapping_with_no_taskflow_operators.py
[2023-12-12T22:27:37.051+0000] {logging_mixin.py:154} INFO - [2023-12-12T22:27:37.051+0000] {dag.py:2941} INFO - Sync 1 DAGs
[2023-12-12T22:27:37.077+0000] {logging_mixin.py:154} INFO - [2023-12-12T22:27:37.076+0000] {dag.py:3722} INFO - Setting next_dagrun for example_dynamic_task_mapping_with_no_taskflow_operators to 2023-12-11T22:27:37.076648+00:00, run_after=2023-12-12T22:27:37.076648+00:00
[2023-12-12T22:27:37.100+0000] {processor.py:179} INFO - Processing /home/airflow/.local/lib/python3.8/site-packages/airflow/example_dags/example_dynamic_task_mapping_with_no_taskflow_operators.py took 0.089 seconds
[2023-12-12T22:28:07.185+0000] {processor.py:157} INFO - Started process (PID=627) to work on /home/airflow/.local/lib/python3.8/site-packages/airflow/example_dags/example_dynamic_task_mapping_with_no_taskflow_operators.py
[2023-12-12T22:28:07.186+0000] {processor.py:829} INFO - Processing file /home/airflow/.local/lib/python3.8/site-packages/airflow/example_dags/example_dynamic_task_mapping_with_no_taskflow_operators.py for tasks to queue
[2023-12-12T22:28:07.190+0000] {logging_mixin.py:154} INFO - [2023-12-12T22:28:07.189+0000] {dagbag.py:536} INFO - Filling up the DagBag from /home/airflow/.local/lib/python3.8/site-packages/airflow/example_dags/example_dynamic_task_mapping_with_no_taskflow_operators.py
[2023-12-12T22:28:07.198+0000] {processor.py:839} INFO - DAG(s) dict_keys(['example_dynamic_task_mapping_with_no_taskflow_operators']) retrieved from /home/airflow/.local/lib/python3.8/site-packages/airflow/example_dags/example_dynamic_task_mapping_with_no_taskflow_operators.py
[2023-12-12T22:28:07.223+0000] {logging_mixin.py:154} INFO - [2023-12-12T22:28:07.222+0000] {dag.py:2941} INFO - Sync 1 DAGs
[2023-12-12T22:28:07.249+0000] {logging_mixin.py:154} INFO - [2023-12-12T22:28:07.249+0000] {dag.py:3722} INFO - Setting next_dagrun for example_dynamic_task_mapping_with_no_taskflow_operators to 2023-12-11T22:28:07.249304+00:00, run_after=2023-12-12T22:28:07.249304+00:00
[2023-12-12T22:28:07.273+0000] {processor.py:179} INFO - Processing /home/airflow/.local/lib/python3.8/site-packages/airflow/example_dags/example_dynamic_task_mapping_with_no_taskflow_operators.py took 0.093 seconds
[2023-12-12T22:28:37.603+0000] {processor.py:157} INFO - Started process (PID=681) to work on /home/airflow/.local/lib/python3.8/site-packages/airflow/example_dags/example_dynamic_task_mapping_with_no_taskflow_operators.py
[2023-12-12T22:28:37.605+0000] {processor.py:829} INFO - Processing file /home/airflow/.local/lib/python3.8/site-packages/airflow/example_dags/example_dynamic_task_mapping_with_no_taskflow_operators.py for tasks to queue
[2023-12-12T22:28:37.608+0000] {logging_mixin.py:154} INFO - [2023-12-12T22:28:37.608+0000] {dagbag.py:536} INFO - Filling up the DagBag from /home/airflow/.local/lib/python3.8/site-packages/airflow/example_dags/example_dynamic_task_mapping_with_no_taskflow_operators.py
[2023-12-12T22:28:37.620+0000] {processor.py:839} INFO - DAG(s) dict_keys(['example_dynamic_task_mapping_with_no_taskflow_operators']) retrieved from /home/airflow/.local/lib/python3.8/site-packages/airflow/example_dags/example_dynamic_task_mapping_with_no_taskflow_operators.py
[2023-12-12T22:28:37.655+0000] {logging_mixin.py:154} INFO - [2023-12-12T22:28:37.654+0000] {dag.py:2941} INFO - Sync 1 DAGs
[2023-12-12T22:28:37.718+0000] {logging_mixin.py:154} INFO - [2023-12-12T22:28:37.718+0000] {dag.py:3722} INFO - Setting next_dagrun for example_dynamic_task_mapping_with_no_taskflow_operators to 2023-12-11T22:28:37.717792+00:00, run_after=2023-12-12T22:28:37.717792+00:00
[2023-12-12T22:28:37.751+0000] {processor.py:179} INFO - Processing /home/airflow/.local/lib/python3.8/site-packages/airflow/example_dags/example_dynamic_task_mapping_with_no_taskflow_operators.py took 0.155 seconds
