[2023-12-12T22:22:59.451+0000] {processor.py:157} INFO - Started process (PID=74) to work on /home/airflow/.local/lib/python3.8/site-packages/airflow/example_dags/example_python_operator.py
[2023-12-12T22:22:59.454+0000] {processor.py:829} INFO - Processing file /home/airflow/.local/lib/python3.8/site-packages/airflow/example_dags/example_python_operator.py for tasks to queue
[2023-12-12T22:22:59.459+0000] {logging_mixin.py:154} INFO - [2023-12-12T22:22:59.458+0000] {dagbag.py:536} INFO - Filling up the DagBag from /home/airflow/.local/lib/python3.8/site-packages/airflow/example_dags/example_python_operator.py
[2023-12-12T22:22:59.538+0000] {processor.py:839} INFO - DAG(s) dict_keys(['example_python_operator']) retrieved from /home/airflow/.local/lib/python3.8/site-packages/airflow/example_dags/example_python_operator.py
[2023-12-12T22:22:59.967+0000] {logging_mixin.py:154} INFO - [2023-12-12T22:22:59.967+0000] {manager.py:499} INFO - Created Permission View: %s
[2023-12-12T22:22:59.997+0000] {logging_mixin.py:154} INFO - [2023-12-12T22:22:59.996+0000] {manager.py:499} INFO - Created Permission View: %s
[2023-12-12T22:23:00.026+0000] {logging_mixin.py:154} INFO - [2023-12-12T22:23:00.025+0000] {manager.py:499} INFO - Created Permission View: %s
[2023-12-12T22:23:00.027+0000] {logging_mixin.py:154} INFO - [2023-12-12T22:23:00.027+0000] {dag.py:2941} INFO - Sync 1 DAGs
[2023-12-12T22:23:00.083+0000] {logging_mixin.py:154} INFO - [2023-12-12T22:23:00.083+0000] {dag.py:2963} INFO - Creating ORM DAG for example_python_operator
[2023-12-12T22:23:00.085+0000] {logging_mixin.py:154} INFO - [2023-12-12T22:23:00.085+0000] {dag.py:3722} INFO - Setting next_dagrun for example_python_operator to None, run_after=None
[2023-12-12T22:23:00.134+0000] {processor.py:179} INFO - Processing /home/airflow/.local/lib/python3.8/site-packages/airflow/example_dags/example_python_operator.py took 0.689 seconds
[2023-12-12T22:23:30.846+0000] {processor.py:157} INFO - Started process (PID=135) to work on /home/airflow/.local/lib/python3.8/site-packages/airflow/example_dags/example_python_operator.py
[2023-12-12T22:23:30.850+0000] {processor.py:829} INFO - Processing file /home/airflow/.local/lib/python3.8/site-packages/airflow/example_dags/example_python_operator.py for tasks to queue
[2023-12-12T22:23:30.863+0000] {logging_mixin.py:154} INFO - [2023-12-12T22:23:30.862+0000] {dagbag.py:536} INFO - Filling up the DagBag from /home/airflow/.local/lib/python3.8/site-packages/airflow/example_dags/example_python_operator.py
[2023-12-12T22:23:30.922+0000] {processor.py:839} INFO - DAG(s) dict_keys(['example_python_operator']) retrieved from /home/airflow/.local/lib/python3.8/site-packages/airflow/example_dags/example_python_operator.py
[2023-12-12T22:23:31.057+0000] {logging_mixin.py:154} INFO - [2023-12-12T22:23:31.057+0000] {dag.py:2941} INFO - Sync 1 DAGs
[2023-12-12T22:23:31.156+0000] {logging_mixin.py:154} INFO - [2023-12-12T22:23:31.155+0000] {dag.py:3722} INFO - Setting next_dagrun for example_python_operator to None, run_after=None
[2023-12-12T22:23:31.290+0000] {processor.py:179} INFO - Processing /home/airflow/.local/lib/python3.8/site-packages/airflow/example_dags/example_python_operator.py took 0.452 seconds
[2023-12-12T22:24:02.091+0000] {processor.py:157} INFO - Started process (PID=189) to work on /home/airflow/.local/lib/python3.8/site-packages/airflow/example_dags/example_python_operator.py
[2023-12-12T22:24:02.093+0000] {processor.py:829} INFO - Processing file /home/airflow/.local/lib/python3.8/site-packages/airflow/example_dags/example_python_operator.py for tasks to queue
[2023-12-12T22:24:02.097+0000] {logging_mixin.py:154} INFO - [2023-12-12T22:24:02.097+0000] {dagbag.py:536} INFO - Filling up the DagBag from /home/airflow/.local/lib/python3.8/site-packages/airflow/example_dags/example_python_operator.py
[2023-12-12T22:24:02.110+0000] {processor.py:839} INFO - DAG(s) dict_keys(['example_python_operator']) retrieved from /home/airflow/.local/lib/python3.8/site-packages/airflow/example_dags/example_python_operator.py
[2023-12-12T22:24:02.139+0000] {logging_mixin.py:154} INFO - [2023-12-12T22:24:02.139+0000] {dag.py:2941} INFO - Sync 1 DAGs
[2023-12-12T22:24:02.154+0000] {logging_mixin.py:154} INFO - [2023-12-12T22:24:02.154+0000] {dag.py:3722} INFO - Setting next_dagrun for example_python_operator to None, run_after=None
[2023-12-12T22:24:02.180+0000] {processor.py:179} INFO - Processing /home/airflow/.local/lib/python3.8/site-packages/airflow/example_dags/example_python_operator.py took 0.093 seconds
[2023-12-12T22:24:32.553+0000] {processor.py:157} INFO - Started process (PID=243) to work on /home/airflow/.local/lib/python3.8/site-packages/airflow/example_dags/example_python_operator.py
[2023-12-12T22:24:32.555+0000] {processor.py:829} INFO - Processing file /home/airflow/.local/lib/python3.8/site-packages/airflow/example_dags/example_python_operator.py for tasks to queue
[2023-12-12T22:24:32.561+0000] {logging_mixin.py:154} INFO - [2023-12-12T22:24:32.560+0000] {dagbag.py:536} INFO - Filling up the DagBag from /home/airflow/.local/lib/python3.8/site-packages/airflow/example_dags/example_python_operator.py
[2023-12-12T22:24:32.578+0000] {processor.py:839} INFO - DAG(s) dict_keys(['example_python_operator']) retrieved from /home/airflow/.local/lib/python3.8/site-packages/airflow/example_dags/example_python_operator.py
[2023-12-12T22:24:32.606+0000] {logging_mixin.py:154} INFO - [2023-12-12T22:24:32.606+0000] {dag.py:2941} INFO - Sync 1 DAGs
[2023-12-12T22:24:32.621+0000] {logging_mixin.py:154} INFO - [2023-12-12T22:24:32.621+0000] {dag.py:3722} INFO - Setting next_dagrun for example_python_operator to None, run_after=None
[2023-12-12T22:24:32.645+0000] {processor.py:179} INFO - Processing /home/airflow/.local/lib/python3.8/site-packages/airflow/example_dags/example_python_operator.py took 0.100 seconds
[2023-12-12T22:25:03.191+0000] {processor.py:157} INFO - Started process (PID=297) to work on /home/airflow/.local/lib/python3.8/site-packages/airflow/example_dags/example_python_operator.py
[2023-12-12T22:25:03.193+0000] {processor.py:829} INFO - Processing file /home/airflow/.local/lib/python3.8/site-packages/airflow/example_dags/example_python_operator.py for tasks to queue
[2023-12-12T22:25:03.198+0000] {logging_mixin.py:154} INFO - [2023-12-12T22:25:03.198+0000] {dagbag.py:536} INFO - Filling up the DagBag from /home/airflow/.local/lib/python3.8/site-packages/airflow/example_dags/example_python_operator.py
[2023-12-12T22:25:03.214+0000] {processor.py:839} INFO - DAG(s) dict_keys(['example_python_operator']) retrieved from /home/airflow/.local/lib/python3.8/site-packages/airflow/example_dags/example_python_operator.py
[2023-12-12T22:25:03.242+0000] {logging_mixin.py:154} INFO - [2023-12-12T22:25:03.242+0000] {dag.py:2941} INFO - Sync 1 DAGs
[2023-12-12T22:25:03.258+0000] {logging_mixin.py:154} INFO - [2023-12-12T22:25:03.257+0000] {dag.py:3722} INFO - Setting next_dagrun for example_python_operator to None, run_after=None
[2023-12-12T22:25:03.293+0000] {processor.py:179} INFO - Processing /home/airflow/.local/lib/python3.8/site-packages/airflow/example_dags/example_python_operator.py took 0.108 seconds
[2023-12-12T22:25:33.369+0000] {processor.py:157} INFO - Started process (PID=351) to work on /home/airflow/.local/lib/python3.8/site-packages/airflow/example_dags/example_python_operator.py
[2023-12-12T22:25:33.371+0000] {processor.py:829} INFO - Processing file /home/airflow/.local/lib/python3.8/site-packages/airflow/example_dags/example_python_operator.py for tasks to queue
[2023-12-12T22:25:33.375+0000] {logging_mixin.py:154} INFO - [2023-12-12T22:25:33.374+0000] {dagbag.py:536} INFO - Filling up the DagBag from /home/airflow/.local/lib/python3.8/site-packages/airflow/example_dags/example_python_operator.py
[2023-12-12T22:25:33.390+0000] {processor.py:839} INFO - DAG(s) dict_keys(['example_python_operator']) retrieved from /home/airflow/.local/lib/python3.8/site-packages/airflow/example_dags/example_python_operator.py
[2023-12-12T22:25:33.420+0000] {logging_mixin.py:154} INFO - [2023-12-12T22:25:33.420+0000] {dag.py:2941} INFO - Sync 1 DAGs
[2023-12-12T22:25:33.436+0000] {logging_mixin.py:154} INFO - [2023-12-12T22:25:33.436+0000] {dag.py:3722} INFO - Setting next_dagrun for example_python_operator to None, run_after=None
[2023-12-12T22:25:33.468+0000] {processor.py:179} INFO - Processing /home/airflow/.local/lib/python3.8/site-packages/airflow/example_dags/example_python_operator.py took 0.105 seconds
[2023-12-12T22:26:03.641+0000] {processor.py:157} INFO - Started process (PID=405) to work on /home/airflow/.local/lib/python3.8/site-packages/airflow/example_dags/example_python_operator.py
[2023-12-12T22:26:03.643+0000] {processor.py:829} INFO - Processing file /home/airflow/.local/lib/python3.8/site-packages/airflow/example_dags/example_python_operator.py for tasks to queue
[2023-12-12T22:26:03.646+0000] {logging_mixin.py:154} INFO - [2023-12-12T22:26:03.645+0000] {dagbag.py:536} INFO - Filling up the DagBag from /home/airflow/.local/lib/python3.8/site-packages/airflow/example_dags/example_python_operator.py
[2023-12-12T22:26:03.657+0000] {processor.py:839} INFO - DAG(s) dict_keys(['example_python_operator']) retrieved from /home/airflow/.local/lib/python3.8/site-packages/airflow/example_dags/example_python_operator.py
[2023-12-12T22:26:03.686+0000] {logging_mixin.py:154} INFO - [2023-12-12T22:26:03.685+0000] {dag.py:2941} INFO - Sync 1 DAGs
[2023-12-12T22:26:03.704+0000] {logging_mixin.py:154} INFO - [2023-12-12T22:26:03.704+0000] {dag.py:3722} INFO - Setting next_dagrun for example_python_operator to None, run_after=None
[2023-12-12T22:26:03.735+0000] {processor.py:179} INFO - Processing /home/airflow/.local/lib/python3.8/site-packages/airflow/example_dags/example_python_operator.py took 0.097 seconds
[2023-12-12T22:26:34.213+0000] {processor.py:157} INFO - Started process (PID=459) to work on /home/airflow/.local/lib/python3.8/site-packages/airflow/example_dags/example_python_operator.py
[2023-12-12T22:26:34.214+0000] {processor.py:829} INFO - Processing file /home/airflow/.local/lib/python3.8/site-packages/airflow/example_dags/example_python_operator.py for tasks to queue
[2023-12-12T22:26:34.218+0000] {logging_mixin.py:154} INFO - [2023-12-12T22:26:34.217+0000] {dagbag.py:536} INFO - Filling up the DagBag from /home/airflow/.local/lib/python3.8/site-packages/airflow/example_dags/example_python_operator.py
[2023-12-12T22:26:34.231+0000] {processor.py:839} INFO - DAG(s) dict_keys(['example_python_operator']) retrieved from /home/airflow/.local/lib/python3.8/site-packages/airflow/example_dags/example_python_operator.py
[2023-12-12T22:26:34.260+0000] {logging_mixin.py:154} INFO - [2023-12-12T22:26:34.260+0000] {dag.py:2941} INFO - Sync 1 DAGs
[2023-12-12T22:26:34.275+0000] {logging_mixin.py:154} INFO - [2023-12-12T22:26:34.274+0000] {dag.py:3722} INFO - Setting next_dagrun for example_python_operator to None, run_after=None
[2023-12-12T22:26:34.297+0000] {processor.py:179} INFO - Processing /home/airflow/.local/lib/python3.8/site-packages/airflow/example_dags/example_python_operator.py took 0.089 seconds
[2023-12-12T22:27:04.919+0000] {processor.py:157} INFO - Started process (PID=513) to work on /home/airflow/.local/lib/python3.8/site-packages/airflow/example_dags/example_python_operator.py
[2023-12-12T22:27:04.921+0000] {processor.py:829} INFO - Processing file /home/airflow/.local/lib/python3.8/site-packages/airflow/example_dags/example_python_operator.py for tasks to queue
[2023-12-12T22:27:04.923+0000] {logging_mixin.py:154} INFO - [2023-12-12T22:27:04.923+0000] {dagbag.py:536} INFO - Filling up the DagBag from /home/airflow/.local/lib/python3.8/site-packages/airflow/example_dags/example_python_operator.py
[2023-12-12T22:27:04.935+0000] {processor.py:839} INFO - DAG(s) dict_keys(['example_python_operator']) retrieved from /home/airflow/.local/lib/python3.8/site-packages/airflow/example_dags/example_python_operator.py
[2023-12-12T22:27:04.978+0000] {logging_mixin.py:154} INFO - [2023-12-12T22:27:04.978+0000] {dag.py:2941} INFO - Sync 1 DAGs
[2023-12-12T22:27:04.997+0000] {logging_mixin.py:154} INFO - [2023-12-12T22:27:04.997+0000] {dag.py:3722} INFO - Setting next_dagrun for example_python_operator to None, run_after=None
[2023-12-12T22:27:05.024+0000] {processor.py:179} INFO - Processing /home/airflow/.local/lib/python3.8/site-packages/airflow/example_dags/example_python_operator.py took 0.110 seconds
[2023-12-12T22:27:35.562+0000] {processor.py:157} INFO - Started process (PID=567) to work on /home/airflow/.local/lib/python3.8/site-packages/airflow/example_dags/example_python_operator.py
[2023-12-12T22:27:35.564+0000] {processor.py:829} INFO - Processing file /home/airflow/.local/lib/python3.8/site-packages/airflow/example_dags/example_python_operator.py for tasks to queue
[2023-12-12T22:27:35.567+0000] {logging_mixin.py:154} INFO - [2023-12-12T22:27:35.567+0000] {dagbag.py:536} INFO - Filling up the DagBag from /home/airflow/.local/lib/python3.8/site-packages/airflow/example_dags/example_python_operator.py
[2023-12-12T22:27:35.580+0000] {processor.py:839} INFO - DAG(s) dict_keys(['example_python_operator']) retrieved from /home/airflow/.local/lib/python3.8/site-packages/airflow/example_dags/example_python_operator.py
[2023-12-12T22:27:35.611+0000] {logging_mixin.py:154} INFO - [2023-12-12T22:27:35.611+0000] {dag.py:2941} INFO - Sync 1 DAGs
[2023-12-12T22:27:35.626+0000] {logging_mixin.py:154} INFO - [2023-12-12T22:27:35.626+0000] {dag.py:3722} INFO - Setting next_dagrun for example_python_operator to None, run_after=None
[2023-12-12T22:27:35.650+0000] {processor.py:179} INFO - Processing /home/airflow/.local/lib/python3.8/site-packages/airflow/example_dags/example_python_operator.py took 0.092 seconds
[2023-12-12T22:28:05.729+0000] {processor.py:157} INFO - Started process (PID=621) to work on /home/airflow/.local/lib/python3.8/site-packages/airflow/example_dags/example_python_operator.py
[2023-12-12T22:28:05.731+0000] {processor.py:829} INFO - Processing file /home/airflow/.local/lib/python3.8/site-packages/airflow/example_dags/example_python_operator.py for tasks to queue
[2023-12-12T22:28:05.734+0000] {logging_mixin.py:154} INFO - [2023-12-12T22:28:05.734+0000] {dagbag.py:536} INFO - Filling up the DagBag from /home/airflow/.local/lib/python3.8/site-packages/airflow/example_dags/example_python_operator.py
[2023-12-12T22:28:05.748+0000] {processor.py:839} INFO - DAG(s) dict_keys(['example_python_operator']) retrieved from /home/airflow/.local/lib/python3.8/site-packages/airflow/example_dags/example_python_operator.py
[2023-12-12T22:28:05.776+0000] {logging_mixin.py:154} INFO - [2023-12-12T22:28:05.776+0000] {dag.py:2941} INFO - Sync 1 DAGs
[2023-12-12T22:28:05.791+0000] {logging_mixin.py:154} INFO - [2023-12-12T22:28:05.791+0000] {dag.py:3722} INFO - Setting next_dagrun for example_python_operator to None, run_after=None
[2023-12-12T22:28:05.818+0000] {processor.py:179} INFO - Processing /home/airflow/.local/lib/python3.8/site-packages/airflow/example_dags/example_python_operator.py took 0.094 seconds
[2023-12-12T22:28:36.030+0000] {processor.py:157} INFO - Started process (PID=675) to work on /home/airflow/.local/lib/python3.8/site-packages/airflow/example_dags/example_python_operator.py
[2023-12-12T22:28:36.032+0000] {processor.py:829} INFO - Processing file /home/airflow/.local/lib/python3.8/site-packages/airflow/example_dags/example_python_operator.py for tasks to queue
[2023-12-12T22:28:36.038+0000] {logging_mixin.py:154} INFO - [2023-12-12T22:28:36.037+0000] {dagbag.py:536} INFO - Filling up the DagBag from /home/airflow/.local/lib/python3.8/site-packages/airflow/example_dags/example_python_operator.py
[2023-12-12T22:28:36.130+0000] {processor.py:839} INFO - DAG(s) dict_keys(['example_python_operator']) retrieved from /home/airflow/.local/lib/python3.8/site-packages/airflow/example_dags/example_python_operator.py
[2023-12-12T22:28:36.216+0000] {logging_mixin.py:154} INFO - [2023-12-12T22:28:36.216+0000] {dag.py:2941} INFO - Sync 1 DAGs
[2023-12-12T22:28:36.249+0000] {logging_mixin.py:154} INFO - [2023-12-12T22:28:36.248+0000] {dag.py:3722} INFO - Setting next_dagrun for example_python_operator to None, run_after=None
[2023-12-12T22:28:36.280+0000] {processor.py:179} INFO - Processing /home/airflow/.local/lib/python3.8/site-packages/airflow/example_dags/example_python_operator.py took 0.264 seconds
