[2023-12-12T22:22:57.837+0000] {processor.py:157} INFO - Started process (PID=68) to work on /home/airflow/.local/lib/python3.8/site-packages/airflow/example_dags/example_latest_only_with_trigger.py
[2023-12-12T22:22:57.839+0000] {processor.py:829} INFO - Processing file /home/airflow/.local/lib/python3.8/site-packages/airflow/example_dags/example_latest_only_with_trigger.py for tasks to queue
[2023-12-12T22:22:57.845+0000] {logging_mixin.py:154} INFO - [2023-12-12T22:22:57.844+0000] {dagbag.py:536} INFO - Filling up the DagBag from /home/airflow/.local/lib/python3.8/site-packages/airflow/example_dags/example_latest_only_with_trigger.py
[2023-12-12T22:22:57.880+0000] {processor.py:839} INFO - DAG(s) dict_keys(['latest_only_with_trigger']) retrieved from /home/airflow/.local/lib/python3.8/site-packages/airflow/example_dags/example_latest_only_with_trigger.py
[2023-12-12T22:22:58.171+0000] {logging_mixin.py:154} INFO - [2023-12-12T22:22:58.171+0000] {manager.py:499} INFO - Created Permission View: %s
[2023-12-12T22:22:58.192+0000] {logging_mixin.py:154} INFO - [2023-12-12T22:22:58.192+0000] {manager.py:499} INFO - Created Permission View: %s
[2023-12-12T22:22:58.209+0000] {logging_mixin.py:154} INFO - [2023-12-12T22:22:58.209+0000] {manager.py:499} INFO - Created Permission View: %s
[2023-12-12T22:22:58.210+0000] {logging_mixin.py:154} INFO - [2023-12-12T22:22:58.210+0000] {dag.py:2941} INFO - Sync 1 DAGs
[2023-12-12T22:22:58.239+0000] {logging_mixin.py:154} INFO - [2023-12-12T22:22:58.239+0000] {dag.py:2963} INFO - Creating ORM DAG for latest_only_with_trigger
[2023-12-12T22:22:58.268+0000] {logging_mixin.py:154} INFO - [2023-12-12T22:22:58.267+0000] {dag.py:3722} INFO - Setting next_dagrun for latest_only_with_trigger to 2023-12-12T18:22:58.267542+00:00, run_after=2023-12-12T22:22:58.267542+00:00
[2023-12-12T22:22:58.308+0000] {processor.py:179} INFO - Processing /home/airflow/.local/lib/python3.8/site-packages/airflow/example_dags/example_latest_only_with_trigger.py took 0.478 seconds
[2023-12-12T22:23:28.423+0000] {processor.py:157} INFO - Started process (PID=122) to work on /home/airflow/.local/lib/python3.8/site-packages/airflow/example_dags/example_latest_only_with_trigger.py
[2023-12-12T22:23:28.425+0000] {processor.py:829} INFO - Processing file /home/airflow/.local/lib/python3.8/site-packages/airflow/example_dags/example_latest_only_with_trigger.py for tasks to queue
[2023-12-12T22:23:28.429+0000] {logging_mixin.py:154} INFO - [2023-12-12T22:23:28.429+0000] {dagbag.py:536} INFO - Filling up the DagBag from /home/airflow/.local/lib/python3.8/site-packages/airflow/example_dags/example_latest_only_with_trigger.py
[2023-12-12T22:23:28.439+0000] {processor.py:839} INFO - DAG(s) dict_keys(['latest_only_with_trigger']) retrieved from /home/airflow/.local/lib/python3.8/site-packages/airflow/example_dags/example_latest_only_with_trigger.py
[2023-12-12T22:23:28.497+0000] {logging_mixin.py:154} INFO - [2023-12-12T22:23:28.496+0000] {dag.py:2941} INFO - Sync 1 DAGs
[2023-12-12T22:23:28.549+0000] {logging_mixin.py:154} INFO - [2023-12-12T22:23:28.549+0000] {dag.py:3722} INFO - Setting next_dagrun for latest_only_with_trigger to 2023-12-12T18:23:28.549154+00:00, run_after=2023-12-12T22:23:28.549154+00:00
[2023-12-12T22:23:28.601+0000] {processor.py:179} INFO - Processing /home/airflow/.local/lib/python3.8/site-packages/airflow/example_dags/example_latest_only_with_trigger.py took 0.184 seconds
[2023-12-12T22:23:59.648+0000] {processor.py:157} INFO - Started process (PID=176) to work on /home/airflow/.local/lib/python3.8/site-packages/airflow/example_dags/example_latest_only_with_trigger.py
[2023-12-12T22:23:59.651+0000] {processor.py:829} INFO - Processing file /home/airflow/.local/lib/python3.8/site-packages/airflow/example_dags/example_latest_only_with_trigger.py for tasks to queue
[2023-12-12T22:23:59.656+0000] {logging_mixin.py:154} INFO - [2023-12-12T22:23:59.655+0000] {dagbag.py:536} INFO - Filling up the DagBag from /home/airflow/.local/lib/python3.8/site-packages/airflow/example_dags/example_latest_only_with_trigger.py
[2023-12-12T22:23:59.666+0000] {processor.py:839} INFO - DAG(s) dict_keys(['latest_only_with_trigger']) retrieved from /home/airflow/.local/lib/python3.8/site-packages/airflow/example_dags/example_latest_only_with_trigger.py
[2023-12-12T22:23:59.694+0000] {logging_mixin.py:154} INFO - [2023-12-12T22:23:59.694+0000] {dag.py:2941} INFO - Sync 1 DAGs
[2023-12-12T22:23:59.719+0000] {logging_mixin.py:154} INFO - [2023-12-12T22:23:59.719+0000] {dag.py:3722} INFO - Setting next_dagrun for latest_only_with_trigger to 2023-12-12T18:23:59.719444+00:00, run_after=2023-12-12T22:23:59.719444+00:00
[2023-12-12T22:23:59.774+0000] {processor.py:179} INFO - Processing /home/airflow/.local/lib/python3.8/site-packages/airflow/example_dags/example_latest_only_with_trigger.py took 0.133 seconds
[2023-12-12T22:24:30.129+0000] {processor.py:157} INFO - Started process (PID=237) to work on /home/airflow/.local/lib/python3.8/site-packages/airflow/example_dags/example_latest_only_with_trigger.py
[2023-12-12T22:24:30.131+0000] {processor.py:829} INFO - Processing file /home/airflow/.local/lib/python3.8/site-packages/airflow/example_dags/example_latest_only_with_trigger.py for tasks to queue
[2023-12-12T22:24:30.136+0000] {logging_mixin.py:154} INFO - [2023-12-12T22:24:30.135+0000] {dagbag.py:536} INFO - Filling up the DagBag from /home/airflow/.local/lib/python3.8/site-packages/airflow/example_dags/example_latest_only_with_trigger.py
[2023-12-12T22:24:30.147+0000] {processor.py:839} INFO - DAG(s) dict_keys(['latest_only_with_trigger']) retrieved from /home/airflow/.local/lib/python3.8/site-packages/airflow/example_dags/example_latest_only_with_trigger.py
[2023-12-12T22:24:30.184+0000] {logging_mixin.py:154} INFO - [2023-12-12T22:24:30.183+0000] {dag.py:2941} INFO - Sync 1 DAGs
[2023-12-12T22:24:30.224+0000] {logging_mixin.py:154} INFO - [2023-12-12T22:24:30.224+0000] {dag.py:3722} INFO - Setting next_dagrun for latest_only_with_trigger to 2023-12-12T18:24:30.224197+00:00, run_after=2023-12-12T22:24:30.224197+00:00
[2023-12-12T22:24:30.256+0000] {processor.py:179} INFO - Processing /home/airflow/.local/lib/python3.8/site-packages/airflow/example_dags/example_latest_only_with_trigger.py took 0.133 seconds
[2023-12-12T22:25:00.794+0000] {processor.py:157} INFO - Started process (PID=291) to work on /home/airflow/.local/lib/python3.8/site-packages/airflow/example_dags/example_latest_only_with_trigger.py
[2023-12-12T22:25:00.795+0000] {processor.py:829} INFO - Processing file /home/airflow/.local/lib/python3.8/site-packages/airflow/example_dags/example_latest_only_with_trigger.py for tasks to queue
[2023-12-12T22:25:00.799+0000] {logging_mixin.py:154} INFO - [2023-12-12T22:25:00.798+0000] {dagbag.py:536} INFO - Filling up the DagBag from /home/airflow/.local/lib/python3.8/site-packages/airflow/example_dags/example_latest_only_with_trigger.py
[2023-12-12T22:25:00.807+0000] {processor.py:839} INFO - DAG(s) dict_keys(['latest_only_with_trigger']) retrieved from /home/airflow/.local/lib/python3.8/site-packages/airflow/example_dags/example_latest_only_with_trigger.py
[2023-12-12T22:25:00.834+0000] {logging_mixin.py:154} INFO - [2023-12-12T22:25:00.833+0000] {dag.py:2941} INFO - Sync 1 DAGs
[2023-12-12T22:25:00.859+0000] {logging_mixin.py:154} INFO - [2023-12-12T22:25:00.859+0000] {dag.py:3722} INFO - Setting next_dagrun for latest_only_with_trigger to 2023-12-12T18:25:00.859344+00:00, run_after=2023-12-12T22:25:00.859344+00:00
[2023-12-12T22:25:00.886+0000] {processor.py:179} INFO - Processing /home/airflow/.local/lib/python3.8/site-packages/airflow/example_dags/example_latest_only_with_trigger.py took 0.098 seconds
[2023-12-12T22:25:30.965+0000] {processor.py:157} INFO - Started process (PID=345) to work on /home/airflow/.local/lib/python3.8/site-packages/airflow/example_dags/example_latest_only_with_trigger.py
[2023-12-12T22:25:30.967+0000] {processor.py:829} INFO - Processing file /home/airflow/.local/lib/python3.8/site-packages/airflow/example_dags/example_latest_only_with_trigger.py for tasks to queue
[2023-12-12T22:25:30.970+0000] {logging_mixin.py:154} INFO - [2023-12-12T22:25:30.970+0000] {dagbag.py:536} INFO - Filling up the DagBag from /home/airflow/.local/lib/python3.8/site-packages/airflow/example_dags/example_latest_only_with_trigger.py
[2023-12-12T22:25:30.978+0000] {processor.py:839} INFO - DAG(s) dict_keys(['latest_only_with_trigger']) retrieved from /home/airflow/.local/lib/python3.8/site-packages/airflow/example_dags/example_latest_only_with_trigger.py
[2023-12-12T22:25:31.005+0000] {logging_mixin.py:154} INFO - [2023-12-12T22:25:31.005+0000] {dag.py:2941} INFO - Sync 1 DAGs
[2023-12-12T22:25:31.032+0000] {logging_mixin.py:154} INFO - [2023-12-12T22:25:31.031+0000] {dag.py:3722} INFO - Setting next_dagrun for latest_only_with_trigger to 2023-12-12T18:25:31.031625+00:00, run_after=2023-12-12T22:25:31.031625+00:00
[2023-12-12T22:25:31.063+0000] {processor.py:179} INFO - Processing /home/airflow/.local/lib/python3.8/site-packages/airflow/example_dags/example_latest_only_with_trigger.py took 0.103 seconds
[2023-12-12T22:26:01.211+0000] {processor.py:157} INFO - Started process (PID=399) to work on /home/airflow/.local/lib/python3.8/site-packages/airflow/example_dags/example_latest_only_with_trigger.py
[2023-12-12T22:26:01.213+0000] {processor.py:829} INFO - Processing file /home/airflow/.local/lib/python3.8/site-packages/airflow/example_dags/example_latest_only_with_trigger.py for tasks to queue
[2023-12-12T22:26:01.216+0000] {logging_mixin.py:154} INFO - [2023-12-12T22:26:01.216+0000] {dagbag.py:536} INFO - Filling up the DagBag from /home/airflow/.local/lib/python3.8/site-packages/airflow/example_dags/example_latest_only_with_trigger.py
[2023-12-12T22:26:01.225+0000] {processor.py:839} INFO - DAG(s) dict_keys(['latest_only_with_trigger']) retrieved from /home/airflow/.local/lib/python3.8/site-packages/airflow/example_dags/example_latest_only_with_trigger.py
[2023-12-12T22:26:01.255+0000] {logging_mixin.py:154} INFO - [2023-12-12T22:26:01.254+0000] {dag.py:2941} INFO - Sync 1 DAGs
[2023-12-12T22:26:01.281+0000] {logging_mixin.py:154} INFO - [2023-12-12T22:26:01.281+0000] {dag.py:3722} INFO - Setting next_dagrun for latest_only_with_trigger to 2023-12-12T18:26:01.281359+00:00, run_after=2023-12-12T22:26:01.281359+00:00
[2023-12-12T22:26:01.314+0000] {processor.py:179} INFO - Processing /home/airflow/.local/lib/python3.8/site-packages/airflow/example_dags/example_latest_only_with_trigger.py took 0.108 seconds
[2023-12-12T22:26:31.791+0000] {processor.py:157} INFO - Started process (PID=453) to work on /home/airflow/.local/lib/python3.8/site-packages/airflow/example_dags/example_latest_only_with_trigger.py
[2023-12-12T22:26:31.793+0000] {processor.py:829} INFO - Processing file /home/airflow/.local/lib/python3.8/site-packages/airflow/example_dags/example_latest_only_with_trigger.py for tasks to queue
[2023-12-12T22:26:31.797+0000] {logging_mixin.py:154} INFO - [2023-12-12T22:26:31.797+0000] {dagbag.py:536} INFO - Filling up the DagBag from /home/airflow/.local/lib/python3.8/site-packages/airflow/example_dags/example_latest_only_with_trigger.py
[2023-12-12T22:26:31.807+0000] {processor.py:839} INFO - DAG(s) dict_keys(['latest_only_with_trigger']) retrieved from /home/airflow/.local/lib/python3.8/site-packages/airflow/example_dags/example_latest_only_with_trigger.py
[2023-12-12T22:26:31.836+0000] {logging_mixin.py:154} INFO - [2023-12-12T22:26:31.836+0000] {dag.py:2941} INFO - Sync 1 DAGs
[2023-12-12T22:26:31.865+0000] {logging_mixin.py:154} INFO - [2023-12-12T22:26:31.865+0000] {dag.py:3722} INFO - Setting next_dagrun for latest_only_with_trigger to 2023-12-12T18:26:31.864787+00:00, run_after=2023-12-12T22:26:31.864787+00:00
[2023-12-12T22:26:31.901+0000] {processor.py:179} INFO - Processing /home/airflow/.local/lib/python3.8/site-packages/airflow/example_dags/example_latest_only_with_trigger.py took 0.116 seconds
[2023-12-12T22:27:02.417+0000] {processor.py:157} INFO - Started process (PID=507) to work on /home/airflow/.local/lib/python3.8/site-packages/airflow/example_dags/example_latest_only_with_trigger.py
[2023-12-12T22:27:02.419+0000] {processor.py:829} INFO - Processing file /home/airflow/.local/lib/python3.8/site-packages/airflow/example_dags/example_latest_only_with_trigger.py for tasks to queue
[2023-12-12T22:27:02.422+0000] {logging_mixin.py:154} INFO - [2023-12-12T22:27:02.422+0000] {dagbag.py:536} INFO - Filling up the DagBag from /home/airflow/.local/lib/python3.8/site-packages/airflow/example_dags/example_latest_only_with_trigger.py
[2023-12-12T22:27:02.431+0000] {processor.py:839} INFO - DAG(s) dict_keys(['latest_only_with_trigger']) retrieved from /home/airflow/.local/lib/python3.8/site-packages/airflow/example_dags/example_latest_only_with_trigger.py
[2023-12-12T22:27:02.462+0000] {logging_mixin.py:154} INFO - [2023-12-12T22:27:02.462+0000] {dag.py:2941} INFO - Sync 1 DAGs
[2023-12-12T22:27:02.490+0000] {logging_mixin.py:154} INFO - [2023-12-12T22:27:02.489+0000] {dag.py:3722} INFO - Setting next_dagrun for latest_only_with_trigger to 2023-12-12T18:27:02.489695+00:00, run_after=2023-12-12T22:27:02.489695+00:00
[2023-12-12T22:27:02.524+0000] {processor.py:179} INFO - Processing /home/airflow/.local/lib/python3.8/site-packages/airflow/example_dags/example_latest_only_with_trigger.py took 0.112 seconds
[2023-12-12T22:27:32.983+0000] {processor.py:157} INFO - Started process (PID=561) to work on /home/airflow/.local/lib/python3.8/site-packages/airflow/example_dags/example_latest_only_with_trigger.py
[2023-12-12T22:27:32.986+0000] {processor.py:829} INFO - Processing file /home/airflow/.local/lib/python3.8/site-packages/airflow/example_dags/example_latest_only_with_trigger.py for tasks to queue
[2023-12-12T22:27:32.989+0000] {logging_mixin.py:154} INFO - [2023-12-12T22:27:32.989+0000] {dagbag.py:536} INFO - Filling up the DagBag from /home/airflow/.local/lib/python3.8/site-packages/airflow/example_dags/example_latest_only_with_trigger.py
[2023-12-12T22:27:32.999+0000] {processor.py:839} INFO - DAG(s) dict_keys(['latest_only_with_trigger']) retrieved from /home/airflow/.local/lib/python3.8/site-packages/airflow/example_dags/example_latest_only_with_trigger.py
[2023-12-12T22:27:33.033+0000] {logging_mixin.py:154} INFO - [2023-12-12T22:27:33.033+0000] {dag.py:2941} INFO - Sync 1 DAGs
[2023-12-12T22:27:33.064+0000] {logging_mixin.py:154} INFO - [2023-12-12T22:27:33.064+0000] {dag.py:3722} INFO - Setting next_dagrun for latest_only_with_trigger to 2023-12-12T18:27:33.063688+00:00, run_after=2023-12-12T22:27:33.063688+00:00
[2023-12-12T22:27:33.095+0000] {processor.py:179} INFO - Processing /home/airflow/.local/lib/python3.8/site-packages/airflow/example_dags/example_latest_only_with_trigger.py took 0.118 seconds
[2023-12-12T22:28:03.219+0000] {processor.py:157} INFO - Started process (PID=615) to work on /home/airflow/.local/lib/python3.8/site-packages/airflow/example_dags/example_latest_only_with_trigger.py
[2023-12-12T22:28:03.220+0000] {processor.py:829} INFO - Processing file /home/airflow/.local/lib/python3.8/site-packages/airflow/example_dags/example_latest_only_with_trigger.py for tasks to queue
[2023-12-12T22:28:03.224+0000] {logging_mixin.py:154} INFO - [2023-12-12T22:28:03.224+0000] {dagbag.py:536} INFO - Filling up the DagBag from /home/airflow/.local/lib/python3.8/site-packages/airflow/example_dags/example_latest_only_with_trigger.py
[2023-12-12T22:28:03.233+0000] {processor.py:839} INFO - DAG(s) dict_keys(['latest_only_with_trigger']) retrieved from /home/airflow/.local/lib/python3.8/site-packages/airflow/example_dags/example_latest_only_with_trigger.py
[2023-12-12T22:28:03.268+0000] {logging_mixin.py:154} INFO - [2023-12-12T22:28:03.268+0000] {dag.py:2941} INFO - Sync 1 DAGs
[2023-12-12T22:28:03.306+0000] {logging_mixin.py:154} INFO - [2023-12-12T22:28:03.305+0000] {dag.py:3722} INFO - Setting next_dagrun for latest_only_with_trigger to 2023-12-12T18:28:03.305515+00:00, run_after=2023-12-12T22:28:03.305515+00:00
[2023-12-12T22:28:03.338+0000] {processor.py:179} INFO - Processing /home/airflow/.local/lib/python3.8/site-packages/airflow/example_dags/example_latest_only_with_trigger.py took 0.125 seconds
[2023-12-12T22:28:33.370+0000] {processor.py:157} INFO - Started process (PID=669) to work on /home/airflow/.local/lib/python3.8/site-packages/airflow/example_dags/example_latest_only_with_trigger.py
[2023-12-12T22:28:33.372+0000] {processor.py:829} INFO - Processing file /home/airflow/.local/lib/python3.8/site-packages/airflow/example_dags/example_latest_only_with_trigger.py for tasks to queue
[2023-12-12T22:28:33.375+0000] {logging_mixin.py:154} INFO - [2023-12-12T22:28:33.374+0000] {dagbag.py:536} INFO - Filling up the DagBag from /home/airflow/.local/lib/python3.8/site-packages/airflow/example_dags/example_latest_only_with_trigger.py
[2023-12-12T22:28:33.382+0000] {processor.py:839} INFO - DAG(s) dict_keys(['latest_only_with_trigger']) retrieved from /home/airflow/.local/lib/python3.8/site-packages/airflow/example_dags/example_latest_only_with_trigger.py
[2023-12-12T22:28:33.409+0000] {logging_mixin.py:154} INFO - [2023-12-12T22:28:33.409+0000] {dag.py:2941} INFO - Sync 1 DAGs
[2023-12-12T22:28:33.443+0000] {logging_mixin.py:154} INFO - [2023-12-12T22:28:33.443+0000] {dag.py:3722} INFO - Setting next_dagrun for latest_only_with_trigger to 2023-12-12T18:28:33.443080+00:00, run_after=2023-12-12T22:28:33.443080+00:00
[2023-12-12T22:28:33.475+0000] {processor.py:179} INFO - Processing /home/airflow/.local/lib/python3.8/site-packages/airflow/example_dags/example_latest_only_with_trigger.py took 0.108 seconds
