[2023-12-12T22:22:59.806+0000] {processor.py:157} INFO - Started process (PID=82) to work on /home/airflow/.local/lib/python3.8/site-packages/airflow/example_dags/example_nested_branch_dag.py
[2023-12-12T22:22:59.814+0000] {processor.py:829} INFO - Processing file /home/airflow/.local/lib/python3.8/site-packages/airflow/example_dags/example_nested_branch_dag.py for tasks to queue
[2023-12-12T22:22:59.823+0000] {logging_mixin.py:154} INFO - [2023-12-12T22:22:59.822+0000] {dagbag.py:536} INFO - Filling up the DagBag from /home/airflow/.local/lib/python3.8/site-packages/airflow/example_dags/example_nested_branch_dag.py
[2023-12-12T22:22:59.869+0000] {processor.py:839} INFO - DAG(s) dict_keys(['example_nested_branch_dag']) retrieved from /home/airflow/.local/lib/python3.8/site-packages/airflow/example_dags/example_nested_branch_dag.py
[2023-12-12T22:23:00.236+0000] {logging_mixin.py:154} INFO - [2023-12-12T22:23:00.236+0000] {manager.py:499} INFO - Created Permission View: %s
[2023-12-12T22:23:00.265+0000] {logging_mixin.py:154} INFO - [2023-12-12T22:23:00.264+0000] {manager.py:499} INFO - Created Permission View: %s
[2023-12-12T22:23:00.281+0000] {logging_mixin.py:154} INFO - [2023-12-12T22:23:00.280+0000] {manager.py:499} INFO - Created Permission View: %s
[2023-12-12T22:23:00.282+0000] {logging_mixin.py:154} INFO - [2023-12-12T22:23:00.282+0000] {dag.py:2941} INFO - Sync 1 DAGs
[2023-12-12T22:23:00.310+0000] {logging_mixin.py:154} INFO - [2023-12-12T22:23:00.310+0000] {dag.py:2963} INFO - Creating ORM DAG for example_nested_branch_dag
[2023-12-12T22:23:00.337+0000] {logging_mixin.py:154} INFO - [2023-12-12T22:23:00.336+0000] {dag.py:3722} INFO - Setting next_dagrun for example_nested_branch_dag to 2023-12-11T00:00:00+00:00, run_after=2023-12-12T00:00:00+00:00
[2023-12-12T22:23:00.384+0000] {processor.py:179} INFO - Processing /home/airflow/.local/lib/python3.8/site-packages/airflow/example_dags/example_nested_branch_dag.py took 0.592 seconds
[2023-12-12T22:23:30.856+0000] {processor.py:157} INFO - Started process (PID=136) to work on /home/airflow/.local/lib/python3.8/site-packages/airflow/example_dags/example_nested_branch_dag.py
[2023-12-12T22:23:30.859+0000] {processor.py:829} INFO - Processing file /home/airflow/.local/lib/python3.8/site-packages/airflow/example_dags/example_nested_branch_dag.py for tasks to queue
[2023-12-12T22:23:30.868+0000] {logging_mixin.py:154} INFO - [2023-12-12T22:23:30.867+0000] {dagbag.py:536} INFO - Filling up the DagBag from /home/airflow/.local/lib/python3.8/site-packages/airflow/example_dags/example_nested_branch_dag.py
[2023-12-12T22:23:30.923+0000] {processor.py:839} INFO - DAG(s) dict_keys(['example_nested_branch_dag']) retrieved from /home/airflow/.local/lib/python3.8/site-packages/airflow/example_dags/example_nested_branch_dag.py
[2023-12-12T22:23:31.033+0000] {logging_mixin.py:154} INFO - [2023-12-12T22:23:31.032+0000] {dag.py:2941} INFO - Sync 1 DAGs
[2023-12-12T22:23:31.203+0000] {logging_mixin.py:154} INFO - [2023-12-12T22:23:31.203+0000] {dag.py:3722} INFO - Setting next_dagrun for example_nested_branch_dag to 2023-12-11T00:00:00+00:00, run_after=2023-12-12T00:00:00+00:00
[2023-12-12T22:23:31.319+0000] {processor.py:179} INFO - Processing /home/airflow/.local/lib/python3.8/site-packages/airflow/example_dags/example_nested_branch_dag.py took 0.478 seconds
[2023-12-12T22:24:02.091+0000] {processor.py:157} INFO - Started process (PID=190) to work on /home/airflow/.local/lib/python3.8/site-packages/airflow/example_dags/example_nested_branch_dag.py
[2023-12-12T22:24:02.093+0000] {processor.py:829} INFO - Processing file /home/airflow/.local/lib/python3.8/site-packages/airflow/example_dags/example_nested_branch_dag.py for tasks to queue
[2023-12-12T22:24:02.097+0000] {logging_mixin.py:154} INFO - [2023-12-12T22:24:02.097+0000] {dagbag.py:536} INFO - Filling up the DagBag from /home/airflow/.local/lib/python3.8/site-packages/airflow/example_dags/example_nested_branch_dag.py
[2023-12-12T22:24:02.110+0000] {processor.py:839} INFO - DAG(s) dict_keys(['example_nested_branch_dag']) retrieved from /home/airflow/.local/lib/python3.8/site-packages/airflow/example_dags/example_nested_branch_dag.py
[2023-12-12T22:24:02.136+0000] {logging_mixin.py:154} INFO - [2023-12-12T22:24:02.136+0000] {dag.py:2941} INFO - Sync 1 DAGs
[2023-12-12T22:24:02.165+0000] {logging_mixin.py:154} INFO - [2023-12-12T22:24:02.165+0000] {dag.py:3722} INFO - Setting next_dagrun for example_nested_branch_dag to 2023-12-11T00:00:00+00:00, run_after=2023-12-12T00:00:00+00:00
[2023-12-12T22:24:02.188+0000] {processor.py:179} INFO - Processing /home/airflow/.local/lib/python3.8/site-packages/airflow/example_dags/example_nested_branch_dag.py took 0.101 seconds
[2023-12-12T22:24:32.555+0000] {processor.py:157} INFO - Started process (PID=244) to work on /home/airflow/.local/lib/python3.8/site-packages/airflow/example_dags/example_nested_branch_dag.py
[2023-12-12T22:24:32.557+0000] {processor.py:829} INFO - Processing file /home/airflow/.local/lib/python3.8/site-packages/airflow/example_dags/example_nested_branch_dag.py for tasks to queue
[2023-12-12T22:24:32.562+0000] {logging_mixin.py:154} INFO - [2023-12-12T22:24:32.562+0000] {dagbag.py:536} INFO - Filling up the DagBag from /home/airflow/.local/lib/python3.8/site-packages/airflow/example_dags/example_nested_branch_dag.py
[2023-12-12T22:24:32.579+0000] {processor.py:839} INFO - DAG(s) dict_keys(['example_nested_branch_dag']) retrieved from /home/airflow/.local/lib/python3.8/site-packages/airflow/example_dags/example_nested_branch_dag.py
[2023-12-12T22:24:32.605+0000] {logging_mixin.py:154} INFO - [2023-12-12T22:24:32.605+0000] {dag.py:2941} INFO - Sync 1 DAGs
[2023-12-12T22:24:32.633+0000] {logging_mixin.py:154} INFO - [2023-12-12T22:24:32.633+0000] {dag.py:3722} INFO - Setting next_dagrun for example_nested_branch_dag to 2023-12-11T00:00:00+00:00, run_after=2023-12-12T00:00:00+00:00
[2023-12-12T22:24:32.660+0000] {processor.py:179} INFO - Processing /home/airflow/.local/lib/python3.8/site-packages/airflow/example_dags/example_nested_branch_dag.py took 0.113 seconds
[2023-12-12T22:25:03.192+0000] {processor.py:157} INFO - Started process (PID=298) to work on /home/airflow/.local/lib/python3.8/site-packages/airflow/example_dags/example_nested_branch_dag.py
[2023-12-12T22:25:03.194+0000] {processor.py:829} INFO - Processing file /home/airflow/.local/lib/python3.8/site-packages/airflow/example_dags/example_nested_branch_dag.py for tasks to queue
[2023-12-12T22:25:03.199+0000] {logging_mixin.py:154} INFO - [2023-12-12T22:25:03.198+0000] {dagbag.py:536} INFO - Filling up the DagBag from /home/airflow/.local/lib/python3.8/site-packages/airflow/example_dags/example_nested_branch_dag.py
[2023-12-12T22:25:03.214+0000] {processor.py:839} INFO - DAG(s) dict_keys(['example_nested_branch_dag']) retrieved from /home/airflow/.local/lib/python3.8/site-packages/airflow/example_dags/example_nested_branch_dag.py
[2023-12-12T22:25:03.240+0000] {logging_mixin.py:154} INFO - [2023-12-12T22:25:03.240+0000] {dag.py:2941} INFO - Sync 1 DAGs
[2023-12-12T22:25:03.273+0000] {logging_mixin.py:154} INFO - [2023-12-12T22:25:03.273+0000] {dag.py:3722} INFO - Setting next_dagrun for example_nested_branch_dag to 2023-12-11T00:00:00+00:00, run_after=2023-12-12T00:00:00+00:00
[2023-12-12T22:25:03.308+0000] {processor.py:179} INFO - Processing /home/airflow/.local/lib/python3.8/site-packages/airflow/example_dags/example_nested_branch_dag.py took 0.121 seconds
[2023-12-12T22:25:33.369+0000] {processor.py:157} INFO - Started process (PID=352) to work on /home/airflow/.local/lib/python3.8/site-packages/airflow/example_dags/example_nested_branch_dag.py
[2023-12-12T22:25:33.371+0000] {processor.py:829} INFO - Processing file /home/airflow/.local/lib/python3.8/site-packages/airflow/example_dags/example_nested_branch_dag.py for tasks to queue
[2023-12-12T22:25:33.375+0000] {logging_mixin.py:154} INFO - [2023-12-12T22:25:33.374+0000] {dagbag.py:536} INFO - Filling up the DagBag from /home/airflow/.local/lib/python3.8/site-packages/airflow/example_dags/example_nested_branch_dag.py
[2023-12-12T22:25:33.390+0000] {processor.py:839} INFO - DAG(s) dict_keys(['example_nested_branch_dag']) retrieved from /home/airflow/.local/lib/python3.8/site-packages/airflow/example_dags/example_nested_branch_dag.py
[2023-12-12T22:25:33.419+0000] {logging_mixin.py:154} INFO - [2023-12-12T22:25:33.418+0000] {dag.py:2941} INFO - Sync 1 DAGs
[2023-12-12T22:25:33.452+0000] {logging_mixin.py:154} INFO - [2023-12-12T22:25:33.452+0000] {dag.py:3722} INFO - Setting next_dagrun for example_nested_branch_dag to 2023-12-11T00:00:00+00:00, run_after=2023-12-12T00:00:00+00:00
[2023-12-12T22:25:33.482+0000] {processor.py:179} INFO - Processing /home/airflow/.local/lib/python3.8/site-packages/airflow/example_dags/example_nested_branch_dag.py took 0.119 seconds
[2023-12-12T22:26:03.642+0000] {processor.py:157} INFO - Started process (PID=406) to work on /home/airflow/.local/lib/python3.8/site-packages/airflow/example_dags/example_nested_branch_dag.py
[2023-12-12T22:26:03.643+0000] {processor.py:829} INFO - Processing file /home/airflow/.local/lib/python3.8/site-packages/airflow/example_dags/example_nested_branch_dag.py for tasks to queue
[2023-12-12T22:26:03.646+0000] {logging_mixin.py:154} INFO - [2023-12-12T22:26:03.645+0000] {dagbag.py:536} INFO - Filling up the DagBag from /home/airflow/.local/lib/python3.8/site-packages/airflow/example_dags/example_nested_branch_dag.py
[2023-12-12T22:26:03.657+0000] {processor.py:839} INFO - DAG(s) dict_keys(['example_nested_branch_dag']) retrieved from /home/airflow/.local/lib/python3.8/site-packages/airflow/example_dags/example_nested_branch_dag.py
[2023-12-12T22:26:03.684+0000] {logging_mixin.py:154} INFO - [2023-12-12T22:26:03.684+0000] {dag.py:2941} INFO - Sync 1 DAGs
[2023-12-12T22:26:03.717+0000] {logging_mixin.py:154} INFO - [2023-12-12T22:26:03.717+0000] {dag.py:3722} INFO - Setting next_dagrun for example_nested_branch_dag to 2023-12-11T00:00:00+00:00, run_after=2023-12-12T00:00:00+00:00
[2023-12-12T22:26:03.739+0000] {processor.py:179} INFO - Processing /home/airflow/.local/lib/python3.8/site-packages/airflow/example_dags/example_nested_branch_dag.py took 0.100 seconds
[2023-12-12T22:26:34.214+0000] {processor.py:157} INFO - Started process (PID=460) to work on /home/airflow/.local/lib/python3.8/site-packages/airflow/example_dags/example_nested_branch_dag.py
[2023-12-12T22:26:34.215+0000] {processor.py:829} INFO - Processing file /home/airflow/.local/lib/python3.8/site-packages/airflow/example_dags/example_nested_branch_dag.py for tasks to queue
[2023-12-12T22:26:34.219+0000] {logging_mixin.py:154} INFO - [2023-12-12T22:26:34.218+0000] {dagbag.py:536} INFO - Filling up the DagBag from /home/airflow/.local/lib/python3.8/site-packages/airflow/example_dags/example_nested_branch_dag.py
[2023-12-12T22:26:34.231+0000] {processor.py:839} INFO - DAG(s) dict_keys(['example_nested_branch_dag']) retrieved from /home/airflow/.local/lib/python3.8/site-packages/airflow/example_dags/example_nested_branch_dag.py
[2023-12-12T22:26:34.257+0000] {logging_mixin.py:154} INFO - [2023-12-12T22:26:34.257+0000] {dag.py:2941} INFO - Sync 1 DAGs
[2023-12-12T22:26:34.286+0000] {logging_mixin.py:154} INFO - [2023-12-12T22:26:34.286+0000] {dag.py:3722} INFO - Setting next_dagrun for example_nested_branch_dag to 2023-12-11T00:00:00+00:00, run_after=2023-12-12T00:00:00+00:00
[2023-12-12T22:26:34.309+0000] {processor.py:179} INFO - Processing /home/airflow/.local/lib/python3.8/site-packages/airflow/example_dags/example_nested_branch_dag.py took 0.101 seconds
[2023-12-12T22:27:04.920+0000] {processor.py:157} INFO - Started process (PID=514) to work on /home/airflow/.local/lib/python3.8/site-packages/airflow/example_dags/example_nested_branch_dag.py
[2023-12-12T22:27:04.921+0000] {processor.py:829} INFO - Processing file /home/airflow/.local/lib/python3.8/site-packages/airflow/example_dags/example_nested_branch_dag.py for tasks to queue
[2023-12-12T22:27:04.924+0000] {logging_mixin.py:154} INFO - [2023-12-12T22:27:04.924+0000] {dagbag.py:536} INFO - Filling up the DagBag from /home/airflow/.local/lib/python3.8/site-packages/airflow/example_dags/example_nested_branch_dag.py
[2023-12-12T22:27:04.936+0000] {processor.py:839} INFO - DAG(s) dict_keys(['example_nested_branch_dag']) retrieved from /home/airflow/.local/lib/python3.8/site-packages/airflow/example_dags/example_nested_branch_dag.py
[2023-12-12T22:27:04.967+0000] {logging_mixin.py:154} INFO - [2023-12-12T22:27:04.967+0000] {dag.py:2941} INFO - Sync 1 DAGs
[2023-12-12T22:27:04.998+0000] {logging_mixin.py:154} INFO - [2023-12-12T22:27:04.998+0000] {dag.py:3722} INFO - Setting next_dagrun for example_nested_branch_dag to 2023-12-11T00:00:00+00:00, run_after=2023-12-12T00:00:00+00:00
[2023-12-12T22:27:05.023+0000] {processor.py:179} INFO - Processing /home/airflow/.local/lib/python3.8/site-packages/airflow/example_dags/example_nested_branch_dag.py took 0.108 seconds
[2023-12-12T22:27:35.563+0000] {processor.py:157} INFO - Started process (PID=568) to work on /home/airflow/.local/lib/python3.8/site-packages/airflow/example_dags/example_nested_branch_dag.py
[2023-12-12T22:27:35.565+0000] {processor.py:829} INFO - Processing file /home/airflow/.local/lib/python3.8/site-packages/airflow/example_dags/example_nested_branch_dag.py for tasks to queue
[2023-12-12T22:27:35.568+0000] {logging_mixin.py:154} INFO - [2023-12-12T22:27:35.567+0000] {dagbag.py:536} INFO - Filling up the DagBag from /home/airflow/.local/lib/python3.8/site-packages/airflow/example_dags/example_nested_branch_dag.py
[2023-12-12T22:27:35.580+0000] {processor.py:839} INFO - DAG(s) dict_keys(['example_nested_branch_dag']) retrieved from /home/airflow/.local/lib/python3.8/site-packages/airflow/example_dags/example_nested_branch_dag.py
[2023-12-12T22:27:35.608+0000] {logging_mixin.py:154} INFO - [2023-12-12T22:27:35.608+0000] {dag.py:2941} INFO - Sync 1 DAGs
[2023-12-12T22:27:35.636+0000] {logging_mixin.py:154} INFO - [2023-12-12T22:27:35.635+0000] {dag.py:3722} INFO - Setting next_dagrun for example_nested_branch_dag to 2023-12-11T00:00:00+00:00, run_after=2023-12-12T00:00:00+00:00
[2023-12-12T22:27:35.660+0000] {processor.py:179} INFO - Processing /home/airflow/.local/lib/python3.8/site-packages/airflow/example_dags/example_nested_branch_dag.py took 0.101 seconds
[2023-12-12T22:28:05.731+0000] {processor.py:157} INFO - Started process (PID=622) to work on /home/airflow/.local/lib/python3.8/site-packages/airflow/example_dags/example_nested_branch_dag.py
[2023-12-12T22:28:05.733+0000] {processor.py:829} INFO - Processing file /home/airflow/.local/lib/python3.8/site-packages/airflow/example_dags/example_nested_branch_dag.py for tasks to queue
[2023-12-12T22:28:05.736+0000] {logging_mixin.py:154} INFO - [2023-12-12T22:28:05.735+0000] {dagbag.py:536} INFO - Filling up the DagBag from /home/airflow/.local/lib/python3.8/site-packages/airflow/example_dags/example_nested_branch_dag.py
[2023-12-12T22:28:05.749+0000] {processor.py:839} INFO - DAG(s) dict_keys(['example_nested_branch_dag']) retrieved from /home/airflow/.local/lib/python3.8/site-packages/airflow/example_dags/example_nested_branch_dag.py
[2023-12-12T22:28:05.774+0000] {logging_mixin.py:154} INFO - [2023-12-12T22:28:05.774+0000] {dag.py:2941} INFO - Sync 1 DAGs
[2023-12-12T22:28:05.802+0000] {logging_mixin.py:154} INFO - [2023-12-12T22:28:05.801+0000] {dag.py:3722} INFO - Setting next_dagrun for example_nested_branch_dag to 2023-12-11T00:00:00+00:00, run_after=2023-12-12T00:00:00+00:00
[2023-12-12T22:28:05.826+0000] {processor.py:179} INFO - Processing /home/airflow/.local/lib/python3.8/site-packages/airflow/example_dags/example_nested_branch_dag.py took 0.100 seconds
[2023-12-12T22:28:36.033+0000] {processor.py:157} INFO - Started process (PID=676) to work on /home/airflow/.local/lib/python3.8/site-packages/airflow/example_dags/example_nested_branch_dag.py
[2023-12-12T22:28:36.036+0000] {processor.py:829} INFO - Processing file /home/airflow/.local/lib/python3.8/site-packages/airflow/example_dags/example_nested_branch_dag.py for tasks to queue
[2023-12-12T22:28:36.042+0000] {logging_mixin.py:154} INFO - [2023-12-12T22:28:36.041+0000] {dagbag.py:536} INFO - Filling up the DagBag from /home/airflow/.local/lib/python3.8/site-packages/airflow/example_dags/example_nested_branch_dag.py
[2023-12-12T22:28:36.109+0000] {processor.py:839} INFO - DAG(s) dict_keys(['example_nested_branch_dag']) retrieved from /home/airflow/.local/lib/python3.8/site-packages/airflow/example_dags/example_nested_branch_dag.py
[2023-12-12T22:28:36.211+0000] {logging_mixin.py:154} INFO - [2023-12-12T22:28:36.210+0000] {dag.py:2941} INFO - Sync 1 DAGs
[2023-12-12T22:28:36.262+0000] {logging_mixin.py:154} INFO - [2023-12-12T22:28:36.262+0000] {dag.py:3722} INFO - Setting next_dagrun for example_nested_branch_dag to 2023-12-11T00:00:00+00:00, run_after=2023-12-12T00:00:00+00:00
[2023-12-12T22:28:36.292+0000] {processor.py:179} INFO - Processing /home/airflow/.local/lib/python3.8/site-packages/airflow/example_dags/example_nested_branch_dag.py took 0.271 seconds
