[2023-12-12T22:22:58.163+0000] {processor.py:157} INFO - Started process (PID=69) to work on /home/airflow/.local/lib/python3.8/site-packages/airflow/example_dags/example_setup_teardown_taskflow.py
[2023-12-12T22:22:58.165+0000] {processor.py:829} INFO - Processing file /home/airflow/.local/lib/python3.8/site-packages/airflow/example_dags/example_setup_teardown_taskflow.py for tasks to queue
[2023-12-12T22:22:58.170+0000] {logging_mixin.py:154} INFO - [2023-12-12T22:22:58.170+0000] {dagbag.py:536} INFO - Filling up the DagBag from /home/airflow/.local/lib/python3.8/site-packages/airflow/example_dags/example_setup_teardown_taskflow.py
[2023-12-12T22:22:58.207+0000] {processor.py:839} INFO - DAG(s) dict_keys(['example_setup_teardown_taskflow']) retrieved from /home/airflow/.local/lib/python3.8/site-packages/airflow/example_dags/example_setup_teardown_taskflow.py
[2023-12-12T22:22:58.486+0000] {logging_mixin.py:154} INFO - [2023-12-12T22:22:58.486+0000] {manager.py:499} INFO - Created Permission View: %s
[2023-12-12T22:22:58.513+0000] {logging_mixin.py:154} INFO - [2023-12-12T22:22:58.512+0000] {manager.py:499} INFO - Created Permission View: %s
[2023-12-12T22:22:58.529+0000] {logging_mixin.py:154} INFO - [2023-12-12T22:22:58.529+0000] {manager.py:499} INFO - Created Permission View: %s
[2023-12-12T22:22:58.530+0000] {logging_mixin.py:154} INFO - [2023-12-12T22:22:58.530+0000] {dag.py:2941} INFO - Sync 1 DAGs
[2023-12-12T22:22:58.559+0000] {logging_mixin.py:154} INFO - [2023-12-12T22:22:58.558+0000] {dag.py:2963} INFO - Creating ORM DAG for example_setup_teardown_taskflow
[2023-12-12T22:22:58.584+0000] {logging_mixin.py:154} INFO - [2023-12-12T22:22:58.583+0000] {dag.py:3722} INFO - Setting next_dagrun for example_setup_teardown_taskflow to 2023-12-11T22:22:58.582795+00:00, run_after=2023-12-12T22:22:58.582795+00:00
[2023-12-12T22:22:58.626+0000] {processor.py:179} INFO - Processing /home/airflow/.local/lib/python3.8/site-packages/airflow/example_dags/example_setup_teardown_taskflow.py took 0.472 seconds
[2023-12-12T22:23:29.451+0000] {processor.py:157} INFO - Started process (PID=123) to work on /home/airflow/.local/lib/python3.8/site-packages/airflow/example_dags/example_setup_teardown_taskflow.py
[2023-12-12T22:23:29.454+0000] {processor.py:829} INFO - Processing file /home/airflow/.local/lib/python3.8/site-packages/airflow/example_dags/example_setup_teardown_taskflow.py for tasks to queue
[2023-12-12T22:23:29.458+0000] {logging_mixin.py:154} INFO - [2023-12-12T22:23:29.457+0000] {dagbag.py:536} INFO - Filling up the DagBag from /home/airflow/.local/lib/python3.8/site-packages/airflow/example_dags/example_setup_teardown_taskflow.py
[2023-12-12T22:23:29.479+0000] {processor.py:839} INFO - DAG(s) dict_keys(['example_setup_teardown_taskflow']) retrieved from /home/airflow/.local/lib/python3.8/site-packages/airflow/example_dags/example_setup_teardown_taskflow.py
[2023-12-12T22:23:29.525+0000] {logging_mixin.py:154} INFO - [2023-12-12T22:23:29.524+0000] {dag.py:2941} INFO - Sync 1 DAGs
[2023-12-12T22:23:29.580+0000] {logging_mixin.py:154} INFO - [2023-12-12T22:23:29.580+0000] {dag.py:3722} INFO - Setting next_dagrun for example_setup_teardown_taskflow to 2023-12-11T22:23:29.579681+00:00, run_after=2023-12-12T22:23:29.579681+00:00
[2023-12-12T22:23:29.627+0000] {processor.py:179} INFO - Processing /home/airflow/.local/lib/python3.8/site-packages/airflow/example_dags/example_setup_teardown_taskflow.py took 0.185 seconds
[2023-12-12T22:23:59.822+0000] {processor.py:157} INFO - Started process (PID=184) to work on /home/airflow/.local/lib/python3.8/site-packages/airflow/example_dags/example_setup_teardown_taskflow.py
[2023-12-12T22:23:59.823+0000] {processor.py:829} INFO - Processing file /home/airflow/.local/lib/python3.8/site-packages/airflow/example_dags/example_setup_teardown_taskflow.py for tasks to queue
[2023-12-12T22:23:59.826+0000] {logging_mixin.py:154} INFO - [2023-12-12T22:23:59.826+0000] {dagbag.py:536} INFO - Filling up the DagBag from /home/airflow/.local/lib/python3.8/site-packages/airflow/example_dags/example_setup_teardown_taskflow.py
[2023-12-12T22:23:59.839+0000] {processor.py:839} INFO - DAG(s) dict_keys(['example_setup_teardown_taskflow']) retrieved from /home/airflow/.local/lib/python3.8/site-packages/airflow/example_dags/example_setup_teardown_taskflow.py
[2023-12-12T22:23:59.864+0000] {logging_mixin.py:154} INFO - [2023-12-12T22:23:59.864+0000] {dag.py:2941} INFO - Sync 1 DAGs
[2023-12-12T22:23:59.890+0000] {logging_mixin.py:154} INFO - [2023-12-12T22:23:59.889+0000] {dag.py:3722} INFO - Setting next_dagrun for example_setup_teardown_taskflow to 2023-12-11T22:23:59.889495+00:00, run_after=2023-12-12T22:23:59.889495+00:00
[2023-12-12T22:23:59.917+0000] {processor.py:179} INFO - Processing /home/airflow/.local/lib/python3.8/site-packages/airflow/example_dags/example_setup_teardown_taskflow.py took 0.101 seconds
[2023-12-12T22:24:30.129+0000] {processor.py:157} INFO - Started process (PID=238) to work on /home/airflow/.local/lib/python3.8/site-packages/airflow/example_dags/example_setup_teardown_taskflow.py
[2023-12-12T22:24:30.131+0000] {processor.py:829} INFO - Processing file /home/airflow/.local/lib/python3.8/site-packages/airflow/example_dags/example_setup_teardown_taskflow.py for tasks to queue
[2023-12-12T22:24:30.136+0000] {logging_mixin.py:154} INFO - [2023-12-12T22:24:30.135+0000] {dagbag.py:536} INFO - Filling up the DagBag from /home/airflow/.local/lib/python3.8/site-packages/airflow/example_dags/example_setup_teardown_taskflow.py
[2023-12-12T22:24:30.155+0000] {processor.py:839} INFO - DAG(s) dict_keys(['example_setup_teardown_taskflow']) retrieved from /home/airflow/.local/lib/python3.8/site-packages/airflow/example_dags/example_setup_teardown_taskflow.py
[2023-12-12T22:24:30.189+0000] {logging_mixin.py:154} INFO - [2023-12-12T22:24:30.189+0000] {dag.py:2941} INFO - Sync 1 DAGs
[2023-12-12T22:24:30.233+0000] {logging_mixin.py:154} INFO - [2023-12-12T22:24:30.233+0000] {dag.py:3722} INFO - Setting next_dagrun for example_setup_teardown_taskflow to 2023-12-11T22:24:30.232998+00:00, run_after=2023-12-12T22:24:30.232998+00:00
[2023-12-12T22:24:30.265+0000] {processor.py:179} INFO - Processing /home/airflow/.local/lib/python3.8/site-packages/airflow/example_dags/example_setup_teardown_taskflow.py took 0.142 seconds
[2023-12-12T22:25:00.794+0000] {processor.py:157} INFO - Started process (PID=292) to work on /home/airflow/.local/lib/python3.8/site-packages/airflow/example_dags/example_setup_teardown_taskflow.py
[2023-12-12T22:25:00.795+0000] {processor.py:829} INFO - Processing file /home/airflow/.local/lib/python3.8/site-packages/airflow/example_dags/example_setup_teardown_taskflow.py for tasks to queue
[2023-12-12T22:25:00.799+0000] {logging_mixin.py:154} INFO - [2023-12-12T22:25:00.798+0000] {dagbag.py:536} INFO - Filling up the DagBag from /home/airflow/.local/lib/python3.8/site-packages/airflow/example_dags/example_setup_teardown_taskflow.py
[2023-12-12T22:25:00.812+0000] {processor.py:839} INFO - DAG(s) dict_keys(['example_setup_teardown_taskflow']) retrieved from /home/airflow/.local/lib/python3.8/site-packages/airflow/example_dags/example_setup_teardown_taskflow.py
[2023-12-12T22:25:00.838+0000] {logging_mixin.py:154} INFO - [2023-12-12T22:25:00.838+0000] {dag.py:2941} INFO - Sync 1 DAGs
[2023-12-12T22:25:00.863+0000] {logging_mixin.py:154} INFO - [2023-12-12T22:25:00.863+0000] {dag.py:3722} INFO - Setting next_dagrun for example_setup_teardown_taskflow to 2023-12-11T22:25:00.863114+00:00, run_after=2023-12-12T22:25:00.863114+00:00
[2023-12-12T22:25:00.888+0000] {processor.py:179} INFO - Processing /home/airflow/.local/lib/python3.8/site-packages/airflow/example_dags/example_setup_teardown_taskflow.py took 0.098 seconds
[2023-12-12T22:25:30.968+0000] {processor.py:157} INFO - Started process (PID=346) to work on /home/airflow/.local/lib/python3.8/site-packages/airflow/example_dags/example_setup_teardown_taskflow.py
[2023-12-12T22:25:30.969+0000] {processor.py:829} INFO - Processing file /home/airflow/.local/lib/python3.8/site-packages/airflow/example_dags/example_setup_teardown_taskflow.py for tasks to queue
[2023-12-12T22:25:30.973+0000] {logging_mixin.py:154} INFO - [2023-12-12T22:25:30.972+0000] {dagbag.py:536} INFO - Filling up the DagBag from /home/airflow/.local/lib/python3.8/site-packages/airflow/example_dags/example_setup_teardown_taskflow.py
[2023-12-12T22:25:30.986+0000] {processor.py:839} INFO - DAG(s) dict_keys(['example_setup_teardown_taskflow']) retrieved from /home/airflow/.local/lib/python3.8/site-packages/airflow/example_dags/example_setup_teardown_taskflow.py
[2023-12-12T22:25:31.013+0000] {logging_mixin.py:154} INFO - [2023-12-12T22:25:31.012+0000] {dag.py:2941} INFO - Sync 1 DAGs
[2023-12-12T22:25:31.038+0000] {logging_mixin.py:154} INFO - [2023-12-12T22:25:31.038+0000] {dag.py:3722} INFO - Setting next_dagrun for example_setup_teardown_taskflow to 2023-12-11T22:25:31.038292+00:00, run_after=2023-12-12T22:25:31.038292+00:00
[2023-12-12T22:25:31.065+0000] {processor.py:179} INFO - Processing /home/airflow/.local/lib/python3.8/site-packages/airflow/example_dags/example_setup_teardown_taskflow.py took 0.102 seconds
[2023-12-12T22:26:01.213+0000] {processor.py:157} INFO - Started process (PID=400) to work on /home/airflow/.local/lib/python3.8/site-packages/airflow/example_dags/example_setup_teardown_taskflow.py
[2023-12-12T22:26:01.214+0000] {processor.py:829} INFO - Processing file /home/airflow/.local/lib/python3.8/site-packages/airflow/example_dags/example_setup_teardown_taskflow.py for tasks to queue
[2023-12-12T22:26:01.218+0000] {logging_mixin.py:154} INFO - [2023-12-12T22:26:01.218+0000] {dagbag.py:536} INFO - Filling up the DagBag from /home/airflow/.local/lib/python3.8/site-packages/airflow/example_dags/example_setup_teardown_taskflow.py
[2023-12-12T22:26:01.233+0000] {processor.py:839} INFO - DAG(s) dict_keys(['example_setup_teardown_taskflow']) retrieved from /home/airflow/.local/lib/python3.8/site-packages/airflow/example_dags/example_setup_teardown_taskflow.py
[2023-12-12T22:26:01.262+0000] {logging_mixin.py:154} INFO - [2023-12-12T22:26:01.261+0000] {dag.py:2941} INFO - Sync 1 DAGs
[2023-12-12T22:26:01.289+0000] {logging_mixin.py:154} INFO - [2023-12-12T22:26:01.288+0000] {dag.py:3722} INFO - Setting next_dagrun for example_setup_teardown_taskflow to 2023-12-11T22:26:01.288512+00:00, run_after=2023-12-12T22:26:01.288512+00:00
[2023-12-12T22:26:01.316+0000] {processor.py:179} INFO - Processing /home/airflow/.local/lib/python3.8/site-packages/airflow/example_dags/example_setup_teardown_taskflow.py took 0.108 seconds
[2023-12-12T22:26:31.793+0000] {processor.py:157} INFO - Started process (PID=454) to work on /home/airflow/.local/lib/python3.8/site-packages/airflow/example_dags/example_setup_teardown_taskflow.py
[2023-12-12T22:26:31.795+0000] {processor.py:829} INFO - Processing file /home/airflow/.local/lib/python3.8/site-packages/airflow/example_dags/example_setup_teardown_taskflow.py for tasks to queue
[2023-12-12T22:26:31.799+0000] {logging_mixin.py:154} INFO - [2023-12-12T22:26:31.799+0000] {dagbag.py:536} INFO - Filling up the DagBag from /home/airflow/.local/lib/python3.8/site-packages/airflow/example_dags/example_setup_teardown_taskflow.py
[2023-12-12T22:26:31.813+0000] {processor.py:839} INFO - DAG(s) dict_keys(['example_setup_teardown_taskflow']) retrieved from /home/airflow/.local/lib/python3.8/site-packages/airflow/example_dags/example_setup_teardown_taskflow.py
[2023-12-12T22:26:31.842+0000] {logging_mixin.py:154} INFO - [2023-12-12T22:26:31.842+0000] {dag.py:2941} INFO - Sync 1 DAGs
[2023-12-12T22:26:31.871+0000] {logging_mixin.py:154} INFO - [2023-12-12T22:26:31.871+0000] {dag.py:3722} INFO - Setting next_dagrun for example_setup_teardown_taskflow to 2023-12-11T22:26:31.871037+00:00, run_after=2023-12-12T22:26:31.871037+00:00
[2023-12-12T22:26:31.901+0000] {processor.py:179} INFO - Processing /home/airflow/.local/lib/python3.8/site-packages/airflow/example_dags/example_setup_teardown_taskflow.py took 0.115 seconds
[2023-12-12T22:27:02.419+0000] {processor.py:157} INFO - Started process (PID=508) to work on /home/airflow/.local/lib/python3.8/site-packages/airflow/example_dags/example_setup_teardown_taskflow.py
[2023-12-12T22:27:02.421+0000] {processor.py:829} INFO - Processing file /home/airflow/.local/lib/python3.8/site-packages/airflow/example_dags/example_setup_teardown_taskflow.py for tasks to queue
[2023-12-12T22:27:02.424+0000] {logging_mixin.py:154} INFO - [2023-12-12T22:27:02.424+0000] {dagbag.py:536} INFO - Filling up the DagBag from /home/airflow/.local/lib/python3.8/site-packages/airflow/example_dags/example_setup_teardown_taskflow.py
[2023-12-12T22:27:02.439+0000] {processor.py:839} INFO - DAG(s) dict_keys(['example_setup_teardown_taskflow']) retrieved from /home/airflow/.local/lib/python3.8/site-packages/airflow/example_dags/example_setup_teardown_taskflow.py
[2023-12-12T22:27:02.469+0000] {logging_mixin.py:154} INFO - [2023-12-12T22:27:02.469+0000] {dag.py:2941} INFO - Sync 1 DAGs
[2023-12-12T22:27:02.496+0000] {logging_mixin.py:154} INFO - [2023-12-12T22:27:02.496+0000] {dag.py:3722} INFO - Setting next_dagrun for example_setup_teardown_taskflow to 2023-12-11T22:27:02.495721+00:00, run_after=2023-12-12T22:27:02.495721+00:00
[2023-12-12T22:27:02.526+0000] {processor.py:179} INFO - Processing /home/airflow/.local/lib/python3.8/site-packages/airflow/example_dags/example_setup_teardown_taskflow.py took 0.112 seconds
[2023-12-12T22:27:32.987+0000] {processor.py:157} INFO - Started process (PID=562) to work on /home/airflow/.local/lib/python3.8/site-packages/airflow/example_dags/example_setup_teardown_taskflow.py
[2023-12-12T22:27:32.988+0000] {processor.py:829} INFO - Processing file /home/airflow/.local/lib/python3.8/site-packages/airflow/example_dags/example_setup_teardown_taskflow.py for tasks to queue
[2023-12-12T22:27:32.993+0000] {logging_mixin.py:154} INFO - [2023-12-12T22:27:32.992+0000] {dagbag.py:536} INFO - Filling up the DagBag from /home/airflow/.local/lib/python3.8/site-packages/airflow/example_dags/example_setup_teardown_taskflow.py
[2023-12-12T22:27:33.010+0000] {processor.py:839} INFO - DAG(s) dict_keys(['example_setup_teardown_taskflow']) retrieved from /home/airflow/.local/lib/python3.8/site-packages/airflow/example_dags/example_setup_teardown_taskflow.py
[2023-12-12T22:27:33.042+0000] {logging_mixin.py:154} INFO - [2023-12-12T22:27:33.042+0000] {dag.py:2941} INFO - Sync 1 DAGs
[2023-12-12T22:27:33.073+0000] {logging_mixin.py:154} INFO - [2023-12-12T22:27:33.073+0000] {dag.py:3722} INFO - Setting next_dagrun for example_setup_teardown_taskflow to 2023-12-11T22:27:33.073325+00:00, run_after=2023-12-12T22:27:33.073325+00:00
[2023-12-12T22:27:33.106+0000] {processor.py:179} INFO - Processing /home/airflow/.local/lib/python3.8/site-packages/airflow/example_dags/example_setup_teardown_taskflow.py took 0.126 seconds
[2023-12-12T22:28:03.221+0000] {processor.py:157} INFO - Started process (PID=616) to work on /home/airflow/.local/lib/python3.8/site-packages/airflow/example_dags/example_setup_teardown_taskflow.py
[2023-12-12T22:28:03.222+0000] {processor.py:829} INFO - Processing file /home/airflow/.local/lib/python3.8/site-packages/airflow/example_dags/example_setup_teardown_taskflow.py for tasks to queue
[2023-12-12T22:28:03.226+0000] {logging_mixin.py:154} INFO - [2023-12-12T22:28:03.226+0000] {dagbag.py:536} INFO - Filling up the DagBag from /home/airflow/.local/lib/python3.8/site-packages/airflow/example_dags/example_setup_teardown_taskflow.py
[2023-12-12T22:28:03.244+0000] {processor.py:839} INFO - DAG(s) dict_keys(['example_setup_teardown_taskflow']) retrieved from /home/airflow/.local/lib/python3.8/site-packages/airflow/example_dags/example_setup_teardown_taskflow.py
[2023-12-12T22:28:03.280+0000] {logging_mixin.py:154} INFO - [2023-12-12T22:28:03.280+0000] {dag.py:2941} INFO - Sync 1 DAGs
[2023-12-12T22:28:03.317+0000] {logging_mixin.py:154} INFO - [2023-12-12T22:28:03.317+0000] {dag.py:3722} INFO - Setting next_dagrun for example_setup_teardown_taskflow to 2023-12-11T22:28:03.317114+00:00, run_after=2023-12-12T22:28:03.317114+00:00
[2023-12-12T22:28:03.351+0000] {processor.py:179} INFO - Processing /home/airflow/.local/lib/python3.8/site-packages/airflow/example_dags/example_setup_teardown_taskflow.py took 0.136 seconds
[2023-12-12T22:28:33.448+0000] {processor.py:157} INFO - Started process (PID=670) to work on /home/airflow/.local/lib/python3.8/site-packages/airflow/example_dags/example_setup_teardown_taskflow.py
[2023-12-12T22:28:33.449+0000] {processor.py:829} INFO - Processing file /home/airflow/.local/lib/python3.8/site-packages/airflow/example_dags/example_setup_teardown_taskflow.py for tasks to queue
[2023-12-12T22:28:33.453+0000] {logging_mixin.py:154} INFO - [2023-12-12T22:28:33.453+0000] {dagbag.py:536} INFO - Filling up the DagBag from /home/airflow/.local/lib/python3.8/site-packages/airflow/example_dags/example_setup_teardown_taskflow.py
[2023-12-12T22:28:33.469+0000] {processor.py:839} INFO - DAG(s) dict_keys(['example_setup_teardown_taskflow']) retrieved from /home/airflow/.local/lib/python3.8/site-packages/airflow/example_dags/example_setup_teardown_taskflow.py
[2023-12-12T22:28:33.506+0000] {logging_mixin.py:154} INFO - [2023-12-12T22:28:33.506+0000] {dag.py:2941} INFO - Sync 1 DAGs
[2023-12-12T22:28:33.539+0000] {logging_mixin.py:154} INFO - [2023-12-12T22:28:33.539+0000] {dag.py:3722} INFO - Setting next_dagrun for example_setup_teardown_taskflow to 2023-12-11T22:28:33.539232+00:00, run_after=2023-12-12T22:28:33.539232+00:00
[2023-12-12T22:28:33.571+0000] {processor.py:179} INFO - Processing /home/airflow/.local/lib/python3.8/site-packages/airflow/example_dags/example_setup_teardown_taskflow.py took 0.129 seconds
