[2023-12-12T22:22:44.265+0000] {processor.py:157} INFO - Started process (PID=41) to work on /home/airflow/.local/lib/python3.8/site-packages/airflow/example_dags/example_latest_only.py
[2023-12-12T22:22:44.274+0000] {processor.py:829} INFO - Processing file /home/airflow/.local/lib/python3.8/site-packages/airflow/example_dags/example_latest_only.py for tasks to queue
[2023-12-12T22:22:44.280+0000] {logging_mixin.py:154} INFO - [2023-12-12T22:22:44.279+0000] {dagbag.py:536} INFO - Filling up the DagBag from /home/airflow/.local/lib/python3.8/site-packages/airflow/example_dags/example_latest_only.py
[2023-12-12T22:22:44.358+0000] {processor.py:839} INFO - DAG(s) dict_keys(['latest_only']) retrieved from /home/airflow/.local/lib/python3.8/site-packages/airflow/example_dags/example_latest_only.py
[2023-12-12T22:22:45.530+0000] {logging_mixin.py:154} INFO - [2023-12-12T22:22:45.530+0000] {manager.py:499} INFO - Created Permission View: %s
[2023-12-12T22:22:45.568+0000] {logging_mixin.py:154} INFO - [2023-12-12T22:22:45.567+0000] {manager.py:499} INFO - Created Permission View: %s
[2023-12-12T22:22:45.591+0000] {logging_mixin.py:154} INFO - [2023-12-12T22:22:45.590+0000] {manager.py:499} INFO - Created Permission View: %s
[2023-12-12T22:22:45.593+0000] {logging_mixin.py:154} INFO - [2023-12-12T22:22:45.592+0000] {dag.py:2941} INFO - Sync 1 DAGs
[2023-12-12T22:22:45.645+0000] {logging_mixin.py:154} INFO - [2023-12-12T22:22:45.644+0000] {dag.py:2963} INFO - Creating ORM DAG for latest_only
[2023-12-12T22:22:45.682+0000] {logging_mixin.py:154} INFO - [2023-12-12T22:22:45.682+0000] {dag.py:3722} INFO - Setting next_dagrun for latest_only to 2023-12-12T18:22:45.681157+00:00, run_after=2023-12-12T22:22:45.681157+00:00
[2023-12-12T22:22:45.803+0000] {processor.py:179} INFO - Processing /home/airflow/.local/lib/python3.8/site-packages/airflow/example_dags/example_latest_only.py took 1.546 seconds
[2023-12-12T22:23:16.514+0000] {processor.py:157} INFO - Started process (PID=95) to work on /home/airflow/.local/lib/python3.8/site-packages/airflow/example_dags/example_latest_only.py
[2023-12-12T22:23:16.518+0000] {processor.py:829} INFO - Processing file /home/airflow/.local/lib/python3.8/site-packages/airflow/example_dags/example_latest_only.py for tasks to queue
[2023-12-12T22:23:16.534+0000] {logging_mixin.py:154} INFO - [2023-12-12T22:23:16.533+0000] {dagbag.py:536} INFO - Filling up the DagBag from /home/airflow/.local/lib/python3.8/site-packages/airflow/example_dags/example_latest_only.py
[2023-12-12T22:23:16.559+0000] {processor.py:839} INFO - DAG(s) dict_keys(['latest_only']) retrieved from /home/airflow/.local/lib/python3.8/site-packages/airflow/example_dags/example_latest_only.py
[2023-12-12T22:23:16.788+0000] {logging_mixin.py:154} INFO - [2023-12-12T22:23:16.787+0000] {dag.py:2941} INFO - Sync 1 DAGs
[2023-12-12T22:23:16.993+0000] {logging_mixin.py:154} INFO - [2023-12-12T22:23:16.992+0000] {dag.py:3722} INFO - Setting next_dagrun for latest_only to 2023-12-12T18:23:16.992156+00:00, run_after=2023-12-12T22:23:16.992156+00:00
[2023-12-12T22:23:17.137+0000] {processor.py:179} INFO - Processing /home/airflow/.local/lib/python3.8/site-packages/airflow/example_dags/example_latest_only.py took 0.645 seconds
[2023-12-12T22:23:47.538+0000] {processor.py:157} INFO - Started process (PID=149) to work on /home/airflow/.local/lib/python3.8/site-packages/airflow/example_dags/example_latest_only.py
[2023-12-12T22:23:47.539+0000] {processor.py:829} INFO - Processing file /home/airflow/.local/lib/python3.8/site-packages/airflow/example_dags/example_latest_only.py for tasks to queue
[2023-12-12T22:23:47.542+0000] {logging_mixin.py:154} INFO - [2023-12-12T22:23:47.542+0000] {dagbag.py:536} INFO - Filling up the DagBag from /home/airflow/.local/lib/python3.8/site-packages/airflow/example_dags/example_latest_only.py
[2023-12-12T22:23:47.548+0000] {processor.py:839} INFO - DAG(s) dict_keys(['latest_only']) retrieved from /home/airflow/.local/lib/python3.8/site-packages/airflow/example_dags/example_latest_only.py
[2023-12-12T22:23:47.573+0000] {logging_mixin.py:154} INFO - [2023-12-12T22:23:47.573+0000] {dag.py:2941} INFO - Sync 1 DAGs
[2023-12-12T22:23:47.616+0000] {logging_mixin.py:154} INFO - [2023-12-12T22:23:47.616+0000] {dag.py:3722} INFO - Setting next_dagrun for latest_only to 2023-12-12T18:23:47.616077+00:00, run_after=2023-12-12T22:23:47.616077+00:00
[2023-12-12T22:23:47.646+0000] {processor.py:179} INFO - Processing /home/airflow/.local/lib/python3.8/site-packages/airflow/example_dags/example_latest_only.py took 0.112 seconds
[2023-12-12T22:24:17.985+0000] {processor.py:157} INFO - Started process (PID=203) to work on /home/airflow/.local/lib/python3.8/site-packages/airflow/example_dags/example_latest_only.py
[2023-12-12T22:24:17.986+0000] {processor.py:829} INFO - Processing file /home/airflow/.local/lib/python3.8/site-packages/airflow/example_dags/example_latest_only.py for tasks to queue
[2023-12-12T22:24:17.989+0000] {logging_mixin.py:154} INFO - [2023-12-12T22:24:17.989+0000] {dagbag.py:536} INFO - Filling up the DagBag from /home/airflow/.local/lib/python3.8/site-packages/airflow/example_dags/example_latest_only.py
[2023-12-12T22:24:17.996+0000] {processor.py:839} INFO - DAG(s) dict_keys(['latest_only']) retrieved from /home/airflow/.local/lib/python3.8/site-packages/airflow/example_dags/example_latest_only.py
[2023-12-12T22:24:18.023+0000] {logging_mixin.py:154} INFO - [2023-12-12T22:24:18.022+0000] {dag.py:2941} INFO - Sync 1 DAGs
[2023-12-12T22:24:18.052+0000] {logging_mixin.py:154} INFO - [2023-12-12T22:24:18.052+0000] {dag.py:3722} INFO - Setting next_dagrun for latest_only to 2023-12-12T18:24:18.051979+00:00, run_after=2023-12-12T22:24:18.051979+00:00
[2023-12-12T22:24:18.076+0000] {processor.py:179} INFO - Processing /home/airflow/.local/lib/python3.8/site-packages/airflow/example_dags/example_latest_only.py took 0.096 seconds
[2023-12-12T22:24:48.572+0000] {processor.py:157} INFO - Started process (PID=257) to work on /home/airflow/.local/lib/python3.8/site-packages/airflow/example_dags/example_latest_only.py
[2023-12-12T22:24:48.575+0000] {processor.py:829} INFO - Processing file /home/airflow/.local/lib/python3.8/site-packages/airflow/example_dags/example_latest_only.py for tasks to queue
[2023-12-12T22:24:48.581+0000] {logging_mixin.py:154} INFO - [2023-12-12T22:24:48.581+0000] {dagbag.py:536} INFO - Filling up the DagBag from /home/airflow/.local/lib/python3.8/site-packages/airflow/example_dags/example_latest_only.py
[2023-12-12T22:24:48.590+0000] {processor.py:839} INFO - DAG(s) dict_keys(['latest_only']) retrieved from /home/airflow/.local/lib/python3.8/site-packages/airflow/example_dags/example_latest_only.py
[2023-12-12T22:24:48.619+0000] {logging_mixin.py:154} INFO - [2023-12-12T22:24:48.619+0000] {dag.py:2941} INFO - Sync 1 DAGs
[2023-12-12T22:24:48.648+0000] {logging_mixin.py:154} INFO - [2023-12-12T22:24:48.648+0000] {dag.py:3722} INFO - Setting next_dagrun for latest_only to 2023-12-12T18:24:48.648038+00:00, run_after=2023-12-12T22:24:48.648038+00:00
[2023-12-12T22:24:48.673+0000] {processor.py:179} INFO - Processing /home/airflow/.local/lib/python3.8/site-packages/airflow/example_dags/example_latest_only.py took 0.109 seconds
[2023-12-12T22:25:18.862+0000] {processor.py:157} INFO - Started process (PID=311) to work on /home/airflow/.local/lib/python3.8/site-packages/airflow/example_dags/example_latest_only.py
[2023-12-12T22:25:18.864+0000] {processor.py:829} INFO - Processing file /home/airflow/.local/lib/python3.8/site-packages/airflow/example_dags/example_latest_only.py for tasks to queue
[2023-12-12T22:25:18.868+0000] {logging_mixin.py:154} INFO - [2023-12-12T22:25:18.868+0000] {dagbag.py:536} INFO - Filling up the DagBag from /home/airflow/.local/lib/python3.8/site-packages/airflow/example_dags/example_latest_only.py
[2023-12-12T22:25:18.876+0000] {processor.py:839} INFO - DAG(s) dict_keys(['latest_only']) retrieved from /home/airflow/.local/lib/python3.8/site-packages/airflow/example_dags/example_latest_only.py
[2023-12-12T22:25:18.906+0000] {logging_mixin.py:154} INFO - [2023-12-12T22:25:18.906+0000] {dag.py:2941} INFO - Sync 1 DAGs
[2023-12-12T22:25:18.932+0000] {logging_mixin.py:154} INFO - [2023-12-12T22:25:18.932+0000] {dag.py:3722} INFO - Setting next_dagrun for latest_only to 2023-12-12T18:25:18.932090+00:00, run_after=2023-12-12T22:25:18.932090+00:00
[2023-12-12T22:25:18.965+0000] {processor.py:179} INFO - Processing /home/airflow/.local/lib/python3.8/site-packages/airflow/example_dags/example_latest_only.py took 0.108 seconds
[2023-12-12T22:25:49.034+0000] {processor.py:157} INFO - Started process (PID=365) to work on /home/airflow/.local/lib/python3.8/site-packages/airflow/example_dags/example_latest_only.py
[2023-12-12T22:25:49.036+0000] {processor.py:829} INFO - Processing file /home/airflow/.local/lib/python3.8/site-packages/airflow/example_dags/example_latest_only.py for tasks to queue
[2023-12-12T22:25:49.039+0000] {logging_mixin.py:154} INFO - [2023-12-12T22:25:49.039+0000] {dagbag.py:536} INFO - Filling up the DagBag from /home/airflow/.local/lib/python3.8/site-packages/airflow/example_dags/example_latest_only.py
[2023-12-12T22:25:49.046+0000] {processor.py:839} INFO - DAG(s) dict_keys(['latest_only']) retrieved from /home/airflow/.local/lib/python3.8/site-packages/airflow/example_dags/example_latest_only.py
[2023-12-12T22:25:49.071+0000] {logging_mixin.py:154} INFO - [2023-12-12T22:25:49.071+0000] {dag.py:2941} INFO - Sync 1 DAGs
[2023-12-12T22:25:49.096+0000] {logging_mixin.py:154} INFO - [2023-12-12T22:25:49.096+0000] {dag.py:3722} INFO - Setting next_dagrun for latest_only to 2023-12-12T18:25:49.096293+00:00, run_after=2023-12-12T22:25:49.096293+00:00
[2023-12-12T22:25:49.130+0000] {processor.py:179} INFO - Processing /home/airflow/.local/lib/python3.8/site-packages/airflow/example_dags/example_latest_only.py took 0.101 seconds
[2023-12-12T22:26:19.635+0000] {processor.py:157} INFO - Started process (PID=419) to work on /home/airflow/.local/lib/python3.8/site-packages/airflow/example_dags/example_latest_only.py
[2023-12-12T22:26:19.637+0000] {processor.py:829} INFO - Processing file /home/airflow/.local/lib/python3.8/site-packages/airflow/example_dags/example_latest_only.py for tasks to queue
[2023-12-12T22:26:19.642+0000] {logging_mixin.py:154} INFO - [2023-12-12T22:26:19.641+0000] {dagbag.py:536} INFO - Filling up the DagBag from /home/airflow/.local/lib/python3.8/site-packages/airflow/example_dags/example_latest_only.py
[2023-12-12T22:26:19.649+0000] {processor.py:839} INFO - DAG(s) dict_keys(['latest_only']) retrieved from /home/airflow/.local/lib/python3.8/site-packages/airflow/example_dags/example_latest_only.py
[2023-12-12T22:26:19.679+0000] {logging_mixin.py:154} INFO - [2023-12-12T22:26:19.679+0000] {dag.py:2941} INFO - Sync 1 DAGs
[2023-12-12T22:26:19.716+0000] {logging_mixin.py:154} INFO - [2023-12-12T22:26:19.715+0000] {dag.py:3722} INFO - Setting next_dagrun for latest_only to 2023-12-12T18:26:19.715390+00:00, run_after=2023-12-12T22:26:19.715390+00:00
[2023-12-12T22:26:19.755+0000] {processor.py:179} INFO - Processing /home/airflow/.local/lib/python3.8/site-packages/airflow/example_dags/example_latest_only.py took 0.125 seconds
[2023-12-12T22:26:49.879+0000] {processor.py:157} INFO - Started process (PID=473) to work on /home/airflow/.local/lib/python3.8/site-packages/airflow/example_dags/example_latest_only.py
[2023-12-12T22:26:49.881+0000] {processor.py:829} INFO - Processing file /home/airflow/.local/lib/python3.8/site-packages/airflow/example_dags/example_latest_only.py for tasks to queue
[2023-12-12T22:26:49.884+0000] {logging_mixin.py:154} INFO - [2023-12-12T22:26:49.884+0000] {dagbag.py:536} INFO - Filling up the DagBag from /home/airflow/.local/lib/python3.8/site-packages/airflow/example_dags/example_latest_only.py
[2023-12-12T22:26:49.892+0000] {processor.py:839} INFO - DAG(s) dict_keys(['latest_only']) retrieved from /home/airflow/.local/lib/python3.8/site-packages/airflow/example_dags/example_latest_only.py
[2023-12-12T22:26:49.921+0000] {logging_mixin.py:154} INFO - [2023-12-12T22:26:49.921+0000] {dag.py:2941} INFO - Sync 1 DAGs
[2023-12-12T22:26:49.954+0000] {logging_mixin.py:154} INFO - [2023-12-12T22:26:49.953+0000] {dag.py:3722} INFO - Setting next_dagrun for latest_only to 2023-12-12T18:26:49.953645+00:00, run_after=2023-12-12T22:26:49.953645+00:00
[2023-12-12T22:26:49.980+0000] {processor.py:179} INFO - Processing /home/airflow/.local/lib/python3.8/site-packages/airflow/example_dags/example_latest_only.py took 0.106 seconds
[2023-12-12T22:27:20.305+0000] {processor.py:157} INFO - Started process (PID=527) to work on /home/airflow/.local/lib/python3.8/site-packages/airflow/example_dags/example_latest_only.py
[2023-12-12T22:27:20.307+0000] {processor.py:829} INFO - Processing file /home/airflow/.local/lib/python3.8/site-packages/airflow/example_dags/example_latest_only.py for tasks to queue
[2023-12-12T22:27:20.320+0000] {logging_mixin.py:154} INFO - [2023-12-12T22:27:20.319+0000] {dagbag.py:536} INFO - Filling up the DagBag from /home/airflow/.local/lib/python3.8/site-packages/airflow/example_dags/example_latest_only.py
[2023-12-12T22:27:20.336+0000] {processor.py:839} INFO - DAG(s) dict_keys(['latest_only']) retrieved from /home/airflow/.local/lib/python3.8/site-packages/airflow/example_dags/example_latest_only.py
[2023-12-12T22:27:20.384+0000] {logging_mixin.py:154} INFO - [2023-12-12T22:27:20.383+0000] {dag.py:2941} INFO - Sync 1 DAGs
[2023-12-12T22:27:20.442+0000] {logging_mixin.py:154} INFO - [2023-12-12T22:27:20.441+0000] {dag.py:3722} INFO - Setting next_dagrun for latest_only to 2023-12-12T18:27:20.440886+00:00, run_after=2023-12-12T22:27:20.440886+00:00
[2023-12-12T22:27:20.494+0000] {processor.py:179} INFO - Processing /home/airflow/.local/lib/python3.8/site-packages/airflow/example_dags/example_latest_only.py took 0.194 seconds
[2023-12-12T22:27:50.719+0000] {processor.py:157} INFO - Started process (PID=581) to work on /home/airflow/.local/lib/python3.8/site-packages/airflow/example_dags/example_latest_only.py
[2023-12-12T22:27:50.724+0000] {processor.py:829} INFO - Processing file /home/airflow/.local/lib/python3.8/site-packages/airflow/example_dags/example_latest_only.py for tasks to queue
[2023-12-12T22:27:50.736+0000] {logging_mixin.py:154} INFO - [2023-12-12T22:27:50.734+0000] {dagbag.py:536} INFO - Filling up the DagBag from /home/airflow/.local/lib/python3.8/site-packages/airflow/example_dags/example_latest_only.py
[2023-12-12T22:27:50.764+0000] {processor.py:839} INFO - DAG(s) dict_keys(['latest_only']) retrieved from /home/airflow/.local/lib/python3.8/site-packages/airflow/example_dags/example_latest_only.py
[2023-12-12T22:27:50.840+0000] {logging_mixin.py:154} INFO - [2023-12-12T22:27:50.839+0000] {dag.py:2941} INFO - Sync 1 DAGs
[2023-12-12T22:27:50.957+0000] {logging_mixin.py:154} INFO - [2023-12-12T22:27:50.956+0000] {dag.py:3722} INFO - Setting next_dagrun for latest_only to 2023-12-12T18:27:50.951674+00:00, run_after=2023-12-12T22:27:50.951674+00:00
[2023-12-12T22:27:51.034+0000] {processor.py:179} INFO - Processing /home/airflow/.local/lib/python3.8/site-packages/airflow/example_dags/example_latest_only.py took 0.325 seconds
[2023-12-12T22:28:21.698+0000] {processor.py:157} INFO - Started process (PID=635) to work on /home/airflow/.local/lib/python3.8/site-packages/airflow/example_dags/example_latest_only.py
[2023-12-12T22:28:21.705+0000] {processor.py:829} INFO - Processing file /home/airflow/.local/lib/python3.8/site-packages/airflow/example_dags/example_latest_only.py for tasks to queue
[2023-12-12T22:28:21.717+0000] {logging_mixin.py:154} INFO - [2023-12-12T22:28:21.716+0000] {dagbag.py:536} INFO - Filling up the DagBag from /home/airflow/.local/lib/python3.8/site-packages/airflow/example_dags/example_latest_only.py
[2023-12-12T22:28:21.731+0000] {processor.py:839} INFO - DAG(s) dict_keys(['latest_only']) retrieved from /home/airflow/.local/lib/python3.8/site-packages/airflow/example_dags/example_latest_only.py
[2023-12-12T22:28:21.771+0000] {logging_mixin.py:154} INFO - [2023-12-12T22:28:21.770+0000] {dag.py:2941} INFO - Sync 1 DAGs
[2023-12-12T22:28:21.819+0000] {logging_mixin.py:154} INFO - [2023-12-12T22:28:21.819+0000] {dag.py:3722} INFO - Setting next_dagrun for latest_only to 2023-12-12T18:28:21.818866+00:00, run_after=2023-12-12T22:28:21.818866+00:00
[2023-12-12T22:28:21.854+0000] {processor.py:179} INFO - Processing /home/airflow/.local/lib/python3.8/site-packages/airflow/example_dags/example_latest_only.py took 0.180 seconds
