[2023-12-12T22:22:46.654+0000] {processor.py:157} INFO - Started process (PID=44) to work on /home/airflow/.local/lib/python3.8/site-packages/airflow/example_dags/example_short_circuit_decorator.py
[2023-12-12T22:22:46.657+0000] {processor.py:829} INFO - Processing file /home/airflow/.local/lib/python3.8/site-packages/airflow/example_dags/example_short_circuit_decorator.py for tasks to queue
[2023-12-12T22:22:46.665+0000] {logging_mixin.py:154} INFO - [2023-12-12T22:22:46.665+0000] {dagbag.py:536} INFO - Filling up the DagBag from /home/airflow/.local/lib/python3.8/site-packages/airflow/example_dags/example_short_circuit_decorator.py
[2023-12-12T22:22:46.707+0000] {processor.py:839} INFO - DAG(s) dict_keys(['example_short_circuit_decorator']) retrieved from /home/airflow/.local/lib/python3.8/site-packages/airflow/example_dags/example_short_circuit_decorator.py
[2023-12-12T22:22:47.022+0000] {logging_mixin.py:154} INFO - [2023-12-12T22:22:47.021+0000] {manager.py:499} INFO - Created Permission View: %s
[2023-12-12T22:22:47.048+0000] {logging_mixin.py:154} INFO - [2023-12-12T22:22:47.048+0000] {manager.py:499} INFO - Created Permission View: %s
[2023-12-12T22:22:47.068+0000] {logging_mixin.py:154} INFO - [2023-12-12T22:22:47.068+0000] {manager.py:499} INFO - Created Permission View: %s
[2023-12-12T22:22:47.070+0000] {logging_mixin.py:154} INFO - [2023-12-12T22:22:47.069+0000] {dag.py:2941} INFO - Sync 1 DAGs
[2023-12-12T22:22:47.107+0000] {logging_mixin.py:154} INFO - [2023-12-12T22:22:47.106+0000] {dag.py:2963} INFO - Creating ORM DAG for example_short_circuit_decorator
[2023-12-12T22:22:47.132+0000] {logging_mixin.py:154} INFO - [2023-12-12T22:22:47.131+0000] {dag.py:3722} INFO - Setting next_dagrun for example_short_circuit_decorator to 2023-12-11T22:22:47.131148+00:00, run_after=2023-12-12T22:22:47.131148+00:00
[2023-12-12T22:22:47.177+0000] {processor.py:179} INFO - Processing /home/airflow/.local/lib/python3.8/site-packages/airflow/example_dags/example_short_circuit_decorator.py took 0.533 seconds
[2023-12-12T22:23:17.439+0000] {processor.py:157} INFO - Started process (PID=98) to work on /home/airflow/.local/lib/python3.8/site-packages/airflow/example_dags/example_short_circuit_decorator.py
[2023-12-12T22:23:17.442+0000] {processor.py:829} INFO - Processing file /home/airflow/.local/lib/python3.8/site-packages/airflow/example_dags/example_short_circuit_decorator.py for tasks to queue
[2023-12-12T22:23:17.464+0000] {logging_mixin.py:154} INFO - [2023-12-12T22:23:17.463+0000] {dagbag.py:536} INFO - Filling up the DagBag from /home/airflow/.local/lib/python3.8/site-packages/airflow/example_dags/example_short_circuit_decorator.py
[2023-12-12T22:23:17.525+0000] {processor.py:839} INFO - DAG(s) dict_keys(['example_short_circuit_decorator']) retrieved from /home/airflow/.local/lib/python3.8/site-packages/airflow/example_dags/example_short_circuit_decorator.py
[2023-12-12T22:23:17.756+0000] {logging_mixin.py:154} INFO - [2023-12-12T22:23:17.755+0000] {dag.py:2941} INFO - Sync 1 DAGs
[2023-12-12T22:23:17.881+0000] {logging_mixin.py:154} INFO - [2023-12-12T22:23:17.880+0000] {dag.py:3722} INFO - Setting next_dagrun for example_short_circuit_decorator to 2023-12-11T22:23:17.880325+00:00, run_after=2023-12-12T22:23:17.880325+00:00
[2023-12-12T22:23:18.000+0000] {processor.py:179} INFO - Processing /home/airflow/.local/lib/python3.8/site-packages/airflow/example_dags/example_short_circuit_decorator.py took 0.582 seconds
[2023-12-12T22:23:48.702+0000] {processor.py:157} INFO - Started process (PID=152) to work on /home/airflow/.local/lib/python3.8/site-packages/airflow/example_dags/example_short_circuit_decorator.py
[2023-12-12T22:23:48.703+0000] {processor.py:829} INFO - Processing file /home/airflow/.local/lib/python3.8/site-packages/airflow/example_dags/example_short_circuit_decorator.py for tasks to queue
[2023-12-12T22:23:48.706+0000] {logging_mixin.py:154} INFO - [2023-12-12T22:23:48.706+0000] {dagbag.py:536} INFO - Filling up the DagBag from /home/airflow/.local/lib/python3.8/site-packages/airflow/example_dags/example_short_circuit_decorator.py
[2023-12-12T22:23:48.718+0000] {processor.py:839} INFO - DAG(s) dict_keys(['example_short_circuit_decorator']) retrieved from /home/airflow/.local/lib/python3.8/site-packages/airflow/example_dags/example_short_circuit_decorator.py
[2023-12-12T22:23:48.753+0000] {logging_mixin.py:154} INFO - [2023-12-12T22:23:48.753+0000] {dag.py:2941} INFO - Sync 1 DAGs
[2023-12-12T22:23:48.782+0000] {logging_mixin.py:154} INFO - [2023-12-12T22:23:48.782+0000] {dag.py:3722} INFO - Setting next_dagrun for example_short_circuit_decorator to 2023-12-11T22:23:48.782037+00:00, run_after=2023-12-12T22:23:48.782037+00:00
[2023-12-12T22:23:48.808+0000] {processor.py:179} INFO - Processing /home/airflow/.local/lib/python3.8/site-packages/airflow/example_dags/example_short_circuit_decorator.py took 0.109 seconds
[2023-12-12T22:24:19.142+0000] {processor.py:157} INFO - Started process (PID=206) to work on /home/airflow/.local/lib/python3.8/site-packages/airflow/example_dags/example_short_circuit_decorator.py
[2023-12-12T22:24:19.143+0000] {processor.py:829} INFO - Processing file /home/airflow/.local/lib/python3.8/site-packages/airflow/example_dags/example_short_circuit_decorator.py for tasks to queue
[2023-12-12T22:24:19.147+0000] {logging_mixin.py:154} INFO - [2023-12-12T22:24:19.147+0000] {dagbag.py:536} INFO - Filling up the DagBag from /home/airflow/.local/lib/python3.8/site-packages/airflow/example_dags/example_short_circuit_decorator.py
[2023-12-12T22:24:19.164+0000] {processor.py:839} INFO - DAG(s) dict_keys(['example_short_circuit_decorator']) retrieved from /home/airflow/.local/lib/python3.8/site-packages/airflow/example_dags/example_short_circuit_decorator.py
[2023-12-12T22:24:19.192+0000] {logging_mixin.py:154} INFO - [2023-12-12T22:24:19.192+0000] {dag.py:2941} INFO - Sync 1 DAGs
[2023-12-12T22:24:19.217+0000] {logging_mixin.py:154} INFO - [2023-12-12T22:24:19.217+0000] {dag.py:3722} INFO - Setting next_dagrun for example_short_circuit_decorator to 2023-12-11T22:24:19.216944+00:00, run_after=2023-12-12T22:24:19.216944+00:00
[2023-12-12T22:24:19.241+0000] {processor.py:179} INFO - Processing /home/airflow/.local/lib/python3.8/site-packages/airflow/example_dags/example_short_circuit_decorator.py took 0.104 seconds
[2023-12-12T22:24:49.736+0000] {processor.py:157} INFO - Started process (PID=260) to work on /home/airflow/.local/lib/python3.8/site-packages/airflow/example_dags/example_short_circuit_decorator.py
[2023-12-12T22:24:49.738+0000] {processor.py:829} INFO - Processing file /home/airflow/.local/lib/python3.8/site-packages/airflow/example_dags/example_short_circuit_decorator.py for tasks to queue
[2023-12-12T22:24:49.742+0000] {logging_mixin.py:154} INFO - [2023-12-12T22:24:49.741+0000] {dagbag.py:536} INFO - Filling up the DagBag from /home/airflow/.local/lib/python3.8/site-packages/airflow/example_dags/example_short_circuit_decorator.py
[2023-12-12T22:24:49.755+0000] {processor.py:839} INFO - DAG(s) dict_keys(['example_short_circuit_decorator']) retrieved from /home/airflow/.local/lib/python3.8/site-packages/airflow/example_dags/example_short_circuit_decorator.py
[2023-12-12T22:24:49.781+0000] {logging_mixin.py:154} INFO - [2023-12-12T22:24:49.780+0000] {dag.py:2941} INFO - Sync 1 DAGs
[2023-12-12T22:24:49.806+0000] {logging_mixin.py:154} INFO - [2023-12-12T22:24:49.806+0000] {dag.py:3722} INFO - Setting next_dagrun for example_short_circuit_decorator to 2023-12-11T22:24:49.805835+00:00, run_after=2023-12-12T22:24:49.805835+00:00
[2023-12-12T22:24:49.829+0000] {processor.py:179} INFO - Processing /home/airflow/.local/lib/python3.8/site-packages/airflow/example_dags/example_short_circuit_decorator.py took 0.097 seconds
[2023-12-12T22:25:19.925+0000] {processor.py:157} INFO - Started process (PID=314) to work on /home/airflow/.local/lib/python3.8/site-packages/airflow/example_dags/example_short_circuit_decorator.py
[2023-12-12T22:25:19.927+0000] {processor.py:829} INFO - Processing file /home/airflow/.local/lib/python3.8/site-packages/airflow/example_dags/example_short_circuit_decorator.py for tasks to queue
[2023-12-12T22:25:19.932+0000] {logging_mixin.py:154} INFO - [2023-12-12T22:25:19.931+0000] {dagbag.py:536} INFO - Filling up the DagBag from /home/airflow/.local/lib/python3.8/site-packages/airflow/example_dags/example_short_circuit_decorator.py
[2023-12-12T22:25:19.945+0000] {processor.py:839} INFO - DAG(s) dict_keys(['example_short_circuit_decorator']) retrieved from /home/airflow/.local/lib/python3.8/site-packages/airflow/example_dags/example_short_circuit_decorator.py
[2023-12-12T22:25:19.984+0000] {logging_mixin.py:154} INFO - [2023-12-12T22:25:19.984+0000] {dag.py:2941} INFO - Sync 1 DAGs
[2023-12-12T22:25:20.020+0000] {logging_mixin.py:154} INFO - [2023-12-12T22:25:20.020+0000] {dag.py:3722} INFO - Setting next_dagrun for example_short_circuit_decorator to 2023-12-11T22:25:20.020425+00:00, run_after=2023-12-12T22:25:20.020425+00:00
[2023-12-12T22:25:20.050+0000] {processor.py:179} INFO - Processing /home/airflow/.local/lib/python3.8/site-packages/airflow/example_dags/example_short_circuit_decorator.py took 0.131 seconds
[2023-12-12T22:25:50.205+0000] {processor.py:157} INFO - Started process (PID=368) to work on /home/airflow/.local/lib/python3.8/site-packages/airflow/example_dags/example_short_circuit_decorator.py
[2023-12-12T22:25:50.207+0000] {processor.py:829} INFO - Processing file /home/airflow/.local/lib/python3.8/site-packages/airflow/example_dags/example_short_circuit_decorator.py for tasks to queue
[2023-12-12T22:25:50.212+0000] {logging_mixin.py:154} INFO - [2023-12-12T22:25:50.211+0000] {dagbag.py:536} INFO - Filling up the DagBag from /home/airflow/.local/lib/python3.8/site-packages/airflow/example_dags/example_short_circuit_decorator.py
[2023-12-12T22:25:50.226+0000] {processor.py:839} INFO - DAG(s) dict_keys(['example_short_circuit_decorator']) retrieved from /home/airflow/.local/lib/python3.8/site-packages/airflow/example_dags/example_short_circuit_decorator.py
[2023-12-12T22:25:50.256+0000] {logging_mixin.py:154} INFO - [2023-12-12T22:25:50.256+0000] {dag.py:2941} INFO - Sync 1 DAGs
[2023-12-12T22:25:50.281+0000] {logging_mixin.py:154} INFO - [2023-12-12T22:25:50.280+0000] {dag.py:3722} INFO - Setting next_dagrun for example_short_circuit_decorator to 2023-12-11T22:25:50.280574+00:00, run_after=2023-12-12T22:25:50.280574+00:00
[2023-12-12T22:25:50.309+0000] {processor.py:179} INFO - Processing /home/airflow/.local/lib/python3.8/site-packages/airflow/example_dags/example_short_circuit_decorator.py took 0.111 seconds
[2023-12-12T22:26:20.831+0000] {processor.py:157} INFO - Started process (PID=422) to work on /home/airflow/.local/lib/python3.8/site-packages/airflow/example_dags/example_short_circuit_decorator.py
[2023-12-12T22:26:20.833+0000] {processor.py:829} INFO - Processing file /home/airflow/.local/lib/python3.8/site-packages/airflow/example_dags/example_short_circuit_decorator.py for tasks to queue
[2023-12-12T22:26:20.837+0000] {logging_mixin.py:154} INFO - [2023-12-12T22:26:20.837+0000] {dagbag.py:536} INFO - Filling up the DagBag from /home/airflow/.local/lib/python3.8/site-packages/airflow/example_dags/example_short_circuit_decorator.py
[2023-12-12T22:26:20.851+0000] {processor.py:839} INFO - DAG(s) dict_keys(['example_short_circuit_decorator']) retrieved from /home/airflow/.local/lib/python3.8/site-packages/airflow/example_dags/example_short_circuit_decorator.py
[2023-12-12T22:26:20.880+0000] {logging_mixin.py:154} INFO - [2023-12-12T22:26:20.880+0000] {dag.py:2941} INFO - Sync 1 DAGs
[2023-12-12T22:26:20.910+0000] {logging_mixin.py:154} INFO - [2023-12-12T22:26:20.909+0000] {dag.py:3722} INFO - Setting next_dagrun for example_short_circuit_decorator to 2023-12-11T22:26:20.909459+00:00, run_after=2023-12-12T22:26:20.909459+00:00
[2023-12-12T22:26:20.941+0000] {processor.py:179} INFO - Processing /home/airflow/.local/lib/python3.8/site-packages/airflow/example_dags/example_short_circuit_decorator.py took 0.115 seconds
[2023-12-12T22:26:51.028+0000] {processor.py:157} INFO - Started process (PID=476) to work on /home/airflow/.local/lib/python3.8/site-packages/airflow/example_dags/example_short_circuit_decorator.py
[2023-12-12T22:26:51.030+0000] {processor.py:829} INFO - Processing file /home/airflow/.local/lib/python3.8/site-packages/airflow/example_dags/example_short_circuit_decorator.py for tasks to queue
[2023-12-12T22:26:51.033+0000] {logging_mixin.py:154} INFO - [2023-12-12T22:26:51.033+0000] {dagbag.py:536} INFO - Filling up the DagBag from /home/airflow/.local/lib/python3.8/site-packages/airflow/example_dags/example_short_circuit_decorator.py
[2023-12-12T22:26:51.045+0000] {processor.py:839} INFO - DAG(s) dict_keys(['example_short_circuit_decorator']) retrieved from /home/airflow/.local/lib/python3.8/site-packages/airflow/example_dags/example_short_circuit_decorator.py
[2023-12-12T22:26:51.073+0000] {logging_mixin.py:154} INFO - [2023-12-12T22:26:51.073+0000] {dag.py:2941} INFO - Sync 1 DAGs
[2023-12-12T22:26:51.100+0000] {logging_mixin.py:154} INFO - [2023-12-12T22:26:51.100+0000] {dag.py:3722} INFO - Setting next_dagrun for example_short_circuit_decorator to 2023-12-11T22:26:51.100242+00:00, run_after=2023-12-12T22:26:51.100242+00:00
[2023-12-12T22:26:51.143+0000] {processor.py:179} INFO - Processing /home/airflow/.local/lib/python3.8/site-packages/airflow/example_dags/example_short_circuit_decorator.py took 0.119 seconds
[2023-12-12T22:27:21.561+0000] {processor.py:157} INFO - Started process (PID=530) to work on /home/airflow/.local/lib/python3.8/site-packages/airflow/example_dags/example_short_circuit_decorator.py
[2023-12-12T22:27:21.562+0000] {processor.py:829} INFO - Processing file /home/airflow/.local/lib/python3.8/site-packages/airflow/example_dags/example_short_circuit_decorator.py for tasks to queue
[2023-12-12T22:27:21.567+0000] {logging_mixin.py:154} INFO - [2023-12-12T22:27:21.566+0000] {dagbag.py:536} INFO - Filling up the DagBag from /home/airflow/.local/lib/python3.8/site-packages/airflow/example_dags/example_short_circuit_decorator.py
[2023-12-12T22:27:21.582+0000] {processor.py:839} INFO - DAG(s) dict_keys(['example_short_circuit_decorator']) retrieved from /home/airflow/.local/lib/python3.8/site-packages/airflow/example_dags/example_short_circuit_decorator.py
[2023-12-12T22:27:21.624+0000] {logging_mixin.py:154} INFO - [2023-12-12T22:27:21.624+0000] {dag.py:2941} INFO - Sync 1 DAGs
[2023-12-12T22:27:21.675+0000] {logging_mixin.py:154} INFO - [2023-12-12T22:27:21.675+0000] {dag.py:3722} INFO - Setting next_dagrun for example_short_circuit_decorator to 2023-12-11T22:27:21.674996+00:00, run_after=2023-12-12T22:27:21.674996+00:00
[2023-12-12T22:27:21.712+0000] {processor.py:179} INFO - Processing /home/airflow/.local/lib/python3.8/site-packages/airflow/example_dags/example_short_circuit_decorator.py took 0.158 seconds
[2023-12-12T22:27:52.110+0000] {processor.py:157} INFO - Started process (PID=584) to work on /home/airflow/.local/lib/python3.8/site-packages/airflow/example_dags/example_short_circuit_decorator.py
[2023-12-12T22:27:52.112+0000] {processor.py:829} INFO - Processing file /home/airflow/.local/lib/python3.8/site-packages/airflow/example_dags/example_short_circuit_decorator.py for tasks to queue
[2023-12-12T22:27:52.117+0000] {logging_mixin.py:154} INFO - [2023-12-12T22:27:52.116+0000] {dagbag.py:536} INFO - Filling up the DagBag from /home/airflow/.local/lib/python3.8/site-packages/airflow/example_dags/example_short_circuit_decorator.py
[2023-12-12T22:27:52.133+0000] {processor.py:839} INFO - DAG(s) dict_keys(['example_short_circuit_decorator']) retrieved from /home/airflow/.local/lib/python3.8/site-packages/airflow/example_dags/example_short_circuit_decorator.py
[2023-12-12T22:27:52.170+0000] {logging_mixin.py:154} INFO - [2023-12-12T22:27:52.170+0000] {dag.py:2941} INFO - Sync 1 DAGs
[2023-12-12T22:27:52.211+0000] {logging_mixin.py:154} INFO - [2023-12-12T22:27:52.211+0000] {dag.py:3722} INFO - Setting next_dagrun for example_short_circuit_decorator to 2023-12-11T22:27:52.211033+00:00, run_after=2023-12-12T22:27:52.211033+00:00
[2023-12-12T22:27:52.265+0000] {processor.py:179} INFO - Processing /home/airflow/.local/lib/python3.8/site-packages/airflow/example_dags/example_short_circuit_decorator.py took 0.160 seconds
[2023-12-12T22:28:22.992+0000] {processor.py:157} INFO - Started process (PID=638) to work on /home/airflow/.local/lib/python3.8/site-packages/airflow/example_dags/example_short_circuit_decorator.py
[2023-12-12T22:28:22.996+0000] {processor.py:829} INFO - Processing file /home/airflow/.local/lib/python3.8/site-packages/airflow/example_dags/example_short_circuit_decorator.py for tasks to queue
[2023-12-12T22:28:23.004+0000] {logging_mixin.py:154} INFO - [2023-12-12T22:28:23.003+0000] {dagbag.py:536} INFO - Filling up the DagBag from /home/airflow/.local/lib/python3.8/site-packages/airflow/example_dags/example_short_circuit_decorator.py
[2023-12-12T22:28:23.031+0000] {processor.py:839} INFO - DAG(s) dict_keys(['example_short_circuit_decorator']) retrieved from /home/airflow/.local/lib/python3.8/site-packages/airflow/example_dags/example_short_circuit_decorator.py
[2023-12-12T22:28:23.080+0000] {logging_mixin.py:154} INFO - [2023-12-12T22:28:23.080+0000] {dag.py:2941} INFO - Sync 1 DAGs
[2023-12-12T22:28:23.125+0000] {logging_mixin.py:154} INFO - [2023-12-12T22:28:23.125+0000] {dag.py:3722} INFO - Setting next_dagrun for example_short_circuit_decorator to 2023-12-11T22:28:23.124949+00:00, run_after=2023-12-12T22:28:23.124949+00:00
[2023-12-12T22:28:23.164+0000] {processor.py:179} INFO - Processing /home/airflow/.local/lib/python3.8/site-packages/airflow/example_dags/example_short_circuit_decorator.py took 0.187 seconds
