[2023-12-12T22:22:55.782+0000] {processor.py:157} INFO - Started process (PID=61) to work on /home/airflow/.local/lib/python3.8/site-packages/airflow/example_dags/tutorial_taskflow_api.py
[2023-12-12T22:22:55.785+0000] {processor.py:829} INFO - Processing file /home/airflow/.local/lib/python3.8/site-packages/airflow/example_dags/tutorial_taskflow_api.py for tasks to queue
[2023-12-12T22:22:55.791+0000] {logging_mixin.py:154} INFO - [2023-12-12T22:22:55.790+0000] {dagbag.py:536} INFO - Filling up the DagBag from /home/airflow/.local/lib/python3.8/site-packages/airflow/example_dags/tutorial_taskflow_api.py
[2023-12-12T22:22:55.811+0000] {processor.py:839} INFO - DAG(s) dict_keys(['tutorial_taskflow_api']) retrieved from /home/airflow/.local/lib/python3.8/site-packages/airflow/example_dags/tutorial_taskflow_api.py
[2023-12-12T22:22:56.086+0000] {logging_mixin.py:154} INFO - [2023-12-12T22:22:56.086+0000] {manager.py:499} INFO - Created Permission View: %s
[2023-12-12T22:22:56.108+0000] {logging_mixin.py:154} INFO - [2023-12-12T22:22:56.108+0000] {manager.py:499} INFO - Created Permission View: %s
[2023-12-12T22:22:56.125+0000] {logging_mixin.py:154} INFO - [2023-12-12T22:22:56.124+0000] {manager.py:499} INFO - Created Permission View: %s
[2023-12-12T22:22:56.126+0000] {logging_mixin.py:154} INFO - [2023-12-12T22:22:56.126+0000] {dag.py:2941} INFO - Sync 1 DAGs
[2023-12-12T22:22:56.150+0000] {logging_mixin.py:154} INFO - [2023-12-12T22:22:56.150+0000] {dag.py:2963} INFO - Creating ORM DAG for tutorial_taskflow_api
[2023-12-12T22:22:56.153+0000] {logging_mixin.py:154} INFO - [2023-12-12T22:22:56.152+0000] {dag.py:3722} INFO - Setting next_dagrun for tutorial_taskflow_api to None, run_after=None
[2023-12-12T22:22:56.232+0000] {processor.py:179} INFO - Processing /home/airflow/.local/lib/python3.8/site-packages/airflow/example_dags/tutorial_taskflow_api.py took 0.458 seconds
[2023-12-12T22:23:26.750+0000] {processor.py:157} INFO - Started process (PID=115) to work on /home/airflow/.local/lib/python3.8/site-packages/airflow/example_dags/tutorial_taskflow_api.py
[2023-12-12T22:23:26.752+0000] {processor.py:829} INFO - Processing file /home/airflow/.local/lib/python3.8/site-packages/airflow/example_dags/tutorial_taskflow_api.py for tasks to queue
[2023-12-12T22:23:26.755+0000] {logging_mixin.py:154} INFO - [2023-12-12T22:23:26.754+0000] {dagbag.py:536} INFO - Filling up the DagBag from /home/airflow/.local/lib/python3.8/site-packages/airflow/example_dags/tutorial_taskflow_api.py
[2023-12-12T22:23:26.765+0000] {processor.py:839} INFO - DAG(s) dict_keys(['tutorial_taskflow_api']) retrieved from /home/airflow/.local/lib/python3.8/site-packages/airflow/example_dags/tutorial_taskflow_api.py
[2023-12-12T22:23:26.792+0000] {logging_mixin.py:154} INFO - [2023-12-12T22:23:26.792+0000] {dag.py:2941} INFO - Sync 1 DAGs
[2023-12-12T22:23:26.811+0000] {logging_mixin.py:154} INFO - [2023-12-12T22:23:26.810+0000] {dag.py:3722} INFO - Setting next_dagrun for tutorial_taskflow_api to None, run_after=None
[2023-12-12T22:23:26.838+0000] {processor.py:179} INFO - Processing /home/airflow/.local/lib/python3.8/site-packages/airflow/example_dags/tutorial_taskflow_api.py took 0.093 seconds
[2023-12-12T22:23:57.007+0000] {processor.py:157} INFO - Started process (PID=169) to work on /home/airflow/.local/lib/python3.8/site-packages/airflow/example_dags/tutorial_taskflow_api.py
[2023-12-12T22:23:57.008+0000] {processor.py:829} INFO - Processing file /home/airflow/.local/lib/python3.8/site-packages/airflow/example_dags/tutorial_taskflow_api.py for tasks to queue
[2023-12-12T22:23:57.011+0000] {logging_mixin.py:154} INFO - [2023-12-12T22:23:57.011+0000] {dagbag.py:536} INFO - Filling up the DagBag from /home/airflow/.local/lib/python3.8/site-packages/airflow/example_dags/tutorial_taskflow_api.py
[2023-12-12T22:23:57.020+0000] {processor.py:839} INFO - DAG(s) dict_keys(['tutorial_taskflow_api']) retrieved from /home/airflow/.local/lib/python3.8/site-packages/airflow/example_dags/tutorial_taskflow_api.py
[2023-12-12T22:23:57.046+0000] {logging_mixin.py:154} INFO - [2023-12-12T22:23:57.046+0000] {dag.py:2941} INFO - Sync 1 DAGs
[2023-12-12T22:23:57.070+0000] {logging_mixin.py:154} INFO - [2023-12-12T22:23:57.069+0000] {dag.py:3722} INFO - Setting next_dagrun for tutorial_taskflow_api to None, run_after=None
[2023-12-12T22:23:57.104+0000] {processor.py:179} INFO - Processing /home/airflow/.local/lib/python3.8/site-packages/airflow/example_dags/tutorial_taskflow_api.py took 0.102 seconds
[2023-12-12T22:24:27.529+0000] {processor.py:157} INFO - Started process (PID=223) to work on /home/airflow/.local/lib/python3.8/site-packages/airflow/example_dags/tutorial_taskflow_api.py
[2023-12-12T22:24:27.531+0000] {processor.py:829} INFO - Processing file /home/airflow/.local/lib/python3.8/site-packages/airflow/example_dags/tutorial_taskflow_api.py for tasks to queue
[2023-12-12T22:24:27.534+0000] {logging_mixin.py:154} INFO - [2023-12-12T22:24:27.533+0000] {dagbag.py:536} INFO - Filling up the DagBag from /home/airflow/.local/lib/python3.8/site-packages/airflow/example_dags/tutorial_taskflow_api.py
[2023-12-12T22:24:27.541+0000] {processor.py:839} INFO - DAG(s) dict_keys(['tutorial_taskflow_api']) retrieved from /home/airflow/.local/lib/python3.8/site-packages/airflow/example_dags/tutorial_taskflow_api.py
[2023-12-12T22:24:27.567+0000] {logging_mixin.py:154} INFO - [2023-12-12T22:24:27.566+0000] {dag.py:2941} INFO - Sync 1 DAGs
[2023-12-12T22:24:27.583+0000] {logging_mixin.py:154} INFO - [2023-12-12T22:24:27.582+0000] {dag.py:3722} INFO - Setting next_dagrun for tutorial_taskflow_api to None, run_after=None
[2023-12-12T22:24:27.611+0000] {processor.py:179} INFO - Processing /home/airflow/.local/lib/python3.8/site-packages/airflow/example_dags/tutorial_taskflow_api.py took 0.086 seconds
[2023-12-12T22:24:58.141+0000] {processor.py:157} INFO - Started process (PID=277) to work on /home/airflow/.local/lib/python3.8/site-packages/airflow/example_dags/tutorial_taskflow_api.py
[2023-12-12T22:24:58.143+0000] {processor.py:829} INFO - Processing file /home/airflow/.local/lib/python3.8/site-packages/airflow/example_dags/tutorial_taskflow_api.py for tasks to queue
[2023-12-12T22:24:58.145+0000] {logging_mixin.py:154} INFO - [2023-12-12T22:24:58.145+0000] {dagbag.py:536} INFO - Filling up the DagBag from /home/airflow/.local/lib/python3.8/site-packages/airflow/example_dags/tutorial_taskflow_api.py
[2023-12-12T22:24:58.153+0000] {processor.py:839} INFO - DAG(s) dict_keys(['tutorial_taskflow_api']) retrieved from /home/airflow/.local/lib/python3.8/site-packages/airflow/example_dags/tutorial_taskflow_api.py
[2023-12-12T22:24:58.178+0000] {logging_mixin.py:154} INFO - [2023-12-12T22:24:58.177+0000] {dag.py:2941} INFO - Sync 1 DAGs
[2023-12-12T22:24:58.196+0000] {logging_mixin.py:154} INFO - [2023-12-12T22:24:58.196+0000] {dag.py:3722} INFO - Setting next_dagrun for tutorial_taskflow_api to None, run_after=None
[2023-12-12T22:24:58.235+0000] {processor.py:179} INFO - Processing /home/airflow/.local/lib/python3.8/site-packages/airflow/example_dags/tutorial_taskflow_api.py took 0.098 seconds
[2023-12-12T22:25:28.379+0000] {processor.py:157} INFO - Started process (PID=331) to work on /home/airflow/.local/lib/python3.8/site-packages/airflow/example_dags/tutorial_taskflow_api.py
[2023-12-12T22:25:28.380+0000] {processor.py:829} INFO - Processing file /home/airflow/.local/lib/python3.8/site-packages/airflow/example_dags/tutorial_taskflow_api.py for tasks to queue
[2023-12-12T22:25:28.383+0000] {logging_mixin.py:154} INFO - [2023-12-12T22:25:28.383+0000] {dagbag.py:536} INFO - Filling up the DagBag from /home/airflow/.local/lib/python3.8/site-packages/airflow/example_dags/tutorial_taskflow_api.py
[2023-12-12T22:25:28.392+0000] {processor.py:839} INFO - DAG(s) dict_keys(['tutorial_taskflow_api']) retrieved from /home/airflow/.local/lib/python3.8/site-packages/airflow/example_dags/tutorial_taskflow_api.py
[2023-12-12T22:25:28.419+0000] {logging_mixin.py:154} INFO - [2023-12-12T22:25:28.418+0000] {dag.py:2941} INFO - Sync 1 DAGs
[2023-12-12T22:25:28.436+0000] {logging_mixin.py:154} INFO - [2023-12-12T22:25:28.436+0000] {dag.py:3722} INFO - Setting next_dagrun for tutorial_taskflow_api to None, run_after=None
[2023-12-12T22:25:28.459+0000] {processor.py:179} INFO - Processing /home/airflow/.local/lib/python3.8/site-packages/airflow/example_dags/tutorial_taskflow_api.py took 0.085 seconds
[2023-12-12T22:25:58.579+0000] {processor.py:157} INFO - Started process (PID=385) to work on /home/airflow/.local/lib/python3.8/site-packages/airflow/example_dags/tutorial_taskflow_api.py
[2023-12-12T22:25:58.580+0000] {processor.py:829} INFO - Processing file /home/airflow/.local/lib/python3.8/site-packages/airflow/example_dags/tutorial_taskflow_api.py for tasks to queue
[2023-12-12T22:25:58.582+0000] {logging_mixin.py:154} INFO - [2023-12-12T22:25:58.582+0000] {dagbag.py:536} INFO - Filling up the DagBag from /home/airflow/.local/lib/python3.8/site-packages/airflow/example_dags/tutorial_taskflow_api.py
[2023-12-12T22:25:58.590+0000] {processor.py:839} INFO - DAG(s) dict_keys(['tutorial_taskflow_api']) retrieved from /home/airflow/.local/lib/python3.8/site-packages/airflow/example_dags/tutorial_taskflow_api.py
[2023-12-12T22:25:58.613+0000] {logging_mixin.py:154} INFO - [2023-12-12T22:25:58.612+0000] {dag.py:2941} INFO - Sync 1 DAGs
[2023-12-12T22:25:58.627+0000] {logging_mixin.py:154} INFO - [2023-12-12T22:25:58.627+0000] {dag.py:3722} INFO - Setting next_dagrun for tutorial_taskflow_api to None, run_after=None
[2023-12-12T22:25:58.652+0000] {processor.py:179} INFO - Processing /home/airflow/.local/lib/python3.8/site-packages/airflow/example_dags/tutorial_taskflow_api.py took 0.077 seconds
[2023-12-12T22:26:29.272+0000] {processor.py:157} INFO - Started process (PID=439) to work on /home/airflow/.local/lib/python3.8/site-packages/airflow/example_dags/tutorial_taskflow_api.py
[2023-12-12T22:26:29.274+0000] {processor.py:829} INFO - Processing file /home/airflow/.local/lib/python3.8/site-packages/airflow/example_dags/tutorial_taskflow_api.py for tasks to queue
[2023-12-12T22:26:29.277+0000] {logging_mixin.py:154} INFO - [2023-12-12T22:26:29.277+0000] {dagbag.py:536} INFO - Filling up the DagBag from /home/airflow/.local/lib/python3.8/site-packages/airflow/example_dags/tutorial_taskflow_api.py
[2023-12-12T22:26:29.286+0000] {processor.py:839} INFO - DAG(s) dict_keys(['tutorial_taskflow_api']) retrieved from /home/airflow/.local/lib/python3.8/site-packages/airflow/example_dags/tutorial_taskflow_api.py
[2023-12-12T22:26:29.317+0000] {logging_mixin.py:154} INFO - [2023-12-12T22:26:29.317+0000] {dag.py:2941} INFO - Sync 1 DAGs
[2023-12-12T22:26:29.333+0000] {logging_mixin.py:154} INFO - [2023-12-12T22:26:29.332+0000] {dag.py:3722} INFO - Setting next_dagrun for tutorial_taskflow_api to None, run_after=None
[2023-12-12T22:26:29.377+0000] {processor.py:179} INFO - Processing /home/airflow/.local/lib/python3.8/site-packages/airflow/example_dags/tutorial_taskflow_api.py took 0.110 seconds
[2023-12-12T22:26:59.855+0000] {processor.py:157} INFO - Started process (PID=493) to work on /home/airflow/.local/lib/python3.8/site-packages/airflow/example_dags/tutorial_taskflow_api.py
[2023-12-12T22:26:59.857+0000] {processor.py:829} INFO - Processing file /home/airflow/.local/lib/python3.8/site-packages/airflow/example_dags/tutorial_taskflow_api.py for tasks to queue
[2023-12-12T22:26:59.860+0000] {logging_mixin.py:154} INFO - [2023-12-12T22:26:59.860+0000] {dagbag.py:536} INFO - Filling up the DagBag from /home/airflow/.local/lib/python3.8/site-packages/airflow/example_dags/tutorial_taskflow_api.py
[2023-12-12T22:26:59.870+0000] {processor.py:839} INFO - DAG(s) dict_keys(['tutorial_taskflow_api']) retrieved from /home/airflow/.local/lib/python3.8/site-packages/airflow/example_dags/tutorial_taskflow_api.py
[2023-12-12T22:26:59.902+0000] {logging_mixin.py:154} INFO - [2023-12-12T22:26:59.902+0000] {dag.py:2941} INFO - Sync 1 DAGs
[2023-12-12T22:26:59.924+0000] {logging_mixin.py:154} INFO - [2023-12-12T22:26:59.924+0000] {dag.py:3722} INFO - Setting next_dagrun for tutorial_taskflow_api to None, run_after=None
[2023-12-12T22:26:59.958+0000] {processor.py:179} INFO - Processing /home/airflow/.local/lib/python3.8/site-packages/airflow/example_dags/tutorial_taskflow_api.py took 0.108 seconds
[2023-12-12T22:27:30.317+0000] {processor.py:157} INFO - Started process (PID=554) to work on /home/airflow/.local/lib/python3.8/site-packages/airflow/example_dags/tutorial_taskflow_api.py
[2023-12-12T22:27:30.318+0000] {processor.py:829} INFO - Processing file /home/airflow/.local/lib/python3.8/site-packages/airflow/example_dags/tutorial_taskflow_api.py for tasks to queue
[2023-12-12T22:27:30.321+0000] {logging_mixin.py:154} INFO - [2023-12-12T22:27:30.321+0000] {dagbag.py:536} INFO - Filling up the DagBag from /home/airflow/.local/lib/python3.8/site-packages/airflow/example_dags/tutorial_taskflow_api.py
[2023-12-12T22:27:30.329+0000] {processor.py:839} INFO - DAG(s) dict_keys(['tutorial_taskflow_api']) retrieved from /home/airflow/.local/lib/python3.8/site-packages/airflow/example_dags/tutorial_taskflow_api.py
[2023-12-12T22:27:30.353+0000] {logging_mixin.py:154} INFO - [2023-12-12T22:27:30.353+0000] {dag.py:2941} INFO - Sync 1 DAGs
[2023-12-12T22:27:30.370+0000] {logging_mixin.py:154} INFO - [2023-12-12T22:27:30.370+0000] {dag.py:3722} INFO - Setting next_dagrun for tutorial_taskflow_api to None, run_after=None
[2023-12-12T22:27:30.403+0000] {processor.py:179} INFO - Processing /home/airflow/.local/lib/python3.8/site-packages/airflow/example_dags/tutorial_taskflow_api.py took 0.090 seconds
[2023-12-12T22:28:01.441+0000] {processor.py:157} INFO - Started process (PID=608) to work on /home/airflow/.local/lib/python3.8/site-packages/airflow/example_dags/tutorial_taskflow_api.py
[2023-12-12T22:28:01.443+0000] {processor.py:829} INFO - Processing file /home/airflow/.local/lib/python3.8/site-packages/airflow/example_dags/tutorial_taskflow_api.py for tasks to queue
[2023-12-12T22:28:01.446+0000] {logging_mixin.py:154} INFO - [2023-12-12T22:28:01.446+0000] {dagbag.py:536} INFO - Filling up the DagBag from /home/airflow/.local/lib/python3.8/site-packages/airflow/example_dags/tutorial_taskflow_api.py
[2023-12-12T22:28:01.455+0000] {processor.py:839} INFO - DAG(s) dict_keys(['tutorial_taskflow_api']) retrieved from /home/airflow/.local/lib/python3.8/site-packages/airflow/example_dags/tutorial_taskflow_api.py
[2023-12-12T22:28:01.487+0000] {logging_mixin.py:154} INFO - [2023-12-12T22:28:01.487+0000] {dag.py:2941} INFO - Sync 1 DAGs
[2023-12-12T22:28:01.511+0000] {logging_mixin.py:154} INFO - [2023-12-12T22:28:01.511+0000] {dag.py:3722} INFO - Setting next_dagrun for tutorial_taskflow_api to None, run_after=None
[2023-12-12T22:28:01.543+0000] {processor.py:179} INFO - Processing /home/airflow/.local/lib/python3.8/site-packages/airflow/example_dags/tutorial_taskflow_api.py took 0.106 seconds
[2023-12-12T22:28:31.706+0000] {processor.py:157} INFO - Started process (PID=662) to work on /home/airflow/.local/lib/python3.8/site-packages/airflow/example_dags/tutorial_taskflow_api.py
[2023-12-12T22:28:31.708+0000] {processor.py:829} INFO - Processing file /home/airflow/.local/lib/python3.8/site-packages/airflow/example_dags/tutorial_taskflow_api.py for tasks to queue
[2023-12-12T22:28:31.712+0000] {logging_mixin.py:154} INFO - [2023-12-12T22:28:31.711+0000] {dagbag.py:536} INFO - Filling up the DagBag from /home/airflow/.local/lib/python3.8/site-packages/airflow/example_dags/tutorial_taskflow_api.py
[2023-12-12T22:28:31.722+0000] {processor.py:839} INFO - DAG(s) dict_keys(['tutorial_taskflow_api']) retrieved from /home/airflow/.local/lib/python3.8/site-packages/airflow/example_dags/tutorial_taskflow_api.py
[2023-12-12T22:28:31.754+0000] {logging_mixin.py:154} INFO - [2023-12-12T22:28:31.754+0000] {dag.py:2941} INFO - Sync 1 DAGs
[2023-12-12T22:28:31.775+0000] {logging_mixin.py:154} INFO - [2023-12-12T22:28:31.775+0000] {dag.py:3722} INFO - Setting next_dagrun for tutorial_taskflow_api to None, run_after=None
[2023-12-12T22:28:31.807+0000] {processor.py:179} INFO - Processing /home/airflow/.local/lib/python3.8/site-packages/airflow/example_dags/tutorial_taskflow_api.py took 0.107 seconds
