[2023-12-12T22:22:55.886+0000] {processor.py:157} INFO - Started process (PID=62) to work on /home/airflow/.local/lib/python3.8/site-packages/airflow/example_dags/tutorial_dag.py
[2023-12-12T22:22:55.890+0000] {processor.py:829} INFO - Processing file /home/airflow/.local/lib/python3.8/site-packages/airflow/example_dags/tutorial_dag.py for tasks to queue
[2023-12-12T22:22:55.895+0000] {logging_mixin.py:154} INFO - [2023-12-12T22:22:55.894+0000] {dagbag.py:536} INFO - Filling up the DagBag from /home/airflow/.local/lib/python3.8/site-packages/airflow/example_dags/tutorial_dag.py
[2023-12-12T22:22:55.916+0000] {processor.py:839} INFO - DAG(s) dict_keys(['tutorial_dag']) retrieved from /home/airflow/.local/lib/python3.8/site-packages/airflow/example_dags/tutorial_dag.py
[2023-12-12T22:22:56.236+0000] {logging_mixin.py:154} INFO - [2023-12-12T22:22:56.235+0000] {manager.py:499} INFO - Created Permission View: %s
[2023-12-12T22:22:56.277+0000] {logging_mixin.py:154} INFO - [2023-12-12T22:22:56.276+0000] {manager.py:499} INFO - Created Permission View: %s
[2023-12-12T22:22:56.298+0000] {logging_mixin.py:154} INFO - [2023-12-12T22:22:56.297+0000] {manager.py:499} INFO - Created Permission View: %s
[2023-12-12T22:22:56.300+0000] {logging_mixin.py:154} INFO - [2023-12-12T22:22:56.299+0000] {dag.py:2941} INFO - Sync 1 DAGs
[2023-12-12T22:22:56.337+0000] {logging_mixin.py:154} INFO - [2023-12-12T22:22:56.336+0000] {dag.py:2963} INFO - Creating ORM DAG for tutorial_dag
[2023-12-12T22:22:56.339+0000] {logging_mixin.py:154} INFO - [2023-12-12T22:22:56.339+0000] {dag.py:3722} INFO - Setting next_dagrun for tutorial_dag to None, run_after=None
[2023-12-12T22:22:56.392+0000] {processor.py:179} INFO - Processing /home/airflow/.local/lib/python3.8/site-packages/airflow/example_dags/tutorial_dag.py took 0.515 seconds
[2023-12-12T22:23:26.766+0000] {processor.py:157} INFO - Started process (PID=116) to work on /home/airflow/.local/lib/python3.8/site-packages/airflow/example_dags/tutorial_dag.py
[2023-12-12T22:23:26.768+0000] {processor.py:829} INFO - Processing file /home/airflow/.local/lib/python3.8/site-packages/airflow/example_dags/tutorial_dag.py for tasks to queue
[2023-12-12T22:23:26.771+0000] {logging_mixin.py:154} INFO - [2023-12-12T22:23:26.770+0000] {dagbag.py:536} INFO - Filling up the DagBag from /home/airflow/.local/lib/python3.8/site-packages/airflow/example_dags/tutorial_dag.py
[2023-12-12T22:23:26.779+0000] {processor.py:839} INFO - DAG(s) dict_keys(['tutorial_dag']) retrieved from /home/airflow/.local/lib/python3.8/site-packages/airflow/example_dags/tutorial_dag.py
[2023-12-12T22:23:26.808+0000] {logging_mixin.py:154} INFO - [2023-12-12T22:23:26.808+0000] {dag.py:2941} INFO - Sync 1 DAGs
[2023-12-12T22:23:26.828+0000] {logging_mixin.py:154} INFO - [2023-12-12T22:23:26.827+0000] {dag.py:3722} INFO - Setting next_dagrun for tutorial_dag to None, run_after=None
[2023-12-12T22:23:26.862+0000] {processor.py:179} INFO - Processing /home/airflow/.local/lib/python3.8/site-packages/airflow/example_dags/tutorial_dag.py took 0.102 seconds
[2023-12-12T22:23:57.144+0000] {processor.py:157} INFO - Started process (PID=170) to work on /home/airflow/.local/lib/python3.8/site-packages/airflow/example_dags/tutorial_dag.py
[2023-12-12T22:23:57.146+0000] {processor.py:829} INFO - Processing file /home/airflow/.local/lib/python3.8/site-packages/airflow/example_dags/tutorial_dag.py for tasks to queue
[2023-12-12T22:23:57.149+0000] {logging_mixin.py:154} INFO - [2023-12-12T22:23:57.149+0000] {dagbag.py:536} INFO - Filling up the DagBag from /home/airflow/.local/lib/python3.8/site-packages/airflow/example_dags/tutorial_dag.py
[2023-12-12T22:23:57.156+0000] {processor.py:839} INFO - DAG(s) dict_keys(['tutorial_dag']) retrieved from /home/airflow/.local/lib/python3.8/site-packages/airflow/example_dags/tutorial_dag.py
[2023-12-12T22:23:57.185+0000] {logging_mixin.py:154} INFO - [2023-12-12T22:23:57.185+0000] {dag.py:2941} INFO - Sync 1 DAGs
[2023-12-12T22:23:57.210+0000] {logging_mixin.py:154} INFO - [2023-12-12T22:23:57.209+0000] {dag.py:3722} INFO - Setting next_dagrun for tutorial_dag to None, run_after=None
[2023-12-12T22:23:57.234+0000] {processor.py:179} INFO - Processing /home/airflow/.local/lib/python3.8/site-packages/airflow/example_dags/tutorial_dag.py took 0.094 seconds
[2023-12-12T22:24:27.650+0000] {processor.py:157} INFO - Started process (PID=224) to work on /home/airflow/.local/lib/python3.8/site-packages/airflow/example_dags/tutorial_dag.py
[2023-12-12T22:24:27.652+0000] {processor.py:829} INFO - Processing file /home/airflow/.local/lib/python3.8/site-packages/airflow/example_dags/tutorial_dag.py for tasks to queue
[2023-12-12T22:24:27.656+0000] {logging_mixin.py:154} INFO - [2023-12-12T22:24:27.655+0000] {dagbag.py:536} INFO - Filling up the DagBag from /home/airflow/.local/lib/python3.8/site-packages/airflow/example_dags/tutorial_dag.py
[2023-12-12T22:24:27.669+0000] {processor.py:839} INFO - DAG(s) dict_keys(['tutorial_dag']) retrieved from /home/airflow/.local/lib/python3.8/site-packages/airflow/example_dags/tutorial_dag.py
[2023-12-12T22:24:27.702+0000] {logging_mixin.py:154} INFO - [2023-12-12T22:24:27.702+0000] {dag.py:2941} INFO - Sync 1 DAGs
[2023-12-12T22:24:27.717+0000] {logging_mixin.py:154} INFO - [2023-12-12T22:24:27.717+0000] {dag.py:3722} INFO - Setting next_dagrun for tutorial_dag to None, run_after=None
[2023-12-12T22:24:27.740+0000] {processor.py:179} INFO - Processing /home/airflow/.local/lib/python3.8/site-packages/airflow/example_dags/tutorial_dag.py took 0.095 seconds
[2023-12-12T22:24:58.298+0000] {processor.py:157} INFO - Started process (PID=278) to work on /home/airflow/.local/lib/python3.8/site-packages/airflow/example_dags/tutorial_dag.py
[2023-12-12T22:24:58.300+0000] {processor.py:829} INFO - Processing file /home/airflow/.local/lib/python3.8/site-packages/airflow/example_dags/tutorial_dag.py for tasks to queue
[2023-12-12T22:24:58.305+0000] {logging_mixin.py:154} INFO - [2023-12-12T22:24:58.305+0000] {dagbag.py:536} INFO - Filling up the DagBag from /home/airflow/.local/lib/python3.8/site-packages/airflow/example_dags/tutorial_dag.py
[2023-12-12T22:24:58.315+0000] {processor.py:839} INFO - DAG(s) dict_keys(['tutorial_dag']) retrieved from /home/airflow/.local/lib/python3.8/site-packages/airflow/example_dags/tutorial_dag.py
[2023-12-12T22:24:58.345+0000] {logging_mixin.py:154} INFO - [2023-12-12T22:24:58.345+0000] {dag.py:2941} INFO - Sync 1 DAGs
[2023-12-12T22:24:58.361+0000] {logging_mixin.py:154} INFO - [2023-12-12T22:24:58.361+0000] {dag.py:3722} INFO - Setting next_dagrun for tutorial_dag to None, run_after=None
[2023-12-12T22:24:58.388+0000] {processor.py:179} INFO - Processing /home/airflow/.local/lib/python3.8/site-packages/airflow/example_dags/tutorial_dag.py took 0.097 seconds
[2023-12-12T22:25:28.495+0000] {processor.py:157} INFO - Started process (PID=332) to work on /home/airflow/.local/lib/python3.8/site-packages/airflow/example_dags/tutorial_dag.py
[2023-12-12T22:25:28.496+0000] {processor.py:829} INFO - Processing file /home/airflow/.local/lib/python3.8/site-packages/airflow/example_dags/tutorial_dag.py for tasks to queue
[2023-12-12T22:25:28.499+0000] {logging_mixin.py:154} INFO - [2023-12-12T22:25:28.499+0000] {dagbag.py:536} INFO - Filling up the DagBag from /home/airflow/.local/lib/python3.8/site-packages/airflow/example_dags/tutorial_dag.py
[2023-12-12T22:25:28.505+0000] {processor.py:839} INFO - DAG(s) dict_keys(['tutorial_dag']) retrieved from /home/airflow/.local/lib/python3.8/site-packages/airflow/example_dags/tutorial_dag.py
[2023-12-12T22:25:28.536+0000] {logging_mixin.py:154} INFO - [2023-12-12T22:25:28.536+0000] {dag.py:2941} INFO - Sync 1 DAGs
[2023-12-12T22:25:28.559+0000] {logging_mixin.py:154} INFO - [2023-12-12T22:25:28.559+0000] {dag.py:3722} INFO - Setting next_dagrun for tutorial_dag to None, run_after=None
[2023-12-12T22:25:28.588+0000] {processor.py:179} INFO - Processing /home/airflow/.local/lib/python3.8/site-packages/airflow/example_dags/tutorial_dag.py took 0.096 seconds
[2023-12-12T22:25:58.691+0000] {processor.py:157} INFO - Started process (PID=386) to work on /home/airflow/.local/lib/python3.8/site-packages/airflow/example_dags/tutorial_dag.py
[2023-12-12T22:25:58.692+0000] {processor.py:829} INFO - Processing file /home/airflow/.local/lib/python3.8/site-packages/airflow/example_dags/tutorial_dag.py for tasks to queue
[2023-12-12T22:25:58.695+0000] {logging_mixin.py:154} INFO - [2023-12-12T22:25:58.695+0000] {dagbag.py:536} INFO - Filling up the DagBag from /home/airflow/.local/lib/python3.8/site-packages/airflow/example_dags/tutorial_dag.py
[2023-12-12T22:25:58.703+0000] {processor.py:839} INFO - DAG(s) dict_keys(['tutorial_dag']) retrieved from /home/airflow/.local/lib/python3.8/site-packages/airflow/example_dags/tutorial_dag.py
[2023-12-12T22:25:58.729+0000] {logging_mixin.py:154} INFO - [2023-12-12T22:25:58.728+0000] {dag.py:2941} INFO - Sync 1 DAGs
[2023-12-12T22:25:58.744+0000] {logging_mixin.py:154} INFO - [2023-12-12T22:25:58.744+0000] {dag.py:3722} INFO - Setting next_dagrun for tutorial_dag to None, run_after=None
[2023-12-12T22:25:58.770+0000] {processor.py:179} INFO - Processing /home/airflow/.local/lib/python3.8/site-packages/airflow/example_dags/tutorial_dag.py took 0.083 seconds
[2023-12-12T22:26:29.437+0000] {processor.py:157} INFO - Started process (PID=440) to work on /home/airflow/.local/lib/python3.8/site-packages/airflow/example_dags/tutorial_dag.py
[2023-12-12T22:26:29.439+0000] {processor.py:829} INFO - Processing file /home/airflow/.local/lib/python3.8/site-packages/airflow/example_dags/tutorial_dag.py for tasks to queue
[2023-12-12T22:26:29.444+0000] {logging_mixin.py:154} INFO - [2023-12-12T22:26:29.444+0000] {dagbag.py:536} INFO - Filling up the DagBag from /home/airflow/.local/lib/python3.8/site-packages/airflow/example_dags/tutorial_dag.py
[2023-12-12T22:26:29.456+0000] {processor.py:839} INFO - DAG(s) dict_keys(['tutorial_dag']) retrieved from /home/airflow/.local/lib/python3.8/site-packages/airflow/example_dags/tutorial_dag.py
[2023-12-12T22:26:29.483+0000] {logging_mixin.py:154} INFO - [2023-12-12T22:26:29.482+0000] {dag.py:2941} INFO - Sync 1 DAGs
[2023-12-12T22:26:29.498+0000] {logging_mixin.py:154} INFO - [2023-12-12T22:26:29.498+0000] {dag.py:3722} INFO - Setting next_dagrun for tutorial_dag to None, run_after=None
[2023-12-12T22:26:29.529+0000] {processor.py:179} INFO - Processing /home/airflow/.local/lib/python3.8/site-packages/airflow/example_dags/tutorial_dag.py took 0.100 seconds
[2023-12-12T22:26:59.862+0000] {processor.py:157} INFO - Started process (PID=494) to work on /home/airflow/.local/lib/python3.8/site-packages/airflow/example_dags/tutorial_dag.py
[2023-12-12T22:26:59.864+0000] {processor.py:829} INFO - Processing file /home/airflow/.local/lib/python3.8/site-packages/airflow/example_dags/tutorial_dag.py for tasks to queue
[2023-12-12T22:26:59.868+0000] {logging_mixin.py:154} INFO - [2023-12-12T22:26:59.867+0000] {dagbag.py:536} INFO - Filling up the DagBag from /home/airflow/.local/lib/python3.8/site-packages/airflow/example_dags/tutorial_dag.py
[2023-12-12T22:26:59.877+0000] {processor.py:839} INFO - DAG(s) dict_keys(['tutorial_dag']) retrieved from /home/airflow/.local/lib/python3.8/site-packages/airflow/example_dags/tutorial_dag.py
[2023-12-12T22:26:59.911+0000] {logging_mixin.py:154} INFO - [2023-12-12T22:26:59.911+0000] {dag.py:2941} INFO - Sync 1 DAGs
[2023-12-12T22:26:59.935+0000] {logging_mixin.py:154} INFO - [2023-12-12T22:26:59.935+0000] {dag.py:3722} INFO - Setting next_dagrun for tutorial_dag to None, run_after=None
[2023-12-12T22:26:59.971+0000] {processor.py:179} INFO - Processing /home/airflow/.local/lib/python3.8/site-packages/airflow/example_dags/tutorial_dag.py took 0.114 seconds
[2023-12-12T22:27:30.452+0000] {processor.py:157} INFO - Started process (PID=555) to work on /home/airflow/.local/lib/python3.8/site-packages/airflow/example_dags/tutorial_dag.py
[2023-12-12T22:27:30.454+0000] {processor.py:829} INFO - Processing file /home/airflow/.local/lib/python3.8/site-packages/airflow/example_dags/tutorial_dag.py for tasks to queue
[2023-12-12T22:27:30.458+0000] {logging_mixin.py:154} INFO - [2023-12-12T22:27:30.458+0000] {dagbag.py:536} INFO - Filling up the DagBag from /home/airflow/.local/lib/python3.8/site-packages/airflow/example_dags/tutorial_dag.py
[2023-12-12T22:27:30.467+0000] {processor.py:839} INFO - DAG(s) dict_keys(['tutorial_dag']) retrieved from /home/airflow/.local/lib/python3.8/site-packages/airflow/example_dags/tutorial_dag.py
[2023-12-12T22:27:30.500+0000] {logging_mixin.py:154} INFO - [2023-12-12T22:27:30.500+0000] {dag.py:2941} INFO - Sync 1 DAGs
[2023-12-12T22:27:30.527+0000] {logging_mixin.py:154} INFO - [2023-12-12T22:27:30.527+0000] {dag.py:3722} INFO - Setting next_dagrun for tutorial_dag to None, run_after=None
[2023-12-12T22:27:30.587+0000] {processor.py:179} INFO - Processing /home/airflow/.local/lib/python3.8/site-packages/airflow/example_dags/tutorial_dag.py took 0.140 seconds
[2023-12-12T22:28:01.596+0000] {processor.py:157} INFO - Started process (PID=609) to work on /home/airflow/.local/lib/python3.8/site-packages/airflow/example_dags/tutorial_dag.py
[2023-12-12T22:28:01.598+0000] {processor.py:829} INFO - Processing file /home/airflow/.local/lib/python3.8/site-packages/airflow/example_dags/tutorial_dag.py for tasks to queue
[2023-12-12T22:28:01.601+0000] {logging_mixin.py:154} INFO - [2023-12-12T22:28:01.600+0000] {dagbag.py:536} INFO - Filling up the DagBag from /home/airflow/.local/lib/python3.8/site-packages/airflow/example_dags/tutorial_dag.py
[2023-12-12T22:28:01.608+0000] {processor.py:839} INFO - DAG(s) dict_keys(['tutorial_dag']) retrieved from /home/airflow/.local/lib/python3.8/site-packages/airflow/example_dags/tutorial_dag.py
[2023-12-12T22:28:01.632+0000] {logging_mixin.py:154} INFO - [2023-12-12T22:28:01.632+0000] {dag.py:2941} INFO - Sync 1 DAGs
[2023-12-12T22:28:01.648+0000] {logging_mixin.py:154} INFO - [2023-12-12T22:28:01.648+0000] {dag.py:3722} INFO - Setting next_dagrun for tutorial_dag to None, run_after=None
[2023-12-12T22:28:01.673+0000] {processor.py:179} INFO - Processing /home/airflow/.local/lib/python3.8/site-packages/airflow/example_dags/tutorial_dag.py took 0.081 seconds
[2023-12-12T22:28:31.899+0000] {processor.py:157} INFO - Started process (PID=663) to work on /home/airflow/.local/lib/python3.8/site-packages/airflow/example_dags/tutorial_dag.py
[2023-12-12T22:28:31.901+0000] {processor.py:829} INFO - Processing file /home/airflow/.local/lib/python3.8/site-packages/airflow/example_dags/tutorial_dag.py for tasks to queue
[2023-12-12T22:28:31.905+0000] {logging_mixin.py:154} INFO - [2023-12-12T22:28:31.904+0000] {dagbag.py:536} INFO - Filling up the DagBag from /home/airflow/.local/lib/python3.8/site-packages/airflow/example_dags/tutorial_dag.py
[2023-12-12T22:28:31.913+0000] {processor.py:839} INFO - DAG(s) dict_keys(['tutorial_dag']) retrieved from /home/airflow/.local/lib/python3.8/site-packages/airflow/example_dags/tutorial_dag.py
[2023-12-12T22:28:31.945+0000] {logging_mixin.py:154} INFO - [2023-12-12T22:28:31.945+0000] {dag.py:2941} INFO - Sync 1 DAGs
[2023-12-12T22:28:31.963+0000] {logging_mixin.py:154} INFO - [2023-12-12T22:28:31.962+0000] {dag.py:3722} INFO - Setting next_dagrun for tutorial_dag to None, run_after=None
[2023-12-12T22:28:31.990+0000] {processor.py:179} INFO - Processing /home/airflow/.local/lib/python3.8/site-packages/airflow/example_dags/tutorial_dag.py took 0.098 seconds
