[2023-12-15T18:35:05.792+0000] {logging_mixin.py:154} INFO - Changing /opt/***/logs/dag_id=air_quality/run_id=manual__2023-12-15T18:29:57.286651+00:00/task_id=Create_Table permission to 509
[2023-12-15T18:35:05.793+0000] {logging_mixin.py:154} INFO - Failed to change /opt/***/logs/dag_id=air_quality/run_id=manual__2023-12-15T18:29:57.286651+00:00/task_id=Create_Table permission to 509: [Errno 1] Operation not permitted: '/opt/***/logs/dag_id=air_quality/run_id=manual__2023-12-15T18:29:57.286651+00:00/task_id=Create_Table'
[2023-12-15T18:35:05.825+0000] {logging_mixin.py:154} INFO - Changing /opt/***/logs/dag_id=air_quality/run_id=manual__2023-12-15T18:29:57.286651+00:00/task_id=Create_Table permission to 509
[2023-12-15T18:35:05.825+0000] {logging_mixin.py:154} INFO - Failed to change /opt/***/logs/dag_id=air_quality/run_id=manual__2023-12-15T18:29:57.286651+00:00/task_id=Create_Table permission to 509: [Errno 1] Operation not permitted: '/opt/***/logs/dag_id=air_quality/run_id=manual__2023-12-15T18:29:57.286651+00:00/task_id=Create_Table'
[2023-12-15T18:35:05.852+0000] {taskinstance.py:1159} INFO - Dependencies all met for dep_context=non-requeueable deps ti=<TaskInstance: air_quality.Create_Table manual__2023-12-15T18:29:57.286651+00:00 [queued]>
[2023-12-15T18:35:05.862+0000] {taskinstance.py:1159} INFO - Dependencies all met for dep_context=requeueable deps ti=<TaskInstance: air_quality.Create_Table manual__2023-12-15T18:29:57.286651+00:00 [queued]>
[2023-12-15T18:35:05.863+0000] {taskinstance.py:1361} INFO - Starting attempt 2 of 2
[2023-12-15T18:35:05.876+0000] {taskinstance.py:1382} INFO - Executing <Task(PostgresOperator): Create_Table> on 2023-12-15 18:29:57.286651+00:00
[2023-12-15T18:35:05.880+0000] {standard_task_runner.py:57} INFO - Started process 2143 to run task
[2023-12-15T18:35:05.882+0000] {standard_task_runner.py:84} INFO - Running: ['***', 'tasks', 'run', 'air_quality', 'Create_Table', 'manual__2023-12-15T18:29:57.286651+00:00', '--job-id', '100', '--raw', '--subdir', 'DAGS_FOLDER/airQuality.py', '--cfg-path', '/tmp/tmpgdxuzbmk']
[2023-12-15T18:35:05.883+0000] {standard_task_runner.py:85} INFO - Job 100: Subtask Create_Table
[2023-12-15T18:35:05.921+0000] {logging_mixin.py:154} INFO - Changing /opt/***/logs/dag_id=air_quality/run_id=manual__2023-12-15T18:29:57.286651+00:00/task_id=Create_Table permission to 509
[2023-12-15T18:35:05.921+0000] {logging_mixin.py:154} INFO - Failed to change /opt/***/logs/dag_id=air_quality/run_id=manual__2023-12-15T18:29:57.286651+00:00/task_id=Create_Table permission to 509: [Errno 1] Operation not permitted: '/opt/***/logs/dag_id=air_quality/run_id=manual__2023-12-15T18:29:57.286651+00:00/task_id=Create_Table'
[2023-12-15T18:35:05.923+0000] {task_command.py:416} INFO - Running <TaskInstance: air_quality.Create_Table manual__2023-12-15T18:29:57.286651+00:00 [running]> on host d739bc9bef06
[2023-12-15T18:35:05.985+0000] {taskinstance.py:1662} INFO - Exporting env vars: AIRFLOW_CTX_DAG_OWNER='ghifari' AIRFLOW_CTX_DAG_ID='air_quality' AIRFLOW_CTX_TASK_ID='Create_Table' AIRFLOW_CTX_EXECUTION_DATE='2023-12-15T18:29:57.286651+00:00' AIRFLOW_CTX_TRY_NUMBER='2' AIRFLOW_CTX_DAG_RUN_ID='manual__2023-12-15T18:29:57.286651+00:00'
[2023-12-15T18:35:05.986+0000] {sql.py:274} INFO - Executing: <function createTableSQL at 0x7f1d9445b9d0>
[2023-12-15T18:35:05.994+0000] {base.py:73} INFO - Using connection ID 'neonServerDB-Postgres' for task execution.
[2023-12-15T18:35:06.001+0000] {base.py:73} INFO - Using connection ID 'neonServerDB-Postgres' for task execution.
[2023-12-15T18:35:23.033+0000] {taskinstance.py:1937} ERROR - Task failed with exception
Traceback (most recent call last):
  File "/home/airflow/.local/lib/python3.8/site-packages/airflow/providers/common/sql/operators/sql.py", line 280, in execute
    output = hook.run(
  File "/home/airflow/.local/lib/python3.8/site-packages/airflow/providers/common/sql/hooks/sql.py", line 391, in run
    for sql_statement in sql_list:
TypeError: 'function' object is not iterable
[2023-12-15T18:35:23.055+0000] {taskinstance.py:211} INFO - Setting task Error_Response to SKIPPED due to dag's `fail_stop` setting.
[2023-12-15T18:35:23.056+0000] {taskinstance.py:208} INFO - Forcing task Insert_Data to fail due to dag's `fail_stop` setting
[2023-12-15T18:35:23.056+0000] {taskinstance.py:829} ERROR - Recording the task instance as FAILED
[2023-12-15T18:35:23.068+0000] {taskinstance.py:1400} INFO - Marking task as FAILED. dag_id=air_quality, task_id=Create_Table, execution_date=20231215T182957, start_date=20231215T183505, end_date=20231215T183523
[2023-12-15T18:35:23.102+0000] {standard_task_runner.py:104} ERROR - Failed to execute job 100 for task Create_Table ('function' object is not iterable; 2143)
[2023-12-15T18:35:23.145+0000] {local_task_job_runner.py:228} INFO - Task exited with return code 1
[2023-12-15T18:35:23.158+0000] {taskinstance.py:2778} INFO - 0 downstream tasks scheduled from follow-on schedule check
