[2023-12-16T13:22:31.173+0000] {logging_mixin.py:154} INFO - Changing /opt/***/logs/dag_id=air_quality/run_id=manual__2023-12-16T13:22:28.765557+00:00/task_id=Check_Response permission to 509
[2023-12-16T13:22:31.178+0000] {logging_mixin.py:154} INFO - Failed to change /opt/***/logs/dag_id=air_quality/run_id=manual__2023-12-16T13:22:28.765557+00:00/task_id=Check_Response permission to 509: [Errno 1] Operation not permitted: '/opt/***/logs/dag_id=air_quality/run_id=manual__2023-12-16T13:22:28.765557+00:00/task_id=Check_Response'
[2023-12-16T13:22:31.224+0000] {logging_mixin.py:154} INFO - Changing /opt/***/logs/dag_id=air_quality/run_id=manual__2023-12-16T13:22:28.765557+00:00/task_id=Check_Response permission to 509
[2023-12-16T13:22:31.225+0000] {logging_mixin.py:154} INFO - Failed to change /opt/***/logs/dag_id=air_quality/run_id=manual__2023-12-16T13:22:28.765557+00:00/task_id=Check_Response permission to 509: [Errno 1] Operation not permitted: '/opt/***/logs/dag_id=air_quality/run_id=manual__2023-12-16T13:22:28.765557+00:00/task_id=Check_Response'
[2023-12-16T13:22:31.287+0000] {taskinstance.py:1159} INFO - Dependencies all met for dep_context=non-requeueable deps ti=<TaskInstance: air_quality.Check_Response manual__2023-12-16T13:22:28.765557+00:00 [queued]>
[2023-12-16T13:22:31.309+0000] {taskinstance.py:1159} INFO - Dependencies all met for dep_context=requeueable deps ti=<TaskInstance: air_quality.Check_Response manual__2023-12-16T13:22:28.765557+00:00 [queued]>
[2023-12-16T13:22:31.310+0000] {taskinstance.py:1361} INFO - Starting attempt 1 of 2
[2023-12-16T13:22:31.343+0000] {taskinstance.py:1382} INFO - Executing <Task(BranchPythonOperator): Check_Response> on 2023-12-16 13:22:28.765557+00:00
[2023-12-16T13:22:31.350+0000] {standard_task_runner.py:57} INFO - Started process 2700 to run task
[2023-12-16T13:22:31.356+0000] {standard_task_runner.py:84} INFO - Running: ['***', 'tasks', 'run', 'air_quality', 'Check_Response', 'manual__2023-12-16T13:22:28.765557+00:00', '--job-id', '169', '--raw', '--subdir', 'DAGS_FOLDER/airQuality.py', '--cfg-path', '/tmp/tmpvlio515_']
[2023-12-16T13:22:31.359+0000] {standard_task_runner.py:85} INFO - Job 169: Subtask Check_Response
[2023-12-16T13:22:31.450+0000] {logging_mixin.py:154} INFO - Changing /opt/***/logs/dag_id=air_quality/run_id=manual__2023-12-16T13:22:28.765557+00:00/task_id=Check_Response permission to 509
[2023-12-16T13:22:31.451+0000] {logging_mixin.py:154} INFO - Failed to change /opt/***/logs/dag_id=air_quality/run_id=manual__2023-12-16T13:22:28.765557+00:00/task_id=Check_Response permission to 509: [Errno 1] Operation not permitted: '/opt/***/logs/dag_id=air_quality/run_id=manual__2023-12-16T13:22:28.765557+00:00/task_id=Check_Response'
[2023-12-16T13:22:31.456+0000] {task_command.py:416} INFO - Running <TaskInstance: air_quality.Check_Response manual__2023-12-16T13:22:28.765557+00:00 [running]> on host d739bc9bef06
[2023-12-16T13:22:31.618+0000] {taskinstance.py:1662} INFO - Exporting env vars: AIRFLOW_CTX_DAG_OWNER='ghifari' AIRFLOW_CTX_DAG_ID='air_quality' AIRFLOW_CTX_TASK_ID='Check_Response' AIRFLOW_CTX_EXECUTION_DATE='2023-12-16T13:22:28.765557+00:00' AIRFLOW_CTX_TRY_NUMBER='1' AIRFLOW_CTX_DAG_RUN_ID='manual__2023-12-16T13:22:28.765557+00:00'
[2023-12-16T13:22:31.645+0000] {airQuality.py:186} INFO - Data Found: {'city': ['Jakarta'], 'country': ['ID'], 'unit': ['pm25'], 'last_value': [-999.0], 'lat': [-6.182536], 'lng': [106.834236]}
[2023-12-16T13:22:31.646+0000] {python.py:194} INFO - Done. Returned value was: Transform
[2023-12-16T13:22:31.647+0000] {python.py:227} INFO - Branch callable return Transform
[2023-12-16T13:22:31.649+0000] {skipmixin.py:173} INFO - Following branch Transform
[2023-12-16T13:22:31.678+0000] {skipmixin.py:239} INFO - Skipping tasks [('Error_Response', -1)]
[2023-12-16T13:22:31.766+0000] {taskinstance.py:1400} INFO - Marking task as SUCCESS. dag_id=air_quality, task_id=Check_Response, execution_date=20231216T132228, start_date=20231216T132231, end_date=20231216T132231
[2023-12-16T13:22:31.811+0000] {local_task_job_runner.py:228} INFO - Task exited with return code 0
[2023-12-16T13:22:31.864+0000] {taskinstance.py:2778} INFO - 0 downstream tasks scheduled from follow-on schedule check
