[2023-12-28T16:09:14.604+0000] {logging_mixin.py:154} INFO - Changing /opt/***/logs/dag_id=air_quality/run_id=scheduled__2023-12-20T04:00:00+00:00/task_id=CheckTable permission to 509
[2023-12-28T16:09:14.606+0000] {logging_mixin.py:154} INFO - Failed to change /opt/***/logs/dag_id=air_quality/run_id=scheduled__2023-12-20T04:00:00+00:00/task_id=CheckTable permission to 509: [Errno 1] Operation not permitted: '/opt/***/logs/dag_id=air_quality/run_id=scheduled__2023-12-20T04:00:00+00:00/task_id=CheckTable'
[2023-12-28T16:09:14.674+0000] {logging_mixin.py:154} INFO - Changing /opt/***/logs/dag_id=air_quality/run_id=scheduled__2023-12-20T04:00:00+00:00/task_id=CheckTable permission to 509
[2023-12-28T16:09:14.675+0000] {logging_mixin.py:154} INFO - Failed to change /opt/***/logs/dag_id=air_quality/run_id=scheduled__2023-12-20T04:00:00+00:00/task_id=CheckTable permission to 509: [Errno 1] Operation not permitted: '/opt/***/logs/dag_id=air_quality/run_id=scheduled__2023-12-20T04:00:00+00:00/task_id=CheckTable'
[2023-12-28T16:09:14.739+0000] {taskinstance.py:1159} INFO - Dependencies all met for dep_context=non-requeueable deps ti=<TaskInstance: air_quality.CheckTable scheduled__2023-12-20T04:00:00+00:00 [queued]>
[2023-12-28T16:09:14.761+0000] {taskinstance.py:1159} INFO - Dependencies all met for dep_context=requeueable deps ti=<TaskInstance: air_quality.CheckTable scheduled__2023-12-20T04:00:00+00:00 [queued]>
[2023-12-28T16:09:14.762+0000] {taskinstance.py:1361} INFO - Starting attempt 1 of 2
[2023-12-28T16:09:14.788+0000] {taskinstance.py:1382} INFO - Executing <Task(BranchPythonOperator): CheckTable> on 2023-12-20 04:00:00+00:00
[2023-12-28T16:09:14.794+0000] {standard_task_runner.py:57} INFO - Started process 575 to run task
[2023-12-28T16:09:14.799+0000] {standard_task_runner.py:84} INFO - Running: ['***', 'tasks', 'run', 'air_quality', 'CheckTable', 'scheduled__2023-12-20T04:00:00+00:00', '--job-id', '776', '--raw', '--subdir', 'DAGS_FOLDER/airQuality.py', '--cfg-path', '/tmp/tmpi8bx14aw']
[2023-12-28T16:09:14.800+0000] {standard_task_runner.py:85} INFO - Job 776: Subtask CheckTable
[2023-12-28T16:09:14.891+0000] {logging_mixin.py:154} INFO - Changing /opt/***/logs/dag_id=air_quality/run_id=scheduled__2023-12-20T04:00:00+00:00/task_id=CheckTable permission to 509
[2023-12-28T16:09:14.892+0000] {logging_mixin.py:154} INFO - Failed to change /opt/***/logs/dag_id=air_quality/run_id=scheduled__2023-12-20T04:00:00+00:00/task_id=CheckTable permission to 509: [Errno 1] Operation not permitted: '/opt/***/logs/dag_id=air_quality/run_id=scheduled__2023-12-20T04:00:00+00:00/task_id=CheckTable'
[2023-12-28T16:09:14.894+0000] {task_command.py:416} INFO - Running <TaskInstance: air_quality.CheckTable scheduled__2023-12-20T04:00:00+00:00 [running]> on host d67dd4682ccf
[2023-12-28T16:09:15.028+0000] {taskinstance.py:1662} INFO - Exporting env vars: AIRFLOW_CTX_DAG_OWNER='ghifari' AIRFLOW_CTX_DAG_ID='air_quality' AIRFLOW_CTX_TASK_ID='CheckTable' AIRFLOW_CTX_EXECUTION_DATE='2023-12-20T04:00:00+00:00' AIRFLOW_CTX_TRY_NUMBER='1' AIRFLOW_CTX_DAG_RUN_ID='scheduled__2023-12-20T04:00:00+00:00'
[2023-12-28T16:09:15.045+0000] {airQuality.py:183} INFO - Table Created: 
        CREATE TABLE air_quality (
            id serial primary key, 
            city varchar(250),
            country varchar(250), 
            unit varchar(20), 
            last_value float8, 
            lat float8,
            lng float8
        )
    
[2023-12-28T16:09:15.046+0000] {python.py:194} INFO - Done. Returned value was: Insert_Data
[2023-12-28T16:09:15.048+0000] {python.py:227} INFO - Branch callable return Insert_Data
[2023-12-28T16:09:15.048+0000] {skipmixin.py:173} INFO - Following branch Insert_Data
[2023-12-28T16:09:15.061+0000] {skipmixin.py:239} INFO - Skipping tasks []
[2023-12-28T16:09:15.113+0000] {taskinstance.py:1400} INFO - Marking task as SUCCESS. dag_id=air_quality, task_id=CheckTable, execution_date=20231220T040000, start_date=20231228T160914, end_date=20231228T160915
[2023-12-28T16:09:15.171+0000] {local_task_job_runner.py:228} INFO - Task exited with return code 0
[2023-12-28T16:09:15.224+0000] {taskinstance.py:2778} INFO - 1 downstream tasks scheduled from follow-on schedule check
[2023-12-28T16:52:18.516+0000] {logging_mixin.py:154} INFO - Changing /opt/***/logs/dag_id=air_quality/run_id=scheduled__2023-12-20T04:00:00+00:00/task_id=CheckTable permission to 509
[2023-12-28T16:52:18.520+0000] {logging_mixin.py:154} INFO - Failed to change /opt/***/logs/dag_id=air_quality/run_id=scheduled__2023-12-20T04:00:00+00:00/task_id=CheckTable permission to 509: [Errno 1] Operation not permitted: '/opt/***/logs/dag_id=air_quality/run_id=scheduled__2023-12-20T04:00:00+00:00/task_id=CheckTable'
[2023-12-28T16:52:18.699+0000] {logging_mixin.py:154} INFO - Changing /opt/***/logs/dag_id=air_quality/run_id=scheduled__2023-12-20T04:00:00+00:00/task_id=CheckTable permission to 509
[2023-12-28T16:52:18.700+0000] {logging_mixin.py:154} INFO - Failed to change /opt/***/logs/dag_id=air_quality/run_id=scheduled__2023-12-20T04:00:00+00:00/task_id=CheckTable permission to 509: [Errno 1] Operation not permitted: '/opt/***/logs/dag_id=air_quality/run_id=scheduled__2023-12-20T04:00:00+00:00/task_id=CheckTable'
[2023-12-28T16:52:18.799+0000] {taskinstance.py:1159} INFO - Dependencies all met for dep_context=non-requeueable deps ti=<TaskInstance: air_quality.CheckTable scheduled__2023-12-20T04:00:00+00:00 [queued]>
[2023-12-28T16:52:18.854+0000] {taskinstance.py:1159} INFO - Dependencies all met for dep_context=requeueable deps ti=<TaskInstance: air_quality.CheckTable scheduled__2023-12-20T04:00:00+00:00 [queued]>
[2023-12-28T16:52:18.871+0000] {taskinstance.py:1361} INFO - Starting attempt 1 of 2
[2023-12-28T16:52:18.943+0000] {taskinstance.py:1382} INFO - Executing <Task(BranchPythonOperator): CheckTable> on 2023-12-20 04:00:00+00:00
[2023-12-28T16:52:18.953+0000] {standard_task_runner.py:57} INFO - Started process 451 to run task
[2023-12-28T16:52:18.961+0000] {standard_task_runner.py:84} INFO - Running: ['***', 'tasks', 'run', 'air_quality', 'CheckTable', 'scheduled__2023-12-20T04:00:00+00:00', '--job-id', '935', '--raw', '--subdir', 'DAGS_FOLDER/airQuality.py', '--cfg-path', '/tmp/tmpjipns2qf']
[2023-12-28T16:52:18.983+0000] {standard_task_runner.py:85} INFO - Job 935: Subtask CheckTable
[2023-12-28T16:52:19.146+0000] {logging_mixin.py:154} INFO - Changing /opt/***/logs/dag_id=air_quality/run_id=scheduled__2023-12-20T04:00:00+00:00/task_id=CheckTable permission to 509
[2023-12-28T16:52:19.148+0000] {logging_mixin.py:154} INFO - Failed to change /opt/***/logs/dag_id=air_quality/run_id=scheduled__2023-12-20T04:00:00+00:00/task_id=CheckTable permission to 509: [Errno 1] Operation not permitted: '/opt/***/logs/dag_id=air_quality/run_id=scheduled__2023-12-20T04:00:00+00:00/task_id=CheckTable'
[2023-12-28T16:52:19.163+0000] {task_command.py:416} INFO - Running <TaskInstance: air_quality.CheckTable scheduled__2023-12-20T04:00:00+00:00 [running]> on host d67dd4682ccf
[2023-12-28T16:52:19.459+0000] {taskinstance.py:1662} INFO - Exporting env vars: AIRFLOW_CTX_DAG_OWNER='ghifari' AIRFLOW_CTX_DAG_ID='air_quality' AIRFLOW_CTX_TASK_ID='CheckTable' AIRFLOW_CTX_EXECUTION_DATE='2023-12-20T04:00:00+00:00' AIRFLOW_CTX_TRY_NUMBER='1' AIRFLOW_CTX_DAG_RUN_ID='scheduled__2023-12-20T04:00:00+00:00'
[2023-12-28T16:52:19.510+0000] {airQuality.py:183} INFO - Table Created: 
        CREATE TABLE air_quality (
            id serial primary key, 
            city varchar(250),
            country varchar(250), 
            unit varchar(20), 
            last_value float8, 
            lat float8,
            lng float8
        )
    
[2023-12-28T16:52:19.511+0000] {python.py:194} INFO - Done. Returned value was: Insert_Data
[2023-12-28T16:52:19.512+0000] {python.py:227} INFO - Branch callable return Insert_Data
[2023-12-28T16:52:19.513+0000] {skipmixin.py:173} INFO - Following branch Insert_Data
[2023-12-28T16:52:19.539+0000] {skipmixin.py:239} INFO - Skipping tasks []
[2023-12-28T16:52:19.681+0000] {taskinstance.py:1400} INFO - Marking task as SUCCESS. dag_id=air_quality, task_id=CheckTable, execution_date=20231220T040000, start_date=20231228T165218, end_date=20231228T165219
[2023-12-28T16:52:19.729+0000] {local_task_job_runner.py:228} INFO - Task exited with return code 0
[2023-12-28T16:52:19.810+0000] {taskinstance.py:2778} INFO - 1 downstream tasks scheduled from follow-on schedule check
[2023-12-28T16:52:52.483+0000] {logging_mixin.py:154} INFO - Changing /opt/***/logs/dag_id=air_quality/run_id=scheduled__2023-12-20T04:00:00+00:00/task_id=CheckTable permission to 509
[2023-12-28T16:52:52.485+0000] {logging_mixin.py:154} INFO - Failed to change /opt/***/logs/dag_id=air_quality/run_id=scheduled__2023-12-20T04:00:00+00:00/task_id=CheckTable permission to 509: [Errno 1] Operation not permitted: '/opt/***/logs/dag_id=air_quality/run_id=scheduled__2023-12-20T04:00:00+00:00/task_id=CheckTable'
[2023-12-28T16:52:52.558+0000] {logging_mixin.py:154} INFO - Changing /opt/***/logs/dag_id=air_quality/run_id=scheduled__2023-12-20T04:00:00+00:00/task_id=CheckTable permission to 509
[2023-12-28T16:52:52.559+0000] {logging_mixin.py:154} INFO - Failed to change /opt/***/logs/dag_id=air_quality/run_id=scheduled__2023-12-20T04:00:00+00:00/task_id=CheckTable permission to 509: [Errno 1] Operation not permitted: '/opt/***/logs/dag_id=air_quality/run_id=scheduled__2023-12-20T04:00:00+00:00/task_id=CheckTable'
[2023-12-28T16:52:52.644+0000] {taskinstance.py:1159} INFO - Dependencies all met for dep_context=non-requeueable deps ti=<TaskInstance: air_quality.CheckTable scheduled__2023-12-20T04:00:00+00:00 [queued]>
[2023-12-28T16:52:52.668+0000] {taskinstance.py:1159} INFO - Dependencies all met for dep_context=requeueable deps ti=<TaskInstance: air_quality.CheckTable scheduled__2023-12-20T04:00:00+00:00 [queued]>
[2023-12-28T16:52:52.669+0000] {taskinstance.py:1361} INFO - Starting attempt 1 of 2
[2023-12-28T16:52:52.742+0000] {taskinstance.py:1382} INFO - Executing <Task(BranchPythonOperator): CheckTable> on 2023-12-20 04:00:00+00:00
[2023-12-28T16:52:52.759+0000] {standard_task_runner.py:57} INFO - Started process 686 to run task
[2023-12-28T16:52:52.770+0000] {standard_task_runner.py:84} INFO - Running: ['***', 'tasks', 'run', 'air_quality', 'CheckTable', 'scheduled__2023-12-20T04:00:00+00:00', '--job-id', '992', '--raw', '--subdir', 'DAGS_FOLDER/airQuality.py', '--cfg-path', '/tmp/tmpxrtbb6f9']
[2023-12-28T16:52:52.773+0000] {standard_task_runner.py:85} INFO - Job 992: Subtask CheckTable
[2023-12-28T16:52:52.936+0000] {logging_mixin.py:154} INFO - Changing /opt/***/logs/dag_id=air_quality/run_id=scheduled__2023-12-20T04:00:00+00:00/task_id=CheckTable permission to 509
[2023-12-28T16:52:52.938+0000] {logging_mixin.py:154} INFO - Failed to change /opt/***/logs/dag_id=air_quality/run_id=scheduled__2023-12-20T04:00:00+00:00/task_id=CheckTable permission to 509: [Errno 1] Operation not permitted: '/opt/***/logs/dag_id=air_quality/run_id=scheduled__2023-12-20T04:00:00+00:00/task_id=CheckTable'
[2023-12-28T16:52:52.941+0000] {task_command.py:416} INFO - Running <TaskInstance: air_quality.CheckTable scheduled__2023-12-20T04:00:00+00:00 [running]> on host d67dd4682ccf
[2023-12-28T16:52:53.128+0000] {taskinstance.py:1662} INFO - Exporting env vars: AIRFLOW_CTX_DAG_OWNER='ghifari' AIRFLOW_CTX_DAG_ID='air_quality' AIRFLOW_CTX_TASK_ID='CheckTable' AIRFLOW_CTX_EXECUTION_DATE='2023-12-20T04:00:00+00:00' AIRFLOW_CTX_TRY_NUMBER='1' AIRFLOW_CTX_DAG_RUN_ID='scheduled__2023-12-20T04:00:00+00:00'
[2023-12-28T16:52:53.158+0000] {airQuality.py:183} INFO - Table Created: 
        CREATE TABLE air_quality (
            id serial primary key, 
            city varchar(250),
            country varchar(250), 
            unit varchar(20), 
            last_value float8, 
            lat float8,
            lng float8
        )
    
[2023-12-28T16:52:53.159+0000] {python.py:194} INFO - Done. Returned value was: Insert_Data
[2023-12-28T16:52:53.160+0000] {python.py:227} INFO - Branch callable return Insert_Data
[2023-12-28T16:52:53.161+0000] {skipmixin.py:173} INFO - Following branch Insert_Data
[2023-12-28T16:52:53.184+0000] {skipmixin.py:239} INFO - Skipping tasks []
[2023-12-28T16:52:53.285+0000] {taskinstance.py:1400} INFO - Marking task as SUCCESS. dag_id=air_quality, task_id=CheckTable, execution_date=20231220T040000, start_date=20231228T165252, end_date=20231228T165253
[2023-12-28T16:52:53.369+0000] {local_task_job_runner.py:228} INFO - Task exited with return code 0
[2023-12-28T16:52:53.539+0000] {taskinstance.py:2778} INFO - 1 downstream tasks scheduled from follow-on schedule check
[2023-12-28T16:55:18.134+0000] {logging_mixin.py:154} INFO - Changing /opt/***/logs/dag_id=air_quality/run_id=scheduled__2023-12-20T04:00:00+00:00/task_id=CheckTable permission to 509
[2023-12-28T16:55:18.166+0000] {logging_mixin.py:154} INFO - Failed to change /opt/***/logs/dag_id=air_quality/run_id=scheduled__2023-12-20T04:00:00+00:00/task_id=CheckTable permission to 509: [Errno 1] Operation not permitted: '/opt/***/logs/dag_id=air_quality/run_id=scheduled__2023-12-20T04:00:00+00:00/task_id=CheckTable'
[2023-12-28T16:55:18.475+0000] {logging_mixin.py:154} INFO - Changing /opt/***/logs/dag_id=air_quality/run_id=scheduled__2023-12-20T04:00:00+00:00/task_id=CheckTable permission to 509
[2023-12-28T16:55:18.477+0000] {logging_mixin.py:154} INFO - Failed to change /opt/***/logs/dag_id=air_quality/run_id=scheduled__2023-12-20T04:00:00+00:00/task_id=CheckTable permission to 509: [Errno 1] Operation not permitted: '/opt/***/logs/dag_id=air_quality/run_id=scheduled__2023-12-20T04:00:00+00:00/task_id=CheckTable'
[2023-12-28T16:55:18.734+0000] {taskinstance.py:1159} INFO - Dependencies all met for dep_context=non-requeueable deps ti=<TaskInstance: air_quality.CheckTable scheduled__2023-12-20T04:00:00+00:00 [queued]>
[2023-12-28T16:55:18.791+0000] {taskinstance.py:1159} INFO - Dependencies all met for dep_context=requeueable deps ti=<TaskInstance: air_quality.CheckTable scheduled__2023-12-20T04:00:00+00:00 [queued]>
[2023-12-28T16:55:18.794+0000] {taskinstance.py:1361} INFO - Starting attempt 1 of 2
[2023-12-28T16:55:18.854+0000] {taskinstance.py:1382} INFO - Executing <Task(BranchPythonOperator): CheckTable> on 2023-12-20 04:00:00+00:00
[2023-12-28T16:55:18.902+0000] {standard_task_runner.py:57} INFO - Started process 1378 to run task
[2023-12-28T16:55:18.924+0000] {standard_task_runner.py:84} INFO - Running: ['***', 'tasks', 'run', 'air_quality', 'CheckTable', 'scheduled__2023-12-20T04:00:00+00:00', '--job-id', '1170', '--raw', '--subdir', 'DAGS_FOLDER/airQuality.py', '--cfg-path', '/tmp/tmp4rwh4u4l']
[2023-12-28T16:55:18.928+0000] {standard_task_runner.py:85} INFO - Job 1170: Subtask CheckTable
[2023-12-28T16:55:19.439+0000] {logging_mixin.py:154} INFO - Changing /opt/***/logs/dag_id=air_quality/run_id=scheduled__2023-12-20T04:00:00+00:00/task_id=CheckTable permission to 509
[2023-12-28T16:55:19.442+0000] {logging_mixin.py:154} INFO - Failed to change /opt/***/logs/dag_id=air_quality/run_id=scheduled__2023-12-20T04:00:00+00:00/task_id=CheckTable permission to 509: [Errno 1] Operation not permitted: '/opt/***/logs/dag_id=air_quality/run_id=scheduled__2023-12-20T04:00:00+00:00/task_id=CheckTable'
[2023-12-28T16:55:19.459+0000] {task_command.py:416} INFO - Running <TaskInstance: air_quality.CheckTable scheduled__2023-12-20T04:00:00+00:00 [running]> on host d67dd4682ccf
[2023-12-28T16:55:19.919+0000] {taskinstance.py:1662} INFO - Exporting env vars: AIRFLOW_CTX_DAG_OWNER='ghifari' AIRFLOW_CTX_DAG_ID='air_quality' AIRFLOW_CTX_TASK_ID='CheckTable' AIRFLOW_CTX_EXECUTION_DATE='2023-12-20T04:00:00+00:00' AIRFLOW_CTX_TRY_NUMBER='1' AIRFLOW_CTX_DAG_RUN_ID='scheduled__2023-12-20T04:00:00+00:00'
[2023-12-28T16:55:19.995+0000] {airQuality.py:183} INFO - Table Created: 
        CREATE TABLE air_quality (
            id serial primary key, 
            city varchar(250),
            country varchar(250), 
            unit varchar(20), 
            last_value float8, 
            lat float8,
            lng float8
        )
    
[2023-12-28T16:55:20.010+0000] {python.py:194} INFO - Done. Returned value was: Insert_Data
[2023-12-28T16:55:20.019+0000] {python.py:227} INFO - Branch callable return Insert_Data
[2023-12-28T16:55:20.021+0000] {skipmixin.py:173} INFO - Following branch Insert_Data
[2023-12-28T16:55:20.138+0000] {skipmixin.py:239} INFO - Skipping tasks []
[2023-12-28T16:55:20.375+0000] {taskinstance.py:1400} INFO - Marking task as SUCCESS. dag_id=air_quality, task_id=CheckTable, execution_date=20231220T040000, start_date=20231228T165518, end_date=20231228T165520
[2023-12-28T16:55:20.479+0000] {local_task_job_runner.py:228} INFO - Task exited with return code 0
[2023-12-28T16:55:20.571+0000] {taskinstance.py:2778} INFO - 1 downstream tasks scheduled from follow-on schedule check
