[2023-12-17T11:18:47.118+0000] {logging_mixin.py:154} INFO - Changing /opt/***/logs/dag_id=air_quality/run_id=scheduled__2023-11-27T04:00:00+00:00/task_id=CheckTable permission to 509
[2023-12-17T11:18:47.120+0000] {logging_mixin.py:154} INFO - Failed to change /opt/***/logs/dag_id=air_quality/run_id=scheduled__2023-11-27T04:00:00+00:00/task_id=CheckTable permission to 509: [Errno 1] Operation not permitted: '/opt/***/logs/dag_id=air_quality/run_id=scheduled__2023-11-27T04:00:00+00:00/task_id=CheckTable'
[2023-12-17T11:18:47.301+0000] {logging_mixin.py:154} INFO - Changing /opt/***/logs/dag_id=air_quality/run_id=scheduled__2023-11-27T04:00:00+00:00/task_id=CheckTable permission to 509
[2023-12-17T11:18:47.313+0000] {logging_mixin.py:154} INFO - Failed to change /opt/***/logs/dag_id=air_quality/run_id=scheduled__2023-11-27T04:00:00+00:00/task_id=CheckTable permission to 509: [Errno 1] Operation not permitted: '/opt/***/logs/dag_id=air_quality/run_id=scheduled__2023-11-27T04:00:00+00:00/task_id=CheckTable'
[2023-12-17T11:18:47.428+0000] {taskinstance.py:1159} INFO - Dependencies all met for dep_context=non-requeueable deps ti=<TaskInstance: air_quality.CheckTable scheduled__2023-11-27T04:00:00+00:00 [queued]>
[2023-12-17T11:18:47.460+0000] {taskinstance.py:1159} INFO - Dependencies all met for dep_context=requeueable deps ti=<TaskInstance: air_quality.CheckTable scheduled__2023-11-27T04:00:00+00:00 [queued]>
[2023-12-17T11:18:47.461+0000] {taskinstance.py:1361} INFO - Starting attempt 1 of 2
[2023-12-17T11:18:47.754+0000] {taskinstance.py:1382} INFO - Executing <Task(BranchPythonOperator): CheckTable> on 2023-11-27 04:00:00+00:00
[2023-12-17T11:18:47.767+0000] {standard_task_runner.py:57} INFO - Started process 2199 to run task
[2023-12-17T11:18:47.778+0000] {standard_task_runner.py:84} INFO - Running: ['***', 'tasks', 'run', 'air_quality', 'CheckTable', 'scheduled__2023-11-27T04:00:00+00:00', '--job-id', '363', '--raw', '--subdir', 'DAGS_FOLDER/airQuality.py', '--cfg-path', '/tmp/tmpoq51vc6g']
[2023-12-17T11:18:47.790+0000] {standard_task_runner.py:85} INFO - Job 363: Subtask CheckTable
[2023-12-17T11:18:48.055+0000] {logging_mixin.py:154} INFO - Changing /opt/***/logs/dag_id=air_quality/run_id=scheduled__2023-11-27T04:00:00+00:00/task_id=CheckTable permission to 509
[2023-12-17T11:18:48.070+0000] {logging_mixin.py:154} INFO - Failed to change /opt/***/logs/dag_id=air_quality/run_id=scheduled__2023-11-27T04:00:00+00:00/task_id=CheckTable permission to 509: [Errno 1] Operation not permitted: '/opt/***/logs/dag_id=air_quality/run_id=scheduled__2023-11-27T04:00:00+00:00/task_id=CheckTable'
[2023-12-17T11:18:48.092+0000] {task_command.py:416} INFO - Running <TaskInstance: air_quality.CheckTable scheduled__2023-11-27T04:00:00+00:00 [running]> on host 1a58977f5573
[2023-12-17T11:18:48.410+0000] {taskinstance.py:1662} INFO - Exporting env vars: AIRFLOW_CTX_DAG_OWNER='ghifari' AIRFLOW_CTX_DAG_ID='air_quality' AIRFLOW_CTX_TASK_ID='CheckTable' AIRFLOW_CTX_EXECUTION_DATE='2023-11-27T04:00:00+00:00' AIRFLOW_CTX_TRY_NUMBER='1' AIRFLOW_CTX_DAG_RUN_ID='scheduled__2023-11-27T04:00:00+00:00'
[2023-12-17T11:18:48.464+0000] {airQuality.py:204} INFO - Table Created: 
        CREATE TABLE air_quality (
            id serial primary key, 
            city varchar(250),
            country varchar(250), 
            unit varchar(20), 
            last_value float8, 
            lat float8,
            lng float8
        )
    
[2023-12-17T11:18:48.465+0000] {python.py:194} INFO - Done. Returned value was: Insert_Data
[2023-12-17T11:18:48.474+0000] {python.py:227} INFO - Branch callable return Insert_Data
[2023-12-17T11:18:48.479+0000] {skipmixin.py:173} INFO - Following branch Insert_Data
[2023-12-17T11:18:48.499+0000] {skipmixin.py:239} INFO - Skipping tasks []
[2023-12-17T11:18:48.774+0000] {taskinstance.py:1400} INFO - Marking task as SUCCESS. dag_id=air_quality, task_id=CheckTable, execution_date=20231127T040000, start_date=20231217T111847, end_date=20231217T111848
[2023-12-17T11:18:48.879+0000] {local_task_job_runner.py:228} INFO - Task exited with return code 0
[2023-12-17T11:18:48.959+0000] {taskinstance.py:2778} INFO - 1 downstream tasks scheduled from follow-on schedule check
[2023-12-28T16:54:26.410+0000] {logging_mixin.py:154} INFO - Changing /opt/***/logs/dag_id=air_quality/run_id=scheduled__2023-11-27T04:00:00+00:00/task_id=CheckTable permission to 509
[2023-12-28T16:54:26.413+0000] {logging_mixin.py:154} INFO - Failed to change /opt/***/logs/dag_id=air_quality/run_id=scheduled__2023-11-27T04:00:00+00:00/task_id=CheckTable permission to 509: [Errno 1] Operation not permitted: '/opt/***/logs/dag_id=air_quality/run_id=scheduled__2023-11-27T04:00:00+00:00/task_id=CheckTable'
[2023-12-28T16:54:26.524+0000] {logging_mixin.py:154} INFO - Changing /opt/***/logs/dag_id=air_quality/run_id=scheduled__2023-11-27T04:00:00+00:00/task_id=CheckTable permission to 509
[2023-12-28T16:54:26.553+0000] {logging_mixin.py:154} INFO - Failed to change /opt/***/logs/dag_id=air_quality/run_id=scheduled__2023-11-27T04:00:00+00:00/task_id=CheckTable permission to 509: [Errno 1] Operation not permitted: '/opt/***/logs/dag_id=air_quality/run_id=scheduled__2023-11-27T04:00:00+00:00/task_id=CheckTable'
[2023-12-28T16:54:26.714+0000] {taskinstance.py:1159} INFO - Dependencies all met for dep_context=non-requeueable deps ti=<TaskInstance: air_quality.CheckTable scheduled__2023-11-27T04:00:00+00:00 [queued]>
[2023-12-28T16:54:26.764+0000] {taskinstance.py:1159} INFO - Dependencies all met for dep_context=requeueable deps ti=<TaskInstance: air_quality.CheckTable scheduled__2023-11-27T04:00:00+00:00 [queued]>
[2023-12-28T16:54:26.765+0000] {taskinstance.py:1361} INFO - Starting attempt 1 of 2
[2023-12-28T16:54:26.842+0000] {taskinstance.py:1382} INFO - Executing <Task(BranchPythonOperator): CheckTable> on 2023-11-27 04:00:00+00:00
[2023-12-28T16:54:26.873+0000] {standard_task_runner.py:57} INFO - Started process 929 to run task
[2023-12-28T16:54:26.872+0000] {standard_task_runner.py:84} INFO - Running: ['***', 'tasks', 'run', 'air_quality', 'CheckTable', 'scheduled__2023-11-27T04:00:00+00:00', '--job-id', '1068', '--raw', '--subdir', 'DAGS_FOLDER/airQuality.py', '--cfg-path', '/tmp/tmp4pcmschc']
[2023-12-28T16:54:26.882+0000] {standard_task_runner.py:85} INFO - Job 1068: Subtask CheckTable
[2023-12-28T16:54:27.160+0000] {logging_mixin.py:154} INFO - Changing /opt/***/logs/dag_id=air_quality/run_id=scheduled__2023-11-27T04:00:00+00:00/task_id=CheckTable permission to 509
[2023-12-28T16:54:27.163+0000] {logging_mixin.py:154} INFO - Failed to change /opt/***/logs/dag_id=air_quality/run_id=scheduled__2023-11-27T04:00:00+00:00/task_id=CheckTable permission to 509: [Errno 1] Operation not permitted: '/opt/***/logs/dag_id=air_quality/run_id=scheduled__2023-11-27T04:00:00+00:00/task_id=CheckTable'
[2023-12-28T16:54:27.167+0000] {task_command.py:416} INFO - Running <TaskInstance: air_quality.CheckTable scheduled__2023-11-27T04:00:00+00:00 [running]> on host d67dd4682ccf
[2023-12-28T16:54:27.727+0000] {taskinstance.py:1662} INFO - Exporting env vars: AIRFLOW_CTX_DAG_OWNER='ghifari' AIRFLOW_CTX_DAG_ID='air_quality' AIRFLOW_CTX_TASK_ID='CheckTable' AIRFLOW_CTX_EXECUTION_DATE='2023-11-27T04:00:00+00:00' AIRFLOW_CTX_TRY_NUMBER='1' AIRFLOW_CTX_DAG_RUN_ID='scheduled__2023-11-27T04:00:00+00:00'
[2023-12-28T16:54:27.778+0000] {airQuality.py:183} INFO - Table Created: 
        CREATE TABLE air_quality (
            id serial primary key, 
            city varchar(250),
            country varchar(250), 
            unit varchar(20), 
            last_value float8, 
            lat float8,
            lng float8
        )
    
[2023-12-28T16:54:27.780+0000] {python.py:194} INFO - Done. Returned value was: Insert_Data
[2023-12-28T16:54:27.785+0000] {python.py:227} INFO - Branch callable return Insert_Data
[2023-12-28T16:54:27.786+0000] {skipmixin.py:173} INFO - Following branch Insert_Data
[2023-12-28T16:54:27.849+0000] {skipmixin.py:239} INFO - Skipping tasks []
[2023-12-28T16:54:28.131+0000] {taskinstance.py:1400} INFO - Marking task as SUCCESS. dag_id=air_quality, task_id=CheckTable, execution_date=20231127T040000, start_date=20231228T165426, end_date=20231228T165428
[2023-12-28T16:54:28.376+0000] {local_task_job_runner.py:228} INFO - Task exited with return code 0
[2023-12-28T16:54:28.813+0000] {taskinstance.py:2778} INFO - 0 downstream tasks scheduled from follow-on schedule check
