[2023-12-17T11:19:15.464+0000] {logging_mixin.py:154} INFO - Changing /opt/***/logs/dag_id=air_quality/run_id=scheduled__2023-12-08T04:00:00+00:00/task_id=CheckTable permission to 509
[2023-12-17T11:19:15.467+0000] {logging_mixin.py:154} INFO - Failed to change /opt/***/logs/dag_id=air_quality/run_id=scheduled__2023-12-08T04:00:00+00:00/task_id=CheckTable permission to 509: [Errno 1] Operation not permitted: '/opt/***/logs/dag_id=air_quality/run_id=scheduled__2023-12-08T04:00:00+00:00/task_id=CheckTable'
[2023-12-17T11:19:15.575+0000] {logging_mixin.py:154} INFO - Changing /opt/***/logs/dag_id=air_quality/run_id=scheduled__2023-12-08T04:00:00+00:00/task_id=CheckTable permission to 509
[2023-12-17T11:19:15.577+0000] {logging_mixin.py:154} INFO - Failed to change /opt/***/logs/dag_id=air_quality/run_id=scheduled__2023-12-08T04:00:00+00:00/task_id=CheckTable permission to 509: [Errno 1] Operation not permitted: '/opt/***/logs/dag_id=air_quality/run_id=scheduled__2023-12-08T04:00:00+00:00/task_id=CheckTable'
[2023-12-17T11:19:15.686+0000] {taskinstance.py:1159} INFO - Dependencies all met for dep_context=non-requeueable deps ti=<TaskInstance: air_quality.CheckTable scheduled__2023-12-08T04:00:00+00:00 [queued]>
[2023-12-17T11:19:15.768+0000] {taskinstance.py:1159} INFO - Dependencies all met for dep_context=requeueable deps ti=<TaskInstance: air_quality.CheckTable scheduled__2023-12-08T04:00:00+00:00 [queued]>
[2023-12-17T11:19:15.770+0000] {taskinstance.py:1361} INFO - Starting attempt 1 of 2
[2023-12-17T11:19:15.828+0000] {taskinstance.py:1382} INFO - Executing <Task(BranchPythonOperator): CheckTable> on 2023-12-08 04:00:00+00:00
[2023-12-17T11:19:15.839+0000] {standard_task_runner.py:57} INFO - Started process 2468 to run task
[2023-12-17T11:19:15.855+0000] {standard_task_runner.py:84} INFO - Running: ['***', 'tasks', 'run', 'air_quality', 'CheckTable', 'scheduled__2023-12-08T04:00:00+00:00', '--job-id', '415', '--raw', '--subdir', 'DAGS_FOLDER/airQuality.py', '--cfg-path', '/tmp/tmp1__ywp7k']
[2023-12-17T11:19:15.858+0000] {standard_task_runner.py:85} INFO - Job 415: Subtask CheckTable
[2023-12-17T11:19:16.004+0000] {logging_mixin.py:154} INFO - Changing /opt/***/logs/dag_id=air_quality/run_id=scheduled__2023-12-08T04:00:00+00:00/task_id=CheckTable permission to 509
[2023-12-17T11:19:16.009+0000] {logging_mixin.py:154} INFO - Failed to change /opt/***/logs/dag_id=air_quality/run_id=scheduled__2023-12-08T04:00:00+00:00/task_id=CheckTable permission to 509: [Errno 1] Operation not permitted: '/opt/***/logs/dag_id=air_quality/run_id=scheduled__2023-12-08T04:00:00+00:00/task_id=CheckTable'
[2023-12-17T11:19:16.014+0000] {task_command.py:416} INFO - Running <TaskInstance: air_quality.CheckTable scheduled__2023-12-08T04:00:00+00:00 [running]> on host 1a58977f5573
[2023-12-17T11:19:16.409+0000] {taskinstance.py:1662} INFO - Exporting env vars: AIRFLOW_CTX_DAG_OWNER='ghifari' AIRFLOW_CTX_DAG_ID='air_quality' AIRFLOW_CTX_TASK_ID='CheckTable' AIRFLOW_CTX_EXECUTION_DATE='2023-12-08T04:00:00+00:00' AIRFLOW_CTX_TRY_NUMBER='1' AIRFLOW_CTX_DAG_RUN_ID='scheduled__2023-12-08T04:00:00+00:00'
[2023-12-17T11:19:16.445+0000] {airQuality.py:204} INFO - Table Created: 
        CREATE TABLE air_quality (
            id serial primary key, 
            city varchar(250),
            country varchar(250), 
            unit varchar(20), 
            last_value float8, 
            lat float8,
            lng float8
        )
    
[2023-12-17T11:19:16.447+0000] {python.py:194} INFO - Done. Returned value was: Insert_Data
[2023-12-17T11:19:16.448+0000] {python.py:227} INFO - Branch callable return Insert_Data
[2023-12-17T11:19:16.450+0000] {skipmixin.py:173} INFO - Following branch Insert_Data
[2023-12-17T11:19:16.471+0000] {skipmixin.py:239} INFO - Skipping tasks []
[2023-12-17T11:19:16.622+0000] {taskinstance.py:1400} INFO - Marking task as SUCCESS. dag_id=air_quality, task_id=CheckTable, execution_date=20231208T040000, start_date=20231217T111915, end_date=20231217T111916
[2023-12-17T11:19:16.718+0000] {local_task_job_runner.py:228} INFO - Task exited with return code 0
[2023-12-17T11:19:16.799+0000] {taskinstance.py:2778} INFO - 1 downstream tasks scheduled from follow-on schedule check
[2023-12-17T12:18:23.195+0000] {logging_mixin.py:154} INFO - Changing /opt/***/logs/dag_id=air_quality/run_id=scheduled__2023-12-08T04:00:00+00:00/task_id=CheckTable permission to 509
[2023-12-17T12:18:23.198+0000] {logging_mixin.py:154} INFO - Failed to change /opt/***/logs/dag_id=air_quality/run_id=scheduled__2023-12-08T04:00:00+00:00/task_id=CheckTable permission to 509: [Errno 1] Operation not permitted: '/opt/***/logs/dag_id=air_quality/run_id=scheduled__2023-12-08T04:00:00+00:00/task_id=CheckTable'
[2023-12-17T12:18:23.330+0000] {logging_mixin.py:154} INFO - Changing /opt/***/logs/dag_id=air_quality/run_id=scheduled__2023-12-08T04:00:00+00:00/task_id=CheckTable permission to 509
[2023-12-17T12:18:23.333+0000] {logging_mixin.py:154} INFO - Failed to change /opt/***/logs/dag_id=air_quality/run_id=scheduled__2023-12-08T04:00:00+00:00/task_id=CheckTable permission to 509: [Errno 1] Operation not permitted: '/opt/***/logs/dag_id=air_quality/run_id=scheduled__2023-12-08T04:00:00+00:00/task_id=CheckTable'
[2023-12-17T12:18:23.453+0000] {taskinstance.py:1159} INFO - Dependencies all met for dep_context=non-requeueable deps ti=<TaskInstance: air_quality.CheckTable scheduled__2023-12-08T04:00:00+00:00 [queued]>
[2023-12-17T12:18:23.487+0000] {taskinstance.py:1159} INFO - Dependencies all met for dep_context=requeueable deps ti=<TaskInstance: air_quality.CheckTable scheduled__2023-12-08T04:00:00+00:00 [queued]>
[2023-12-17T12:18:23.490+0000] {taskinstance.py:1361} INFO - Starting attempt 1 of 2
[2023-12-17T12:18:23.544+0000] {taskinstance.py:1382} INFO - Executing <Task(BranchPythonOperator): CheckTable> on 2023-12-08 04:00:00+00:00
[2023-12-17T12:18:23.554+0000] {standard_task_runner.py:57} INFO - Started process 4185 to run task
[2023-12-17T12:18:23.563+0000] {standard_task_runner.py:84} INFO - Running: ['***', 'tasks', 'run', 'air_quality', 'CheckTable', 'scheduled__2023-12-08T04:00:00+00:00', '--job-id', '628', '--raw', '--subdir', 'DAGS_FOLDER/airQuality.py', '--cfg-path', '/tmp/tmps7nci9g4']
[2023-12-17T12:18:23.566+0000] {standard_task_runner.py:85} INFO - Job 628: Subtask CheckTable
[2023-12-17T12:18:23.746+0000] {logging_mixin.py:154} INFO - Changing /opt/***/logs/dag_id=air_quality/run_id=scheduled__2023-12-08T04:00:00+00:00/task_id=CheckTable permission to 509
[2023-12-17T12:18:23.747+0000] {logging_mixin.py:154} INFO - Failed to change /opt/***/logs/dag_id=air_quality/run_id=scheduled__2023-12-08T04:00:00+00:00/task_id=CheckTable permission to 509: [Errno 1] Operation not permitted: '/opt/***/logs/dag_id=air_quality/run_id=scheduled__2023-12-08T04:00:00+00:00/task_id=CheckTable'
[2023-12-17T12:18:23.762+0000] {task_command.py:416} INFO - Running <TaskInstance: air_quality.CheckTable scheduled__2023-12-08T04:00:00+00:00 [running]> on host 1a58977f5573
[2023-12-17T12:18:24.127+0000] {taskinstance.py:1662} INFO - Exporting env vars: AIRFLOW_CTX_DAG_OWNER='ghifari' AIRFLOW_CTX_DAG_ID='air_quality' AIRFLOW_CTX_TASK_ID='CheckTable' AIRFLOW_CTX_EXECUTION_DATE='2023-12-08T04:00:00+00:00' AIRFLOW_CTX_TRY_NUMBER='1' AIRFLOW_CTX_DAG_RUN_ID='scheduled__2023-12-08T04:00:00+00:00'
[2023-12-17T12:18:24.183+0000] {airQuality.py:205} INFO - Table Created: 
        CREATE TABLE air_quality (
            id serial primary key, 
            city varchar(250),
            country varchar(250), 
            unit varchar(20), 
            last_value float8, 
            lat float8,
            lng float8
        )
    
[2023-12-17T12:18:24.184+0000] {python.py:194} INFO - Done. Returned value was: Insert_Data
[2023-12-17T12:18:24.185+0000] {python.py:227} INFO - Branch callable return Insert_Data
[2023-12-17T12:18:24.188+0000] {skipmixin.py:173} INFO - Following branch Insert_Data
[2023-12-17T12:18:24.227+0000] {skipmixin.py:239} INFO - Skipping tasks []
[2023-12-17T12:18:24.468+0000] {taskinstance.py:1400} INFO - Marking task as SUCCESS. dag_id=air_quality, task_id=CheckTable, execution_date=20231208T040000, start_date=20231217T121823, end_date=20231217T121824
[2023-12-17T12:18:24.653+0000] {local_task_job_runner.py:228} INFO - Task exited with return code 0
[2023-12-17T12:18:25.110+0000] {taskinstance.py:2778} INFO - 0 downstream tasks scheduled from follow-on schedule check
[2023-12-17T12:18:55.718+0000] {logging_mixin.py:154} INFO - Changing /opt/***/logs/dag_id=air_quality/run_id=scheduled__2023-12-08T04:00:00+00:00/task_id=CheckTable permission to 509
[2023-12-17T12:18:55.720+0000] {logging_mixin.py:154} INFO - Failed to change /opt/***/logs/dag_id=air_quality/run_id=scheduled__2023-12-08T04:00:00+00:00/task_id=CheckTable permission to 509: [Errno 1] Operation not permitted: '/opt/***/logs/dag_id=air_quality/run_id=scheduled__2023-12-08T04:00:00+00:00/task_id=CheckTable'
[2023-12-17T12:18:55.800+0000] {logging_mixin.py:154} INFO - Changing /opt/***/logs/dag_id=air_quality/run_id=scheduled__2023-12-08T04:00:00+00:00/task_id=CheckTable permission to 509
[2023-12-17T12:18:55.801+0000] {logging_mixin.py:154} INFO - Failed to change /opt/***/logs/dag_id=air_quality/run_id=scheduled__2023-12-08T04:00:00+00:00/task_id=CheckTable permission to 509: [Errno 1] Operation not permitted: '/opt/***/logs/dag_id=air_quality/run_id=scheduled__2023-12-08T04:00:00+00:00/task_id=CheckTable'
[2023-12-17T12:18:55.872+0000] {taskinstance.py:1159} INFO - Dependencies all met for dep_context=non-requeueable deps ti=<TaskInstance: air_quality.CheckTable scheduled__2023-12-08T04:00:00+00:00 [queued]>
[2023-12-17T12:18:55.898+0000] {taskinstance.py:1159} INFO - Dependencies all met for dep_context=requeueable deps ti=<TaskInstance: air_quality.CheckTable scheduled__2023-12-08T04:00:00+00:00 [queued]>
[2023-12-17T12:18:55.899+0000] {taskinstance.py:1361} INFO - Starting attempt 1 of 2
[2023-12-17T12:18:55.933+0000] {taskinstance.py:1382} INFO - Executing <Task(BranchPythonOperator): CheckTable> on 2023-12-08 04:00:00+00:00
[2023-12-17T12:18:55.942+0000] {standard_task_runner.py:57} INFO - Started process 4480 to run task
[2023-12-17T12:18:55.950+0000] {standard_task_runner.py:84} INFO - Running: ['***', 'tasks', 'run', 'air_quality', 'CheckTable', 'scheduled__2023-12-08T04:00:00+00:00', '--job-id', '689', '--raw', '--subdir', 'DAGS_FOLDER/airQuality.py', '--cfg-path', '/tmp/tmpfvfa5yyk']
[2023-12-17T12:18:55.952+0000] {standard_task_runner.py:85} INFO - Job 689: Subtask CheckTable
[2023-12-17T12:18:56.057+0000] {logging_mixin.py:154} INFO - Changing /opt/***/logs/dag_id=air_quality/run_id=scheduled__2023-12-08T04:00:00+00:00/task_id=CheckTable permission to 509
[2023-12-17T12:18:56.058+0000] {logging_mixin.py:154} INFO - Failed to change /opt/***/logs/dag_id=air_quality/run_id=scheduled__2023-12-08T04:00:00+00:00/task_id=CheckTable permission to 509: [Errno 1] Operation not permitted: '/opt/***/logs/dag_id=air_quality/run_id=scheduled__2023-12-08T04:00:00+00:00/task_id=CheckTable'
[2023-12-17T12:18:56.062+0000] {task_command.py:416} INFO - Running <TaskInstance: air_quality.CheckTable scheduled__2023-12-08T04:00:00+00:00 [running]> on host 1a58977f5573
[2023-12-17T12:18:56.229+0000] {taskinstance.py:1662} INFO - Exporting env vars: AIRFLOW_CTX_DAG_OWNER='ghifari' AIRFLOW_CTX_DAG_ID='air_quality' AIRFLOW_CTX_TASK_ID='CheckTable' AIRFLOW_CTX_EXECUTION_DATE='2023-12-08T04:00:00+00:00' AIRFLOW_CTX_TRY_NUMBER='1' AIRFLOW_CTX_DAG_RUN_ID='scheduled__2023-12-08T04:00:00+00:00'
[2023-12-17T12:18:56.255+0000] {airQuality.py:205} INFO - Table Created: 
        CREATE TABLE air_quality (
            id serial primary key, 
            city varchar(250),
            country varchar(250), 
            unit varchar(20), 
            last_value float8, 
            lat float8,
            lng float8
        )
    
[2023-12-17T12:18:56.256+0000] {python.py:194} INFO - Done. Returned value was: Insert_Data
[2023-12-17T12:18:56.257+0000] {python.py:227} INFO - Branch callable return Insert_Data
[2023-12-17T12:18:56.258+0000] {skipmixin.py:173} INFO - Following branch Insert_Data
[2023-12-17T12:18:56.273+0000] {skipmixin.py:239} INFO - Skipping tasks []
[2023-12-17T12:18:56.334+0000] {taskinstance.py:1400} INFO - Marking task as SUCCESS. dag_id=air_quality, task_id=CheckTable, execution_date=20231208T040000, start_date=20231217T121855, end_date=20231217T121856
[2023-12-17T12:18:56.366+0000] {local_task_job_runner.py:228} INFO - Task exited with return code 0
[2023-12-17T12:18:56.470+0000] {taskinstance.py:2778} INFO - 0 downstream tasks scheduled from follow-on schedule check
[2023-12-28T16:52:03.363+0000] {logging_mixin.py:154} INFO - Changing /opt/***/logs/dag_id=air_quality/run_id=scheduled__2023-12-08T04:00:00+00:00/task_id=CheckTable permission to 509
[2023-12-28T16:52:03.366+0000] {logging_mixin.py:154} INFO - Failed to change /opt/***/logs/dag_id=air_quality/run_id=scheduled__2023-12-08T04:00:00+00:00/task_id=CheckTable permission to 509: [Errno 1] Operation not permitted: '/opt/***/logs/dag_id=air_quality/run_id=scheduled__2023-12-08T04:00:00+00:00/task_id=CheckTable'
[2023-12-28T16:52:03.563+0000] {logging_mixin.py:154} INFO - Changing /opt/***/logs/dag_id=air_quality/run_id=scheduled__2023-12-08T04:00:00+00:00/task_id=CheckTable permission to 509
[2023-12-28T16:52:03.576+0000] {logging_mixin.py:154} INFO - Failed to change /opt/***/logs/dag_id=air_quality/run_id=scheduled__2023-12-08T04:00:00+00:00/task_id=CheckTable permission to 509: [Errno 1] Operation not permitted: '/opt/***/logs/dag_id=air_quality/run_id=scheduled__2023-12-08T04:00:00+00:00/task_id=CheckTable'
[2023-12-28T16:52:03.762+0000] {taskinstance.py:1159} INFO - Dependencies all met for dep_context=non-requeueable deps ti=<TaskInstance: air_quality.CheckTable scheduled__2023-12-08T04:00:00+00:00 [queued]>
[2023-12-28T16:52:03.830+0000] {taskinstance.py:1159} INFO - Dependencies all met for dep_context=requeueable deps ti=<TaskInstance: air_quality.CheckTable scheduled__2023-12-08T04:00:00+00:00 [queued]>
[2023-12-28T16:52:03.831+0000] {taskinstance.py:1361} INFO - Starting attempt 1 of 2
[2023-12-28T16:52:03.904+0000] {taskinstance.py:1382} INFO - Executing <Task(BranchPythonOperator): CheckTable> on 2023-12-08 04:00:00+00:00
[2023-12-28T16:52:03.911+0000] {standard_task_runner.py:57} INFO - Started process 306 to run task
[2023-12-28T16:52:03.925+0000] {standard_task_runner.py:84} INFO - Running: ['***', 'tasks', 'run', 'air_quality', 'CheckTable', 'scheduled__2023-12-08T04:00:00+00:00', '--job-id', '896', '--raw', '--subdir', 'DAGS_FOLDER/airQuality.py', '--cfg-path', '/tmp/tmpbmy6t7eb']
[2023-12-28T16:52:03.933+0000] {standard_task_runner.py:85} INFO - Job 896: Subtask CheckTable
[2023-12-28T16:52:04.209+0000] {logging_mixin.py:154} INFO - Changing /opt/***/logs/dag_id=air_quality/run_id=scheduled__2023-12-08T04:00:00+00:00/task_id=CheckTable permission to 509
[2023-12-28T16:52:04.212+0000] {logging_mixin.py:154} INFO - Failed to change /opt/***/logs/dag_id=air_quality/run_id=scheduled__2023-12-08T04:00:00+00:00/task_id=CheckTable permission to 509: [Errno 1] Operation not permitted: '/opt/***/logs/dag_id=air_quality/run_id=scheduled__2023-12-08T04:00:00+00:00/task_id=CheckTable'
[2023-12-28T16:52:04.225+0000] {task_command.py:416} INFO - Running <TaskInstance: air_quality.CheckTable scheduled__2023-12-08T04:00:00+00:00 [running]> on host d67dd4682ccf
[2023-12-28T16:52:04.587+0000] {taskinstance.py:1662} INFO - Exporting env vars: AIRFLOW_CTX_DAG_OWNER='ghifari' AIRFLOW_CTX_DAG_ID='air_quality' AIRFLOW_CTX_TASK_ID='CheckTable' AIRFLOW_CTX_EXECUTION_DATE='2023-12-08T04:00:00+00:00' AIRFLOW_CTX_TRY_NUMBER='1' AIRFLOW_CTX_DAG_RUN_ID='scheduled__2023-12-08T04:00:00+00:00'
[2023-12-28T16:52:04.686+0000] {airQuality.py:183} INFO - Table Created: 
        CREATE TABLE air_quality (
            id serial primary key, 
            city varchar(250),
            country varchar(250), 
            unit varchar(20), 
            last_value float8, 
            lat float8,
            lng float8
        )
    
[2023-12-28T16:52:04.688+0000] {python.py:194} INFO - Done. Returned value was: Insert_Data
[2023-12-28T16:52:04.689+0000] {python.py:227} INFO - Branch callable return Insert_Data
[2023-12-28T16:52:04.691+0000] {skipmixin.py:173} INFO - Following branch Insert_Data
[2023-12-28T16:52:04.769+0000] {skipmixin.py:239} INFO - Skipping tasks []
[2023-12-28T16:52:04.952+0000] {taskinstance.py:1400} INFO - Marking task as SUCCESS. dag_id=air_quality, task_id=CheckTable, execution_date=20231208T040000, start_date=20231228T165203, end_date=20231228T165204
[2023-12-28T16:52:05.019+0000] {local_task_job_runner.py:228} INFO - Task exited with return code 0
[2023-12-28T16:52:05.444+0000] {taskinstance.py:2778} INFO - 1 downstream tasks scheduled from follow-on schedule check
[2023-12-28T16:55:07.607+0000] {logging_mixin.py:154} INFO - Changing /opt/***/logs/dag_id=air_quality/run_id=scheduled__2023-12-08T04:00:00+00:00/task_id=CheckTable permission to 509
[2023-12-28T16:55:07.610+0000] {logging_mixin.py:154} INFO - Failed to change /opt/***/logs/dag_id=air_quality/run_id=scheduled__2023-12-08T04:00:00+00:00/task_id=CheckTable permission to 509: [Errno 1] Operation not permitted: '/opt/***/logs/dag_id=air_quality/run_id=scheduled__2023-12-08T04:00:00+00:00/task_id=CheckTable'
[2023-12-28T16:55:07.829+0000] {logging_mixin.py:154} INFO - Changing /opt/***/logs/dag_id=air_quality/run_id=scheduled__2023-12-08T04:00:00+00:00/task_id=CheckTable permission to 509
[2023-12-28T16:55:07.837+0000] {logging_mixin.py:154} INFO - Failed to change /opt/***/logs/dag_id=air_quality/run_id=scheduled__2023-12-08T04:00:00+00:00/task_id=CheckTable permission to 509: [Errno 1] Operation not permitted: '/opt/***/logs/dag_id=air_quality/run_id=scheduled__2023-12-08T04:00:00+00:00/task_id=CheckTable'
[2023-12-28T16:55:07.984+0000] {taskinstance.py:1159} INFO - Dependencies all met for dep_context=non-requeueable deps ti=<TaskInstance: air_quality.CheckTable scheduled__2023-12-08T04:00:00+00:00 [queued]>
[2023-12-28T16:55:08.018+0000] {taskinstance.py:1159} INFO - Dependencies all met for dep_context=requeueable deps ti=<TaskInstance: air_quality.CheckTable scheduled__2023-12-08T04:00:00+00:00 [queued]>
[2023-12-28T16:55:08.027+0000] {taskinstance.py:1361} INFO - Starting attempt 1 of 2
[2023-12-28T16:55:08.129+0000] {taskinstance.py:1382} INFO - Executing <Task(BranchPythonOperator): CheckTable> on 2023-12-08 04:00:00+00:00
[2023-12-28T16:55:08.144+0000] {standard_task_runner.py:57} INFO - Started process 1301 to run task
[2023-12-28T16:55:08.200+0000] {standard_task_runner.py:84} INFO - Running: ['***', 'tasks', 'run', 'air_quality', 'CheckTable', 'scheduled__2023-12-08T04:00:00+00:00', '--job-id', '1148', '--raw', '--subdir', 'DAGS_FOLDER/airQuality.py', '--cfg-path', '/tmp/tmpn7s9fauz']
[2023-12-28T16:55:08.208+0000] {standard_task_runner.py:85} INFO - Job 1148: Subtask CheckTable
[2023-12-28T16:55:08.544+0000] {logging_mixin.py:154} INFO - Changing /opt/***/logs/dag_id=air_quality/run_id=scheduled__2023-12-08T04:00:00+00:00/task_id=CheckTable permission to 509
[2023-12-28T16:55:08.562+0000] {logging_mixin.py:154} INFO - Failed to change /opt/***/logs/dag_id=air_quality/run_id=scheduled__2023-12-08T04:00:00+00:00/task_id=CheckTable permission to 509: [Errno 1] Operation not permitted: '/opt/***/logs/dag_id=air_quality/run_id=scheduled__2023-12-08T04:00:00+00:00/task_id=CheckTable'
[2023-12-28T16:55:08.594+0000] {task_command.py:416} INFO - Running <TaskInstance: air_quality.CheckTable scheduled__2023-12-08T04:00:00+00:00 [running]> on host d67dd4682ccf
[2023-12-28T16:55:09.174+0000] {taskinstance.py:1662} INFO - Exporting env vars: AIRFLOW_CTX_DAG_OWNER='ghifari' AIRFLOW_CTX_DAG_ID='air_quality' AIRFLOW_CTX_TASK_ID='CheckTable' AIRFLOW_CTX_EXECUTION_DATE='2023-12-08T04:00:00+00:00' AIRFLOW_CTX_TRY_NUMBER='1' AIRFLOW_CTX_DAG_RUN_ID='scheduled__2023-12-08T04:00:00+00:00'
[2023-12-28T16:55:09.219+0000] {airQuality.py:183} INFO - Table Created: 
        CREATE TABLE air_quality (
            id serial primary key, 
            city varchar(250),
            country varchar(250), 
            unit varchar(20), 
            last_value float8, 
            lat float8,
            lng float8
        )
    
[2023-12-28T16:55:09.224+0000] {python.py:194} INFO - Done. Returned value was: Insert_Data
[2023-12-28T16:55:09.234+0000] {python.py:227} INFO - Branch callable return Insert_Data
[2023-12-28T16:55:09.241+0000] {skipmixin.py:173} INFO - Following branch Insert_Data
[2023-12-28T16:55:09.267+0000] {skipmixin.py:239} INFO - Skipping tasks []
[2023-12-28T16:55:09.418+0000] {taskinstance.py:1400} INFO - Marking task as SUCCESS. dag_id=air_quality, task_id=CheckTable, execution_date=20231208T040000, start_date=20231228T165507, end_date=20231228T165509
[2023-12-28T16:55:09.524+0000] {local_task_job_runner.py:228} INFO - Task exited with return code 0
[2023-12-28T16:55:09.901+0000] {taskinstance.py:2778} INFO - 0 downstream tasks scheduled from follow-on schedule check
