[2023-12-17T11:19:03.298+0000] {logging_mixin.py:154} INFO - Changing /opt/***/logs/dag_id=air_quality/run_id=scheduled__2023-12-08T04:00:00+00:00/task_id=Check_Response permission to 509
[2023-12-17T11:19:03.301+0000] {logging_mixin.py:154} INFO - Failed to change /opt/***/logs/dag_id=air_quality/run_id=scheduled__2023-12-08T04:00:00+00:00/task_id=Check_Response permission to 509: [Errno 1] Operation not permitted: '/opt/***/logs/dag_id=air_quality/run_id=scheduled__2023-12-08T04:00:00+00:00/task_id=Check_Response'
[2023-12-17T11:19:03.404+0000] {logging_mixin.py:154} INFO - Changing /opt/***/logs/dag_id=air_quality/run_id=scheduled__2023-12-08T04:00:00+00:00/task_id=Check_Response permission to 509
[2023-12-17T11:19:03.405+0000] {logging_mixin.py:154} INFO - Failed to change /opt/***/logs/dag_id=air_quality/run_id=scheduled__2023-12-08T04:00:00+00:00/task_id=Check_Response permission to 509: [Errno 1] Operation not permitted: '/opt/***/logs/dag_id=air_quality/run_id=scheduled__2023-12-08T04:00:00+00:00/task_id=Check_Response'
[2023-12-17T11:19:03.472+0000] {taskinstance.py:1159} INFO - Dependencies all met for dep_context=non-requeueable deps ti=<TaskInstance: air_quality.Check_Response scheduled__2023-12-08T04:00:00+00:00 [queued]>
[2023-12-17T11:19:03.493+0000] {taskinstance.py:1159} INFO - Dependencies all met for dep_context=requeueable deps ti=<TaskInstance: air_quality.Check_Response scheduled__2023-12-08T04:00:00+00:00 [queued]>
[2023-12-17T11:19:03.494+0000] {taskinstance.py:1361} INFO - Starting attempt 1 of 2
[2023-12-17T11:19:03.536+0000] {taskinstance.py:1382} INFO - Executing <Task(BranchPythonOperator): Check_Response> on 2023-12-08 04:00:00+00:00
[2023-12-17T11:19:03.549+0000] {standard_task_runner.py:57} INFO - Started process 2400 to run task
[2023-12-17T11:19:03.565+0000] {standard_task_runner.py:84} INFO - Running: ['***', 'tasks', 'run', 'air_quality', 'Check_Response', 'scheduled__2023-12-08T04:00:00+00:00', '--job-id', '389', '--raw', '--subdir', 'DAGS_FOLDER/airQuality.py', '--cfg-path', '/tmp/tmpjkay3eoa']
[2023-12-17T11:19:03.573+0000] {standard_task_runner.py:85} INFO - Job 389: Subtask Check_Response
[2023-12-17T11:19:03.822+0000] {logging_mixin.py:154} INFO - Changing /opt/***/logs/dag_id=air_quality/run_id=scheduled__2023-12-08T04:00:00+00:00/task_id=Check_Response permission to 509
[2023-12-17T11:19:03.824+0000] {logging_mixin.py:154} INFO - Failed to change /opt/***/logs/dag_id=air_quality/run_id=scheduled__2023-12-08T04:00:00+00:00/task_id=Check_Response permission to 509: [Errno 1] Operation not permitted: '/opt/***/logs/dag_id=air_quality/run_id=scheduled__2023-12-08T04:00:00+00:00/task_id=Check_Response'
[2023-12-17T11:19:03.830+0000] {task_command.py:416} INFO - Running <TaskInstance: air_quality.Check_Response scheduled__2023-12-08T04:00:00+00:00 [running]> on host 1a58977f5573
[2023-12-17T11:19:04.081+0000] {taskinstance.py:1662} INFO - Exporting env vars: AIRFLOW_CTX_DAG_OWNER='ghifari' AIRFLOW_CTX_DAG_ID='air_quality' AIRFLOW_CTX_TASK_ID='Check_Response' AIRFLOW_CTX_EXECUTION_DATE='2023-12-08T04:00:00+00:00' AIRFLOW_CTX_TRY_NUMBER='1' AIRFLOW_CTX_DAG_RUN_ID='scheduled__2023-12-08T04:00:00+00:00'
[2023-12-17T11:19:04.108+0000] {airQuality.py:112} INFO - Data Found: {'city': ['Jakarta'], 'country': ['ID'], 'unit': ['o3'], 'last_value': [-0.999], 'lat': [-6.182536], 'lng': [106.834236]}
[2023-12-17T11:19:04.112+0000] {python.py:194} INFO - Done. Returned value was: Transform
[2023-12-17T11:19:04.113+0000] {python.py:227} INFO - Branch callable return Transform
[2023-12-17T11:19:04.114+0000] {skipmixin.py:173} INFO - Following branch Transform
[2023-12-17T11:19:04.154+0000] {skipmixin.py:239} INFO - Skipping tasks [('Error_Response', -1)]
[2023-12-17T11:19:04.294+0000] {taskinstance.py:1400} INFO - Marking task as SUCCESS. dag_id=air_quality, task_id=Check_Response, execution_date=20231208T040000, start_date=20231217T111903, end_date=20231217T111904
[2023-12-17T11:19:04.356+0000] {local_task_job_runner.py:228} INFO - Task exited with return code 0
[2023-12-17T11:19:04.436+0000] {taskinstance.py:2778} INFO - 1 downstream tasks scheduled from follow-on schedule check
[2023-12-17T12:18:10.734+0000] {logging_mixin.py:154} INFO - Changing /opt/***/logs/dag_id=air_quality/run_id=scheduled__2023-12-08T04:00:00+00:00/task_id=Check_Response permission to 509
[2023-12-17T12:18:10.738+0000] {logging_mixin.py:154} INFO - Failed to change /opt/***/logs/dag_id=air_quality/run_id=scheduled__2023-12-08T04:00:00+00:00/task_id=Check_Response permission to 509: [Errno 1] Operation not permitted: '/opt/***/logs/dag_id=air_quality/run_id=scheduled__2023-12-08T04:00:00+00:00/task_id=Check_Response'
[2023-12-17T12:18:10.810+0000] {logging_mixin.py:154} INFO - Changing /opt/***/logs/dag_id=air_quality/run_id=scheduled__2023-12-08T04:00:00+00:00/task_id=Check_Response permission to 509
[2023-12-17T12:18:10.812+0000] {logging_mixin.py:154} INFO - Failed to change /opt/***/logs/dag_id=air_quality/run_id=scheduled__2023-12-08T04:00:00+00:00/task_id=Check_Response permission to 509: [Errno 1] Operation not permitted: '/opt/***/logs/dag_id=air_quality/run_id=scheduled__2023-12-08T04:00:00+00:00/task_id=Check_Response'
[2023-12-17T12:18:10.940+0000] {taskinstance.py:1159} INFO - Dependencies all met for dep_context=non-requeueable deps ti=<TaskInstance: air_quality.Check_Response scheduled__2023-12-08T04:00:00+00:00 [queued]>
[2023-12-17T12:18:10.979+0000] {taskinstance.py:1159} INFO - Dependencies all met for dep_context=requeueable deps ti=<TaskInstance: air_quality.Check_Response scheduled__2023-12-08T04:00:00+00:00 [queued]>
[2023-12-17T12:18:10.982+0000] {taskinstance.py:1361} INFO - Starting attempt 1 of 2
[2023-12-17T12:18:11.085+0000] {taskinstance.py:1382} INFO - Executing <Task(BranchPythonOperator): Check_Response> on 2023-12-08 04:00:00+00:00
[2023-12-17T12:18:11.097+0000] {standard_task_runner.py:57} INFO - Started process 4094 to run task
[2023-12-17T12:18:11.111+0000] {standard_task_runner.py:84} INFO - Running: ['***', 'tasks', 'run', 'air_quality', 'Check_Response', 'scheduled__2023-12-08T04:00:00+00:00', '--job-id', '595', '--raw', '--subdir', 'DAGS_FOLDER/airQuality.py', '--cfg-path', '/tmp/tmpshifleqa']
[2023-12-17T12:18:11.114+0000] {standard_task_runner.py:85} INFO - Job 595: Subtask Check_Response
[2023-12-17T12:18:11.315+0000] {logging_mixin.py:154} INFO - Changing /opt/***/logs/dag_id=air_quality/run_id=scheduled__2023-12-08T04:00:00+00:00/task_id=Check_Response permission to 509
[2023-12-17T12:18:11.319+0000] {logging_mixin.py:154} INFO - Failed to change /opt/***/logs/dag_id=air_quality/run_id=scheduled__2023-12-08T04:00:00+00:00/task_id=Check_Response permission to 509: [Errno 1] Operation not permitted: '/opt/***/logs/dag_id=air_quality/run_id=scheduled__2023-12-08T04:00:00+00:00/task_id=Check_Response'
[2023-12-17T12:18:11.332+0000] {task_command.py:416} INFO - Running <TaskInstance: air_quality.Check_Response scheduled__2023-12-08T04:00:00+00:00 [running]> on host 1a58977f5573
[2023-12-17T12:18:11.606+0000] {taskinstance.py:1662} INFO - Exporting env vars: AIRFLOW_CTX_DAG_OWNER='ghifari' AIRFLOW_CTX_DAG_ID='air_quality' AIRFLOW_CTX_TASK_ID='Check_Response' AIRFLOW_CTX_EXECUTION_DATE='2023-12-08T04:00:00+00:00' AIRFLOW_CTX_TRY_NUMBER='1' AIRFLOW_CTX_DAG_RUN_ID='scheduled__2023-12-08T04:00:00+00:00'
[2023-12-17T12:18:11.644+0000] {airQuality.py:112} INFO - Data Found: {'city': ['Jakarta'], 'country': ['ID'], 'unit': ['pm25'], 'last_value': [-999.0], 'lat': [-6.182536], 'lng': [106.834236]}
[2023-12-17T12:18:11.649+0000] {python.py:194} INFO - Done. Returned value was: Transform
[2023-12-17T12:18:11.650+0000] {python.py:227} INFO - Branch callable return Transform
[2023-12-17T12:18:11.651+0000] {skipmixin.py:173} INFO - Following branch Transform
[2023-12-17T12:18:11.706+0000] {skipmixin.py:239} INFO - Skipping tasks [('Error_Response', -1)]
[2023-12-17T12:18:11.981+0000] {taskinstance.py:1400} INFO - Marking task as SUCCESS. dag_id=air_quality, task_id=Check_Response, execution_date=20231208T040000, start_date=20231217T121810, end_date=20231217T121811
[2023-12-17T12:18:12.550+0000] {local_task_job_runner.py:228} INFO - Task exited with return code 0
[2023-12-17T12:18:12.753+0000] {taskinstance.py:2778} INFO - 1 downstream tasks scheduled from follow-on schedule check
[2023-12-17T12:18:48.205+0000] {logging_mixin.py:154} INFO - Changing /opt/***/logs/dag_id=air_quality/run_id=scheduled__2023-12-08T04:00:00+00:00/task_id=Check_Response permission to 509
[2023-12-17T12:18:48.207+0000] {logging_mixin.py:154} INFO - Failed to change /opt/***/logs/dag_id=air_quality/run_id=scheduled__2023-12-08T04:00:00+00:00/task_id=Check_Response permission to 509: [Errno 1] Operation not permitted: '/opt/***/logs/dag_id=air_quality/run_id=scheduled__2023-12-08T04:00:00+00:00/task_id=Check_Response'
[2023-12-17T12:18:48.260+0000] {logging_mixin.py:154} INFO - Changing /opt/***/logs/dag_id=air_quality/run_id=scheduled__2023-12-08T04:00:00+00:00/task_id=Check_Response permission to 509
[2023-12-17T12:18:48.261+0000] {logging_mixin.py:154} INFO - Failed to change /opt/***/logs/dag_id=air_quality/run_id=scheduled__2023-12-08T04:00:00+00:00/task_id=Check_Response permission to 509: [Errno 1] Operation not permitted: '/opt/***/logs/dag_id=air_quality/run_id=scheduled__2023-12-08T04:00:00+00:00/task_id=Check_Response'
[2023-12-17T12:18:48.313+0000] {taskinstance.py:1159} INFO - Dependencies all met for dep_context=non-requeueable deps ti=<TaskInstance: air_quality.Check_Response scheduled__2023-12-08T04:00:00+00:00 [queued]>
[2023-12-17T12:18:48.335+0000] {taskinstance.py:1159} INFO - Dependencies all met for dep_context=requeueable deps ti=<TaskInstance: air_quality.Check_Response scheduled__2023-12-08T04:00:00+00:00 [queued]>
[2023-12-17T12:18:48.337+0000] {taskinstance.py:1361} INFO - Starting attempt 1 of 2
[2023-12-17T12:18:48.363+0000] {taskinstance.py:1382} INFO - Executing <Task(BranchPythonOperator): Check_Response> on 2023-12-08 04:00:00+00:00
[2023-12-17T12:18:48.369+0000] {standard_task_runner.py:57} INFO - Started process 4447 to run task
[2023-12-17T12:18:48.376+0000] {standard_task_runner.py:84} INFO - Running: ['***', 'tasks', 'run', 'air_quality', 'Check_Response', 'scheduled__2023-12-08T04:00:00+00:00', '--job-id', '677', '--raw', '--subdir', 'DAGS_FOLDER/airQuality.py', '--cfg-path', '/tmp/tmpcn07poj1']
[2023-12-17T12:18:48.378+0000] {standard_task_runner.py:85} INFO - Job 677: Subtask Check_Response
[2023-12-17T12:18:48.482+0000] {logging_mixin.py:154} INFO - Changing /opt/***/logs/dag_id=air_quality/run_id=scheduled__2023-12-08T04:00:00+00:00/task_id=Check_Response permission to 509
[2023-12-17T12:18:48.484+0000] {logging_mixin.py:154} INFO - Failed to change /opt/***/logs/dag_id=air_quality/run_id=scheduled__2023-12-08T04:00:00+00:00/task_id=Check_Response permission to 509: [Errno 1] Operation not permitted: '/opt/***/logs/dag_id=air_quality/run_id=scheduled__2023-12-08T04:00:00+00:00/task_id=Check_Response'
[2023-12-17T12:18:48.487+0000] {task_command.py:416} INFO - Running <TaskInstance: air_quality.Check_Response scheduled__2023-12-08T04:00:00+00:00 [running]> on host 1a58977f5573
[2023-12-17T12:18:48.651+0000] {taskinstance.py:1662} INFO - Exporting env vars: AIRFLOW_CTX_DAG_OWNER='ghifari' AIRFLOW_CTX_DAG_ID='air_quality' AIRFLOW_CTX_TASK_ID='Check_Response' AIRFLOW_CTX_EXECUTION_DATE='2023-12-08T04:00:00+00:00' AIRFLOW_CTX_TRY_NUMBER='1' AIRFLOW_CTX_DAG_RUN_ID='scheduled__2023-12-08T04:00:00+00:00'
[2023-12-17T12:18:48.675+0000] {airQuality.py:112} INFO - Data Found: {'city': ['Jakarta'], 'country': ['ID'], 'unit': ['pm25'], 'last_value': [-999.0], 'lat': [-6.182536], 'lng': [106.834236]}
[2023-12-17T12:18:48.676+0000] {python.py:194} INFO - Done. Returned value was: Transform
[2023-12-17T12:18:48.678+0000] {python.py:227} INFO - Branch callable return Transform
[2023-12-17T12:18:48.679+0000] {skipmixin.py:173} INFO - Following branch Transform
[2023-12-17T12:18:48.710+0000] {skipmixin.py:239} INFO - Skipping tasks [('Error_Response', -1)]
[2023-12-17T12:18:48.784+0000] {taskinstance.py:1400} INFO - Marking task as SUCCESS. dag_id=air_quality, task_id=Check_Response, execution_date=20231208T040000, start_date=20231217T121848, end_date=20231217T121848
[2023-12-17T12:18:48.830+0000] {local_task_job_runner.py:228} INFO - Task exited with return code 0
[2023-12-17T12:18:48.899+0000] {taskinstance.py:2778} INFO - 1 downstream tasks scheduled from follow-on schedule check
[2023-12-28T16:51:42.995+0000] {logging_mixin.py:154} INFO - Changing /opt/***/logs/dag_id=air_quality/run_id=scheduled__2023-12-08T04:00:00+00:00/task_id=Check_Response permission to 509
[2023-12-28T16:51:42.999+0000] {logging_mixin.py:154} INFO - Failed to change /opt/***/logs/dag_id=air_quality/run_id=scheduled__2023-12-08T04:00:00+00:00/task_id=Check_Response permission to 509: [Errno 1] Operation not permitted: '/opt/***/logs/dag_id=air_quality/run_id=scheduled__2023-12-08T04:00:00+00:00/task_id=Check_Response'
[2023-12-28T16:51:43.086+0000] {logging_mixin.py:154} INFO - Changing /opt/***/logs/dag_id=air_quality/run_id=scheduled__2023-12-08T04:00:00+00:00/task_id=Check_Response permission to 509
[2023-12-28T16:51:43.087+0000] {logging_mixin.py:154} INFO - Failed to change /opt/***/logs/dag_id=air_quality/run_id=scheduled__2023-12-08T04:00:00+00:00/task_id=Check_Response permission to 509: [Errno 1] Operation not permitted: '/opt/***/logs/dag_id=air_quality/run_id=scheduled__2023-12-08T04:00:00+00:00/task_id=Check_Response'
[2023-12-28T16:51:43.176+0000] {taskinstance.py:1159} INFO - Dependencies all met for dep_context=non-requeueable deps ti=<TaskInstance: air_quality.Check_Response scheduled__2023-12-08T04:00:00+00:00 [queued]>
[2023-12-28T16:51:43.207+0000] {taskinstance.py:1159} INFO - Dependencies all met for dep_context=requeueable deps ti=<TaskInstance: air_quality.Check_Response scheduled__2023-12-08T04:00:00+00:00 [queued]>
[2023-12-28T16:51:43.214+0000] {taskinstance.py:1361} INFO - Starting attempt 1 of 2
[2023-12-28T16:51:43.253+0000] {taskinstance.py:1382} INFO - Executing <Task(BranchPythonOperator): Check_Response> on 2023-12-08 04:00:00+00:00
[2023-12-28T16:51:43.264+0000] {standard_task_runner.py:57} INFO - Started process 189 to run task
[2023-12-28T16:51:43.276+0000] {standard_task_runner.py:84} INFO - Running: ['***', 'tasks', 'run', 'air_quality', 'Check_Response', 'scheduled__2023-12-08T04:00:00+00:00', '--job-id', '847', '--raw', '--subdir', 'DAGS_FOLDER/airQuality.py', '--cfg-path', '/tmp/tmp8e_0xh8k']
[2023-12-28T16:51:43.280+0000] {standard_task_runner.py:85} INFO - Job 847: Subtask Check_Response
[2023-12-28T16:51:43.461+0000] {logging_mixin.py:154} INFO - Changing /opt/***/logs/dag_id=air_quality/run_id=scheduled__2023-12-08T04:00:00+00:00/task_id=Check_Response permission to 509
[2023-12-28T16:51:43.463+0000] {logging_mixin.py:154} INFO - Failed to change /opt/***/logs/dag_id=air_quality/run_id=scheduled__2023-12-08T04:00:00+00:00/task_id=Check_Response permission to 509: [Errno 1] Operation not permitted: '/opt/***/logs/dag_id=air_quality/run_id=scheduled__2023-12-08T04:00:00+00:00/task_id=Check_Response'
[2023-12-28T16:51:43.469+0000] {task_command.py:416} INFO - Running <TaskInstance: air_quality.Check_Response scheduled__2023-12-08T04:00:00+00:00 [running]> on host d67dd4682ccf
[2023-12-28T16:51:43.722+0000] {taskinstance.py:1662} INFO - Exporting env vars: AIRFLOW_CTX_DAG_OWNER='ghifari' AIRFLOW_CTX_DAG_ID='air_quality' AIRFLOW_CTX_TASK_ID='Check_Response' AIRFLOW_CTX_EXECUTION_DATE='2023-12-08T04:00:00+00:00' AIRFLOW_CTX_TRY_NUMBER='1' AIRFLOW_CTX_DAG_RUN_ID='scheduled__2023-12-08T04:00:00+00:00'
[2023-12-28T16:51:43.776+0000] {airQuality.py:90} INFO - Data Found: {'city': ['Jakarta'], 'country': ['ID'], 'unit': ['o3'], 'last_value': [-0.999], 'lat': [-6.182536], 'lng': [106.834236]}
[2023-12-28T16:51:43.777+0000] {python.py:194} INFO - Done. Returned value was: Transform
[2023-12-28T16:51:43.781+0000] {python.py:227} INFO - Branch callable return Transform
[2023-12-28T16:51:43.784+0000] {skipmixin.py:173} INFO - Following branch Transform
[2023-12-28T16:51:43.855+0000] {skipmixin.py:239} INFO - Skipping tasks [('Error_Response', -1)]
[2023-12-28T16:51:44.011+0000] {taskinstance.py:1400} INFO - Marking task as SUCCESS. dag_id=air_quality, task_id=Check_Response, execution_date=20231208T040000, start_date=20231228T165143, end_date=20231228T165144
[2023-12-28T16:51:44.079+0000] {local_task_job_runner.py:228} INFO - Task exited with return code 0
[2023-12-28T16:51:44.216+0000] {taskinstance.py:2778} INFO - 1 downstream tasks scheduled from follow-on schedule check
[2023-12-28T16:54:45.291+0000] {logging_mixin.py:154} INFO - Changing /opt/***/logs/dag_id=air_quality/run_id=scheduled__2023-12-08T04:00:00+00:00/task_id=Check_Response permission to 509
[2023-12-28T16:54:45.294+0000] {logging_mixin.py:154} INFO - Failed to change /opt/***/logs/dag_id=air_quality/run_id=scheduled__2023-12-08T04:00:00+00:00/task_id=Check_Response permission to 509: [Errno 1] Operation not permitted: '/opt/***/logs/dag_id=air_quality/run_id=scheduled__2023-12-08T04:00:00+00:00/task_id=Check_Response'
[2023-12-28T16:54:45.415+0000] {logging_mixin.py:154} INFO - Changing /opt/***/logs/dag_id=air_quality/run_id=scheduled__2023-12-08T04:00:00+00:00/task_id=Check_Response permission to 509
[2023-12-28T16:54:45.417+0000] {logging_mixin.py:154} INFO - Failed to change /opt/***/logs/dag_id=air_quality/run_id=scheduled__2023-12-08T04:00:00+00:00/task_id=Check_Response permission to 509: [Errno 1] Operation not permitted: '/opt/***/logs/dag_id=air_quality/run_id=scheduled__2023-12-08T04:00:00+00:00/task_id=Check_Response'
[2023-12-28T16:54:45.524+0000] {taskinstance.py:1159} INFO - Dependencies all met for dep_context=non-requeueable deps ti=<TaskInstance: air_quality.Check_Response scheduled__2023-12-08T04:00:00+00:00 [queued]>
[2023-12-28T16:54:45.570+0000] {taskinstance.py:1159} INFO - Dependencies all met for dep_context=requeueable deps ti=<TaskInstance: air_quality.Check_Response scheduled__2023-12-08T04:00:00+00:00 [queued]>
[2023-12-28T16:54:45.572+0000] {taskinstance.py:1361} INFO - Starting attempt 1 of 2
[2023-12-28T16:54:45.624+0000] {taskinstance.py:1382} INFO - Executing <Task(BranchPythonOperator): Check_Response> on 2023-12-08 04:00:00+00:00
[2023-12-28T16:54:45.635+0000] {standard_task_runner.py:57} INFO - Started process 1186 to run task
[2023-12-28T16:54:45.647+0000] {standard_task_runner.py:84} INFO - Running: ['***', 'tasks', 'run', 'air_quality', 'Check_Response', 'scheduled__2023-12-08T04:00:00+00:00', '--job-id', '1101', '--raw', '--subdir', 'DAGS_FOLDER/airQuality.py', '--cfg-path', '/tmp/tmpiqg12zce']
[2023-12-28T16:54:45.650+0000] {standard_task_runner.py:85} INFO - Job 1101: Subtask Check_Response
[2023-12-28T16:54:45.768+0000] {logging_mixin.py:154} INFO - Changing /opt/***/logs/dag_id=air_quality/run_id=scheduled__2023-12-08T04:00:00+00:00/task_id=Check_Response permission to 509
[2023-12-28T16:54:45.769+0000] {logging_mixin.py:154} INFO - Failed to change /opt/***/logs/dag_id=air_quality/run_id=scheduled__2023-12-08T04:00:00+00:00/task_id=Check_Response permission to 509: [Errno 1] Operation not permitted: '/opt/***/logs/dag_id=air_quality/run_id=scheduled__2023-12-08T04:00:00+00:00/task_id=Check_Response'
[2023-12-28T16:54:45.773+0000] {task_command.py:416} INFO - Running <TaskInstance: air_quality.Check_Response scheduled__2023-12-08T04:00:00+00:00 [running]> on host d67dd4682ccf
[2023-12-28T16:54:46.040+0000] {taskinstance.py:1662} INFO - Exporting env vars: AIRFLOW_CTX_DAG_OWNER='ghifari' AIRFLOW_CTX_DAG_ID='air_quality' AIRFLOW_CTX_TASK_ID='Check_Response' AIRFLOW_CTX_EXECUTION_DATE='2023-12-08T04:00:00+00:00' AIRFLOW_CTX_TRY_NUMBER='1' AIRFLOW_CTX_DAG_RUN_ID='scheduled__2023-12-08T04:00:00+00:00'
[2023-12-28T16:54:46.090+0000] {airQuality.py:90} INFO - Data Found: {'city': ['Jakarta'], 'country': ['ID'], 'unit': ['o3'], 'last_value': [-0.999], 'lat': [-6.182536], 'lng': [106.834236]}
[2023-12-28T16:54:46.094+0000] {python.py:194} INFO - Done. Returned value was: Transform
[2023-12-28T16:54:46.096+0000] {python.py:227} INFO - Branch callable return Transform
[2023-12-28T16:54:46.099+0000] {skipmixin.py:173} INFO - Following branch Transform
[2023-12-28T16:54:46.155+0000] {skipmixin.py:239} INFO - Skipping tasks [('Error_Response', -1)]
[2023-12-28T16:54:46.427+0000] {taskinstance.py:1400} INFO - Marking task as SUCCESS. dag_id=air_quality, task_id=Check_Response, execution_date=20231208T040000, start_date=20231228T165445, end_date=20231228T165446
[2023-12-28T16:54:46.620+0000] {local_task_job_runner.py:228} INFO - Task exited with return code 0
[2023-12-28T16:54:46.858+0000] {taskinstance.py:2778} INFO - 1 downstream tasks scheduled from follow-on schedule check
