[2023-12-17T11:18:41.785+0000] {logging_mixin.py:154} INFO - Changing /opt/***/logs/dag_id=air_quality/run_id=scheduled__2023-11-24T04:00:00+00:00/task_id=Insert_Data permission to 509
[2023-12-17T11:18:41.791+0000] {logging_mixin.py:154} INFO - Failed to change /opt/***/logs/dag_id=air_quality/run_id=scheduled__2023-11-24T04:00:00+00:00/task_id=Insert_Data permission to 509: [Errno 1] Operation not permitted: '/opt/***/logs/dag_id=air_quality/run_id=scheduled__2023-11-24T04:00:00+00:00/task_id=Insert_Data'
[2023-12-17T11:18:41.930+0000] {logging_mixin.py:154} INFO - Changing /opt/***/logs/dag_id=air_quality/run_id=scheduled__2023-11-24T04:00:00+00:00/task_id=Insert_Data permission to 509
[2023-12-17T11:18:41.931+0000] {logging_mixin.py:154} INFO - Failed to change /opt/***/logs/dag_id=air_quality/run_id=scheduled__2023-11-24T04:00:00+00:00/task_id=Insert_Data permission to 509: [Errno 1] Operation not permitted: '/opt/***/logs/dag_id=air_quality/run_id=scheduled__2023-11-24T04:00:00+00:00/task_id=Insert_Data'
[2023-12-17T11:18:42.126+0000] {taskinstance.py:1159} INFO - Dependencies all met for dep_context=non-requeueable deps ti=<TaskInstance: air_quality.Insert_Data scheduled__2023-11-24T04:00:00+00:00 [queued]>
[2023-12-17T11:18:42.195+0000] {taskinstance.py:1159} INFO - Dependencies all met for dep_context=requeueable deps ti=<TaskInstance: air_quality.Insert_Data scheduled__2023-11-24T04:00:00+00:00 [queued]>
[2023-12-17T11:18:42.203+0000] {taskinstance.py:1361} INFO - Starting attempt 1 of 2
[2023-12-17T11:18:42.260+0000] {taskinstance.py:1382} INFO - Executing <Task(PythonOperator): Insert_Data> on 2023-11-24 04:00:00+00:00
[2023-12-17T11:18:42.269+0000] {standard_task_runner.py:57} INFO - Started process 2105 to run task
[2023-12-17T11:18:42.283+0000] {standard_task_runner.py:84} INFO - Running: ['***', 'tasks', 'run', 'air_quality', 'Insert_Data', 'scheduled__2023-11-24T04:00:00+00:00', '--job-id', '347', '--raw', '--subdir', 'DAGS_FOLDER/airQuality.py', '--cfg-path', '/tmp/tmpg38y13m8']
[2023-12-17T11:18:42.288+0000] {standard_task_runner.py:85} INFO - Job 347: Subtask Insert_Data
[2023-12-17T11:18:42.411+0000] {logging_mixin.py:154} INFO - Changing /opt/***/logs/dag_id=air_quality/run_id=scheduled__2023-11-24T04:00:00+00:00/task_id=Insert_Data permission to 509
[2023-12-17T11:18:42.412+0000] {logging_mixin.py:154} INFO - Failed to change /opt/***/logs/dag_id=air_quality/run_id=scheduled__2023-11-24T04:00:00+00:00/task_id=Insert_Data permission to 509: [Errno 1] Operation not permitted: '/opt/***/logs/dag_id=air_quality/run_id=scheduled__2023-11-24T04:00:00+00:00/task_id=Insert_Data'
[2023-12-17T11:18:42.422+0000] {task_command.py:416} INFO - Running <TaskInstance: air_quality.Insert_Data scheduled__2023-11-24T04:00:00+00:00 [running]> on host 1a58977f5573
[2023-12-17T11:18:42.829+0000] {taskinstance.py:1662} INFO - Exporting env vars: AIRFLOW_CTX_DAG_OWNER='ghifari' AIRFLOW_CTX_DAG_ID='air_quality' AIRFLOW_CTX_TASK_ID='Insert_Data' AIRFLOW_CTX_EXECUTION_DATE='2023-11-24T04:00:00+00:00' AIRFLOW_CTX_TRY_NUMBER='1' AIRFLOW_CTX_DAG_RUN_ID='scheduled__2023-11-24T04:00:00+00:00'
[2023-12-17T11:18:47.503+0000] {logging_mixin.py:154} INFO - city           object
country        object
unit           object
last_value    float64
lat           float64
lng           float64
dtype: object
[2023-12-17T11:18:47.544+0000] {base.py:73} INFO - Using connection ID 'neonServerDB-Postgres' for task execution.
[2023-12-17T11:18:48.530+0000] {python.py:194} INFO - Done. Returned value was: None
[2023-12-17T11:18:48.571+0000] {taskinstance.py:1400} INFO - Marking task as SUCCESS. dag_id=air_quality, task_id=Insert_Data, execution_date=20231124T040000, start_date=20231217T111842, end_date=20231217T111848
[2023-12-17T11:18:48.733+0000] {local_task_job_runner.py:228} INFO - Task exited with return code 0
[2023-12-17T11:18:48.787+0000] {taskinstance.py:2778} INFO - 0 downstream tasks scheduled from follow-on schedule check
[2023-12-28T16:54:27.647+0000] {logging_mixin.py:154} INFO - Changing /opt/***/logs/dag_id=air_quality/run_id=scheduled__2023-11-24T04:00:00+00:00/task_id=Insert_Data permission to 509
[2023-12-28T16:54:27.664+0000] {logging_mixin.py:154} INFO - Failed to change /opt/***/logs/dag_id=air_quality/run_id=scheduled__2023-11-24T04:00:00+00:00/task_id=Insert_Data permission to 509: [Errno 1] Operation not permitted: '/opt/***/logs/dag_id=air_quality/run_id=scheduled__2023-11-24T04:00:00+00:00/task_id=Insert_Data'
[2023-12-28T16:54:27.863+0000] {logging_mixin.py:154} INFO - Changing /opt/***/logs/dag_id=air_quality/run_id=scheduled__2023-11-24T04:00:00+00:00/task_id=Insert_Data permission to 509
[2023-12-28T16:54:27.868+0000] {logging_mixin.py:154} INFO - Failed to change /opt/***/logs/dag_id=air_quality/run_id=scheduled__2023-11-24T04:00:00+00:00/task_id=Insert_Data permission to 509: [Errno 1] Operation not permitted: '/opt/***/logs/dag_id=air_quality/run_id=scheduled__2023-11-24T04:00:00+00:00/task_id=Insert_Data'
[2023-12-28T16:54:28.311+0000] {taskinstance.py:1159} INFO - Dependencies all met for dep_context=non-requeueable deps ti=<TaskInstance: air_quality.Insert_Data scheduled__2023-11-24T04:00:00+00:00 [queued]>
[2023-12-28T16:54:28.607+0000] {taskinstance.py:1159} INFO - Dependencies all met for dep_context=requeueable deps ti=<TaskInstance: air_quality.Insert_Data scheduled__2023-11-24T04:00:00+00:00 [queued]>
[2023-12-28T16:54:28.608+0000] {taskinstance.py:1361} INFO - Starting attempt 1 of 2
[2023-12-28T16:54:28.693+0000] {taskinstance.py:1382} INFO - Executing <Task(PythonOperator): Insert_Data> on 2023-11-24 04:00:00+00:00
[2023-12-28T16:54:28.767+0000] {standard_task_runner.py:57} INFO - Started process 939 to run task
[2023-12-28T16:54:28.947+0000] {standard_task_runner.py:84} INFO - Running: ['***', 'tasks', 'run', 'air_quality', 'Insert_Data', 'scheduled__2023-11-24T04:00:00+00:00', '--job-id', '1072', '--raw', '--subdir', 'DAGS_FOLDER/airQuality.py', '--cfg-path', '/tmp/tmp35a5w779']
[2023-12-28T16:54:28.951+0000] {standard_task_runner.py:85} INFO - Job 1072: Subtask Insert_Data
[2023-12-28T16:54:29.264+0000] {logging_mixin.py:154} INFO - Changing /opt/***/logs/dag_id=air_quality/run_id=scheduled__2023-11-24T04:00:00+00:00/task_id=Insert_Data permission to 509
[2023-12-28T16:54:29.265+0000] {logging_mixin.py:154} INFO - Failed to change /opt/***/logs/dag_id=air_quality/run_id=scheduled__2023-11-24T04:00:00+00:00/task_id=Insert_Data permission to 509: [Errno 1] Operation not permitted: '/opt/***/logs/dag_id=air_quality/run_id=scheduled__2023-11-24T04:00:00+00:00/task_id=Insert_Data'
[2023-12-28T16:54:29.271+0000] {task_command.py:416} INFO - Running <TaskInstance: air_quality.Insert_Data scheduled__2023-11-24T04:00:00+00:00 [running]> on host d67dd4682ccf
[2023-12-28T16:54:29.819+0000] {taskinstance.py:1662} INFO - Exporting env vars: AIRFLOW_CTX_DAG_OWNER='ghifari' AIRFLOW_CTX_DAG_ID='air_quality' AIRFLOW_CTX_TASK_ID='Insert_Data' AIRFLOW_CTX_EXECUTION_DATE='2023-11-24T04:00:00+00:00' AIRFLOW_CTX_TRY_NUMBER='1' AIRFLOW_CTX_DAG_RUN_ID='scheduled__2023-11-24T04:00:00+00:00'
[2023-12-28T16:54:32.202+0000] {logging_mixin.py:154} INFO - city           object
country        object
unit           object
last_value    float64
lat           float64
lng           float64
dtype: object
[2023-12-28T16:54:32.244+0000] {base.py:73} INFO - Using connection ID 'neonServerDB-Postgres' for task execution.
[2023-12-28T16:54:32.528+0000] {python.py:194} INFO - Done. Returned value was: None
[2023-12-28T16:54:32.575+0000] {taskinstance.py:1400} INFO - Marking task as SUCCESS. dag_id=air_quality, task_id=Insert_Data, execution_date=20231124T040000, start_date=20231228T165428, end_date=20231228T165432
[2023-12-28T16:54:32.713+0000] {local_task_job_runner.py:228} INFO - Task exited with return code 0
[2023-12-28T16:54:32.782+0000] {taskinstance.py:2778} INFO - 0 downstream tasks scheduled from follow-on schedule check
