[2023-12-13T14:48:09.535+0000] {logging_mixin.py:154} INFO - Changing /opt/***/logs/dag_id=air_quality/run_id=manual__2023-12-13T14:48:07.668352+00:00/task_id=connectionHTTP permission to 509
[2023-12-13T14:48:09.537+0000] {logging_mixin.py:154} INFO - Failed to change /opt/***/logs/dag_id=air_quality/run_id=manual__2023-12-13T14:48:07.668352+00:00/task_id=connectionHTTP permission to 509: [Errno 1] Operation not permitted: '/opt/***/logs/dag_id=air_quality/run_id=manual__2023-12-13T14:48:07.668352+00:00/task_id=connectionHTTP'
[2023-12-13T14:48:09.592+0000] {logging_mixin.py:154} INFO - Changing /opt/***/logs/dag_id=air_quality/run_id=manual__2023-12-13T14:48:07.668352+00:00/task_id=connectionHTTP permission to 509
[2023-12-13T14:48:09.593+0000] {logging_mixin.py:154} INFO - Failed to change /opt/***/logs/dag_id=air_quality/run_id=manual__2023-12-13T14:48:07.668352+00:00/task_id=connectionHTTP permission to 509: [Errno 1] Operation not permitted: '/opt/***/logs/dag_id=air_quality/run_id=manual__2023-12-13T14:48:07.668352+00:00/task_id=connectionHTTP'
[2023-12-13T14:48:09.646+0000] {taskinstance.py:1159} INFO - Dependencies all met for dep_context=non-requeueable deps ti=<TaskInstance: air_quality.connectionHTTP manual__2023-12-13T14:48:07.668352+00:00 [queued]>
[2023-12-13T14:48:09.669+0000] {taskinstance.py:1159} INFO - Dependencies all met for dep_context=requeueable deps ti=<TaskInstance: air_quality.connectionHTTP manual__2023-12-13T14:48:07.668352+00:00 [queued]>
[2023-12-13T14:48:09.671+0000] {taskinstance.py:1361} INFO - Starting attempt 1 of 2
[2023-12-13T14:48:09.693+0000] {taskinstance.py:1382} INFO - Executing <Task(_PythonDecoratedOperator): connectionHTTP> on 2023-12-13 14:48:07.668352+00:00
[2023-12-13T14:48:09.699+0000] {standard_task_runner.py:57} INFO - Started process 182 to run task
[2023-12-13T14:48:09.704+0000] {standard_task_runner.py:84} INFO - Running: ['***', 'tasks', 'run', 'air_quality', 'connectionHTTP', 'manual__2023-12-13T14:48:07.668352+00:00', '--job-id', '21', '--raw', '--subdir', 'DAGS_FOLDER/airQuality.py', '--cfg-path', '/tmp/tmpigui_fel']
[2023-12-13T14:48:09.705+0000] {standard_task_runner.py:85} INFO - Job 21: Subtask connectionHTTP
[2023-12-13T14:48:09.763+0000] {logging_mixin.py:154} INFO - Changing /opt/***/logs/dag_id=air_quality/run_id=manual__2023-12-13T14:48:07.668352+00:00/task_id=connectionHTTP permission to 509
[2023-12-13T14:48:09.764+0000] {logging_mixin.py:154} INFO - Failed to change /opt/***/logs/dag_id=air_quality/run_id=manual__2023-12-13T14:48:07.668352+00:00/task_id=connectionHTTP permission to 509: [Errno 1] Operation not permitted: '/opt/***/logs/dag_id=air_quality/run_id=manual__2023-12-13T14:48:07.668352+00:00/task_id=connectionHTTP'
[2023-12-13T14:48:09.766+0000] {task_command.py:416} INFO - Running <TaskInstance: air_quality.connectionHTTP manual__2023-12-13T14:48:07.668352+00:00 [running]> on host d739bc9bef06
[2023-12-13T14:48:09.878+0000] {taskinstance.py:1662} INFO - Exporting env vars: AIRFLOW_CTX_DAG_OWNER='ghifari' AIRFLOW_CTX_DAG_ID='air_quality' AIRFLOW_CTX_TASK_ID='connectionHTTP' AIRFLOW_CTX_EXECUTION_DATE='2023-12-13T14:48:07.668352+00:00' AIRFLOW_CTX_TRY_NUMBER='1' AIRFLOW_CTX_DAG_RUN_ID='manual__2023-12-13T14:48:07.668352+00:00'
[2023-12-13T14:48:09.883+0000] {python.py:194} INFO - Done. Returned value was: {{ task_instance.xcom_pull(task_ids='connectionHTTP', dag_id='adhoc_airflow', key='return_value') }}
[2023-12-13T14:48:09.899+0000] {xcom.py:661} ERROR - Object of type PlainXComArg is not JSON serializable. If you are using pickle instead of JSON for XCom, then you need to enable pickle support for XCom in your *** config or make sure to decorate your object with attr.
[2023-12-13T14:48:09.902+0000] {taskinstance.py:1937} ERROR - Task failed with exception
Traceback (most recent call last):
  File "/home/airflow/.local/lib/python3.8/site-packages/airflow/utils/json.py", line 91, in default
    return serialize(o)
  File "/home/airflow/.local/lib/python3.8/site-packages/airflow/serialization/serde.py", line 178, in serialize
    raise TypeError(f"cannot serialize object of type {cls}")
TypeError: cannot serialize object of type <class '***.models.xcom_arg.PlainXComArg'>

During handling of the above exception, another exception occurred:

Traceback (most recent call last):
  File "/home/airflow/.local/lib/python3.8/site-packages/airflow/utils/session.py", line 76, in wrapper
    return func(*args, **kwargs)
  File "/home/airflow/.local/lib/python3.8/site-packages/airflow/models/taskinstance.py", line 2479, in xcom_push
    XCom.set(
  File "/home/airflow/.local/lib/python3.8/site-packages/airflow/utils/session.py", line 76, in wrapper
    return func(*args, **kwargs)
  File "/home/airflow/.local/lib/python3.8/site-packages/airflow/models/xcom.py", line 244, in set
    value = cls.serialize_value(
  File "/home/airflow/.local/lib/python3.8/site-packages/airflow/models/xcom.py", line 659, in serialize_value
    return json.dumps(value, cls=XComEncoder).encode("UTF-8")
  File "/usr/local/lib/python3.8/json/__init__.py", line 234, in dumps
    return cls(
  File "/home/airflow/.local/lib/python3.8/site-packages/airflow/utils/json.py", line 104, in encode
    return super().encode(o)
  File "/usr/local/lib/python3.8/json/encoder.py", line 199, in encode
    chunks = self.iterencode(o, _one_shot=True)
  File "/usr/local/lib/python3.8/json/encoder.py", line 257, in iterencode
    return _iterencode(o, 0)
  File "/home/airflow/.local/lib/python3.8/site-packages/airflow/utils/json.py", line 93, in default
    return super().default(o)
  File "/usr/local/lib/python3.8/json/encoder.py", line 179, in default
    raise TypeError(f'Object of type {o.__class__.__name__} '
TypeError: Object of type PlainXComArg is not JSON serializable
[2023-12-13T14:48:09.919+0000] {taskinstance.py:1400} INFO - Marking task as UP_FOR_RETRY. dag_id=air_quality, task_id=connectionHTTP, execution_date=20231213T144807, start_date=20231213T144809, end_date=20231213T144809
[2023-12-13T14:48:09.942+0000] {standard_task_runner.py:104} ERROR - Failed to execute job 21 for task connectionHTTP (Object of type PlainXComArg is not JSON serializable; 182)
[2023-12-13T14:48:09.956+0000] {local_task_job_runner.py:228} INFO - Task exited with return code 1
[2023-12-13T14:48:09.977+0000] {taskinstance.py:2778} INFO - 0 downstream tasks scheduled from follow-on schedule check
