[2023-12-17T11:18:18.686+0000] {logging_mixin.py:154} INFO - Changing /opt/***/logs/dag_id=air_quality/run_id=scheduled__2023-11-25T04:00:00+00:00/task_id=Extract permission to 509
[2023-12-17T11:18:18.688+0000] {logging_mixin.py:154} INFO - Failed to change /opt/***/logs/dag_id=air_quality/run_id=scheduled__2023-11-25T04:00:00+00:00/task_id=Extract permission to 509: [Errno 1] Operation not permitted: '/opt/***/logs/dag_id=air_quality/run_id=scheduled__2023-11-25T04:00:00+00:00/task_id=Extract'
[2023-12-17T11:18:18.732+0000] {logging_mixin.py:154} INFO - Changing /opt/***/logs/dag_id=air_quality/run_id=scheduled__2023-11-25T04:00:00+00:00/task_id=Extract permission to 509
[2023-12-17T11:18:18.735+0000] {logging_mixin.py:154} INFO - Failed to change /opt/***/logs/dag_id=air_quality/run_id=scheduled__2023-11-25T04:00:00+00:00/task_id=Extract permission to 509: [Errno 1] Operation not permitted: '/opt/***/logs/dag_id=air_quality/run_id=scheduled__2023-11-25T04:00:00+00:00/task_id=Extract'
[2023-12-17T11:18:18.819+0000] {taskinstance.py:1159} INFO - Dependencies all met for dep_context=non-requeueable deps ti=<TaskInstance: air_quality.Extract scheduled__2023-11-25T04:00:00+00:00 [queued]>
[2023-12-17T11:18:18.859+0000] {taskinstance.py:1159} INFO - Dependencies all met for dep_context=requeueable deps ti=<TaskInstance: air_quality.Extract scheduled__2023-11-25T04:00:00+00:00 [queued]>
[2023-12-17T11:18:18.863+0000] {taskinstance.py:1361} INFO - Starting attempt 1 of 2
[2023-12-17T11:18:18.904+0000] {taskinstance.py:1382} INFO - Executing <Task(PythonOperator): Extract> on 2023-11-25 04:00:00+00:00
[2023-12-17T11:18:18.912+0000] {standard_task_runner.py:57} INFO - Started process 1963 to run task
[2023-12-17T11:18:18.933+0000] {standard_task_runner.py:84} INFO - Running: ['***', 'tasks', 'run', 'air_quality', 'Extract', 'scheduled__2023-11-25T04:00:00+00:00', '--job-id', '284', '--raw', '--subdir', 'DAGS_FOLDER/airQuality.py', '--cfg-path', '/tmp/tmpmzsekk57']
[2023-12-17T11:18:18.936+0000] {standard_task_runner.py:85} INFO - Job 284: Subtask Extract
[2023-12-17T11:18:19.046+0000] {logging_mixin.py:154} INFO - Changing /opt/***/logs/dag_id=air_quality/run_id=scheduled__2023-11-25T04:00:00+00:00/task_id=Extract permission to 509
[2023-12-17T11:18:19.047+0000] {logging_mixin.py:154} INFO - Failed to change /opt/***/logs/dag_id=air_quality/run_id=scheduled__2023-11-25T04:00:00+00:00/task_id=Extract permission to 509: [Errno 1] Operation not permitted: '/opt/***/logs/dag_id=air_quality/run_id=scheduled__2023-11-25T04:00:00+00:00/task_id=Extract'
[2023-12-17T11:18:19.052+0000] {task_command.py:416} INFO - Running <TaskInstance: air_quality.Extract scheduled__2023-11-25T04:00:00+00:00 [running]> on host 1a58977f5573
[2023-12-17T11:18:19.243+0000] {taskinstance.py:1662} INFO - Exporting env vars: AIRFLOW_CTX_DAG_OWNER='ghifari' AIRFLOW_CTX_DAG_ID='air_quality' AIRFLOW_CTX_TASK_ID='Extract' AIRFLOW_CTX_EXECUTION_DATE='2023-11-25T04:00:00+00:00' AIRFLOW_CTX_TRY_NUMBER='1' AIRFLOW_CTX_DAG_RUN_ID='scheduled__2023-11-25T04:00:00+00:00'
[2023-12-17T11:18:19.402+0000] {python.py:194} INFO - Done. Returned value was: {'city': ['Jakarta'], 'country': ['ID'], 'unit': ['o3'], 'last_value': [-0.999], 'lat': [-6.182536], 'lng': [106.834236]}
[2023-12-17T11:18:19.483+0000] {taskinstance.py:1400} INFO - Marking task as SUCCESS. dag_id=air_quality, task_id=Extract, execution_date=20231125T040000, start_date=20231217T111818, end_date=20231217T111819
[2023-12-17T11:18:19.583+0000] {local_task_job_runner.py:228} INFO - Task exited with return code 0
[2023-12-17T11:18:19.652+0000] {taskinstance.py:2778} INFO - 1 downstream tasks scheduled from follow-on schedule check
[2023-12-28T16:51:27.213+0000] {logging_mixin.py:154} INFO - Changing /opt/***/logs/dag_id=air_quality/run_id=scheduled__2023-11-25T04:00:00+00:00/task_id=Extract permission to 509
[2023-12-28T16:51:27.217+0000] {logging_mixin.py:154} INFO - Failed to change /opt/***/logs/dag_id=air_quality/run_id=scheduled__2023-11-25T04:00:00+00:00/task_id=Extract permission to 509: [Errno 1] Operation not permitted: '/opt/***/logs/dag_id=air_quality/run_id=scheduled__2023-11-25T04:00:00+00:00/task_id=Extract'
[2023-12-28T16:51:27.311+0000] {logging_mixin.py:154} INFO - Changing /opt/***/logs/dag_id=air_quality/run_id=scheduled__2023-11-25T04:00:00+00:00/task_id=Extract permission to 509
[2023-12-28T16:51:27.316+0000] {logging_mixin.py:154} INFO - Failed to change /opt/***/logs/dag_id=air_quality/run_id=scheduled__2023-11-25T04:00:00+00:00/task_id=Extract permission to 509: [Errno 1] Operation not permitted: '/opt/***/logs/dag_id=air_quality/run_id=scheduled__2023-11-25T04:00:00+00:00/task_id=Extract'
[2023-12-28T16:51:27.416+0000] {taskinstance.py:1159} INFO - Dependencies all met for dep_context=non-requeueable deps ti=<TaskInstance: air_quality.Extract scheduled__2023-11-25T04:00:00+00:00 [queued]>
[2023-12-28T16:51:27.440+0000] {taskinstance.py:1159} INFO - Dependencies all met for dep_context=requeueable deps ti=<TaskInstance: air_quality.Extract scheduled__2023-11-25T04:00:00+00:00 [queued]>
[2023-12-28T16:51:27.442+0000] {taskinstance.py:1361} INFO - Starting attempt 1 of 2
[2023-12-28T16:51:27.643+0000] {taskinstance.py:1382} INFO - Executing <Task(PythonOperator): Extract> on 2023-11-25 04:00:00+00:00
[2023-12-28T16:51:27.650+0000] {standard_task_runner.py:57} INFO - Started process 84 to run task
[2023-12-28T16:51:27.657+0000] {standard_task_runner.py:84} INFO - Running: ['***', 'tasks', 'run', 'air_quality', 'Extract', 'scheduled__2023-11-25T04:00:00+00:00', '--job-id', '800', '--raw', '--subdir', 'DAGS_FOLDER/airQuality.py', '--cfg-path', '/tmp/tmpcookagtc']
[2023-12-28T16:51:27.658+0000] {standard_task_runner.py:85} INFO - Job 800: Subtask Extract
[2023-12-28T16:51:27.757+0000] {logging_mixin.py:154} INFO - Changing /opt/***/logs/dag_id=air_quality/run_id=scheduled__2023-11-25T04:00:00+00:00/task_id=Extract permission to 509
[2023-12-28T16:51:27.758+0000] {logging_mixin.py:154} INFO - Failed to change /opt/***/logs/dag_id=air_quality/run_id=scheduled__2023-11-25T04:00:00+00:00/task_id=Extract permission to 509: [Errno 1] Operation not permitted: '/opt/***/logs/dag_id=air_quality/run_id=scheduled__2023-11-25T04:00:00+00:00/task_id=Extract'
[2023-12-28T16:51:27.762+0000] {task_command.py:416} INFO - Running <TaskInstance: air_quality.Extract scheduled__2023-11-25T04:00:00+00:00 [running]> on host d67dd4682ccf
[2023-12-28T16:51:27.929+0000] {taskinstance.py:1662} INFO - Exporting env vars: AIRFLOW_CTX_DAG_OWNER='ghifari' AIRFLOW_CTX_DAG_ID='air_quality' AIRFLOW_CTX_TASK_ID='Extract' AIRFLOW_CTX_EXECUTION_DATE='2023-11-25T04:00:00+00:00' AIRFLOW_CTX_TRY_NUMBER='1' AIRFLOW_CTX_DAG_RUN_ID='scheduled__2023-11-25T04:00:00+00:00'
[2023-12-28T16:51:28.065+0000] {python.py:194} INFO - Done. Returned value was: {'city': ['Jakarta'], 'country': ['ID'], 'unit': ['o3'], 'last_value': [-0.999], 'lat': [-6.182536], 'lng': [106.834236]}
[2023-12-28T16:51:28.127+0000] {taskinstance.py:1400} INFO - Marking task as SUCCESS. dag_id=air_quality, task_id=Extract, execution_date=20231125T040000, start_date=20231228T165127, end_date=20231228T165128
[2023-12-28T16:51:28.190+0000] {local_task_job_runner.py:228} INFO - Task exited with return code 0
[2023-12-28T16:51:28.248+0000] {taskinstance.py:2778} INFO - 1 downstream tasks scheduled from follow-on schedule check
[2023-12-28T16:54:00.953+0000] {logging_mixin.py:154} INFO - Changing /opt/***/logs/dag_id=air_quality/run_id=scheduled__2023-11-25T04:00:00+00:00/task_id=Extract permission to 509
[2023-12-28T16:54:00.954+0000] {logging_mixin.py:154} INFO - Failed to change /opt/***/logs/dag_id=air_quality/run_id=scheduled__2023-11-25T04:00:00+00:00/task_id=Extract permission to 509: [Errno 1] Operation not permitted: '/opt/***/logs/dag_id=air_quality/run_id=scheduled__2023-11-25T04:00:00+00:00/task_id=Extract'
[2023-12-28T16:54:01.004+0000] {logging_mixin.py:154} INFO - Changing /opt/***/logs/dag_id=air_quality/run_id=scheduled__2023-11-25T04:00:00+00:00/task_id=Extract permission to 509
[2023-12-28T16:54:01.005+0000] {logging_mixin.py:154} INFO - Failed to change /opt/***/logs/dag_id=air_quality/run_id=scheduled__2023-11-25T04:00:00+00:00/task_id=Extract permission to 509: [Errno 1] Operation not permitted: '/opt/***/logs/dag_id=air_quality/run_id=scheduled__2023-11-25T04:00:00+00:00/task_id=Extract'
[2023-12-28T16:54:01.071+0000] {taskinstance.py:1159} INFO - Dependencies all met for dep_context=non-requeueable deps ti=<TaskInstance: air_quality.Extract scheduled__2023-11-25T04:00:00+00:00 [queued]>
[2023-12-28T16:54:01.100+0000] {taskinstance.py:1159} INFO - Dependencies all met for dep_context=requeueable deps ti=<TaskInstance: air_quality.Extract scheduled__2023-11-25T04:00:00+00:00 [queued]>
[2023-12-28T16:54:01.102+0000] {taskinstance.py:1361} INFO - Starting attempt 1 of 2
[2023-12-28T16:54:01.232+0000] {taskinstance.py:1382} INFO - Executing <Task(PythonOperator): Extract> on 2023-11-25 04:00:00+00:00
[2023-12-28T16:54:01.239+0000] {standard_task_runner.py:57} INFO - Started process 777 to run task
[2023-12-28T16:54:01.247+0000] {standard_task_runner.py:84} INFO - Running: ['***', 'tasks', 'run', 'air_quality', 'Extract', 'scheduled__2023-11-25T04:00:00+00:00', '--job-id', '1004', '--raw', '--subdir', 'DAGS_FOLDER/airQuality.py', '--cfg-path', '/tmp/tmpmg3k1x7u']
[2023-12-28T16:54:01.249+0000] {standard_task_runner.py:85} INFO - Job 1004: Subtask Extract
[2023-12-28T16:54:01.362+0000] {logging_mixin.py:154} INFO - Changing /opt/***/logs/dag_id=air_quality/run_id=scheduled__2023-11-25T04:00:00+00:00/task_id=Extract permission to 509
[2023-12-28T16:54:01.364+0000] {logging_mixin.py:154} INFO - Failed to change /opt/***/logs/dag_id=air_quality/run_id=scheduled__2023-11-25T04:00:00+00:00/task_id=Extract permission to 509: [Errno 1] Operation not permitted: '/opt/***/logs/dag_id=air_quality/run_id=scheduled__2023-11-25T04:00:00+00:00/task_id=Extract'
[2023-12-28T16:54:01.369+0000] {task_command.py:416} INFO - Running <TaskInstance: air_quality.Extract scheduled__2023-11-25T04:00:00+00:00 [running]> on host d67dd4682ccf
[2023-12-28T16:54:01.560+0000] {taskinstance.py:1662} INFO - Exporting env vars: AIRFLOW_CTX_DAG_OWNER='ghifari' AIRFLOW_CTX_DAG_ID='air_quality' AIRFLOW_CTX_TASK_ID='Extract' AIRFLOW_CTX_EXECUTION_DATE='2023-11-25T04:00:00+00:00' AIRFLOW_CTX_TRY_NUMBER='1' AIRFLOW_CTX_DAG_RUN_ID='scheduled__2023-11-25T04:00:00+00:00'
[2023-12-28T16:54:01.675+0000] {python.py:194} INFO - Done. Returned value was: {'city': ['Jakarta'], 'country': ['ID'], 'unit': ['o3'], 'last_value': [-0.999], 'lat': [-6.182536], 'lng': [106.834236]}
[2023-12-28T16:54:01.713+0000] {taskinstance.py:1400} INFO - Marking task as SUCCESS. dag_id=air_quality, task_id=Extract, execution_date=20231125T040000, start_date=20231228T165401, end_date=20231228T165401
[2023-12-28T16:54:01.788+0000] {local_task_job_runner.py:228} INFO - Task exited with return code 0
[2023-12-28T16:54:01.850+0000] {taskinstance.py:2778} INFO - 1 downstream tasks scheduled from follow-on schedule check
