[2023-12-29T11:56:39.998+0000] {logging_mixin.py:154} INFO - Changing /opt/***/logs/dag_id=air_quality/run_id=scheduled__2023-12-28T04:00:00+00:00/task_id=Check_Response permission to 509
[2023-12-29T11:56:40.001+0000] {logging_mixin.py:154} INFO - Failed to change /opt/***/logs/dag_id=air_quality/run_id=scheduled__2023-12-28T04:00:00+00:00/task_id=Check_Response permission to 509: [Errno 1] Operation not permitted: '/opt/***/logs/dag_id=air_quality/run_id=scheduled__2023-12-28T04:00:00+00:00/task_id=Check_Response'
[2023-12-29T11:56:40.049+0000] {logging_mixin.py:154} INFO - Changing /opt/***/logs/dag_id=air_quality/run_id=scheduled__2023-12-28T04:00:00+00:00/task_id=Check_Response permission to 509
[2023-12-29T11:56:40.050+0000] {logging_mixin.py:154} INFO - Failed to change /opt/***/logs/dag_id=air_quality/run_id=scheduled__2023-12-28T04:00:00+00:00/task_id=Check_Response permission to 509: [Errno 1] Operation not permitted: '/opt/***/logs/dag_id=air_quality/run_id=scheduled__2023-12-28T04:00:00+00:00/task_id=Check_Response'
[2023-12-29T11:56:40.098+0000] {taskinstance.py:1159} INFO - Dependencies all met for dep_context=non-requeueable deps ti=<TaskInstance: air_quality.Check_Response scheduled__2023-12-28T04:00:00+00:00 [queued]>
[2023-12-29T11:56:40.114+0000] {taskinstance.py:1159} INFO - Dependencies all met for dep_context=requeueable deps ti=<TaskInstance: air_quality.Check_Response scheduled__2023-12-28T04:00:00+00:00 [queued]>
[2023-12-29T11:56:40.116+0000] {taskinstance.py:1361} INFO - Starting attempt 1 of 2
[2023-12-29T11:56:40.139+0000] {taskinstance.py:1382} INFO - Executing <Task(BranchPythonOperator): Check_Response> on 2023-12-28 04:00:00+00:00
[2023-12-29T11:56:40.144+0000] {standard_task_runner.py:57} INFO - Started process 54 to run task
[2023-12-29T11:56:40.152+0000] {standard_task_runner.py:84} INFO - Running: ['***', 'tasks', 'run', 'air_quality', 'Check_Response', 'scheduled__2023-12-28T04:00:00+00:00', '--job-id', '1221', '--raw', '--subdir', 'DAGS_FOLDER/airQuality.py', '--cfg-path', '/tmp/tmplvbrzr7t']
[2023-12-29T11:56:40.154+0000] {standard_task_runner.py:85} INFO - Job 1221: Subtask Check_Response
[2023-12-29T11:56:40.240+0000] {logging_mixin.py:154} INFO - Changing /opt/***/logs/dag_id=air_quality/run_id=scheduled__2023-12-28T04:00:00+00:00/task_id=Check_Response permission to 509
[2023-12-29T11:56:40.241+0000] {logging_mixin.py:154} INFO - Failed to change /opt/***/logs/dag_id=air_quality/run_id=scheduled__2023-12-28T04:00:00+00:00/task_id=Check_Response permission to 509: [Errno 1] Operation not permitted: '/opt/***/logs/dag_id=air_quality/run_id=scheduled__2023-12-28T04:00:00+00:00/task_id=Check_Response'
[2023-12-29T11:56:40.243+0000] {task_command.py:416} INFO - Running <TaskInstance: air_quality.Check_Response scheduled__2023-12-28T04:00:00+00:00 [running]> on host d67dd4682ccf
[2023-12-29T11:56:40.379+0000] {taskinstance.py:1662} INFO - Exporting env vars: AIRFLOW_CTX_DAG_OWNER='ghifari' AIRFLOW_CTX_DAG_ID='air_quality' AIRFLOW_CTX_TASK_ID='Check_Response' AIRFLOW_CTX_EXECUTION_DATE='2023-12-28T04:00:00+00:00' AIRFLOW_CTX_TRY_NUMBER='1' AIRFLOW_CTX_DAG_RUN_ID='scheduled__2023-12-28T04:00:00+00:00'
[2023-12-29T11:56:40.401+0000] {airQuality.py:89} INFO - Data Found: {'city': ['Jakarta'], 'country': ['ID'], 'unit': ['o3'], 'last_value': [-0.999], 'lat': [-6.182536], 'lng': [106.834236]}
[2023-12-29T11:56:40.402+0000] {python.py:194} INFO - Done. Returned value was: Transform
[2023-12-29T11:56:40.403+0000] {python.py:227} INFO - Branch callable return Transform
[2023-12-29T11:56:40.404+0000] {skipmixin.py:173} INFO - Following branch Transform
[2023-12-29T11:56:40.428+0000] {skipmixin.py:239} INFO - Skipping tasks [('Error_Response', -1)]
[2023-12-29T11:56:40.498+0000] {taskinstance.py:1400} INFO - Marking task as SUCCESS. dag_id=air_quality, task_id=Check_Response, execution_date=20231228T040000, start_date=20231229T115640, end_date=20231229T115640
[2023-12-29T11:56:40.526+0000] {local_task_job_runner.py:228} INFO - Task exited with return code 0
[2023-12-29T11:56:40.582+0000] {taskinstance.py:2778} INFO - 1 downstream tasks scheduled from follow-on schedule check
