[2023-12-17T12:17:31.064+0000] {logging_mixin.py:154} INFO - Changing /opt/***/logs/dag_id=air_quality/run_id=scheduled__2023-11-24T04:00:00+00:00/task_id=Check_Response permission to 509
[2023-12-17T12:17:31.081+0000] {logging_mixin.py:154} INFO - Failed to change /opt/***/logs/dag_id=air_quality/run_id=scheduled__2023-11-24T04:00:00+00:00/task_id=Check_Response permission to 509: [Errno 1] Operation not permitted: '/opt/***/logs/dag_id=air_quality/run_id=scheduled__2023-11-24T04:00:00+00:00/task_id=Check_Response'
[2023-12-17T12:17:31.211+0000] {logging_mixin.py:154} INFO - Changing /opt/***/logs/dag_id=air_quality/run_id=scheduled__2023-11-24T04:00:00+00:00/task_id=Check_Response permission to 509
[2023-12-17T12:17:31.216+0000] {logging_mixin.py:154} INFO - Failed to change /opt/***/logs/dag_id=air_quality/run_id=scheduled__2023-11-24T04:00:00+00:00/task_id=Check_Response permission to 509: [Errno 1] Operation not permitted: '/opt/***/logs/dag_id=air_quality/run_id=scheduled__2023-11-24T04:00:00+00:00/task_id=Check_Response'
[2023-12-17T12:17:31.355+0000] {taskinstance.py:1159} INFO - Dependencies all met for dep_context=non-requeueable deps ti=<TaskInstance: air_quality.Check_Response scheduled__2023-11-24T04:00:00+00:00 [queued]>
[2023-12-17T12:17:31.423+0000] {taskinstance.py:1159} INFO - Dependencies all met for dep_context=requeueable deps ti=<TaskInstance: air_quality.Check_Response scheduled__2023-11-24T04:00:00+00:00 [queued]>
[2023-12-17T12:17:31.424+0000] {taskinstance.py:1361} INFO - Starting attempt 2 of 3
[2023-12-17T12:17:31.662+0000] {taskinstance.py:1382} INFO - Executing <Task(BranchPythonOperator): Check_Response> on 2023-11-24 04:00:00+00:00
[2023-12-17T12:17:31.667+0000] {standard_task_runner.py:57} INFO - Started process 3700 to run task
[2023-12-17T12:17:31.672+0000] {standard_task_runner.py:84} INFO - Running: ['***', 'tasks', 'run', 'air_quality', 'Check_Response', 'scheduled__2023-11-24T04:00:00+00:00', '--job-id', '514', '--raw', '--subdir', 'DAGS_FOLDER/airQuality.py', '--cfg-path', '/tmp/tmpfs81vclz']
[2023-12-17T12:17:31.674+0000] {standard_task_runner.py:85} INFO - Job 514: Subtask Check_Response
[2023-12-17T12:17:31.797+0000] {logging_mixin.py:154} INFO - Changing /opt/***/logs/dag_id=air_quality/run_id=scheduled__2023-11-24T04:00:00+00:00/task_id=Check_Response permission to 509
[2023-12-17T12:17:31.799+0000] {logging_mixin.py:154} INFO - Failed to change /opt/***/logs/dag_id=air_quality/run_id=scheduled__2023-11-24T04:00:00+00:00/task_id=Check_Response permission to 509: [Errno 1] Operation not permitted: '/opt/***/logs/dag_id=air_quality/run_id=scheduled__2023-11-24T04:00:00+00:00/task_id=Check_Response'
[2023-12-17T12:17:31.810+0000] {task_command.py:416} INFO - Running <TaskInstance: air_quality.Check_Response scheduled__2023-11-24T04:00:00+00:00 [running]> on host 1a58977f5573
[2023-12-17T12:17:32.174+0000] {taskinstance.py:1662} INFO - Exporting env vars: AIRFLOW_CTX_DAG_OWNER='ghifari' AIRFLOW_CTX_DAG_ID='air_quality' AIRFLOW_CTX_TASK_ID='Check_Response' AIRFLOW_CTX_EXECUTION_DATE='2023-11-24T04:00:00+00:00' AIRFLOW_CTX_TRY_NUMBER='2' AIRFLOW_CTX_DAG_RUN_ID='scheduled__2023-11-24T04:00:00+00:00'
[2023-12-17T12:17:32.213+0000] {airQuality.py:112} INFO - Data Found: {'city': ['Jakarta'], 'country': ['ID'], 'unit': ['pm25'], 'last_value': [-999.0], 'lat': [-6.182536], 'lng': [106.834236]}
[2023-12-17T12:17:32.217+0000] {python.py:194} INFO - Done. Returned value was: Transform
[2023-12-17T12:17:32.218+0000] {python.py:227} INFO - Branch callable return Transform
[2023-12-17T12:17:32.220+0000] {skipmixin.py:173} INFO - Following branch Transform
[2023-12-17T12:17:32.268+0000] {skipmixin.py:239} INFO - Skipping tasks [('Error_Response', -1)]
[2023-12-17T12:17:32.395+0000] {taskinstance.py:1400} INFO - Marking task as SUCCESS. dag_id=air_quality, task_id=Check_Response, execution_date=20231124T040000, start_date=20231217T121731, end_date=20231217T121732
[2023-12-17T12:17:32.474+0000] {local_task_job_runner.py:228} INFO - Task exited with return code 0
[2023-12-17T12:17:32.566+0000] {taskinstance.py:2778} INFO - 1 downstream tasks scheduled from follow-on schedule check
