[2023-12-17T11:18:22.128+0000] {logging_mixin.py:154} INFO - Changing /opt/***/logs/dag_id=air_quality/run_id=scheduled__2023-11-24T04:00:00+00:00/task_id=Check_Response permission to 509
[2023-12-17T11:18:22.130+0000] {logging_mixin.py:154} INFO - Failed to change /opt/***/logs/dag_id=air_quality/run_id=scheduled__2023-11-24T04:00:00+00:00/task_id=Check_Response permission to 509: [Errno 1] Operation not permitted: '/opt/***/logs/dag_id=air_quality/run_id=scheduled__2023-11-24T04:00:00+00:00/task_id=Check_Response'
[2023-12-17T11:18:22.213+0000] {logging_mixin.py:154} INFO - Changing /opt/***/logs/dag_id=air_quality/run_id=scheduled__2023-11-24T04:00:00+00:00/task_id=Check_Response permission to 509
[2023-12-17T11:18:22.216+0000] {logging_mixin.py:154} INFO - Failed to change /opt/***/logs/dag_id=air_quality/run_id=scheduled__2023-11-24T04:00:00+00:00/task_id=Check_Response permission to 509: [Errno 1] Operation not permitted: '/opt/***/logs/dag_id=air_quality/run_id=scheduled__2023-11-24T04:00:00+00:00/task_id=Check_Response'
[2023-12-17T11:18:22.319+0000] {taskinstance.py:1159} INFO - Dependencies all met for dep_context=non-requeueable deps ti=<TaskInstance: air_quality.Check_Response scheduled__2023-11-24T04:00:00+00:00 [queued]>
[2023-12-17T11:18:22.360+0000] {taskinstance.py:1159} INFO - Dependencies all met for dep_context=requeueable deps ti=<TaskInstance: air_quality.Check_Response scheduled__2023-11-24T04:00:00+00:00 [queued]>
[2023-12-17T11:18:22.362+0000] {taskinstance.py:1361} INFO - Starting attempt 1 of 2
[2023-12-17T11:18:22.433+0000] {taskinstance.py:1382} INFO - Executing <Task(BranchPythonOperator): Check_Response> on 2023-11-24 04:00:00+00:00
[2023-12-17T11:18:22.446+0000] {standard_task_runner.py:57} INFO - Started process 1986 to run task
[2023-12-17T11:18:22.454+0000] {standard_task_runner.py:84} INFO - Running: ['***', 'tasks', 'run', 'air_quality', 'Check_Response', 'scheduled__2023-11-24T04:00:00+00:00', '--job-id', '295', '--raw', '--subdir', 'DAGS_FOLDER/airQuality.py', '--cfg-path', '/tmp/tmpgmkm55oi']
[2023-12-17T11:18:22.457+0000] {standard_task_runner.py:85} INFO - Job 295: Subtask Check_Response
[2023-12-17T11:18:22.615+0000] {logging_mixin.py:154} INFO - Changing /opt/***/logs/dag_id=air_quality/run_id=scheduled__2023-11-24T04:00:00+00:00/task_id=Check_Response permission to 509
[2023-12-17T11:18:22.616+0000] {logging_mixin.py:154} INFO - Failed to change /opt/***/logs/dag_id=air_quality/run_id=scheduled__2023-11-24T04:00:00+00:00/task_id=Check_Response permission to 509: [Errno 1] Operation not permitted: '/opt/***/logs/dag_id=air_quality/run_id=scheduled__2023-11-24T04:00:00+00:00/task_id=Check_Response'
[2023-12-17T11:18:22.626+0000] {task_command.py:416} INFO - Running <TaskInstance: air_quality.Check_Response scheduled__2023-11-24T04:00:00+00:00 [running]> on host 1a58977f5573
[2023-12-17T11:18:23.069+0000] {taskinstance.py:1662} INFO - Exporting env vars: AIRFLOW_CTX_DAG_OWNER='ghifari' AIRFLOW_CTX_DAG_ID='air_quality' AIRFLOW_CTX_TASK_ID='Check_Response' AIRFLOW_CTX_EXECUTION_DATE='2023-11-24T04:00:00+00:00' AIRFLOW_CTX_TRY_NUMBER='1' AIRFLOW_CTX_DAG_RUN_ID='scheduled__2023-11-24T04:00:00+00:00'
[2023-12-17T11:18:23.133+0000] {airQuality.py:112} INFO - Data Found: {'city': ['Jakarta'], 'country': ['ID'], 'unit': ['o3'], 'last_value': [-0.999], 'lat': [-6.182536], 'lng': [106.834236]}
[2023-12-17T11:18:23.135+0000] {python.py:194} INFO - Done. Returned value was: Transform
[2023-12-17T11:18:23.136+0000] {python.py:227} INFO - Branch callable return Transform
[2023-12-17T11:18:23.137+0000] {skipmixin.py:173} INFO - Following branch Transform
[2023-12-17T11:18:23.264+0000] {skipmixin.py:239} INFO - Skipping tasks [('Error_Response', -1)]
[2023-12-17T11:18:23.504+0000] {taskinstance.py:1400} INFO - Marking task as SUCCESS. dag_id=air_quality, task_id=Check_Response, execution_date=20231124T040000, start_date=20231217T111822, end_date=20231217T111823
[2023-12-17T11:18:23.670+0000] {local_task_job_runner.py:228} INFO - Task exited with return code 0
[2023-12-17T11:18:23.966+0000] {taskinstance.py:2778} INFO - 0 downstream tasks scheduled from follow-on schedule check
[2023-12-28T16:51:29.157+0000] {logging_mixin.py:154} INFO - Changing /opt/***/logs/dag_id=air_quality/run_id=scheduled__2023-11-24T04:00:00+00:00/task_id=Check_Response permission to 509
[2023-12-28T16:51:29.160+0000] {logging_mixin.py:154} INFO - Failed to change /opt/***/logs/dag_id=air_quality/run_id=scheduled__2023-11-24T04:00:00+00:00/task_id=Check_Response permission to 509: [Errno 1] Operation not permitted: '/opt/***/logs/dag_id=air_quality/run_id=scheduled__2023-11-24T04:00:00+00:00/task_id=Check_Response'
[2023-12-28T16:51:29.233+0000] {logging_mixin.py:154} INFO - Changing /opt/***/logs/dag_id=air_quality/run_id=scheduled__2023-11-24T04:00:00+00:00/task_id=Check_Response permission to 509
[2023-12-28T16:51:29.235+0000] {logging_mixin.py:154} INFO - Failed to change /opt/***/logs/dag_id=air_quality/run_id=scheduled__2023-11-24T04:00:00+00:00/task_id=Check_Response permission to 509: [Errno 1] Operation not permitted: '/opt/***/logs/dag_id=air_quality/run_id=scheduled__2023-11-24T04:00:00+00:00/task_id=Check_Response'
[2023-12-28T16:51:29.346+0000] {taskinstance.py:1159} INFO - Dependencies all met for dep_context=non-requeueable deps ti=<TaskInstance: air_quality.Check_Response scheduled__2023-11-24T04:00:00+00:00 [queued]>
[2023-12-28T16:51:29.389+0000] {taskinstance.py:1159} INFO - Dependencies all met for dep_context=requeueable deps ti=<TaskInstance: air_quality.Check_Response scheduled__2023-11-24T04:00:00+00:00 [queued]>
[2023-12-28T16:51:29.395+0000] {taskinstance.py:1361} INFO - Starting attempt 1 of 2
[2023-12-28T16:51:29.454+0000] {taskinstance.py:1382} INFO - Executing <Task(BranchPythonOperator): Check_Response> on 2023-11-24 04:00:00+00:00
[2023-12-28T16:51:29.471+0000] {standard_task_runner.py:57} INFO - Started process 99 to run task
[2023-12-28T16:51:29.472+0000] {standard_task_runner.py:84} INFO - Running: ['***', 'tasks', 'run', 'air_quality', 'Check_Response', 'scheduled__2023-11-24T04:00:00+00:00', '--job-id', '806', '--raw', '--subdir', 'DAGS_FOLDER/airQuality.py', '--cfg-path', '/tmp/tmpwxjwffa1']
[2023-12-28T16:51:29.478+0000] {standard_task_runner.py:85} INFO - Job 806: Subtask Check_Response
[2023-12-28T16:51:29.630+0000] {logging_mixin.py:154} INFO - Changing /opt/***/logs/dag_id=air_quality/run_id=scheduled__2023-11-24T04:00:00+00:00/task_id=Check_Response permission to 509
[2023-12-28T16:51:29.631+0000] {logging_mixin.py:154} INFO - Failed to change /opt/***/logs/dag_id=air_quality/run_id=scheduled__2023-11-24T04:00:00+00:00/task_id=Check_Response permission to 509: [Errno 1] Operation not permitted: '/opt/***/logs/dag_id=air_quality/run_id=scheduled__2023-11-24T04:00:00+00:00/task_id=Check_Response'
[2023-12-28T16:51:29.635+0000] {task_command.py:416} INFO - Running <TaskInstance: air_quality.Check_Response scheduled__2023-11-24T04:00:00+00:00 [running]> on host d67dd4682ccf
[2023-12-28T16:51:29.815+0000] {taskinstance.py:1662} INFO - Exporting env vars: AIRFLOW_CTX_DAG_OWNER='ghifari' AIRFLOW_CTX_DAG_ID='air_quality' AIRFLOW_CTX_TASK_ID='Check_Response' AIRFLOW_CTX_EXECUTION_DATE='2023-11-24T04:00:00+00:00' AIRFLOW_CTX_TRY_NUMBER='1' AIRFLOW_CTX_DAG_RUN_ID='scheduled__2023-11-24T04:00:00+00:00'
[2023-12-28T16:51:29.847+0000] {airQuality.py:90} INFO - Data Found: {'city': ['Jakarta'], 'country': ['ID'], 'unit': ['o3'], 'last_value': [-0.999], 'lat': [-6.182536], 'lng': [106.834236]}
[2023-12-28T16:51:29.851+0000] {python.py:194} INFO - Done. Returned value was: Transform
[2023-12-28T16:51:29.852+0000] {python.py:227} INFO - Branch callable return Transform
[2023-12-28T16:51:29.853+0000] {skipmixin.py:173} INFO - Following branch Transform
[2023-12-28T16:51:29.904+0000] {skipmixin.py:239} INFO - Skipping tasks [('Error_Response', -1)]
[2023-12-28T16:51:30.044+0000] {taskinstance.py:1400} INFO - Marking task as SUCCESS. dag_id=air_quality, task_id=Check_Response, execution_date=20231124T040000, start_date=20231228T165129, end_date=20231228T165130
[2023-12-28T16:51:30.124+0000] {local_task_job_runner.py:228} INFO - Task exited with return code 0
[2023-12-28T16:51:30.244+0000] {taskinstance.py:2778} INFO - 1 downstream tasks scheduled from follow-on schedule check
[2023-12-28T16:54:02.552+0000] {logging_mixin.py:154} INFO - Changing /opt/***/logs/dag_id=air_quality/run_id=scheduled__2023-11-24T04:00:00+00:00/task_id=Check_Response permission to 509
[2023-12-28T16:54:02.554+0000] {logging_mixin.py:154} INFO - Failed to change /opt/***/logs/dag_id=air_quality/run_id=scheduled__2023-11-24T04:00:00+00:00/task_id=Check_Response permission to 509: [Errno 1] Operation not permitted: '/opt/***/logs/dag_id=air_quality/run_id=scheduled__2023-11-24T04:00:00+00:00/task_id=Check_Response'
[2023-12-28T16:54:02.632+0000] {logging_mixin.py:154} INFO - Changing /opt/***/logs/dag_id=air_quality/run_id=scheduled__2023-11-24T04:00:00+00:00/task_id=Check_Response permission to 509
[2023-12-28T16:54:02.633+0000] {logging_mixin.py:154} INFO - Failed to change /opt/***/logs/dag_id=air_quality/run_id=scheduled__2023-11-24T04:00:00+00:00/task_id=Check_Response permission to 509: [Errno 1] Operation not permitted: '/opt/***/logs/dag_id=air_quality/run_id=scheduled__2023-11-24T04:00:00+00:00/task_id=Check_Response'
[2023-12-28T16:54:02.692+0000] {taskinstance.py:1159} INFO - Dependencies all met for dep_context=non-requeueable deps ti=<TaskInstance: air_quality.Check_Response scheduled__2023-11-24T04:00:00+00:00 [queued]>
[2023-12-28T16:54:02.712+0000] {taskinstance.py:1159} INFO - Dependencies all met for dep_context=requeueable deps ti=<TaskInstance: air_quality.Check_Response scheduled__2023-11-24T04:00:00+00:00 [queued]>
[2023-12-28T16:54:02.714+0000] {taskinstance.py:1361} INFO - Starting attempt 1 of 2
[2023-12-28T16:54:02.741+0000] {taskinstance.py:1382} INFO - Executing <Task(BranchPythonOperator): Check_Response> on 2023-11-24 04:00:00+00:00
[2023-12-28T16:54:02.747+0000] {standard_task_runner.py:57} INFO - Started process 791 to run task
[2023-12-28T16:54:02.754+0000] {standard_task_runner.py:84} INFO - Running: ['***', 'tasks', 'run', 'air_quality', 'Check_Response', 'scheduled__2023-11-24T04:00:00+00:00', '--job-id', '1010', '--raw', '--subdir', 'DAGS_FOLDER/airQuality.py', '--cfg-path', '/tmp/tmp0wwz3rj2']
[2023-12-28T16:54:02.756+0000] {standard_task_runner.py:85} INFO - Job 1010: Subtask Check_Response
[2023-12-28T16:54:02.832+0000] {logging_mixin.py:154} INFO - Changing /opt/***/logs/dag_id=air_quality/run_id=scheduled__2023-11-24T04:00:00+00:00/task_id=Check_Response permission to 509
[2023-12-28T16:54:02.833+0000] {logging_mixin.py:154} INFO - Failed to change /opt/***/logs/dag_id=air_quality/run_id=scheduled__2023-11-24T04:00:00+00:00/task_id=Check_Response permission to 509: [Errno 1] Operation not permitted: '/opt/***/logs/dag_id=air_quality/run_id=scheduled__2023-11-24T04:00:00+00:00/task_id=Check_Response'
[2023-12-28T16:54:02.836+0000] {task_command.py:416} INFO - Running <TaskInstance: air_quality.Check_Response scheduled__2023-11-24T04:00:00+00:00 [running]> on host d67dd4682ccf
[2023-12-28T16:54:02.977+0000] {taskinstance.py:1662} INFO - Exporting env vars: AIRFLOW_CTX_DAG_OWNER='ghifari' AIRFLOW_CTX_DAG_ID='air_quality' AIRFLOW_CTX_TASK_ID='Check_Response' AIRFLOW_CTX_EXECUTION_DATE='2023-11-24T04:00:00+00:00' AIRFLOW_CTX_TRY_NUMBER='1' AIRFLOW_CTX_DAG_RUN_ID='scheduled__2023-11-24T04:00:00+00:00'
[2023-12-28T16:54:03.003+0000] {airQuality.py:90} INFO - Data Found: {'city': ['Jakarta'], 'country': ['ID'], 'unit': ['o3'], 'last_value': [-0.999], 'lat': [-6.182536], 'lng': [106.834236]}
[2023-12-28T16:54:03.005+0000] {python.py:194} INFO - Done. Returned value was: Transform
[2023-12-28T16:54:03.007+0000] {python.py:227} INFO - Branch callable return Transform
[2023-12-28T16:54:03.008+0000] {skipmixin.py:173} INFO - Following branch Transform
[2023-12-28T16:54:03.070+0000] {skipmixin.py:239} INFO - Skipping tasks [('Error_Response', -1)]
[2023-12-28T16:54:03.197+0000] {taskinstance.py:1400} INFO - Marking task as SUCCESS. dag_id=air_quality, task_id=Check_Response, execution_date=20231124T040000, start_date=20231228T165402, end_date=20231228T165403
[2023-12-28T16:54:03.291+0000] {local_task_job_runner.py:228} INFO - Task exited with return code 0
[2023-12-28T16:54:03.366+0000] {taskinstance.py:2778} INFO - 1 downstream tasks scheduled from follow-on schedule check
