[2023-12-17T11:18:46.954+0000] {logging_mixin.py:154} INFO - Changing /opt/***/logs/dag_id=air_quality/run_id=scheduled__2023-11-30T04:00:00+00:00/task_id=CheckTable permission to 509
[2023-12-17T11:18:46.958+0000] {logging_mixin.py:154} INFO - Failed to change /opt/***/logs/dag_id=air_quality/run_id=scheduled__2023-11-30T04:00:00+00:00/task_id=CheckTable permission to 509: [Errno 1] Operation not permitted: '/opt/***/logs/dag_id=air_quality/run_id=scheduled__2023-11-30T04:00:00+00:00/task_id=CheckTable'
[2023-12-17T11:18:47.221+0000] {logging_mixin.py:154} INFO - Changing /opt/***/logs/dag_id=air_quality/run_id=scheduled__2023-11-30T04:00:00+00:00/task_id=CheckTable permission to 509
[2023-12-17T11:18:47.224+0000] {logging_mixin.py:154} INFO - Failed to change /opt/***/logs/dag_id=air_quality/run_id=scheduled__2023-11-30T04:00:00+00:00/task_id=CheckTable permission to 509: [Errno 1] Operation not permitted: '/opt/***/logs/dag_id=air_quality/run_id=scheduled__2023-11-30T04:00:00+00:00/task_id=CheckTable'
[2023-12-17T11:18:47.332+0000] {taskinstance.py:1159} INFO - Dependencies all met for dep_context=non-requeueable deps ti=<TaskInstance: air_quality.CheckTable scheduled__2023-11-30T04:00:00+00:00 [queued]>
[2023-12-17T11:18:47.390+0000] {taskinstance.py:1159} INFO - Dependencies all met for dep_context=requeueable deps ti=<TaskInstance: air_quality.CheckTable scheduled__2023-11-30T04:00:00+00:00 [queued]>
[2023-12-17T11:18:47.391+0000] {taskinstance.py:1361} INFO - Starting attempt 1 of 2
[2023-12-17T11:18:47.751+0000] {taskinstance.py:1382} INFO - Executing <Task(BranchPythonOperator): CheckTable> on 2023-11-30 04:00:00+00:00
[2023-12-17T11:18:47.767+0000] {standard_task_runner.py:57} INFO - Started process 2200 to run task
[2023-12-17T11:18:47.797+0000] {standard_task_runner.py:84} INFO - Running: ['***', 'tasks', 'run', 'air_quality', 'CheckTable', 'scheduled__2023-11-30T04:00:00+00:00', '--job-id', '361', '--raw', '--subdir', 'DAGS_FOLDER/airQuality.py', '--cfg-path', '/tmp/tmpyz_eylrs']
[2023-12-17T11:18:47.807+0000] {standard_task_runner.py:85} INFO - Job 361: Subtask CheckTable
[2023-12-17T11:18:48.101+0000] {logging_mixin.py:154} INFO - Changing /opt/***/logs/dag_id=air_quality/run_id=scheduled__2023-11-30T04:00:00+00:00/task_id=CheckTable permission to 509
[2023-12-17T11:18:48.102+0000] {logging_mixin.py:154} INFO - Failed to change /opt/***/logs/dag_id=air_quality/run_id=scheduled__2023-11-30T04:00:00+00:00/task_id=CheckTable permission to 509: [Errno 1] Operation not permitted: '/opt/***/logs/dag_id=air_quality/run_id=scheduled__2023-11-30T04:00:00+00:00/task_id=CheckTable'
[2023-12-17T11:18:48.107+0000] {task_command.py:416} INFO - Running <TaskInstance: air_quality.CheckTable scheduled__2023-11-30T04:00:00+00:00 [running]> on host 1a58977f5573
[2023-12-17T11:18:48.425+0000] {taskinstance.py:1662} INFO - Exporting env vars: AIRFLOW_CTX_DAG_OWNER='ghifari' AIRFLOW_CTX_DAG_ID='air_quality' AIRFLOW_CTX_TASK_ID='CheckTable' AIRFLOW_CTX_EXECUTION_DATE='2023-11-30T04:00:00+00:00' AIRFLOW_CTX_TRY_NUMBER='1' AIRFLOW_CTX_DAG_RUN_ID='scheduled__2023-11-30T04:00:00+00:00'
[2023-12-17T11:18:48.487+0000] {airQuality.py:204} INFO - Table Created: 
        CREATE TABLE air_quality (
            id serial primary key, 
            city varchar(250),
            country varchar(250), 
            unit varchar(20), 
            last_value float8, 
            lat float8,
            lng float8
        )
    
[2023-12-17T11:18:48.491+0000] {python.py:194} INFO - Done. Returned value was: Insert_Data
[2023-12-17T11:18:48.494+0000] {python.py:227} INFO - Branch callable return Insert_Data
[2023-12-17T11:18:48.497+0000] {skipmixin.py:173} INFO - Following branch Insert_Data
[2023-12-17T11:18:48.551+0000] {skipmixin.py:239} INFO - Skipping tasks []
[2023-12-17T11:18:48.811+0000] {taskinstance.py:1400} INFO - Marking task as SUCCESS. dag_id=air_quality, task_id=CheckTable, execution_date=20231130T040000, start_date=20231217T111847, end_date=20231217T111848
[2023-12-17T11:18:49.175+0000] {local_task_job_runner.py:228} INFO - Task exited with return code 0
[2023-12-17T11:18:49.347+0000] {taskinstance.py:2778} INFO - 1 downstream tasks scheduled from follow-on schedule check
[2023-12-28T16:54:27.562+0000] {logging_mixin.py:154} INFO - Changing /opt/***/logs/dag_id=air_quality/run_id=scheduled__2023-11-30T04:00:00+00:00/task_id=CheckTable permission to 509
[2023-12-28T16:54:27.570+0000] {logging_mixin.py:154} INFO - Failed to change /opt/***/logs/dag_id=air_quality/run_id=scheduled__2023-11-30T04:00:00+00:00/task_id=CheckTable permission to 509: [Errno 1] Operation not permitted: '/opt/***/logs/dag_id=air_quality/run_id=scheduled__2023-11-30T04:00:00+00:00/task_id=CheckTable'
[2023-12-28T16:54:27.785+0000] {logging_mixin.py:154} INFO - Changing /opt/***/logs/dag_id=air_quality/run_id=scheduled__2023-11-30T04:00:00+00:00/task_id=CheckTable permission to 509
[2023-12-28T16:54:27.794+0000] {logging_mixin.py:154} INFO - Failed to change /opt/***/logs/dag_id=air_quality/run_id=scheduled__2023-11-30T04:00:00+00:00/task_id=CheckTable permission to 509: [Errno 1] Operation not permitted: '/opt/***/logs/dag_id=air_quality/run_id=scheduled__2023-11-30T04:00:00+00:00/task_id=CheckTable'
[2023-12-28T16:54:28.164+0000] {taskinstance.py:1159} INFO - Dependencies all met for dep_context=non-requeueable deps ti=<TaskInstance: air_quality.CheckTable scheduled__2023-11-30T04:00:00+00:00 [queued]>
[2023-12-28T16:54:28.422+0000] {taskinstance.py:1159} INFO - Dependencies all met for dep_context=requeueable deps ti=<TaskInstance: air_quality.CheckTable scheduled__2023-11-30T04:00:00+00:00 [queued]>
[2023-12-28T16:54:28.459+0000] {taskinstance.py:1361} INFO - Starting attempt 1 of 2
[2023-12-28T16:54:28.676+0000] {taskinstance.py:1382} INFO - Executing <Task(BranchPythonOperator): CheckTable> on 2023-11-30 04:00:00+00:00
[2023-12-28T16:54:28.772+0000] {standard_task_runner.py:57} INFO - Started process 940 to run task
[2023-12-28T16:54:29.043+0000] {standard_task_runner.py:84} INFO - Running: ['***', 'tasks', 'run', 'air_quality', 'CheckTable', 'scheduled__2023-11-30T04:00:00+00:00', '--job-id', '1071', '--raw', '--subdir', 'DAGS_FOLDER/airQuality.py', '--cfg-path', '/tmp/tmphmca3h48']
[2023-12-28T16:54:29.064+0000] {standard_task_runner.py:85} INFO - Job 1071: Subtask CheckTable
[2023-12-28T16:54:29.470+0000] {logging_mixin.py:154} INFO - Changing /opt/***/logs/dag_id=air_quality/run_id=scheduled__2023-11-30T04:00:00+00:00/task_id=CheckTable permission to 509
[2023-12-28T16:54:29.477+0000] {logging_mixin.py:154} INFO - Failed to change /opt/***/logs/dag_id=air_quality/run_id=scheduled__2023-11-30T04:00:00+00:00/task_id=CheckTable permission to 509: [Errno 1] Operation not permitted: '/opt/***/logs/dag_id=air_quality/run_id=scheduled__2023-11-30T04:00:00+00:00/task_id=CheckTable'
[2023-12-28T16:54:29.503+0000] {task_command.py:416} INFO - Running <TaskInstance: air_quality.CheckTable scheduled__2023-11-30T04:00:00+00:00 [running]> on host d67dd4682ccf
[2023-12-28T16:54:29.949+0000] {taskinstance.py:1662} INFO - Exporting env vars: AIRFLOW_CTX_DAG_OWNER='ghifari' AIRFLOW_CTX_DAG_ID='air_quality' AIRFLOW_CTX_TASK_ID='CheckTable' AIRFLOW_CTX_EXECUTION_DATE='2023-11-30T04:00:00+00:00' AIRFLOW_CTX_TRY_NUMBER='1' AIRFLOW_CTX_DAG_RUN_ID='scheduled__2023-11-30T04:00:00+00:00'
[2023-12-28T16:54:30.001+0000] {airQuality.py:183} INFO - Table Created: 
        CREATE TABLE air_quality (
            id serial primary key, 
            city varchar(250),
            country varchar(250), 
            unit varchar(20), 
            last_value float8, 
            lat float8,
            lng float8
        )
    
[2023-12-28T16:54:30.009+0000] {python.py:194} INFO - Done. Returned value was: Insert_Data
[2023-12-28T16:54:30.010+0000] {python.py:227} INFO - Branch callable return Insert_Data
[2023-12-28T16:54:30.019+0000] {skipmixin.py:173} INFO - Following branch Insert_Data
[2023-12-28T16:54:30.070+0000] {skipmixin.py:239} INFO - Skipping tasks []
[2023-12-28T16:54:30.250+0000] {taskinstance.py:1400} INFO - Marking task as SUCCESS. dag_id=air_quality, task_id=CheckTable, execution_date=20231130T040000, start_date=20231228T165428, end_date=20231228T165430
[2023-12-28T16:54:30.372+0000] {local_task_job_runner.py:228} INFO - Task exited with return code 0
[2023-12-28T16:54:30.573+0000] {taskinstance.py:2778} INFO - 1 downstream tasks scheduled from follow-on schedule check
