[2023-12-17T12:17:52.864+0000] {logging_mixin.py:154} INFO - Changing /opt/***/logs/dag_id=air_quality/run_id=scheduled__2023-11-30T04:00:00+00:00/task_id=CheckTable permission to 509
[2023-12-17T12:17:52.867+0000] {logging_mixin.py:154} INFO - Failed to change /opt/***/logs/dag_id=air_quality/run_id=scheduled__2023-11-30T04:00:00+00:00/task_id=CheckTable permission to 509: [Errno 1] Operation not permitted: '/opt/***/logs/dag_id=air_quality/run_id=scheduled__2023-11-30T04:00:00+00:00/task_id=CheckTable'
[2023-12-17T12:17:53.136+0000] {logging_mixin.py:154} INFO - Changing /opt/***/logs/dag_id=air_quality/run_id=scheduled__2023-11-30T04:00:00+00:00/task_id=CheckTable permission to 509
[2023-12-17T12:17:53.143+0000] {logging_mixin.py:154} INFO - Failed to change /opt/***/logs/dag_id=air_quality/run_id=scheduled__2023-11-30T04:00:00+00:00/task_id=CheckTable permission to 509: [Errno 1] Operation not permitted: '/opt/***/logs/dag_id=air_quality/run_id=scheduled__2023-11-30T04:00:00+00:00/task_id=CheckTable'
[2023-12-17T12:17:53.362+0000] {taskinstance.py:1159} INFO - Dependencies all met for dep_context=non-requeueable deps ti=<TaskInstance: air_quality.CheckTable scheduled__2023-11-30T04:00:00+00:00 [queued]>
[2023-12-17T12:17:53.432+0000] {taskinstance.py:1159} INFO - Dependencies all met for dep_context=requeueable deps ti=<TaskInstance: air_quality.CheckTable scheduled__2023-11-30T04:00:00+00:00 [queued]>
[2023-12-17T12:17:53.437+0000] {taskinstance.py:1361} INFO - Starting attempt 2 of 3
[2023-12-17T12:17:53.827+0000] {taskinstance.py:1382} INFO - Executing <Task(BranchPythonOperator): CheckTable> on 2023-11-30 04:00:00+00:00
[2023-12-17T12:17:53.862+0000] {standard_task_runner.py:57} INFO - Started process 3831 to run task
[2023-12-17T12:17:53.862+0000] {standard_task_runner.py:84} INFO - Running: ['***', 'tasks', 'run', 'air_quality', 'CheckTable', 'scheduled__2023-11-30T04:00:00+00:00', '--job-id', '562', '--raw', '--subdir', 'DAGS_FOLDER/airQuality.py', '--cfg-path', '/tmp/tmpkp15ravp']
[2023-12-17T12:17:53.876+0000] {standard_task_runner.py:85} INFO - Job 562: Subtask CheckTable
[2023-12-17T12:17:54.326+0000] {logging_mixin.py:154} INFO - Changing /opt/***/logs/dag_id=air_quality/run_id=scheduled__2023-11-30T04:00:00+00:00/task_id=CheckTable permission to 509
[2023-12-17T12:17:54.328+0000] {logging_mixin.py:154} INFO - Failed to change /opt/***/logs/dag_id=air_quality/run_id=scheduled__2023-11-30T04:00:00+00:00/task_id=CheckTable permission to 509: [Errno 1] Operation not permitted: '/opt/***/logs/dag_id=air_quality/run_id=scheduled__2023-11-30T04:00:00+00:00/task_id=CheckTable'
[2023-12-17T12:17:54.335+0000] {task_command.py:416} INFO - Running <TaskInstance: air_quality.CheckTable scheduled__2023-11-30T04:00:00+00:00 [running]> on host 1a58977f5573
[2023-12-17T12:17:54.842+0000] {taskinstance.py:1662} INFO - Exporting env vars: AIRFLOW_CTX_DAG_OWNER='ghifari' AIRFLOW_CTX_DAG_ID='air_quality' AIRFLOW_CTX_TASK_ID='CheckTable' AIRFLOW_CTX_EXECUTION_DATE='2023-11-30T04:00:00+00:00' AIRFLOW_CTX_TRY_NUMBER='2' AIRFLOW_CTX_DAG_RUN_ID='scheduled__2023-11-30T04:00:00+00:00'
[2023-12-17T12:17:54.924+0000] {airQuality.py:205} INFO - Table Created: 
        CREATE TABLE air_quality (
            id serial primary key, 
            city varchar(250),
            country varchar(250), 
            unit varchar(20), 
            last_value float8, 
            lat float8,
            lng float8
        )
    
[2023-12-17T12:17:54.925+0000] {python.py:194} INFO - Done. Returned value was: Insert_Data
[2023-12-17T12:17:54.930+0000] {python.py:227} INFO - Branch callable return Insert_Data
[2023-12-17T12:17:54.932+0000] {skipmixin.py:173} INFO - Following branch Insert_Data
[2023-12-17T12:17:54.976+0000] {skipmixin.py:239} INFO - Skipping tasks []
[2023-12-17T12:17:55.182+0000] {taskinstance.py:1400} INFO - Marking task as SUCCESS. dag_id=air_quality, task_id=CheckTable, execution_date=20231130T040000, start_date=20231217T121753, end_date=20231217T121755
[2023-12-17T12:17:55.378+0000] {local_task_job_runner.py:228} INFO - Task exited with return code 0
[2023-12-17T12:17:55.596+0000] {taskinstance.py:2778} INFO - 1 downstream tasks scheduled from follow-on schedule check
