[2023-12-17T11:34:14.887+0000] {logging_mixin.py:154} INFO - Changing /opt/***/logs/dag_id=air_quality/run_id=manual__2023-12-17T11:34:11.195928+00:00/task_id=Check_Response permission to 509
[2023-12-17T11:34:14.889+0000] {logging_mixin.py:154} INFO - Failed to change /opt/***/logs/dag_id=air_quality/run_id=manual__2023-12-17T11:34:11.195928+00:00/task_id=Check_Response permission to 509: [Errno 1] Operation not permitted: '/opt/***/logs/dag_id=air_quality/run_id=manual__2023-12-17T11:34:11.195928+00:00/task_id=Check_Response'
[2023-12-17T11:34:14.921+0000] {logging_mixin.py:154} INFO - Changing /opt/***/logs/dag_id=air_quality/run_id=manual__2023-12-17T11:34:11.195928+00:00/task_id=Check_Response permission to 509
[2023-12-17T11:34:14.922+0000] {logging_mixin.py:154} INFO - Failed to change /opt/***/logs/dag_id=air_quality/run_id=manual__2023-12-17T11:34:11.195928+00:00/task_id=Check_Response permission to 509: [Errno 1] Operation not permitted: '/opt/***/logs/dag_id=air_quality/run_id=manual__2023-12-17T11:34:11.195928+00:00/task_id=Check_Response'
[2023-12-17T11:34:14.956+0000] {taskinstance.py:1159} INFO - Dependencies all met for dep_context=non-requeueable deps ti=<TaskInstance: air_quality.Check_Response manual__2023-12-17T11:34:11.195928+00:00 [queued]>
[2023-12-17T11:34:14.968+0000] {taskinstance.py:1159} INFO - Dependencies all met for dep_context=requeueable deps ti=<TaskInstance: air_quality.Check_Response manual__2023-12-17T11:34:11.195928+00:00 [queued]>
[2023-12-17T11:34:14.969+0000] {taskinstance.py:1361} INFO - Starting attempt 1 of 2
[2023-12-17T11:34:14.987+0000] {taskinstance.py:1382} INFO - Executing <Task(BranchPythonOperator): Check_Response> on 2023-12-17 11:34:11.195928+00:00
[2023-12-17T11:34:14.991+0000] {standard_task_runner.py:57} INFO - Started process 2844 to run task
[2023-12-17T11:34:14.994+0000] {standard_task_runner.py:84} INFO - Running: ['***', 'tasks', 'run', 'air_quality', 'Check_Response', 'manual__2023-12-17T11:34:11.195928+00:00', '--job-id', '438', '--raw', '--subdir', 'DAGS_FOLDER/airQuality.py', '--cfg-path', '/tmp/tmpy7q258ll']
[2023-12-17T11:34:14.996+0000] {standard_task_runner.py:85} INFO - Job 438: Subtask Check_Response
[2023-12-17T11:34:15.049+0000] {logging_mixin.py:154} INFO - Changing /opt/***/logs/dag_id=air_quality/run_id=manual__2023-12-17T11:34:11.195928+00:00/task_id=Check_Response permission to 509
[2023-12-17T11:34:15.050+0000] {logging_mixin.py:154} INFO - Failed to change /opt/***/logs/dag_id=air_quality/run_id=manual__2023-12-17T11:34:11.195928+00:00/task_id=Check_Response permission to 509: [Errno 1] Operation not permitted: '/opt/***/logs/dag_id=air_quality/run_id=manual__2023-12-17T11:34:11.195928+00:00/task_id=Check_Response'
[2023-12-17T11:34:15.054+0000] {task_command.py:416} INFO - Running <TaskInstance: air_quality.Check_Response manual__2023-12-17T11:34:11.195928+00:00 [running]> on host 1a58977f5573
[2023-12-17T11:34:15.186+0000] {taskinstance.py:1662} INFO - Exporting env vars: AIRFLOW_CTX_DAG_OWNER='ghifari' AIRFLOW_CTX_DAG_ID='air_quality' AIRFLOW_CTX_TASK_ID='Check_Response' AIRFLOW_CTX_EXECUTION_DATE='2023-12-17T11:34:11.195928+00:00' AIRFLOW_CTX_TRY_NUMBER='1' AIRFLOW_CTX_DAG_RUN_ID='manual__2023-12-17T11:34:11.195928+00:00'
[2023-12-17T11:34:15.201+0000] {airQuality.py:112} INFO - Data Found: None
[2023-12-17T11:34:15.202+0000] {taskinstance.py:1937} ERROR - Task failed with exception
Traceback (most recent call last):
  File "/home/airflow/.local/lib/python3.8/site-packages/airflow/operators/python.py", line 226, in execute
    branch = super().execute(context)
  File "/home/airflow/.local/lib/python3.8/site-packages/airflow/operators/python.py", line 192, in execute
    return_value = self.execute_callable()
  File "/home/airflow/.local/lib/python3.8/site-packages/airflow/operators/python.py", line 209, in execute_callable
    return self.python_callable(*self.op_args, **self.op_kwargs)
  File "/opt/airflow/dags/airQuality.py", line 117, in checkResponse
    logger.info(f'Data Not Found: {resultResponse.status_code} - {resultResponse.reason}')
AttributeError: 'NoneType' object has no attribute 'status_code'
[2023-12-17T11:34:15.218+0000] {taskinstance.py:1400} INFO - Marking task as UP_FOR_RETRY. dag_id=air_quality, task_id=Check_Response, execution_date=20231217T113411, start_date=20231217T113414, end_date=20231217T113415
[2023-12-17T11:34:15.234+0000] {standard_task_runner.py:104} ERROR - Failed to execute job 438 for task Check_Response ('NoneType' object has no attribute 'status_code'; 2844)
[2023-12-17T11:34:15.247+0000] {local_task_job_runner.py:228} INFO - Task exited with return code 1
[2023-12-17T11:34:15.281+0000] {taskinstance.py:2778} INFO - 0 downstream tasks scheduled from follow-on schedule check
