[2023-12-17T11:18:42.840+0000] {logging_mixin.py:154} INFO - Changing /opt/***/logs/dag_id=air_quality/run_id=scheduled__2023-11-29T04:00:00+00:00/task_id=CheckTable permission to 509
[2023-12-17T11:18:42.843+0000] {logging_mixin.py:154} INFO - Failed to change /opt/***/logs/dag_id=air_quality/run_id=scheduled__2023-11-29T04:00:00+00:00/task_id=CheckTable permission to 509: [Errno 1] Operation not permitted: '/opt/***/logs/dag_id=air_quality/run_id=scheduled__2023-11-29T04:00:00+00:00/task_id=CheckTable'
[2023-12-17T11:18:42.962+0000] {logging_mixin.py:154} INFO - Changing /opt/***/logs/dag_id=air_quality/run_id=scheduled__2023-11-29T04:00:00+00:00/task_id=CheckTable permission to 509
[2023-12-17T11:18:42.964+0000] {logging_mixin.py:154} INFO - Failed to change /opt/***/logs/dag_id=air_quality/run_id=scheduled__2023-11-29T04:00:00+00:00/task_id=CheckTable permission to 509: [Errno 1] Operation not permitted: '/opt/***/logs/dag_id=air_quality/run_id=scheduled__2023-11-29T04:00:00+00:00/task_id=CheckTable'
[2023-12-17T11:18:43.062+0000] {taskinstance.py:1159} INFO - Dependencies all met for dep_context=non-requeueable deps ti=<TaskInstance: air_quality.CheckTable scheduled__2023-11-29T04:00:00+00:00 [queued]>
[2023-12-17T11:18:43.082+0000] {taskinstance.py:1159} INFO - Dependencies all met for dep_context=requeueable deps ti=<TaskInstance: air_quality.CheckTable scheduled__2023-11-29T04:00:00+00:00 [queued]>
[2023-12-17T11:18:43.083+0000] {taskinstance.py:1361} INFO - Starting attempt 1 of 2
[2023-12-17T11:18:43.119+0000] {taskinstance.py:1382} INFO - Executing <Task(BranchPythonOperator): CheckTable> on 2023-11-29 04:00:00+00:00
[2023-12-17T11:18:43.126+0000] {standard_task_runner.py:57} INFO - Started process 2114 to run task
[2023-12-17T11:18:43.134+0000] {standard_task_runner.py:84} INFO - Running: ['***', 'tasks', 'run', 'air_quality', 'CheckTable', 'scheduled__2023-11-29T04:00:00+00:00', '--job-id', '351', '--raw', '--subdir', 'DAGS_FOLDER/airQuality.py', '--cfg-path', '/tmp/tmpzhf0siob']
[2023-12-17T11:18:43.136+0000] {standard_task_runner.py:85} INFO - Job 351: Subtask CheckTable
[2023-12-17T11:18:43.303+0000] {logging_mixin.py:154} INFO - Changing /opt/***/logs/dag_id=air_quality/run_id=scheduled__2023-11-29T04:00:00+00:00/task_id=CheckTable permission to 509
[2023-12-17T11:18:43.304+0000] {logging_mixin.py:154} INFO - Failed to change /opt/***/logs/dag_id=air_quality/run_id=scheduled__2023-11-29T04:00:00+00:00/task_id=CheckTable permission to 509: [Errno 1] Operation not permitted: '/opt/***/logs/dag_id=air_quality/run_id=scheduled__2023-11-29T04:00:00+00:00/task_id=CheckTable'
[2023-12-17T11:18:43.307+0000] {task_command.py:416} INFO - Running <TaskInstance: air_quality.CheckTable scheduled__2023-11-29T04:00:00+00:00 [running]> on host 1a58977f5573
[2023-12-17T11:18:43.577+0000] {taskinstance.py:1662} INFO - Exporting env vars: AIRFLOW_CTX_DAG_OWNER='ghifari' AIRFLOW_CTX_DAG_ID='air_quality' AIRFLOW_CTX_TASK_ID='CheckTable' AIRFLOW_CTX_EXECUTION_DATE='2023-11-29T04:00:00+00:00' AIRFLOW_CTX_TRY_NUMBER='1' AIRFLOW_CTX_DAG_RUN_ID='scheduled__2023-11-29T04:00:00+00:00'
[2023-12-17T11:18:43.617+0000] {airQuality.py:204} INFO - Table Created: 
        CREATE TABLE air_quality (
            id serial primary key, 
            city varchar(250),
            country varchar(250), 
            unit varchar(20), 
            last_value float8, 
            lat float8,
            lng float8
        )
    
[2023-12-17T11:18:43.621+0000] {python.py:194} INFO - Done. Returned value was: Insert_Data
[2023-12-17T11:18:43.623+0000] {python.py:227} INFO - Branch callable return Insert_Data
[2023-12-17T11:18:43.624+0000] {skipmixin.py:173} INFO - Following branch Insert_Data
[2023-12-17T11:18:43.651+0000] {skipmixin.py:239} INFO - Skipping tasks []
[2023-12-17T11:18:43.787+0000] {taskinstance.py:1400} INFO - Marking task as SUCCESS. dag_id=air_quality, task_id=CheckTable, execution_date=20231129T040000, start_date=20231217T111843, end_date=20231217T111843
[2023-12-17T11:18:43.879+0000] {local_task_job_runner.py:228} INFO - Task exited with return code 0
[2023-12-17T11:18:43.963+0000] {taskinstance.py:2778} INFO - 1 downstream tasks scheduled from follow-on schedule check
[2023-12-28T16:54:27.507+0000] {logging_mixin.py:154} INFO - Changing /opt/***/logs/dag_id=air_quality/run_id=scheduled__2023-11-29T04:00:00+00:00/task_id=CheckTable permission to 509
[2023-12-28T16:54:27.516+0000] {logging_mixin.py:154} INFO - Failed to change /opt/***/logs/dag_id=air_quality/run_id=scheduled__2023-11-29T04:00:00+00:00/task_id=CheckTable permission to 509: [Errno 1] Operation not permitted: '/opt/***/logs/dag_id=air_quality/run_id=scheduled__2023-11-29T04:00:00+00:00/task_id=CheckTable'
[2023-12-28T16:54:27.676+0000] {logging_mixin.py:154} INFO - Changing /opt/***/logs/dag_id=air_quality/run_id=scheduled__2023-11-29T04:00:00+00:00/task_id=CheckTable permission to 509
[2023-12-28T16:54:27.678+0000] {logging_mixin.py:154} INFO - Failed to change /opt/***/logs/dag_id=air_quality/run_id=scheduled__2023-11-29T04:00:00+00:00/task_id=CheckTable permission to 509: [Errno 1] Operation not permitted: '/opt/***/logs/dag_id=air_quality/run_id=scheduled__2023-11-29T04:00:00+00:00/task_id=CheckTable'
[2023-12-28T16:54:27.986+0000] {taskinstance.py:1159} INFO - Dependencies all met for dep_context=non-requeueable deps ti=<TaskInstance: air_quality.CheckTable scheduled__2023-11-29T04:00:00+00:00 [queued]>
[2023-12-28T16:54:28.074+0000] {taskinstance.py:1159} INFO - Dependencies all met for dep_context=requeueable deps ti=<TaskInstance: air_quality.CheckTable scheduled__2023-11-29T04:00:00+00:00 [queued]>
[2023-12-28T16:54:28.076+0000] {taskinstance.py:1361} INFO - Starting attempt 1 of 2
[2023-12-28T16:54:28.289+0000] {taskinstance.py:1382} INFO - Executing <Task(BranchPythonOperator): CheckTable> on 2023-11-29 04:00:00+00:00
[2023-12-28T16:54:28.364+0000] {standard_task_runner.py:57} INFO - Started process 938 to run task
[2023-12-28T16:54:28.413+0000] {standard_task_runner.py:84} INFO - Running: ['***', 'tasks', 'run', 'air_quality', 'CheckTable', 'scheduled__2023-11-29T04:00:00+00:00', '--job-id', '1070', '--raw', '--subdir', 'DAGS_FOLDER/airQuality.py', '--cfg-path', '/tmp/tmpzzlzr16c']
[2023-12-28T16:54:28.429+0000] {standard_task_runner.py:85} INFO - Job 1070: Subtask CheckTable
[2023-12-28T16:54:29.053+0000] {logging_mixin.py:154} INFO - Changing /opt/***/logs/dag_id=air_quality/run_id=scheduled__2023-11-29T04:00:00+00:00/task_id=CheckTable permission to 509
[2023-12-28T16:54:29.058+0000] {logging_mixin.py:154} INFO - Failed to change /opt/***/logs/dag_id=air_quality/run_id=scheduled__2023-11-29T04:00:00+00:00/task_id=CheckTable permission to 509: [Errno 1] Operation not permitted: '/opt/***/logs/dag_id=air_quality/run_id=scheduled__2023-11-29T04:00:00+00:00/task_id=CheckTable'
[2023-12-28T16:54:29.075+0000] {task_command.py:416} INFO - Running <TaskInstance: air_quality.CheckTable scheduled__2023-11-29T04:00:00+00:00 [running]> on host d67dd4682ccf
[2023-12-28T16:54:29.828+0000] {taskinstance.py:1662} INFO - Exporting env vars: AIRFLOW_CTX_DAG_OWNER='ghifari' AIRFLOW_CTX_DAG_ID='air_quality' AIRFLOW_CTX_TASK_ID='CheckTable' AIRFLOW_CTX_EXECUTION_DATE='2023-11-29T04:00:00+00:00' AIRFLOW_CTX_TRY_NUMBER='1' AIRFLOW_CTX_DAG_RUN_ID='scheduled__2023-11-29T04:00:00+00:00'
[2023-12-28T16:54:29.865+0000] {airQuality.py:183} INFO - Table Created: 
        CREATE TABLE air_quality (
            id serial primary key, 
            city varchar(250),
            country varchar(250), 
            unit varchar(20), 
            last_value float8, 
            lat float8,
            lng float8
        )
    
[2023-12-28T16:54:29.882+0000] {python.py:194} INFO - Done. Returned value was: Insert_Data
[2023-12-28T16:54:29.889+0000] {python.py:227} INFO - Branch callable return Insert_Data
[2023-12-28T16:54:29.891+0000] {skipmixin.py:173} INFO - Following branch Insert_Data
[2023-12-28T16:54:29.977+0000] {skipmixin.py:239} INFO - Skipping tasks []
[2023-12-28T16:54:30.115+0000] {taskinstance.py:1400} INFO - Marking task as SUCCESS. dag_id=air_quality, task_id=CheckTable, execution_date=20231129T040000, start_date=20231228T165427, end_date=20231228T165430
[2023-12-28T16:54:30.205+0000] {local_task_job_runner.py:228} INFO - Task exited with return code 0
[2023-12-28T16:54:30.365+0000] {taskinstance.py:2778} INFO - 1 downstream tasks scheduled from follow-on schedule check
