[2023-12-17T06:07:35.438+0000] {logging_mixin.py:154} INFO - Changing /opt/***/logs/dag_id=air_quality/run_id=manual__2023-12-17T06:07:30.606974+00:00/task_id=Transform permission to 509
[2023-12-17T06:07:35.439+0000] {logging_mixin.py:154} INFO - Failed to change /opt/***/logs/dag_id=air_quality/run_id=manual__2023-12-17T06:07:30.606974+00:00/task_id=Transform permission to 509: [Errno 1] Operation not permitted: '/opt/***/logs/dag_id=air_quality/run_id=manual__2023-12-17T06:07:30.606974+00:00/task_id=Transform'
[2023-12-17T06:07:35.469+0000] {logging_mixin.py:154} INFO - Changing /opt/***/logs/dag_id=air_quality/run_id=manual__2023-12-17T06:07:30.606974+00:00/task_id=Transform permission to 509
[2023-12-17T06:07:35.470+0000] {logging_mixin.py:154} INFO - Failed to change /opt/***/logs/dag_id=air_quality/run_id=manual__2023-12-17T06:07:30.606974+00:00/task_id=Transform permission to 509: [Errno 1] Operation not permitted: '/opt/***/logs/dag_id=air_quality/run_id=manual__2023-12-17T06:07:30.606974+00:00/task_id=Transform'
[2023-12-17T06:07:35.508+0000] {taskinstance.py:1159} INFO - Dependencies all met for dep_context=non-requeueable deps ti=<TaskInstance: air_quality.Transform manual__2023-12-17T06:07:30.606974+00:00 [queued]>
[2023-12-17T06:07:35.522+0000] {taskinstance.py:1159} INFO - Dependencies all met for dep_context=requeueable deps ti=<TaskInstance: air_quality.Transform manual__2023-12-17T06:07:30.606974+00:00 [queued]>
[2023-12-17T06:07:35.523+0000] {taskinstance.py:1361} INFO - Starting attempt 1 of 2
[2023-12-17T06:07:35.544+0000] {taskinstance.py:1382} INFO - Executing <Task(PythonOperator): Transform> on 2023-12-17 06:07:30.606974+00:00
[2023-12-17T06:07:35.549+0000] {standard_task_runner.py:57} INFO - Started process 395 to run task
[2023-12-17T06:07:35.553+0000] {standard_task_runner.py:84} INFO - Running: ['***', 'tasks', 'run', 'air_quality', 'Transform', 'manual__2023-12-17T06:07:30.606974+00:00', '--job-id', '242', '--raw', '--subdir', 'DAGS_FOLDER/airQuality.py', '--cfg-path', '/tmp/tmpf6h6720d']
[2023-12-17T06:07:35.555+0000] {standard_task_runner.py:85} INFO - Job 242: Subtask Transform
[2023-12-17T06:07:35.609+0000] {logging_mixin.py:154} INFO - Changing /opt/***/logs/dag_id=air_quality/run_id=manual__2023-12-17T06:07:30.606974+00:00/task_id=Transform permission to 509
[2023-12-17T06:07:35.610+0000] {logging_mixin.py:154} INFO - Failed to change /opt/***/logs/dag_id=air_quality/run_id=manual__2023-12-17T06:07:30.606974+00:00/task_id=Transform permission to 509: [Errno 1] Operation not permitted: '/opt/***/logs/dag_id=air_quality/run_id=manual__2023-12-17T06:07:30.606974+00:00/task_id=Transform'
[2023-12-17T06:07:35.612+0000] {task_command.py:416} INFO - Running <TaskInstance: air_quality.Transform manual__2023-12-17T06:07:30.606974+00:00 [running]> on host 1a58977f5573
[2023-12-17T06:07:35.699+0000] {taskinstance.py:1662} INFO - Exporting env vars: AIRFLOW_CTX_DAG_OWNER='ghifari' AIRFLOW_CTX_DAG_ID='air_quality' AIRFLOW_CTX_TASK_ID='Transform' AIRFLOW_CTX_EXECUTION_DATE='2023-12-17T06:07:30.606974+00:00' AIRFLOW_CTX_TRY_NUMBER='1' AIRFLOW_CTX_DAG_RUN_ID='manual__2023-12-17T06:07:30.606974+00:00'
[2023-12-17T06:07:36.247+0000] {python.py:194} INFO - Done. Returned value was:       city country unit  last_value       lat         lng
0  Jakarta      ID   o3      -0.999 -6.182536  106.834236
[2023-12-17T06:07:36.305+0000] {taskinstance.py:1400} INFO - Marking task as SUCCESS. dag_id=air_quality, task_id=Transform, execution_date=20231217T060730, start_date=20231217T060735, end_date=20231217T060736
[2023-12-17T06:07:36.370+0000] {local_task_job_runner.py:228} INFO - Task exited with return code 0
[2023-12-17T06:07:36.427+0000] {taskinstance.py:2778} INFO - 1 downstream tasks scheduled from follow-on schedule check
