[2023-12-29T11:56:54.237+0000] {logging_mixin.py:154} INFO - Changing /opt/***/logs/dag_id=air_quality/run_id=scheduled__2023-12-28T04:00:00+00:00/task_id=Insert_Data permission to 509
[2023-12-29T11:56:54.239+0000] {logging_mixin.py:154} INFO - Failed to change /opt/***/logs/dag_id=air_quality/run_id=scheduled__2023-12-28T04:00:00+00:00/task_id=Insert_Data permission to 509: [Errno 1] Operation not permitted: '/opt/***/logs/dag_id=air_quality/run_id=scheduled__2023-12-28T04:00:00+00:00/task_id=Insert_Data'
[2023-12-29T11:56:54.282+0000] {logging_mixin.py:154} INFO - Changing /opt/***/logs/dag_id=air_quality/run_id=scheduled__2023-12-28T04:00:00+00:00/task_id=Insert_Data permission to 509
[2023-12-29T11:56:54.282+0000] {logging_mixin.py:154} INFO - Failed to change /opt/***/logs/dag_id=air_quality/run_id=scheduled__2023-12-28T04:00:00+00:00/task_id=Insert_Data permission to 509: [Errno 1] Operation not permitted: '/opt/***/logs/dag_id=air_quality/run_id=scheduled__2023-12-28T04:00:00+00:00/task_id=Insert_Data'
[2023-12-29T11:56:54.332+0000] {taskinstance.py:1159} INFO - Dependencies all met for dep_context=non-requeueable deps ti=<TaskInstance: air_quality.Insert_Data scheduled__2023-12-28T04:00:00+00:00 [queued]>
[2023-12-29T11:56:54.349+0000] {taskinstance.py:1159} INFO - Dependencies all met for dep_context=requeueable deps ti=<TaskInstance: air_quality.Insert_Data scheduled__2023-12-28T04:00:00+00:00 [queued]>
[2023-12-29T11:56:54.350+0000] {taskinstance.py:1361} INFO - Starting attempt 1 of 2
[2023-12-29T11:56:54.370+0000] {taskinstance.py:1382} INFO - Executing <Task(PythonOperator): Insert_Data> on 2023-12-28 04:00:00+00:00
[2023-12-29T11:56:54.376+0000] {standard_task_runner.py:57} INFO - Started process 71 to run task
[2023-12-29T11:56:54.380+0000] {standard_task_runner.py:84} INFO - Running: ['***', 'tasks', 'run', 'air_quality', 'Insert_Data', 'scheduled__2023-12-28T04:00:00+00:00', '--job-id', '1225', '--raw', '--subdir', 'DAGS_FOLDER/airQuality.py', '--cfg-path', '/tmp/tmphyavt8fc']
[2023-12-29T11:56:54.382+0000] {standard_task_runner.py:85} INFO - Job 1225: Subtask Insert_Data
[2023-12-29T11:56:54.454+0000] {logging_mixin.py:154} INFO - Changing /opt/***/logs/dag_id=air_quality/run_id=scheduled__2023-12-28T04:00:00+00:00/task_id=Insert_Data permission to 509
[2023-12-29T11:56:54.456+0000] {logging_mixin.py:154} INFO - Failed to change /opt/***/logs/dag_id=air_quality/run_id=scheduled__2023-12-28T04:00:00+00:00/task_id=Insert_Data permission to 509: [Errno 1] Operation not permitted: '/opt/***/logs/dag_id=air_quality/run_id=scheduled__2023-12-28T04:00:00+00:00/task_id=Insert_Data'
[2023-12-29T11:56:54.459+0000] {task_command.py:416} INFO - Running <TaskInstance: air_quality.Insert_Data scheduled__2023-12-28T04:00:00+00:00 [running]> on host d67dd4682ccf
[2023-12-29T11:56:54.582+0000] {taskinstance.py:1662} INFO - Exporting env vars: AIRFLOW_CTX_DAG_OWNER='ghifari' AIRFLOW_CTX_DAG_ID='air_quality' AIRFLOW_CTX_TASK_ID='Insert_Data' AIRFLOW_CTX_EXECUTION_DATE='2023-12-28T04:00:00+00:00' AIRFLOW_CTX_TRY_NUMBER='1' AIRFLOW_CTX_DAG_RUN_ID='scheduled__2023-12-28T04:00:00+00:00'
[2023-12-29T11:56:55.278+0000] {logging_mixin.py:154} INFO - city           object
country        object
unit           object
last_value    float64
lat           float64
lng           float64
dtype: object
[2023-12-29T11:56:55.294+0000] {base.py:73} INFO - Using connection ID 'neonServerDB-Postgres' for task execution.
[2023-12-29T11:56:59.937+0000] {python.py:194} INFO - Done. Returned value was: None
[2023-12-29T11:56:59.988+0000] {taskinstance.py:1400} INFO - Marking task as SUCCESS. dag_id=air_quality, task_id=Insert_Data, execution_date=20231228T040000, start_date=20231229T115654, end_date=20231229T115659
[2023-12-29T11:57:00.077+0000] {local_task_job_runner.py:228} INFO - Task exited with return code 0
[2023-12-29T11:57:00.155+0000] {taskinstance.py:2778} INFO - 0 downstream tasks scheduled from follow-on schedule check
