[2023-12-17T04:26:22.996+0000] {logging_mixin.py:154} INFO - Changing /opt/***/logs/dag_id=air_quality/run_id=manual__2023-12-17T04:26:17.208172+00:00/task_id=Create_Table permission to 509
[2023-12-17T04:26:22.998+0000] {logging_mixin.py:154} INFO - Failed to change /opt/***/logs/dag_id=air_quality/run_id=manual__2023-12-17T04:26:17.208172+00:00/task_id=Create_Table permission to 509: [Errno 1] Operation not permitted: '/opt/***/logs/dag_id=air_quality/run_id=manual__2023-12-17T04:26:17.208172+00:00/task_id=Create_Table'
[2023-12-17T04:26:23.036+0000] {logging_mixin.py:154} INFO - Changing /opt/***/logs/dag_id=air_quality/run_id=manual__2023-12-17T04:26:17.208172+00:00/task_id=Create_Table permission to 509
[2023-12-17T04:26:23.037+0000] {logging_mixin.py:154} INFO - Failed to change /opt/***/logs/dag_id=air_quality/run_id=manual__2023-12-17T04:26:17.208172+00:00/task_id=Create_Table permission to 509: [Errno 1] Operation not permitted: '/opt/***/logs/dag_id=air_quality/run_id=manual__2023-12-17T04:26:17.208172+00:00/task_id=Create_Table'
[2023-12-17T04:26:23.070+0000] {taskinstance.py:1159} INFO - Dependencies all met for dep_context=non-requeueable deps ti=<TaskInstance: air_quality.Create_Table manual__2023-12-17T04:26:17.208172+00:00 [queued]>
[2023-12-17T04:26:23.085+0000] {taskinstance.py:1159} INFO - Dependencies all met for dep_context=requeueable deps ti=<TaskInstance: air_quality.Create_Table manual__2023-12-17T04:26:17.208172+00:00 [queued]>
[2023-12-17T04:26:23.085+0000] {taskinstance.py:1361} INFO - Starting attempt 1 of 2
[2023-12-17T04:26:23.105+0000] {taskinstance.py:1382} INFO - Executing <Task(PythonOperator): Create_Table> on 2023-12-17 04:26:17.208172+00:00
[2023-12-17T04:26:23.109+0000] {standard_task_runner.py:57} INFO - Started process 271 to run task
[2023-12-17T04:26:23.112+0000] {standard_task_runner.py:84} INFO - Running: ['***', 'tasks', 'run', 'air_quality', 'Create_Table', 'manual__2023-12-17T04:26:17.208172+00:00', '--job-id', '218', '--raw', '--subdir', 'DAGS_FOLDER/airQuality.py', '--cfg-path', '/tmp/tmpeup4igkg']
[2023-12-17T04:26:23.113+0000] {standard_task_runner.py:85} INFO - Job 218: Subtask Create_Table
[2023-12-17T04:26:23.165+0000] {logging_mixin.py:154} INFO - Changing /opt/***/logs/dag_id=air_quality/run_id=manual__2023-12-17T04:26:17.208172+00:00/task_id=Create_Table permission to 509
[2023-12-17T04:26:23.165+0000] {logging_mixin.py:154} INFO - Failed to change /opt/***/logs/dag_id=air_quality/run_id=manual__2023-12-17T04:26:17.208172+00:00/task_id=Create_Table permission to 509: [Errno 1] Operation not permitted: '/opt/***/logs/dag_id=air_quality/run_id=manual__2023-12-17T04:26:17.208172+00:00/task_id=Create_Table'
[2023-12-17T04:26:23.167+0000] {task_command.py:416} INFO - Running <TaskInstance: air_quality.Create_Table manual__2023-12-17T04:26:17.208172+00:00 [running]> on host 1a58977f5573
[2023-12-17T04:26:23.271+0000] {taskinstance.py:1662} INFO - Exporting env vars: AIRFLOW_CTX_DAG_OWNER='ghifari' AIRFLOW_CTX_DAG_ID='air_quality' AIRFLOW_CTX_TASK_ID='Create_Table' AIRFLOW_CTX_EXECUTION_DATE='2023-12-17T04:26:17.208172+00:00' AIRFLOW_CTX_TRY_NUMBER='1' AIRFLOW_CTX_DAG_RUN_ID='manual__2023-12-17T04:26:17.208172+00:00'
[2023-12-17T04:26:23.286+0000] {base.py:73} INFO - Using connection ID 'neonServerDB-Postgres' for task execution.
[2023-12-17T04:26:24.373+0000] {python.py:194} INFO - Done. Returned value was: 
        CREATE TABLE test (
            id serial primary key, 
            city varchar(250),
            country varchar(250), 
            unit varchar(20), 
            last_value float8, 
            lat float8,
            lng float8
        )
    
[2023-12-17T04:26:24.441+0000] {taskinstance.py:1400} INFO - Marking task as SUCCESS. dag_id=air_quality, task_id=Create_Table, execution_date=20231217T042617, start_date=20231217T042623, end_date=20231217T042624
[2023-12-17T04:26:24.495+0000] {local_task_job_runner.py:228} INFO - Task exited with return code 0
[2023-12-17T04:26:24.537+0000] {taskinstance.py:2778} INFO - 1 downstream tasks scheduled from follow-on schedule check
