[2023-12-15T15:23:58.454+0000] {logging_mixin.py:154} INFO - Changing /opt/***/logs/dag_id=air_quality/run_id=manual__2023-12-15T15:19:46.965092+00:00/task_id=Transformation permission to 509
[2023-12-15T15:23:58.455+0000] {logging_mixin.py:154} INFO - Failed to change /opt/***/logs/dag_id=air_quality/run_id=manual__2023-12-15T15:19:46.965092+00:00/task_id=Transformation permission to 509: [Errno 1] Operation not permitted: '/opt/***/logs/dag_id=air_quality/run_id=manual__2023-12-15T15:19:46.965092+00:00/task_id=Transformation'
[2023-12-15T15:23:58.481+0000] {logging_mixin.py:154} INFO - Changing /opt/***/logs/dag_id=air_quality/run_id=manual__2023-12-15T15:19:46.965092+00:00/task_id=Transformation permission to 509
[2023-12-15T15:23:58.482+0000] {logging_mixin.py:154} INFO - Failed to change /opt/***/logs/dag_id=air_quality/run_id=manual__2023-12-15T15:19:46.965092+00:00/task_id=Transformation permission to 509: [Errno 1] Operation not permitted: '/opt/***/logs/dag_id=air_quality/run_id=manual__2023-12-15T15:19:46.965092+00:00/task_id=Transformation'
[2023-12-15T15:23:58.510+0000] {taskinstance.py:1159} INFO - Dependencies all met for dep_context=non-requeueable deps ti=<TaskInstance: air_quality.Transformation manual__2023-12-15T15:19:46.965092+00:00 [queued]>
[2023-12-15T15:23:58.518+0000] {taskinstance.py:1159} INFO - Dependencies all met for dep_context=requeueable deps ti=<TaskInstance: air_quality.Transformation manual__2023-12-15T15:19:46.965092+00:00 [queued]>
[2023-12-15T15:23:58.518+0000] {taskinstance.py:1361} INFO - Starting attempt 2 of 3
[2023-12-15T15:23:58.533+0000] {taskinstance.py:1382} INFO - Executing <Task(PythonOperator): Transformation> on 2023-12-15 15:19:46.965092+00:00
[2023-12-15T15:23:58.537+0000] {standard_task_runner.py:57} INFO - Started process 3385 to run task
[2023-12-15T15:23:58.539+0000] {standard_task_runner.py:84} INFO - Running: ['***', 'tasks', 'run', 'air_quality', 'Transformation', 'manual__2023-12-15T15:19:46.965092+00:00', '--job-id', '59', '--raw', '--subdir', 'DAGS_FOLDER/airQuality.py', '--cfg-path', '/tmp/tmpqyi00f3j']
[2023-12-15T15:23:58.541+0000] {standard_task_runner.py:85} INFO - Job 59: Subtask Transformation
[2023-12-15T15:23:58.581+0000] {logging_mixin.py:154} INFO - Changing /opt/***/logs/dag_id=air_quality/run_id=manual__2023-12-15T15:19:46.965092+00:00/task_id=Transformation permission to 509
[2023-12-15T15:23:58.582+0000] {logging_mixin.py:154} INFO - Failed to change /opt/***/logs/dag_id=air_quality/run_id=manual__2023-12-15T15:19:46.965092+00:00/task_id=Transformation permission to 509: [Errno 1] Operation not permitted: '/opt/***/logs/dag_id=air_quality/run_id=manual__2023-12-15T15:19:46.965092+00:00/task_id=Transformation'
[2023-12-15T15:23:58.585+0000] {task_command.py:416} INFO - Running <TaskInstance: air_quality.Transformation manual__2023-12-15T15:19:46.965092+00:00 [running]> on host d739bc9bef06
[2023-12-15T15:23:58.660+0000] {taskinstance.py:1662} INFO - Exporting env vars: AIRFLOW_CTX_DAG_OWNER='ghifari' AIRFLOW_CTX_DAG_ID='air_quality' AIRFLOW_CTX_TASK_ID='Transformation' AIRFLOW_CTX_EXECUTION_DATE='2023-12-15T15:19:46.965092+00:00' AIRFLOW_CTX_TRY_NUMBER='2' AIRFLOW_CTX_DAG_RUN_ID='manual__2023-12-15T15:19:46.965092+00:00'
[2023-12-15T15:24:00.270+0000] {python.py:194} INFO - Done. Returned value was:       city country unit  last_value       lat         lng
0  Jakarta      ID   o3      -0.999 -6.182536  106.834236
[2023-12-15T15:24:00.396+0000] {taskinstance.py:1400} INFO - Marking task as SUCCESS. dag_id=air_quality, task_id=Transformation, execution_date=20231215T151946, start_date=20231215T152358, end_date=20231215T152400
[2023-12-15T15:24:00.439+0000] {local_task_job_runner.py:228} INFO - Task exited with return code 0
[2023-12-15T15:24:00.454+0000] {taskinstance.py:2778} INFO - 0 downstream tasks scheduled from follow-on schedule check
