[2023-12-17T11:19:00.566+0000] {logging_mixin.py:154} INFO - Changing /opt/***/logs/dag_id=air_quality/run_id=scheduled__2023-12-08T04:00:00+00:00/task_id=Extract permission to 509
[2023-12-17T11:19:00.598+0000] {logging_mixin.py:154} INFO - Failed to change /opt/***/logs/dag_id=air_quality/run_id=scheduled__2023-12-08T04:00:00+00:00/task_id=Extract permission to 509: [Errno 1] Operation not permitted: '/opt/***/logs/dag_id=air_quality/run_id=scheduled__2023-12-08T04:00:00+00:00/task_id=Extract'
[2023-12-17T11:19:00.727+0000] {logging_mixin.py:154} INFO - Changing /opt/***/logs/dag_id=air_quality/run_id=scheduled__2023-12-08T04:00:00+00:00/task_id=Extract permission to 509
[2023-12-17T11:19:00.728+0000] {logging_mixin.py:154} INFO - Failed to change /opt/***/logs/dag_id=air_quality/run_id=scheduled__2023-12-08T04:00:00+00:00/task_id=Extract permission to 509: [Errno 1] Operation not permitted: '/opt/***/logs/dag_id=air_quality/run_id=scheduled__2023-12-08T04:00:00+00:00/task_id=Extract'
[2023-12-17T11:19:00.865+0000] {taskinstance.py:1159} INFO - Dependencies all met for dep_context=non-requeueable deps ti=<TaskInstance: air_quality.Extract scheduled__2023-12-08T04:00:00+00:00 [queued]>
[2023-12-17T11:19:00.890+0000] {taskinstance.py:1159} INFO - Dependencies all met for dep_context=requeueable deps ti=<TaskInstance: air_quality.Extract scheduled__2023-12-08T04:00:00+00:00 [queued]>
[2023-12-17T11:19:00.891+0000] {taskinstance.py:1361} INFO - Starting attempt 1 of 2
[2023-12-17T11:19:00.935+0000] {taskinstance.py:1382} INFO - Executing <Task(PythonOperator): Extract> on 2023-12-08 04:00:00+00:00
[2023-12-17T11:19:00.946+0000] {standard_task_runner.py:57} INFO - Started process 2383 to run task
[2023-12-17T11:19:00.958+0000] {standard_task_runner.py:84} INFO - Running: ['***', 'tasks', 'run', 'air_quality', 'Extract', 'scheduled__2023-12-08T04:00:00+00:00', '--job-id', '379', '--raw', '--subdir', 'DAGS_FOLDER/airQuality.py', '--cfg-path', '/tmp/tmp0nwkuo12']
[2023-12-17T11:19:00.961+0000] {standard_task_runner.py:85} INFO - Job 379: Subtask Extract
[2023-12-17T11:19:01.092+0000] {logging_mixin.py:154} INFO - Changing /opt/***/logs/dag_id=air_quality/run_id=scheduled__2023-12-08T04:00:00+00:00/task_id=Extract permission to 509
[2023-12-17T11:19:01.093+0000] {logging_mixin.py:154} INFO - Failed to change /opt/***/logs/dag_id=air_quality/run_id=scheduled__2023-12-08T04:00:00+00:00/task_id=Extract permission to 509: [Errno 1] Operation not permitted: '/opt/***/logs/dag_id=air_quality/run_id=scheduled__2023-12-08T04:00:00+00:00/task_id=Extract'
[2023-12-17T11:19:01.096+0000] {task_command.py:416} INFO - Running <TaskInstance: air_quality.Extract scheduled__2023-12-08T04:00:00+00:00 [running]> on host 1a58977f5573
[2023-12-17T11:19:01.304+0000] {taskinstance.py:1662} INFO - Exporting env vars: AIRFLOW_CTX_DAG_OWNER='ghifari' AIRFLOW_CTX_DAG_ID='air_quality' AIRFLOW_CTX_TASK_ID='Extract' AIRFLOW_CTX_EXECUTION_DATE='2023-12-08T04:00:00+00:00' AIRFLOW_CTX_TRY_NUMBER='1' AIRFLOW_CTX_DAG_RUN_ID='scheduled__2023-12-08T04:00:00+00:00'
[2023-12-17T11:19:01.540+0000] {python.py:194} INFO - Done. Returned value was: {'city': ['Jakarta'], 'country': ['ID'], 'unit': ['o3'], 'last_value': [-0.999], 'lat': [-6.182536], 'lng': [106.834236]}
[2023-12-17T11:19:01.631+0000] {taskinstance.py:1400} INFO - Marking task as SUCCESS. dag_id=air_quality, task_id=Extract, execution_date=20231208T040000, start_date=20231217T111900, end_date=20231217T111901
[2023-12-17T11:19:01.740+0000] {local_task_job_runner.py:228} INFO - Task exited with return code 0
[2023-12-17T11:19:01.812+0000] {taskinstance.py:2778} INFO - 1 downstream tasks scheduled from follow-on schedule check
[2023-12-17T12:18:07.451+0000] {logging_mixin.py:154} INFO - Changing /opt/***/logs/dag_id=air_quality/run_id=scheduled__2023-12-08T04:00:00+00:00/task_id=Extract permission to 509
[2023-12-17T12:18:07.453+0000] {logging_mixin.py:154} INFO - Failed to change /opt/***/logs/dag_id=air_quality/run_id=scheduled__2023-12-08T04:00:00+00:00/task_id=Extract permission to 509: [Errno 1] Operation not permitted: '/opt/***/logs/dag_id=air_quality/run_id=scheduled__2023-12-08T04:00:00+00:00/task_id=Extract'
[2023-12-17T12:18:07.494+0000] {logging_mixin.py:154} INFO - Changing /opt/***/logs/dag_id=air_quality/run_id=scheduled__2023-12-08T04:00:00+00:00/task_id=Extract permission to 509
[2023-12-17T12:18:07.495+0000] {logging_mixin.py:154} INFO - Failed to change /opt/***/logs/dag_id=air_quality/run_id=scheduled__2023-12-08T04:00:00+00:00/task_id=Extract permission to 509: [Errno 1] Operation not permitted: '/opt/***/logs/dag_id=air_quality/run_id=scheduled__2023-12-08T04:00:00+00:00/task_id=Extract'
[2023-12-17T12:18:07.543+0000] {taskinstance.py:1159} INFO - Dependencies all met for dep_context=non-requeueable deps ti=<TaskInstance: air_quality.Extract scheduled__2023-12-08T04:00:00+00:00 [queued]>
[2023-12-17T12:18:07.560+0000] {taskinstance.py:1159} INFO - Dependencies all met for dep_context=requeueable deps ti=<TaskInstance: air_quality.Extract scheduled__2023-12-08T04:00:00+00:00 [queued]>
[2023-12-17T12:18:07.561+0000] {taskinstance.py:1361} INFO - Starting attempt 1 of 2
[2023-12-17T12:18:07.626+0000] {taskinstance.py:1382} INFO - Executing <Task(PythonOperator): Extract> on 2023-12-08 04:00:00+00:00
[2023-12-17T12:18:07.635+0000] {standard_task_runner.py:57} INFO - Started process 4073 to run task
[2023-12-17T12:18:07.640+0000] {standard_task_runner.py:84} INFO - Running: ['***', 'tasks', 'run', 'air_quality', 'Extract', 'scheduled__2023-12-08T04:00:00+00:00', '--job-id', '587', '--raw', '--subdir', 'DAGS_FOLDER/airQuality.py', '--cfg-path', '/tmp/tmpat5xe80p']
[2023-12-17T12:18:07.642+0000] {standard_task_runner.py:85} INFO - Job 587: Subtask Extract
[2023-12-17T12:18:07.722+0000] {logging_mixin.py:154} INFO - Changing /opt/***/logs/dag_id=air_quality/run_id=scheduled__2023-12-08T04:00:00+00:00/task_id=Extract permission to 509
[2023-12-17T12:18:07.723+0000] {logging_mixin.py:154} INFO - Failed to change /opt/***/logs/dag_id=air_quality/run_id=scheduled__2023-12-08T04:00:00+00:00/task_id=Extract permission to 509: [Errno 1] Operation not permitted: '/opt/***/logs/dag_id=air_quality/run_id=scheduled__2023-12-08T04:00:00+00:00/task_id=Extract'
[2023-12-17T12:18:07.727+0000] {task_command.py:416} INFO - Running <TaskInstance: air_quality.Extract scheduled__2023-12-08T04:00:00+00:00 [running]> on host 1a58977f5573
[2023-12-17T12:18:07.928+0000] {taskinstance.py:1662} INFO - Exporting env vars: AIRFLOW_CTX_DAG_OWNER='ghifari' AIRFLOW_CTX_DAG_ID='air_quality' AIRFLOW_CTX_TASK_ID='Extract' AIRFLOW_CTX_EXECUTION_DATE='2023-12-08T04:00:00+00:00' AIRFLOW_CTX_TRY_NUMBER='1' AIRFLOW_CTX_DAG_RUN_ID='scheduled__2023-12-08T04:00:00+00:00'
[2023-12-17T12:18:08.253+0000] {python.py:194} INFO - Done. Returned value was: {'city': ['Jakarta'], 'country': ['ID'], 'unit': ['pm25'], 'last_value': [-999.0], 'lat': [-6.182536], 'lng': [106.834236]}
[2023-12-17T12:18:08.336+0000] {taskinstance.py:1400} INFO - Marking task as SUCCESS. dag_id=air_quality, task_id=Extract, execution_date=20231208T040000, start_date=20231217T121807, end_date=20231217T121808
[2023-12-17T12:18:08.567+0000] {local_task_job_runner.py:228} INFO - Task exited with return code 0
[2023-12-17T12:18:08.726+0000] {taskinstance.py:2778} INFO - 1 downstream tasks scheduled from follow-on schedule check
[2023-12-17T12:18:46.032+0000] {logging_mixin.py:154} INFO - Changing /opt/***/logs/dag_id=air_quality/run_id=scheduled__2023-12-08T04:00:00+00:00/task_id=Extract permission to 509
[2023-12-17T12:18:46.034+0000] {logging_mixin.py:154} INFO - Failed to change /opt/***/logs/dag_id=air_quality/run_id=scheduled__2023-12-08T04:00:00+00:00/task_id=Extract permission to 509: [Errno 1] Operation not permitted: '/opt/***/logs/dag_id=air_quality/run_id=scheduled__2023-12-08T04:00:00+00:00/task_id=Extract'
[2023-12-17T12:18:46.069+0000] {logging_mixin.py:154} INFO - Changing /opt/***/logs/dag_id=air_quality/run_id=scheduled__2023-12-08T04:00:00+00:00/task_id=Extract permission to 509
[2023-12-17T12:18:46.069+0000] {logging_mixin.py:154} INFO - Failed to change /opt/***/logs/dag_id=air_quality/run_id=scheduled__2023-12-08T04:00:00+00:00/task_id=Extract permission to 509: [Errno 1] Operation not permitted: '/opt/***/logs/dag_id=air_quality/run_id=scheduled__2023-12-08T04:00:00+00:00/task_id=Extract'
[2023-12-17T12:18:46.105+0000] {taskinstance.py:1159} INFO - Dependencies all met for dep_context=non-requeueable deps ti=<TaskInstance: air_quality.Extract scheduled__2023-12-08T04:00:00+00:00 [queued]>
[2023-12-17T12:18:46.117+0000] {taskinstance.py:1159} INFO - Dependencies all met for dep_context=requeueable deps ti=<TaskInstance: air_quality.Extract scheduled__2023-12-08T04:00:00+00:00 [queued]>
[2023-12-17T12:18:46.118+0000] {taskinstance.py:1361} INFO - Starting attempt 1 of 2
[2023-12-17T12:18:46.137+0000] {taskinstance.py:1382} INFO - Executing <Task(PythonOperator): Extract> on 2023-12-08 04:00:00+00:00
[2023-12-17T12:18:46.142+0000] {standard_task_runner.py:57} INFO - Started process 4434 to run task
[2023-12-17T12:18:46.146+0000] {standard_task_runner.py:84} INFO - Running: ['***', 'tasks', 'run', 'air_quality', 'Extract', 'scheduled__2023-12-08T04:00:00+00:00', '--job-id', '669', '--raw', '--subdir', 'DAGS_FOLDER/airQuality.py', '--cfg-path', '/tmp/tmp_7akyhj7']
[2023-12-17T12:18:46.147+0000] {standard_task_runner.py:85} INFO - Job 669: Subtask Extract
[2023-12-17T12:18:46.212+0000] {logging_mixin.py:154} INFO - Changing /opt/***/logs/dag_id=air_quality/run_id=scheduled__2023-12-08T04:00:00+00:00/task_id=Extract permission to 509
[2023-12-17T12:18:46.213+0000] {logging_mixin.py:154} INFO - Failed to change /opt/***/logs/dag_id=air_quality/run_id=scheduled__2023-12-08T04:00:00+00:00/task_id=Extract permission to 509: [Errno 1] Operation not permitted: '/opt/***/logs/dag_id=air_quality/run_id=scheduled__2023-12-08T04:00:00+00:00/task_id=Extract'
[2023-12-17T12:18:46.216+0000] {task_command.py:416} INFO - Running <TaskInstance: air_quality.Extract scheduled__2023-12-08T04:00:00+00:00 [running]> on host 1a58977f5573
[2023-12-17T12:18:46.345+0000] {taskinstance.py:1662} INFO - Exporting env vars: AIRFLOW_CTX_DAG_OWNER='ghifari' AIRFLOW_CTX_DAG_ID='air_quality' AIRFLOW_CTX_TASK_ID='Extract' AIRFLOW_CTX_EXECUTION_DATE='2023-12-08T04:00:00+00:00' AIRFLOW_CTX_TRY_NUMBER='1' AIRFLOW_CTX_DAG_RUN_ID='scheduled__2023-12-08T04:00:00+00:00'
[2023-12-17T12:18:46.420+0000] {python.py:194} INFO - Done. Returned value was: {'city': ['Jakarta'], 'country': ['ID'], 'unit': ['pm25'], 'last_value': [-999.0], 'lat': [-6.182536], 'lng': [106.834236]}
[2023-12-17T12:18:46.445+0000] {taskinstance.py:1400} INFO - Marking task as SUCCESS. dag_id=air_quality, task_id=Extract, execution_date=20231208T040000, start_date=20231217T121846, end_date=20231217T121846
[2023-12-17T12:18:46.478+0000] {local_task_job_runner.py:228} INFO - Task exited with return code 0
[2023-12-17T12:18:46.524+0000] {taskinstance.py:2778} INFO - 1 downstream tasks scheduled from follow-on schedule check
[2023-12-28T16:51:38.427+0000] {logging_mixin.py:154} INFO - Changing /opt/***/logs/dag_id=air_quality/run_id=scheduled__2023-12-08T04:00:00+00:00/task_id=Extract permission to 509
[2023-12-28T16:51:38.431+0000] {logging_mixin.py:154} INFO - Failed to change /opt/***/logs/dag_id=air_quality/run_id=scheduled__2023-12-08T04:00:00+00:00/task_id=Extract permission to 509: [Errno 1] Operation not permitted: '/opt/***/logs/dag_id=air_quality/run_id=scheduled__2023-12-08T04:00:00+00:00/task_id=Extract'
[2023-12-28T16:51:38.571+0000] {logging_mixin.py:154} INFO - Changing /opt/***/logs/dag_id=air_quality/run_id=scheduled__2023-12-08T04:00:00+00:00/task_id=Extract permission to 509
[2023-12-28T16:51:38.578+0000] {logging_mixin.py:154} INFO - Failed to change /opt/***/logs/dag_id=air_quality/run_id=scheduled__2023-12-08T04:00:00+00:00/task_id=Extract permission to 509: [Errno 1] Operation not permitted: '/opt/***/logs/dag_id=air_quality/run_id=scheduled__2023-12-08T04:00:00+00:00/task_id=Extract'
[2023-12-28T16:51:38.746+0000] {taskinstance.py:1159} INFO - Dependencies all met for dep_context=non-requeueable deps ti=<TaskInstance: air_quality.Extract scheduled__2023-12-08T04:00:00+00:00 [queued]>
[2023-12-28T16:51:38.803+0000] {taskinstance.py:1159} INFO - Dependencies all met for dep_context=requeueable deps ti=<TaskInstance: air_quality.Extract scheduled__2023-12-08T04:00:00+00:00 [queued]>
[2023-12-28T16:51:38.805+0000] {taskinstance.py:1361} INFO - Starting attempt 1 of 2
[2023-12-28T16:51:38.894+0000] {taskinstance.py:1382} INFO - Executing <Task(PythonOperator): Extract> on 2023-12-08 04:00:00+00:00
[2023-12-28T16:51:38.909+0000] {standard_task_runner.py:57} INFO - Started process 165 to run task
[2023-12-28T16:51:38.933+0000] {standard_task_runner.py:84} INFO - Running: ['***', 'tasks', 'run', 'air_quality', 'Extract', 'scheduled__2023-12-08T04:00:00+00:00', '--job-id', '836', '--raw', '--subdir', 'DAGS_FOLDER/airQuality.py', '--cfg-path', '/tmp/tmpuqyhm_3e']
[2023-12-28T16:51:38.936+0000] {standard_task_runner.py:85} INFO - Job 836: Subtask Extract
[2023-12-28T16:51:39.150+0000] {logging_mixin.py:154} INFO - Changing /opt/***/logs/dag_id=air_quality/run_id=scheduled__2023-12-08T04:00:00+00:00/task_id=Extract permission to 509
[2023-12-28T16:51:39.157+0000] {logging_mixin.py:154} INFO - Failed to change /opt/***/logs/dag_id=air_quality/run_id=scheduled__2023-12-08T04:00:00+00:00/task_id=Extract permission to 509: [Errno 1] Operation not permitted: '/opt/***/logs/dag_id=air_quality/run_id=scheduled__2023-12-08T04:00:00+00:00/task_id=Extract'
[2023-12-28T16:51:39.188+0000] {task_command.py:416} INFO - Running <TaskInstance: air_quality.Extract scheduled__2023-12-08T04:00:00+00:00 [running]> on host d67dd4682ccf
[2023-12-28T16:51:39.621+0000] {taskinstance.py:1662} INFO - Exporting env vars: AIRFLOW_CTX_DAG_OWNER='ghifari' AIRFLOW_CTX_DAG_ID='air_quality' AIRFLOW_CTX_TASK_ID='Extract' AIRFLOW_CTX_EXECUTION_DATE='2023-12-08T04:00:00+00:00' AIRFLOW_CTX_TRY_NUMBER='1' AIRFLOW_CTX_DAG_RUN_ID='scheduled__2023-12-08T04:00:00+00:00'
[2023-12-28T16:51:39.858+0000] {python.py:194} INFO - Done. Returned value was: {'city': ['Jakarta'], 'country': ['ID'], 'unit': ['o3'], 'last_value': [-0.999], 'lat': [-6.182536], 'lng': [106.834236]}
[2023-12-28T16:51:39.913+0000] {taskinstance.py:1400} INFO - Marking task as SUCCESS. dag_id=air_quality, task_id=Extract, execution_date=20231208T040000, start_date=20231228T165138, end_date=20231228T165139
[2023-12-28T16:51:40.023+0000] {local_task_job_runner.py:228} INFO - Task exited with return code 0
[2023-12-28T16:51:40.641+0000] {taskinstance.py:2778} INFO - 0 downstream tasks scheduled from follow-on schedule check
[2023-12-28T16:54:43.406+0000] {logging_mixin.py:154} INFO - Changing /opt/***/logs/dag_id=air_quality/run_id=scheduled__2023-12-08T04:00:00+00:00/task_id=Extract permission to 509
[2023-12-28T16:54:43.409+0000] {logging_mixin.py:154} INFO - Failed to change /opt/***/logs/dag_id=air_quality/run_id=scheduled__2023-12-08T04:00:00+00:00/task_id=Extract permission to 509: [Errno 1] Operation not permitted: '/opt/***/logs/dag_id=air_quality/run_id=scheduled__2023-12-08T04:00:00+00:00/task_id=Extract'
[2023-12-28T16:54:43.469+0000] {logging_mixin.py:154} INFO - Changing /opt/***/logs/dag_id=air_quality/run_id=scheduled__2023-12-08T04:00:00+00:00/task_id=Extract permission to 509
[2023-12-28T16:54:43.470+0000] {logging_mixin.py:154} INFO - Failed to change /opt/***/logs/dag_id=air_quality/run_id=scheduled__2023-12-08T04:00:00+00:00/task_id=Extract permission to 509: [Errno 1] Operation not permitted: '/opt/***/logs/dag_id=air_quality/run_id=scheduled__2023-12-08T04:00:00+00:00/task_id=Extract'
[2023-12-28T16:54:43.526+0000] {taskinstance.py:1159} INFO - Dependencies all met for dep_context=non-requeueable deps ti=<TaskInstance: air_quality.Extract scheduled__2023-12-08T04:00:00+00:00 [queued]>
[2023-12-28T16:54:43.544+0000] {taskinstance.py:1159} INFO - Dependencies all met for dep_context=requeueable deps ti=<TaskInstance: air_quality.Extract scheduled__2023-12-08T04:00:00+00:00 [queued]>
[2023-12-28T16:54:43.545+0000] {taskinstance.py:1361} INFO - Starting attempt 1 of 2
[2023-12-28T16:54:43.568+0000] {taskinstance.py:1382} INFO - Executing <Task(PythonOperator): Extract> on 2023-12-08 04:00:00+00:00
[2023-12-28T16:54:43.576+0000] {standard_task_runner.py:57} INFO - Started process 1174 to run task
[2023-12-28T16:54:43.581+0000] {standard_task_runner.py:84} INFO - Running: ['***', 'tasks', 'run', 'air_quality', 'Extract', 'scheduled__2023-12-08T04:00:00+00:00', '--job-id', '1095', '--raw', '--subdir', 'DAGS_FOLDER/airQuality.py', '--cfg-path', '/tmp/tmprcf4rw_j']
[2023-12-28T16:54:43.583+0000] {standard_task_runner.py:85} INFO - Job 1095: Subtask Extract
[2023-12-28T16:54:43.678+0000] {logging_mixin.py:154} INFO - Changing /opt/***/logs/dag_id=air_quality/run_id=scheduled__2023-12-08T04:00:00+00:00/task_id=Extract permission to 509
[2023-12-28T16:54:43.679+0000] {logging_mixin.py:154} INFO - Failed to change /opt/***/logs/dag_id=air_quality/run_id=scheduled__2023-12-08T04:00:00+00:00/task_id=Extract permission to 509: [Errno 1] Operation not permitted: '/opt/***/logs/dag_id=air_quality/run_id=scheduled__2023-12-08T04:00:00+00:00/task_id=Extract'
[2023-12-28T16:54:43.683+0000] {task_command.py:416} INFO - Running <TaskInstance: air_quality.Extract scheduled__2023-12-08T04:00:00+00:00 [running]> on host d67dd4682ccf
[2023-12-28T16:54:43.857+0000] {taskinstance.py:1662} INFO - Exporting env vars: AIRFLOW_CTX_DAG_OWNER='ghifari' AIRFLOW_CTX_DAG_ID='air_quality' AIRFLOW_CTX_TASK_ID='Extract' AIRFLOW_CTX_EXECUTION_DATE='2023-12-08T04:00:00+00:00' AIRFLOW_CTX_TRY_NUMBER='1' AIRFLOW_CTX_DAG_RUN_ID='scheduled__2023-12-08T04:00:00+00:00'
[2023-12-28T16:54:43.957+0000] {python.py:194} INFO - Done. Returned value was: {'city': ['Jakarta'], 'country': ['ID'], 'unit': ['o3'], 'last_value': [-0.999], 'lat': [-6.182536], 'lng': [106.834236]}
[2023-12-28T16:54:44.008+0000] {taskinstance.py:1400} INFO - Marking task as SUCCESS. dag_id=air_quality, task_id=Extract, execution_date=20231208T040000, start_date=20231228T165443, end_date=20231228T165444
[2023-12-28T16:54:44.082+0000] {local_task_job_runner.py:228} INFO - Task exited with return code 0
[2023-12-28T16:54:44.291+0000] {taskinstance.py:2778} INFO - 0 downstream tasks scheduled from follow-on schedule check
