[2023-12-28T16:09:17.234+0000] {logging_mixin.py:154} INFO - Changing /opt/***/logs/dag_id=air_quality/run_id=scheduled__2023-12-26T04:00:00+00:00/task_id=Insert_Data permission to 509
[2023-12-28T16:09:17.236+0000] {logging_mixin.py:154} INFO - Failed to change /opt/***/logs/dag_id=air_quality/run_id=scheduled__2023-12-26T04:00:00+00:00/task_id=Insert_Data permission to 509: [Errno 1] Operation not permitted: '/opt/***/logs/dag_id=air_quality/run_id=scheduled__2023-12-26T04:00:00+00:00/task_id=Insert_Data'
[2023-12-28T16:09:17.331+0000] {logging_mixin.py:154} INFO - Changing /opt/***/logs/dag_id=air_quality/run_id=scheduled__2023-12-26T04:00:00+00:00/task_id=Insert_Data permission to 509
[2023-12-28T16:09:17.334+0000] {logging_mixin.py:154} INFO - Failed to change /opt/***/logs/dag_id=air_quality/run_id=scheduled__2023-12-26T04:00:00+00:00/task_id=Insert_Data permission to 509: [Errno 1] Operation not permitted: '/opt/***/logs/dag_id=air_quality/run_id=scheduled__2023-12-26T04:00:00+00:00/task_id=Insert_Data'
[2023-12-28T16:09:17.438+0000] {taskinstance.py:1159} INFO - Dependencies all met for dep_context=non-requeueable deps ti=<TaskInstance: air_quality.Insert_Data scheduled__2023-12-26T04:00:00+00:00 [queued]>
[2023-12-28T16:09:17.470+0000] {taskinstance.py:1159} INFO - Dependencies all met for dep_context=requeueable deps ti=<TaskInstance: air_quality.Insert_Data scheduled__2023-12-26T04:00:00+00:00 [queued]>
[2023-12-28T16:09:17.472+0000] {taskinstance.py:1361} INFO - Starting attempt 1 of 2
[2023-12-28T16:09:17.574+0000] {taskinstance.py:1382} INFO - Executing <Task(PythonOperator): Insert_Data> on 2023-12-26 04:00:00+00:00
[2023-12-28T16:09:17.582+0000] {standard_task_runner.py:57} INFO - Started process 585 to run task
[2023-12-28T16:09:17.591+0000] {standard_task_runner.py:84} INFO - Running: ['***', 'tasks', 'run', 'air_quality', 'Insert_Data', 'scheduled__2023-12-26T04:00:00+00:00', '--job-id', '780', '--raw', '--subdir', 'DAGS_FOLDER/airQuality.py', '--cfg-path', '/tmp/tmpjfezmi10']
[2023-12-28T16:09:17.594+0000] {standard_task_runner.py:85} INFO - Job 780: Subtask Insert_Data
[2023-12-28T16:09:17.727+0000] {logging_mixin.py:154} INFO - Changing /opt/***/logs/dag_id=air_quality/run_id=scheduled__2023-12-26T04:00:00+00:00/task_id=Insert_Data permission to 509
[2023-12-28T16:09:17.728+0000] {logging_mixin.py:154} INFO - Failed to change /opt/***/logs/dag_id=air_quality/run_id=scheduled__2023-12-26T04:00:00+00:00/task_id=Insert_Data permission to 509: [Errno 1] Operation not permitted: '/opt/***/logs/dag_id=air_quality/run_id=scheduled__2023-12-26T04:00:00+00:00/task_id=Insert_Data'
[2023-12-28T16:09:17.732+0000] {task_command.py:416} INFO - Running <TaskInstance: air_quality.Insert_Data scheduled__2023-12-26T04:00:00+00:00 [running]> on host d67dd4682ccf
[2023-12-28T16:09:17.952+0000] {taskinstance.py:1662} INFO - Exporting env vars: AIRFLOW_CTX_DAG_OWNER='ghifari' AIRFLOW_CTX_DAG_ID='air_quality' AIRFLOW_CTX_TASK_ID='Insert_Data' AIRFLOW_CTX_EXECUTION_DATE='2023-12-26T04:00:00+00:00' AIRFLOW_CTX_TRY_NUMBER='1' AIRFLOW_CTX_DAG_RUN_ID='scheduled__2023-12-26T04:00:00+00:00'
[2023-12-28T16:09:19.550+0000] {logging_mixin.py:154} INFO - city           object
country        object
unit           object
last_value    float64
lat           float64
lng           float64
dtype: object
[2023-12-28T16:09:19.574+0000] {base.py:73} INFO - Using connection ID 'neonServerDB-Postgres' for task execution.
[2023-12-28T16:09:21.190+0000] {python.py:194} INFO - Done. Returned value was: None
[2023-12-28T16:09:21.213+0000] {taskinstance.py:1400} INFO - Marking task as SUCCESS. dag_id=air_quality, task_id=Insert_Data, execution_date=20231226T040000, start_date=20231228T160917, end_date=20231228T160921
[2023-12-28T16:09:21.439+0000] {local_task_job_runner.py:228} INFO - Task exited with return code 0
[2023-12-28T16:09:21.485+0000] {taskinstance.py:2778} INFO - 0 downstream tasks scheduled from follow-on schedule check
[2023-12-28T16:52:56.410+0000] {logging_mixin.py:154} INFO - Changing /opt/***/logs/dag_id=air_quality/run_id=scheduled__2023-12-26T04:00:00+00:00/task_id=Insert_Data permission to 509
[2023-12-28T16:52:56.413+0000] {logging_mixin.py:154} INFO - Failed to change /opt/***/logs/dag_id=air_quality/run_id=scheduled__2023-12-26T04:00:00+00:00/task_id=Insert_Data permission to 509: [Errno 1] Operation not permitted: '/opt/***/logs/dag_id=air_quality/run_id=scheduled__2023-12-26T04:00:00+00:00/task_id=Insert_Data'
[2023-12-28T16:52:56.467+0000] {logging_mixin.py:154} INFO - Changing /opt/***/logs/dag_id=air_quality/run_id=scheduled__2023-12-26T04:00:00+00:00/task_id=Insert_Data permission to 509
[2023-12-28T16:52:56.468+0000] {logging_mixin.py:154} INFO - Failed to change /opt/***/logs/dag_id=air_quality/run_id=scheduled__2023-12-26T04:00:00+00:00/task_id=Insert_Data permission to 509: [Errno 1] Operation not permitted: '/opt/***/logs/dag_id=air_quality/run_id=scheduled__2023-12-26T04:00:00+00:00/task_id=Insert_Data'
[2023-12-28T16:52:56.531+0000] {taskinstance.py:1159} INFO - Dependencies all met for dep_context=non-requeueable deps ti=<TaskInstance: air_quality.Insert_Data scheduled__2023-12-26T04:00:00+00:00 [queued]>
[2023-12-28T16:52:56.551+0000] {taskinstance.py:1159} INFO - Dependencies all met for dep_context=requeueable deps ti=<TaskInstance: air_quality.Insert_Data scheduled__2023-12-26T04:00:00+00:00 [queued]>
[2023-12-28T16:52:56.552+0000] {taskinstance.py:1361} INFO - Starting attempt 1 of 2
[2023-12-28T16:52:56.596+0000] {taskinstance.py:1382} INFO - Executing <Task(PythonOperator): Insert_Data> on 2023-12-26 04:00:00+00:00
[2023-12-28T16:52:56.605+0000] {standard_task_runner.py:57} INFO - Started process 724 to run task
[2023-12-28T16:52:56.618+0000] {standard_task_runner.py:84} INFO - Running: ['***', 'tasks', 'run', 'air_quality', 'Insert_Data', 'scheduled__2023-12-26T04:00:00+00:00', '--job-id', '1000', '--raw', '--subdir', 'DAGS_FOLDER/airQuality.py', '--cfg-path', '/tmp/tmpy965z2j8']
[2023-12-28T16:52:56.621+0000] {standard_task_runner.py:85} INFO - Job 1000: Subtask Insert_Data
[2023-12-28T16:52:56.708+0000] {logging_mixin.py:154} INFO - Changing /opt/***/logs/dag_id=air_quality/run_id=scheduled__2023-12-26T04:00:00+00:00/task_id=Insert_Data permission to 509
[2023-12-28T16:52:56.709+0000] {logging_mixin.py:154} INFO - Failed to change /opt/***/logs/dag_id=air_quality/run_id=scheduled__2023-12-26T04:00:00+00:00/task_id=Insert_Data permission to 509: [Errno 1] Operation not permitted: '/opt/***/logs/dag_id=air_quality/run_id=scheduled__2023-12-26T04:00:00+00:00/task_id=Insert_Data'
[2023-12-28T16:52:56.712+0000] {task_command.py:416} INFO - Running <TaskInstance: air_quality.Insert_Data scheduled__2023-12-26T04:00:00+00:00 [running]> on host d67dd4682ccf
[2023-12-28T16:52:56.863+0000] {taskinstance.py:1662} INFO - Exporting env vars: AIRFLOW_CTX_DAG_OWNER='ghifari' AIRFLOW_CTX_DAG_ID='air_quality' AIRFLOW_CTX_TASK_ID='Insert_Data' AIRFLOW_CTX_EXECUTION_DATE='2023-12-26T04:00:00+00:00' AIRFLOW_CTX_TRY_NUMBER='1' AIRFLOW_CTX_DAG_RUN_ID='scheduled__2023-12-26T04:00:00+00:00'
[2023-12-28T16:52:57.582+0000] {logging_mixin.py:154} INFO - city           object
country        object
unit           object
last_value    float64
lat           float64
lng           float64
dtype: object
[2023-12-28T16:52:57.598+0000] {base.py:73} INFO - Using connection ID 'neonServerDB-Postgres' for task execution.
[2023-12-28T16:52:59.312+0000] {python.py:194} INFO - Done. Returned value was: None
[2023-12-28T16:52:59.322+0000] {taskinstance.py:1400} INFO - Marking task as SUCCESS. dag_id=air_quality, task_id=Insert_Data, execution_date=20231226T040000, start_date=20231228T165256, end_date=20231228T165259
[2023-12-28T16:52:59.362+0000] {local_task_job_runner.py:228} INFO - Task exited with return code 0
[2023-12-28T16:52:59.380+0000] {taskinstance.py:2778} INFO - 0 downstream tasks scheduled from follow-on schedule check
[2023-12-28T16:55:50.661+0000] {logging_mixin.py:154} INFO - Changing /opt/***/logs/dag_id=air_quality/run_id=scheduled__2023-12-26T04:00:00+00:00/task_id=Insert_Data permission to 509
[2023-12-28T16:55:50.663+0000] {logging_mixin.py:154} INFO - Failed to change /opt/***/logs/dag_id=air_quality/run_id=scheduled__2023-12-26T04:00:00+00:00/task_id=Insert_Data permission to 509: [Errno 1] Operation not permitted: '/opt/***/logs/dag_id=air_quality/run_id=scheduled__2023-12-26T04:00:00+00:00/task_id=Insert_Data'
[2023-12-28T16:55:50.716+0000] {logging_mixin.py:154} INFO - Changing /opt/***/logs/dag_id=air_quality/run_id=scheduled__2023-12-26T04:00:00+00:00/task_id=Insert_Data permission to 509
[2023-12-28T16:55:50.717+0000] {logging_mixin.py:154} INFO - Failed to change /opt/***/logs/dag_id=air_quality/run_id=scheduled__2023-12-26T04:00:00+00:00/task_id=Insert_Data permission to 509: [Errno 1] Operation not permitted: '/opt/***/logs/dag_id=air_quality/run_id=scheduled__2023-12-26T04:00:00+00:00/task_id=Insert_Data'
[2023-12-28T16:55:50.865+0000] {taskinstance.py:1159} INFO - Dependencies all met for dep_context=non-requeueable deps ti=<TaskInstance: air_quality.Insert_Data scheduled__2023-12-26T04:00:00+00:00 [queued]>
[2023-12-28T16:55:50.900+0000] {taskinstance.py:1159} INFO - Dependencies all met for dep_context=requeueable deps ti=<TaskInstance: air_quality.Insert_Data scheduled__2023-12-26T04:00:00+00:00 [queued]>
[2023-12-28T16:55:50.902+0000] {taskinstance.py:1361} INFO - Starting attempt 1 of 2
[2023-12-28T16:55:50.939+0000] {taskinstance.py:1382} INFO - Executing <Task(PythonOperator): Insert_Data> on 2023-12-26 04:00:00+00:00
[2023-12-28T16:55:50.949+0000] {standard_task_runner.py:57} INFO - Started process 1650 to run task
[2023-12-28T16:55:50.961+0000] {standard_task_runner.py:84} INFO - Running: ['***', 'tasks', 'run', 'air_quality', 'Insert_Data', 'scheduled__2023-12-26T04:00:00+00:00', '--job-id', '1213', '--raw', '--subdir', 'DAGS_FOLDER/airQuality.py', '--cfg-path', '/tmp/tmp9yyvha9j']
[2023-12-28T16:55:50.965+0000] {standard_task_runner.py:85} INFO - Job 1213: Subtask Insert_Data
[2023-12-28T16:55:51.111+0000] {logging_mixin.py:154} INFO - Changing /opt/***/logs/dag_id=air_quality/run_id=scheduled__2023-12-26T04:00:00+00:00/task_id=Insert_Data permission to 509
[2023-12-28T16:55:51.113+0000] {logging_mixin.py:154} INFO - Failed to change /opt/***/logs/dag_id=air_quality/run_id=scheduled__2023-12-26T04:00:00+00:00/task_id=Insert_Data permission to 509: [Errno 1] Operation not permitted: '/opt/***/logs/dag_id=air_quality/run_id=scheduled__2023-12-26T04:00:00+00:00/task_id=Insert_Data'
[2023-12-28T16:55:51.118+0000] {task_command.py:416} INFO - Running <TaskInstance: air_quality.Insert_Data scheduled__2023-12-26T04:00:00+00:00 [running]> on host d67dd4682ccf
[2023-12-28T16:55:51.325+0000] {taskinstance.py:1662} INFO - Exporting env vars: AIRFLOW_CTX_DAG_OWNER='ghifari' AIRFLOW_CTX_DAG_ID='air_quality' AIRFLOW_CTX_TASK_ID='Insert_Data' AIRFLOW_CTX_EXECUTION_DATE='2023-12-26T04:00:00+00:00' AIRFLOW_CTX_TRY_NUMBER='1' AIRFLOW_CTX_DAG_RUN_ID='scheduled__2023-12-26T04:00:00+00:00'
[2023-12-28T16:55:52.353+0000] {logging_mixin.py:154} INFO - city           object
country        object
unit           object
last_value    float64
lat           float64
lng           float64
dtype: object
[2023-12-28T16:55:52.370+0000] {base.py:73} INFO - Using connection ID 'neonServerDB-Postgres' for task execution.
[2023-12-28T16:55:54.838+0000] {python.py:194} INFO - Done. Returned value was: None
[2023-12-28T16:55:54.855+0000] {taskinstance.py:1400} INFO - Marking task as SUCCESS. dag_id=air_quality, task_id=Insert_Data, execution_date=20231226T040000, start_date=20231228T165550, end_date=20231228T165554
[2023-12-28T16:55:54.923+0000] {local_task_job_runner.py:228} INFO - Task exited with return code 0
[2023-12-28T16:55:54.941+0000] {taskinstance.py:2778} INFO - 0 downstream tasks scheduled from follow-on schedule check
