[2023-12-17T12:17:52.961+0000] {logging_mixin.py:154} INFO - Changing /opt/***/logs/dag_id=air_quality/run_id=scheduled__2023-11-24T04:00:00+00:00/task_id=CheckTable permission to 509
[2023-12-17T12:17:52.974+0000] {logging_mixin.py:154} INFO - Failed to change /opt/***/logs/dag_id=air_quality/run_id=scheduled__2023-11-24T04:00:00+00:00/task_id=CheckTable permission to 509: [Errno 1] Operation not permitted: '/opt/***/logs/dag_id=air_quality/run_id=scheduled__2023-11-24T04:00:00+00:00/task_id=CheckTable'
[2023-12-17T12:17:53.236+0000] {logging_mixin.py:154} INFO - Changing /opt/***/logs/dag_id=air_quality/run_id=scheduled__2023-11-24T04:00:00+00:00/task_id=CheckTable permission to 509
[2023-12-17T12:17:53.271+0000] {logging_mixin.py:154} INFO - Failed to change /opt/***/logs/dag_id=air_quality/run_id=scheduled__2023-11-24T04:00:00+00:00/task_id=CheckTable permission to 509: [Errno 1] Operation not permitted: '/opt/***/logs/dag_id=air_quality/run_id=scheduled__2023-11-24T04:00:00+00:00/task_id=CheckTable'
[2023-12-17T12:17:53.485+0000] {taskinstance.py:1159} INFO - Dependencies all met for dep_context=non-requeueable deps ti=<TaskInstance: air_quality.CheckTable scheduled__2023-11-24T04:00:00+00:00 [queued]>
[2023-12-17T12:17:53.544+0000] {taskinstance.py:1159} INFO - Dependencies all met for dep_context=requeueable deps ti=<TaskInstance: air_quality.CheckTable scheduled__2023-11-24T04:00:00+00:00 [queued]>
[2023-12-17T12:17:53.555+0000] {taskinstance.py:1361} INFO - Starting attempt 2 of 3
[2023-12-17T12:17:53.809+0000] {taskinstance.py:1382} INFO - Executing <Task(BranchPythonOperator): CheckTable> on 2023-11-24 04:00:00+00:00
[2023-12-17T12:17:53.848+0000] {standard_task_runner.py:57} INFO - Started process 3832 to run task
[2023-12-17T12:17:53.866+0000] {standard_task_runner.py:84} INFO - Running: ['***', 'tasks', 'run', 'air_quality', 'CheckTable', 'scheduled__2023-11-24T04:00:00+00:00', '--job-id', '567', '--raw', '--subdir', 'DAGS_FOLDER/airQuality.py', '--cfg-path', '/tmp/tmpv80e7uib']
[2023-12-17T12:17:53.873+0000] {standard_task_runner.py:85} INFO - Job 567: Subtask CheckTable
[2023-12-17T12:17:54.158+0000] {logging_mixin.py:154} INFO - Changing /opt/***/logs/dag_id=air_quality/run_id=scheduled__2023-11-24T04:00:00+00:00/task_id=CheckTable permission to 509
[2023-12-17T12:17:54.161+0000] {logging_mixin.py:154} INFO - Failed to change /opt/***/logs/dag_id=air_quality/run_id=scheduled__2023-11-24T04:00:00+00:00/task_id=CheckTable permission to 509: [Errno 1] Operation not permitted: '/opt/***/logs/dag_id=air_quality/run_id=scheduled__2023-11-24T04:00:00+00:00/task_id=CheckTable'
[2023-12-17T12:17:54.198+0000] {task_command.py:416} INFO - Running <TaskInstance: air_quality.CheckTable scheduled__2023-11-24T04:00:00+00:00 [running]> on host 1a58977f5573
[2023-12-17T12:17:54.797+0000] {taskinstance.py:1662} INFO - Exporting env vars: AIRFLOW_CTX_DAG_OWNER='ghifari' AIRFLOW_CTX_DAG_ID='air_quality' AIRFLOW_CTX_TASK_ID='CheckTable' AIRFLOW_CTX_EXECUTION_DATE='2023-11-24T04:00:00+00:00' AIRFLOW_CTX_TRY_NUMBER='2' AIRFLOW_CTX_DAG_RUN_ID='scheduled__2023-11-24T04:00:00+00:00'
[2023-12-17T12:17:54.875+0000] {airQuality.py:205} INFO - Table Created: 
        CREATE TABLE air_quality (
            id serial primary key, 
            city varchar(250),
            country varchar(250), 
            unit varchar(20), 
            last_value float8, 
            lat float8,
            lng float8
        )
    
[2023-12-17T12:17:54.877+0000] {python.py:194} INFO - Done. Returned value was: Insert_Data
[2023-12-17T12:17:54.878+0000] {python.py:227} INFO - Branch callable return Insert_Data
[2023-12-17T12:17:54.884+0000] {skipmixin.py:173} INFO - Following branch Insert_Data
[2023-12-17T12:17:54.934+0000] {skipmixin.py:239} INFO - Skipping tasks []
[2023-12-17T12:17:55.103+0000] {taskinstance.py:1400} INFO - Marking task as SUCCESS. dag_id=air_quality, task_id=CheckTable, execution_date=20231124T040000, start_date=20231217T121753, end_date=20231217T121755
[2023-12-17T12:17:55.274+0000] {local_task_job_runner.py:228} INFO - Task exited with return code 0
[2023-12-17T12:17:55.472+0000] {taskinstance.py:2778} INFO - 1 downstream tasks scheduled from follow-on schedule check
