[2023-12-17T11:18:38.198+0000] {logging_mixin.py:154} INFO - Changing /opt/***/logs/dag_id=air_quality/run_id=scheduled__2023-11-24T04:00:00+00:00/task_id=CheckTable permission to 509
[2023-12-17T11:18:38.208+0000] {logging_mixin.py:154} INFO - Failed to change /opt/***/logs/dag_id=air_quality/run_id=scheduled__2023-11-24T04:00:00+00:00/task_id=CheckTable permission to 509: [Errno 1] Operation not permitted: '/opt/***/logs/dag_id=air_quality/run_id=scheduled__2023-11-24T04:00:00+00:00/task_id=CheckTable'
[2023-12-17T11:18:38.337+0000] {logging_mixin.py:154} INFO - Changing /opt/***/logs/dag_id=air_quality/run_id=scheduled__2023-11-24T04:00:00+00:00/task_id=CheckTable permission to 509
[2023-12-17T11:18:38.338+0000] {logging_mixin.py:154} INFO - Failed to change /opt/***/logs/dag_id=air_quality/run_id=scheduled__2023-11-24T04:00:00+00:00/task_id=CheckTable permission to 509: [Errno 1] Operation not permitted: '/opt/***/logs/dag_id=air_quality/run_id=scheduled__2023-11-24T04:00:00+00:00/task_id=CheckTable'
[2023-12-17T11:18:38.437+0000] {taskinstance.py:1159} INFO - Dependencies all met for dep_context=non-requeueable deps ti=<TaskInstance: air_quality.CheckTable scheduled__2023-11-24T04:00:00+00:00 [queued]>
[2023-12-17T11:18:38.470+0000] {taskinstance.py:1159} INFO - Dependencies all met for dep_context=requeueable deps ti=<TaskInstance: air_quality.CheckTable scheduled__2023-11-24T04:00:00+00:00 [queued]>
[2023-12-17T11:18:38.472+0000] {taskinstance.py:1361} INFO - Starting attempt 1 of 2
[2023-12-17T11:18:38.512+0000] {taskinstance.py:1382} INFO - Executing <Task(BranchPythonOperator): CheckTable> on 2023-11-24 04:00:00+00:00
[2023-12-17T11:18:38.524+0000] {standard_task_runner.py:57} INFO - Started process 2081 to run task
[2023-12-17T11:18:38.530+0000] {standard_task_runner.py:84} INFO - Running: ['***', 'tasks', 'run', 'air_quality', 'CheckTable', 'scheduled__2023-11-24T04:00:00+00:00', '--job-id', '339', '--raw', '--subdir', 'DAGS_FOLDER/airQuality.py', '--cfg-path', '/tmp/tmp_ys2wodz']
[2023-12-17T11:18:38.537+0000] {standard_task_runner.py:85} INFO - Job 339: Subtask CheckTable
[2023-12-17T11:18:38.761+0000] {logging_mixin.py:154} INFO - Changing /opt/***/logs/dag_id=air_quality/run_id=scheduled__2023-11-24T04:00:00+00:00/task_id=CheckTable permission to 509
[2023-12-17T11:18:38.763+0000] {logging_mixin.py:154} INFO - Failed to change /opt/***/logs/dag_id=air_quality/run_id=scheduled__2023-11-24T04:00:00+00:00/task_id=CheckTable permission to 509: [Errno 1] Operation not permitted: '/opt/***/logs/dag_id=air_quality/run_id=scheduled__2023-11-24T04:00:00+00:00/task_id=CheckTable'
[2023-12-17T11:18:38.788+0000] {task_command.py:416} INFO - Running <TaskInstance: air_quality.CheckTable scheduled__2023-11-24T04:00:00+00:00 [running]> on host 1a58977f5573
[2023-12-17T11:18:39.255+0000] {taskinstance.py:1662} INFO - Exporting env vars: AIRFLOW_CTX_DAG_OWNER='ghifari' AIRFLOW_CTX_DAG_ID='air_quality' AIRFLOW_CTX_TASK_ID='CheckTable' AIRFLOW_CTX_EXECUTION_DATE='2023-11-24T04:00:00+00:00' AIRFLOW_CTX_TRY_NUMBER='1' AIRFLOW_CTX_DAG_RUN_ID='scheduled__2023-11-24T04:00:00+00:00'
[2023-12-17T11:18:39.296+0000] {airQuality.py:204} INFO - Table Created: 
        CREATE TABLE air_quality (
            id serial primary key, 
            city varchar(250),
            country varchar(250), 
            unit varchar(20), 
            last_value float8, 
            lat float8,
            lng float8
        )
    
[2023-12-17T11:18:39.301+0000] {python.py:194} INFO - Done. Returned value was: Insert_Data
[2023-12-17T11:18:39.302+0000] {python.py:227} INFO - Branch callable return Insert_Data
[2023-12-17T11:18:39.309+0000] {skipmixin.py:173} INFO - Following branch Insert_Data
[2023-12-17T11:18:39.373+0000] {skipmixin.py:239} INFO - Skipping tasks []
[2023-12-17T11:18:39.532+0000] {taskinstance.py:1400} INFO - Marking task as SUCCESS. dag_id=air_quality, task_id=CheckTable, execution_date=20231124T040000, start_date=20231217T111838, end_date=20231217T111839
[2023-12-17T11:18:39.628+0000] {local_task_job_runner.py:228} INFO - Task exited with return code 0
[2023-12-17T11:18:39.742+0000] {taskinstance.py:2778} INFO - 1 downstream tasks scheduled from follow-on schedule check
[2023-12-28T16:54:23.086+0000] {logging_mixin.py:154} INFO - Changing /opt/***/logs/dag_id=air_quality/run_id=scheduled__2023-11-24T04:00:00+00:00/task_id=CheckTable permission to 509
[2023-12-28T16:54:23.095+0000] {logging_mixin.py:154} INFO - Failed to change /opt/***/logs/dag_id=air_quality/run_id=scheduled__2023-11-24T04:00:00+00:00/task_id=CheckTable permission to 509: [Errno 1] Operation not permitted: '/opt/***/logs/dag_id=air_quality/run_id=scheduled__2023-11-24T04:00:00+00:00/task_id=CheckTable'
[2023-12-28T16:54:23.239+0000] {logging_mixin.py:154} INFO - Changing /opt/***/logs/dag_id=air_quality/run_id=scheduled__2023-11-24T04:00:00+00:00/task_id=CheckTable permission to 509
[2023-12-28T16:54:23.245+0000] {logging_mixin.py:154} INFO - Failed to change /opt/***/logs/dag_id=air_quality/run_id=scheduled__2023-11-24T04:00:00+00:00/task_id=CheckTable permission to 509: [Errno 1] Operation not permitted: '/opt/***/logs/dag_id=air_quality/run_id=scheduled__2023-11-24T04:00:00+00:00/task_id=CheckTable'
[2023-12-28T16:54:23.416+0000] {taskinstance.py:1159} INFO - Dependencies all met for dep_context=non-requeueable deps ti=<TaskInstance: air_quality.CheckTable scheduled__2023-11-24T04:00:00+00:00 [queued]>
[2023-12-28T16:54:23.485+0000] {taskinstance.py:1159} INFO - Dependencies all met for dep_context=requeueable deps ti=<TaskInstance: air_quality.CheckTable scheduled__2023-11-24T04:00:00+00:00 [queued]>
[2023-12-28T16:54:23.505+0000] {taskinstance.py:1361} INFO - Starting attempt 1 of 2
[2023-12-28T16:54:23.616+0000] {taskinstance.py:1382} INFO - Executing <Task(BranchPythonOperator): CheckTable> on 2023-11-24 04:00:00+00:00
[2023-12-28T16:54:23.629+0000] {standard_task_runner.py:57} INFO - Started process 911 to run task
[2023-12-28T16:54:23.647+0000] {standard_task_runner.py:84} INFO - Running: ['***', 'tasks', 'run', 'air_quality', 'CheckTable', 'scheduled__2023-11-24T04:00:00+00:00', '--job-id', '1058', '--raw', '--subdir', 'DAGS_FOLDER/airQuality.py', '--cfg-path', '/tmp/tmpsj5ypvzv']
[2023-12-28T16:54:23.650+0000] {standard_task_runner.py:85} INFO - Job 1058: Subtask CheckTable
[2023-12-28T16:54:23.883+0000] {logging_mixin.py:154} INFO - Changing /opt/***/logs/dag_id=air_quality/run_id=scheduled__2023-11-24T04:00:00+00:00/task_id=CheckTable permission to 509
[2023-12-28T16:54:23.884+0000] {logging_mixin.py:154} INFO - Failed to change /opt/***/logs/dag_id=air_quality/run_id=scheduled__2023-11-24T04:00:00+00:00/task_id=CheckTable permission to 509: [Errno 1] Operation not permitted: '/opt/***/logs/dag_id=air_quality/run_id=scheduled__2023-11-24T04:00:00+00:00/task_id=CheckTable'
[2023-12-28T16:54:23.889+0000] {task_command.py:416} INFO - Running <TaskInstance: air_quality.CheckTable scheduled__2023-11-24T04:00:00+00:00 [running]> on host d67dd4682ccf
[2023-12-28T16:54:24.379+0000] {taskinstance.py:1662} INFO - Exporting env vars: AIRFLOW_CTX_DAG_OWNER='ghifari' AIRFLOW_CTX_DAG_ID='air_quality' AIRFLOW_CTX_TASK_ID='CheckTable' AIRFLOW_CTX_EXECUTION_DATE='2023-11-24T04:00:00+00:00' AIRFLOW_CTX_TRY_NUMBER='1' AIRFLOW_CTX_DAG_RUN_ID='scheduled__2023-11-24T04:00:00+00:00'
[2023-12-28T16:54:24.454+0000] {airQuality.py:183} INFO - Table Created: 
        CREATE TABLE air_quality (
            id serial primary key, 
            city varchar(250),
            country varchar(250), 
            unit varchar(20), 
            last_value float8, 
            lat float8,
            lng float8
        )
    
[2023-12-28T16:54:24.455+0000] {python.py:194} INFO - Done. Returned value was: Insert_Data
[2023-12-28T16:54:24.457+0000] {python.py:227} INFO - Branch callable return Insert_Data
[2023-12-28T16:54:24.458+0000] {skipmixin.py:173} INFO - Following branch Insert_Data
[2023-12-28T16:54:24.488+0000] {skipmixin.py:239} INFO - Skipping tasks []
[2023-12-28T16:54:24.629+0000] {taskinstance.py:1400} INFO - Marking task as SUCCESS. dag_id=air_quality, task_id=CheckTable, execution_date=20231124T040000, start_date=20231228T165423, end_date=20231228T165424
[2023-12-28T16:54:24.728+0000] {local_task_job_runner.py:228} INFO - Task exited with return code 0
[2023-12-28T16:54:24.838+0000] {taskinstance.py:2778} INFO - 1 downstream tasks scheduled from follow-on schedule check
