[2023-12-17T11:19:09.181+0000] {logging_mixin.py:154} INFO - Changing /opt/***/logs/dag_id=air_quality/run_id=scheduled__2023-12-16T04:00:00+00:00/task_id=Transform permission to 509
[2023-12-17T11:19:09.183+0000] {logging_mixin.py:154} INFO - Failed to change /opt/***/logs/dag_id=air_quality/run_id=scheduled__2023-12-16T04:00:00+00:00/task_id=Transform permission to 509: [Errno 1] Operation not permitted: '/opt/***/logs/dag_id=air_quality/run_id=scheduled__2023-12-16T04:00:00+00:00/task_id=Transform'
[2023-12-17T11:19:09.271+0000] {logging_mixin.py:154} INFO - Changing /opt/***/logs/dag_id=air_quality/run_id=scheduled__2023-12-16T04:00:00+00:00/task_id=Transform permission to 509
[2023-12-17T11:19:09.273+0000] {logging_mixin.py:154} INFO - Failed to change /opt/***/logs/dag_id=air_quality/run_id=scheduled__2023-12-16T04:00:00+00:00/task_id=Transform permission to 509: [Errno 1] Operation not permitted: '/opt/***/logs/dag_id=air_quality/run_id=scheduled__2023-12-16T04:00:00+00:00/task_id=Transform'
[2023-12-17T11:19:09.362+0000] {taskinstance.py:1159} INFO - Dependencies all met for dep_context=non-requeueable deps ti=<TaskInstance: air_quality.Transform scheduled__2023-12-16T04:00:00+00:00 [queued]>
[2023-12-17T11:19:09.389+0000] {taskinstance.py:1159} INFO - Dependencies all met for dep_context=requeueable deps ti=<TaskInstance: air_quality.Transform scheduled__2023-12-16T04:00:00+00:00 [queued]>
[2023-12-17T11:19:09.390+0000] {taskinstance.py:1361} INFO - Starting attempt 1 of 2
[2023-12-17T11:19:09.429+0000] {taskinstance.py:1382} INFO - Executing <Task(PythonOperator): Transform> on 2023-12-16 04:00:00+00:00
[2023-12-17T11:19:09.438+0000] {standard_task_runner.py:57} INFO - Started process 2436 to run task
[2023-12-17T11:19:09.445+0000] {standard_task_runner.py:84} INFO - Running: ['***', 'tasks', 'run', 'air_quality', 'Transform', 'scheduled__2023-12-16T04:00:00+00:00', '--job-id', '404', '--raw', '--subdir', 'DAGS_FOLDER/airQuality.py', '--cfg-path', '/tmp/tmpfndvnyw1']
[2023-12-17T11:19:09.448+0000] {standard_task_runner.py:85} INFO - Job 404: Subtask Transform
[2023-12-17T11:19:09.530+0000] {logging_mixin.py:154} INFO - Changing /opt/***/logs/dag_id=air_quality/run_id=scheduled__2023-12-16T04:00:00+00:00/task_id=Transform permission to 509
[2023-12-17T11:19:09.531+0000] {logging_mixin.py:154} INFO - Failed to change /opt/***/logs/dag_id=air_quality/run_id=scheduled__2023-12-16T04:00:00+00:00/task_id=Transform permission to 509: [Errno 1] Operation not permitted: '/opt/***/logs/dag_id=air_quality/run_id=scheduled__2023-12-16T04:00:00+00:00/task_id=Transform'
[2023-12-17T11:19:09.534+0000] {task_command.py:416} INFO - Running <TaskInstance: air_quality.Transform scheduled__2023-12-16T04:00:00+00:00 [running]> on host 1a58977f5573
[2023-12-17T11:19:09.677+0000] {taskinstance.py:1662} INFO - Exporting env vars: AIRFLOW_CTX_DAG_OWNER='ghifari' AIRFLOW_CTX_DAG_ID='air_quality' AIRFLOW_CTX_TASK_ID='Transform' AIRFLOW_CTX_EXECUTION_DATE='2023-12-16T04:00:00+00:00' AIRFLOW_CTX_TRY_NUMBER='1' AIRFLOW_CTX_DAG_RUN_ID='scheduled__2023-12-16T04:00:00+00:00'
[2023-12-17T11:19:11.172+0000] {python.py:194} INFO - Done. Returned value was:       city country unit  last_value       lat         lng
0  Jakarta      ID   o3      -0.999 -6.182536  106.834236
[2023-12-17T11:19:11.346+0000] {taskinstance.py:1400} INFO - Marking task as SUCCESS. dag_id=air_quality, task_id=Transform, execution_date=20231216T040000, start_date=20231217T111909, end_date=20231217T111911
[2023-12-17T11:19:11.653+0000] {local_task_job_runner.py:228} INFO - Task exited with return code 0
[2023-12-17T11:19:11.727+0000] {taskinstance.py:2778} INFO - 1 downstream tasks scheduled from follow-on schedule check
[2023-12-17T12:18:19.215+0000] {logging_mixin.py:154} INFO - Changing /opt/***/logs/dag_id=air_quality/run_id=scheduled__2023-12-16T04:00:00+00:00/task_id=Transform permission to 509
[2023-12-17T12:18:19.218+0000] {logging_mixin.py:154} INFO - Failed to change /opt/***/logs/dag_id=air_quality/run_id=scheduled__2023-12-16T04:00:00+00:00/task_id=Transform permission to 509: [Errno 1] Operation not permitted: '/opt/***/logs/dag_id=air_quality/run_id=scheduled__2023-12-16T04:00:00+00:00/task_id=Transform'
[2023-12-17T12:18:19.324+0000] {logging_mixin.py:154} INFO - Changing /opt/***/logs/dag_id=air_quality/run_id=scheduled__2023-12-16T04:00:00+00:00/task_id=Transform permission to 509
[2023-12-17T12:18:19.325+0000] {logging_mixin.py:154} INFO - Failed to change /opt/***/logs/dag_id=air_quality/run_id=scheduled__2023-12-16T04:00:00+00:00/task_id=Transform permission to 509: [Errno 1] Operation not permitted: '/opt/***/logs/dag_id=air_quality/run_id=scheduled__2023-12-16T04:00:00+00:00/task_id=Transform'
[2023-12-17T12:18:19.463+0000] {taskinstance.py:1159} INFO - Dependencies all met for dep_context=non-requeueable deps ti=<TaskInstance: air_quality.Transform scheduled__2023-12-16T04:00:00+00:00 [queued]>
[2023-12-17T12:18:19.498+0000] {taskinstance.py:1159} INFO - Dependencies all met for dep_context=requeueable deps ti=<TaskInstance: air_quality.Transform scheduled__2023-12-16T04:00:00+00:00 [queued]>
[2023-12-17T12:18:19.500+0000] {taskinstance.py:1361} INFO - Starting attempt 1 of 2
[2023-12-17T12:18:19.558+0000] {taskinstance.py:1382} INFO - Executing <Task(PythonOperator): Transform> on 2023-12-16 04:00:00+00:00
[2023-12-17T12:18:19.572+0000] {standard_task_runner.py:57} INFO - Started process 4152 to run task
[2023-12-17T12:18:19.586+0000] {standard_task_runner.py:84} INFO - Running: ['***', 'tasks', 'run', 'air_quality', 'Transform', 'scheduled__2023-12-16T04:00:00+00:00', '--job-id', '617', '--raw', '--subdir', 'DAGS_FOLDER/airQuality.py', '--cfg-path', '/tmp/tmpsb6g0846']
[2023-12-17T12:18:19.590+0000] {standard_task_runner.py:85} INFO - Job 617: Subtask Transform
[2023-12-17T12:18:19.726+0000] {logging_mixin.py:154} INFO - Changing /opt/***/logs/dag_id=air_quality/run_id=scheduled__2023-12-16T04:00:00+00:00/task_id=Transform permission to 509
[2023-12-17T12:18:19.727+0000] {logging_mixin.py:154} INFO - Failed to change /opt/***/logs/dag_id=air_quality/run_id=scheduled__2023-12-16T04:00:00+00:00/task_id=Transform permission to 509: [Errno 1] Operation not permitted: '/opt/***/logs/dag_id=air_quality/run_id=scheduled__2023-12-16T04:00:00+00:00/task_id=Transform'
[2023-12-17T12:18:19.736+0000] {task_command.py:416} INFO - Running <TaskInstance: air_quality.Transform scheduled__2023-12-16T04:00:00+00:00 [running]> on host 1a58977f5573
[2023-12-17T12:18:20.091+0000] {taskinstance.py:1662} INFO - Exporting env vars: AIRFLOW_CTX_DAG_OWNER='ghifari' AIRFLOW_CTX_DAG_ID='air_quality' AIRFLOW_CTX_TASK_ID='Transform' AIRFLOW_CTX_EXECUTION_DATE='2023-12-16T04:00:00+00:00' AIRFLOW_CTX_TRY_NUMBER='1' AIRFLOW_CTX_DAG_RUN_ID='scheduled__2023-12-16T04:00:00+00:00'
[2023-12-17T12:18:21.612+0000] {python.py:194} INFO - Done. Returned value was:       city country  unit  last_value       lat         lng
0  Jakarta      ID  pm25      -999.0 -6.182536  106.834236
[2023-12-17T12:18:21.721+0000] {taskinstance.py:1400} INFO - Marking task as SUCCESS. dag_id=air_quality, task_id=Transform, execution_date=20231216T040000, start_date=20231217T121819, end_date=20231217T121821
[2023-12-17T12:18:22.002+0000] {local_task_job_runner.py:228} INFO - Task exited with return code 0
[2023-12-17T12:18:22.067+0000] {taskinstance.py:2778} INFO - 1 downstream tasks scheduled from follow-on schedule check
[2023-12-17T12:19:07.628+0000] {logging_mixin.py:154} INFO - Changing /opt/***/logs/dag_id=air_quality/run_id=scheduled__2023-12-16T04:00:00+00:00/task_id=Transform permission to 509
[2023-12-17T12:19:07.630+0000] {logging_mixin.py:154} INFO - Failed to change /opt/***/logs/dag_id=air_quality/run_id=scheduled__2023-12-16T04:00:00+00:00/task_id=Transform permission to 509: [Errno 1] Operation not permitted: '/opt/***/logs/dag_id=air_quality/run_id=scheduled__2023-12-16T04:00:00+00:00/task_id=Transform'
[2023-12-17T12:19:07.695+0000] {logging_mixin.py:154} INFO - Changing /opt/***/logs/dag_id=air_quality/run_id=scheduled__2023-12-16T04:00:00+00:00/task_id=Transform permission to 509
[2023-12-17T12:19:07.696+0000] {logging_mixin.py:154} INFO - Failed to change /opt/***/logs/dag_id=air_quality/run_id=scheduled__2023-12-16T04:00:00+00:00/task_id=Transform permission to 509: [Errno 1] Operation not permitted: '/opt/***/logs/dag_id=air_quality/run_id=scheduled__2023-12-16T04:00:00+00:00/task_id=Transform'
[2023-12-17T12:19:07.772+0000] {taskinstance.py:1159} INFO - Dependencies all met for dep_context=non-requeueable deps ti=<TaskInstance: air_quality.Transform scheduled__2023-12-16T04:00:00+00:00 [queued]>
[2023-12-17T12:19:07.794+0000] {taskinstance.py:1159} INFO - Dependencies all met for dep_context=requeueable deps ti=<TaskInstance: air_quality.Transform scheduled__2023-12-16T04:00:00+00:00 [queued]>
[2023-12-17T12:19:07.795+0000] {taskinstance.py:1361} INFO - Starting attempt 1 of 2
[2023-12-17T12:19:07.821+0000] {taskinstance.py:1382} INFO - Executing <Task(PythonOperator): Transform> on 2023-12-16 04:00:00+00:00
[2023-12-17T12:19:07.826+0000] {standard_task_runner.py:57} INFO - Started process 4594 to run task
[2023-12-17T12:19:07.831+0000] {standard_task_runner.py:84} INFO - Running: ['***', 'tasks', 'run', 'air_quality', 'Transform', 'scheduled__2023-12-16T04:00:00+00:00', '--job-id', '710', '--raw', '--subdir', 'DAGS_FOLDER/airQuality.py', '--cfg-path', '/tmp/tmp2ljlhr3m']
[2023-12-17T12:19:07.833+0000] {standard_task_runner.py:85} INFO - Job 710: Subtask Transform
[2023-12-17T12:19:07.921+0000] {logging_mixin.py:154} INFO - Changing /opt/***/logs/dag_id=air_quality/run_id=scheduled__2023-12-16T04:00:00+00:00/task_id=Transform permission to 509
[2023-12-17T12:19:07.922+0000] {logging_mixin.py:154} INFO - Failed to change /opt/***/logs/dag_id=air_quality/run_id=scheduled__2023-12-16T04:00:00+00:00/task_id=Transform permission to 509: [Errno 1] Operation not permitted: '/opt/***/logs/dag_id=air_quality/run_id=scheduled__2023-12-16T04:00:00+00:00/task_id=Transform'
[2023-12-17T12:19:07.927+0000] {task_command.py:416} INFO - Running <TaskInstance: air_quality.Transform scheduled__2023-12-16T04:00:00+00:00 [running]> on host 1a58977f5573
[2023-12-17T12:19:08.083+0000] {taskinstance.py:1662} INFO - Exporting env vars: AIRFLOW_CTX_DAG_OWNER='ghifari' AIRFLOW_CTX_DAG_ID='air_quality' AIRFLOW_CTX_TASK_ID='Transform' AIRFLOW_CTX_EXECUTION_DATE='2023-12-16T04:00:00+00:00' AIRFLOW_CTX_TRY_NUMBER='1' AIRFLOW_CTX_DAG_RUN_ID='scheduled__2023-12-16T04:00:00+00:00'
[2023-12-17T12:19:08.929+0000] {python.py:194} INFO - Done. Returned value was:       city country  unit  last_value       lat         lng
0  Jakarta      ID  pm25      -999.0 -6.182536  106.834236
[2023-12-17T12:19:08.983+0000] {taskinstance.py:1400} INFO - Marking task as SUCCESS. dag_id=air_quality, task_id=Transform, execution_date=20231216T040000, start_date=20231217T121907, end_date=20231217T121908
[2023-12-17T12:19:09.048+0000] {local_task_job_runner.py:228} INFO - Task exited with return code 0
[2023-12-17T12:19:09.102+0000] {taskinstance.py:2778} INFO - 1 downstream tasks scheduled from follow-on schedule check
[2023-12-28T16:51:58.986+0000] {logging_mixin.py:154} INFO - Changing /opt/***/logs/dag_id=air_quality/run_id=scheduled__2023-12-16T04:00:00+00:00/task_id=Transform permission to 509
[2023-12-28T16:51:58.991+0000] {logging_mixin.py:154} INFO - Failed to change /opt/***/logs/dag_id=air_quality/run_id=scheduled__2023-12-16T04:00:00+00:00/task_id=Transform permission to 509: [Errno 1] Operation not permitted: '/opt/***/logs/dag_id=air_quality/run_id=scheduled__2023-12-16T04:00:00+00:00/task_id=Transform'
[2023-12-28T16:51:59.108+0000] {logging_mixin.py:154} INFO - Changing /opt/***/logs/dag_id=air_quality/run_id=scheduled__2023-12-16T04:00:00+00:00/task_id=Transform permission to 509
[2023-12-28T16:51:59.114+0000] {logging_mixin.py:154} INFO - Failed to change /opt/***/logs/dag_id=air_quality/run_id=scheduled__2023-12-16T04:00:00+00:00/task_id=Transform permission to 509: [Errno 1] Operation not permitted: '/opt/***/logs/dag_id=air_quality/run_id=scheduled__2023-12-16T04:00:00+00:00/task_id=Transform'
[2023-12-28T16:51:59.296+0000] {taskinstance.py:1159} INFO - Dependencies all met for dep_context=non-requeueable deps ti=<TaskInstance: air_quality.Transform scheduled__2023-12-16T04:00:00+00:00 [queued]>
[2023-12-28T16:51:59.374+0000] {taskinstance.py:1159} INFO - Dependencies all met for dep_context=requeueable deps ti=<TaskInstance: air_quality.Transform scheduled__2023-12-16T04:00:00+00:00 [queued]>
[2023-12-28T16:51:59.382+0000] {taskinstance.py:1361} INFO - Starting attempt 1 of 2
[2023-12-28T16:51:59.518+0000] {taskinstance.py:1382} INFO - Executing <Task(PythonOperator): Transform> on 2023-12-16 04:00:00+00:00
[2023-12-28T16:51:59.545+0000] {standard_task_runner.py:57} INFO - Started process 278 to run task
[2023-12-28T16:51:59.564+0000] {standard_task_runner.py:84} INFO - Running: ['***', 'tasks', 'run', 'air_quality', 'Transform', 'scheduled__2023-12-16T04:00:00+00:00', '--job-id', '885', '--raw', '--subdir', 'DAGS_FOLDER/airQuality.py', '--cfg-path', '/tmp/tmpgmfvy025']
[2023-12-28T16:51:59.585+0000] {standard_task_runner.py:85} INFO - Job 885: Subtask Transform
[2023-12-28T16:51:59.796+0000] {logging_mixin.py:154} INFO - Changing /opt/***/logs/dag_id=air_quality/run_id=scheduled__2023-12-16T04:00:00+00:00/task_id=Transform permission to 509
[2023-12-28T16:51:59.797+0000] {logging_mixin.py:154} INFO - Failed to change /opt/***/logs/dag_id=air_quality/run_id=scheduled__2023-12-16T04:00:00+00:00/task_id=Transform permission to 509: [Errno 1] Operation not permitted: '/opt/***/logs/dag_id=air_quality/run_id=scheduled__2023-12-16T04:00:00+00:00/task_id=Transform'
[2023-12-28T16:51:59.810+0000] {task_command.py:416} INFO - Running <TaskInstance: air_quality.Transform scheduled__2023-12-16T04:00:00+00:00 [running]> on host d67dd4682ccf
[2023-12-28T16:52:00.417+0000] {taskinstance.py:1662} INFO - Exporting env vars: AIRFLOW_CTX_DAG_OWNER='ghifari' AIRFLOW_CTX_DAG_ID='air_quality' AIRFLOW_CTX_TASK_ID='Transform' AIRFLOW_CTX_EXECUTION_DATE='2023-12-16T04:00:00+00:00' AIRFLOW_CTX_TRY_NUMBER='1' AIRFLOW_CTX_DAG_RUN_ID='scheduled__2023-12-16T04:00:00+00:00'
[2023-12-28T16:52:02.543+0000] {python.py:194} INFO - Done. Returned value was:       city country unit  last_value       lat         lng
0  Jakarta      ID   o3      -0.999 -6.182536  106.834236
[2023-12-28T16:52:02.754+0000] {taskinstance.py:1400} INFO - Marking task as SUCCESS. dag_id=air_quality, task_id=Transform, execution_date=20231216T040000, start_date=20231228T165159, end_date=20231228T165202
[2023-12-28T16:52:02.910+0000] {local_task_job_runner.py:228} INFO - Task exited with return code 0
[2023-12-28T16:52:03.031+0000] {taskinstance.py:2778} INFO - 1 downstream tasks scheduled from follow-on schedule check
[2023-12-28T16:54:59.858+0000] {logging_mixin.py:154} INFO - Changing /opt/***/logs/dag_id=air_quality/run_id=scheduled__2023-12-16T04:00:00+00:00/task_id=Transform permission to 509
[2023-12-28T16:54:59.861+0000] {logging_mixin.py:154} INFO - Failed to change /opt/***/logs/dag_id=air_quality/run_id=scheduled__2023-12-16T04:00:00+00:00/task_id=Transform permission to 509: [Errno 1] Operation not permitted: '/opt/***/logs/dag_id=air_quality/run_id=scheduled__2023-12-16T04:00:00+00:00/task_id=Transform'
[2023-12-28T16:55:00.104+0000] {logging_mixin.py:154} INFO - Changing /opt/***/logs/dag_id=air_quality/run_id=scheduled__2023-12-16T04:00:00+00:00/task_id=Transform permission to 509
[2023-12-28T16:55:00.105+0000] {logging_mixin.py:154} INFO - Failed to change /opt/***/logs/dag_id=air_quality/run_id=scheduled__2023-12-16T04:00:00+00:00/task_id=Transform permission to 509: [Errno 1] Operation not permitted: '/opt/***/logs/dag_id=air_quality/run_id=scheduled__2023-12-16T04:00:00+00:00/task_id=Transform'
[2023-12-28T16:55:00.281+0000] {taskinstance.py:1159} INFO - Dependencies all met for dep_context=non-requeueable deps ti=<TaskInstance: air_quality.Transform scheduled__2023-12-16T04:00:00+00:00 [queued]>
[2023-12-28T16:55:00.347+0000] {taskinstance.py:1159} INFO - Dependencies all met for dep_context=requeueable deps ti=<TaskInstance: air_quality.Transform scheduled__2023-12-16T04:00:00+00:00 [queued]>
[2023-12-28T16:55:00.354+0000] {taskinstance.py:1361} INFO - Starting attempt 1 of 2
[2023-12-28T16:55:00.420+0000] {taskinstance.py:1382} INFO - Executing <Task(PythonOperator): Transform> on 2023-12-16 04:00:00+00:00
[2023-12-28T16:55:00.431+0000] {standard_task_runner.py:57} INFO - Started process 1266 to run task
[2023-12-28T16:55:00.462+0000] {standard_task_runner.py:84} INFO - Running: ['***', 'tasks', 'run', 'air_quality', 'Transform', 'scheduled__2023-12-16T04:00:00+00:00', '--job-id', '1131', '--raw', '--subdir', 'DAGS_FOLDER/airQuality.py', '--cfg-path', '/tmp/tmpc49emgcz']
[2023-12-28T16:55:00.476+0000] {standard_task_runner.py:85} INFO - Job 1131: Subtask Transform
[2023-12-28T16:55:00.733+0000] {logging_mixin.py:154} INFO - Changing /opt/***/logs/dag_id=air_quality/run_id=scheduled__2023-12-16T04:00:00+00:00/task_id=Transform permission to 509
[2023-12-28T16:55:00.746+0000] {logging_mixin.py:154} INFO - Failed to change /opt/***/logs/dag_id=air_quality/run_id=scheduled__2023-12-16T04:00:00+00:00/task_id=Transform permission to 509: [Errno 1] Operation not permitted: '/opt/***/logs/dag_id=air_quality/run_id=scheduled__2023-12-16T04:00:00+00:00/task_id=Transform'
[2023-12-28T16:55:00.750+0000] {task_command.py:416} INFO - Running <TaskInstance: air_quality.Transform scheduled__2023-12-16T04:00:00+00:00 [running]> on host d67dd4682ccf
[2023-12-28T16:55:01.309+0000] {taskinstance.py:1662} INFO - Exporting env vars: AIRFLOW_CTX_DAG_OWNER='ghifari' AIRFLOW_CTX_DAG_ID='air_quality' AIRFLOW_CTX_TASK_ID='Transform' AIRFLOW_CTX_EXECUTION_DATE='2023-12-16T04:00:00+00:00' AIRFLOW_CTX_TRY_NUMBER='1' AIRFLOW_CTX_DAG_RUN_ID='scheduled__2023-12-16T04:00:00+00:00'
[2023-12-28T16:55:03.880+0000] {python.py:194} INFO - Done. Returned value was:       city country unit  last_value       lat         lng
0  Jakarta      ID   o3      -0.999 -6.182536  106.834236
[2023-12-28T16:55:04.093+0000] {taskinstance.py:1400} INFO - Marking task as SUCCESS. dag_id=air_quality, task_id=Transform, execution_date=20231216T040000, start_date=20231228T165500, end_date=20231228T165504
[2023-12-28T16:55:04.705+0000] {local_task_job_runner.py:228} INFO - Task exited with return code 0
[2023-12-28T16:55:04.894+0000] {taskinstance.py:2778} INFO - 1 downstream tasks scheduled from follow-on schedule check
