[2023-12-17T11:18:19.738+0000] {logging_mixin.py:154} INFO - Changing /opt/***/logs/dag_id=air_quality/run_id=scheduled__2023-11-22T04:00:00+00:00/task_id=Check_Response permission to 509
[2023-12-17T11:18:19.741+0000] {logging_mixin.py:154} INFO - Failed to change /opt/***/logs/dag_id=air_quality/run_id=scheduled__2023-11-22T04:00:00+00:00/task_id=Check_Response permission to 509: [Errno 1] Operation not permitted: '/opt/***/logs/dag_id=air_quality/run_id=scheduled__2023-11-22T04:00:00+00:00/task_id=Check_Response'
[2023-12-17T11:18:19.808+0000] {logging_mixin.py:154} INFO - Changing /opt/***/logs/dag_id=air_quality/run_id=scheduled__2023-11-22T04:00:00+00:00/task_id=Check_Response permission to 509
[2023-12-17T11:18:19.809+0000] {logging_mixin.py:154} INFO - Failed to change /opt/***/logs/dag_id=air_quality/run_id=scheduled__2023-11-22T04:00:00+00:00/task_id=Check_Response permission to 509: [Errno 1] Operation not permitted: '/opt/***/logs/dag_id=air_quality/run_id=scheduled__2023-11-22T04:00:00+00:00/task_id=Check_Response'
[2023-12-17T11:18:19.888+0000] {taskinstance.py:1159} INFO - Dependencies all met for dep_context=non-requeueable deps ti=<TaskInstance: air_quality.Check_Response scheduled__2023-11-22T04:00:00+00:00 [queued]>
[2023-12-17T11:18:19.912+0000] {taskinstance.py:1159} INFO - Dependencies all met for dep_context=requeueable deps ti=<TaskInstance: air_quality.Check_Response scheduled__2023-11-22T04:00:00+00:00 [queued]>
[2023-12-17T11:18:19.913+0000] {taskinstance.py:1361} INFO - Starting attempt 1 of 2
[2023-12-17T11:18:19.957+0000] {taskinstance.py:1382} INFO - Executing <Task(BranchPythonOperator): Check_Response> on 2023-11-22 04:00:00+00:00
[2023-12-17T11:18:19.965+0000] {standard_task_runner.py:57} INFO - Started process 1970 to run task
[2023-12-17T11:18:19.972+0000] {standard_task_runner.py:84} INFO - Running: ['***', 'tasks', 'run', 'air_quality', 'Check_Response', 'scheduled__2023-11-22T04:00:00+00:00', '--job-id', '288', '--raw', '--subdir', 'DAGS_FOLDER/airQuality.py', '--cfg-path', '/tmp/tmp9jufnkn1']
[2023-12-17T11:18:19.975+0000] {standard_task_runner.py:85} INFO - Job 288: Subtask Check_Response
[2023-12-17T11:18:20.158+0000] {logging_mixin.py:154} INFO - Changing /opt/***/logs/dag_id=air_quality/run_id=scheduled__2023-11-22T04:00:00+00:00/task_id=Check_Response permission to 509
[2023-12-17T11:18:20.159+0000] {logging_mixin.py:154} INFO - Failed to change /opt/***/logs/dag_id=air_quality/run_id=scheduled__2023-11-22T04:00:00+00:00/task_id=Check_Response permission to 509: [Errno 1] Operation not permitted: '/opt/***/logs/dag_id=air_quality/run_id=scheduled__2023-11-22T04:00:00+00:00/task_id=Check_Response'
[2023-12-17T11:18:20.174+0000] {task_command.py:416} INFO - Running <TaskInstance: air_quality.Check_Response scheduled__2023-11-22T04:00:00+00:00 [running]> on host 1a58977f5573
[2023-12-17T11:18:20.396+0000] {taskinstance.py:1662} INFO - Exporting env vars: AIRFLOW_CTX_DAG_OWNER='ghifari' AIRFLOW_CTX_DAG_ID='air_quality' AIRFLOW_CTX_TASK_ID='Check_Response' AIRFLOW_CTX_EXECUTION_DATE='2023-11-22T04:00:00+00:00' AIRFLOW_CTX_TRY_NUMBER='1' AIRFLOW_CTX_DAG_RUN_ID='scheduled__2023-11-22T04:00:00+00:00'
[2023-12-17T11:18:20.435+0000] {airQuality.py:112} INFO - Data Found: {'city': ['Jakarta'], 'country': ['ID'], 'unit': ['o3'], 'last_value': [-0.999], 'lat': [-6.182536], 'lng': [106.834236]}
[2023-12-17T11:18:20.437+0000] {python.py:194} INFO - Done. Returned value was: Transform
[2023-12-17T11:18:20.439+0000] {python.py:227} INFO - Branch callable return Transform
[2023-12-17T11:18:20.447+0000] {skipmixin.py:173} INFO - Following branch Transform
[2023-12-17T11:18:20.511+0000] {skipmixin.py:239} INFO - Skipping tasks [('Error_Response', -1)]
[2023-12-17T11:18:20.662+0000] {taskinstance.py:1400} INFO - Marking task as SUCCESS. dag_id=air_quality, task_id=Check_Response, execution_date=20231122T040000, start_date=20231217T111819, end_date=20231217T111820
[2023-12-17T11:18:20.719+0000] {local_task_job_runner.py:228} INFO - Task exited with return code 0
[2023-12-17T11:18:20.792+0000] {taskinstance.py:2778} INFO - 1 downstream tasks scheduled from follow-on schedule check
[2023-12-28T16:51:29.135+0000] {logging_mixin.py:154} INFO - Changing /opt/***/logs/dag_id=air_quality/run_id=scheduled__2023-11-22T04:00:00+00:00/task_id=Check_Response permission to 509
[2023-12-28T16:51:29.137+0000] {logging_mixin.py:154} INFO - Failed to change /opt/***/logs/dag_id=air_quality/run_id=scheduled__2023-11-22T04:00:00+00:00/task_id=Check_Response permission to 509: [Errno 1] Operation not permitted: '/opt/***/logs/dag_id=air_quality/run_id=scheduled__2023-11-22T04:00:00+00:00/task_id=Check_Response'
[2023-12-28T16:51:29.199+0000] {logging_mixin.py:154} INFO - Changing /opt/***/logs/dag_id=air_quality/run_id=scheduled__2023-11-22T04:00:00+00:00/task_id=Check_Response permission to 509
[2023-12-28T16:51:29.200+0000] {logging_mixin.py:154} INFO - Failed to change /opt/***/logs/dag_id=air_quality/run_id=scheduled__2023-11-22T04:00:00+00:00/task_id=Check_Response permission to 509: [Errno 1] Operation not permitted: '/opt/***/logs/dag_id=air_quality/run_id=scheduled__2023-11-22T04:00:00+00:00/task_id=Check_Response'
[2023-12-28T16:51:29.271+0000] {taskinstance.py:1159} INFO - Dependencies all met for dep_context=non-requeueable deps ti=<TaskInstance: air_quality.Check_Response scheduled__2023-11-22T04:00:00+00:00 [queued]>
[2023-12-28T16:51:29.300+0000] {taskinstance.py:1159} INFO - Dependencies all met for dep_context=requeueable deps ti=<TaskInstance: air_quality.Check_Response scheduled__2023-11-22T04:00:00+00:00 [queued]>
[2023-12-28T16:51:29.302+0000] {taskinstance.py:1361} INFO - Starting attempt 1 of 2
[2023-12-28T16:51:29.364+0000] {taskinstance.py:1382} INFO - Executing <Task(BranchPythonOperator): Check_Response> on 2023-11-22 04:00:00+00:00
[2023-12-28T16:51:29.374+0000] {standard_task_runner.py:57} INFO - Started process 97 to run task
[2023-12-28T16:51:29.387+0000] {standard_task_runner.py:84} INFO - Running: ['***', 'tasks', 'run', 'air_quality', 'Check_Response', 'scheduled__2023-11-22T04:00:00+00:00', '--job-id', '805', '--raw', '--subdir', 'DAGS_FOLDER/airQuality.py', '--cfg-path', '/tmp/tmpxji8nvbh']
[2023-12-28T16:51:29.390+0000] {standard_task_runner.py:85} INFO - Job 805: Subtask Check_Response
[2023-12-28T16:51:29.563+0000] {logging_mixin.py:154} INFO - Changing /opt/***/logs/dag_id=air_quality/run_id=scheduled__2023-11-22T04:00:00+00:00/task_id=Check_Response permission to 509
[2023-12-28T16:51:29.565+0000] {logging_mixin.py:154} INFO - Failed to change /opt/***/logs/dag_id=air_quality/run_id=scheduled__2023-11-22T04:00:00+00:00/task_id=Check_Response permission to 509: [Errno 1] Operation not permitted: '/opt/***/logs/dag_id=air_quality/run_id=scheduled__2023-11-22T04:00:00+00:00/task_id=Check_Response'
[2023-12-28T16:51:29.572+0000] {task_command.py:416} INFO - Running <TaskInstance: air_quality.Check_Response scheduled__2023-11-22T04:00:00+00:00 [running]> on host d67dd4682ccf
[2023-12-28T16:51:29.764+0000] {taskinstance.py:1662} INFO - Exporting env vars: AIRFLOW_CTX_DAG_OWNER='ghifari' AIRFLOW_CTX_DAG_ID='air_quality' AIRFLOW_CTX_TASK_ID='Check_Response' AIRFLOW_CTX_EXECUTION_DATE='2023-11-22T04:00:00+00:00' AIRFLOW_CTX_TRY_NUMBER='1' AIRFLOW_CTX_DAG_RUN_ID='scheduled__2023-11-22T04:00:00+00:00'
[2023-12-28T16:51:29.793+0000] {airQuality.py:90} INFO - Data Found: {'city': ['Jakarta'], 'country': ['ID'], 'unit': ['o3'], 'last_value': [-0.999], 'lat': [-6.182536], 'lng': [106.834236]}
[2023-12-28T16:51:29.798+0000] {python.py:194} INFO - Done. Returned value was: Transform
[2023-12-28T16:51:29.800+0000] {python.py:227} INFO - Branch callable return Transform
[2023-12-28T16:51:29.801+0000] {skipmixin.py:173} INFO - Following branch Transform
[2023-12-28T16:51:29.852+0000] {skipmixin.py:239} INFO - Skipping tasks [('Error_Response', -1)]
[2023-12-28T16:51:29.969+0000] {taskinstance.py:1400} INFO - Marking task as SUCCESS. dag_id=air_quality, task_id=Check_Response, execution_date=20231122T040000, start_date=20231228T165129, end_date=20231228T165129
[2023-12-28T16:51:30.059+0000] {local_task_job_runner.py:228} INFO - Task exited with return code 0
[2023-12-28T16:51:30.154+0000] {taskinstance.py:2778} INFO - 1 downstream tasks scheduled from follow-on schedule check
[2023-12-28T16:54:01.998+0000] {logging_mixin.py:154} INFO - Changing /opt/***/logs/dag_id=air_quality/run_id=scheduled__2023-11-22T04:00:00+00:00/task_id=Check_Response permission to 509
[2023-12-28T16:54:02.000+0000] {logging_mixin.py:154} INFO - Failed to change /opt/***/logs/dag_id=air_quality/run_id=scheduled__2023-11-22T04:00:00+00:00/task_id=Check_Response permission to 509: [Errno 1] Operation not permitted: '/opt/***/logs/dag_id=air_quality/run_id=scheduled__2023-11-22T04:00:00+00:00/task_id=Check_Response'
[2023-12-28T16:54:02.055+0000] {logging_mixin.py:154} INFO - Changing /opt/***/logs/dag_id=air_quality/run_id=scheduled__2023-11-22T04:00:00+00:00/task_id=Check_Response permission to 509
[2023-12-28T16:54:02.055+0000] {logging_mixin.py:154} INFO - Failed to change /opt/***/logs/dag_id=air_quality/run_id=scheduled__2023-11-22T04:00:00+00:00/task_id=Check_Response permission to 509: [Errno 1] Operation not permitted: '/opt/***/logs/dag_id=air_quality/run_id=scheduled__2023-11-22T04:00:00+00:00/task_id=Check_Response'
[2023-12-28T16:54:02.117+0000] {taskinstance.py:1159} INFO - Dependencies all met for dep_context=non-requeueable deps ti=<TaskInstance: air_quality.Check_Response scheduled__2023-11-22T04:00:00+00:00 [queued]>
[2023-12-28T16:54:02.137+0000] {taskinstance.py:1159} INFO - Dependencies all met for dep_context=requeueable deps ti=<TaskInstance: air_quality.Check_Response scheduled__2023-11-22T04:00:00+00:00 [queued]>
[2023-12-28T16:54:02.138+0000] {taskinstance.py:1361} INFO - Starting attempt 1 of 2
[2023-12-28T16:54:02.165+0000] {taskinstance.py:1382} INFO - Executing <Task(BranchPythonOperator): Check_Response> on 2023-11-22 04:00:00+00:00
[2023-12-28T16:54:02.174+0000] {standard_task_runner.py:57} INFO - Started process 785 to run task
[2023-12-28T16:54:02.181+0000] {standard_task_runner.py:84} INFO - Running: ['***', 'tasks', 'run', 'air_quality', 'Check_Response', 'scheduled__2023-11-22T04:00:00+00:00', '--job-id', '1007', '--raw', '--subdir', 'DAGS_FOLDER/airQuality.py', '--cfg-path', '/tmp/tmpbn8rw0ov']
[2023-12-28T16:54:02.184+0000] {standard_task_runner.py:85} INFO - Job 1007: Subtask Check_Response
[2023-12-28T16:54:02.266+0000] {logging_mixin.py:154} INFO - Changing /opt/***/logs/dag_id=air_quality/run_id=scheduled__2023-11-22T04:00:00+00:00/task_id=Check_Response permission to 509
[2023-12-28T16:54:02.267+0000] {logging_mixin.py:154} INFO - Failed to change /opt/***/logs/dag_id=air_quality/run_id=scheduled__2023-11-22T04:00:00+00:00/task_id=Check_Response permission to 509: [Errno 1] Operation not permitted: '/opt/***/logs/dag_id=air_quality/run_id=scheduled__2023-11-22T04:00:00+00:00/task_id=Check_Response'
[2023-12-28T16:54:02.270+0000] {task_command.py:416} INFO - Running <TaskInstance: air_quality.Check_Response scheduled__2023-11-22T04:00:00+00:00 [running]> on host d67dd4682ccf
[2023-12-28T16:54:02.411+0000] {taskinstance.py:1662} INFO - Exporting env vars: AIRFLOW_CTX_DAG_OWNER='ghifari' AIRFLOW_CTX_DAG_ID='air_quality' AIRFLOW_CTX_TASK_ID='Check_Response' AIRFLOW_CTX_EXECUTION_DATE='2023-11-22T04:00:00+00:00' AIRFLOW_CTX_TRY_NUMBER='1' AIRFLOW_CTX_DAG_RUN_ID='scheduled__2023-11-22T04:00:00+00:00'
[2023-12-28T16:54:02.434+0000] {airQuality.py:90} INFO - Data Found: {'city': ['Jakarta'], 'country': ['ID'], 'unit': ['o3'], 'last_value': [-0.999], 'lat': [-6.182536], 'lng': [106.834236]}
[2023-12-28T16:54:02.437+0000] {python.py:194} INFO - Done. Returned value was: Transform
[2023-12-28T16:54:02.438+0000] {python.py:227} INFO - Branch callable return Transform
[2023-12-28T16:54:02.439+0000] {skipmixin.py:173} INFO - Following branch Transform
[2023-12-28T16:54:02.483+0000] {skipmixin.py:239} INFO - Skipping tasks [('Error_Response', -1)]
[2023-12-28T16:54:02.596+0000] {taskinstance.py:1400} INFO - Marking task as SUCCESS. dag_id=air_quality, task_id=Check_Response, execution_date=20231122T040000, start_date=20231228T165402, end_date=20231228T165402
[2023-12-28T16:54:02.678+0000] {local_task_job_runner.py:228} INFO - Task exited with return code 0
[2023-12-28T16:54:02.919+0000] {taskinstance.py:2778} INFO - 0 downstream tasks scheduled from follow-on schedule check
