[2023-12-17T11:18:20.626+0000] {logging_mixin.py:154} INFO - Changing /opt/***/logs/dag_id=air_quality/run_id=scheduled__2023-11-29T04:00:00+00:00/task_id=Extract permission to 509
[2023-12-17T11:18:20.630+0000] {logging_mixin.py:154} INFO - Failed to change /opt/***/logs/dag_id=air_quality/run_id=scheduled__2023-11-29T04:00:00+00:00/task_id=Extract permission to 509: [Errno 1] Operation not permitted: '/opt/***/logs/dag_id=air_quality/run_id=scheduled__2023-11-29T04:00:00+00:00/task_id=Extract'
[2023-12-17T11:18:20.718+0000] {logging_mixin.py:154} INFO - Changing /opt/***/logs/dag_id=air_quality/run_id=scheduled__2023-11-29T04:00:00+00:00/task_id=Extract permission to 509
[2023-12-17T11:18:20.720+0000] {logging_mixin.py:154} INFO - Failed to change /opt/***/logs/dag_id=air_quality/run_id=scheduled__2023-11-29T04:00:00+00:00/task_id=Extract permission to 509: [Errno 1] Operation not permitted: '/opt/***/logs/dag_id=air_quality/run_id=scheduled__2023-11-29T04:00:00+00:00/task_id=Extract'
[2023-12-17T11:18:20.790+0000] {taskinstance.py:1159} INFO - Dependencies all met for dep_context=non-requeueable deps ti=<TaskInstance: air_quality.Extract scheduled__2023-11-29T04:00:00+00:00 [queued]>
[2023-12-17T11:18:20.807+0000] {taskinstance.py:1159} INFO - Dependencies all met for dep_context=requeueable deps ti=<TaskInstance: air_quality.Extract scheduled__2023-11-29T04:00:00+00:00 [queued]>
[2023-12-17T11:18:20.809+0000] {taskinstance.py:1361} INFO - Starting attempt 1 of 2
[2023-12-17T11:18:20.858+0000] {taskinstance.py:1382} INFO - Executing <Task(PythonOperator): Extract> on 2023-11-29 04:00:00+00:00
[2023-12-17T11:18:20.867+0000] {standard_task_runner.py:57} INFO - Started process 1974 to run task
[2023-12-17T11:18:20.880+0000] {standard_task_runner.py:84} INFO - Running: ['***', 'tasks', 'run', 'air_quality', 'Extract', 'scheduled__2023-11-29T04:00:00+00:00', '--job-id', '290', '--raw', '--subdir', 'DAGS_FOLDER/airQuality.py', '--cfg-path', '/tmp/tmpi1b3049l']
[2023-12-17T11:18:20.883+0000] {standard_task_runner.py:85} INFO - Job 290: Subtask Extract
[2023-12-17T11:18:21.058+0000] {logging_mixin.py:154} INFO - Changing /opt/***/logs/dag_id=air_quality/run_id=scheduled__2023-11-29T04:00:00+00:00/task_id=Extract permission to 509
[2023-12-17T11:18:21.059+0000] {logging_mixin.py:154} INFO - Failed to change /opt/***/logs/dag_id=air_quality/run_id=scheduled__2023-11-29T04:00:00+00:00/task_id=Extract permission to 509: [Errno 1] Operation not permitted: '/opt/***/logs/dag_id=air_quality/run_id=scheduled__2023-11-29T04:00:00+00:00/task_id=Extract'
[2023-12-17T11:18:21.062+0000] {task_command.py:416} INFO - Running <TaskInstance: air_quality.Extract scheduled__2023-11-29T04:00:00+00:00 [running]> on host 1a58977f5573
[2023-12-17T11:18:21.311+0000] {taskinstance.py:1662} INFO - Exporting env vars: AIRFLOW_CTX_DAG_OWNER='ghifari' AIRFLOW_CTX_DAG_ID='air_quality' AIRFLOW_CTX_TASK_ID='Extract' AIRFLOW_CTX_EXECUTION_DATE='2023-11-29T04:00:00+00:00' AIRFLOW_CTX_TRY_NUMBER='1' AIRFLOW_CTX_DAG_RUN_ID='scheduled__2023-11-29T04:00:00+00:00'
[2023-12-17T11:18:21.474+0000] {python.py:194} INFO - Done. Returned value was: {'city': ['Jakarta'], 'country': ['ID'], 'unit': ['o3'], 'last_value': [-0.999], 'lat': [-6.182536], 'lng': [106.834236]}
[2023-12-17T11:18:21.516+0000] {taskinstance.py:1400} INFO - Marking task as SUCCESS. dag_id=air_quality, task_id=Extract, execution_date=20231129T040000, start_date=20231217T111820, end_date=20231217T111821
[2023-12-17T11:18:21.616+0000] {local_task_job_runner.py:228} INFO - Task exited with return code 0
[2023-12-17T11:18:21.735+0000] {taskinstance.py:2778} INFO - 1 downstream tasks scheduled from follow-on schedule check
[2023-12-28T16:51:28.894+0000] {logging_mixin.py:154} INFO - Changing /opt/***/logs/dag_id=air_quality/run_id=scheduled__2023-11-29T04:00:00+00:00/task_id=Extract permission to 509
[2023-12-28T16:51:28.896+0000] {logging_mixin.py:154} INFO - Failed to change /opt/***/logs/dag_id=air_quality/run_id=scheduled__2023-11-29T04:00:00+00:00/task_id=Extract permission to 509: [Errno 1] Operation not permitted: '/opt/***/logs/dag_id=air_quality/run_id=scheduled__2023-11-29T04:00:00+00:00/task_id=Extract'
[2023-12-28T16:51:28.981+0000] {logging_mixin.py:154} INFO - Changing /opt/***/logs/dag_id=air_quality/run_id=scheduled__2023-11-29T04:00:00+00:00/task_id=Extract permission to 509
[2023-12-28T16:51:28.982+0000] {logging_mixin.py:154} INFO - Failed to change /opt/***/logs/dag_id=air_quality/run_id=scheduled__2023-11-29T04:00:00+00:00/task_id=Extract permission to 509: [Errno 1] Operation not permitted: '/opt/***/logs/dag_id=air_quality/run_id=scheduled__2023-11-29T04:00:00+00:00/task_id=Extract'
[2023-12-28T16:51:29.053+0000] {taskinstance.py:1159} INFO - Dependencies all met for dep_context=non-requeueable deps ti=<TaskInstance: air_quality.Extract scheduled__2023-11-29T04:00:00+00:00 [queued]>
[2023-12-28T16:51:29.074+0000] {taskinstance.py:1159} INFO - Dependencies all met for dep_context=requeueable deps ti=<TaskInstance: air_quality.Extract scheduled__2023-11-29T04:00:00+00:00 [queued]>
[2023-12-28T16:51:29.075+0000] {taskinstance.py:1361} INFO - Starting attempt 1 of 2
[2023-12-28T16:51:29.104+0000] {taskinstance.py:1382} INFO - Executing <Task(PythonOperator): Extract> on 2023-11-29 04:00:00+00:00
[2023-12-28T16:51:29.113+0000] {standard_task_runner.py:57} INFO - Started process 95 to run task
[2023-12-28T16:51:29.118+0000] {standard_task_runner.py:84} INFO - Running: ['***', 'tasks', 'run', 'air_quality', 'Extract', 'scheduled__2023-11-29T04:00:00+00:00', '--job-id', '804', '--raw', '--subdir', 'DAGS_FOLDER/airQuality.py', '--cfg-path', '/tmp/tmpuscbfz9p']
[2023-12-28T16:51:29.121+0000] {standard_task_runner.py:85} INFO - Job 804: Subtask Extract
[2023-12-28T16:51:29.227+0000] {logging_mixin.py:154} INFO - Changing /opt/***/logs/dag_id=air_quality/run_id=scheduled__2023-11-29T04:00:00+00:00/task_id=Extract permission to 509
[2023-12-28T16:51:29.228+0000] {logging_mixin.py:154} INFO - Failed to change /opt/***/logs/dag_id=air_quality/run_id=scheduled__2023-11-29T04:00:00+00:00/task_id=Extract permission to 509: [Errno 1] Operation not permitted: '/opt/***/logs/dag_id=air_quality/run_id=scheduled__2023-11-29T04:00:00+00:00/task_id=Extract'
[2023-12-28T16:51:29.230+0000] {task_command.py:416} INFO - Running <TaskInstance: air_quality.Extract scheduled__2023-11-29T04:00:00+00:00 [running]> on host d67dd4682ccf
[2023-12-28T16:51:29.487+0000] {taskinstance.py:1662} INFO - Exporting env vars: AIRFLOW_CTX_DAG_OWNER='ghifari' AIRFLOW_CTX_DAG_ID='air_quality' AIRFLOW_CTX_TASK_ID='Extract' AIRFLOW_CTX_EXECUTION_DATE='2023-11-29T04:00:00+00:00' AIRFLOW_CTX_TRY_NUMBER='1' AIRFLOW_CTX_DAG_RUN_ID='scheduled__2023-11-29T04:00:00+00:00'
[2023-12-28T16:51:29.613+0000] {python.py:194} INFO - Done. Returned value was: {'city': ['Jakarta'], 'country': ['ID'], 'unit': ['o3'], 'last_value': [-0.999], 'lat': [-6.182536], 'lng': [106.834236]}
[2023-12-28T16:51:29.672+0000] {taskinstance.py:1400} INFO - Marking task as SUCCESS. dag_id=air_quality, task_id=Extract, execution_date=20231129T040000, start_date=20231228T165129, end_date=20231228T165129
[2023-12-28T16:51:29.769+0000] {local_task_job_runner.py:228} INFO - Task exited with return code 0
[2023-12-28T16:51:29.983+0000] {taskinstance.py:2778} INFO - 0 downstream tasks scheduled from follow-on schedule check
[2023-12-28T16:54:02.563+0000] {logging_mixin.py:154} INFO - Changing /opt/***/logs/dag_id=air_quality/run_id=scheduled__2023-11-29T04:00:00+00:00/task_id=Extract permission to 509
[2023-12-28T16:54:02.565+0000] {logging_mixin.py:154} INFO - Failed to change /opt/***/logs/dag_id=air_quality/run_id=scheduled__2023-11-29T04:00:00+00:00/task_id=Extract permission to 509: [Errno 1] Operation not permitted: '/opt/***/logs/dag_id=air_quality/run_id=scheduled__2023-11-29T04:00:00+00:00/task_id=Extract'
[2023-12-28T16:54:02.628+0000] {logging_mixin.py:154} INFO - Changing /opt/***/logs/dag_id=air_quality/run_id=scheduled__2023-11-29T04:00:00+00:00/task_id=Extract permission to 509
[2023-12-28T16:54:02.630+0000] {logging_mixin.py:154} INFO - Failed to change /opt/***/logs/dag_id=air_quality/run_id=scheduled__2023-11-29T04:00:00+00:00/task_id=Extract permission to 509: [Errno 1] Operation not permitted: '/opt/***/logs/dag_id=air_quality/run_id=scheduled__2023-11-29T04:00:00+00:00/task_id=Extract'
[2023-12-28T16:54:02.694+0000] {taskinstance.py:1159} INFO - Dependencies all met for dep_context=non-requeueable deps ti=<TaskInstance: air_quality.Extract scheduled__2023-11-29T04:00:00+00:00 [queued]>
[2023-12-28T16:54:02.715+0000] {taskinstance.py:1159} INFO - Dependencies all met for dep_context=requeueable deps ti=<TaskInstance: air_quality.Extract scheduled__2023-11-29T04:00:00+00:00 [queued]>
[2023-12-28T16:54:02.716+0000] {taskinstance.py:1361} INFO - Starting attempt 1 of 2
[2023-12-28T16:54:02.745+0000] {taskinstance.py:1382} INFO - Executing <Task(PythonOperator): Extract> on 2023-11-29 04:00:00+00:00
[2023-12-28T16:54:02.752+0000] {standard_task_runner.py:57} INFO - Started process 792 to run task
[2023-12-28T16:54:02.761+0000] {standard_task_runner.py:84} INFO - Running: ['***', 'tasks', 'run', 'air_quality', 'Extract', 'scheduled__2023-11-29T04:00:00+00:00', '--job-id', '1011', '--raw', '--subdir', 'DAGS_FOLDER/airQuality.py', '--cfg-path', '/tmp/tmp6ww5b19j']
[2023-12-28T16:54:02.764+0000] {standard_task_runner.py:85} INFO - Job 1011: Subtask Extract
[2023-12-28T16:54:02.848+0000] {logging_mixin.py:154} INFO - Changing /opt/***/logs/dag_id=air_quality/run_id=scheduled__2023-11-29T04:00:00+00:00/task_id=Extract permission to 509
[2023-12-28T16:54:02.849+0000] {logging_mixin.py:154} INFO - Failed to change /opt/***/logs/dag_id=air_quality/run_id=scheduled__2023-11-29T04:00:00+00:00/task_id=Extract permission to 509: [Errno 1] Operation not permitted: '/opt/***/logs/dag_id=air_quality/run_id=scheduled__2023-11-29T04:00:00+00:00/task_id=Extract'
[2023-12-28T16:54:02.851+0000] {task_command.py:416} INFO - Running <TaskInstance: air_quality.Extract scheduled__2023-11-29T04:00:00+00:00 [running]> on host d67dd4682ccf
[2023-12-28T16:54:03.026+0000] {taskinstance.py:1662} INFO - Exporting env vars: AIRFLOW_CTX_DAG_OWNER='ghifari' AIRFLOW_CTX_DAG_ID='air_quality' AIRFLOW_CTX_TASK_ID='Extract' AIRFLOW_CTX_EXECUTION_DATE='2023-11-29T04:00:00+00:00' AIRFLOW_CTX_TRY_NUMBER='1' AIRFLOW_CTX_DAG_RUN_ID='scheduled__2023-11-29T04:00:00+00:00'
[2023-12-28T16:54:03.193+0000] {python.py:194} INFO - Done. Returned value was: {'city': ['Jakarta'], 'country': ['ID'], 'unit': ['o3'], 'last_value': [-0.999], 'lat': [-6.182536], 'lng': [106.834236]}
[2023-12-28T16:54:03.286+0000] {taskinstance.py:1400} INFO - Marking task as SUCCESS. dag_id=air_quality, task_id=Extract, execution_date=20231129T040000, start_date=20231228T165402, end_date=20231228T165403
[2023-12-28T16:54:03.348+0000] {local_task_job_runner.py:228} INFO - Task exited with return code 0
[2023-12-28T16:54:03.446+0000] {taskinstance.py:2778} INFO - 1 downstream tasks scheduled from follow-on schedule check
