[2023-12-17T11:19:06.695+0000] {logging_mixin.py:154} INFO - Changing /opt/***/logs/dag_id=air_quality/run_id=scheduled__2023-12-12T04:00:00+00:00/task_id=Transform permission to 509
[2023-12-17T11:19:06.697+0000] {logging_mixin.py:154} INFO - Failed to change /opt/***/logs/dag_id=air_quality/run_id=scheduled__2023-12-12T04:00:00+00:00/task_id=Transform permission to 509: [Errno 1] Operation not permitted: '/opt/***/logs/dag_id=air_quality/run_id=scheduled__2023-12-12T04:00:00+00:00/task_id=Transform'
[2023-12-17T11:19:06.821+0000] {logging_mixin.py:154} INFO - Changing /opt/***/logs/dag_id=air_quality/run_id=scheduled__2023-12-12T04:00:00+00:00/task_id=Transform permission to 509
[2023-12-17T11:19:06.822+0000] {logging_mixin.py:154} INFO - Failed to change /opt/***/logs/dag_id=air_quality/run_id=scheduled__2023-12-12T04:00:00+00:00/task_id=Transform permission to 509: [Errno 1] Operation not permitted: '/opt/***/logs/dag_id=air_quality/run_id=scheduled__2023-12-12T04:00:00+00:00/task_id=Transform'
[2023-12-17T11:19:06.920+0000] {taskinstance.py:1159} INFO - Dependencies all met for dep_context=non-requeueable deps ti=<TaskInstance: air_quality.Transform scheduled__2023-12-12T04:00:00+00:00 [queued]>
[2023-12-17T11:19:06.978+0000] {taskinstance.py:1159} INFO - Dependencies all met for dep_context=requeueable deps ti=<TaskInstance: air_quality.Transform scheduled__2023-12-12T04:00:00+00:00 [queued]>
[2023-12-17T11:19:06.980+0000] {taskinstance.py:1361} INFO - Starting attempt 1 of 2
[2023-12-17T11:19:07.021+0000] {taskinstance.py:1382} INFO - Executing <Task(PythonOperator): Transform> on 2023-12-12 04:00:00+00:00
[2023-12-17T11:19:07.029+0000] {standard_task_runner.py:57} INFO - Started process 2424 to run task
[2023-12-17T11:19:07.034+0000] {standard_task_runner.py:84} INFO - Running: ['***', 'tasks', 'run', 'air_quality', 'Transform', 'scheduled__2023-12-12T04:00:00+00:00', '--job-id', '401', '--raw', '--subdir', 'DAGS_FOLDER/airQuality.py', '--cfg-path', '/tmp/tmp1e4lzjoe']
[2023-12-17T11:19:07.046+0000] {standard_task_runner.py:85} INFO - Job 401: Subtask Transform
[2023-12-17T11:19:07.219+0000] {logging_mixin.py:154} INFO - Changing /opt/***/logs/dag_id=air_quality/run_id=scheduled__2023-12-12T04:00:00+00:00/task_id=Transform permission to 509
[2023-12-17T11:19:07.224+0000] {logging_mixin.py:154} INFO - Failed to change /opt/***/logs/dag_id=air_quality/run_id=scheduled__2023-12-12T04:00:00+00:00/task_id=Transform permission to 509: [Errno 1] Operation not permitted: '/opt/***/logs/dag_id=air_quality/run_id=scheduled__2023-12-12T04:00:00+00:00/task_id=Transform'
[2023-12-17T11:19:07.232+0000] {task_command.py:416} INFO - Running <TaskInstance: air_quality.Transform scheduled__2023-12-12T04:00:00+00:00 [running]> on host 1a58977f5573
[2023-12-17T11:19:07.484+0000] {taskinstance.py:1662} INFO - Exporting env vars: AIRFLOW_CTX_DAG_OWNER='ghifari' AIRFLOW_CTX_DAG_ID='air_quality' AIRFLOW_CTX_TASK_ID='Transform' AIRFLOW_CTX_EXECUTION_DATE='2023-12-12T04:00:00+00:00' AIRFLOW_CTX_TRY_NUMBER='1' AIRFLOW_CTX_DAG_RUN_ID='scheduled__2023-12-12T04:00:00+00:00'
[2023-12-17T11:19:08.793+0000] {python.py:194} INFO - Done. Returned value was:       city country unit  last_value       lat         lng
0  Jakarta      ID   o3      -0.999 -6.182536  106.834236
[2023-12-17T11:19:08.911+0000] {taskinstance.py:1400} INFO - Marking task as SUCCESS. dag_id=air_quality, task_id=Transform, execution_date=20231212T040000, start_date=20231217T111906, end_date=20231217T111908
[2023-12-17T11:19:09.096+0000] {local_task_job_runner.py:228} INFO - Task exited with return code 0
[2023-12-17T11:19:09.173+0000] {taskinstance.py:2778} INFO - 1 downstream tasks scheduled from follow-on schedule check
[2023-12-17T12:18:15.828+0000] {logging_mixin.py:154} INFO - Changing /opt/***/logs/dag_id=air_quality/run_id=scheduled__2023-12-12T04:00:00+00:00/task_id=Transform permission to 509
[2023-12-17T12:18:15.831+0000] {logging_mixin.py:154} INFO - Failed to change /opt/***/logs/dag_id=air_quality/run_id=scheduled__2023-12-12T04:00:00+00:00/task_id=Transform permission to 509: [Errno 1] Operation not permitted: '/opt/***/logs/dag_id=air_quality/run_id=scheduled__2023-12-12T04:00:00+00:00/task_id=Transform'
[2023-12-17T12:18:15.938+0000] {logging_mixin.py:154} INFO - Changing /opt/***/logs/dag_id=air_quality/run_id=scheduled__2023-12-12T04:00:00+00:00/task_id=Transform permission to 509
[2023-12-17T12:18:15.939+0000] {logging_mixin.py:154} INFO - Failed to change /opt/***/logs/dag_id=air_quality/run_id=scheduled__2023-12-12T04:00:00+00:00/task_id=Transform permission to 509: [Errno 1] Operation not permitted: '/opt/***/logs/dag_id=air_quality/run_id=scheduled__2023-12-12T04:00:00+00:00/task_id=Transform'
[2023-12-17T12:18:16.049+0000] {taskinstance.py:1159} INFO - Dependencies all met for dep_context=non-requeueable deps ti=<TaskInstance: air_quality.Transform scheduled__2023-12-12T04:00:00+00:00 [queued]>
[2023-12-17T12:18:16.076+0000] {taskinstance.py:1159} INFO - Dependencies all met for dep_context=requeueable deps ti=<TaskInstance: air_quality.Transform scheduled__2023-12-12T04:00:00+00:00 [queued]>
[2023-12-17T12:18:16.088+0000] {taskinstance.py:1361} INFO - Starting attempt 1 of 2
[2023-12-17T12:18:16.127+0000] {taskinstance.py:1382} INFO - Executing <Task(PythonOperator): Transform> on 2023-12-12 04:00:00+00:00
[2023-12-17T12:18:16.144+0000] {standard_task_runner.py:57} INFO - Started process 4122 to run task
[2023-12-17T12:18:16.160+0000] {standard_task_runner.py:84} INFO - Running: ['***', 'tasks', 'run', 'air_quality', 'Transform', 'scheduled__2023-12-12T04:00:00+00:00', '--job-id', '610', '--raw', '--subdir', 'DAGS_FOLDER/airQuality.py', '--cfg-path', '/tmp/tmpoqdvwlgp']
[2023-12-17T12:18:16.164+0000] {standard_task_runner.py:85} INFO - Job 610: Subtask Transform
[2023-12-17T12:18:16.319+0000] {logging_mixin.py:154} INFO - Changing /opt/***/logs/dag_id=air_quality/run_id=scheduled__2023-12-12T04:00:00+00:00/task_id=Transform permission to 509
[2023-12-17T12:18:16.321+0000] {logging_mixin.py:154} INFO - Failed to change /opt/***/logs/dag_id=air_quality/run_id=scheduled__2023-12-12T04:00:00+00:00/task_id=Transform permission to 509: [Errno 1] Operation not permitted: '/opt/***/logs/dag_id=air_quality/run_id=scheduled__2023-12-12T04:00:00+00:00/task_id=Transform'
[2023-12-17T12:18:16.324+0000] {task_command.py:416} INFO - Running <TaskInstance: air_quality.Transform scheduled__2023-12-12T04:00:00+00:00 [running]> on host 1a58977f5573
[2023-12-17T12:18:16.642+0000] {taskinstance.py:1662} INFO - Exporting env vars: AIRFLOW_CTX_DAG_OWNER='ghifari' AIRFLOW_CTX_DAG_ID='air_quality' AIRFLOW_CTX_TASK_ID='Transform' AIRFLOW_CTX_EXECUTION_DATE='2023-12-12T04:00:00+00:00' AIRFLOW_CTX_TRY_NUMBER='1' AIRFLOW_CTX_DAG_RUN_ID='scheduled__2023-12-12T04:00:00+00:00'
[2023-12-17T12:18:19.645+0000] {python.py:194} INFO - Done. Returned value was:       city country  unit  last_value       lat         lng
0  Jakarta      ID  pm25      -999.0 -6.182536  106.834236
[2023-12-17T12:18:19.741+0000] {taskinstance.py:1400} INFO - Marking task as SUCCESS. dag_id=air_quality, task_id=Transform, execution_date=20231212T040000, start_date=20231217T121816, end_date=20231217T121819
[2023-12-17T12:18:19.947+0000] {local_task_job_runner.py:228} INFO - Task exited with return code 0
[2023-12-17T12:18:20.035+0000] {taskinstance.py:2778} INFO - 1 downstream tasks scheduled from follow-on schedule check
[2023-12-17T12:19:06.079+0000] {logging_mixin.py:154} INFO - Changing /opt/***/logs/dag_id=air_quality/run_id=scheduled__2023-12-12T04:00:00+00:00/task_id=Transform permission to 509
[2023-12-17T12:19:06.081+0000] {logging_mixin.py:154} INFO - Failed to change /opt/***/logs/dag_id=air_quality/run_id=scheduled__2023-12-12T04:00:00+00:00/task_id=Transform permission to 509: [Errno 1] Operation not permitted: '/opt/***/logs/dag_id=air_quality/run_id=scheduled__2023-12-12T04:00:00+00:00/task_id=Transform'
[2023-12-17T12:19:06.132+0000] {logging_mixin.py:154} INFO - Changing /opt/***/logs/dag_id=air_quality/run_id=scheduled__2023-12-12T04:00:00+00:00/task_id=Transform permission to 509
[2023-12-17T12:19:06.134+0000] {logging_mixin.py:154} INFO - Failed to change /opt/***/logs/dag_id=air_quality/run_id=scheduled__2023-12-12T04:00:00+00:00/task_id=Transform permission to 509: [Errno 1] Operation not permitted: '/opt/***/logs/dag_id=air_quality/run_id=scheduled__2023-12-12T04:00:00+00:00/task_id=Transform'
[2023-12-17T12:19:06.196+0000] {taskinstance.py:1159} INFO - Dependencies all met for dep_context=non-requeueable deps ti=<TaskInstance: air_quality.Transform scheduled__2023-12-12T04:00:00+00:00 [queued]>
[2023-12-17T12:19:06.215+0000] {taskinstance.py:1159} INFO - Dependencies all met for dep_context=requeueable deps ti=<TaskInstance: air_quality.Transform scheduled__2023-12-12T04:00:00+00:00 [queued]>
[2023-12-17T12:19:06.216+0000] {taskinstance.py:1361} INFO - Starting attempt 1 of 2
[2023-12-17T12:19:06.243+0000] {taskinstance.py:1382} INFO - Executing <Task(PythonOperator): Transform> on 2023-12-12 04:00:00+00:00
[2023-12-17T12:19:06.249+0000] {standard_task_runner.py:57} INFO - Started process 4585 to run task
[2023-12-17T12:19:06.254+0000] {standard_task_runner.py:84} INFO - Running: ['***', 'tasks', 'run', 'air_quality', 'Transform', 'scheduled__2023-12-12T04:00:00+00:00', '--job-id', '706', '--raw', '--subdir', 'DAGS_FOLDER/airQuality.py', '--cfg-path', '/tmp/tmpdn7r1lmy']
[2023-12-17T12:19:06.256+0000] {standard_task_runner.py:85} INFO - Job 706: Subtask Transform
[2023-12-17T12:19:06.334+0000] {logging_mixin.py:154} INFO - Changing /opt/***/logs/dag_id=air_quality/run_id=scheduled__2023-12-12T04:00:00+00:00/task_id=Transform permission to 509
[2023-12-17T12:19:06.336+0000] {logging_mixin.py:154} INFO - Failed to change /opt/***/logs/dag_id=air_quality/run_id=scheduled__2023-12-12T04:00:00+00:00/task_id=Transform permission to 509: [Errno 1] Operation not permitted: '/opt/***/logs/dag_id=air_quality/run_id=scheduled__2023-12-12T04:00:00+00:00/task_id=Transform'
[2023-12-17T12:19:06.339+0000] {task_command.py:416} INFO - Running <TaskInstance: air_quality.Transform scheduled__2023-12-12T04:00:00+00:00 [running]> on host 1a58977f5573
[2023-12-17T12:19:06.466+0000] {taskinstance.py:1662} INFO - Exporting env vars: AIRFLOW_CTX_DAG_OWNER='ghifari' AIRFLOW_CTX_DAG_ID='air_quality' AIRFLOW_CTX_TASK_ID='Transform' AIRFLOW_CTX_EXECUTION_DATE='2023-12-12T04:00:00+00:00' AIRFLOW_CTX_TRY_NUMBER='1' AIRFLOW_CTX_DAG_RUN_ID='scheduled__2023-12-12T04:00:00+00:00'
[2023-12-17T12:19:07.197+0000] {python.py:194} INFO - Done. Returned value was:       city country  unit  last_value       lat         lng
0  Jakarta      ID  pm25      -999.0 -6.182536  106.834236
[2023-12-17T12:19:07.250+0000] {taskinstance.py:1400} INFO - Marking task as SUCCESS. dag_id=air_quality, task_id=Transform, execution_date=20231212T040000, start_date=20231217T121906, end_date=20231217T121907
[2023-12-17T12:19:07.310+0000] {local_task_job_runner.py:228} INFO - Task exited with return code 0
[2023-12-17T12:19:07.362+0000] {taskinstance.py:2778} INFO - 1 downstream tasks scheduled from follow-on schedule check
[2023-12-28T16:51:52.140+0000] {logging_mixin.py:154} INFO - Changing /opt/***/logs/dag_id=air_quality/run_id=scheduled__2023-12-12T04:00:00+00:00/task_id=Transform permission to 509
[2023-12-28T16:51:52.145+0000] {logging_mixin.py:154} INFO - Failed to change /opt/***/logs/dag_id=air_quality/run_id=scheduled__2023-12-12T04:00:00+00:00/task_id=Transform permission to 509: [Errno 1] Operation not permitted: '/opt/***/logs/dag_id=air_quality/run_id=scheduled__2023-12-12T04:00:00+00:00/task_id=Transform'
[2023-12-28T16:51:52.277+0000] {logging_mixin.py:154} INFO - Changing /opt/***/logs/dag_id=air_quality/run_id=scheduled__2023-12-12T04:00:00+00:00/task_id=Transform permission to 509
[2023-12-28T16:51:52.285+0000] {logging_mixin.py:154} INFO - Failed to change /opt/***/logs/dag_id=air_quality/run_id=scheduled__2023-12-12T04:00:00+00:00/task_id=Transform permission to 509: [Errno 1] Operation not permitted: '/opt/***/logs/dag_id=air_quality/run_id=scheduled__2023-12-12T04:00:00+00:00/task_id=Transform'
[2023-12-28T16:51:52.466+0000] {taskinstance.py:1159} INFO - Dependencies all met for dep_context=non-requeueable deps ti=<TaskInstance: air_quality.Transform scheduled__2023-12-12T04:00:00+00:00 [queued]>
[2023-12-28T16:51:52.531+0000] {taskinstance.py:1159} INFO - Dependencies all met for dep_context=requeueable deps ti=<TaskInstance: air_quality.Transform scheduled__2023-12-12T04:00:00+00:00 [queued]>
[2023-12-28T16:51:52.539+0000] {taskinstance.py:1361} INFO - Starting attempt 1 of 2
[2023-12-28T16:51:52.611+0000] {taskinstance.py:1382} INFO - Executing <Task(PythonOperator): Transform> on 2023-12-12 04:00:00+00:00
[2023-12-28T16:51:52.637+0000] {standard_task_runner.py:57} INFO - Started process 246 to run task
[2023-12-28T16:51:52.655+0000] {standard_task_runner.py:84} INFO - Running: ['***', 'tasks', 'run', 'air_quality', 'Transform', 'scheduled__2023-12-12T04:00:00+00:00', '--job-id', '868', '--raw', '--subdir', 'DAGS_FOLDER/airQuality.py', '--cfg-path', '/tmp/tmp3tqed5w0']
[2023-12-28T16:51:52.669+0000] {standard_task_runner.py:85} INFO - Job 868: Subtask Transform
[2023-12-28T16:51:52.925+0000] {logging_mixin.py:154} INFO - Changing /opt/***/logs/dag_id=air_quality/run_id=scheduled__2023-12-12T04:00:00+00:00/task_id=Transform permission to 509
[2023-12-28T16:51:52.929+0000] {logging_mixin.py:154} INFO - Failed to change /opt/***/logs/dag_id=air_quality/run_id=scheduled__2023-12-12T04:00:00+00:00/task_id=Transform permission to 509: [Errno 1] Operation not permitted: '/opt/***/logs/dag_id=air_quality/run_id=scheduled__2023-12-12T04:00:00+00:00/task_id=Transform'
[2023-12-28T16:51:52.956+0000] {task_command.py:416} INFO - Running <TaskInstance: air_quality.Transform scheduled__2023-12-12T04:00:00+00:00 [running]> on host d67dd4682ccf
[2023-12-28T16:51:53.381+0000] {taskinstance.py:1662} INFO - Exporting env vars: AIRFLOW_CTX_DAG_OWNER='ghifari' AIRFLOW_CTX_DAG_ID='air_quality' AIRFLOW_CTX_TASK_ID='Transform' AIRFLOW_CTX_EXECUTION_DATE='2023-12-12T04:00:00+00:00' AIRFLOW_CTX_TRY_NUMBER='1' AIRFLOW_CTX_DAG_RUN_ID='scheduled__2023-12-12T04:00:00+00:00'
[2023-12-28T16:51:56.345+0000] {python.py:194} INFO - Done. Returned value was:       city country unit  last_value       lat         lng
0  Jakarta      ID   o3      -0.999 -6.182536  106.834236
[2023-12-28T16:51:56.638+0000] {taskinstance.py:1400} INFO - Marking task as SUCCESS. dag_id=air_quality, task_id=Transform, execution_date=20231212T040000, start_date=20231228T165152, end_date=20231228T165156
[2023-12-28T16:51:56.894+0000] {local_task_job_runner.py:228} INFO - Task exited with return code 0
[2023-12-28T16:51:57.103+0000] {taskinstance.py:2778} INFO - 1 downstream tasks scheduled from follow-on schedule check
[2023-12-28T16:54:52.739+0000] {logging_mixin.py:154} INFO - Changing /opt/***/logs/dag_id=air_quality/run_id=scheduled__2023-12-12T04:00:00+00:00/task_id=Transform permission to 509
[2023-12-28T16:54:52.742+0000] {logging_mixin.py:154} INFO - Failed to change /opt/***/logs/dag_id=air_quality/run_id=scheduled__2023-12-12T04:00:00+00:00/task_id=Transform permission to 509: [Errno 1] Operation not permitted: '/opt/***/logs/dag_id=air_quality/run_id=scheduled__2023-12-12T04:00:00+00:00/task_id=Transform'
[2023-12-28T16:54:53.026+0000] {logging_mixin.py:154} INFO - Changing /opt/***/logs/dag_id=air_quality/run_id=scheduled__2023-12-12T04:00:00+00:00/task_id=Transform permission to 509
[2023-12-28T16:54:53.027+0000] {logging_mixin.py:154} INFO - Failed to change /opt/***/logs/dag_id=air_quality/run_id=scheduled__2023-12-12T04:00:00+00:00/task_id=Transform permission to 509: [Errno 1] Operation not permitted: '/opt/***/logs/dag_id=air_quality/run_id=scheduled__2023-12-12T04:00:00+00:00/task_id=Transform'
[2023-12-28T16:54:53.185+0000] {taskinstance.py:1159} INFO - Dependencies all met for dep_context=non-requeueable deps ti=<TaskInstance: air_quality.Transform scheduled__2023-12-12T04:00:00+00:00 [queued]>
[2023-12-28T16:54:53.294+0000] {taskinstance.py:1159} INFO - Dependencies all met for dep_context=requeueable deps ti=<TaskInstance: air_quality.Transform scheduled__2023-12-12T04:00:00+00:00 [queued]>
[2023-12-28T16:54:53.296+0000] {taskinstance.py:1361} INFO - Starting attempt 1 of 2
[2023-12-28T16:54:53.391+0000] {taskinstance.py:1382} INFO - Executing <Task(PythonOperator): Transform> on 2023-12-12 04:00:00+00:00
[2023-12-28T16:54:53.404+0000] {standard_task_runner.py:57} INFO - Started process 1237 to run task
[2023-12-28T16:54:53.438+0000] {standard_task_runner.py:84} INFO - Running: ['***', 'tasks', 'run', 'air_quality', 'Transform', 'scheduled__2023-12-12T04:00:00+00:00', '--job-id', '1121', '--raw', '--subdir', 'DAGS_FOLDER/airQuality.py', '--cfg-path', '/tmp/tmp75dpqesq']
[2023-12-28T16:54:53.445+0000] {standard_task_runner.py:85} INFO - Job 1121: Subtask Transform
[2023-12-28T16:54:53.856+0000] {logging_mixin.py:154} INFO - Changing /opt/***/logs/dag_id=air_quality/run_id=scheduled__2023-12-12T04:00:00+00:00/task_id=Transform permission to 509
[2023-12-28T16:54:53.859+0000] {logging_mixin.py:154} INFO - Failed to change /opt/***/logs/dag_id=air_quality/run_id=scheduled__2023-12-12T04:00:00+00:00/task_id=Transform permission to 509: [Errno 1] Operation not permitted: '/opt/***/logs/dag_id=air_quality/run_id=scheduled__2023-12-12T04:00:00+00:00/task_id=Transform'
[2023-12-28T16:54:53.864+0000] {task_command.py:416} INFO - Running <TaskInstance: air_quality.Transform scheduled__2023-12-12T04:00:00+00:00 [running]> on host d67dd4682ccf
[2023-12-28T16:54:54.343+0000] {taskinstance.py:1662} INFO - Exporting env vars: AIRFLOW_CTX_DAG_OWNER='ghifari' AIRFLOW_CTX_DAG_ID='air_quality' AIRFLOW_CTX_TASK_ID='Transform' AIRFLOW_CTX_EXECUTION_DATE='2023-12-12T04:00:00+00:00' AIRFLOW_CTX_TRY_NUMBER='1' AIRFLOW_CTX_DAG_RUN_ID='scheduled__2023-12-12T04:00:00+00:00'
[2023-12-28T16:54:57.333+0000] {python.py:194} INFO - Done. Returned value was:       city country unit  last_value       lat         lng
0  Jakarta      ID   o3      -0.999 -6.182536  106.834236
[2023-12-28T16:54:57.638+0000] {taskinstance.py:1400} INFO - Marking task as SUCCESS. dag_id=air_quality, task_id=Transform, execution_date=20231212T040000, start_date=20231228T165453, end_date=20231228T165457
[2023-12-28T16:54:57.839+0000] {local_task_job_runner.py:228} INFO - Task exited with return code 0
[2023-12-28T16:54:58.041+0000] {taskinstance.py:2778} INFO - 1 downstream tasks scheduled from follow-on schedule check
