[2023-12-28T16:08:48.439+0000] {logging_mixin.py:154} INFO - Changing /opt/***/logs/dag_id=air_quality/run_id=scheduled__2023-12-27T04:00:00+00:00/task_id=Extract permission to 509
[2023-12-28T16:08:48.442+0000] {logging_mixin.py:154} INFO - Failed to change /opt/***/logs/dag_id=air_quality/run_id=scheduled__2023-12-27T04:00:00+00:00/task_id=Extract permission to 509: [Errno 1] Operation not permitted: '/opt/***/logs/dag_id=air_quality/run_id=scheduled__2023-12-27T04:00:00+00:00/task_id=Extract'
[2023-12-28T16:08:48.702+0000] {logging_mixin.py:154} INFO - Changing /opt/***/logs/dag_id=air_quality/run_id=scheduled__2023-12-27T04:00:00+00:00/task_id=Extract permission to 509
[2023-12-28T16:08:48.703+0000] {logging_mixin.py:154} INFO - Failed to change /opt/***/logs/dag_id=air_quality/run_id=scheduled__2023-12-27T04:00:00+00:00/task_id=Extract permission to 509: [Errno 1] Operation not permitted: '/opt/***/logs/dag_id=air_quality/run_id=scheduled__2023-12-27T04:00:00+00:00/task_id=Extract'
[2023-12-28T16:08:48.815+0000] {taskinstance.py:1159} INFO - Dependencies all met for dep_context=non-requeueable deps ti=<TaskInstance: air_quality.Extract scheduled__2023-12-27T04:00:00+00:00 [queued]>
[2023-12-28T16:08:48.853+0000] {taskinstance.py:1159} INFO - Dependencies all met for dep_context=requeueable deps ti=<TaskInstance: air_quality.Extract scheduled__2023-12-27T04:00:00+00:00 [queued]>
[2023-12-28T16:08:48.854+0000] {taskinstance.py:1361} INFO - Starting attempt 1 of 2
[2023-12-28T16:08:49.272+0000] {taskinstance.py:1382} INFO - Executing <Task(PythonOperator): Extract> on 2023-12-27 04:00:00+00:00
[2023-12-28T16:08:49.289+0000] {standard_task_runner.py:57} INFO - Started process 502 to run task
[2023-12-28T16:08:49.310+0000] {standard_task_runner.py:84} INFO - Running: ['***', 'tasks', 'run', 'air_quality', 'Extract', 'scheduled__2023-12-27T04:00:00+00:00', '--job-id', '744', '--raw', '--subdir', 'DAGS_FOLDER/airQuality.py', '--cfg-path', '/tmp/tmpxpz1jbts']
[2023-12-28T16:08:49.315+0000] {standard_task_runner.py:85} INFO - Job 744: Subtask Extract
[2023-12-28T16:08:49.541+0000] {logging_mixin.py:154} INFO - Changing /opt/***/logs/dag_id=air_quality/run_id=scheduled__2023-12-27T04:00:00+00:00/task_id=Extract permission to 509
[2023-12-28T16:08:49.543+0000] {logging_mixin.py:154} INFO - Failed to change /opt/***/logs/dag_id=air_quality/run_id=scheduled__2023-12-27T04:00:00+00:00/task_id=Extract permission to 509: [Errno 1] Operation not permitted: '/opt/***/logs/dag_id=air_quality/run_id=scheduled__2023-12-27T04:00:00+00:00/task_id=Extract'
[2023-12-28T16:08:49.550+0000] {task_command.py:416} INFO - Running <TaskInstance: air_quality.Extract scheduled__2023-12-27T04:00:00+00:00 [running]> on host d67dd4682ccf
[2023-12-28T16:08:50.166+0000] {taskinstance.py:1662} INFO - Exporting env vars: AIRFLOW_CTX_DAG_OWNER='ghifari' AIRFLOW_CTX_DAG_ID='air_quality' AIRFLOW_CTX_TASK_ID='Extract' AIRFLOW_CTX_EXECUTION_DATE='2023-12-27T04:00:00+00:00' AIRFLOW_CTX_TRY_NUMBER='1' AIRFLOW_CTX_DAG_RUN_ID='scheduled__2023-12-27T04:00:00+00:00'
[2023-12-28T16:08:50.348+0000] {python.py:194} INFO - Done. Returned value was: {'city': ['Jakarta'], 'country': ['ID'], 'unit': ['pm25'], 'last_value': [-999.0], 'lat': [-6.182536], 'lng': [106.834236]}
[2023-12-28T16:08:50.438+0000] {taskinstance.py:1400} INFO - Marking task as SUCCESS. dag_id=air_quality, task_id=Extract, execution_date=20231227T040000, start_date=20231228T160848, end_date=20231228T160850
[2023-12-28T16:08:50.515+0000] {local_task_job_runner.py:228} INFO - Task exited with return code 0
[2023-12-28T16:08:50.844+0000] {taskinstance.py:2778} INFO - 1 downstream tasks scheduled from follow-on schedule check
[2023-12-28T16:52:38.449+0000] {logging_mixin.py:154} INFO - Changing /opt/***/logs/dag_id=air_quality/run_id=scheduled__2023-12-27T04:00:00+00:00/task_id=Extract permission to 509
[2023-12-28T16:52:38.453+0000] {logging_mixin.py:154} INFO - Failed to change /opt/***/logs/dag_id=air_quality/run_id=scheduled__2023-12-27T04:00:00+00:00/task_id=Extract permission to 509: [Errno 1] Operation not permitted: '/opt/***/logs/dag_id=air_quality/run_id=scheduled__2023-12-27T04:00:00+00:00/task_id=Extract'
[2023-12-28T16:52:38.523+0000] {logging_mixin.py:154} INFO - Changing /opt/***/logs/dag_id=air_quality/run_id=scheduled__2023-12-27T04:00:00+00:00/task_id=Extract permission to 509
[2023-12-28T16:52:38.524+0000] {logging_mixin.py:154} INFO - Failed to change /opt/***/logs/dag_id=air_quality/run_id=scheduled__2023-12-27T04:00:00+00:00/task_id=Extract permission to 509: [Errno 1] Operation not permitted: '/opt/***/logs/dag_id=air_quality/run_id=scheduled__2023-12-27T04:00:00+00:00/task_id=Extract'
[2023-12-28T16:52:38.600+0000] {taskinstance.py:1159} INFO - Dependencies all met for dep_context=non-requeueable deps ti=<TaskInstance: air_quality.Extract scheduled__2023-12-27T04:00:00+00:00 [queued]>
[2023-12-28T16:52:38.633+0000] {taskinstance.py:1159} INFO - Dependencies all met for dep_context=requeueable deps ti=<TaskInstance: air_quality.Extract scheduled__2023-12-27T04:00:00+00:00 [queued]>
[2023-12-28T16:52:38.634+0000] {taskinstance.py:1361} INFO - Starting attempt 1 of 2
[2023-12-28T16:52:38.696+0000] {taskinstance.py:1382} INFO - Executing <Task(PythonOperator): Extract> on 2023-12-27 04:00:00+00:00
[2023-12-28T16:52:38.734+0000] {standard_task_runner.py:57} INFO - Started process 636 to run task
[2023-12-28T16:52:38.742+0000] {standard_task_runner.py:84} INFO - Running: ['***', 'tasks', 'run', 'air_quality', 'Extract', 'scheduled__2023-12-27T04:00:00+00:00', '--job-id', '970', '--raw', '--subdir', 'DAGS_FOLDER/airQuality.py', '--cfg-path', '/tmp/tmp3pphzgnt']
[2023-12-28T16:52:38.747+0000] {standard_task_runner.py:85} INFO - Job 970: Subtask Extract
[2023-12-28T16:52:38.975+0000] {logging_mixin.py:154} INFO - Changing /opt/***/logs/dag_id=air_quality/run_id=scheduled__2023-12-27T04:00:00+00:00/task_id=Extract permission to 509
[2023-12-28T16:52:38.976+0000] {logging_mixin.py:154} INFO - Failed to change /opt/***/logs/dag_id=air_quality/run_id=scheduled__2023-12-27T04:00:00+00:00/task_id=Extract permission to 509: [Errno 1] Operation not permitted: '/opt/***/logs/dag_id=air_quality/run_id=scheduled__2023-12-27T04:00:00+00:00/task_id=Extract'
[2023-12-28T16:52:38.980+0000] {task_command.py:416} INFO - Running <TaskInstance: air_quality.Extract scheduled__2023-12-27T04:00:00+00:00 [running]> on host d67dd4682ccf
[2023-12-28T16:52:39.259+0000] {taskinstance.py:1662} INFO - Exporting env vars: AIRFLOW_CTX_DAG_OWNER='ghifari' AIRFLOW_CTX_DAG_ID='air_quality' AIRFLOW_CTX_TASK_ID='Extract' AIRFLOW_CTX_EXECUTION_DATE='2023-12-27T04:00:00+00:00' AIRFLOW_CTX_TRY_NUMBER='1' AIRFLOW_CTX_DAG_RUN_ID='scheduled__2023-12-27T04:00:00+00:00'
[2023-12-28T16:52:39.373+0000] {python.py:194} INFO - Done. Returned value was: {'city': ['Jakarta'], 'country': ['ID'], 'unit': ['o3'], 'last_value': [-0.999], 'lat': [-6.182536], 'lng': [106.834236]}
[2023-12-28T16:52:39.427+0000] {taskinstance.py:1400} INFO - Marking task as SUCCESS. dag_id=air_quality, task_id=Extract, execution_date=20231227T040000, start_date=20231228T165238, end_date=20231228T165239
[2023-12-28T16:52:39.490+0000] {local_task_job_runner.py:228} INFO - Task exited with return code 0
[2023-12-28T16:52:39.578+0000] {taskinstance.py:2778} INFO - 1 downstream tasks scheduled from follow-on schedule check
[2023-12-28T16:55:31.865+0000] {logging_mixin.py:154} INFO - Changing /opt/***/logs/dag_id=air_quality/run_id=scheduled__2023-12-27T04:00:00+00:00/task_id=Extract permission to 509
[2023-12-28T16:55:31.868+0000] {logging_mixin.py:154} INFO - Failed to change /opt/***/logs/dag_id=air_quality/run_id=scheduled__2023-12-27T04:00:00+00:00/task_id=Extract permission to 509: [Errno 1] Operation not permitted: '/opt/***/logs/dag_id=air_quality/run_id=scheduled__2023-12-27T04:00:00+00:00/task_id=Extract'
[2023-12-28T16:55:31.922+0000] {logging_mixin.py:154} INFO - Changing /opt/***/logs/dag_id=air_quality/run_id=scheduled__2023-12-27T04:00:00+00:00/task_id=Extract permission to 509
[2023-12-28T16:55:31.923+0000] {logging_mixin.py:154} INFO - Failed to change /opt/***/logs/dag_id=air_quality/run_id=scheduled__2023-12-27T04:00:00+00:00/task_id=Extract permission to 509: [Errno 1] Operation not permitted: '/opt/***/logs/dag_id=air_quality/run_id=scheduled__2023-12-27T04:00:00+00:00/task_id=Extract'
[2023-12-28T16:55:31.981+0000] {taskinstance.py:1159} INFO - Dependencies all met for dep_context=non-requeueable deps ti=<TaskInstance: air_quality.Extract scheduled__2023-12-27T04:00:00+00:00 [queued]>
[2023-12-28T16:55:32.001+0000] {taskinstance.py:1159} INFO - Dependencies all met for dep_context=requeueable deps ti=<TaskInstance: air_quality.Extract scheduled__2023-12-27T04:00:00+00:00 [queued]>
[2023-12-28T16:55:32.003+0000] {taskinstance.py:1361} INFO - Starting attempt 1 of 2
[2023-12-28T16:55:32.038+0000] {taskinstance.py:1382} INFO - Executing <Task(PythonOperator): Extract> on 2023-12-27 04:00:00+00:00
[2023-12-28T16:55:32.046+0000] {standard_task_runner.py:57} INFO - Started process 1577 to run task
[2023-12-28T16:55:32.053+0000] {standard_task_runner.py:84} INFO - Running: ['***', 'tasks', 'run', 'air_quality', 'Extract', 'scheduled__2023-12-27T04:00:00+00:00', '--job-id', '1190', '--raw', '--subdir', 'DAGS_FOLDER/airQuality.py', '--cfg-path', '/tmp/tmpoxo_bv9d']
[2023-12-28T16:55:32.056+0000] {standard_task_runner.py:85} INFO - Job 1190: Subtask Extract
[2023-12-28T16:55:32.143+0000] {logging_mixin.py:154} INFO - Changing /opt/***/logs/dag_id=air_quality/run_id=scheduled__2023-12-27T04:00:00+00:00/task_id=Extract permission to 509
[2023-12-28T16:55:32.144+0000] {logging_mixin.py:154} INFO - Failed to change /opt/***/logs/dag_id=air_quality/run_id=scheduled__2023-12-27T04:00:00+00:00/task_id=Extract permission to 509: [Errno 1] Operation not permitted: '/opt/***/logs/dag_id=air_quality/run_id=scheduled__2023-12-27T04:00:00+00:00/task_id=Extract'
[2023-12-28T16:55:32.147+0000] {task_command.py:416} INFO - Running <TaskInstance: air_quality.Extract scheduled__2023-12-27T04:00:00+00:00 [running]> on host d67dd4682ccf
[2023-12-28T16:55:32.288+0000] {taskinstance.py:1662} INFO - Exporting env vars: AIRFLOW_CTX_DAG_OWNER='ghifari' AIRFLOW_CTX_DAG_ID='air_quality' AIRFLOW_CTX_TASK_ID='Extract' AIRFLOW_CTX_EXECUTION_DATE='2023-12-27T04:00:00+00:00' AIRFLOW_CTX_TRY_NUMBER='1' AIRFLOW_CTX_DAG_RUN_ID='scheduled__2023-12-27T04:00:00+00:00'
[2023-12-28T16:55:32.409+0000] {python.py:194} INFO - Done. Returned value was: {'city': ['Jakarta'], 'country': ['ID'], 'unit': ['o3'], 'last_value': [-0.999], 'lat': [-6.182536], 'lng': [106.834236]}
[2023-12-28T16:55:32.449+0000] {taskinstance.py:1400} INFO - Marking task as SUCCESS. dag_id=air_quality, task_id=Extract, execution_date=20231227T040000, start_date=20231228T165531, end_date=20231228T165532
[2023-12-28T16:55:32.506+0000] {local_task_job_runner.py:228} INFO - Task exited with return code 0
[2023-12-28T16:55:32.643+0000] {taskinstance.py:2778} INFO - 0 downstream tasks scheduled from follow-on schedule check
