[2023-12-15T17:19:52.479+0000] {logging_mixin.py:154} INFO - Changing /opt/***/logs/dag_id=air_quality/run_id=manual__2023-12-15T17:14:47.085283+00:00/task_id=Check_Response permission to 509
[2023-12-15T17:19:52.481+0000] {logging_mixin.py:154} INFO - Failed to change /opt/***/logs/dag_id=air_quality/run_id=manual__2023-12-15T17:14:47.085283+00:00/task_id=Check_Response permission to 509: [Errno 1] Operation not permitted: '/opt/***/logs/dag_id=air_quality/run_id=manual__2023-12-15T17:14:47.085283+00:00/task_id=Check_Response'
[2023-12-15T17:19:52.530+0000] {logging_mixin.py:154} INFO - Changing /opt/***/logs/dag_id=air_quality/run_id=manual__2023-12-15T17:14:47.085283+00:00/task_id=Check_Response permission to 509
[2023-12-15T17:19:52.531+0000] {logging_mixin.py:154} INFO - Failed to change /opt/***/logs/dag_id=air_quality/run_id=manual__2023-12-15T17:14:47.085283+00:00/task_id=Check_Response permission to 509: [Errno 1] Operation not permitted: '/opt/***/logs/dag_id=air_quality/run_id=manual__2023-12-15T17:14:47.085283+00:00/task_id=Check_Response'
[2023-12-15T17:19:52.574+0000] {taskinstance.py:1159} INFO - Dependencies all met for dep_context=non-requeueable deps ti=<TaskInstance: air_quality.Check_Response manual__2023-12-15T17:14:47.085283+00:00 [queued]>
[2023-12-15T17:19:52.585+0000] {taskinstance.py:1159} INFO - Dependencies all met for dep_context=requeueable deps ti=<TaskInstance: air_quality.Check_Response manual__2023-12-15T17:14:47.085283+00:00 [queued]>
[2023-12-15T17:19:52.586+0000] {taskinstance.py:1361} INFO - Starting attempt 2 of 2
[2023-12-15T17:19:52.603+0000] {taskinstance.py:1382} INFO - Executing <Task(BranchPythonOperator): Check_Response> on 2023-12-15 17:14:47.085283+00:00
[2023-12-15T17:19:52.607+0000] {standard_task_runner.py:57} INFO - Started process 977 to run task
[2023-12-15T17:19:52.611+0000] {standard_task_runner.py:84} INFO - Running: ['***', 'tasks', 'run', 'air_quality', 'Check_Response', 'manual__2023-12-15T17:14:47.085283+00:00', '--job-id', '75', '--raw', '--subdir', 'DAGS_FOLDER/airQuality.py', '--cfg-path', '/tmp/tmphfs8z4j6']
[2023-12-15T17:19:52.612+0000] {standard_task_runner.py:85} INFO - Job 75: Subtask Check_Response
[2023-12-15T17:19:52.685+0000] {logging_mixin.py:154} INFO - Changing /opt/***/logs/dag_id=air_quality/run_id=manual__2023-12-15T17:14:47.085283+00:00/task_id=Check_Response permission to 509
[2023-12-15T17:19:52.686+0000] {logging_mixin.py:154} INFO - Failed to change /opt/***/logs/dag_id=air_quality/run_id=manual__2023-12-15T17:14:47.085283+00:00/task_id=Check_Response permission to 509: [Errno 1] Operation not permitted: '/opt/***/logs/dag_id=air_quality/run_id=manual__2023-12-15T17:14:47.085283+00:00/task_id=Check_Response'
[2023-12-15T17:19:52.689+0000] {task_command.py:416} INFO - Running <TaskInstance: air_quality.Check_Response manual__2023-12-15T17:14:47.085283+00:00 [running]> on host d739bc9bef06
[2023-12-15T17:19:52.774+0000] {taskinstance.py:1662} INFO - Exporting env vars: AIRFLOW_CTX_DAG_OWNER='ghifari' AIRFLOW_CTX_DAG_ID='air_quality' AIRFLOW_CTX_TASK_ID='Check_Response' AIRFLOW_CTX_EXECUTION_DATE='2023-12-15T17:14:47.085283+00:00' AIRFLOW_CTX_TRY_NUMBER='2' AIRFLOW_CTX_DAG_RUN_ID='manual__2023-12-15T17:14:47.085283+00:00'
[2023-12-15T17:19:52.786+0000] {python.py:194} INFO - Done. Returned value was: True
[2023-12-15T17:19:52.788+0000] {python.py:227} INFO - Branch callable return True
[2023-12-15T17:19:52.788+0000] {skipmixin.py:173} INFO - Following branch True
[2023-12-15T17:19:52.797+0000] {taskinstance.py:1937} ERROR - Task failed with exception
Traceback (most recent call last):
  File "/home/airflow/.local/lib/python3.8/site-packages/airflow/operators/python.py", line 228, in execute
    self.skip_all_except(context["ti"], branch)
  File "/home/airflow/.local/lib/python3.8/site-packages/airflow/models/skipmixin.py", line 189, in skip_all_except
    raise AirflowException(
airflow.exceptions.AirflowException: 'branch_task_ids' must be either None, a task ID, or an Iterable of IDs, but got 'bool'.
[2023-12-15T17:19:52.808+0000] {taskinstance.py:211} INFO - Setting task Error_Response to SKIPPED due to dag's `fail_stop` setting.
[2023-12-15T17:19:52.809+0000] {taskinstance.py:211} INFO - Setting task Transform to SKIPPED due to dag's `fail_stop` setting.
[2023-12-15T17:19:52.809+0000] {taskinstance.py:1400} INFO - Marking task as FAILED. dag_id=air_quality, task_id=Check_Response, execution_date=20231215T171447, start_date=20231215T171952, end_date=20231215T171952
[2023-12-15T17:19:52.823+0000] {standard_task_runner.py:104} ERROR - Failed to execute job 75 for task Check_Response ('branch_task_ids' must be either None, a task ID, or an Iterable of IDs, but got 'bool'.; 977)
[2023-12-15T17:19:52.864+0000] {local_task_job_runner.py:228} INFO - Task exited with return code 1
[2023-12-15T17:19:52.901+0000] {taskinstance.py:2778} INFO - 0 downstream tasks scheduled from follow-on schedule check
