[2023-12-15T17:14:50.827+0000] {logging_mixin.py:154} INFO - Changing /opt/***/logs/dag_id=air_quality/run_id=manual__2023-12-15T17:14:47.085283+00:00/task_id=Check_Response permission to 509
[2023-12-15T17:14:50.828+0000] {logging_mixin.py:154} INFO - Failed to change /opt/***/logs/dag_id=air_quality/run_id=manual__2023-12-15T17:14:47.085283+00:00/task_id=Check_Response permission to 509: [Errno 1] Operation not permitted: '/opt/***/logs/dag_id=air_quality/run_id=manual__2023-12-15T17:14:47.085283+00:00/task_id=Check_Response'
[2023-12-15T17:14:50.855+0000] {logging_mixin.py:154} INFO - Changing /opt/***/logs/dag_id=air_quality/run_id=manual__2023-12-15T17:14:47.085283+00:00/task_id=Check_Response permission to 509
[2023-12-15T17:14:50.856+0000] {logging_mixin.py:154} INFO - Failed to change /opt/***/logs/dag_id=air_quality/run_id=manual__2023-12-15T17:14:47.085283+00:00/task_id=Check_Response permission to 509: [Errno 1] Operation not permitted: '/opt/***/logs/dag_id=air_quality/run_id=manual__2023-12-15T17:14:47.085283+00:00/task_id=Check_Response'
[2023-12-15T17:14:50.885+0000] {taskinstance.py:1159} INFO - Dependencies all met for dep_context=non-requeueable deps ti=<TaskInstance: air_quality.Check_Response manual__2023-12-15T17:14:47.085283+00:00 [queued]>
[2023-12-15T17:14:50.896+0000] {taskinstance.py:1159} INFO - Dependencies all met for dep_context=requeueable deps ti=<TaskInstance: air_quality.Check_Response manual__2023-12-15T17:14:47.085283+00:00 [queued]>
[2023-12-15T17:14:50.897+0000] {taskinstance.py:1361} INFO - Starting attempt 1 of 2
[2023-12-15T17:14:50.911+0000] {taskinstance.py:1382} INFO - Executing <Task(BranchPythonOperator): Check_Response> on 2023-12-15 17:14:47.085283+00:00
[2023-12-15T17:14:50.916+0000] {standard_task_runner.py:57} INFO - Started process 902 to run task
[2023-12-15T17:14:50.919+0000] {standard_task_runner.py:84} INFO - Running: ['***', 'tasks', 'run', 'air_quality', 'Check_Response', 'manual__2023-12-15T17:14:47.085283+00:00', '--job-id', '74', '--raw', '--subdir', 'DAGS_FOLDER/airQuality.py', '--cfg-path', '/tmp/tmp2lw3pqi8']
[2023-12-15T17:14:50.920+0000] {standard_task_runner.py:85} INFO - Job 74: Subtask Check_Response
[2023-12-15T17:14:50.962+0000] {logging_mixin.py:154} INFO - Changing /opt/***/logs/dag_id=air_quality/run_id=manual__2023-12-15T17:14:47.085283+00:00/task_id=Check_Response permission to 509
[2023-12-15T17:14:50.963+0000] {logging_mixin.py:154} INFO - Failed to change /opt/***/logs/dag_id=air_quality/run_id=manual__2023-12-15T17:14:47.085283+00:00/task_id=Check_Response permission to 509: [Errno 1] Operation not permitted: '/opt/***/logs/dag_id=air_quality/run_id=manual__2023-12-15T17:14:47.085283+00:00/task_id=Check_Response'
[2023-12-15T17:14:50.965+0000] {task_command.py:416} INFO - Running <TaskInstance: air_quality.Check_Response manual__2023-12-15T17:14:47.085283+00:00 [running]> on host d739bc9bef06
[2023-12-15T17:14:51.050+0000] {taskinstance.py:1662} INFO - Exporting env vars: AIRFLOW_CTX_DAG_OWNER='ghifari' AIRFLOW_CTX_DAG_ID='air_quality' AIRFLOW_CTX_TASK_ID='Check_Response' AIRFLOW_CTX_EXECUTION_DATE='2023-12-15T17:14:47.085283+00:00' AIRFLOW_CTX_TRY_NUMBER='1' AIRFLOW_CTX_DAG_RUN_ID='manual__2023-12-15T17:14:47.085283+00:00'
[2023-12-15T17:14:51.064+0000] {python.py:194} INFO - Done. Returned value was: True
[2023-12-15T17:14:51.066+0000] {python.py:227} INFO - Branch callable return True
[2023-12-15T17:14:51.067+0000] {skipmixin.py:173} INFO - Following branch True
[2023-12-15T17:14:51.080+0000] {taskinstance.py:1937} ERROR - Task failed with exception
Traceback (most recent call last):
  File "/home/airflow/.local/lib/python3.8/site-packages/airflow/operators/python.py", line 228, in execute
    self.skip_all_except(context["ti"], branch)
  File "/home/airflow/.local/lib/python3.8/site-packages/airflow/models/skipmixin.py", line 189, in skip_all_except
    raise AirflowException(
airflow.exceptions.AirflowException: 'branch_task_ids' must be either None, a task ID, or an Iterable of IDs, but got 'bool'.
[2023-12-15T17:14:51.085+0000] {taskinstance.py:1400} INFO - Marking task as UP_FOR_RETRY. dag_id=air_quality, task_id=Check_Response, execution_date=20231215T171447, start_date=20231215T171450, end_date=20231215T171451
[2023-12-15T17:14:51.102+0000] {standard_task_runner.py:104} ERROR - Failed to execute job 74 for task Check_Response ('branch_task_ids' must be either None, a task ID, or an Iterable of IDs, but got 'bool'.; 902)
[2023-12-15T17:14:51.132+0000] {local_task_job_runner.py:228} INFO - Task exited with return code 1
[2023-12-15T17:14:51.156+0000] {taskinstance.py:2778} INFO - 0 downstream tasks scheduled from follow-on schedule check
