[2023-12-29T11:56:32.360+0000] {processor.py:157} INFO - Started process (PID=34) to work on /opt/airflow/dags/airQuality.py
[2023-12-29T11:56:32.362+0000] {processor.py:829} INFO - Processing file /opt/airflow/dags/airQuality.py for tasks to queue
[2023-12-29T11:56:32.366+0000] {logging_mixin.py:154} INFO - [2023-12-29T11:56:32.366+0000] {dagbag.py:536} INFO - Filling up the DagBag from /opt/airflow/dags/airQuality.py
[2023-12-29T11:56:32.500+0000] {processor.py:839} INFO - DAG(s) dict_keys(['air_quality']) retrieved from /opt/airflow/dags/airQuality.py
[2023-12-29T11:56:32.843+0000] {logging_mixin.py:154} INFO - [2023-12-29T11:56:32.843+0000] {dag.py:2941} INFO - Sync 1 DAGs
[2023-12-29T11:56:32.898+0000] {logging_mixin.py:154} INFO - [2023-12-29T11:56:32.898+0000] {dag.py:3722} INFO - Setting next_dagrun for air_quality to 2023-12-28T04:00:00+00:00, run_after=2023-12-29T04:00:00+00:00
[2023-12-29T11:56:32.947+0000] {processor.py:179} INFO - Processing /opt/airflow/dags/airQuality.py took 0.594 seconds
[2023-12-29T11:57:03.465+0000] {processor.py:157} INFO - Started process (PID=42) to work on /opt/airflow/dags/airQuality.py
[2023-12-29T11:57:03.467+0000] {processor.py:829} INFO - Processing file /opt/airflow/dags/airQuality.py for tasks to queue
[2023-12-29T11:57:03.470+0000] {logging_mixin.py:154} INFO - [2023-12-29T11:57:03.470+0000] {dagbag.py:536} INFO - Filling up the DagBag from /opt/airflow/dags/airQuality.py
[2023-12-29T11:57:03.555+0000] {processor.py:839} INFO - DAG(s) dict_keys(['air_quality']) retrieved from /opt/airflow/dags/airQuality.py
[2023-12-29T11:57:03.723+0000] {logging_mixin.py:154} INFO - [2023-12-29T11:57:03.723+0000] {dag.py:2941} INFO - Sync 1 DAGs
[2023-12-29T11:57:03.758+0000] {logging_mixin.py:154} INFO - [2023-12-29T11:57:03.758+0000] {dag.py:3722} INFO - Setting next_dagrun for air_quality to 2023-12-29T04:00:00+00:00, run_after=2023-12-30T04:00:00+00:00
[2023-12-29T11:57:03.802+0000] {processor.py:179} INFO - Processing /opt/airflow/dags/airQuality.py took 0.343 seconds
[2023-12-29T11:57:34.046+0000] {processor.py:157} INFO - Started process (PID=50) to work on /opt/airflow/dags/airQuality.py
[2023-12-29T11:57:34.047+0000] {processor.py:829} INFO - Processing file /opt/airflow/dags/airQuality.py for tasks to queue
[2023-12-29T11:57:34.050+0000] {logging_mixin.py:154} INFO - [2023-12-29T11:57:34.049+0000] {dagbag.py:536} INFO - Filling up the DagBag from /opt/airflow/dags/airQuality.py
[2023-12-29T11:57:34.102+0000] {processor.py:839} INFO - DAG(s) dict_keys(['air_quality']) retrieved from /opt/airflow/dags/airQuality.py
[2023-12-29T11:57:34.222+0000] {logging_mixin.py:154} INFO - [2023-12-29T11:57:34.222+0000] {dag.py:2941} INFO - Sync 1 DAGs
[2023-12-29T11:57:34.249+0000] {logging_mixin.py:154} INFO - [2023-12-29T11:57:34.249+0000] {dag.py:3722} INFO - Setting next_dagrun for air_quality to 2023-12-29T04:00:00+00:00, run_after=2023-12-30T04:00:00+00:00
[2023-12-29T11:57:34.278+0000] {processor.py:179} INFO - Processing /opt/airflow/dags/airQuality.py took 0.235 seconds
[2023-12-29T11:58:04.531+0000] {processor.py:157} INFO - Started process (PID=58) to work on /opt/airflow/dags/airQuality.py
[2023-12-29T11:58:04.532+0000] {processor.py:829} INFO - Processing file /opt/airflow/dags/airQuality.py for tasks to queue
[2023-12-29T11:58:04.535+0000] {logging_mixin.py:154} INFO - [2023-12-29T11:58:04.535+0000] {dagbag.py:536} INFO - Filling up the DagBag from /opt/airflow/dags/airQuality.py
[2023-12-29T11:58:04.600+0000] {processor.py:839} INFO - DAG(s) dict_keys(['air_quality']) retrieved from /opt/airflow/dags/airQuality.py
[2023-12-29T11:58:04.746+0000] {logging_mixin.py:154} INFO - [2023-12-29T11:58:04.746+0000] {dag.py:2941} INFO - Sync 1 DAGs
[2023-12-29T11:58:04.779+0000] {logging_mixin.py:154} INFO - [2023-12-29T11:58:04.779+0000] {dag.py:3722} INFO - Setting next_dagrun for air_quality to 2023-12-29T04:00:00+00:00, run_after=2023-12-30T04:00:00+00:00
[2023-12-29T11:58:04.819+0000] {processor.py:179} INFO - Processing /opt/airflow/dags/airQuality.py took 0.294 seconds
[2023-12-29T11:58:35.031+0000] {processor.py:157} INFO - Started process (PID=66) to work on /opt/airflow/dags/airQuality.py
[2023-12-29T11:58:35.033+0000] {processor.py:829} INFO - Processing file /opt/airflow/dags/airQuality.py for tasks to queue
[2023-12-29T11:58:35.039+0000] {logging_mixin.py:154} INFO - [2023-12-29T11:58:35.039+0000] {dagbag.py:536} INFO - Filling up the DagBag from /opt/airflow/dags/airQuality.py
[2023-12-29T11:58:35.108+0000] {processor.py:839} INFO - DAG(s) dict_keys(['air_quality']) retrieved from /opt/airflow/dags/airQuality.py
[2023-12-29T11:58:35.241+0000] {logging_mixin.py:154} INFO - [2023-12-29T11:58:35.240+0000] {dag.py:2941} INFO - Sync 1 DAGs
[2023-12-29T11:58:35.272+0000] {logging_mixin.py:154} INFO - [2023-12-29T11:58:35.271+0000] {dag.py:3722} INFO - Setting next_dagrun for air_quality to 2023-12-29T04:00:00+00:00, run_after=2023-12-30T04:00:00+00:00
[2023-12-29T11:58:35.300+0000] {processor.py:179} INFO - Processing /opt/airflow/dags/airQuality.py took 0.275 seconds
[2023-12-29T11:59:05.499+0000] {processor.py:157} INFO - Started process (PID=74) to work on /opt/airflow/dags/airQuality.py
[2023-12-29T11:59:05.501+0000] {processor.py:829} INFO - Processing file /opt/airflow/dags/airQuality.py for tasks to queue
[2023-12-29T11:59:05.505+0000] {logging_mixin.py:154} INFO - [2023-12-29T11:59:05.504+0000] {dagbag.py:536} INFO - Filling up the DagBag from /opt/airflow/dags/airQuality.py
[2023-12-29T11:59:05.582+0000] {processor.py:839} INFO - DAG(s) dict_keys(['air_quality']) retrieved from /opt/airflow/dags/airQuality.py
[2023-12-29T11:59:05.755+0000] {logging_mixin.py:154} INFO - [2023-12-29T11:59:05.755+0000] {dag.py:2941} INFO - Sync 1 DAGs
[2023-12-29T11:59:05.796+0000] {logging_mixin.py:154} INFO - [2023-12-29T11:59:05.795+0000] {dag.py:3722} INFO - Setting next_dagrun for air_quality to 2023-12-29T04:00:00+00:00, run_after=2023-12-30T04:00:00+00:00
[2023-12-29T11:59:05.838+0000] {processor.py:179} INFO - Processing /opt/airflow/dags/airQuality.py took 0.344 seconds
[2023-12-29T11:59:36.042+0000] {processor.py:157} INFO - Started process (PID=82) to work on /opt/airflow/dags/airQuality.py
[2023-12-29T11:59:36.043+0000] {processor.py:829} INFO - Processing file /opt/airflow/dags/airQuality.py for tasks to queue
[2023-12-29T11:59:36.046+0000] {logging_mixin.py:154} INFO - [2023-12-29T11:59:36.046+0000] {dagbag.py:536} INFO - Filling up the DagBag from /opt/airflow/dags/airQuality.py
[2023-12-29T11:59:36.115+0000] {processor.py:839} INFO - DAG(s) dict_keys(['air_quality']) retrieved from /opt/airflow/dags/airQuality.py
[2023-12-29T11:59:36.283+0000] {logging_mixin.py:154} INFO - [2023-12-29T11:59:36.283+0000] {dag.py:2941} INFO - Sync 1 DAGs
[2023-12-29T11:59:36.317+0000] {logging_mixin.py:154} INFO - [2023-12-29T11:59:36.317+0000] {dag.py:3722} INFO - Setting next_dagrun for air_quality to 2023-12-29T04:00:00+00:00, run_after=2023-12-30T04:00:00+00:00
[2023-12-29T11:59:36.347+0000] {processor.py:179} INFO - Processing /opt/airflow/dags/airQuality.py took 0.310 seconds
[2023-12-29T12:00:06.528+0000] {processor.py:157} INFO - Started process (PID=90) to work on /opt/airflow/dags/airQuality.py
[2023-12-29T12:00:06.529+0000] {processor.py:829} INFO - Processing file /opt/airflow/dags/airQuality.py for tasks to queue
[2023-12-29T12:00:06.531+0000] {logging_mixin.py:154} INFO - [2023-12-29T12:00:06.531+0000] {dagbag.py:536} INFO - Filling up the DagBag from /opt/airflow/dags/airQuality.py
[2023-12-29T12:00:06.586+0000] {processor.py:839} INFO - DAG(s) dict_keys(['air_quality']) retrieved from /opt/airflow/dags/airQuality.py
[2023-12-29T12:00:06.710+0000] {logging_mixin.py:154} INFO - [2023-12-29T12:00:06.710+0000] {dag.py:2941} INFO - Sync 1 DAGs
[2023-12-29T12:00:06.742+0000] {logging_mixin.py:154} INFO - [2023-12-29T12:00:06.741+0000] {dag.py:3722} INFO - Setting next_dagrun for air_quality to 2023-12-29T04:00:00+00:00, run_after=2023-12-30T04:00:00+00:00
[2023-12-29T12:00:06.773+0000] {processor.py:179} INFO - Processing /opt/airflow/dags/airQuality.py took 0.250 seconds
[2023-12-29T12:00:36.964+0000] {processor.py:157} INFO - Started process (PID=98) to work on /opt/airflow/dags/airQuality.py
[2023-12-29T12:00:36.965+0000] {processor.py:829} INFO - Processing file /opt/airflow/dags/airQuality.py for tasks to queue
[2023-12-29T12:00:36.968+0000] {logging_mixin.py:154} INFO - [2023-12-29T12:00:36.967+0000] {dagbag.py:536} INFO - Filling up the DagBag from /opt/airflow/dags/airQuality.py
[2023-12-29T12:00:37.027+0000] {processor.py:839} INFO - DAG(s) dict_keys(['air_quality']) retrieved from /opt/airflow/dags/airQuality.py
[2023-12-29T12:00:37.149+0000] {logging_mixin.py:154} INFO - [2023-12-29T12:00:37.149+0000] {dag.py:2941} INFO - Sync 1 DAGs
[2023-12-29T12:00:37.179+0000] {logging_mixin.py:154} INFO - [2023-12-29T12:00:37.179+0000] {dag.py:3722} INFO - Setting next_dagrun for air_quality to 2023-12-29T04:00:00+00:00, run_after=2023-12-30T04:00:00+00:00
[2023-12-29T12:00:37.217+0000] {processor.py:179} INFO - Processing /opt/airflow/dags/airQuality.py took 0.257 seconds
[2023-12-29T12:01:07.397+0000] {processor.py:157} INFO - Started process (PID=106) to work on /opt/airflow/dags/airQuality.py
[2023-12-29T12:01:07.398+0000] {processor.py:829} INFO - Processing file /opt/airflow/dags/airQuality.py for tasks to queue
[2023-12-29T12:01:07.401+0000] {logging_mixin.py:154} INFO - [2023-12-29T12:01:07.401+0000] {dagbag.py:536} INFO - Filling up the DagBag from /opt/airflow/dags/airQuality.py
[2023-12-29T12:01:07.458+0000] {processor.py:839} INFO - DAG(s) dict_keys(['air_quality']) retrieved from /opt/airflow/dags/airQuality.py
[2023-12-29T12:01:07.600+0000] {logging_mixin.py:154} INFO - [2023-12-29T12:01:07.600+0000] {dag.py:2941} INFO - Sync 1 DAGs
[2023-12-29T12:01:07.632+0000] {logging_mixin.py:154} INFO - [2023-12-29T12:01:07.631+0000] {dag.py:3722} INFO - Setting next_dagrun for air_quality to 2023-12-29T04:00:00+00:00, run_after=2023-12-30T04:00:00+00:00
[2023-12-29T12:01:07.667+0000] {processor.py:179} INFO - Processing /opt/airflow/dags/airQuality.py took 0.274 seconds
[2023-12-29T12:03:09.241+0000] {processor.py:157} INFO - Started process (PID=35) to work on /opt/airflow/dags/airQuality.py
[2023-12-29T12:03:09.243+0000] {processor.py:829} INFO - Processing file /opt/airflow/dags/airQuality.py for tasks to queue
[2023-12-29T12:03:09.247+0000] {logging_mixin.py:154} INFO - [2023-12-29T12:03:09.246+0000] {dagbag.py:536} INFO - Filling up the DagBag from /opt/airflow/dags/airQuality.py
[2023-12-29T12:03:09.329+0000] {processor.py:839} INFO - DAG(s) dict_keys(['air_quality']) retrieved from /opt/airflow/dags/airQuality.py
[2023-12-29T12:03:09.623+0000] {logging_mixin.py:154} INFO - [2023-12-29T12:03:09.622+0000] {dag.py:2941} INFO - Sync 1 DAGs
[2023-12-29T12:03:09.677+0000] {logging_mixin.py:154} INFO - [2023-12-29T12:03:09.676+0000] {dag.py:3722} INFO - Setting next_dagrun for air_quality to 2023-12-29T04:00:00+00:00, run_after=2023-12-30T04:00:00+00:00
[2023-12-29T12:03:09.729+0000] {processor.py:179} INFO - Processing /opt/airflow/dags/airQuality.py took 0.495 seconds
[2023-12-29T12:03:39.934+0000] {processor.py:157} INFO - Started process (PID=44) to work on /opt/airflow/dags/airQuality.py
[2023-12-29T12:03:39.935+0000] {processor.py:829} INFO - Processing file /opt/airflow/dags/airQuality.py for tasks to queue
[2023-12-29T12:03:39.942+0000] {logging_mixin.py:154} INFO - [2023-12-29T12:03:39.941+0000] {dagbag.py:536} INFO - Filling up the DagBag from /opt/airflow/dags/airQuality.py
[2023-12-29T12:03:40.017+0000] {processor.py:839} INFO - DAG(s) dict_keys(['air_quality']) retrieved from /opt/airflow/dags/airQuality.py
[2023-12-29T12:03:40.170+0000] {logging_mixin.py:154} INFO - [2023-12-29T12:03:40.170+0000] {dag.py:2941} INFO - Sync 1 DAGs
[2023-12-29T12:03:40.207+0000] {logging_mixin.py:154} INFO - [2023-12-29T12:03:40.206+0000] {dag.py:3722} INFO - Setting next_dagrun for air_quality to 2023-12-29T04:00:00+00:00, run_after=2023-12-30T04:00:00+00:00
[2023-12-29T12:03:40.248+0000] {processor.py:179} INFO - Processing /opt/airflow/dags/airQuality.py took 0.319 seconds
[2023-12-29T12:04:10.437+0000] {processor.py:157} INFO - Started process (PID=52) to work on /opt/airflow/dags/airQuality.py
[2023-12-29T12:04:10.438+0000] {processor.py:829} INFO - Processing file /opt/airflow/dags/airQuality.py for tasks to queue
[2023-12-29T12:04:10.441+0000] {logging_mixin.py:154} INFO - [2023-12-29T12:04:10.441+0000] {dagbag.py:536} INFO - Filling up the DagBag from /opt/airflow/dags/airQuality.py
[2023-12-29T12:04:10.494+0000] {processor.py:839} INFO - DAG(s) dict_keys(['air_quality']) retrieved from /opt/airflow/dags/airQuality.py
[2023-12-29T12:04:10.602+0000] {logging_mixin.py:154} INFO - [2023-12-29T12:04:10.602+0000] {dag.py:2941} INFO - Sync 1 DAGs
[2023-12-29T12:04:10.627+0000] {logging_mixin.py:154} INFO - [2023-12-29T12:04:10.627+0000] {dag.py:3722} INFO - Setting next_dagrun for air_quality to 2023-12-29T04:00:00+00:00, run_after=2023-12-30T04:00:00+00:00
[2023-12-29T12:04:10.653+0000] {processor.py:179} INFO - Processing /opt/airflow/dags/airQuality.py took 0.219 seconds
[2023-12-29T12:04:40.857+0000] {processor.py:157} INFO - Started process (PID=60) to work on /opt/airflow/dags/airQuality.py
[2023-12-29T12:04:40.859+0000] {processor.py:829} INFO - Processing file /opt/airflow/dags/airQuality.py for tasks to queue
[2023-12-29T12:04:40.862+0000] {logging_mixin.py:154} INFO - [2023-12-29T12:04:40.862+0000] {dagbag.py:536} INFO - Filling up the DagBag from /opt/airflow/dags/airQuality.py
[2023-12-29T12:04:40.929+0000] {processor.py:839} INFO - DAG(s) dict_keys(['air_quality']) retrieved from /opt/airflow/dags/airQuality.py
[2023-12-29T12:04:41.080+0000] {logging_mixin.py:154} INFO - [2023-12-29T12:04:41.079+0000] {dag.py:2941} INFO - Sync 1 DAGs
[2023-12-29T12:04:41.114+0000] {logging_mixin.py:154} INFO - [2023-12-29T12:04:41.114+0000] {dag.py:3722} INFO - Setting next_dagrun for air_quality to 2023-12-29T04:00:00+00:00, run_after=2023-12-30T04:00:00+00:00
[2023-12-29T12:04:41.148+0000] {processor.py:179} INFO - Processing /opt/airflow/dags/airQuality.py took 0.296 seconds
[2023-12-29T12:05:11.385+0000] {processor.py:157} INFO - Started process (PID=68) to work on /opt/airflow/dags/airQuality.py
[2023-12-29T12:05:11.386+0000] {processor.py:829} INFO - Processing file /opt/airflow/dags/airQuality.py for tasks to queue
[2023-12-29T12:05:11.389+0000] {logging_mixin.py:154} INFO - [2023-12-29T12:05:11.388+0000] {dagbag.py:536} INFO - Filling up the DagBag from /opt/airflow/dags/airQuality.py
[2023-12-29T12:05:11.443+0000] {processor.py:839} INFO - DAG(s) dict_keys(['air_quality']) retrieved from /opt/airflow/dags/airQuality.py
[2023-12-29T12:05:11.557+0000] {logging_mixin.py:154} INFO - [2023-12-29T12:05:11.557+0000] {dag.py:2941} INFO - Sync 1 DAGs
[2023-12-29T12:05:11.586+0000] {logging_mixin.py:154} INFO - [2023-12-29T12:05:11.586+0000] {dag.py:3722} INFO - Setting next_dagrun for air_quality to 2023-12-29T04:00:00+00:00, run_after=2023-12-30T04:00:00+00:00
[2023-12-29T12:05:11.620+0000] {processor.py:179} INFO - Processing /opt/airflow/dags/airQuality.py took 0.240 seconds
[2023-12-29T12:05:41.804+0000] {processor.py:157} INFO - Started process (PID=76) to work on /opt/airflow/dags/airQuality.py
[2023-12-29T12:05:41.805+0000] {processor.py:829} INFO - Processing file /opt/airflow/dags/airQuality.py for tasks to queue
[2023-12-29T12:05:41.808+0000] {logging_mixin.py:154} INFO - [2023-12-29T12:05:41.807+0000] {dagbag.py:536} INFO - Filling up the DagBag from /opt/airflow/dags/airQuality.py
[2023-12-29T12:05:41.857+0000] {processor.py:839} INFO - DAG(s) dict_keys(['air_quality']) retrieved from /opt/airflow/dags/airQuality.py
[2023-12-29T12:05:41.967+0000] {logging_mixin.py:154} INFO - [2023-12-29T12:05:41.966+0000] {dag.py:2941} INFO - Sync 1 DAGs
[2023-12-29T12:05:41.993+0000] {logging_mixin.py:154} INFO - [2023-12-29T12:05:41.993+0000] {dag.py:3722} INFO - Setting next_dagrun for air_quality to 2023-12-29T04:00:00+00:00, run_after=2023-12-30T04:00:00+00:00
[2023-12-29T12:05:42.018+0000] {processor.py:179} INFO - Processing /opt/airflow/dags/airQuality.py took 0.217 seconds
[2023-12-29T12:06:12.225+0000] {processor.py:157} INFO - Started process (PID=84) to work on /opt/airflow/dags/airQuality.py
[2023-12-29T12:06:12.227+0000] {processor.py:829} INFO - Processing file /opt/airflow/dags/airQuality.py for tasks to queue
[2023-12-29T12:06:12.231+0000] {logging_mixin.py:154} INFO - [2023-12-29T12:06:12.231+0000] {dagbag.py:536} INFO - Filling up the DagBag from /opt/airflow/dags/airQuality.py
[2023-12-29T12:06:12.339+0000] {processor.py:839} INFO - DAG(s) dict_keys(['air_quality']) retrieved from /opt/airflow/dags/airQuality.py
[2023-12-29T12:06:12.756+0000] {logging_mixin.py:154} INFO - [2023-12-29T12:06:12.756+0000] {dag.py:2941} INFO - Sync 1 DAGs
[2023-12-29T12:06:12.854+0000] {logging_mixin.py:154} INFO - [2023-12-29T12:06:12.854+0000] {dag.py:3722} INFO - Setting next_dagrun for air_quality to 2023-12-29T04:00:00+00:00, run_after=2023-12-30T04:00:00+00:00
[2023-12-29T12:06:12.907+0000] {processor.py:179} INFO - Processing /opt/airflow/dags/airQuality.py took 0.687 seconds
[2023-12-29T12:06:43.236+0000] {processor.py:157} INFO - Started process (PID=92) to work on /opt/airflow/dags/airQuality.py
[2023-12-29T12:06:43.245+0000] {processor.py:829} INFO - Processing file /opt/airflow/dags/airQuality.py for tasks to queue
[2023-12-29T12:06:43.253+0000] {logging_mixin.py:154} INFO - [2023-12-29T12:06:43.253+0000] {dagbag.py:536} INFO - Filling up the DagBag from /opt/airflow/dags/airQuality.py
[2023-12-29T12:06:43.561+0000] {processor.py:839} INFO - DAG(s) dict_keys(['air_quality']) retrieved from /opt/airflow/dags/airQuality.py
[2023-12-29T12:06:43.851+0000] {logging_mixin.py:154} INFO - [2023-12-29T12:06:43.851+0000] {dag.py:2941} INFO - Sync 1 DAGs
[2023-12-29T12:06:43.908+0000] {logging_mixin.py:154} INFO - [2023-12-29T12:06:43.908+0000] {dag.py:3722} INFO - Setting next_dagrun for air_quality to 2023-12-29T04:00:00+00:00, run_after=2023-12-30T04:00:00+00:00
[2023-12-29T12:06:43.955+0000] {processor.py:179} INFO - Processing /opt/airflow/dags/airQuality.py took 0.736 seconds
[2023-12-29T12:07:14.172+0000] {processor.py:157} INFO - Started process (PID=100) to work on /opt/airflow/dags/airQuality.py
[2023-12-29T12:07:14.173+0000] {processor.py:829} INFO - Processing file /opt/airflow/dags/airQuality.py for tasks to queue
[2023-12-29T12:07:14.176+0000] {logging_mixin.py:154} INFO - [2023-12-29T12:07:14.175+0000] {dagbag.py:536} INFO - Filling up the DagBag from /opt/airflow/dags/airQuality.py
[2023-12-29T12:07:14.229+0000] {processor.py:839} INFO - DAG(s) dict_keys(['air_quality']) retrieved from /opt/airflow/dags/airQuality.py
[2023-12-29T12:07:14.341+0000] {logging_mixin.py:154} INFO - [2023-12-29T12:07:14.341+0000] {dag.py:2941} INFO - Sync 1 DAGs
[2023-12-29T12:07:14.368+0000] {logging_mixin.py:154} INFO - [2023-12-29T12:07:14.368+0000] {dag.py:3722} INFO - Setting next_dagrun for air_quality to 2023-12-29T04:00:00+00:00, run_after=2023-12-30T04:00:00+00:00
[2023-12-29T12:07:14.396+0000] {processor.py:179} INFO - Processing /opt/airflow/dags/airQuality.py took 0.228 seconds
[2023-12-29T12:07:44.588+0000] {processor.py:157} INFO - Started process (PID=108) to work on /opt/airflow/dags/airQuality.py
[2023-12-29T12:07:44.589+0000] {processor.py:829} INFO - Processing file /opt/airflow/dags/airQuality.py for tasks to queue
[2023-12-29T12:07:44.592+0000] {logging_mixin.py:154} INFO - [2023-12-29T12:07:44.592+0000] {dagbag.py:536} INFO - Filling up the DagBag from /opt/airflow/dags/airQuality.py
[2023-12-29T12:07:44.645+0000] {processor.py:839} INFO - DAG(s) dict_keys(['air_quality']) retrieved from /opt/airflow/dags/airQuality.py
[2023-12-29T12:07:44.778+0000] {logging_mixin.py:154} INFO - [2023-12-29T12:07:44.777+0000] {dag.py:2941} INFO - Sync 1 DAGs
[2023-12-29T12:07:44.805+0000] {logging_mixin.py:154} INFO - [2023-12-29T12:07:44.805+0000] {dag.py:3722} INFO - Setting next_dagrun for air_quality to 2023-12-29T04:00:00+00:00, run_after=2023-12-30T04:00:00+00:00
[2023-12-29T12:07:44.831+0000] {processor.py:179} INFO - Processing /opt/airflow/dags/airQuality.py took 0.246 seconds
[2023-12-29T12:08:15.037+0000] {processor.py:157} INFO - Started process (PID=116) to work on /opt/airflow/dags/airQuality.py
[2023-12-29T12:08:15.038+0000] {processor.py:829} INFO - Processing file /opt/airflow/dags/airQuality.py for tasks to queue
[2023-12-29T12:08:15.042+0000] {logging_mixin.py:154} INFO - [2023-12-29T12:08:15.041+0000] {dagbag.py:536} INFO - Filling up the DagBag from /opt/airflow/dags/airQuality.py
[2023-12-29T12:08:15.118+0000] {processor.py:839} INFO - DAG(s) dict_keys(['air_quality']) retrieved from /opt/airflow/dags/airQuality.py
[2023-12-29T12:08:15.289+0000] {logging_mixin.py:154} INFO - [2023-12-29T12:08:15.289+0000] {dag.py:2941} INFO - Sync 1 DAGs
[2023-12-29T12:08:15.323+0000] {logging_mixin.py:154} INFO - [2023-12-29T12:08:15.323+0000] {dag.py:3722} INFO - Setting next_dagrun for air_quality to 2023-12-29T04:00:00+00:00, run_after=2023-12-30T04:00:00+00:00
[2023-12-29T12:08:15.356+0000] {processor.py:179} INFO - Processing /opt/airflow/dags/airQuality.py took 0.325 seconds
[2023-12-29T12:08:45.545+0000] {processor.py:157} INFO - Started process (PID=124) to work on /opt/airflow/dags/airQuality.py
[2023-12-29T12:08:45.546+0000] {processor.py:829} INFO - Processing file /opt/airflow/dags/airQuality.py for tasks to queue
[2023-12-29T12:08:45.549+0000] {logging_mixin.py:154} INFO - [2023-12-29T12:08:45.548+0000] {dagbag.py:536} INFO - Filling up the DagBag from /opt/airflow/dags/airQuality.py
[2023-12-29T12:08:45.605+0000] {processor.py:839} INFO - DAG(s) dict_keys(['air_quality']) retrieved from /opt/airflow/dags/airQuality.py
[2023-12-29T12:08:45.722+0000] {logging_mixin.py:154} INFO - [2023-12-29T12:08:45.722+0000] {dag.py:2941} INFO - Sync 1 DAGs
[2023-12-29T12:08:45.747+0000] {logging_mixin.py:154} INFO - [2023-12-29T12:08:45.747+0000] {dag.py:3722} INFO - Setting next_dagrun for air_quality to 2023-12-29T04:00:00+00:00, run_after=2023-12-30T04:00:00+00:00
[2023-12-29T12:08:45.776+0000] {processor.py:179} INFO - Processing /opt/airflow/dags/airQuality.py took 0.234 seconds
[2023-12-29T12:09:16.084+0000] {processor.py:157} INFO - Started process (PID=132) to work on /opt/airflow/dags/airQuality.py
[2023-12-29T12:09:16.086+0000] {processor.py:829} INFO - Processing file /opt/airflow/dags/airQuality.py for tasks to queue
[2023-12-29T12:09:16.091+0000] {logging_mixin.py:154} INFO - [2023-12-29T12:09:16.090+0000] {dagbag.py:536} INFO - Filling up the DagBag from /opt/airflow/dags/airQuality.py
[2023-12-29T12:09:16.176+0000] {processor.py:839} INFO - DAG(s) dict_keys(['air_quality']) retrieved from /opt/airflow/dags/airQuality.py
[2023-12-29T12:09:16.397+0000] {logging_mixin.py:154} INFO - [2023-12-29T12:09:16.396+0000] {dag.py:2941} INFO - Sync 1 DAGs
[2023-12-29T12:09:16.451+0000] {logging_mixin.py:154} INFO - [2023-12-29T12:09:16.451+0000] {dag.py:3722} INFO - Setting next_dagrun for air_quality to 2023-12-29T04:00:00+00:00, run_after=2023-12-30T04:00:00+00:00
[2023-12-29T12:09:16.564+0000] {processor.py:179} INFO - Processing /opt/airflow/dags/airQuality.py took 0.488 seconds
[2023-12-29T12:09:46.950+0000] {processor.py:157} INFO - Started process (PID=140) to work on /opt/airflow/dags/airQuality.py
[2023-12-29T12:09:46.952+0000] {processor.py:829} INFO - Processing file /opt/airflow/dags/airQuality.py for tasks to queue
[2023-12-29T12:09:46.958+0000] {logging_mixin.py:154} INFO - [2023-12-29T12:09:46.957+0000] {dagbag.py:536} INFO - Filling up the DagBag from /opt/airflow/dags/airQuality.py
[2023-12-29T12:09:47.101+0000] {processor.py:839} INFO - DAG(s) dict_keys(['air_quality']) retrieved from /opt/airflow/dags/airQuality.py
[2023-12-29T12:09:47.715+0000] {logging_mixin.py:154} INFO - [2023-12-29T12:09:47.715+0000] {dag.py:2941} INFO - Sync 1 DAGs
[2023-12-29T12:09:47.823+0000] {logging_mixin.py:154} INFO - [2023-12-29T12:09:47.822+0000] {dag.py:3722} INFO - Setting next_dagrun for air_quality to 2023-12-29T04:00:00+00:00, run_after=2023-12-30T04:00:00+00:00
[2023-12-29T12:09:47.902+0000] {processor.py:179} INFO - Processing /opt/airflow/dags/airQuality.py took 0.960 seconds
[2023-12-29T12:10:18.500+0000] {processor.py:157} INFO - Started process (PID=148) to work on /opt/airflow/dags/airQuality.py
[2023-12-29T12:10:18.505+0000] {processor.py:829} INFO - Processing file /opt/airflow/dags/airQuality.py for tasks to queue
[2023-12-29T12:10:18.512+0000] {logging_mixin.py:154} INFO - [2023-12-29T12:10:18.511+0000] {dagbag.py:536} INFO - Filling up the DagBag from /opt/airflow/dags/airQuality.py
[2023-12-29T12:10:18.680+0000] {processor.py:839} INFO - DAG(s) dict_keys(['air_quality']) retrieved from /opt/airflow/dags/airQuality.py
[2023-12-29T12:10:19.042+0000] {logging_mixin.py:154} INFO - [2023-12-29T12:10:19.042+0000] {dag.py:2941} INFO - Sync 1 DAGs
[2023-12-29T12:10:19.131+0000] {logging_mixin.py:154} INFO - [2023-12-29T12:10:19.130+0000] {dag.py:3722} INFO - Setting next_dagrun for air_quality to 2023-12-29T04:00:00+00:00, run_after=2023-12-30T04:00:00+00:00
[2023-12-29T12:10:19.206+0000] {processor.py:179} INFO - Processing /opt/airflow/dags/airQuality.py took 0.724 seconds
[2023-12-29T12:10:49.792+0000] {processor.py:157} INFO - Started process (PID=156) to work on /opt/airflow/dags/airQuality.py
[2023-12-29T12:10:49.809+0000] {processor.py:829} INFO - Processing file /opt/airflow/dags/airQuality.py for tasks to queue
[2023-12-29T12:10:49.837+0000] {logging_mixin.py:154} INFO - [2023-12-29T12:10:49.837+0000] {dagbag.py:536} INFO - Filling up the DagBag from /opt/airflow/dags/airQuality.py
[2023-12-29T12:10:50.438+0000] {processor.py:839} INFO - DAG(s) dict_keys(['air_quality']) retrieved from /opt/airflow/dags/airQuality.py
[2023-12-29T12:10:51.216+0000] {logging_mixin.py:154} INFO - [2023-12-29T12:10:51.215+0000] {dag.py:2941} INFO - Sync 1 DAGs
[2023-12-29T12:10:51.417+0000] {logging_mixin.py:154} INFO - [2023-12-29T12:10:51.416+0000] {dag.py:3722} INFO - Setting next_dagrun for air_quality to 2023-12-29T04:00:00+00:00, run_after=2023-12-30T04:00:00+00:00
[2023-12-29T12:10:51.551+0000] {processor.py:179} INFO - Processing /opt/airflow/dags/airQuality.py took 1.778 seconds
[2023-12-29T12:11:21.762+0000] {processor.py:157} INFO - Started process (PID=170) to work on /opt/airflow/dags/airQuality.py
[2023-12-29T12:11:21.765+0000] {processor.py:829} INFO - Processing file /opt/airflow/dags/airQuality.py for tasks to queue
[2023-12-29T12:11:21.778+0000] {logging_mixin.py:154} INFO - [2023-12-29T12:11:21.776+0000] {dagbag.py:536} INFO - Filling up the DagBag from /opt/airflow/dags/airQuality.py
[2023-12-29T12:11:22.084+0000] {processor.py:839} INFO - DAG(s) dict_keys(['air_quality']) retrieved from /opt/airflow/dags/airQuality.py
[2023-12-29T12:11:22.490+0000] {logging_mixin.py:154} INFO - [2023-12-29T12:11:22.490+0000] {dag.py:2941} INFO - Sync 1 DAGs
[2023-12-29T12:11:22.564+0000] {logging_mixin.py:154} INFO - [2023-12-29T12:11:22.564+0000] {dag.py:3722} INFO - Setting next_dagrun for air_quality to 2023-12-29T04:00:00+00:00, run_after=2023-12-30T04:00:00+00:00
[2023-12-29T12:11:22.648+0000] {processor.py:179} INFO - Processing /opt/airflow/dags/airQuality.py took 0.916 seconds
[2023-12-29T12:11:53.143+0000] {processor.py:157} INFO - Started process (PID=178) to work on /opt/airflow/dags/airQuality.py
[2023-12-29T12:11:53.145+0000] {processor.py:829} INFO - Processing file /opt/airflow/dags/airQuality.py for tasks to queue
[2023-12-29T12:11:53.151+0000] {logging_mixin.py:154} INFO - [2023-12-29T12:11:53.150+0000] {dagbag.py:536} INFO - Filling up the DagBag from /opt/airflow/dags/airQuality.py
[2023-12-29T12:11:53.309+0000] {processor.py:839} INFO - DAG(s) dict_keys(['air_quality']) retrieved from /opt/airflow/dags/airQuality.py
[2023-12-29T12:11:53.852+0000] {logging_mixin.py:154} INFO - [2023-12-29T12:11:53.852+0000] {dag.py:2941} INFO - Sync 1 DAGs
[2023-12-29T12:11:53.949+0000] {logging_mixin.py:154} INFO - [2023-12-29T12:11:53.948+0000] {dag.py:3722} INFO - Setting next_dagrun for air_quality to 2023-12-29T04:00:00+00:00, run_after=2023-12-30T04:00:00+00:00
[2023-12-29T12:11:54.041+0000] {processor.py:179} INFO - Processing /opt/airflow/dags/airQuality.py took 0.907 seconds
[2023-12-29T12:12:24.753+0000] {processor.py:157} INFO - Started process (PID=186) to work on /opt/airflow/dags/airQuality.py
[2023-12-29T12:12:24.756+0000] {processor.py:829} INFO - Processing file /opt/airflow/dags/airQuality.py for tasks to queue
[2023-12-29T12:12:24.765+0000] {logging_mixin.py:154} INFO - [2023-12-29T12:12:24.764+0000] {dagbag.py:536} INFO - Filling up the DagBag from /opt/airflow/dags/airQuality.py
[2023-12-29T12:12:25.009+0000] {processor.py:839} INFO - DAG(s) dict_keys(['air_quality']) retrieved from /opt/airflow/dags/airQuality.py
[2023-12-29T12:12:25.521+0000] {logging_mixin.py:154} INFO - [2023-12-29T12:12:25.521+0000] {dag.py:2941} INFO - Sync 1 DAGs
[2023-12-29T12:12:25.613+0000] {logging_mixin.py:154} INFO - [2023-12-29T12:12:25.613+0000] {dag.py:3722} INFO - Setting next_dagrun for air_quality to 2023-12-29T04:00:00+00:00, run_after=2023-12-30T04:00:00+00:00
[2023-12-29T12:12:25.685+0000] {processor.py:179} INFO - Processing /opt/airflow/dags/airQuality.py took 0.949 seconds
[2023-12-29T12:20:32.897+0000] {processor.py:157} INFO - Started process (PID=34) to work on /opt/airflow/dags/airQuality.py
[2023-12-29T12:20:32.900+0000] {processor.py:829} INFO - Processing file /opt/airflow/dags/airQuality.py for tasks to queue
[2023-12-29T12:20:32.904+0000] {logging_mixin.py:154} INFO - [2023-12-29T12:20:32.904+0000] {dagbag.py:536} INFO - Filling up the DagBag from /opt/airflow/dags/airQuality.py
[2023-12-29T12:20:33.006+0000] {processor.py:839} INFO - DAG(s) dict_keys(['air_quality']) retrieved from /opt/airflow/dags/airQuality.py
[2023-12-29T12:20:33.308+0000] {logging_mixin.py:154} INFO - [2023-12-29T12:20:33.307+0000] {dag.py:2941} INFO - Sync 1 DAGs
[2023-12-29T12:20:33.362+0000] {logging_mixin.py:154} INFO - [2023-12-29T12:20:33.361+0000] {dag.py:3722} INFO - Setting next_dagrun for air_quality to 2023-12-29T04:00:00+00:00, run_after=2023-12-30T04:00:00+00:00
[2023-12-29T12:20:33.404+0000] {processor.py:179} INFO - Processing /opt/airflow/dags/airQuality.py took 0.511 seconds
[2023-12-29T12:21:03.843+0000] {processor.py:157} INFO - Started process (PID=42) to work on /opt/airflow/dags/airQuality.py
[2023-12-29T12:21:03.845+0000] {processor.py:829} INFO - Processing file /opt/airflow/dags/airQuality.py for tasks to queue
[2023-12-29T12:21:03.850+0000] {logging_mixin.py:154} INFO - [2023-12-29T12:21:03.849+0000] {dagbag.py:536} INFO - Filling up the DagBag from /opt/airflow/dags/airQuality.py
[2023-12-29T12:21:03.961+0000] {processor.py:839} INFO - DAG(s) dict_keys(['air_quality']) retrieved from /opt/airflow/dags/airQuality.py
[2023-12-29T12:21:04.091+0000] {logging_mixin.py:154} INFO - [2023-12-29T12:21:04.091+0000] {dag.py:2941} INFO - Sync 1 DAGs
[2023-12-29T12:21:04.121+0000] {logging_mixin.py:154} INFO - [2023-12-29T12:21:04.121+0000] {dag.py:3722} INFO - Setting next_dagrun for air_quality to 2023-12-29T04:00:00+00:00, run_after=2023-12-30T04:00:00+00:00
[2023-12-29T12:21:04.177+0000] {processor.py:179} INFO - Processing /opt/airflow/dags/airQuality.py took 0.341 seconds
[2023-12-29T12:21:34.312+0000] {processor.py:157} INFO - Started process (PID=50) to work on /opt/airflow/dags/airQuality.py
[2023-12-29T12:21:34.315+0000] {processor.py:829} INFO - Processing file /opt/airflow/dags/airQuality.py for tasks to queue
[2023-12-29T12:21:34.320+0000] {logging_mixin.py:154} INFO - [2023-12-29T12:21:34.319+0000] {dagbag.py:536} INFO - Filling up the DagBag from /opt/airflow/dags/airQuality.py
[2023-12-29T12:21:34.424+0000] {processor.py:839} INFO - DAG(s) dict_keys(['air_quality']) retrieved from /opt/airflow/dags/airQuality.py
[2023-12-29T12:21:34.546+0000] {logging_mixin.py:154} INFO - [2023-12-29T12:21:34.545+0000] {dag.py:2941} INFO - Sync 1 DAGs
[2023-12-29T12:21:34.577+0000] {logging_mixin.py:154} INFO - [2023-12-29T12:21:34.576+0000] {dag.py:3722} INFO - Setting next_dagrun for air_quality to 2023-12-29T04:00:00+00:00, run_after=2023-12-30T04:00:00+00:00
[2023-12-29T12:21:34.623+0000] {processor.py:179} INFO - Processing /opt/airflow/dags/airQuality.py took 0.321 seconds
[2023-12-29T12:22:04.959+0000] {processor.py:157} INFO - Started process (PID=58) to work on /opt/airflow/dags/airQuality.py
[2023-12-29T12:22:04.961+0000] {processor.py:829} INFO - Processing file /opt/airflow/dags/airQuality.py for tasks to queue
[2023-12-29T12:22:04.964+0000] {logging_mixin.py:154} INFO - [2023-12-29T12:22:04.963+0000] {dagbag.py:536} INFO - Filling up the DagBag from /opt/airflow/dags/airQuality.py
[2023-12-29T12:22:05.034+0000] {processor.py:839} INFO - DAG(s) dict_keys(['air_quality']) retrieved from /opt/airflow/dags/airQuality.py
[2023-12-29T12:22:05.160+0000] {logging_mixin.py:154} INFO - [2023-12-29T12:22:05.160+0000] {dag.py:2941} INFO - Sync 1 DAGs
[2023-12-29T12:22:05.184+0000] {logging_mixin.py:154} INFO - [2023-12-29T12:22:05.184+0000] {dag.py:3722} INFO - Setting next_dagrun for air_quality to 2023-12-29T04:00:00+00:00, run_after=2023-12-30T04:00:00+00:00
[2023-12-29T12:22:05.209+0000] {processor.py:179} INFO - Processing /opt/airflow/dags/airQuality.py took 0.257 seconds
[2023-12-29T12:22:35.401+0000] {processor.py:157} INFO - Started process (PID=66) to work on /opt/airflow/dags/airQuality.py
[2023-12-29T12:22:35.402+0000] {processor.py:829} INFO - Processing file /opt/airflow/dags/airQuality.py for tasks to queue
[2023-12-29T12:22:35.404+0000] {logging_mixin.py:154} INFO - [2023-12-29T12:22:35.404+0000] {dagbag.py:536} INFO - Filling up the DagBag from /opt/airflow/dags/airQuality.py
[2023-12-29T12:22:35.450+0000] {processor.py:839} INFO - DAG(s) dict_keys(['air_quality']) retrieved from /opt/airflow/dags/airQuality.py
[2023-12-29T12:22:35.537+0000] {logging_mixin.py:154} INFO - [2023-12-29T12:22:35.537+0000] {dag.py:2941} INFO - Sync 1 DAGs
[2023-12-29T12:22:35.558+0000] {logging_mixin.py:154} INFO - [2023-12-29T12:22:35.558+0000] {dag.py:3722} INFO - Setting next_dagrun for air_quality to 2023-12-29T04:00:00+00:00, run_after=2023-12-30T04:00:00+00:00
[2023-12-29T12:22:35.584+0000] {processor.py:179} INFO - Processing /opt/airflow/dags/airQuality.py took 0.186 seconds
[2023-12-29T12:23:06.014+0000] {processor.py:157} INFO - Started process (PID=74) to work on /opt/airflow/dags/airQuality.py
[2023-12-29T12:23:06.015+0000] {processor.py:829} INFO - Processing file /opt/airflow/dags/airQuality.py for tasks to queue
[2023-12-29T12:23:06.019+0000] {logging_mixin.py:154} INFO - [2023-12-29T12:23:06.018+0000] {dagbag.py:536} INFO - Filling up the DagBag from /opt/airflow/dags/airQuality.py
[2023-12-29T12:23:06.119+0000] {processor.py:839} INFO - DAG(s) dict_keys(['air_quality']) retrieved from /opt/airflow/dags/airQuality.py
[2023-12-29T12:23:06.227+0000] {logging_mixin.py:154} INFO - [2023-12-29T12:23:06.226+0000] {dag.py:2941} INFO - Sync 1 DAGs
[2023-12-29T12:23:06.248+0000] {logging_mixin.py:154} INFO - [2023-12-29T12:23:06.248+0000] {dag.py:3722} INFO - Setting next_dagrun for air_quality to 2023-12-29T04:00:00+00:00, run_after=2023-12-30T04:00:00+00:00
[2023-12-29T12:23:06.279+0000] {processor.py:179} INFO - Processing /opt/airflow/dags/airQuality.py took 0.272 seconds
[2023-12-29T12:23:36.394+0000] {processor.py:157} INFO - Started process (PID=82) to work on /opt/airflow/dags/airQuality.py
[2023-12-29T12:23:36.396+0000] {processor.py:829} INFO - Processing file /opt/airflow/dags/airQuality.py for tasks to queue
[2023-12-29T12:23:36.398+0000] {logging_mixin.py:154} INFO - [2023-12-29T12:23:36.398+0000] {dagbag.py:536} INFO - Filling up the DagBag from /opt/airflow/dags/airQuality.py
[2023-12-29T12:23:36.459+0000] {processor.py:839} INFO - DAG(s) dict_keys(['air_quality']) retrieved from /opt/airflow/dags/airQuality.py
[2023-12-29T12:23:36.556+0000] {logging_mixin.py:154} INFO - [2023-12-29T12:23:36.555+0000] {dag.py:2941} INFO - Sync 1 DAGs
[2023-12-29T12:23:36.577+0000] {logging_mixin.py:154} INFO - [2023-12-29T12:23:36.577+0000] {dag.py:3722} INFO - Setting next_dagrun for air_quality to 2023-12-29T04:00:00+00:00, run_after=2023-12-30T04:00:00+00:00
[2023-12-29T12:23:36.618+0000] {processor.py:179} INFO - Processing /opt/airflow/dags/airQuality.py took 0.228 seconds
[2023-12-29T12:24:06.935+0000] {processor.py:157} INFO - Started process (PID=90) to work on /opt/airflow/dags/airQuality.py
[2023-12-29T12:24:06.937+0000] {processor.py:829} INFO - Processing file /opt/airflow/dags/airQuality.py for tasks to queue
[2023-12-29T12:24:06.940+0000] {logging_mixin.py:154} INFO - [2023-12-29T12:24:06.939+0000] {dagbag.py:536} INFO - Filling up the DagBag from /opt/airflow/dags/airQuality.py
[2023-12-29T12:24:06.995+0000] {processor.py:839} INFO - DAG(s) dict_keys(['air_quality']) retrieved from /opt/airflow/dags/airQuality.py
[2023-12-29T12:24:07.092+0000] {logging_mixin.py:154} INFO - [2023-12-29T12:24:07.092+0000] {dag.py:2941} INFO - Sync 1 DAGs
[2023-12-29T12:24:07.112+0000] {logging_mixin.py:154} INFO - [2023-12-29T12:24:07.112+0000] {dag.py:3722} INFO - Setting next_dagrun for air_quality to 2023-12-29T04:00:00+00:00, run_after=2023-12-30T04:00:00+00:00
[2023-12-29T12:24:07.155+0000] {processor.py:179} INFO - Processing /opt/airflow/dags/airQuality.py took 0.226 seconds
[2023-12-29T12:24:37.323+0000] {processor.py:157} INFO - Started process (PID=98) to work on /opt/airflow/dags/airQuality.py
[2023-12-29T12:24:37.328+0000] {processor.py:829} INFO - Processing file /opt/airflow/dags/airQuality.py for tasks to queue
[2023-12-29T12:24:37.331+0000] {logging_mixin.py:154} INFO - [2023-12-29T12:24:37.331+0000] {dagbag.py:536} INFO - Filling up the DagBag from /opt/airflow/dags/airQuality.py
[2023-12-29T12:24:37.409+0000] {processor.py:839} INFO - DAG(s) dict_keys(['air_quality']) retrieved from /opt/airflow/dags/airQuality.py
[2023-12-29T12:24:37.514+0000] {logging_mixin.py:154} INFO - [2023-12-29T12:24:37.514+0000] {dag.py:2941} INFO - Sync 1 DAGs
[2023-12-29T12:24:37.536+0000] {logging_mixin.py:154} INFO - [2023-12-29T12:24:37.536+0000] {dag.py:3722} INFO - Setting next_dagrun for air_quality to 2023-12-29T04:00:00+00:00, run_after=2023-12-30T04:00:00+00:00
[2023-12-29T12:24:37.567+0000] {processor.py:179} INFO - Processing /opt/airflow/dags/airQuality.py took 0.248 seconds
[2023-12-29T12:25:07.848+0000] {processor.py:157} INFO - Started process (PID=106) to work on /opt/airflow/dags/airQuality.py
[2023-12-29T12:25:07.850+0000] {processor.py:829} INFO - Processing file /opt/airflow/dags/airQuality.py for tasks to queue
[2023-12-29T12:25:07.854+0000] {logging_mixin.py:154} INFO - [2023-12-29T12:25:07.853+0000] {dagbag.py:536} INFO - Filling up the DagBag from /opt/airflow/dags/airQuality.py
[2023-12-29T12:25:07.955+0000] {processor.py:839} INFO - DAG(s) dict_keys(['air_quality']) retrieved from /opt/airflow/dags/airQuality.py
[2023-12-29T12:25:08.214+0000] {logging_mixin.py:154} INFO - [2023-12-29T12:25:08.213+0000] {dag.py:2941} INFO - Sync 1 DAGs
[2023-12-29T12:25:08.291+0000] {logging_mixin.py:154} INFO - [2023-12-29T12:25:08.291+0000] {dag.py:3722} INFO - Setting next_dagrun for air_quality to 2023-12-29T04:00:00+00:00, run_after=2023-12-30T04:00:00+00:00
[2023-12-29T12:25:08.351+0000] {processor.py:179} INFO - Processing /opt/airflow/dags/airQuality.py took 0.507 seconds
[2023-12-29T12:25:38.756+0000] {processor.py:157} INFO - Started process (PID=114) to work on /opt/airflow/dags/airQuality.py
[2023-12-29T12:25:38.757+0000] {processor.py:829} INFO - Processing file /opt/airflow/dags/airQuality.py for tasks to queue
[2023-12-29T12:25:38.758+0000] {logging_mixin.py:154} INFO - [2023-12-29T12:25:38.758+0000] {dagbag.py:536} INFO - Filling up the DagBag from /opt/airflow/dags/airQuality.py
[2023-12-29T12:25:38.804+0000] {processor.py:839} INFO - DAG(s) dict_keys(['air_quality']) retrieved from /opt/airflow/dags/airQuality.py
[2023-12-29T12:25:38.895+0000] {logging_mixin.py:154} INFO - [2023-12-29T12:25:38.895+0000] {dag.py:2941} INFO - Sync 1 DAGs
[2023-12-29T12:25:38.917+0000] {logging_mixin.py:154} INFO - [2023-12-29T12:25:38.917+0000] {dag.py:3722} INFO - Setting next_dagrun for air_quality to 2023-12-29T04:00:00+00:00, run_after=2023-12-30T04:00:00+00:00
[2023-12-29T12:25:38.947+0000] {processor.py:179} INFO - Processing /opt/airflow/dags/airQuality.py took 0.193 seconds
[2023-12-29T12:26:09.117+0000] {processor.py:157} INFO - Started process (PID=122) to work on /opt/airflow/dags/airQuality.py
[2023-12-29T12:26:09.118+0000] {processor.py:829} INFO - Processing file /opt/airflow/dags/airQuality.py for tasks to queue
[2023-12-29T12:26:09.120+0000] {logging_mixin.py:154} INFO - [2023-12-29T12:26:09.120+0000] {dagbag.py:536} INFO - Filling up the DagBag from /opt/airflow/dags/airQuality.py
[2023-12-29T12:26:09.167+0000] {processor.py:839} INFO - DAG(s) dict_keys(['air_quality']) retrieved from /opt/airflow/dags/airQuality.py
[2023-12-29T12:26:09.284+0000] {logging_mixin.py:154} INFO - [2023-12-29T12:26:09.284+0000] {dag.py:2941} INFO - Sync 1 DAGs
[2023-12-29T12:26:09.318+0000] {logging_mixin.py:154} INFO - [2023-12-29T12:26:09.318+0000] {dag.py:3722} INFO - Setting next_dagrun for air_quality to 2023-12-29T04:00:00+00:00, run_after=2023-12-30T04:00:00+00:00
[2023-12-29T12:26:09.345+0000] {processor.py:179} INFO - Processing /opt/airflow/dags/airQuality.py took 0.232 seconds
[2023-12-29T12:26:39.622+0000] {processor.py:157} INFO - Started process (PID=130) to work on /opt/airflow/dags/airQuality.py
[2023-12-29T12:26:39.625+0000] {processor.py:829} INFO - Processing file /opt/airflow/dags/airQuality.py for tasks to queue
[2023-12-29T12:26:39.632+0000] {logging_mixin.py:154} INFO - [2023-12-29T12:26:39.632+0000] {dagbag.py:536} INFO - Filling up the DagBag from /opt/airflow/dags/airQuality.py
[2023-12-29T12:26:39.815+0000] {processor.py:839} INFO - DAG(s) dict_keys(['air_quality']) retrieved from /opt/airflow/dags/airQuality.py
[2023-12-29T12:26:40.020+0000] {logging_mixin.py:154} INFO - [2023-12-29T12:26:40.020+0000] {dag.py:2941} INFO - Sync 1 DAGs
[2023-12-29T12:26:40.071+0000] {logging_mixin.py:154} INFO - [2023-12-29T12:26:40.071+0000] {dag.py:3722} INFO - Setting next_dagrun for air_quality to 2023-12-29T04:00:00+00:00, run_after=2023-12-30T04:00:00+00:00
[2023-12-29T12:26:40.116+0000] {processor.py:179} INFO - Processing /opt/airflow/dags/airQuality.py took 0.505 seconds
[2023-12-29T12:27:10.463+0000] {processor.py:157} INFO - Started process (PID=138) to work on /opt/airflow/dags/airQuality.py
[2023-12-29T12:27:10.464+0000] {processor.py:829} INFO - Processing file /opt/airflow/dags/airQuality.py for tasks to queue
[2023-12-29T12:27:10.466+0000] {logging_mixin.py:154} INFO - [2023-12-29T12:27:10.466+0000] {dagbag.py:536} INFO - Filling up the DagBag from /opt/airflow/dags/airQuality.py
[2023-12-29T12:27:10.516+0000] {processor.py:839} INFO - DAG(s) dict_keys(['air_quality']) retrieved from /opt/airflow/dags/airQuality.py
[2023-12-29T12:27:10.647+0000] {logging_mixin.py:154} INFO - [2023-12-29T12:27:10.646+0000] {dag.py:2941} INFO - Sync 1 DAGs
[2023-12-29T12:27:10.686+0000] {logging_mixin.py:154} INFO - [2023-12-29T12:27:10.686+0000] {dag.py:3722} INFO - Setting next_dagrun for air_quality to 2023-12-29T04:00:00+00:00, run_after=2023-12-30T04:00:00+00:00
[2023-12-29T12:27:10.721+0000] {processor.py:179} INFO - Processing /opt/airflow/dags/airQuality.py took 0.260 seconds
[2023-12-29T12:27:40.898+0000] {processor.py:157} INFO - Started process (PID=146) to work on /opt/airflow/dags/airQuality.py
[2023-12-29T12:27:40.899+0000] {processor.py:829} INFO - Processing file /opt/airflow/dags/airQuality.py for tasks to queue
[2023-12-29T12:27:40.902+0000] {logging_mixin.py:154} INFO - [2023-12-29T12:27:40.902+0000] {dagbag.py:536} INFO - Filling up the DagBag from /opt/airflow/dags/airQuality.py
[2023-12-29T12:27:40.954+0000] {processor.py:839} INFO - DAG(s) dict_keys(['air_quality']) retrieved from /opt/airflow/dags/airQuality.py
[2023-12-29T12:27:41.052+0000] {logging_mixin.py:154} INFO - [2023-12-29T12:27:41.052+0000] {dag.py:2941} INFO - Sync 1 DAGs
[2023-12-29T12:27:41.073+0000] {logging_mixin.py:154} INFO - [2023-12-29T12:27:41.073+0000] {dag.py:3722} INFO - Setting next_dagrun for air_quality to 2023-12-29T04:00:00+00:00, run_after=2023-12-30T04:00:00+00:00
[2023-12-29T12:27:41.103+0000] {processor.py:179} INFO - Processing /opt/airflow/dags/airQuality.py took 0.209 seconds
[2023-12-29T12:28:11.326+0000] {processor.py:157} INFO - Started process (PID=154) to work on /opt/airflow/dags/airQuality.py
[2023-12-29T12:28:11.331+0000] {processor.py:829} INFO - Processing file /opt/airflow/dags/airQuality.py for tasks to queue
[2023-12-29T12:28:11.337+0000] {logging_mixin.py:154} INFO - [2023-12-29T12:28:11.336+0000] {dagbag.py:536} INFO - Filling up the DagBag from /opt/airflow/dags/airQuality.py
[2023-12-29T12:28:11.403+0000] {processor.py:839} INFO - DAG(s) dict_keys(['air_quality']) retrieved from /opt/airflow/dags/airQuality.py
[2023-12-29T12:28:11.557+0000] {logging_mixin.py:154} INFO - [2023-12-29T12:28:11.557+0000] {dag.py:2941} INFO - Sync 1 DAGs
[2023-12-29T12:28:11.583+0000] {logging_mixin.py:154} INFO - [2023-12-29T12:28:11.583+0000] {dag.py:3722} INFO - Setting next_dagrun for air_quality to 2023-12-29T04:00:00+00:00, run_after=2023-12-30T04:00:00+00:00
[2023-12-29T12:28:11.627+0000] {processor.py:179} INFO - Processing /opt/airflow/dags/airQuality.py took 0.315 seconds
[2023-12-29T12:28:41.790+0000] {processor.py:157} INFO - Started process (PID=162) to work on /opt/airflow/dags/airQuality.py
[2023-12-29T12:28:41.791+0000] {processor.py:829} INFO - Processing file /opt/airflow/dags/airQuality.py for tasks to queue
[2023-12-29T12:28:41.794+0000] {logging_mixin.py:154} INFO - [2023-12-29T12:28:41.794+0000] {dagbag.py:536} INFO - Filling up the DagBag from /opt/airflow/dags/airQuality.py
[2023-12-29T12:28:41.868+0000] {processor.py:839} INFO - DAG(s) dict_keys(['air_quality']) retrieved from /opt/airflow/dags/airQuality.py
[2023-12-29T12:28:41.964+0000] {logging_mixin.py:154} INFO - [2023-12-29T12:28:41.963+0000] {dag.py:2941} INFO - Sync 1 DAGs
[2023-12-29T12:28:41.991+0000] {logging_mixin.py:154} INFO - [2023-12-29T12:28:41.991+0000] {dag.py:3722} INFO - Setting next_dagrun for air_quality to 2023-12-29T04:00:00+00:00, run_after=2023-12-30T04:00:00+00:00
[2023-12-29T12:28:42.038+0000] {processor.py:179} INFO - Processing /opt/airflow/dags/airQuality.py took 0.253 seconds
[2023-12-29T12:29:12.393+0000] {processor.py:157} INFO - Started process (PID=170) to work on /opt/airflow/dags/airQuality.py
[2023-12-29T12:29:12.395+0000] {processor.py:829} INFO - Processing file /opt/airflow/dags/airQuality.py for tasks to queue
[2023-12-29T12:29:12.400+0000] {logging_mixin.py:154} INFO - [2023-12-29T12:29:12.400+0000] {dagbag.py:536} INFO - Filling up the DagBag from /opt/airflow/dags/airQuality.py
[2023-12-29T12:29:12.469+0000] {processor.py:839} INFO - DAG(s) dict_keys(['air_quality']) retrieved from /opt/airflow/dags/airQuality.py
[2023-12-29T12:29:12.574+0000] {logging_mixin.py:154} INFO - [2023-12-29T12:29:12.573+0000] {dag.py:2941} INFO - Sync 1 DAGs
[2023-12-29T12:29:12.598+0000] {logging_mixin.py:154} INFO - [2023-12-29T12:29:12.598+0000] {dag.py:3722} INFO - Setting next_dagrun for air_quality to 2023-12-29T04:00:00+00:00, run_after=2023-12-30T04:00:00+00:00
[2023-12-29T12:29:12.634+0000] {processor.py:179} INFO - Processing /opt/airflow/dags/airQuality.py took 0.248 seconds
[2023-12-29T12:29:42.794+0000] {processor.py:157} INFO - Started process (PID=178) to work on /opt/airflow/dags/airQuality.py
[2023-12-29T12:29:42.796+0000] {processor.py:829} INFO - Processing file /opt/airflow/dags/airQuality.py for tasks to queue
[2023-12-29T12:29:42.801+0000] {logging_mixin.py:154} INFO - [2023-12-29T12:29:42.800+0000] {dagbag.py:536} INFO - Filling up the DagBag from /opt/airflow/dags/airQuality.py
[2023-12-29T12:29:42.891+0000] {processor.py:839} INFO - DAG(s) dict_keys(['air_quality']) retrieved from /opt/airflow/dags/airQuality.py
[2023-12-29T12:29:42.996+0000] {logging_mixin.py:154} INFO - [2023-12-29T12:29:42.996+0000] {dag.py:2941} INFO - Sync 1 DAGs
[2023-12-29T12:29:43.021+0000] {logging_mixin.py:154} INFO - [2023-12-29T12:29:43.021+0000] {dag.py:3722} INFO - Setting next_dagrun for air_quality to 2023-12-29T04:00:00+00:00, run_after=2023-12-30T04:00:00+00:00
[2023-12-29T12:29:43.054+0000] {processor.py:179} INFO - Processing /opt/airflow/dags/airQuality.py took 0.269 seconds
[2023-12-29T12:30:13.332+0000] {processor.py:157} INFO - Started process (PID=186) to work on /opt/airflow/dags/airQuality.py
[2023-12-29T12:30:13.334+0000] {processor.py:829} INFO - Processing file /opt/airflow/dags/airQuality.py for tasks to queue
[2023-12-29T12:30:13.338+0000] {logging_mixin.py:154} INFO - [2023-12-29T12:30:13.338+0000] {dagbag.py:536} INFO - Filling up the DagBag from /opt/airflow/dags/airQuality.py
[2023-12-29T12:30:13.417+0000] {processor.py:839} INFO - DAG(s) dict_keys(['air_quality']) retrieved from /opt/airflow/dags/airQuality.py
[2023-12-29T12:30:13.502+0000] {logging_mixin.py:154} INFO - [2023-12-29T12:30:13.502+0000] {dag.py:2941} INFO - Sync 1 DAGs
[2023-12-29T12:30:13.524+0000] {logging_mixin.py:154} INFO - [2023-12-29T12:30:13.524+0000] {dag.py:3722} INFO - Setting next_dagrun for air_quality to 2023-12-29T04:00:00+00:00, run_after=2023-12-30T04:00:00+00:00
[2023-12-29T12:30:13.676+0000] {processor.py:179} INFO - Processing /opt/airflow/dags/airQuality.py took 0.350 seconds
[2023-12-29T12:30:43.963+0000] {processor.py:157} INFO - Started process (PID=194) to work on /opt/airflow/dags/airQuality.py
[2023-12-29T12:30:43.965+0000] {processor.py:829} INFO - Processing file /opt/airflow/dags/airQuality.py for tasks to queue
[2023-12-29T12:30:43.969+0000] {logging_mixin.py:154} INFO - [2023-12-29T12:30:43.968+0000] {dagbag.py:536} INFO - Filling up the DagBag from /opt/airflow/dags/airQuality.py
[2023-12-29T12:30:44.057+0000] {processor.py:839} INFO - DAG(s) dict_keys(['air_quality']) retrieved from /opt/airflow/dags/airQuality.py
[2023-12-29T12:30:44.165+0000] {logging_mixin.py:154} INFO - [2023-12-29T12:30:44.165+0000] {dag.py:2941} INFO - Sync 1 DAGs
[2023-12-29T12:30:44.193+0000] {logging_mixin.py:154} INFO - [2023-12-29T12:30:44.192+0000] {dag.py:3722} INFO - Setting next_dagrun for air_quality to 2023-12-29T04:00:00+00:00, run_after=2023-12-30T04:00:00+00:00
[2023-12-29T12:30:44.215+0000] {processor.py:179} INFO - Processing /opt/airflow/dags/airQuality.py took 0.258 seconds
[2023-12-29T12:31:14.366+0000] {processor.py:157} INFO - Started process (PID=209) to work on /opt/airflow/dags/airQuality.py
[2023-12-29T12:31:14.367+0000] {processor.py:829} INFO - Processing file /opt/airflow/dags/airQuality.py for tasks to queue
[2023-12-29T12:31:14.369+0000] {logging_mixin.py:154} INFO - [2023-12-29T12:31:14.369+0000] {dagbag.py:536} INFO - Filling up the DagBag from /opt/airflow/dags/airQuality.py
[2023-12-29T12:31:14.420+0000] {processor.py:839} INFO - DAG(s) dict_keys(['air_quality']) retrieved from /opt/airflow/dags/airQuality.py
[2023-12-29T12:31:14.505+0000] {logging_mixin.py:154} INFO - [2023-12-29T12:31:14.505+0000] {dag.py:2941} INFO - Sync 1 DAGs
[2023-12-29T12:31:14.526+0000] {logging_mixin.py:154} INFO - [2023-12-29T12:31:14.526+0000] {dag.py:3722} INFO - Setting next_dagrun for air_quality to 2023-12-29T04:00:00+00:00, run_after=2023-12-30T04:00:00+00:00
[2023-12-29T12:31:14.568+0000] {processor.py:179} INFO - Processing /opt/airflow/dags/airQuality.py took 0.205 seconds
[2023-12-29T12:31:44.816+0000] {processor.py:157} INFO - Started process (PID=217) to work on /opt/airflow/dags/airQuality.py
[2023-12-29T12:31:44.817+0000] {processor.py:829} INFO - Processing file /opt/airflow/dags/airQuality.py for tasks to queue
[2023-12-29T12:31:44.822+0000] {logging_mixin.py:154} INFO - [2023-12-29T12:31:44.821+0000] {dagbag.py:536} INFO - Filling up the DagBag from /opt/airflow/dags/airQuality.py
[2023-12-29T12:31:44.898+0000] {processor.py:839} INFO - DAG(s) dict_keys(['air_quality']) retrieved from /opt/airflow/dags/airQuality.py
[2023-12-29T12:31:44.989+0000] {logging_mixin.py:154} INFO - [2023-12-29T12:31:44.989+0000] {dag.py:2941} INFO - Sync 1 DAGs
[2023-12-29T12:31:45.014+0000] {logging_mixin.py:154} INFO - [2023-12-29T12:31:45.013+0000] {dag.py:3722} INFO - Setting next_dagrun for air_quality to 2023-12-29T04:00:00+00:00, run_after=2023-12-30T04:00:00+00:00
[2023-12-29T12:31:45.156+0000] {processor.py:179} INFO - Processing /opt/airflow/dags/airQuality.py took 0.345 seconds
[2023-12-29T12:32:15.513+0000] {processor.py:157} INFO - Started process (PID=225) to work on /opt/airflow/dags/airQuality.py
[2023-12-29T12:32:15.517+0000] {processor.py:829} INFO - Processing file /opt/airflow/dags/airQuality.py for tasks to queue
[2023-12-29T12:32:15.527+0000] {logging_mixin.py:154} INFO - [2023-12-29T12:32:15.526+0000] {dagbag.py:536} INFO - Filling up the DagBag from /opt/airflow/dags/airQuality.py
[2023-12-29T12:32:15.736+0000] {processor.py:839} INFO - DAG(s) dict_keys(['air_quality']) retrieved from /opt/airflow/dags/airQuality.py
[2023-12-29T12:32:15.850+0000] {logging_mixin.py:154} INFO - [2023-12-29T12:32:15.850+0000] {dag.py:2941} INFO - Sync 1 DAGs
[2023-12-29T12:32:15.874+0000] {logging_mixin.py:154} INFO - [2023-12-29T12:32:15.873+0000] {dag.py:3722} INFO - Setting next_dagrun for air_quality to 2023-12-29T04:00:00+00:00, run_after=2023-12-30T04:00:00+00:00
[2023-12-29T12:32:15.898+0000] {processor.py:179} INFO - Processing /opt/airflow/dags/airQuality.py took 0.398 seconds
[2023-12-29T12:32:46.330+0000] {processor.py:157} INFO - Started process (PID=233) to work on /opt/airflow/dags/airQuality.py
[2023-12-29T12:32:46.334+0000] {processor.py:829} INFO - Processing file /opt/airflow/dags/airQuality.py for tasks to queue
[2023-12-29T12:32:46.339+0000] {logging_mixin.py:154} INFO - [2023-12-29T12:32:46.338+0000] {dagbag.py:536} INFO - Filling up the DagBag from /opt/airflow/dags/airQuality.py
[2023-12-29T12:32:46.416+0000] {processor.py:839} INFO - DAG(s) dict_keys(['air_quality']) retrieved from /opt/airflow/dags/airQuality.py
[2023-12-29T12:32:46.519+0000] {logging_mixin.py:154} INFO - [2023-12-29T12:32:46.519+0000] {dag.py:2941} INFO - Sync 1 DAGs
[2023-12-29T12:32:46.543+0000] {logging_mixin.py:154} INFO - [2023-12-29T12:32:46.542+0000] {dag.py:3722} INFO - Setting next_dagrun for air_quality to 2023-12-29T04:00:00+00:00, run_after=2023-12-30T04:00:00+00:00
[2023-12-29T12:32:46.575+0000] {processor.py:179} INFO - Processing /opt/airflow/dags/airQuality.py took 0.256 seconds
