[2023-12-17T11:19:18.269+0000] {logging_mixin.py:154} INFO - Changing /opt/***/logs/dag_id=air_quality/run_id=scheduled__2023-12-10T04:00:00+00:00/task_id=Insert_Data permission to 509
[2023-12-17T11:19:18.272+0000] {logging_mixin.py:154} INFO - Failed to change /opt/***/logs/dag_id=air_quality/run_id=scheduled__2023-12-10T04:00:00+00:00/task_id=Insert_Data permission to 509: [Errno 1] Operation not permitted: '/opt/***/logs/dag_id=air_quality/run_id=scheduled__2023-12-10T04:00:00+00:00/task_id=Insert_Data'
[2023-12-17T11:19:18.477+0000] {logging_mixin.py:154} INFO - Changing /opt/***/logs/dag_id=air_quality/run_id=scheduled__2023-12-10T04:00:00+00:00/task_id=Insert_Data permission to 509
[2023-12-17T11:19:18.487+0000] {logging_mixin.py:154} INFO - Failed to change /opt/***/logs/dag_id=air_quality/run_id=scheduled__2023-12-10T04:00:00+00:00/task_id=Insert_Data permission to 509: [Errno 1] Operation not permitted: '/opt/***/logs/dag_id=air_quality/run_id=scheduled__2023-12-10T04:00:00+00:00/task_id=Insert_Data'
[2023-12-17T11:19:18.801+0000] {taskinstance.py:1159} INFO - Dependencies all met for dep_context=non-requeueable deps ti=<TaskInstance: air_quality.Insert_Data scheduled__2023-12-10T04:00:00+00:00 [queued]>
[2023-12-17T11:19:18.904+0000] {taskinstance.py:1159} INFO - Dependencies all met for dep_context=requeueable deps ti=<TaskInstance: air_quality.Insert_Data scheduled__2023-12-10T04:00:00+00:00 [queued]>
[2023-12-17T11:19:18.916+0000] {taskinstance.py:1361} INFO - Starting attempt 1 of 2
[2023-12-17T11:19:19.113+0000] {taskinstance.py:1382} INFO - Executing <Task(PythonOperator): Insert_Data> on 2023-12-10 04:00:00+00:00
[2023-12-17T11:19:19.137+0000] {standard_task_runner.py:57} INFO - Started process 2487 to run task
[2023-12-17T11:19:19.136+0000] {standard_task_runner.py:84} INFO - Running: ['***', 'tasks', 'run', 'air_quality', 'Insert_Data', 'scheduled__2023-12-10T04:00:00+00:00', '--job-id', '423', '--raw', '--subdir', 'DAGS_FOLDER/airQuality.py', '--cfg-path', '/tmp/tmpmo7odopm']
[2023-12-17T11:19:19.151+0000] {standard_task_runner.py:85} INFO - Job 423: Subtask Insert_Data
[2023-12-17T11:19:19.452+0000] {logging_mixin.py:154} INFO - Changing /opt/***/logs/dag_id=air_quality/run_id=scheduled__2023-12-10T04:00:00+00:00/task_id=Insert_Data permission to 509
[2023-12-17T11:19:19.454+0000] {logging_mixin.py:154} INFO - Failed to change /opt/***/logs/dag_id=air_quality/run_id=scheduled__2023-12-10T04:00:00+00:00/task_id=Insert_Data permission to 509: [Errno 1] Operation not permitted: '/opt/***/logs/dag_id=air_quality/run_id=scheduled__2023-12-10T04:00:00+00:00/task_id=Insert_Data'
[2023-12-17T11:19:19.465+0000] {task_command.py:416} INFO - Running <TaskInstance: air_quality.Insert_Data scheduled__2023-12-10T04:00:00+00:00 [running]> on host 1a58977f5573
[2023-12-17T11:19:20.026+0000] {taskinstance.py:1662} INFO - Exporting env vars: AIRFLOW_CTX_DAG_OWNER='ghifari' AIRFLOW_CTX_DAG_ID='air_quality' AIRFLOW_CTX_TASK_ID='Insert_Data' AIRFLOW_CTX_EXECUTION_DATE='2023-12-10T04:00:00+00:00' AIRFLOW_CTX_TRY_NUMBER='1' AIRFLOW_CTX_DAG_RUN_ID='scheduled__2023-12-10T04:00:00+00:00'
[2023-12-17T11:19:22.115+0000] {logging_mixin.py:154} INFO - city           object
country        object
unit           object
last_value    float64
lat           float64
lng           float64
dtype: object
[2023-12-17T11:19:22.146+0000] {base.py:73} INFO - Using connection ID 'neonServerDB-Postgres' for task execution.
[2023-12-17T11:19:23.555+0000] {python.py:194} INFO - Done. Returned value was: None
[2023-12-17T11:19:23.582+0000] {taskinstance.py:1400} INFO - Marking task as SUCCESS. dag_id=air_quality, task_id=Insert_Data, execution_date=20231210T040000, start_date=20231217T111918, end_date=20231217T111923
[2023-12-17T11:19:23.708+0000] {local_task_job_runner.py:228} INFO - Task exited with return code 0
[2023-12-17T11:19:23.770+0000] {taskinstance.py:2778} INFO - 0 downstream tasks scheduled from follow-on schedule check
[2023-12-17T12:18:28.318+0000] {logging_mixin.py:154} INFO - Changing /opt/***/logs/dag_id=air_quality/run_id=scheduled__2023-12-10T04:00:00+00:00/task_id=Insert_Data permission to 509
[2023-12-17T12:18:28.326+0000] {logging_mixin.py:154} INFO - Failed to change /opt/***/logs/dag_id=air_quality/run_id=scheduled__2023-12-10T04:00:00+00:00/task_id=Insert_Data permission to 509: [Errno 1] Operation not permitted: '/opt/***/logs/dag_id=air_quality/run_id=scheduled__2023-12-10T04:00:00+00:00/task_id=Insert_Data'
[2023-12-17T12:18:28.437+0000] {logging_mixin.py:154} INFO - Changing /opt/***/logs/dag_id=air_quality/run_id=scheduled__2023-12-10T04:00:00+00:00/task_id=Insert_Data permission to 509
[2023-12-17T12:18:28.438+0000] {logging_mixin.py:154} INFO - Failed to change /opt/***/logs/dag_id=air_quality/run_id=scheduled__2023-12-10T04:00:00+00:00/task_id=Insert_Data permission to 509: [Errno 1] Operation not permitted: '/opt/***/logs/dag_id=air_quality/run_id=scheduled__2023-12-10T04:00:00+00:00/task_id=Insert_Data'
[2023-12-17T12:18:28.599+0000] {taskinstance.py:1159} INFO - Dependencies all met for dep_context=non-requeueable deps ti=<TaskInstance: air_quality.Insert_Data scheduled__2023-12-10T04:00:00+00:00 [queued]>
[2023-12-17T12:18:28.647+0000] {taskinstance.py:1159} INFO - Dependencies all met for dep_context=requeueable deps ti=<TaskInstance: air_quality.Insert_Data scheduled__2023-12-10T04:00:00+00:00 [queued]>
[2023-12-17T12:18:28.658+0000] {taskinstance.py:1361} INFO - Starting attempt 1 of 2
[2023-12-17T12:18:28.733+0000] {taskinstance.py:1382} INFO - Executing <Task(PythonOperator): Insert_Data> on 2023-12-10 04:00:00+00:00
[2023-12-17T12:18:28.752+0000] {standard_task_runner.py:84} INFO - Running: ['***', 'tasks', 'run', 'air_quality', 'Insert_Data', 'scheduled__2023-12-10T04:00:00+00:00', '--job-id', '642', '--raw', '--subdir', 'DAGS_FOLDER/airQuality.py', '--cfg-path', '/tmp/tmp_yu7sre5']
[2023-12-17T12:18:28.755+0000] {standard_task_runner.py:85} INFO - Job 642: Subtask Insert_Data
[2023-12-17T12:18:28.743+0000] {standard_task_runner.py:57} INFO - Started process 4226 to run task
[2023-12-17T12:18:28.898+0000] {logging_mixin.py:154} INFO - Changing /opt/***/logs/dag_id=air_quality/run_id=scheduled__2023-12-10T04:00:00+00:00/task_id=Insert_Data permission to 509
[2023-12-17T12:18:28.899+0000] {logging_mixin.py:154} INFO - Failed to change /opt/***/logs/dag_id=air_quality/run_id=scheduled__2023-12-10T04:00:00+00:00/task_id=Insert_Data permission to 509: [Errno 1] Operation not permitted: '/opt/***/logs/dag_id=air_quality/run_id=scheduled__2023-12-10T04:00:00+00:00/task_id=Insert_Data'
[2023-12-17T12:18:28.903+0000] {task_command.py:416} INFO - Running <TaskInstance: air_quality.Insert_Data scheduled__2023-12-10T04:00:00+00:00 [running]> on host 1a58977f5573
[2023-12-17T12:18:29.253+0000] {taskinstance.py:1662} INFO - Exporting env vars: AIRFLOW_CTX_DAG_OWNER='ghifari' AIRFLOW_CTX_DAG_ID='air_quality' AIRFLOW_CTX_TASK_ID='Insert_Data' AIRFLOW_CTX_EXECUTION_DATE='2023-12-10T04:00:00+00:00' AIRFLOW_CTX_TRY_NUMBER='1' AIRFLOW_CTX_DAG_RUN_ID='scheduled__2023-12-10T04:00:00+00:00'
[2023-12-17T12:18:30.835+0000] {logging_mixin.py:154} INFO - city           object
country        object
unit           object
last_value    float64
lat           float64
lng           float64
dtype: object
[2023-12-17T12:18:30.864+0000] {base.py:73} INFO - Using connection ID 'neonServerDB-Postgres' for task execution.
[2023-12-17T12:18:31.763+0000] {python.py:194} INFO - Done. Returned value was: None
[2023-12-17T12:18:31.796+0000] {taskinstance.py:1400} INFO - Marking task as SUCCESS. dag_id=air_quality, task_id=Insert_Data, execution_date=20231210T040000, start_date=20231217T121828, end_date=20231217T121831
[2023-12-17T12:18:31.904+0000] {local_task_job_runner.py:228} INFO - Task exited with return code 0
[2023-12-17T12:18:31.956+0000] {taskinstance.py:2778} INFO - 0 downstream tasks scheduled from follow-on schedule check
[2023-12-17T12:18:58.071+0000] {logging_mixin.py:154} INFO - Changing /opt/***/logs/dag_id=air_quality/run_id=scheduled__2023-12-10T04:00:00+00:00/task_id=Insert_Data permission to 509
[2023-12-17T12:18:58.074+0000] {logging_mixin.py:154} INFO - Failed to change /opt/***/logs/dag_id=air_quality/run_id=scheduled__2023-12-10T04:00:00+00:00/task_id=Insert_Data permission to 509: [Errno 1] Operation not permitted: '/opt/***/logs/dag_id=air_quality/run_id=scheduled__2023-12-10T04:00:00+00:00/task_id=Insert_Data'
[2023-12-17T12:18:58.137+0000] {logging_mixin.py:154} INFO - Changing /opt/***/logs/dag_id=air_quality/run_id=scheduled__2023-12-10T04:00:00+00:00/task_id=Insert_Data permission to 509
[2023-12-17T12:18:58.138+0000] {logging_mixin.py:154} INFO - Failed to change /opt/***/logs/dag_id=air_quality/run_id=scheduled__2023-12-10T04:00:00+00:00/task_id=Insert_Data permission to 509: [Errno 1] Operation not permitted: '/opt/***/logs/dag_id=air_quality/run_id=scheduled__2023-12-10T04:00:00+00:00/task_id=Insert_Data'
[2023-12-17T12:18:58.216+0000] {taskinstance.py:1159} INFO - Dependencies all met for dep_context=non-requeueable deps ti=<TaskInstance: air_quality.Insert_Data scheduled__2023-12-10T04:00:00+00:00 [queued]>
[2023-12-17T12:18:58.241+0000] {taskinstance.py:1159} INFO - Dependencies all met for dep_context=requeueable deps ti=<TaskInstance: air_quality.Insert_Data scheduled__2023-12-10T04:00:00+00:00 [queued]>
[2023-12-17T12:18:58.241+0000] {taskinstance.py:1361} INFO - Starting attempt 1 of 2
[2023-12-17T12:18:58.270+0000] {taskinstance.py:1382} INFO - Executing <Task(PythonOperator): Insert_Data> on 2023-12-10 04:00:00+00:00
[2023-12-17T12:18:58.277+0000] {standard_task_runner.py:57} INFO - Started process 4501 to run task
[2023-12-17T12:18:58.284+0000] {standard_task_runner.py:84} INFO - Running: ['***', 'tasks', 'run', 'air_quality', 'Insert_Data', 'scheduled__2023-12-10T04:00:00+00:00', '--job-id', '697', '--raw', '--subdir', 'DAGS_FOLDER/airQuality.py', '--cfg-path', '/tmp/tmp7li79qc3']
[2023-12-17T12:18:58.286+0000] {standard_task_runner.py:85} INFO - Job 697: Subtask Insert_Data
[2023-12-17T12:18:58.373+0000] {logging_mixin.py:154} INFO - Changing /opt/***/logs/dag_id=air_quality/run_id=scheduled__2023-12-10T04:00:00+00:00/task_id=Insert_Data permission to 509
[2023-12-17T12:18:58.374+0000] {logging_mixin.py:154} INFO - Failed to change /opt/***/logs/dag_id=air_quality/run_id=scheduled__2023-12-10T04:00:00+00:00/task_id=Insert_Data permission to 509: [Errno 1] Operation not permitted: '/opt/***/logs/dag_id=air_quality/run_id=scheduled__2023-12-10T04:00:00+00:00/task_id=Insert_Data'
[2023-12-17T12:18:58.377+0000] {task_command.py:416} INFO - Running <TaskInstance: air_quality.Insert_Data scheduled__2023-12-10T04:00:00+00:00 [running]> on host 1a58977f5573
[2023-12-17T12:18:58.571+0000] {taskinstance.py:1662} INFO - Exporting env vars: AIRFLOW_CTX_DAG_OWNER='ghifari' AIRFLOW_CTX_DAG_ID='air_quality' AIRFLOW_CTX_TASK_ID='Insert_Data' AIRFLOW_CTX_EXECUTION_DATE='2023-12-10T04:00:00+00:00' AIRFLOW_CTX_TRY_NUMBER='1' AIRFLOW_CTX_DAG_RUN_ID='scheduled__2023-12-10T04:00:00+00:00'
[2023-12-17T12:18:59.607+0000] {logging_mixin.py:154} INFO - city           object
country        object
unit           object
last_value    float64
lat           float64
lng           float64
dtype: object
[2023-12-17T12:18:59.625+0000] {base.py:73} INFO - Using connection ID 'neonServerDB-Postgres' for task execution.
[2023-12-17T12:19:00.191+0000] {python.py:194} INFO - Done. Returned value was: None
[2023-12-17T12:19:00.208+0000] {taskinstance.py:1400} INFO - Marking task as SUCCESS. dag_id=air_quality, task_id=Insert_Data, execution_date=20231210T040000, start_date=20231217T121858, end_date=20231217T121900
[2023-12-17T12:19:00.271+0000] {local_task_job_runner.py:228} INFO - Task exited with return code 0
[2023-12-17T12:19:00.302+0000] {taskinstance.py:2778} INFO - 0 downstream tasks scheduled from follow-on schedule check
[2023-12-28T16:55:14.749+0000] {logging_mixin.py:154} INFO - Changing /opt/***/logs/dag_id=air_quality/run_id=scheduled__2023-12-10T04:00:00+00:00/task_id=Insert_Data permission to 509
[2023-12-28T16:55:14.756+0000] {logging_mixin.py:154} INFO - Failed to change /opt/***/logs/dag_id=air_quality/run_id=scheduled__2023-12-10T04:00:00+00:00/task_id=Insert_Data permission to 509: [Errno 1] Operation not permitted: '/opt/***/logs/dag_id=air_quality/run_id=scheduled__2023-12-10T04:00:00+00:00/task_id=Insert_Data'
[2023-12-28T16:55:14.884+0000] {logging_mixin.py:154} INFO - Changing /opt/***/logs/dag_id=air_quality/run_id=scheduled__2023-12-10T04:00:00+00:00/task_id=Insert_Data permission to 509
[2023-12-28T16:55:14.885+0000] {logging_mixin.py:154} INFO - Failed to change /opt/***/logs/dag_id=air_quality/run_id=scheduled__2023-12-10T04:00:00+00:00/task_id=Insert_Data permission to 509: [Errno 1] Operation not permitted: '/opt/***/logs/dag_id=air_quality/run_id=scheduled__2023-12-10T04:00:00+00:00/task_id=Insert_Data'
[2023-12-28T16:55:15.055+0000] {taskinstance.py:1159} INFO - Dependencies all met for dep_context=non-requeueable deps ti=<TaskInstance: air_quality.Insert_Data scheduled__2023-12-10T04:00:00+00:00 [queued]>
[2023-12-28T16:55:15.099+0000] {taskinstance.py:1159} INFO - Dependencies all met for dep_context=requeueable deps ti=<TaskInstance: air_quality.Insert_Data scheduled__2023-12-10T04:00:00+00:00 [queued]>
[2023-12-28T16:55:15.114+0000] {taskinstance.py:1361} INFO - Starting attempt 1 of 2
[2023-12-28T16:55:15.250+0000] {taskinstance.py:1382} INFO - Executing <Task(PythonOperator): Insert_Data> on 2023-12-10 04:00:00+00:00
[2023-12-28T16:55:15.269+0000] {standard_task_runner.py:57} INFO - Started process 1339 to run task
[2023-12-28T16:55:15.326+0000] {standard_task_runner.py:84} INFO - Running: ['***', 'tasks', 'run', 'air_quality', 'Insert_Data', 'scheduled__2023-12-10T04:00:00+00:00', '--job-id', '1163', '--raw', '--subdir', 'DAGS_FOLDER/airQuality.py', '--cfg-path', '/tmp/tmpms1xn2gq']
[2023-12-28T16:55:15.335+0000] {standard_task_runner.py:85} INFO - Job 1163: Subtask Insert_Data
[2023-12-28T16:55:15.804+0000] {logging_mixin.py:154} INFO - Changing /opt/***/logs/dag_id=air_quality/run_id=scheduled__2023-12-10T04:00:00+00:00/task_id=Insert_Data permission to 509
[2023-12-28T16:55:15.820+0000] {logging_mixin.py:154} INFO - Failed to change /opt/***/logs/dag_id=air_quality/run_id=scheduled__2023-12-10T04:00:00+00:00/task_id=Insert_Data permission to 509: [Errno 1] Operation not permitted: '/opt/***/logs/dag_id=air_quality/run_id=scheduled__2023-12-10T04:00:00+00:00/task_id=Insert_Data'
[2023-12-28T16:55:15.833+0000] {task_command.py:416} INFO - Running <TaskInstance: air_quality.Insert_Data scheduled__2023-12-10T04:00:00+00:00 [running]> on host d67dd4682ccf
[2023-12-28T16:55:16.384+0000] {taskinstance.py:1662} INFO - Exporting env vars: AIRFLOW_CTX_DAG_OWNER='ghifari' AIRFLOW_CTX_DAG_ID='air_quality' AIRFLOW_CTX_TASK_ID='Insert_Data' AIRFLOW_CTX_EXECUTION_DATE='2023-12-10T04:00:00+00:00' AIRFLOW_CTX_TRY_NUMBER='1' AIRFLOW_CTX_DAG_RUN_ID='scheduled__2023-12-10T04:00:00+00:00'
[2023-12-28T16:55:19.224+0000] {logging_mixin.py:154} INFO - city           object
country        object
unit           object
last_value    float64
lat           float64
lng           float64
dtype: object
[2023-12-28T16:55:19.271+0000] {base.py:73} INFO - Using connection ID 'neonServerDB-Postgres' for task execution.
[2023-12-28T16:55:19.548+0000] {python.py:194} INFO - Done. Returned value was: None
[2023-12-28T16:55:19.594+0000] {taskinstance.py:1400} INFO - Marking task as SUCCESS. dag_id=air_quality, task_id=Insert_Data, execution_date=20231210T040000, start_date=20231228T165515, end_date=20231228T165519
[2023-12-28T16:55:20.010+0000] {local_task_job_runner.py:228} INFO - Task exited with return code 0
[2023-12-28T16:55:20.175+0000] {taskinstance.py:2778} INFO - 0 downstream tasks scheduled from follow-on schedule check
