[2023-12-17T11:37:32.920+0000] {logging_mixin.py:154} INFO - Changing /opt/***/logs/dag_id=air_quality/run_id=manual__2023-12-17T11:37:30.636287+00:00/task_id=Check_Response permission to 509
[2023-12-17T11:37:32.921+0000] {logging_mixin.py:154} INFO - Failed to change /opt/***/logs/dag_id=air_quality/run_id=manual__2023-12-17T11:37:30.636287+00:00/task_id=Check_Response permission to 509: [Errno 1] Operation not permitted: '/opt/***/logs/dag_id=air_quality/run_id=manual__2023-12-17T11:37:30.636287+00:00/task_id=Check_Response'
[2023-12-17T11:37:32.949+0000] {logging_mixin.py:154} INFO - Changing /opt/***/logs/dag_id=air_quality/run_id=manual__2023-12-17T11:37:30.636287+00:00/task_id=Check_Response permission to 509
[2023-12-17T11:37:32.949+0000] {logging_mixin.py:154} INFO - Failed to change /opt/***/logs/dag_id=air_quality/run_id=manual__2023-12-17T11:37:30.636287+00:00/task_id=Check_Response permission to 509: [Errno 1] Operation not permitted: '/opt/***/logs/dag_id=air_quality/run_id=manual__2023-12-17T11:37:30.636287+00:00/task_id=Check_Response'
[2023-12-17T11:37:32.978+0000] {taskinstance.py:1159} INFO - Dependencies all met for dep_context=non-requeueable deps ti=<TaskInstance: air_quality.Check_Response manual__2023-12-17T11:37:30.636287+00:00 [queued]>
[2023-12-17T11:37:32.997+0000] {taskinstance.py:1159} INFO - Dependencies all met for dep_context=requeueable deps ti=<TaskInstance: air_quality.Check_Response manual__2023-12-17T11:37:30.636287+00:00 [queued]>
[2023-12-17T11:37:32.998+0000] {taskinstance.py:1361} INFO - Starting attempt 1 of 2
[2023-12-17T11:37:33.026+0000] {taskinstance.py:1382} INFO - Executing <Task(BranchPythonOperator): Check_Response> on 2023-12-17 11:37:30.636287+00:00
[2023-12-17T11:37:33.032+0000] {standard_task_runner.py:57} INFO - Started process 2901 to run task
[2023-12-17T11:37:33.037+0000] {standard_task_runner.py:84} INFO - Running: ['***', 'tasks', 'run', 'air_quality', 'Check_Response', 'manual__2023-12-17T11:37:30.636287+00:00', '--job-id', '442', '--raw', '--subdir', 'DAGS_FOLDER/airQuality.py', '--cfg-path', '/tmp/tmpe3vl66lp']
[2023-12-17T11:37:33.039+0000] {standard_task_runner.py:85} INFO - Job 442: Subtask Check_Response
[2023-12-17T11:37:33.109+0000] {logging_mixin.py:154} INFO - Changing /opt/***/logs/dag_id=air_quality/run_id=manual__2023-12-17T11:37:30.636287+00:00/task_id=Check_Response permission to 509
[2023-12-17T11:37:33.110+0000] {logging_mixin.py:154} INFO - Failed to change /opt/***/logs/dag_id=air_quality/run_id=manual__2023-12-17T11:37:30.636287+00:00/task_id=Check_Response permission to 509: [Errno 1] Operation not permitted: '/opt/***/logs/dag_id=air_quality/run_id=manual__2023-12-17T11:37:30.636287+00:00/task_id=Check_Response'
[2023-12-17T11:37:33.113+0000] {task_command.py:416} INFO - Running <TaskInstance: air_quality.Check_Response manual__2023-12-17T11:37:30.636287+00:00 [running]> on host 1a58977f5573
[2023-12-17T11:37:33.232+0000] {taskinstance.py:1662} INFO - Exporting env vars: AIRFLOW_CTX_DAG_OWNER='ghifari' AIRFLOW_CTX_DAG_ID='air_quality' AIRFLOW_CTX_TASK_ID='Check_Response' AIRFLOW_CTX_EXECUTION_DATE='2023-12-17T11:37:30.636287+00:00' AIRFLOW_CTX_TRY_NUMBER='1' AIRFLOW_CTX_DAG_RUN_ID='manual__2023-12-17T11:37:30.636287+00:00'
[2023-12-17T11:37:33.248+0000] {airQuality.py:112} INFO - Data Found: None
[2023-12-17T11:37:33.249+0000] {taskinstance.py:1937} ERROR - Task failed with exception
Traceback (most recent call last):
  File "/home/airflow/.local/lib/python3.8/site-packages/airflow/operators/python.py", line 226, in execute
    branch = super().execute(context)
  File "/home/airflow/.local/lib/python3.8/site-packages/airflow/operators/python.py", line 192, in execute
    return_value = self.execute_callable()
  File "/home/airflow/.local/lib/python3.8/site-packages/airflow/operators/python.py", line 209, in execute_callable
    return self.python_callable(*self.op_args, **self.op_kwargs)
  File "/opt/airflow/dags/airQuality.py", line 117, in checkResponse
    logger.info(f'Data Not Found: {resultResponse.status_code} - {resultResponse.reason}')
AttributeError: 'NoneType' object has no attribute 'status_code'
[2023-12-17T11:37:33.266+0000] {taskinstance.py:1400} INFO - Marking task as UP_FOR_RETRY. dag_id=air_quality, task_id=Check_Response, execution_date=20231217T113730, start_date=20231217T113732, end_date=20231217T113733
[2023-12-17T11:37:33.285+0000] {standard_task_runner.py:104} ERROR - Failed to execute job 442 for task Check_Response ('NoneType' object has no attribute 'status_code'; 2901)
[2023-12-17T11:37:33.331+0000] {local_task_job_runner.py:228} INFO - Task exited with return code 1
[2023-12-17T11:37:33.398+0000] {taskinstance.py:2778} INFO - 0 downstream tasks scheduled from follow-on schedule check
