[2023-12-17T12:00:07.787+0000] {logging_mixin.py:154} INFO - Changing /opt/***/logs/dag_id=air_quality/run_id=manual__2023-12-17T11:59:53.704605+00:00/task_id=CheckTable permission to 509
[2023-12-17T12:00:07.789+0000] {logging_mixin.py:154} INFO - Failed to change /opt/***/logs/dag_id=air_quality/run_id=manual__2023-12-17T11:59:53.704605+00:00/task_id=CheckTable permission to 509: [Errno 1] Operation not permitted: '/opt/***/logs/dag_id=air_quality/run_id=manual__2023-12-17T11:59:53.704605+00:00/task_id=CheckTable'
[2023-12-17T12:00:07.844+0000] {logging_mixin.py:154} INFO - Changing /opt/***/logs/dag_id=air_quality/run_id=manual__2023-12-17T11:59:53.704605+00:00/task_id=CheckTable permission to 509
[2023-12-17T12:00:07.845+0000] {logging_mixin.py:154} INFO - Failed to change /opt/***/logs/dag_id=air_quality/run_id=manual__2023-12-17T11:59:53.704605+00:00/task_id=CheckTable permission to 509: [Errno 1] Operation not permitted: '/opt/***/logs/dag_id=air_quality/run_id=manual__2023-12-17T11:59:53.704605+00:00/task_id=CheckTable'
[2023-12-17T12:00:07.898+0000] {taskinstance.py:1159} INFO - Dependencies all met for dep_context=non-requeueable deps ti=<TaskInstance: air_quality.CheckTable manual__2023-12-17T11:59:53.704605+00:00 [queued]>
[2023-12-17T12:00:07.914+0000] {taskinstance.py:1159} INFO - Dependencies all met for dep_context=requeueable deps ti=<TaskInstance: air_quality.CheckTable manual__2023-12-17T11:59:53.704605+00:00 [queued]>
[2023-12-17T12:00:07.915+0000] {taskinstance.py:1361} INFO - Starting attempt 1 of 2
[2023-12-17T12:00:07.941+0000] {taskinstance.py:1382} INFO - Executing <Task(BranchPythonOperator): CheckTable> on 2023-12-17 11:59:53.704605+00:00
[2023-12-17T12:00:07.947+0000] {standard_task_runner.py:57} INFO - Started process 3366 to run task
[2023-12-17T12:00:07.952+0000] {standard_task_runner.py:84} INFO - Running: ['***', 'tasks', 'run', 'air_quality', 'CheckTable', 'manual__2023-12-17T11:59:53.704605+00:00', '--job-id', '481', '--raw', '--subdir', 'DAGS_FOLDER/airQuality.py', '--cfg-path', '/tmp/tmp7vvwjgb_']
[2023-12-17T12:00:07.953+0000] {standard_task_runner.py:85} INFO - Job 481: Subtask CheckTable
[2023-12-17T12:00:08.024+0000] {logging_mixin.py:154} INFO - Changing /opt/***/logs/dag_id=air_quality/run_id=manual__2023-12-17T11:59:53.704605+00:00/task_id=CheckTable permission to 509
[2023-12-17T12:00:08.025+0000] {logging_mixin.py:154} INFO - Failed to change /opt/***/logs/dag_id=air_quality/run_id=manual__2023-12-17T11:59:53.704605+00:00/task_id=CheckTable permission to 509: [Errno 1] Operation not permitted: '/opt/***/logs/dag_id=air_quality/run_id=manual__2023-12-17T11:59:53.704605+00:00/task_id=CheckTable'
[2023-12-17T12:00:08.028+0000] {task_command.py:416} INFO - Running <TaskInstance: air_quality.CheckTable manual__2023-12-17T11:59:53.704605+00:00 [running]> on host 1a58977f5573
[2023-12-17T12:00:08.222+0000] {taskinstance.py:1662} INFO - Exporting env vars: AIRFLOW_CTX_DAG_OWNER='ghifari' AIRFLOW_CTX_DAG_ID='air_quality' AIRFLOW_CTX_TASK_ID='CheckTable' AIRFLOW_CTX_EXECUTION_DATE='2023-12-17T11:59:53.704605+00:00' AIRFLOW_CTX_TRY_NUMBER='1' AIRFLOW_CTX_DAG_RUN_ID='manual__2023-12-17T11:59:53.704605+00:00'
[2023-12-17T12:00:08.266+0000] {airQuality.py:205} INFO - Table Created: 
        CREATE TABLE air_quality (
            id serial primary key, 
            city varchar(250),
            country varchar(250), 
            unit varchar(20), 
            last_value float8, 
            lat float8,
            lng float8
        )
    
[2023-12-17T12:00:08.269+0000] {python.py:194} INFO - Done. Returned value was: Insert_Data
[2023-12-17T12:00:08.270+0000] {python.py:227} INFO - Branch callable return Insert_Data
[2023-12-17T12:00:08.272+0000] {skipmixin.py:173} INFO - Following branch Insert_Data
[2023-12-17T12:00:08.298+0000] {skipmixin.py:239} INFO - Skipping tasks []
[2023-12-17T12:00:08.417+0000] {taskinstance.py:1400} INFO - Marking task as SUCCESS. dag_id=air_quality, task_id=CheckTable, execution_date=20231217T115953, start_date=20231217T120007, end_date=20231217T120008
[2023-12-17T12:00:08.487+0000] {local_task_job_runner.py:228} INFO - Task exited with return code 0
[2023-12-17T12:00:08.601+0000] {taskinstance.py:2778} INFO - 1 downstream tasks scheduled from follow-on schedule check
