[2023-12-17T11:19:12.684+0000] {logging_mixin.py:154} INFO - Changing /opt/***/logs/dag_id=air_quality/run_id=scheduled__2023-12-16T04:00:00+00:00/task_id=Create_Table permission to 509
[2023-12-17T11:19:12.685+0000] {logging_mixin.py:154} INFO - Failed to change /opt/***/logs/dag_id=air_quality/run_id=scheduled__2023-12-16T04:00:00+00:00/task_id=Create_Table permission to 509: [Errno 1] Operation not permitted: '/opt/***/logs/dag_id=air_quality/run_id=scheduled__2023-12-16T04:00:00+00:00/task_id=Create_Table'
[2023-12-17T11:19:12.727+0000] {logging_mixin.py:154} INFO - Changing /opt/***/logs/dag_id=air_quality/run_id=scheduled__2023-12-16T04:00:00+00:00/task_id=Create_Table permission to 509
[2023-12-17T11:19:12.727+0000] {logging_mixin.py:154} INFO - Failed to change /opt/***/logs/dag_id=air_quality/run_id=scheduled__2023-12-16T04:00:00+00:00/task_id=Create_Table permission to 509: [Errno 1] Operation not permitted: '/opt/***/logs/dag_id=air_quality/run_id=scheduled__2023-12-16T04:00:00+00:00/task_id=Create_Table'
[2023-12-17T11:19:12.769+0000] {taskinstance.py:1159} INFO - Dependencies all met for dep_context=non-requeueable deps ti=<TaskInstance: air_quality.Create_Table scheduled__2023-12-16T04:00:00+00:00 [queued]>
[2023-12-17T11:19:12.784+0000] {taskinstance.py:1159} INFO - Dependencies all met for dep_context=requeueable deps ti=<TaskInstance: air_quality.Create_Table scheduled__2023-12-16T04:00:00+00:00 [queued]>
[2023-12-17T11:19:12.785+0000] {taskinstance.py:1361} INFO - Starting attempt 1 of 2
[2023-12-17T11:19:12.806+0000] {taskinstance.py:1382} INFO - Executing <Task(PythonOperator): Create_Table> on 2023-12-16 04:00:00+00:00
[2023-12-17T11:19:12.813+0000] {standard_task_runner.py:57} INFO - Started process 2456 to run task
[2023-12-17T11:19:12.818+0000] {standard_task_runner.py:84} INFO - Running: ['***', 'tasks', 'run', 'air_quality', 'Create_Table', 'scheduled__2023-12-16T04:00:00+00:00', '--job-id', '413', '--raw', '--subdir', 'DAGS_FOLDER/airQuality.py', '--cfg-path', '/tmp/tmptm987trw']
[2023-12-17T11:19:12.820+0000] {standard_task_runner.py:85} INFO - Job 413: Subtask Create_Table
[2023-12-17T11:19:12.888+0000] {logging_mixin.py:154} INFO - Changing /opt/***/logs/dag_id=air_quality/run_id=scheduled__2023-12-16T04:00:00+00:00/task_id=Create_Table permission to 509
[2023-12-17T11:19:12.889+0000] {logging_mixin.py:154} INFO - Failed to change /opt/***/logs/dag_id=air_quality/run_id=scheduled__2023-12-16T04:00:00+00:00/task_id=Create_Table permission to 509: [Errno 1] Operation not permitted: '/opt/***/logs/dag_id=air_quality/run_id=scheduled__2023-12-16T04:00:00+00:00/task_id=Create_Table'
[2023-12-17T11:19:12.891+0000] {task_command.py:416} INFO - Running <TaskInstance: air_quality.Create_Table scheduled__2023-12-16T04:00:00+00:00 [running]> on host 1a58977f5573
[2023-12-17T11:19:13.010+0000] {taskinstance.py:1662} INFO - Exporting env vars: AIRFLOW_CTX_DAG_OWNER='ghifari' AIRFLOW_CTX_DAG_ID='air_quality' AIRFLOW_CTX_TASK_ID='Create_Table' AIRFLOW_CTX_EXECUTION_DATE='2023-12-16T04:00:00+00:00' AIRFLOW_CTX_TRY_NUMBER='1' AIRFLOW_CTX_DAG_RUN_ID='scheduled__2023-12-16T04:00:00+00:00'
[2023-12-17T11:19:13.023+0000] {base.py:73} INFO - Using connection ID 'neonServerDB-Postgres' for task execution.
[2023-12-17T11:19:13.497+0000] {airQuality.py:160} INFO - Table air_quality Already Exist
[2023-12-17T11:19:13.537+0000] {python.py:194} INFO - Done. Returned value was: 
        CREATE TABLE air_quality (
            id serial primary key, 
            city varchar(250),
            country varchar(250), 
            unit varchar(20), 
            last_value float8, 
            lat float8,
            lng float8
        )
    
[2023-12-17T11:19:13.569+0000] {taskinstance.py:1400} INFO - Marking task as SUCCESS. dag_id=air_quality, task_id=Create_Table, execution_date=20231216T040000, start_date=20231217T111912, end_date=20231217T111913
[2023-12-17T11:19:13.606+0000] {local_task_job_runner.py:228} INFO - Task exited with return code 0
[2023-12-17T11:19:13.665+0000] {taskinstance.py:2778} INFO - 1 downstream tasks scheduled from follow-on schedule check
[2023-12-17T12:18:24.006+0000] {logging_mixin.py:154} INFO - Changing /opt/***/logs/dag_id=air_quality/run_id=scheduled__2023-12-16T04:00:00+00:00/task_id=Create_Table permission to 509
[2023-12-17T12:18:24.009+0000] {logging_mixin.py:154} INFO - Failed to change /opt/***/logs/dag_id=air_quality/run_id=scheduled__2023-12-16T04:00:00+00:00/task_id=Create_Table permission to 509: [Errno 1] Operation not permitted: '/opt/***/logs/dag_id=air_quality/run_id=scheduled__2023-12-16T04:00:00+00:00/task_id=Create_Table'
[2023-12-17T12:18:24.119+0000] {logging_mixin.py:154} INFO - Changing /opt/***/logs/dag_id=air_quality/run_id=scheduled__2023-12-16T04:00:00+00:00/task_id=Create_Table permission to 509
[2023-12-17T12:18:24.120+0000] {logging_mixin.py:154} INFO - Failed to change /opt/***/logs/dag_id=air_quality/run_id=scheduled__2023-12-16T04:00:00+00:00/task_id=Create_Table permission to 509: [Errno 1] Operation not permitted: '/opt/***/logs/dag_id=air_quality/run_id=scheduled__2023-12-16T04:00:00+00:00/task_id=Create_Table'
[2023-12-17T12:18:24.257+0000] {taskinstance.py:1159} INFO - Dependencies all met for dep_context=non-requeueable deps ti=<TaskInstance: air_quality.Create_Table scheduled__2023-12-16T04:00:00+00:00 [queued]>
[2023-12-17T12:18:24.301+0000] {taskinstance.py:1159} INFO - Dependencies all met for dep_context=requeueable deps ti=<TaskInstance: air_quality.Create_Table scheduled__2023-12-16T04:00:00+00:00 [queued]>
[2023-12-17T12:18:24.316+0000] {taskinstance.py:1361} INFO - Starting attempt 1 of 2
[2023-12-17T12:18:24.448+0000] {taskinstance.py:1382} INFO - Executing <Task(PythonOperator): Create_Table> on 2023-12-16 04:00:00+00:00
[2023-12-17T12:18:24.480+0000] {standard_task_runner.py:57} INFO - Started process 4188 to run task
[2023-12-17T12:18:24.505+0000] {standard_task_runner.py:84} INFO - Running: ['***', 'tasks', 'run', 'air_quality', 'Create_Table', 'scheduled__2023-12-16T04:00:00+00:00', '--job-id', '629', '--raw', '--subdir', 'DAGS_FOLDER/airQuality.py', '--cfg-path', '/tmp/tmphband2qd']
[2023-12-17T12:18:24.537+0000] {standard_task_runner.py:85} INFO - Job 629: Subtask Create_Table
[2023-12-17T12:18:24.860+0000] {logging_mixin.py:154} INFO - Changing /opt/***/logs/dag_id=air_quality/run_id=scheduled__2023-12-16T04:00:00+00:00/task_id=Create_Table permission to 509
[2023-12-17T12:18:24.865+0000] {logging_mixin.py:154} INFO - Failed to change /opt/***/logs/dag_id=air_quality/run_id=scheduled__2023-12-16T04:00:00+00:00/task_id=Create_Table permission to 509: [Errno 1] Operation not permitted: '/opt/***/logs/dag_id=air_quality/run_id=scheduled__2023-12-16T04:00:00+00:00/task_id=Create_Table'
[2023-12-17T12:18:24.872+0000] {task_command.py:416} INFO - Running <TaskInstance: air_quality.Create_Table scheduled__2023-12-16T04:00:00+00:00 [running]> on host 1a58977f5573
[2023-12-17T12:18:25.250+0000] {taskinstance.py:1662} INFO - Exporting env vars: AIRFLOW_CTX_DAG_OWNER='ghifari' AIRFLOW_CTX_DAG_ID='air_quality' AIRFLOW_CTX_TASK_ID='Create_Table' AIRFLOW_CTX_EXECUTION_DATE='2023-12-16T04:00:00+00:00' AIRFLOW_CTX_TRY_NUMBER='1' AIRFLOW_CTX_DAG_RUN_ID='scheduled__2023-12-16T04:00:00+00:00'
[2023-12-17T12:18:25.289+0000] {base.py:73} INFO - Using connection ID 'neonServerDB-Postgres' for task execution.
[2023-12-17T12:18:25.968+0000] {airQuality.py:161} INFO - Table air_quality Already Exist
[2023-12-17T12:18:26.006+0000] {python.py:194} INFO - Done. Returned value was: 
        CREATE TABLE air_quality (
            id serial primary key, 
            city varchar(250),
            country varchar(250), 
            unit varchar(20), 
            last_value float8, 
            lat float8,
            lng float8
        )
    
[2023-12-17T12:18:26.097+0000] {taskinstance.py:1400} INFO - Marking task as SUCCESS. dag_id=air_quality, task_id=Create_Table, execution_date=20231216T040000, start_date=20231217T121824, end_date=20231217T121826
[2023-12-17T12:18:26.190+0000] {local_task_job_runner.py:228} INFO - Task exited with return code 0
[2023-12-17T12:18:26.302+0000] {taskinstance.py:2778} INFO - 1 downstream tasks scheduled from follow-on schedule check
[2023-12-17T12:19:10.789+0000] {logging_mixin.py:154} INFO - Changing /opt/***/logs/dag_id=air_quality/run_id=scheduled__2023-12-16T04:00:00+00:00/task_id=Create_Table permission to 509
[2023-12-17T12:19:10.792+0000] {logging_mixin.py:154} INFO - Failed to change /opt/***/logs/dag_id=air_quality/run_id=scheduled__2023-12-16T04:00:00+00:00/task_id=Create_Table permission to 509: [Errno 1] Operation not permitted: '/opt/***/logs/dag_id=air_quality/run_id=scheduled__2023-12-16T04:00:00+00:00/task_id=Create_Table'
[2023-12-17T12:19:10.860+0000] {logging_mixin.py:154} INFO - Changing /opt/***/logs/dag_id=air_quality/run_id=scheduled__2023-12-16T04:00:00+00:00/task_id=Create_Table permission to 509
[2023-12-17T12:19:10.862+0000] {logging_mixin.py:154} INFO - Failed to change /opt/***/logs/dag_id=air_quality/run_id=scheduled__2023-12-16T04:00:00+00:00/task_id=Create_Table permission to 509: [Errno 1] Operation not permitted: '/opt/***/logs/dag_id=air_quality/run_id=scheduled__2023-12-16T04:00:00+00:00/task_id=Create_Table'
[2023-12-17T12:19:10.932+0000] {taskinstance.py:1159} INFO - Dependencies all met for dep_context=non-requeueable deps ti=<TaskInstance: air_quality.Create_Table scheduled__2023-12-16T04:00:00+00:00 [queued]>
[2023-12-17T12:19:10.963+0000] {taskinstance.py:1159} INFO - Dependencies all met for dep_context=requeueable deps ti=<TaskInstance: air_quality.Create_Table scheduled__2023-12-16T04:00:00+00:00 [queued]>
[2023-12-17T12:19:10.964+0000] {taskinstance.py:1361} INFO - Starting attempt 1 of 2
[2023-12-17T12:19:10.995+0000] {taskinstance.py:1382} INFO - Executing <Task(PythonOperator): Create_Table> on 2023-12-16 04:00:00+00:00
[2023-12-17T12:19:11.003+0000] {standard_task_runner.py:57} INFO - Started process 4606 to run task
[2023-12-17T12:19:11.009+0000] {standard_task_runner.py:84} INFO - Running: ['***', 'tasks', 'run', 'air_quality', 'Create_Table', 'scheduled__2023-12-16T04:00:00+00:00', '--job-id', '715', '--raw', '--subdir', 'DAGS_FOLDER/airQuality.py', '--cfg-path', '/tmp/tmp3oi3b6pg']
[2023-12-17T12:19:11.012+0000] {standard_task_runner.py:85} INFO - Job 715: Subtask Create_Table
[2023-12-17T12:19:11.115+0000] {logging_mixin.py:154} INFO - Changing /opt/***/logs/dag_id=air_quality/run_id=scheduled__2023-12-16T04:00:00+00:00/task_id=Create_Table permission to 509
[2023-12-17T12:19:11.116+0000] {logging_mixin.py:154} INFO - Failed to change /opt/***/logs/dag_id=air_quality/run_id=scheduled__2023-12-16T04:00:00+00:00/task_id=Create_Table permission to 509: [Errno 1] Operation not permitted: '/opt/***/logs/dag_id=air_quality/run_id=scheduled__2023-12-16T04:00:00+00:00/task_id=Create_Table'
[2023-12-17T12:19:11.119+0000] {task_command.py:416} INFO - Running <TaskInstance: air_quality.Create_Table scheduled__2023-12-16T04:00:00+00:00 [running]> on host 1a58977f5573
[2023-12-17T12:19:11.355+0000] {taskinstance.py:1662} INFO - Exporting env vars: AIRFLOW_CTX_DAG_OWNER='ghifari' AIRFLOW_CTX_DAG_ID='air_quality' AIRFLOW_CTX_TASK_ID='Create_Table' AIRFLOW_CTX_EXECUTION_DATE='2023-12-16T04:00:00+00:00' AIRFLOW_CTX_TRY_NUMBER='1' AIRFLOW_CTX_DAG_RUN_ID='scheduled__2023-12-16T04:00:00+00:00'
[2023-12-17T12:19:11.386+0000] {base.py:73} INFO - Using connection ID 'neonServerDB-Postgres' for task execution.
[2023-12-17T12:19:12.246+0000] {airQuality.py:161} INFO - Table air_quality Already Exist
[2023-12-17T12:19:12.272+0000] {python.py:194} INFO - Done. Returned value was: 
        CREATE TABLE air_quality (
            id serial primary key, 
            city varchar(250),
            country varchar(250), 
            unit varchar(20), 
            last_value float8, 
            lat float8,
            lng float8
        )
    
[2023-12-17T12:19:12.306+0000] {taskinstance.py:1400} INFO - Marking task as SUCCESS. dag_id=air_quality, task_id=Create_Table, execution_date=20231216T040000, start_date=20231217T121910, end_date=20231217T121912
[2023-12-17T12:19:12.353+0000] {local_task_job_runner.py:228} INFO - Task exited with return code 0
[2023-12-17T12:19:12.403+0000] {taskinstance.py:2778} INFO - 1 downstream tasks scheduled from follow-on schedule check
[2023-12-28T16:52:06.249+0000] {logging_mixin.py:154} INFO - Changing /opt/***/logs/dag_id=air_quality/run_id=scheduled__2023-12-16T04:00:00+00:00/task_id=Create_Table permission to 509
[2023-12-28T16:52:06.265+0000] {logging_mixin.py:154} INFO - Failed to change /opt/***/logs/dag_id=air_quality/run_id=scheduled__2023-12-16T04:00:00+00:00/task_id=Create_Table permission to 509: [Errno 1] Operation not permitted: '/opt/***/logs/dag_id=air_quality/run_id=scheduled__2023-12-16T04:00:00+00:00/task_id=Create_Table'
[2023-12-28T16:52:06.439+0000] {logging_mixin.py:154} INFO - Changing /opt/***/logs/dag_id=air_quality/run_id=scheduled__2023-12-16T04:00:00+00:00/task_id=Create_Table permission to 509
[2023-12-28T16:52:06.440+0000] {logging_mixin.py:154} INFO - Failed to change /opt/***/logs/dag_id=air_quality/run_id=scheduled__2023-12-16T04:00:00+00:00/task_id=Create_Table permission to 509: [Errno 1] Operation not permitted: '/opt/***/logs/dag_id=air_quality/run_id=scheduled__2023-12-16T04:00:00+00:00/task_id=Create_Table'
[2023-12-28T16:52:06.599+0000] {taskinstance.py:1159} INFO - Dependencies all met for dep_context=non-requeueable deps ti=<TaskInstance: air_quality.Create_Table scheduled__2023-12-16T04:00:00+00:00 [queued]>
[2023-12-28T16:52:06.676+0000] {taskinstance.py:1159} INFO - Dependencies all met for dep_context=requeueable deps ti=<TaskInstance: air_quality.Create_Table scheduled__2023-12-16T04:00:00+00:00 [queued]>
[2023-12-28T16:52:06.677+0000] {taskinstance.py:1361} INFO - Starting attempt 1 of 2
[2023-12-28T16:52:06.772+0000] {taskinstance.py:1382} INFO - Executing <Task(PythonOperator): Create_Table> on 2023-12-16 04:00:00+00:00
[2023-12-28T16:52:06.810+0000] {standard_task_runner.py:57} INFO - Started process 322 to run task
[2023-12-28T16:52:06.828+0000] {standard_task_runner.py:84} INFO - Running: ['***', 'tasks', 'run', 'air_quality', 'Create_Table', 'scheduled__2023-12-16T04:00:00+00:00', '--job-id', '904', '--raw', '--subdir', 'DAGS_FOLDER/airQuality.py', '--cfg-path', '/tmp/tmp6acj11zb']
[2023-12-28T16:52:06.838+0000] {standard_task_runner.py:85} INFO - Job 904: Subtask Create_Table
[2023-12-28T16:52:07.118+0000] {logging_mixin.py:154} INFO - Changing /opt/***/logs/dag_id=air_quality/run_id=scheduled__2023-12-16T04:00:00+00:00/task_id=Create_Table permission to 509
[2023-12-28T16:52:07.122+0000] {logging_mixin.py:154} INFO - Failed to change /opt/***/logs/dag_id=air_quality/run_id=scheduled__2023-12-16T04:00:00+00:00/task_id=Create_Table permission to 509: [Errno 1] Operation not permitted: '/opt/***/logs/dag_id=air_quality/run_id=scheduled__2023-12-16T04:00:00+00:00/task_id=Create_Table'
[2023-12-28T16:52:07.127+0000] {task_command.py:416} INFO - Running <TaskInstance: air_quality.Create_Table scheduled__2023-12-16T04:00:00+00:00 [running]> on host d67dd4682ccf
[2023-12-28T16:52:07.798+0000] {taskinstance.py:1662} INFO - Exporting env vars: AIRFLOW_CTX_DAG_OWNER='ghifari' AIRFLOW_CTX_DAG_ID='air_quality' AIRFLOW_CTX_TASK_ID='Create_Table' AIRFLOW_CTX_EXECUTION_DATE='2023-12-16T04:00:00+00:00' AIRFLOW_CTX_TRY_NUMBER='1' AIRFLOW_CTX_DAG_RUN_ID='scheduled__2023-12-16T04:00:00+00:00'
[2023-12-28T16:52:07.865+0000] {base.py:73} INFO - Using connection ID 'neonServerDB-Postgres' for task execution.
[2023-12-28T16:52:08.278+0000] {airQuality.py:139} INFO - Table air_quality Already Exist
[2023-12-28T16:52:08.372+0000] {python.py:194} INFO - Done. Returned value was: 
        CREATE TABLE air_quality (
            id serial primary key, 
            city varchar(250),
            country varchar(250), 
            unit varchar(20), 
            last_value float8, 
            lat float8,
            lng float8
        )
    
[2023-12-28T16:52:08.547+0000] {taskinstance.py:1400} INFO - Marking task as SUCCESS. dag_id=air_quality, task_id=Create_Table, execution_date=20231216T040000, start_date=20231228T165206, end_date=20231228T165208
[2023-12-28T16:52:08.678+0000] {local_task_job_runner.py:228} INFO - Task exited with return code 0
[2023-12-28T16:52:09.083+0000] {taskinstance.py:2778} INFO - 0 downstream tasks scheduled from follow-on schedule check
[2023-12-28T16:55:07.384+0000] {logging_mixin.py:154} INFO - Changing /opt/***/logs/dag_id=air_quality/run_id=scheduled__2023-12-16T04:00:00+00:00/task_id=Create_Table permission to 509
[2023-12-28T16:55:07.387+0000] {logging_mixin.py:154} INFO - Failed to change /opt/***/logs/dag_id=air_quality/run_id=scheduled__2023-12-16T04:00:00+00:00/task_id=Create_Table permission to 509: [Errno 1] Operation not permitted: '/opt/***/logs/dag_id=air_quality/run_id=scheduled__2023-12-16T04:00:00+00:00/task_id=Create_Table'
[2023-12-28T16:55:07.561+0000] {logging_mixin.py:154} INFO - Changing /opt/***/logs/dag_id=air_quality/run_id=scheduled__2023-12-16T04:00:00+00:00/task_id=Create_Table permission to 509
[2023-12-28T16:55:07.562+0000] {logging_mixin.py:154} INFO - Failed to change /opt/***/logs/dag_id=air_quality/run_id=scheduled__2023-12-16T04:00:00+00:00/task_id=Create_Table permission to 509: [Errno 1] Operation not permitted: '/opt/***/logs/dag_id=air_quality/run_id=scheduled__2023-12-16T04:00:00+00:00/task_id=Create_Table'
[2023-12-28T16:55:07.778+0000] {taskinstance.py:1159} INFO - Dependencies all met for dep_context=non-requeueable deps ti=<TaskInstance: air_quality.Create_Table scheduled__2023-12-16T04:00:00+00:00 [queued]>
[2023-12-28T16:55:07.835+0000] {taskinstance.py:1159} INFO - Dependencies all met for dep_context=requeueable deps ti=<TaskInstance: air_quality.Create_Table scheduled__2023-12-16T04:00:00+00:00 [queued]>
[2023-12-28T16:55:07.847+0000] {taskinstance.py:1361} INFO - Starting attempt 1 of 2
[2023-12-28T16:55:07.951+0000] {taskinstance.py:1382} INFO - Executing <Task(PythonOperator): Create_Table> on 2023-12-16 04:00:00+00:00
[2023-12-28T16:55:07.964+0000] {standard_task_runner.py:57} INFO - Started process 1299 to run task
[2023-12-28T16:55:07.987+0000] {standard_task_runner.py:84} INFO - Running: ['***', 'tasks', 'run', 'air_quality', 'Create_Table', 'scheduled__2023-12-16T04:00:00+00:00', '--job-id', '1146', '--raw', '--subdir', 'DAGS_FOLDER/airQuality.py', '--cfg-path', '/tmp/tmp7p8xjm2q']
[2023-12-28T16:55:08.004+0000] {standard_task_runner.py:85} INFO - Job 1146: Subtask Create_Table
[2023-12-28T16:55:08.364+0000] {logging_mixin.py:154} INFO - Changing /opt/***/logs/dag_id=air_quality/run_id=scheduled__2023-12-16T04:00:00+00:00/task_id=Create_Table permission to 509
[2023-12-28T16:55:08.366+0000] {logging_mixin.py:154} INFO - Failed to change /opt/***/logs/dag_id=air_quality/run_id=scheduled__2023-12-16T04:00:00+00:00/task_id=Create_Table permission to 509: [Errno 1] Operation not permitted: '/opt/***/logs/dag_id=air_quality/run_id=scheduled__2023-12-16T04:00:00+00:00/task_id=Create_Table'
[2023-12-28T16:55:08.382+0000] {task_command.py:416} INFO - Running <TaskInstance: air_quality.Create_Table scheduled__2023-12-16T04:00:00+00:00 [running]> on host d67dd4682ccf
[2023-12-28T16:55:09.050+0000] {taskinstance.py:1662} INFO - Exporting env vars: AIRFLOW_CTX_DAG_OWNER='ghifari' AIRFLOW_CTX_DAG_ID='air_quality' AIRFLOW_CTX_TASK_ID='Create_Table' AIRFLOW_CTX_EXECUTION_DATE='2023-12-16T04:00:00+00:00' AIRFLOW_CTX_TRY_NUMBER='1' AIRFLOW_CTX_DAG_RUN_ID='scheduled__2023-12-16T04:00:00+00:00'
[2023-12-28T16:55:09.151+0000] {base.py:73} INFO - Using connection ID 'neonServerDB-Postgres' for task execution.
[2023-12-28T16:55:12.320+0000] {airQuality.py:139} INFO - Table air_quality Already Exist
[2023-12-28T16:55:12.401+0000] {python.py:194} INFO - Done. Returned value was: 
        CREATE TABLE air_quality (
            id serial primary key, 
            city varchar(250),
            country varchar(250), 
            unit varchar(20), 
            last_value float8, 
            lat float8,
            lng float8
        )
    
[2023-12-28T16:55:12.510+0000] {taskinstance.py:1400} INFO - Marking task as SUCCESS. dag_id=air_quality, task_id=Create_Table, execution_date=20231216T040000, start_date=20231228T165507, end_date=20231228T165512
[2023-12-28T16:55:12.967+0000] {local_task_job_runner.py:228} INFO - Task exited with return code 0
[2023-12-28T16:55:13.087+0000] {taskinstance.py:2778} INFO - 1 downstream tasks scheduled from follow-on schedule check
