[2023-12-28T16:08:43.493+0000] {logging_mixin.py:154} INFO - Changing /opt/***/logs/dag_id=air_quality/run_id=scheduled__2023-12-19T04:00:00+00:00/task_id=Extract permission to 509
[2023-12-28T16:08:43.543+0000] {logging_mixin.py:154} INFO - Failed to change /opt/***/logs/dag_id=air_quality/run_id=scheduled__2023-12-19T04:00:00+00:00/task_id=Extract permission to 509: [Errno 1] Operation not permitted: '/opt/***/logs/dag_id=air_quality/run_id=scheduled__2023-12-19T04:00:00+00:00/task_id=Extract'
[2023-12-28T16:08:43.688+0000] {logging_mixin.py:154} INFO - Changing /opt/***/logs/dag_id=air_quality/run_id=scheduled__2023-12-19T04:00:00+00:00/task_id=Extract permission to 509
[2023-12-28T16:08:43.691+0000] {logging_mixin.py:154} INFO - Failed to change /opt/***/logs/dag_id=air_quality/run_id=scheduled__2023-12-19T04:00:00+00:00/task_id=Extract permission to 509: [Errno 1] Operation not permitted: '/opt/***/logs/dag_id=air_quality/run_id=scheduled__2023-12-19T04:00:00+00:00/task_id=Extract'
[2023-12-28T16:08:44.206+0000] {taskinstance.py:1159} INFO - Dependencies all met for dep_context=non-requeueable deps ti=<TaskInstance: air_quality.Extract scheduled__2023-12-19T04:00:00+00:00 [queued]>
[2023-12-28T16:08:44.355+0000] {taskinstance.py:1159} INFO - Dependencies all met for dep_context=requeueable deps ti=<TaskInstance: air_quality.Extract scheduled__2023-12-19T04:00:00+00:00 [queued]>
[2023-12-28T16:08:44.357+0000] {taskinstance.py:1361} INFO - Starting attempt 1 of 2
[2023-12-28T16:08:44.720+0000] {taskinstance.py:1382} INFO - Executing <Task(PythonOperator): Extract> on 2023-12-19 04:00:00+00:00
[2023-12-28T16:08:44.736+0000] {standard_task_runner.py:57} INFO - Started process 477 to run task
[2023-12-28T16:08:44.749+0000] {standard_task_runner.py:84} INFO - Running: ['***', 'tasks', 'run', 'air_quality', 'Extract', 'scheduled__2023-12-19T04:00:00+00:00', '--job-id', '734', '--raw', '--subdir', 'DAGS_FOLDER/airQuality.py', '--cfg-path', '/tmp/tmplvfr9yth']
[2023-12-28T16:08:44.751+0000] {standard_task_runner.py:85} INFO - Job 734: Subtask Extract
[2023-12-28T16:08:44.990+0000] {logging_mixin.py:154} INFO - Changing /opt/***/logs/dag_id=air_quality/run_id=scheduled__2023-12-19T04:00:00+00:00/task_id=Extract permission to 509
[2023-12-28T16:08:44.991+0000] {logging_mixin.py:154} INFO - Failed to change /opt/***/logs/dag_id=air_quality/run_id=scheduled__2023-12-19T04:00:00+00:00/task_id=Extract permission to 509: [Errno 1] Operation not permitted: '/opt/***/logs/dag_id=air_quality/run_id=scheduled__2023-12-19T04:00:00+00:00/task_id=Extract'
[2023-12-28T16:08:44.999+0000] {task_command.py:416} INFO - Running <TaskInstance: air_quality.Extract scheduled__2023-12-19T04:00:00+00:00 [running]> on host d67dd4682ccf
[2023-12-28T16:08:45.665+0000] {taskinstance.py:1662} INFO - Exporting env vars: AIRFLOW_CTX_DAG_OWNER='ghifari' AIRFLOW_CTX_DAG_ID='air_quality' AIRFLOW_CTX_TASK_ID='Extract' AIRFLOW_CTX_EXECUTION_DATE='2023-12-19T04:00:00+00:00' AIRFLOW_CTX_TRY_NUMBER='1' AIRFLOW_CTX_DAG_RUN_ID='scheduled__2023-12-19T04:00:00+00:00'
[2023-12-28T16:08:47.768+0000] {python.py:194} INFO - Done. Returned value was: {'city': ['Jakarta'], 'country': ['ID'], 'unit': ['pm25'], 'last_value': [-999.0], 'lat': [-6.182536], 'lng': [106.834236]}
[2023-12-28T16:08:47.912+0000] {taskinstance.py:1400} INFO - Marking task as SUCCESS. dag_id=air_quality, task_id=Extract, execution_date=20231219T040000, start_date=20231228T160844, end_date=20231228T160847
[2023-12-28T16:08:48.242+0000] {local_task_job_runner.py:228} INFO - Task exited with return code 0
[2023-12-28T16:08:48.428+0000] {taskinstance.py:2778} INFO - 1 downstream tasks scheduled from follow-on schedule check
[2023-12-28T16:51:52.546+0000] {logging_mixin.py:154} INFO - Changing /opt/***/logs/dag_id=air_quality/run_id=scheduled__2023-12-19T04:00:00+00:00/task_id=Extract permission to 509
[2023-12-28T16:51:52.548+0000] {logging_mixin.py:154} INFO - Failed to change /opt/***/logs/dag_id=air_quality/run_id=scheduled__2023-12-19T04:00:00+00:00/task_id=Extract permission to 509: [Errno 1] Operation not permitted: '/opt/***/logs/dag_id=air_quality/run_id=scheduled__2023-12-19T04:00:00+00:00/task_id=Extract'
[2023-12-28T16:51:52.703+0000] {logging_mixin.py:154} INFO - Changing /opt/***/logs/dag_id=air_quality/run_id=scheduled__2023-12-19T04:00:00+00:00/task_id=Extract permission to 509
[2023-12-28T16:51:52.706+0000] {logging_mixin.py:154} INFO - Failed to change /opt/***/logs/dag_id=air_quality/run_id=scheduled__2023-12-19T04:00:00+00:00/task_id=Extract permission to 509: [Errno 1] Operation not permitted: '/opt/***/logs/dag_id=air_quality/run_id=scheduled__2023-12-19T04:00:00+00:00/task_id=Extract'
[2023-12-28T16:51:52.972+0000] {taskinstance.py:1159} INFO - Dependencies all met for dep_context=non-requeueable deps ti=<TaskInstance: air_quality.Extract scheduled__2023-12-19T04:00:00+00:00 [queued]>
[2023-12-28T16:51:53.019+0000] {taskinstance.py:1159} INFO - Dependencies all met for dep_context=requeueable deps ti=<TaskInstance: air_quality.Extract scheduled__2023-12-19T04:00:00+00:00 [queued]>
[2023-12-28T16:51:53.021+0000] {taskinstance.py:1361} INFO - Starting attempt 1 of 2
[2023-12-28T16:51:53.079+0000] {taskinstance.py:1382} INFO - Executing <Task(PythonOperator): Extract> on 2023-12-19 04:00:00+00:00
[2023-12-28T16:51:53.113+0000] {standard_task_runner.py:57} INFO - Started process 248 to run task
[2023-12-28T16:51:53.134+0000] {standard_task_runner.py:84} INFO - Running: ['***', 'tasks', 'run', 'air_quality', 'Extract', 'scheduled__2023-12-19T04:00:00+00:00', '--job-id', '869', '--raw', '--subdir', 'DAGS_FOLDER/airQuality.py', '--cfg-path', '/tmp/tmpw0q641o6']
[2023-12-28T16:51:53.159+0000] {standard_task_runner.py:85} INFO - Job 869: Subtask Extract
[2023-12-28T16:51:53.559+0000] {logging_mixin.py:154} INFO - Changing /opt/***/logs/dag_id=air_quality/run_id=scheduled__2023-12-19T04:00:00+00:00/task_id=Extract permission to 509
[2023-12-28T16:51:53.560+0000] {logging_mixin.py:154} INFO - Failed to change /opt/***/logs/dag_id=air_quality/run_id=scheduled__2023-12-19T04:00:00+00:00/task_id=Extract permission to 509: [Errno 1] Operation not permitted: '/opt/***/logs/dag_id=air_quality/run_id=scheduled__2023-12-19T04:00:00+00:00/task_id=Extract'
[2023-12-28T16:51:53.575+0000] {task_command.py:416} INFO - Running <TaskInstance: air_quality.Extract scheduled__2023-12-19T04:00:00+00:00 [running]> on host d67dd4682ccf
[2023-12-28T16:51:53.920+0000] {taskinstance.py:1662} INFO - Exporting env vars: AIRFLOW_CTX_DAG_OWNER='ghifari' AIRFLOW_CTX_DAG_ID='air_quality' AIRFLOW_CTX_TASK_ID='Extract' AIRFLOW_CTX_EXECUTION_DATE='2023-12-19T04:00:00+00:00' AIRFLOW_CTX_TRY_NUMBER='1' AIRFLOW_CTX_DAG_RUN_ID='scheduled__2023-12-19T04:00:00+00:00'
[2023-12-28T16:51:54.200+0000] {python.py:194} INFO - Done. Returned value was: {'city': ['Jakarta'], 'country': ['ID'], 'unit': ['o3'], 'last_value': [-0.999], 'lat': [-6.182536], 'lng': [106.834236]}
[2023-12-28T16:51:54.289+0000] {taskinstance.py:1400} INFO - Marking task as SUCCESS. dag_id=air_quality, task_id=Extract, execution_date=20231219T040000, start_date=20231228T165152, end_date=20231228T165154
[2023-12-28T16:51:54.376+0000] {local_task_job_runner.py:228} INFO - Task exited with return code 0
[2023-12-28T16:51:54.809+0000] {taskinstance.py:2778} INFO - 0 downstream tasks scheduled from follow-on schedule check
[2023-12-28T16:52:23.975+0000] {logging_mixin.py:154} INFO - Changing /opt/***/logs/dag_id=air_quality/run_id=scheduled__2023-12-19T04:00:00+00:00/task_id=Extract permission to 509
[2023-12-28T16:52:23.978+0000] {logging_mixin.py:154} INFO - Failed to change /opt/***/logs/dag_id=air_quality/run_id=scheduled__2023-12-19T04:00:00+00:00/task_id=Extract permission to 509: [Errno 1] Operation not permitted: '/opt/***/logs/dag_id=air_quality/run_id=scheduled__2023-12-19T04:00:00+00:00/task_id=Extract'
[2023-12-28T16:52:24.108+0000] {logging_mixin.py:154} INFO - Changing /opt/***/logs/dag_id=air_quality/run_id=scheduled__2023-12-19T04:00:00+00:00/task_id=Extract permission to 509
[2023-12-28T16:52:24.109+0000] {logging_mixin.py:154} INFO - Failed to change /opt/***/logs/dag_id=air_quality/run_id=scheduled__2023-12-19T04:00:00+00:00/task_id=Extract permission to 509: [Errno 1] Operation not permitted: '/opt/***/logs/dag_id=air_quality/run_id=scheduled__2023-12-19T04:00:00+00:00/task_id=Extract'
[2023-12-28T16:52:24.225+0000] {taskinstance.py:1159} INFO - Dependencies all met for dep_context=non-requeueable deps ti=<TaskInstance: air_quality.Extract scheduled__2023-12-19T04:00:00+00:00 [queued]>
[2023-12-28T16:52:24.274+0000] {taskinstance.py:1159} INFO - Dependencies all met for dep_context=requeueable deps ti=<TaskInstance: air_quality.Extract scheduled__2023-12-19T04:00:00+00:00 [queued]>
[2023-12-28T16:52:24.275+0000] {taskinstance.py:1361} INFO - Starting attempt 1 of 2
[2023-12-28T16:52:24.334+0000] {taskinstance.py:1382} INFO - Executing <Task(PythonOperator): Extract> on 2023-12-19 04:00:00+00:00
[2023-12-28T16:52:24.362+0000] {standard_task_runner.py:57} INFO - Started process 510 to run task
[2023-12-28T16:52:24.373+0000] {standard_task_runner.py:84} INFO - Running: ['***', 'tasks', 'run', 'air_quality', 'Extract', 'scheduled__2023-12-19T04:00:00+00:00', '--job-id', '946', '--raw', '--subdir', 'DAGS_FOLDER/airQuality.py', '--cfg-path', '/tmp/tmpiunyxw7v']
[2023-12-28T16:52:24.377+0000] {standard_task_runner.py:85} INFO - Job 946: Subtask Extract
[2023-12-28T16:52:24.609+0000] {logging_mixin.py:154} INFO - Changing /opt/***/logs/dag_id=air_quality/run_id=scheduled__2023-12-19T04:00:00+00:00/task_id=Extract permission to 509
[2023-12-28T16:52:24.611+0000] {logging_mixin.py:154} INFO - Failed to change /opt/***/logs/dag_id=air_quality/run_id=scheduled__2023-12-19T04:00:00+00:00/task_id=Extract permission to 509: [Errno 1] Operation not permitted: '/opt/***/logs/dag_id=air_quality/run_id=scheduled__2023-12-19T04:00:00+00:00/task_id=Extract'
[2023-12-28T16:52:24.616+0000] {task_command.py:416} INFO - Running <TaskInstance: air_quality.Extract scheduled__2023-12-19T04:00:00+00:00 [running]> on host d67dd4682ccf
[2023-12-28T16:52:24.954+0000] {taskinstance.py:1662} INFO - Exporting env vars: AIRFLOW_CTX_DAG_OWNER='ghifari' AIRFLOW_CTX_DAG_ID='air_quality' AIRFLOW_CTX_TASK_ID='Extract' AIRFLOW_CTX_EXECUTION_DATE='2023-12-19T04:00:00+00:00' AIRFLOW_CTX_TRY_NUMBER='1' AIRFLOW_CTX_DAG_RUN_ID='scheduled__2023-12-19T04:00:00+00:00'
[2023-12-28T16:52:25.110+0000] {python.py:194} INFO - Done. Returned value was: {'city': ['Jakarta'], 'country': ['ID'], 'unit': ['o3'], 'last_value': [-0.999], 'lat': [-6.182536], 'lng': [106.834236]}
[2023-12-28T16:52:25.242+0000] {taskinstance.py:1400} INFO - Marking task as SUCCESS. dag_id=air_quality, task_id=Extract, execution_date=20231219T040000, start_date=20231228T165224, end_date=20231228T165225
[2023-12-28T16:52:25.347+0000] {local_task_job_runner.py:228} INFO - Task exited with return code 0
[2023-12-28T16:52:25.644+0000] {taskinstance.py:2778} INFO - 0 downstream tasks scheduled from follow-on schedule check
[2023-12-28T16:54:52.678+0000] {logging_mixin.py:154} INFO - Changing /opt/***/logs/dag_id=air_quality/run_id=scheduled__2023-12-19T04:00:00+00:00/task_id=Extract permission to 509
[2023-12-28T16:54:52.682+0000] {logging_mixin.py:154} INFO - Failed to change /opt/***/logs/dag_id=air_quality/run_id=scheduled__2023-12-19T04:00:00+00:00/task_id=Extract permission to 509: [Errno 1] Operation not permitted: '/opt/***/logs/dag_id=air_quality/run_id=scheduled__2023-12-19T04:00:00+00:00/task_id=Extract'
[2023-12-28T16:54:52.883+0000] {logging_mixin.py:154} INFO - Changing /opt/***/logs/dag_id=air_quality/run_id=scheduled__2023-12-19T04:00:00+00:00/task_id=Extract permission to 509
[2023-12-28T16:54:52.886+0000] {logging_mixin.py:154} INFO - Failed to change /opt/***/logs/dag_id=air_quality/run_id=scheduled__2023-12-19T04:00:00+00:00/task_id=Extract permission to 509: [Errno 1] Operation not permitted: '/opt/***/logs/dag_id=air_quality/run_id=scheduled__2023-12-19T04:00:00+00:00/task_id=Extract'
[2023-12-28T16:54:53.075+0000] {taskinstance.py:1159} INFO - Dependencies all met for dep_context=non-requeueable deps ti=<TaskInstance: air_quality.Extract scheduled__2023-12-19T04:00:00+00:00 [queued]>
[2023-12-28T16:54:53.116+0000] {taskinstance.py:1159} INFO - Dependencies all met for dep_context=requeueable deps ti=<TaskInstance: air_quality.Extract scheduled__2023-12-19T04:00:00+00:00 [queued]>
[2023-12-28T16:54:53.123+0000] {taskinstance.py:1361} INFO - Starting attempt 1 of 2
[2023-12-28T16:54:53.209+0000] {taskinstance.py:1382} INFO - Executing <Task(PythonOperator): Extract> on 2023-12-19 04:00:00+00:00
[2023-12-28T16:54:53.218+0000] {standard_task_runner.py:57} INFO - Started process 1228 to run task
[2023-12-28T16:54:53.234+0000] {standard_task_runner.py:84} INFO - Running: ['***', 'tasks', 'run', 'air_quality', 'Extract', 'scheduled__2023-12-19T04:00:00+00:00', '--job-id', '1119', '--raw', '--subdir', 'DAGS_FOLDER/airQuality.py', '--cfg-path', '/tmp/tmpanrl10va']
[2023-12-28T16:54:53.240+0000] {standard_task_runner.py:85} INFO - Job 1119: Subtask Extract
[2023-12-28T16:54:53.469+0000] {logging_mixin.py:154} INFO - Changing /opt/***/logs/dag_id=air_quality/run_id=scheduled__2023-12-19T04:00:00+00:00/task_id=Extract permission to 509
[2023-12-28T16:54:53.479+0000] {logging_mixin.py:154} INFO - Failed to change /opt/***/logs/dag_id=air_quality/run_id=scheduled__2023-12-19T04:00:00+00:00/task_id=Extract permission to 509: [Errno 1] Operation not permitted: '/opt/***/logs/dag_id=air_quality/run_id=scheduled__2023-12-19T04:00:00+00:00/task_id=Extract'
[2023-12-28T16:54:53.489+0000] {task_command.py:416} INFO - Running <TaskInstance: air_quality.Extract scheduled__2023-12-19T04:00:00+00:00 [running]> on host d67dd4682ccf
[2023-12-28T16:54:54.217+0000] {taskinstance.py:1662} INFO - Exporting env vars: AIRFLOW_CTX_DAG_OWNER='ghifari' AIRFLOW_CTX_DAG_ID='air_quality' AIRFLOW_CTX_TASK_ID='Extract' AIRFLOW_CTX_EXECUTION_DATE='2023-12-19T04:00:00+00:00' AIRFLOW_CTX_TRY_NUMBER='1' AIRFLOW_CTX_DAG_RUN_ID='scheduled__2023-12-19T04:00:00+00:00'
[2023-12-28T16:54:54.448+0000] {python.py:194} INFO - Done. Returned value was: {'city': ['Jakarta'], 'country': ['ID'], 'unit': ['o3'], 'last_value': [-0.999], 'lat': [-6.182536], 'lng': [106.834236]}
[2023-12-28T16:54:54.558+0000] {taskinstance.py:1400} INFO - Marking task as SUCCESS. dag_id=air_quality, task_id=Extract, execution_date=20231219T040000, start_date=20231228T165453, end_date=20231228T165454
[2023-12-28T16:54:54.839+0000] {local_task_job_runner.py:228} INFO - Task exited with return code 0
[2023-12-28T16:54:55.245+0000] {taskinstance.py:2778} INFO - 1 downstream tasks scheduled from follow-on schedule check
