[2023-12-17T09:40:35.801+0000] {logging_mixin.py:154} INFO - Changing /opt/***/logs/dag_id=air_quality/run_id=manual__2023-12-17T09:40:31.955319+00:00/task_id=Check_Response permission to 509
[2023-12-17T09:40:35.803+0000] {logging_mixin.py:154} INFO - Failed to change /opt/***/logs/dag_id=air_quality/run_id=manual__2023-12-17T09:40:31.955319+00:00/task_id=Check_Response permission to 509: [Errno 1] Operation not permitted: '/opt/***/logs/dag_id=air_quality/run_id=manual__2023-12-17T09:40:31.955319+00:00/task_id=Check_Response'
[2023-12-17T09:40:35.839+0000] {logging_mixin.py:154} INFO - Changing /opt/***/logs/dag_id=air_quality/run_id=manual__2023-12-17T09:40:31.955319+00:00/task_id=Check_Response permission to 509
[2023-12-17T09:40:35.840+0000] {logging_mixin.py:154} INFO - Failed to change /opt/***/logs/dag_id=air_quality/run_id=manual__2023-12-17T09:40:31.955319+00:00/task_id=Check_Response permission to 509: [Errno 1] Operation not permitted: '/opt/***/logs/dag_id=air_quality/run_id=manual__2023-12-17T09:40:31.955319+00:00/task_id=Check_Response'
[2023-12-17T09:40:35.877+0000] {taskinstance.py:1159} INFO - Dependencies all met for dep_context=non-requeueable deps ti=<TaskInstance: air_quality.Check_Response manual__2023-12-17T09:40:31.955319+00:00 [queued]>
[2023-12-17T09:40:35.890+0000] {taskinstance.py:1159} INFO - Dependencies all met for dep_context=requeueable deps ti=<TaskInstance: air_quality.Check_Response manual__2023-12-17T09:40:31.955319+00:00 [queued]>
[2023-12-17T09:40:35.891+0000] {taskinstance.py:1361} INFO - Starting attempt 1 of 2
[2023-12-17T09:40:35.910+0000] {taskinstance.py:1382} INFO - Executing <Task(BranchPythonOperator): Check_Response> on 2023-12-17 09:40:31.955319+00:00
[2023-12-17T09:40:35.914+0000] {standard_task_runner.py:57} INFO - Started process 424 to run task
[2023-12-17T09:40:35.918+0000] {standard_task_runner.py:84} INFO - Running: ['***', 'tasks', 'run', 'air_quality', 'Check_Response', 'manual__2023-12-17T09:40:31.955319+00:00', '--job-id', '255', '--raw', '--subdir', 'DAGS_FOLDER/airQuality.py', '--cfg-path', '/tmp/tmpjb0ilob2']
[2023-12-17T09:40:35.919+0000] {standard_task_runner.py:85} INFO - Job 255: Subtask Check_Response
[2023-12-17T09:40:35.978+0000] {logging_mixin.py:154} INFO - Changing /opt/***/logs/dag_id=air_quality/run_id=manual__2023-12-17T09:40:31.955319+00:00/task_id=Check_Response permission to 509
[2023-12-17T09:40:35.978+0000] {logging_mixin.py:154} INFO - Failed to change /opt/***/logs/dag_id=air_quality/run_id=manual__2023-12-17T09:40:31.955319+00:00/task_id=Check_Response permission to 509: [Errno 1] Operation not permitted: '/opt/***/logs/dag_id=air_quality/run_id=manual__2023-12-17T09:40:31.955319+00:00/task_id=Check_Response'
[2023-12-17T09:40:35.981+0000] {task_command.py:416} INFO - Running <TaskInstance: air_quality.Check_Response manual__2023-12-17T09:40:31.955319+00:00 [running]> on host 1a58977f5573
[2023-12-17T09:40:36.088+0000] {taskinstance.py:1662} INFO - Exporting env vars: AIRFLOW_CTX_DAG_OWNER='ghifari' AIRFLOW_CTX_DAG_ID='air_quality' AIRFLOW_CTX_TASK_ID='Check_Response' AIRFLOW_CTX_EXECUTION_DATE='2023-12-17T09:40:31.955319+00:00' AIRFLOW_CTX_TRY_NUMBER='1' AIRFLOW_CTX_DAG_RUN_ID='manual__2023-12-17T09:40:31.955319+00:00'
[2023-12-17T09:40:36.106+0000] {airQuality.py:184} INFO - Data Found: {'city': ['Jakarta'], 'country': ['ID'], 'unit': ['pm25'], 'last_value': [-999.0], 'lat': [-6.182536], 'lng': [106.834236]}
[2023-12-17T09:40:36.107+0000] {python.py:194} INFO - Done. Returned value was: Transform
[2023-12-17T09:40:36.107+0000] {python.py:227} INFO - Branch callable return Transform
[2023-12-17T09:40:36.108+0000] {skipmixin.py:173} INFO - Following branch Transform
[2023-12-17T09:40:36.132+0000] {skipmixin.py:239} INFO - Skipping tasks [('Error_Response', -1)]
[2023-12-17T09:40:36.187+0000] {taskinstance.py:1400} INFO - Marking task as SUCCESS. dag_id=air_quality, task_id=Check_Response, execution_date=20231217T094031, start_date=20231217T094035, end_date=20231217T094036
[2023-12-17T09:40:36.211+0000] {local_task_job_runner.py:228} INFO - Task exited with return code 0
[2023-12-17T09:40:36.260+0000] {taskinstance.py:2778} INFO - 1 downstream tasks scheduled from follow-on schedule check
